[INFO] Scanning for projects...
[INFO] ------------------------------------------------------------------------
[INFO] Detecting the operating system and CPU architecture
[INFO] ------------------------------------------------------------------------
[INFO] os.detected.name: linux
[INFO] os.detected.arch: x86_64
[INFO] os.detected.version: 5.0
[INFO] os.detected.version.major: 5
[INFO] os.detected.version.minor: 0
[INFO] os.detected.release: centos
[INFO] os.detected.release.version: 7
[INFO] os.detected.release.like.centos: true
[INFO] os.detected.release.like.rhel: true
[INFO] os.detected.release.like.fedora: true
[INFO] os.detected.classifier: linux-x86_64
[INFO] ------------------------------------------------------------------------
[INFO] Reactor Build Order:
[INFO] 
[INFO] Apache Hadoop Ozone Main                                           [pom]
[INFO] Apache Hadoop HDDS                                                 [pom]
[INFO] Apache Hadoop HDDS Hadoop Client dependencies                      [jar]
[INFO] Apache Hadoop HDDS Hadoop Test dependencies                        [jar]
[INFO] Apache Hadoop HDDS Hadoop Server dependencies                      [jar]
[INFO] Apache Hadoop HDDS Test Utils                                      [jar]
[INFO] Apache Hadoop HDDS Config                                          [jar]
[INFO] Apache Hadoop HDDS Common                                          [jar]
[INFO] Apache Hadoop HDDS Client                                          [jar]
[INFO] Apache Hadoop HDDS Server Framework                                [jar]
[INFO] Apache Hadoop HDDS Container Service                               [jar]
[INFO] Apache Hadoop HDDS/Ozone Documentation                             [jar]
[INFO] Apache Hadoop HDDS SCM Server                                      [jar]
[INFO] Apache Hadoop HDDS Tools                                           [jar]
[INFO] Apache Hadoop Ozone                                                [pom]
[INFO] Apache Hadoop Ozone Common                                         [jar]
[INFO] Apache Hadoop Ozone Client                                         [jar]
[INFO] Apache Hadoop Ozone Manager Server                                 [jar]
[INFO] Apache Hadoop Ozone FileSystem                                     [jar]
[INFO] Apache Hadoop Ozone Tools                                          [jar]
[INFO] Apache Hadoop Ozone S3 Gateway                                     [jar]
[INFO] Apache Hadoop Ozone CSI service                                    [jar]
[INFO] Apache Hadoop Ozone Recon CodeGen                                  [jar]
[INFO] Apache Hadoop Ozone Recon                                          [jar]
[INFO] Apache Hadoop Ozone Datanode                                       [jar]
[INFO] Apache Hadoop Ozone In-Place Upgrade                               [jar]
[INFO] Apache Hadoop Ozone Insight Tool                                   [jar]
[INFO] Apache Hadoop Ozone Distribution                                   [pom]
[INFO] Apache Hadoop Ozone Fault Injection Tests                          [pom]
[INFO] Apache Hadoop Ozone Network Tests                                  [jar]
[INFO] 
[INFO] ----------------< org.apache.hadoop:hadoop-main-ozone >-----------------
[INFO] Building Apache Hadoop Ozone Main 0.6.0-SNAPSHOT                  [1/30]
[INFO] --------------------------------[ pom ]---------------------------------
[INFO] 
[INFO] --- maven-antrun-plugin:1.3:run (create-testdirs) @ hadoop-main-ozone ---
[INFO] Executing tasks
[INFO] Executed tasks
[INFO] 
[INFO] --- jacoco-maven-plugin:0.8.3:prepare-agent (default-prepare-agent) @ hadoop-main-ozone ---
[INFO] argLine set to -javaagent:/home/user/.m2/repository/org/jacoco/org.jacoco.agent/0.8.3/org.jacoco.agent-0.8.3-runtime.jar=destfile=/github/workspace/target/jacoco.exec
[INFO] 
[INFO] --- maven-remote-resources-plugin:1.5:process (default) @ hadoop-main-ozone ---
[INFO] 
[INFO] -------------------< org.apache.hadoop:hadoop-hdds >--------------------
[INFO] Building Apache Hadoop HDDS 0.6.0-SNAPSHOT                        [2/30]
[INFO] --------------------------------[ pom ]---------------------------------
[INFO] 
[INFO] --- maven-antrun-plugin:1.3:run (create-testdirs) @ hadoop-hdds ---
[INFO] Executing tasks
[INFO] Executed tasks
[INFO] 
[INFO] --- jacoco-maven-plugin:0.8.3:prepare-agent (default-prepare-agent) @ hadoop-hdds ---
[INFO] argLine set to -javaagent:/home/user/.m2/repository/org/jacoco/org.jacoco.agent/0.8.3/org.jacoco.agent-0.8.3-runtime.jar=destfile=/github/workspace/hadoop-hdds/target/jacoco.exec
[INFO] 
[INFO] --- maven-remote-resources-plugin:1.5:process (default) @ hadoop-hdds ---
[INFO] 
[INFO] -------< org.apache.hadoop:hadoop-hdds-hadoop-dependency-client >-------
[INFO] Building Apache Hadoop HDDS Hadoop Client dependencies 0.6.0-SNAPSHOT [3/30]
[INFO] --------------------------------[ jar ]---------------------------------
[INFO] 
[INFO] --- maven-antrun-plugin:1.3:run (create-testdirs) @ hadoop-hdds-hadoop-dependency-client ---
[INFO] Executing tasks
[INFO] Executed tasks
[INFO] 
[INFO] --- jacoco-maven-plugin:0.8.3:prepare-agent (default-prepare-agent) @ hadoop-hdds-hadoop-dependency-client ---
[INFO] argLine set to -javaagent:/home/user/.m2/repository/org/jacoco/org.jacoco.agent/0.8.3/org.jacoco.agent-0.8.3-runtime.jar=destfile=/github/workspace/hadoop-hdds/hadoop-dependency-client/target/jacoco.exec
[INFO] 
[INFO] --- maven-remote-resources-plugin:1.5:process (default) @ hadoop-hdds-hadoop-dependency-client ---
[INFO] 
[INFO] --- maven-resources-plugin:2.6:resources (default-resources) @ hadoop-hdds-hadoop-dependency-client ---
[INFO] Using 'UTF-8' encoding to copy filtered resources.
[INFO] skip non existing resourceDirectory /github/workspace/hadoop-hdds/hadoop-dependency-client/src/main/resources
[INFO] Copying 2 resources
[INFO] 
[INFO] --- maven-compiler-plugin:3.1:compile (default-compile) @ hadoop-hdds-hadoop-dependency-client ---
[INFO] No sources to compile
[INFO] 
[INFO] --- maven-resources-plugin:2.6:testResources (default-testResources) @ hadoop-hdds-hadoop-dependency-client ---
[INFO] Using 'UTF-8' encoding to copy filtered resources.
[INFO] skip non existing resourceDirectory /github/workspace/hadoop-hdds/hadoop-dependency-client/src/test/resources
[INFO] Copying 2 resources
[INFO] 
[INFO] --- maven-compiler-plugin:3.1:testCompile (default-testCompile) @ hadoop-hdds-hadoop-dependency-client ---
[INFO] No sources to compile
[INFO] 
[INFO] --- maven-surefire-plugin:3.0.0-M1:test (default-test) @ hadoop-hdds-hadoop-dependency-client ---
[INFO] 
[INFO] --------< org.apache.hadoop:hadoop-hdds-hadoop-dependency-test >--------
[INFO] Building Apache Hadoop HDDS Hadoop Test dependencies 0.6.0-SNAPSHOT [4/30]
[INFO] --------------------------------[ jar ]---------------------------------
[INFO] 
[INFO] --- maven-antrun-plugin:1.3:run (create-testdirs) @ hadoop-hdds-hadoop-dependency-test ---
[INFO] Executing tasks
[INFO] Executed tasks
[INFO] 
[INFO] --- jacoco-maven-plugin:0.8.3:prepare-agent (default-prepare-agent) @ hadoop-hdds-hadoop-dependency-test ---
[INFO] argLine set to -javaagent:/home/user/.m2/repository/org/jacoco/org.jacoco.agent/0.8.3/org.jacoco.agent-0.8.3-runtime.jar=destfile=/github/workspace/hadoop-hdds/hadoop-dependency-test/target/jacoco.exec
[INFO] 
[INFO] --- maven-remote-resources-plugin:1.5:process (default) @ hadoop-hdds-hadoop-dependency-test ---
[INFO] 
[INFO] --- maven-resources-plugin:2.6:resources (default-resources) @ hadoop-hdds-hadoop-dependency-test ---
[INFO] Using 'UTF-8' encoding to copy filtered resources.
[INFO] skip non existing resourceDirectory /github/workspace/hadoop-hdds/hadoop-dependency-test/src/main/resources
[INFO] Copying 2 resources
[INFO] 
[INFO] --- maven-compiler-plugin:3.1:compile (default-compile) @ hadoop-hdds-hadoop-dependency-test ---
[INFO] No sources to compile
[INFO] 
[INFO] --- maven-resources-plugin:2.6:testResources (default-testResources) @ hadoop-hdds-hadoop-dependency-test ---
[INFO] Using 'UTF-8' encoding to copy filtered resources.
[INFO] skip non existing resourceDirectory /github/workspace/hadoop-hdds/hadoop-dependency-test/src/test/resources
[INFO] Copying 2 resources
[INFO] 
[INFO] --- maven-compiler-plugin:3.1:testCompile (default-testCompile) @ hadoop-hdds-hadoop-dependency-test ---
[INFO] No sources to compile
[INFO] 
[INFO] --- maven-surefire-plugin:3.0.0-M1:test (default-test) @ hadoop-hdds-hadoop-dependency-test ---
[INFO] 
[INFO] -------< org.apache.hadoop:hadoop-hdds-hadoop-dependency-server >-------
[INFO] Building Apache Hadoop HDDS Hadoop Server dependencies 0.6.0-SNAPSHOT [5/30]
[INFO] --------------------------------[ jar ]---------------------------------
[INFO] 
[INFO] --- maven-antrun-plugin:1.3:run (create-testdirs) @ hadoop-hdds-hadoop-dependency-server ---
[INFO] Executing tasks
[INFO] Executed tasks
[INFO] 
[INFO] --- jacoco-maven-plugin:0.8.3:prepare-agent (default-prepare-agent) @ hadoop-hdds-hadoop-dependency-server ---
[INFO] argLine set to -javaagent:/home/user/.m2/repository/org/jacoco/org.jacoco.agent/0.8.3/org.jacoco.agent-0.8.3-runtime.jar=destfile=/github/workspace/hadoop-hdds/hadoop-dependency-server/target/jacoco.exec
[INFO] 
[INFO] --- maven-remote-resources-plugin:1.5:process (default) @ hadoop-hdds-hadoop-dependency-server ---
[INFO] 
[INFO] --- maven-resources-plugin:2.6:resources (default-resources) @ hadoop-hdds-hadoop-dependency-server ---
[INFO] Using 'UTF-8' encoding to copy filtered resources.
[INFO] skip non existing resourceDirectory /github/workspace/hadoop-hdds/hadoop-dependency-server/src/main/resources
[INFO] Copying 2 resources
[INFO] 
[INFO] --- maven-compiler-plugin:3.1:compile (default-compile) @ hadoop-hdds-hadoop-dependency-server ---
[INFO] No sources to compile
[INFO] 
[INFO] --- maven-resources-plugin:2.6:testResources (default-testResources) @ hadoop-hdds-hadoop-dependency-server ---
[INFO] Using 'UTF-8' encoding to copy filtered resources.
[INFO] skip non existing resourceDirectory /github/workspace/hadoop-hdds/hadoop-dependency-server/src/test/resources
[INFO] Copying 2 resources
[INFO] 
[INFO] --- maven-compiler-plugin:3.1:testCompile (default-testCompile) @ hadoop-hdds-hadoop-dependency-server ---
[INFO] No sources to compile
[INFO] 
[INFO] --- maven-surefire-plugin:3.0.0-M1:test (default-test) @ hadoop-hdds-hadoop-dependency-server ---
[INFO] 
[INFO] --------------< org.apache.hadoop:hadoop-hdds-test-utils >--------------
[INFO] Building Apache Hadoop HDDS Test Utils 0.6.0-SNAPSHOT             [6/30]
[INFO] --------------------------------[ jar ]---------------------------------
[INFO] 
[INFO] --- maven-antrun-plugin:1.3:run (create-testdirs) @ hadoop-hdds-test-utils ---
[INFO] Executing tasks
[INFO] Executed tasks
[INFO] 
[INFO] --- jacoco-maven-plugin:0.8.3:prepare-agent (default-prepare-agent) @ hadoop-hdds-test-utils ---
[INFO] argLine set to -javaagent:/home/user/.m2/repository/org/jacoco/org.jacoco.agent/0.8.3/org.jacoco.agent-0.8.3-runtime.jar=destfile=/github/workspace/hadoop-hdds/test-utils/target/jacoco.exec
[INFO] 
[INFO] --- maven-remote-resources-plugin:1.5:process (default) @ hadoop-hdds-test-utils ---
[INFO] 
[INFO] --- maven-resources-plugin:2.6:resources (default-resources) @ hadoop-hdds-test-utils ---
[INFO] Using 'UTF-8' encoding to copy filtered resources.
[INFO] skip non existing resourceDirectory /github/workspace/hadoop-hdds/test-utils/src/main/resources
[INFO] Copying 2 resources
[INFO] 
[INFO] --- maven-compiler-plugin:3.1:compile (default-compile) @ hadoop-hdds-test-utils ---
[INFO] Compiling 4 source files to /github/workspace/hadoop-hdds/test-utils/target/classes
[WARNING] /github/workspace/hadoop-hdds/test-utils/src/main/java/org/apache/hadoop/test/LambdaTestUtils.java: /github/workspace/hadoop-hdds/test-utils/src/main/java/org/apache/hadoop/test/LambdaTestUtils.java uses unchecked or unsafe operations.
[WARNING] /github/workspace/hadoop-hdds/test-utils/src/main/java/org/apache/hadoop/test/LambdaTestUtils.java: Recompile with -Xlint:unchecked for details.
[INFO] 
[INFO] --- maven-resources-plugin:2.6:testResources (default-testResources) @ hadoop-hdds-test-utils ---
[INFO] Using 'UTF-8' encoding to copy filtered resources.
[INFO] skip non existing resourceDirectory /github/workspace/hadoop-hdds/test-utils/src/test/resources
[INFO] Copying 2 resources
[INFO] 
[INFO] --- maven-compiler-plugin:3.1:testCompile (default-testCompile) @ hadoop-hdds-test-utils ---
[INFO] No sources to compile
[INFO] 
[INFO] --- maven-surefire-plugin:3.0.0-M1:test (default-test) @ hadoop-hdds-test-utils ---
[INFO] 
[INFO] ----------------< org.apache.hadoop:hadoop-hdds-config >----------------
[INFO] Building Apache Hadoop HDDS Config 0.6.0-SNAPSHOT                 [7/30]
[INFO] --------------------------------[ jar ]---------------------------------
[INFO] 
[INFO] --- maven-antrun-plugin:1.3:run (create-testdirs) @ hadoop-hdds-config ---
[INFO] Executing tasks
[INFO] Executed tasks
[INFO] 
[INFO] --- jacoco-maven-plugin:0.8.3:prepare-agent (default-prepare-agent) @ hadoop-hdds-config ---
[INFO] argLine set to -javaagent:/home/user/.m2/repository/org/jacoco/org.jacoco.agent/0.8.3/org.jacoco.agent-0.8.3-runtime.jar=destfile=/github/workspace/hadoop-hdds/config/target/jacoco.exec
[INFO] 
[INFO] --- maven-remote-resources-plugin:1.5:process (default) @ hadoop-hdds-config ---
[INFO] 
[INFO] --- maven-resources-plugin:2.6:resources (default-resources) @ hadoop-hdds-config ---
[INFO] Using 'UTF-8' encoding to copy filtered resources.
[INFO] skip non existing resourceDirectory /github/workspace/hadoop-hdds/config/src/main/resources
[INFO] Copying 2 resources
[INFO] 
[INFO] --- maven-compiler-plugin:3.1:compile (default-compile) @ hadoop-hdds-config ---
[INFO] Compiling 13 source files to /github/workspace/hadoop-hdds/config/target/classes
[INFO] 
[INFO] --- maven-resources-plugin:2.6:testResources (default-testResources) @ hadoop-hdds-config ---
[INFO] Using 'UTF-8' encoding to copy filtered resources.
[INFO] Copying 1 resource
[INFO] Copying 2 resources
[INFO] 
[INFO] --- maven-compiler-plugin:3.1:testCompile (default-testCompile) @ hadoop-hdds-config ---
[INFO] Compiling 6 source files to /github/workspace/hadoop-hdds/config/target/test-classes
[INFO] 
[INFO] --- maven-surefire-plugin:3.0.0-M1:test (default-test) @ hadoop-hdds-config ---
[INFO] Downloading from apache.snapshots.https: https://repository.apache.org/content/repositories/snapshots/org/apache/maven/surefire/surefire-junit4/3.0.0-M1/surefire-junit4-3.0.0-M1.jar
[INFO] Downloading from central: https://repo.maven.apache.org/maven2/org/apache/maven/surefire/surefire-junit4/3.0.0-M1/surefire-junit4-3.0.0-M1.jar
[INFO] Downloaded from central: https://repo.maven.apache.org/maven2/org/apache/maven/surefire/surefire-junit4/3.0.0-M1/surefire-junit4-3.0.0-M1.jar (17 kB at 242 kB/s)
[INFO] Downloading from apache.snapshots.https: https://repository.apache.org/content/repositories/snapshots/org/apache/maven/surefire/surefire-junit4/3.0.0-M1/surefire-junit4-3.0.0-M1.pom
[INFO] Downloading from central: https://repo.maven.apache.org/maven2/org/apache/maven/surefire/surefire-junit4/3.0.0-M1/surefire-junit4-3.0.0-M1.pom
[INFO] Downloaded from central: https://repo.maven.apache.org/maven2/org/apache/maven/surefire/surefire-junit4/3.0.0-M1/surefire-junit4-3.0.0-M1.pom (1.7 kB at 70 kB/s)
[INFO] Downloading from apache.snapshots.https: https://repository.apache.org/content/repositories/snapshots/org/apache/maven/surefire/surefire-providers/3.0.0-M1/surefire-providers-3.0.0-M1.pom
[INFO] Downloading from central: https://repo.maven.apache.org/maven2/org/apache/maven/surefire/surefire-providers/3.0.0-M1/surefire-providers-3.0.0-M1.pom
[INFO] Downloaded from central: https://repo.maven.apache.org/maven2/org/apache/maven/surefire/surefire-providers/3.0.0-M1/surefire-providers-3.0.0-M1.pom (2.5 kB at 115 kB/s)
[INFO] Downloading from apache.snapshots.https: https://repository.apache.org/content/repositories/snapshots/org/apache/maven/surefire/common-junit4/3.0.0-M1/common-junit4-3.0.0-M1.pom
[INFO] Downloading from central: https://repo.maven.apache.org/maven2/org/apache/maven/surefire/common-junit4/3.0.0-M1/common-junit4-3.0.0-M1.pom
[INFO] Downloaded from central: https://repo.maven.apache.org/maven2/org/apache/maven/surefire/common-junit4/3.0.0-M1/common-junit4-3.0.0-M1.pom (2.1 kB at 71 kB/s)
[INFO] Downloading from apache.snapshots.https: https://repository.apache.org/content/repositories/snapshots/org/apache/maven/surefire/common-junit3/3.0.0-M1/common-junit3-3.0.0-M1.pom
[INFO] Downloading from central: https://repo.maven.apache.org/maven2/org/apache/maven/surefire/common-junit3/3.0.0-M1/common-junit3-3.0.0-M1.pom
[INFO] Downloaded from central: https://repo.maven.apache.org/maven2/org/apache/maven/surefire/common-junit3/3.0.0-M1/common-junit3-3.0.0-M1.pom (1.6 kB at 49 kB/s)
[INFO] Downloading from apache.snapshots.https: https://repository.apache.org/content/repositories/snapshots/org/apache/maven/surefire/common-java5/3.0.0-M1/common-java5-3.0.0-M1.pom
[INFO] Downloading from central: https://repo.maven.apache.org/maven2/org/apache/maven/surefire/common-java5/3.0.0-M1/common-java5-3.0.0-M1.pom
[INFO] Downloaded from central: https://repo.maven.apache.org/maven2/org/apache/maven/surefire/common-java5/3.0.0-M1/common-java5-3.0.0-M1.pom (3.1 kB at 102 kB/s)
[INFO] Downloading from apache.snapshots.https: https://repository.apache.org/content/repositories/snapshots/org/apache/maven/surefire/common-java5/3.0.0-M1/common-java5-3.0.0-M1.jar
[INFO] Downloading from apache.snapshots.https: https://repository.apache.org/content/repositories/snapshots/org/apache/maven/surefire/common-junit4/3.0.0-M1/common-junit4-3.0.0-M1.jar
[INFO] Downloading from apache.snapshots.https: https://repository.apache.org/content/repositories/snapshots/org/apache/maven/surefire/common-junit3/3.0.0-M1/common-junit3-3.0.0-M1.jar
[INFO] Downloading from central: https://repo.maven.apache.org/maven2/org/apache/maven/surefire/common-junit3/3.0.0-M1/common-junit3-3.0.0-M1.jar
[INFO] Downloading from central: https://repo.maven.apache.org/maven2/org/apache/maven/surefire/common-java5/3.0.0-M1/common-java5-3.0.0-M1.jar
[INFO] Downloading from central: https://repo.maven.apache.org/maven2/org/apache/maven/surefire/common-junit4/3.0.0-M1/common-junit4-3.0.0-M1.jar
[INFO] Downloaded from central: https://repo.maven.apache.org/maven2/org/apache/maven/surefire/common-java5/3.0.0-M1/common-java5-3.0.0-M1.jar (32 kB at 783 kB/s)
[INFO] Downloaded from central: https://repo.maven.apache.org/maven2/org/apache/maven/surefire/common-junit4/3.0.0-M1/common-junit4-3.0.0-M1.jar (28 kB at 563 kB/s)
[INFO] Downloaded from central: https://repo.maven.apache.org/maven2/org/apache/maven/surefire/common-junit3/3.0.0-M1/common-junit3-3.0.0-M1.jar (12 kB at 228 kB/s)
[INFO] 
[INFO] -------------------------------------------------------
[INFO]  T E S T S
[INFO] -------------------------------------------------------
[INFO] Running org.apache.hadoop.hdds.conf.TestConfigFileAppender
[INFO] Tests run: 1, Failures: 0, Errors: 0, Skipped: 0, Time elapsed: 0.224 s - in org.apache.hadoop.hdds.conf.TestConfigFileAppender
[INFO] Running org.apache.hadoop.hdds.conf.TestConfigFileGenerator
[INFO] Tests run: 1, Failures: 0, Errors: 0, Skipped: 0, Time elapsed: 0.092 s - in org.apache.hadoop.hdds.conf.TestConfigFileGenerator
[INFO] 
[INFO] Results:
[INFO] 
[INFO] Tests run: 2, Failures: 0, Errors: 0, Skipped: 0
[INFO] 
[INFO] 
[INFO] ----------------< org.apache.hadoop:hadoop-hdds-common >----------------
[INFO] Building Apache Hadoop HDDS Common 0.6.0-SNAPSHOT                 [8/30]
[INFO] --------------------------------[ jar ]---------------------------------
[INFO] Downloading from apache.snapshots.https: https://repository.apache.org/content/repositories/snapshots/org/apache/ratis/ratis-server/0.6.0-7c5b30d-SNAPSHOT/maven-metadata.xml
[INFO] Downloaded from apache.snapshots.https: https://repository.apache.org/content/repositories/snapshots/org/apache/ratis/ratis-server/0.6.0-7c5b30d-SNAPSHOT/maven-metadata.xml (1.0 kB at 9.5 kB/s)
[INFO] Downloading from apache.snapshots.https: https://repository.apache.org/content/repositories/snapshots/org/apache/ratis/ratis/0.6.0-7c5b30d-SNAPSHOT/maven-metadata.xml
[INFO] Downloaded from apache.snapshots.https: https://repository.apache.org/content/repositories/snapshots/org/apache/ratis/ratis/0.6.0-7c5b30d-SNAPSHOT/maven-metadata.xml (614 B at 6.0 kB/s)
[INFO] Downloading from apache.snapshots.https: https://repository.apache.org/content/repositories/snapshots/org/apache/ratis/ratis-proto/0.6.0-7c5b30d-SNAPSHOT/maven-metadata.xml
[INFO] Downloading from apache.snapshots: https://repository.apache.org/snapshots/org/apache/ratis/ratis-proto/0.6.0-7c5b30d-SNAPSHOT/maven-metadata.xml
[INFO] Downloaded from apache.snapshots.https: https://repository.apache.org/content/repositories/snapshots/org/apache/ratis/ratis-proto/0.6.0-7c5b30d-SNAPSHOT/maven-metadata.xml (1.2 kB at 11 kB/s)
[INFO] Downloaded from apache.snapshots: https://repository.apache.org/snapshots/org/apache/ratis/ratis-proto/0.6.0-7c5b30d-SNAPSHOT/maven-metadata.xml (1.2 kB at 12 kB/s)
[INFO] Downloading from apache.snapshots.https: https://repository.apache.org/content/repositories/snapshots/org/apache/ratis/ratis-common/0.6.0-7c5b30d-SNAPSHOT/maven-metadata.xml
[INFO] Downloading from apache.snapshots: https://repository.apache.org/snapshots/org/apache/ratis/ratis-common/0.6.0-7c5b30d-SNAPSHOT/maven-metadata.xml
[INFO] Downloaded from apache.snapshots: https://repository.apache.org/snapshots/org/apache/ratis/ratis-common/0.6.0-7c5b30d-SNAPSHOT/maven-metadata.xml (1.0 kB at 10 kB/s)
[INFO] Downloaded from apache.snapshots.https: https://repository.apache.org/content/repositories/snapshots/org/apache/ratis/ratis-common/0.6.0-7c5b30d-SNAPSHOT/maven-metadata.xml (1.0 kB at 9.0 kB/s)
[INFO] Downloading from apache.snapshots.https: https://repository.apache.org/content/repositories/snapshots/org/apache/ratis/ratis-client/0.6.0-7c5b30d-SNAPSHOT/maven-metadata.xml
[INFO] Downloading from apache.snapshots: https://repository.apache.org/snapshots/org/apache/ratis/ratis-client/0.6.0-7c5b30d-SNAPSHOT/maven-metadata.xml
[INFO] Downloaded from apache.snapshots: https://repository.apache.org/snapshots/org/apache/ratis/ratis-client/0.6.0-7c5b30d-SNAPSHOT/maven-metadata.xml (1.0 kB at 10 kB/s)
[INFO] Downloaded from apache.snapshots.https: https://repository.apache.org/content/repositories/snapshots/org/apache/ratis/ratis-client/0.6.0-7c5b30d-SNAPSHOT/maven-metadata.xml (1.0 kB at 9.0 kB/s)
[INFO] Downloading from apache.snapshots.https: https://repository.apache.org/content/repositories/snapshots/org/apache/ratis/ratis-metrics/0.6.0-7c5b30d-SNAPSHOT/maven-metadata.xml
[INFO] Downloading from apache.snapshots: https://repository.apache.org/snapshots/org/apache/ratis/ratis-metrics/0.6.0-7c5b30d-SNAPSHOT/maven-metadata.xml
[INFO] Downloaded from apache.snapshots.https: https://repository.apache.org/content/repositories/snapshots/org/apache/ratis/ratis-metrics/0.6.0-7c5b30d-SNAPSHOT/maven-metadata.xml (1.0 kB at 11 kB/s)
[INFO] Downloaded from apache.snapshots: https://repository.apache.org/snapshots/org/apache/ratis/ratis-metrics/0.6.0-7c5b30d-SNAPSHOT/maven-metadata.xml (1.0 kB at 10 kB/s)
[INFO] Downloading from apache.snapshots.https: https://repository.apache.org/content/repositories/snapshots/org/apache/ratis/ratis-netty/0.6.0-7c5b30d-SNAPSHOT/maven-metadata.xml
[INFO] Downloaded from apache.snapshots.https: https://repository.apache.org/content/repositories/snapshots/org/apache/ratis/ratis-netty/0.6.0-7c5b30d-SNAPSHOT/maven-metadata.xml (1.0 kB at 11 kB/s)
[INFO] Downloading from apache.snapshots.https: https://repository.apache.org/content/repositories/snapshots/org/apache/ratis/ratis-grpc/0.6.0-7c5b30d-SNAPSHOT/maven-metadata.xml
[INFO] Downloaded from apache.snapshots.https: https://repository.apache.org/content/repositories/snapshots/org/apache/ratis/ratis-grpc/0.6.0-7c5b30d-SNAPSHOT/maven-metadata.xml (1.0 kB at 9.8 kB/s)
[INFO] 
[INFO] --- maven-antrun-plugin:1.3:run (create-testdirs) @ hadoop-hdds-common ---
[INFO] Executing tasks
[INFO] Executed tasks
[INFO] 
[INFO] --- jacoco-maven-plugin:0.8.3:prepare-agent (default-prepare-agent) @ hadoop-hdds-common ---
[INFO] argLine set to -javaagent:/home/user/.m2/repository/org/jacoco/org.jacoco.agent/0.8.3/org.jacoco.agent-0.8.3-runtime.jar=destfile=/github/workspace/hadoop-hdds/common/target/jacoco.exec
[INFO] 
[INFO] --- protobuf-maven-plugin:0.5.1:compile (compile-protoc) @ hadoop-hdds-common ---
[INFO] Compiling 1 proto file(s) to /github/workspace/hadoop-hdds/common/target/generated-sources/java
[INFO] 
[INFO] --- protobuf-maven-plugin:0.5.1:compile-custom (compile-protoc) @ hadoop-hdds-common ---
[INFO] Compiling 1 proto file(s) to /github/workspace/hadoop-hdds/common/target/generated-sources/java
[INFO] 
[INFO] --- maven-antrun-plugin:1.3:run (default) @ hadoop-hdds-common ---
[INFO] Executing tasks
[INFO] Executed tasks
[INFO] 
[INFO] --- hadoop-maven-plugins:3.2.0:protoc (compile-protoc) @ hadoop-hdds-common ---
[INFO] Wrote protoc checksums to file /github/workspace/hadoop-hdds/common/target/hadoop-maven-plugins-protoc-checksums.json
[INFO] 
[INFO] --- maven-remote-resources-plugin:1.5:process (default) @ hadoop-hdds-common ---
[INFO] Downloading from apache.snapshots: https://repository.apache.org/snapshots/org/apache/ratis/ratis/0.6.0-7c5b30d-SNAPSHOT/maven-metadata.xml
[INFO] Downloaded from apache.snapshots: https://repository.apache.org/snapshots/org/apache/ratis/ratis/0.6.0-7c5b30d-SNAPSHOT/maven-metadata.xml (614 B at 5.9 kB/s)
[INFO] 
[INFO] --- hadoop-maven-plugins:3.2.0:version-info (version-info) @ hadoop-hdds-common ---
[INFO] SCM: GIT
[INFO] Computed MD5: fe6e6aef11f1bebd08619c5f023ecca
[INFO] 
[INFO] --- maven-resources-plugin:2.6:resources (default-resources) @ hadoop-hdds-common ---
[INFO] Using 'UTF-8' encoding to copy filtered resources.
[INFO] Copying 5 resources
[INFO] Copying 1 resource
[INFO] Copying 1 resource
[INFO] Copying 1 resource
[INFO] Copying 2 resources
[INFO] 
[INFO] --- maven-compiler-plugin:3.1:compile (default-compile) @ hadoop-hdds-common ---
[INFO] Compiling 195 source files to /github/workspace/hadoop-hdds/common/target/classes
[WARNING] /github/workspace/hadoop-hdds/common/src/main/java/org/apache/hadoop/hdds/HddsUtils.java: Some input files use or override a deprecated API.
[WARNING] /github/workspace/hadoop-hdds/common/src/main/java/org/apache/hadoop/hdds/HddsUtils.java: Recompile with -Xlint:deprecation for details.
[WARNING] /github/workspace/hadoop-hdds/common/src/main/java/org/apache/hadoop/ozone/common/statemachine/StateMachine.java: Some input files use unchecked or unsafe operations.
[WARNING] /github/workspace/hadoop-hdds/common/src/main/java/org/apache/hadoop/ozone/common/statemachine/StateMachine.java: Recompile with -Xlint:unchecked for details.
[INFO] 
[INFO] --- protobuf-maven-plugin:0.5.1:test-compile (compile-protoc) @ hadoop-hdds-common ---
[INFO] /github/workspace/hadoop-hdds/common/src/test/proto does not exist. Review the configuration or consider disabling the plugin.
[INFO] 
[INFO] --- protobuf-maven-plugin:0.5.1:test-compile-custom (compile-protoc) @ hadoop-hdds-common ---
[INFO] /github/workspace/hadoop-hdds/common/src/test/proto does not exist. Review the configuration or consider disabling the plugin.
[INFO] 
[INFO] --- maven-resources-plugin:2.6:testResources (default-testResources) @ hadoop-hdds-common ---
[INFO] Using 'UTF-8' encoding to copy filtered resources.
[INFO] Copying 21 resources
[INFO] Copying 2 resources
[INFO] 
[INFO] --- maven-compiler-plugin:3.1:testCompile (default-testCompile) @ hadoop-hdds-common ---
[INFO] Compiling 49 source files to /github/workspace/hadoop-hdds/common/target/test-classes
[WARNING] /github/workspace/hadoop-hdds/common/src/test/java/org/apache/hadoop/hdds/scm/net/TestNetworkTopologyImpl.java: /github/workspace/hadoop-hdds/common/src/test/java/org/apache/hadoop/hdds/scm/net/TestNetworkTopologyImpl.java uses unchecked or unsafe operations.
[WARNING] /github/workspace/hadoop-hdds/common/src/test/java/org/apache/hadoop/hdds/scm/net/TestNetworkTopologyImpl.java: Recompile with -Xlint:unchecked for details.
[INFO] 
[INFO] --- maven-surefire-plugin:3.0.0-M1:test (default-test) @ hadoop-hdds-common ---
[INFO] 
[INFO] -------------------------------------------------------
[INFO]  T E S T S
[INFO] -------------------------------------------------------
[INFO] Running org.apache.hadoop.hdds.fs.TestDUFactory
[INFO] Tests run: 2, Failures: 0, Errors: 0, Skipped: 0, Time elapsed: 0.717 s - in org.apache.hadoop.hdds.fs.TestDUFactory
[INFO] Running org.apache.hadoop.hdds.fs.TestDU
[INFO] Tests run: 2, Failures: 0, Errors: 0, Skipped: 0, Time elapsed: 0.3 s - in org.apache.hadoop.hdds.fs.TestDU
[INFO] Running org.apache.hadoop.hdds.fs.TestDedicatedDiskSpaceUsageFactory
[INFO] Tests run: 2, Failures: 0, Errors: 0, Skipped: 0, Time elapsed: 0.74 s - in org.apache.hadoop.hdds.fs.TestDedicatedDiskSpaceUsageFactory
[INFO] Running org.apache.hadoop.hdds.fs.TestSaveSpaceUsageToFile
[INFO] Tests run: 7, Failures: 0, Errors: 0, Skipped: 0, Time elapsed: 0.324 s - in org.apache.hadoop.hdds.fs.TestSaveSpaceUsageToFile
[INFO] Running org.apache.hadoop.hdds.fs.TestCachingSpaceUsageSource
[INFO] Tests run: 6, Failures: 0, Errors: 0, Skipped: 0, Time elapsed: 1.27 s - in org.apache.hadoop.hdds.fs.TestCachingSpaceUsageSource
[INFO] Running org.apache.hadoop.hdds.fs.TestDedicatedDiskSpaceUsage
[INFO] Tests run: 1, Failures: 0, Errors: 0, Skipped: 0, Time elapsed: 0.255 s - in org.apache.hadoop.hdds.fs.TestDedicatedDiskSpaceUsage
[INFO] Running org.apache.hadoop.hdds.fs.TestSpaceUsageFactory
[INFO] Tests run: 6, Failures: 0, Errors: 0, Skipped: 0, Time elapsed: 0.732 s - in org.apache.hadoop.hdds.fs.TestSpaceUsageFactory
[INFO] Running org.apache.hadoop.hdds.TestHddsUtils
[INFO] Tests run: 3, Failures: 0, Errors: 0, Skipped: 0, Time elapsed: 0.761 s - in org.apache.hadoop.hdds.TestHddsUtils
[INFO] Running org.apache.hadoop.hdds.scm.net.TestNetUtils
[INFO] Tests run: 1, Failures: 0, Errors: 0, Skipped: 0, Time elapsed: 0.208 s - in org.apache.hadoop.hdds.scm.net.TestNetUtils
[INFO] Running org.apache.hadoop.hdds.scm.net.TestNodeSchemaManager
[INFO] Tests run: 5, Failures: 0, Errors: 0, Skipped: 0, Time elapsed: 0.752 s - in org.apache.hadoop.hdds.scm.net.TestNodeSchemaManager
[INFO] Running org.apache.hadoop.hdds.scm.net.TestNodeSchemaLoader
[INFO] Tests run: 17, Failures: 0, Errors: 0, Skipped: 0, Time elapsed: 0.423 s - in org.apache.hadoop.hdds.scm.net.TestNodeSchemaLoader
[INFO] Running org.apache.hadoop.hdds.scm.net.TestNetworkTopologyImpl
[WARNING] Tests run: 75, Failures: 0, Errors: 0, Skipped: 1, Time elapsed: 6.864 s - in org.apache.hadoop.hdds.scm.net.TestNetworkTopologyImpl
[INFO] Running org.apache.hadoop.hdds.scm.net.TestYamlSchemaLoader
[INFO] Tests run: 4, Failures: 0, Errors: 0, Skipped: 0, Time elapsed: 0.404 s - in org.apache.hadoop.hdds.scm.net.TestYamlSchemaLoader
[INFO] Running org.apache.hadoop.hdds.scm.exceptions.TestSCMExceptionResultCodes
[INFO] Tests run: 1, Failures: 0, Errors: 0, Skipped: 0, Time elapsed: 0.135 s - in org.apache.hadoop.hdds.scm.exceptions.TestSCMExceptionResultCodes
[INFO] Running org.apache.hadoop.hdds.ratis.TestContainerCommandRequestMessage
[INFO] Tests run: 2, Failures: 0, Errors: 0, Skipped: 0, Time elapsed: 0.606 s - in org.apache.hadoop.hdds.ratis.TestContainerCommandRequestMessage
[INFO] Running org.apache.hadoop.hdds.ratis.TestRatisHelper
[INFO] Tests run: 4, Failures: 0, Errors: 0, Skipped: 0, Time elapsed: 0.793 s - in org.apache.hadoop.hdds.ratis.TestRatisHelper
[INFO] Running org.apache.hadoop.hdds.conf.TestOzoneConfiguration
[INFO] Tests run: 4, Failures: 0, Errors: 0, Skipped: 0, Time elapsed: 0.679 s - in org.apache.hadoop.hdds.conf.TestOzoneConfiguration
[INFO] Running org.apache.hadoop.hdds.utils.TestResourceLimitCache
[ERROR] Tests run: 1, Failures: 1, Errors: 0, Skipped: 0, Time elapsed: 0.374 s <<< FAILURE! - in org.apache.hadoop.hdds.utils.TestResourceLimitCache
[ERROR] testResourceLimitCache(org.apache.hadoop.hdds.utils.TestResourceLimitCache)  Time elapsed: 0.269 s  <<< FAILURE!
java.lang.AssertionError: expected null, but was:<a>
	at org.junit.Assert.fail(Assert.java:88)
	at org.junit.Assert.failNotNull(Assert.java:664)
	at org.junit.Assert.assertNull(Assert.java:646)
	at org.junit.Assert.assertNull(Assert.java:656)
	at org.apache.hadoop.hdds.utils.TestResourceLimitCache.testResourceLimitCache(TestResourceLimitCache.java:85)
	at sun.reflect.NativeMethodAccessorImpl.invoke0(Native Method)
	at sun.reflect.NativeMethodAccessorImpl.invoke(NativeMethodAccessorImpl.java:62)
	at sun.reflect.DelegatingMethodAccessorImpl.invoke(DelegatingMethodAccessorImpl.java:43)
	at java.lang.reflect.Method.invoke(Method.java:498)
	at org.junit.runners.model.FrameworkMethod$1.runReflectiveCall(FrameworkMethod.java:47)
	at org.junit.internal.runners.model.ReflectiveCallable.run(ReflectiveCallable.java:12)
	at org.junit.runners.model.FrameworkMethod.invokeExplosively(FrameworkMethod.java:44)
	at org.junit.internal.runners.statements.InvokeMethod.evaluate(InvokeMethod.java:17)
	at org.junit.runners.ParentRunner.runLeaf(ParentRunner.java:271)
	at org.junit.runners.BlockJUnit4ClassRunner.runChild(BlockJUnit4ClassRunner.java:70)
	at org.junit.runners.BlockJUnit4ClassRunner.runChild(BlockJUnit4ClassRunner.java:50)
	at org.junit.runners.ParentRunner$3.run(ParentRunner.java:238)
	at org.junit.runners.ParentRunner$1.schedule(ParentRunner.java:63)
	at org.junit.runners.ParentRunner.runChildren(ParentRunner.java:236)
	at org.junit.runners.ParentRunner.access$000(ParentRunner.java:53)
	at org.junit.runners.ParentRunner$2.evaluate(ParentRunner.java:229)
	at org.junit.runners.ParentRunner.run(ParentRunner.java:309)
	at org.apache.maven.surefire.junit4.JUnit4Provider.execute(JUnit4Provider.java:365)
	at org.apache.maven.surefire.junit4.JUnit4Provider.executeWithRerun(JUnit4Provider.java:273)
	at org.apache.maven.surefire.junit4.JUnit4Provider.executeTestSet(JUnit4Provider.java:238)
	at org.apache.maven.surefire.junit4.JUnit4Provider.invoke(JUnit4Provider.java:159)
	at org.apache.maven.surefire.booter.ForkedBooter.invokeProviderInSameClassLoader(ForkedBooter.java:384)
	at org.apache.maven.surefire.booter.ForkedBooter.runSuitesInProcess(ForkedBooter.java:345)
	at org.apache.maven.surefire.booter.ForkedBooter.execute(ForkedBooter.java:126)
	at org.apache.maven.surefire.booter.ForkedBooter.main(ForkedBooter.java:418)

[INFO] Running org.apache.hadoop.hdds.utils.TestHddsIdFactory
[INFO] Tests run: 1, Failures: 0, Errors: 0, Skipped: 0, Time elapsed: 0.171 s - in org.apache.hadoop.hdds.utils.TestHddsIdFactory
[INFO] Running org.apache.hadoop.hdds.utils.TestRetriableTask
[INFO] Tests run: 3, Failures: 0, Errors: 0, Skipped: 0, Time elapsed: 0.235 s - in org.apache.hadoop.hdds.utils.TestRetriableTask
[INFO] Running org.apache.hadoop.hdds.utils.TestResourceSemaphore
[INFO] Tests run: 1, Failures: 0, Errors: 0, Skipped: 0, Time elapsed: 0.077 s - in org.apache.hadoop.hdds.utils.TestResourceSemaphore
[INFO] Running org.apache.hadoop.ozone.audit.TestOzoneAuditLogger
[INFO] Tests run: 4, Failures: 0, Errors: 0, Skipped: 0, Time elapsed: 0.74 s - in org.apache.hadoop.ozone.audit.TestOzoneAuditLogger
[INFO] Running org.apache.hadoop.ozone.lease.TestLeaseManager
[INFO] Tests run: 10, Failures: 0, Errors: 0, Skipped: 0, Time elapsed: 23.276 s - in org.apache.hadoop.ozone.lease.TestLeaseManager
[INFO] Running org.apache.hadoop.ozone.lock.TestLockManager
[INFO] Tests run: 8, Failures: 0, Errors: 0, Skipped: 0, Time elapsed: 1.69 s - in org.apache.hadoop.ozone.lock.TestLockManager
[INFO] Running org.apache.hadoop.ozone.common.TestStateMachine
[INFO] Tests run: 1, Failures: 0, Errors: 0, Skipped: 0, Time elapsed: 0.246 s - in org.apache.hadoop.ozone.common.TestStateMachine
[INFO] Running org.apache.hadoop.ozone.common.TestChecksum
[INFO] Tests run: 3, Failures: 0, Errors: 0, Skipped: 0, Time elapsed: 0.307 s - in org.apache.hadoop.ozone.common.TestChecksum
[INFO] Running org.apache.hadoop.ozone.common.TestChecksumByteBuffer
[INFO] Tests run: 2, Failures: 0, Errors: 0, Skipped: 0, Time elapsed: 1.677 s - in org.apache.hadoop.ozone.common.TestChecksumByteBuffer
[INFO] Running org.apache.hadoop.ozone.common.TestChunkBufferImplWithByteBufferList
[INFO] Tests run: 3, Failures: 0, Errors: 0, Skipped: 0, Time elapsed: 0.179 s - in org.apache.hadoop.ozone.common.TestChunkBufferImplWithByteBufferList
[INFO] Running org.apache.hadoop.ozone.common.TestChunkBuffer
[INFO] Tests run: 3, Failures: 0, Errors: 0, Skipped: 0, Time elapsed: 0.32 s - in org.apache.hadoop.ozone.common.TestChunkBuffer
[INFO] 
[INFO] Results:
[INFO] 
[ERROR] Failures: 
[ERROR]   TestResourceLimitCache.testResourceLimitCache:85 expected null, but was:<a>
[INFO] 
[ERROR] Tests run: 182, Failures: 1, Errors: 0, Skipped: 1
[INFO] 
[INFO] 
[INFO] ------------------------------------------------------------------------
[INFO] Skipping Apache Hadoop HDDS Client
[INFO] This project has been banned from the build due to previous failures.
[INFO] ------------------------------------------------------------------------
[INFO] 
[INFO] ------------------------------------------------------------------------
[INFO] Skipping Apache Hadoop HDDS Server Framework
[INFO] This project has been banned from the build due to previous failures.
[INFO] ------------------------------------------------------------------------
[INFO] 
[INFO] ------------------------------------------------------------------------
[INFO] Skipping Apache Hadoop HDDS Container Service
[INFO] This project has been banned from the build due to previous failures.
[INFO] ------------------------------------------------------------------------
[INFO] 
[INFO] -----------------< org.apache.hadoop:hadoop-hdds-docs >-----------------
[INFO] Building Apache Hadoop HDDS/Ozone Documentation 0.6.0-SNAPSHOT    [9/30]
[INFO] --------------------------------[ jar ]---------------------------------
[INFO] 
[INFO] --- maven-antrun-plugin:1.3:run (create-testdirs) @ hadoop-hdds-docs ---
[INFO] Executing tasks
[INFO] Executed tasks
[INFO] 
[INFO] --- jacoco-maven-plugin:0.8.3:prepare-agent (default-prepare-agent) @ hadoop-hdds-docs ---
[INFO] argLine set to -javaagent:/home/user/.m2/repository/org/jacoco/org.jacoco.agent/0.8.3/org.jacoco.agent-0.8.3-runtime.jar=destfile=/github/workspace/hadoop-hdds/docs/target/jacoco.exec
[INFO] 
[INFO] --- maven-remote-resources-plugin:1.5:process (default) @ hadoop-hdds-docs ---
[INFO] 
[INFO] --- maven-resources-plugin:2.6:resources (default-resources) @ hadoop-hdds-docs ---
[INFO] Using 'UTF-8' encoding to copy filtered resources.
[INFO] skip non existing resourceDirectory /github/workspace/hadoop-hdds/docs/src/main/resources
[INFO] Copying 2 resources
[INFO] 
[INFO] --- maven-compiler-plugin:3.1:compile (default-compile) @ hadoop-hdds-docs ---
[INFO] No sources to compile
[INFO] 
[INFO] --- exec-maven-plugin:1.6.0:exec (default) @ hadoop-hdds-docs ---
Building sites … WARN 2020/04/21 08:36:58 Page.URL is deprecated and will be removed in a future release. Use .Permalink or .RelPermalink. If what you want is the front matter URL value, use .Params.url

                   | EN | ZH  
+------------------+----+----+
  Pages            | 74 | 38  
  Paginator pages  |  0 |  0  
  Non-page files   | 10 |  8  
  Static files     | 19 | 19  
  Processed images |  0 |  0  
  Aliases          |  1 |  0  
  Sitemaps         |  2 |  1  
  Cleaned          |  0 |  0  

Total in 176 ms
/github/workspace/hadoop-hdds/docs
[INFO] 
[INFO] --- maven-resources-plugin:2.6:testResources (default-testResources) @ hadoop-hdds-docs ---
[INFO] Using 'UTF-8' encoding to copy filtered resources.
[INFO] skip non existing resourceDirectory /github/workspace/hadoop-hdds/docs/src/test/resources
[INFO] Copying 2 resources
[INFO] 
[INFO] --- maven-compiler-plugin:3.1:testCompile (default-testCompile) @ hadoop-hdds-docs ---
[INFO] No sources to compile
[INFO] 
[INFO] --- maven-surefire-plugin:3.0.0-M1:test (default-test) @ hadoop-hdds-docs ---
[INFO] 
[INFO] ------------------------------------------------------------------------
[INFO] Skipping Apache Hadoop HDDS SCM Server
[INFO] This project has been banned from the build due to previous failures.
[INFO] ------------------------------------------------------------------------
[INFO] 
[INFO] ------------------------------------------------------------------------
[INFO] Skipping Apache Hadoop HDDS Tools
[INFO] This project has been banned from the build due to previous failures.
[INFO] ------------------------------------------------------------------------
[INFO] 
[INFO] -------------------< org.apache.hadoop:hadoop-ozone >-------------------
[INFO] Building Apache Hadoop Ozone 0.6.0-SNAPSHOT                      [10/30]
[INFO] --------------------------------[ pom ]---------------------------------
[INFO] 
[INFO] --- maven-antrun-plugin:1.3:run (create-testdirs) @ hadoop-ozone ---
[INFO] Executing tasks
[INFO] Executed tasks
[INFO] 
[INFO] --- jacoco-maven-plugin:0.8.3:prepare-agent (default-prepare-agent) @ hadoop-ozone ---
[INFO] argLine set to -javaagent:/home/user/.m2/repository/org/jacoco/org.jacoco.agent/0.8.3/org.jacoco.agent-0.8.3-runtime.jar=destfile=/github/workspace/hadoop-ozone/target/jacoco.exec
[INFO] 
[INFO] --- maven-remote-resources-plugin:1.5:process (default) @ hadoop-ozone ---
[INFO] 
[INFO] ------------------------------------------------------------------------
[INFO] Skipping Apache Hadoop Ozone Common
[INFO] This project has been banned from the build due to previous failures.
[INFO] ------------------------------------------------------------------------
[INFO] 
[INFO] ------------------------------------------------------------------------
[INFO] Skipping Apache Hadoop Ozone Client
[INFO] This project has been banned from the build due to previous failures.
[INFO] ------------------------------------------------------------------------
[INFO] 
[INFO] ------------------------------------------------------------------------
[INFO] Skipping Apache Hadoop Ozone Manager Server
[INFO] This project has been banned from the build due to previous failures.
[INFO] ------------------------------------------------------------------------
[INFO] 
[INFO] ------------------------------------------------------------------------
[INFO] Skipping Apache Hadoop Ozone FileSystem
[INFO] This project has been banned from the build due to previous failures.
[INFO] ------------------------------------------------------------------------
[INFO] 
[INFO] ------------------------------------------------------------------------
[INFO] Skipping Apache Hadoop Ozone Tools
[INFO] This project has been banned from the build due to previous failures.
[INFO] ------------------------------------------------------------------------
[INFO] 
[INFO] ------------------------------------------------------------------------
[INFO] Skipping Apache Hadoop Ozone S3 Gateway
[INFO] This project has been banned from the build due to previous failures.
[INFO] ------------------------------------------------------------------------
[INFO] 
[INFO] ------------------------------------------------------------------------
[INFO] Skipping Apache Hadoop Ozone CSI service
[INFO] This project has been banned from the build due to previous failures.
[INFO] ------------------------------------------------------------------------
[INFO] 
[INFO] ------------------------------------------------------------------------
[INFO] Skipping Apache Hadoop Ozone Recon CodeGen
[INFO] This project has been banned from the build due to previous failures.
[INFO] ------------------------------------------------------------------------
[INFO] 
[INFO] ------------------------------------------------------------------------
[INFO] Skipping Apache Hadoop Ozone Recon
[INFO] This project has been banned from the build due to previous failures.
[INFO] ------------------------------------------------------------------------
[INFO] 
[INFO] ------------------------------------------------------------------------
[INFO] Skipping Apache Hadoop Ozone Datanode
[INFO] This project has been banned from the build due to previous failures.
[INFO] ------------------------------------------------------------------------
[INFO] 
[INFO] ------------------------------------------------------------------------
[INFO] Skipping Apache Hadoop Ozone In-Place Upgrade
[INFO] This project has been banned from the build due to previous failures.
[INFO] ------------------------------------------------------------------------
[INFO] 
[INFO] ------------------------------------------------------------------------
[INFO] Skipping Apache Hadoop Ozone Insight Tool
[INFO] This project has been banned from the build due to previous failures.
[INFO] ------------------------------------------------------------------------
[INFO] 
[INFO] ------------------------------------------------------------------------
[INFO] Skipping Apache Hadoop Ozone Distribution
[INFO] This project has been banned from the build due to previous failures.
[INFO] ------------------------------------------------------------------------
[INFO] 
[INFO] --------< org.apache.hadoop:hadoop-ozone-fault-injection-test >---------
[INFO] Building Apache Hadoop Ozone Fault Injection Tests 0.6.0-SNAPSHOT [11/30]
[INFO] --------------------------------[ pom ]---------------------------------
[INFO] 
[INFO] --- maven-antrun-plugin:1.3:run (create-testdirs) @ hadoop-ozone-fault-injection-test ---
[INFO] Executing tasks
[INFO] Executed tasks
[INFO] 
[INFO] --- jacoco-maven-plugin:0.8.3:prepare-agent (default-prepare-agent) @ hadoop-ozone-fault-injection-test ---
[INFO] argLine set to -javaagent:/home/user/.m2/repository/org/jacoco/org.jacoco.agent/0.8.3/org.jacoco.agent-0.8.3-runtime.jar=destfile=/github/workspace/hadoop-ozone/fault-injection-test/target/jacoco.exec
[INFO] 
[INFO] --- maven-remote-resources-plugin:1.5:process (default) @ hadoop-ozone-fault-injection-test ---
[INFO] 
[INFO] ------------< org.apache.hadoop:hadoop-ozone-network-tests >------------
[INFO] Building Apache Hadoop Ozone Network Tests 0.6.0-SNAPSHOT        [12/30]
[INFO] --------------------------------[ jar ]---------------------------------
[INFO] 
[INFO] --- maven-antrun-plugin:1.3:run (create-testdirs) @ hadoop-ozone-network-tests ---
[INFO] Executing tasks
[INFO] Executed tasks
[INFO] 
[INFO] --- jacoco-maven-plugin:0.8.3:prepare-agent (default-prepare-agent) @ hadoop-ozone-network-tests ---
[INFO] argLine set to -javaagent:/home/user/.m2/repository/org/jacoco/org.jacoco.agent/0.8.3/org.jacoco.agent-0.8.3-runtime.jar=destfile=/github/workspace/hadoop-ozone/fault-injection-test/network-tests/target/jacoco.exec
[INFO] 
[INFO] --- maven-remote-resources-plugin:1.5:process (default) @ hadoop-ozone-network-tests ---
[INFO] 
[INFO] --- maven-resources-plugin:3.1.0:resources (default-resources) @ hadoop-ozone-network-tests ---
[INFO] Using 'UTF-8' encoding to copy filtered resources.
[INFO] skip non existing resourceDirectory /github/workspace/hadoop-ozone/fault-injection-test/network-tests/src/main/resources
[INFO] Copying 2 resources
[INFO] 
[INFO] --- maven-resources-plugin:3.1.0:copy-resources (copy-resources) @ hadoop-ozone-network-tests ---
[INFO] Using 'UTF-8' encoding to copy filtered resources.
[INFO] Copying 2 resources
[INFO] 
[INFO] --- maven-compiler-plugin:3.1:compile (default-compile) @ hadoop-ozone-network-tests ---
[INFO] No sources to compile
[INFO] 
[INFO] --- maven-resources-plugin:3.1.0:testResources (default-testResources) @ hadoop-ozone-network-tests ---
[INFO] Using 'UTF-8' encoding to copy filtered resources.
[INFO] skip non existing resourceDirectory /github/workspace/hadoop-ozone/fault-injection-test/network-tests/src/test/resources
[INFO] Copying 2 resources
[INFO] 
[INFO] --- maven-compiler-plugin:3.1:testCompile (default-testCompile) @ hadoop-ozone-network-tests ---
[INFO] No sources to compile
[INFO] 
[INFO] --- maven-surefire-plugin:3.0.0-M1:test (default-test) @ hadoop-ozone-network-tests ---
[INFO] ------------------------------------------------------------------------
[INFO] Reactor Summary for Apache Hadoop Ozone Main 0.6.0-SNAPSHOT:
[INFO] 
[INFO] Apache Hadoop Ozone Main ........................... SUCCESS [  0.755 s]
[INFO] Apache Hadoop HDDS ................................. SUCCESS [  0.497 s]
[INFO] Apache Hadoop HDDS Hadoop Client dependencies ...... SUCCESS [  1.056 s]
[INFO] Apache Hadoop HDDS Hadoop Test dependencies ........ SUCCESS [  1.041 s]
[INFO] Apache Hadoop HDDS Hadoop Server dependencies ...... SUCCESS [  0.761 s]
[INFO] Apache Hadoop HDDS Test Utils ...................... SUCCESS [  1.036 s]
[INFO] Apache Hadoop HDDS Config .......................... SUCCESS [  4.840 s]
[INFO] Apache Hadoop HDDS Common .......................... FAILURE [01:25 min]
[INFO] Apache Hadoop HDDS Client .......................... SKIPPED
[INFO] Apache Hadoop HDDS Server Framework ................ SKIPPED
[INFO] Apache Hadoop HDDS Container Service ............... SKIPPED
[INFO] Apache Hadoop HDDS/Ozone Documentation ............. SUCCESS [  0.314 s]
[INFO] Apache Hadoop HDDS SCM Server ...................... SKIPPED
[INFO] Apache Hadoop HDDS Tools ........................... SKIPPED
[INFO] Apache Hadoop Ozone ................................ SUCCESS [  0.040 s]
[INFO] Apache Hadoop Ozone Common ......................... SKIPPED
[INFO] Apache Hadoop Ozone Client ......................... SKIPPED
[INFO] Apache Hadoop Ozone Manager Server ................. SKIPPED
[INFO] Apache Hadoop Ozone FileSystem ..................... SKIPPED
[INFO] Apache Hadoop Ozone Tools .......................... SKIPPED
[INFO] Apache Hadoop Ozone S3 Gateway ..................... SKIPPED
[INFO] Apache Hadoop Ozone CSI service .................... SKIPPED
[INFO] Apache Hadoop Ozone Recon CodeGen .................. SKIPPED
[INFO] Apache Hadoop Ozone Recon .......................... SKIPPED
[INFO] Apache Hadoop Ozone Datanode ....................... SKIPPED
[INFO] Apache Hadoop Ozone In-Place Upgrade ............... SKIPPED
[INFO] Apache Hadoop Ozone Insight Tool ................... SKIPPED
[INFO] Apache Hadoop Ozone Distribution ................... SKIPPED
[INFO] Apache Hadoop Ozone Fault Injection Tests .......... SUCCESS [  0.030 s]
[INFO] Apache Hadoop Ozone Network Tests .................. SUCCESS [  0.291 s]
[INFO] ------------------------------------------------------------------------
[INFO] BUILD FAILURE
[INFO] ------------------------------------------------------------------------
[INFO] Total time:  01:37 min
[INFO] Finished at: 2020-04-21T08:36:58Z
[INFO] ------------------------------------------------------------------------
[ERROR] Failed to execute goal org.apache.maven.plugins:maven-surefire-plugin:3.0.0-M1:test (default-test) on project hadoop-hdds-common: There are test failures.
[ERROR] 
[ERROR] Please refer to /github/workspace/hadoop-hdds/common/target/surefire-reports for the individual test results.
[ERROR] Please refer to dump files (if any exist) [date].dump, [date]-jvmRun[N].dump and [date].dumpstream.
[ERROR] -> [Help 1]
[ERROR] 
[ERROR] To see the full stack trace of the errors, re-run Maven with the -e switch.
[ERROR] Re-run Maven using the -X switch to enable full debug logging.
[ERROR] 
[ERROR] For more information about the errors and possible solutions, please read the following articles:
[ERROR] [Help 1] http://cwiki.apache.org/confluence/display/MAVEN/MojoFailureException
[ERROR] 
[ERROR] After correcting the problems, you can resume the build with the command
[ERROR]   mvn <args> -rf :hadoop-hdds-common
