Apache Maven 3.8.8 (4c87b05d9aedce574290d1acc98575ed5eb6cd39)
Maven home: /usr/share/apache-maven-3.8.8
Java version: 1.8.0_402, vendor: Temurin, runtime: /usr/lib/jvm/temurin-8-jdk-amd64/jre
Default locale: en, platform encoding: UTF-8
OS name: "linux", version: "5.15.0-1056-azure", arch: "amd64", family: "unix"
[INFO] Scanning for projects...
[INFO] ------------------------------------------------------------------------
[INFO] Detecting the operating system and CPU architecture
[INFO] ------------------------------------------------------------------------
[INFO] os.detected.name: linux
[INFO] os.detected.arch: x86_64
[INFO] os.detected.bitness: 64
[INFO] os.detected.version: 5.15
[INFO] os.detected.version.major: 5
[INFO] os.detected.version.minor: 15
[INFO] os.detected.release: ubuntu
[INFO] os.detected.release.version: 20.04
[INFO] os.detected.release.like.ubuntu: true
[INFO] os.detected.release.like.debian: true
[INFO] os.detected.classifier: linux-x86_64
[INFO] ------------------------------------------------------------------------
[INFO] Reactor Build Order:
[INFO] 
[INFO] Apache Ozone Integration Tests                                     [jar]
[INFO] Apache Ozone Mini Ozone Chaos Tests                                [jar]
[INFO] 
[INFO] --------------< org.apache.ozone:ozone-integration-test >---------------
[INFO] Building Apache Ozone Integration Tests 1.5.0-SNAPSHOT             [1/2]
[INFO]   from pom.xml
[INFO] --------------------------------[ jar ]---------------------------------
[INFO] 
[INFO] --- maven-antrun-plugin:3.1.0:run (create-testdirs) @ ozone-integration-test ---
[INFO] Executing tasks
[INFO]     [mkdir] Created dir: /home/runner/work/ozone/ozone/hadoop-ozone/integration-test/target/test-dir
[INFO] Executed tasks
[INFO] 
[INFO] --- maven-enforcer-plugin:3.4.1:enforce (depcheck) @ ozone-integration-test ---
[INFO] Rule 0: org.apache.maven.enforcer.rules.dependency.DependencyConvergence passed
[INFO] Rule 1: org.apache.maven.enforcer.rules.version.RequireMavenVersion passed
[INFO] Rule 2: org.apache.maven.enforcer.rules.version.RequireJavaVersion passed
[INFO] 
[INFO] --- jacoco-maven-plugin:0.8.11:prepare-agent (default-prepare-agent) @ ozone-integration-test ---
[INFO] argLine set to -javaagent:/home/runner/.m2/repository/org/jacoco/org.jacoco.agent/0.8.11/org.jacoco.agent-0.8.11-runtime.jar=destfile=/home/runner/work/ozone/ozone/hadoop-ozone/integration-test/target/jacoco.exec,includes=org.apache.hadoop.hdds.*:org.apache.hadoop.ozone.*:org.apache.hadoop.fs.ozone.*
[INFO] 
[INFO] --- maven-enforcer-plugin:3.4.1:enforce (banned-rocksdb-imports) @ ozone-integration-test ---
[INFO] Rule 0: org.apache.maven.plugins.enforcer.RestrictImports passed
[INFO] 
[INFO] --- maven-enforcer-plugin:3.4.1:enforce (ban-imports) @ ozone-integration-test ---
[INFO] Rule 0: org.apache.maven.plugins.enforcer.RestrictImports passed
[INFO] Rule 1: org.apache.maven.plugins.enforcer.RestrictImports passed
[INFO] Rule 2: org.apache.maven.plugins.enforcer.RestrictImports passed
[INFO] Rule 3: org.apache.maven.plugins.enforcer.RestrictImports passed
[INFO] Rule 4: org.apache.maven.plugins.enforcer.RestrictImports passed
[WARNING] EXPERIMENTAL FEATURE enabled. You have enabled full-compilation-unit parsing. Please be aware that experimental features might get removed or changed. Please share your feedback!
[INFO] Rule 5: org.apache.maven.plugins.enforcer.RestrictImports passed
[INFO] Rule 6: org.apache.maven.plugins.enforcer.RestrictImports passed
[INFO] 
[INFO] --- maven-remote-resources-plugin:1.5:process (default) @ ozone-integration-test ---
[INFO] 
[INFO] --- maven-resources-plugin:3.1.0:resources (default-resources) @ ozone-integration-test ---
[INFO] Using 'UTF-8' encoding to copy filtered resources.
[INFO] skip non existing resourceDirectory /home/runner/work/ozone/ozone/hadoop-ozone/integration-test/src/main/resources
[INFO] Copying 2 resources
[INFO] 
[INFO] --- maven-compiler-plugin:3.9.0:compile (default-compile) @ ozone-integration-test ---
[INFO] No sources to compile
[INFO] 
[INFO] --- maven-resources-plugin:3.1.0:testResources (default-testResources) @ ozone-integration-test ---
[INFO] Using 'UTF-8' encoding to copy filtered resources.
[INFO] Copying 22 resources
[INFO] Copying 2 resources
[INFO] 
[INFO] --- maven-compiler-plugin:3.9.0:testCompile (default-testCompile) @ ozone-integration-test ---
[INFO] Compiling 317 source files to /home/runner/work/ozone/ozone/hadoop-ozone/integration-test/target/test-classes
[INFO] /home/runner/work/ozone/ozone/hadoop-ozone/integration-test/src/test/java/org/apache/hadoop/ozone/TestBlockTokens.java: Some input files use or override a deprecated API.
[INFO] /home/runner/work/ozone/ozone/hadoop-ozone/integration-test/src/test/java/org/apache/hadoop/ozone/TestBlockTokens.java: Recompile with -Xlint:deprecation for details.
[INFO] /home/runner/work/ozone/ozone/hadoop-ozone/integration-test/src/test/java/org/apache/hadoop/ozone/om/ratis/TestOzoneManagerRatisRequest.java: Some input files use unchecked or unsafe operations.
[INFO] /home/runner/work/ozone/ozone/hadoop-ozone/integration-test/src/test/java/org/apache/hadoop/ozone/om/ratis/TestOzoneManagerRatisRequest.java: Recompile with -Xlint:unchecked for details.
[INFO] 
[INFO] --- maven-surefire-plugin:3.0.0-M5:test (default-test) @ ozone-integration-test ---
[INFO] 
[INFO] -------------------------------------------------------
[INFO]  T E S T S
[INFO] -------------------------------------------------------
[INFO] Running org.apache.hadoop.hdds.upgrade.TestScmHAFinalization
[INFO] Tests run: 4, Failures: 0, Errors: 0, Skipped: 0, Time elapsed: 246.913 s - in org.apache.hadoop.hdds.upgrade.TestScmHAFinalization
[INFO] Running org.apache.hadoop.hdds.scm.TestContainerReportWithKeys
[INFO] Tests run: 1, Failures: 0, Errors: 0, Skipped: 0, Time elapsed: 23.922 s - in org.apache.hadoop.hdds.scm.TestContainerReportWithKeys
[INFO] Running org.apache.hadoop.hdds.scm.TestSCMDatanodeProtocolServer
[INFO] Tests run: 1, Failures: 0, Errors: 0, Skipped: 0, Time elapsed: 1.686 s - in org.apache.hadoop.hdds.scm.TestSCMDatanodeProtocolServer
[INFO] Running org.apache.hadoop.hdds.scm.TestSecretKeySnapshot
[INFO] Tests run: 1, Failures: 0, Errors: 0, Skipped: 0, Time elapsed: 84.168 s - in org.apache.hadoop.hdds.scm.TestSecretKeySnapshot
[INFO] Running org.apache.hadoop.hdds.scm.TestGetCommittedBlockLengthAndPutKey
[INFO] Tests run: 3, Failures: 0, Errors: 0, Skipped: 0, Time elapsed: 23.749 s - in org.apache.hadoop.hdds.scm.TestGetCommittedBlockLengthAndPutKey
[INFO] Running org.apache.hadoop.hdds.scm.pipeline.TestSCMPipelineMetrics
[INFO] Tests run: 3, Failures: 0, Errors: 0, Skipped: 0, Time elapsed: 58.794 s - in org.apache.hadoop.hdds.scm.pipeline.TestSCMPipelineMetrics
[INFO] Running org.apache.hadoop.hdds.scm.pipeline.TestPipelineManagerMXBean
[INFO] Tests run: 1, Failures: 0, Errors: 0, Skipped: 0, Time elapsed: 23.405 s - in org.apache.hadoop.hdds.scm.pipeline.TestPipelineManagerMXBean
[INFO] Running org.apache.hadoop.hdds.scm.pipeline.TestSCMPipelineBytesWrittenMetrics
[INFO] Tests run: 1, Failures: 0, Errors: 0, Skipped: 0, Time elapsed: 31.932 s - in org.apache.hadoop.hdds.scm.pipeline.TestSCMPipelineBytesWrittenMetrics
[INFO] Running org.apache.hadoop.hdds.scm.pipeline.TestPipelineClose
[INFO] Tests run: 4, Failures: 0, Errors: 0, Skipped: 0, Time elapsed: 78.787 s - in org.apache.hadoop.hdds.scm.pipeline.TestPipelineClose
[INFO] Running org.apache.hadoop.hdds.scm.pipeline.TestNodeFailure
[INFO] Tests run: 1, Failures: 0, Errors: 0, Skipped: 0, Time elapsed: 54.76 s - in org.apache.hadoop.hdds.scm.pipeline.TestNodeFailure
[INFO] Running org.apache.hadoop.hdds.scm.pipeline.TestMultiRaftSetup
[INFO] Tests run: 3, Failures: 0, Errors: 0, Skipped: 0, Time elapsed: 55.657 s - in org.apache.hadoop.hdds.scm.pipeline.TestMultiRaftSetup
[INFO] Running org.apache.hadoop.hdds.scm.pipeline.TestRatisPipelineCreateAndDestroy
[ERROR] Tests run: 3, Failures: 0, Errors: 1, Skipped: 0, Time elapsed: 238.328 s <<< FAILURE! - in org.apache.hadoop.hdds.scm.pipeline.TestRatisPipelineCreateAndDestroy
[ERROR] org.apache.hadoop.hdds.scm.pipeline.TestRatisPipelineCreateAndDestroy.testPipelineCreationOnNodeRestart  Time elapsed: 190.21 s  <<< ERROR!
java.util.concurrent.TimeoutException: testPipelineCreationOnNodeRestart() timed out after 180000 milliseconds
	at java.util.ArrayList.forEach(ArrayList.java:1259)
	at java.util.ArrayList.forEach(ArrayList.java:1259)

[INFO] Running org.apache.hadoop.hdds.scm.pipeline.TestNode2PipelineMap
[INFO] Tests run: 1, Failures: 0, Errors: 0, Skipped: 0, Time elapsed: 22.76 s - in org.apache.hadoop.hdds.scm.pipeline.TestNode2PipelineMap
[INFO] Running org.apache.hadoop.hdds.scm.pipeline.TestSCMRestart
[INFO] Tests run: 1, Failures: 0, Errors: 0, Skipped: 0, Time elapsed: 26.847 s - in org.apache.hadoop.hdds.scm.pipeline.TestSCMRestart
[INFO] Running org.apache.hadoop.hdds.scm.node.TestQueryNode
[INFO] Tests run: 3, Failures: 0, Errors: 0, Skipped: 0, Time elapsed: 63.636 s - in org.apache.hadoop.hdds.scm.node.TestQueryNode
[INFO] Running org.apache.hadoop.hdds.scm.TestSCMDbCheckpointServlet
[INFO] Tests run: 3, Failures: 0, Errors: 0, Skipped: 0, Time elapsed: 58.482 s - in org.apache.hadoop.hdds.scm.TestSCMDbCheckpointServlet
[INFO] Running org.apache.hadoop.hdds.scm.TestXceiverClientGrpc
[INFO] Tests run: 6, Failures: 0, Errors: 0, Skipped: 0, Time elapsed: 1.286 s - in org.apache.hadoop.hdds.scm.TestXceiverClientGrpc
[INFO] Running org.apache.hadoop.hdds.scm.TestSCMNodeManagerMXBean
[INFO] Tests run: 2, Failures: 0, Errors: 0, Skipped: 0, Time elapsed: 23.451 s - in org.apache.hadoop.hdds.scm.TestSCMNodeManagerMXBean
[INFO] Running org.apache.hadoop.hdds.scm.TestCloseContainer
[INFO] Tests run: 2, Failures: 0, Errors: 0, Skipped: 0, Time elapsed: 54.006 s - in org.apache.hadoop.hdds.scm.TestCloseContainer
[INFO] Running org.apache.hadoop.hdds.scm.TestXceiverClientManager
[INFO] Tests run: 5, Failures: 0, Errors: 0, Skipped: 0, Time elapsed: 24.54 s - in org.apache.hadoop.hdds.scm.TestXceiverClientManager
[INFO] Running org.apache.hadoop.hdds.scm.TestSecretKeysApi
[INFO] Tests run: 4, Failures: 0, Errors: 0, Skipped: 0, Time elapsed: 181.193 s - in org.apache.hadoop.hdds.scm.TestSecretKeysApi
[INFO] Running org.apache.hadoop.hdds.scm.TestStorageContainerManagerHA
[INFO] Tests run: 3, Failures: 0, Errors: 0, Skipped: 0, Time elapsed: 122.775 s - in org.apache.hadoop.hdds.scm.TestStorageContainerManagerHA
[INFO] Running org.apache.hadoop.hdds.scm.container.TestContainerStateManagerIntegration
[INFO] Tests run: 6, Failures: 0, Errors: 0, Skipped: 0, Time elapsed: 109.332 s - in org.apache.hadoop.hdds.scm.container.TestContainerStateManagerIntegration
[INFO] Running org.apache.hadoop.hdds.scm.container.metrics.TestSCMContainerManagerMetrics
[INFO] Tests run: 2, Failures: 0, Errors: 0, Skipped: 0, Time elapsed: 41.243 s - in org.apache.hadoop.hdds.scm.container.metrics.TestSCMContainerManagerMetrics
[INFO] Running org.apache.hadoop.hdds.scm.container.TestScmApplyTransactionFailure
[INFO] Tests run: 2, Failures: 0, Errors: 0, Skipped: 0, Time elapsed: 35.067 s - in org.apache.hadoop.hdds.scm.container.TestScmApplyTransactionFailure
[INFO] Running org.apache.hadoop.hdds.scm.TestSCMInstallSnapshot
[INFO] Tests run: 1, Failures: 0, Errors: 0, Skipped: 0, Time elapsed: 34.407 s - in org.apache.hadoop.hdds.scm.TestSCMInstallSnapshot
[INFO] Running org.apache.hadoop.hdds.scm.TestSCMMXBean
[INFO] Tests run: 2, Failures: 0, Errors: 0, Skipped: 0, Time elapsed: 23.466 s - in org.apache.hadoop.hdds.scm.TestSCMMXBean
[INFO] Running org.apache.hadoop.hdds.scm.TestAllocateContainer
[INFO] Tests run: 2, Failures: 0, Errors: 0, Skipped: 0, Time elapsed: 23.481 s - in org.apache.hadoop.hdds.scm.TestAllocateContainer
[INFO] Running org.apache.hadoop.hdds.scm.safemode.TestSCMSafeModeWithPipelineRules
[INFO] Tests run: 1, Failures: 0, Errors: 0, Skipped: 0, Time elapsed: 39.394 s - in org.apache.hadoop.hdds.scm.safemode.TestSCMSafeModeWithPipelineRules
[INFO] Running org.apache.hadoop.hdds.scm.TestFailoverWithSCMHA
[INFO] Tests run: 3, Failures: 0, Errors: 0, Skipped: 0, Time elapsed: 117.953 s - in org.apache.hadoop.hdds.scm.TestFailoverWithSCMHA
[INFO] Running org.apache.hadoop.hdds.scm.TestRatisPipelineLeader
[INFO] Tests run: 2, Failures: 0, Errors: 0, Skipped: 0, Time elapsed: 46.302 s - in org.apache.hadoop.hdds.scm.TestRatisPipelineLeader
[INFO] Running org.apache.hadoop.hdds.scm.TestContainerSmallFile
[INFO] Tests run: 4, Failures: 0, Errors: 0, Skipped: 0, Time elapsed: 23.775 s - in org.apache.hadoop.hdds.scm.TestContainerSmallFile
[INFO] Running org.apache.hadoop.hdds.scm.TestXceiverClientMetrics
[INFO] Tests run: 1, Failures: 0, Errors: 0, Skipped: 0, Time elapsed: 25.637 s - in org.apache.hadoop.hdds.scm.TestXceiverClientMetrics
[INFO] Running org.apache.hadoop.hdds.scm.TestSCMContainerPlacementPolicyMetrics
[INFO] Tests run: 1, Failures: 0, Errors: 0, Skipped: 0, Time elapsed: 63.783 s - in org.apache.hadoop.hdds.scm.TestSCMContainerPlacementPolicyMetrics
[INFO] Running org.apache.hadoop.hdds.scm.TestStorageContainerManager
[INFO] Tests run: 15, Failures: 0, Errors: 0, Skipped: 0, Time elapsed: 237.097 s - in org.apache.hadoop.hdds.scm.TestStorageContainerManager
[INFO] Running org.apache.hadoop.hdds.scm.storage.TestCommitWatcher
[INFO] Tests run: 2, Failures: 0, Errors: 0, Skipped: 0, Time elapsed: 83.279 s - in org.apache.hadoop.hdds.scm.storage.TestCommitWatcher
[INFO] Running org.apache.hadoop.hdds.scm.storage.TestContainerCommandsEC
[INFO] Tests run: 16, Failures: 0, Errors: 0, Skipped: 0, Time elapsed: 173.307 s - in org.apache.hadoop.hdds.scm.storage.TestContainerCommandsEC
[INFO] Running org.apache.hadoop.hdds.scm.TestSCMSnapshot
[INFO] Tests run: 1, Failures: 0, Errors: 0, Skipped: 0, Time elapsed: 34.865 s - in org.apache.hadoop.hdds.scm.TestSCMSnapshot
[INFO] 
[INFO] Results:
[INFO] 
[ERROR] Errors: 
[ERROR]   TestRatisPipelineCreateAndDestroy.testPipelineCreationOnNodeRestart Â» Timeout ...
[INFO] 
[ERROR] Tests run: 117, Failures: 0, Errors: 1, Skipped: 0
[INFO] 
[INFO] 
[INFO] ------------------------------------------------------------------------
[INFO] Skipping Apache Ozone Mini Ozone Chaos Tests
[INFO] This project has been banned from the build due to previous failures.
[INFO] ------------------------------------------------------------------------
[INFO] ------------------------------------------------------------------------
[INFO] Reactor Summary for Apache Ozone Integration Tests 1.5.0-SNAPSHOT:
[INFO] 
[INFO] Apache Ozone Integration Tests ..................... FAILURE [44:48 min]
[INFO] Apache Ozone Mini Ozone Chaos Tests ................ SKIPPED
[INFO] ------------------------------------------------------------------------
[INFO] BUILD FAILURE
[INFO] ------------------------------------------------------------------------
[INFO] Total time:  44:48 min
[INFO] Finished at: 2024-02-27T22:09:08Z
[INFO] ------------------------------------------------------------------------
[INFO] 11 goals, 11 executed
[INFO] 
[INFO] Publishing build scan...
[INFO] https://ge.apache.org/s/x5ca5ctecq3gu
[INFO] 
[ERROR] Failed to execute goal org.apache.maven.plugins:maven-surefire-plugin:3.0.0-M5:test (default-test) on project ozone-integration-test: There are test failures.
[ERROR] 
[ERROR] Please refer to /home/runner/work/ozone/ozone/hadoop-ozone/integration-test/target/surefire-reports for the individual test results.
[ERROR] Please refer to dump files (if any exist) [date].dump, [date]-jvmRun[N].dump and [date].dumpstream.
[ERROR] -> [Help 1]
[ERROR] 
[ERROR] To see the full stack trace of the errors, re-run Maven with the -e switch.
[ERROR] Re-run Maven using the -X switch to enable full debug logging.
[ERROR] 
[ERROR] For more information about the errors and possible solutions, please read the following articles:
[ERROR] [Help 1] http://cwiki.apache.org/confluence/display/MAVEN/MojoFailureException
