Apache Maven 3.8.8 (4c87b05d9aedce574290d1acc98575ed5eb6cd39)
Maven home: /usr/share/apache-maven-3.8.8
Java version: 21.0.5, vendor: Eclipse Adoptium, runtime: /usr/lib/jvm/temurin-21-jdk-amd64
Default locale: en, platform encoding: UTF-8
OS name: "linux", version: "5.15.0-1074-azure", arch: "amd64", family: "unix"
[INFO] Scanning for projects...
[INFO] ------------------------------------------------------------------------
[INFO] Detecting the operating system and CPU architecture
[INFO] ------------------------------------------------------------------------
[INFO] os.detected.name: linux
[INFO] os.detected.arch: x86_64
[INFO] os.detected.bitness: 64
[INFO] os.detected.version: 5.15
[INFO] os.detected.version.major: 5
[INFO] os.detected.version.minor: 15
[INFO] os.detected.release: ubuntu
[INFO] os.detected.release.version: 20.04
[INFO] os.detected.release.like.ubuntu: true
[INFO] os.detected.release.like.debian: true
[INFO] os.detected.classifier: linux-x86_64
[INFO] ------------------------------------------------------------------------
[INFO] Reactor Build Order:
[INFO] 
[INFO] Apache Ozone Main                                                  [pom]
[INFO] Apache Ozone Dev Support                                           [jar]
[INFO] Apache Ozone HDDS                                                  [pom]
[INFO] Apache Ozone Annotation Processing                                 [jar]
[INFO] Apache Ozone HDDS Hadoop Client dependencies                       [jar]
[INFO] Apache Ozone HDDS Hadoop Test dependencies                         [jar]
[INFO] Apache Ozone HDDS Hadoop Server dependencies                       [jar]
[INFO] Apache Ozone HDDS Client Interface                                 [jar]
[INFO] Apache Ozone HDDS Admin Interface                                  [jar]
[INFO] Apache Ozone HDDS Server Interface                                 [jar]
[INFO] Apache Ozone HDDS Test Utils                                       [jar]
[INFO] Apache Ozone HDDS Config                                           [jar]
[INFO] Apache Ozone HDDS Common                                           [jar]
[INFO] Apache Ozone HDDS Erasurecode                                      [jar]
[INFO] Apache Ozone HDDS Client                                           [jar]
[INFO] Apache Ozone HDDS Crypto                                           [jar]
[INFO] Apache Ozone HDDS Crypto - Default                                 [jar]
[INFO] Apache Ozone HDDS Managed RocksDB                                  [jar]
[INFO] Apache Ozone HDDS RocksDB Tools                                    [jar]
[INFO] RocksDB Checkpoint Differ                                          [jar]
[INFO] Apache Ozone HDDS Server Framework                                 [jar]
[INFO] Apache Ozone/HDDS Documentation                                    [jar]
[INFO] Apache Ozone HDDS Container Service                                [jar]
[INFO] Apache Ozone HDDS SCM Server                                       [jar]
[INFO] Apache Ozone HDDS Tools                                            [jar]
[INFO] Apache Ozone                                                       [pom]
[INFO] Apache Ozone Client Interface                                      [jar]
[INFO] Apache Ozone Common                                                [jar]
[INFO] Apache Ozone Storage Interface                                     [jar]
[INFO] Apache Ozone Client                                                [jar]
[INFO] Apache Ozone Manager Server                                        [jar]
[INFO] Apache Ozone FileSystem Common                                     [jar]
[INFO] Apache Ozone FileSystem                                            [jar]
[INFO] Apache Ozone Recon CodeGen                                         [jar]
[INFO] Apache Ozone Recon                                                 [jar]
[INFO] Apache Ozone Tools                                                 [jar]
[INFO] Apache Ozone S3 Gateway                                            [jar]
[INFO] Apache Ozone CSI service                                           [jar]
[INFO] Apache Ozone Integration Tests                                     [jar]
[INFO] Apache Ozone Datanode                                              [jar]
[INFO] Apache Ozone Insight Tool                                          [jar]
[INFO] Apache Ozone HttpFS                                                [jar]
[INFO] Apache Ozone S3 Secret Store                                       [jar]
[INFO] Apache Ozone Distribution                                          [jar]
[INFO] Apache Ozone Fault Injection Tests                                 [pom]
[INFO] Apache Ozone Network Tests                                         [jar]
[INFO] Apache Ozone Mini Ozone Chaos Tests                                [jar]
[INFO] 
[INFO] --------------------< org.apache.ozone:ozone-main >---------------------
[INFO] Building Apache Ozone Main 2.0.0-SNAPSHOT                         [1/47]
[INFO]   from pom.xml
[INFO] --------------------------------[ pom ]---------------------------------
[INFO] 
[INFO] --- maven-antrun-plugin:3.1.0:run (create-testdirs) @ ozone-main ---
[INFO] Executing tasks
[INFO]     [mkdir] Created dir: /home/runner/work/ozone/ozone/target/test-dir
[INFO] Executed tasks
[INFO] 
[INFO] --- maven-enforcer-plugin:3.5.0:enforce (enforce-property) @ ozone-main ---
[INFO] Rule 0: org.apache.maven.enforcer.rules.property.RequireProperty passed
[INFO] Rule 1: org.apache.maven.enforcer.rules.version.RequireMavenVersion passed
[INFO] Rule 2: org.apache.maven.enforcer.rules.version.RequireJavaVersion passed
[INFO] 
[INFO] --- jacoco-maven-plugin:0.8.12:prepare-agent (default-prepare-agent) @ ozone-main ---
[INFO] argLine set to -javaagent:/home/runner/.m2/repository/org/jacoco/org.jacoco.agent/0.8.12/org.jacoco.agent-0.8.12-runtime.jar=destfile=/home/runner/work/ozone/ozone/target/jacoco.exec,includes=org.apache.hadoop.hdds.*:org.apache.hadoop.ozone.*:org.apache.hadoop.fs.ozone.*:org.apache.ozone.*:org.hadoop.ozone.*
[INFO] 
[INFO] --- maven-enforcer-plugin:3.5.0:enforce (banned-rocksdb-imports) @ ozone-main ---
[INFO] Rule 0: org.apache.maven.plugins.enforcer.RestrictImports passed
[INFO] 
[INFO] --- maven-enforcer-plugin:3.5.0:enforce (ban-imports) @ ozone-main ---
[INFO] Rule 0: org.apache.maven.plugins.enforcer.RestrictImports passed
[INFO] Rule 1: org.apache.maven.plugins.enforcer.RestrictImports passed
[INFO] Rule 2: org.apache.maven.plugins.enforcer.RestrictImports passed
[INFO] Rule 3: org.apache.maven.plugins.enforcer.RestrictImports passed
[WARNING] EXPERIMENTAL FEATURE enabled. You have enabled full-compilation-unit parsing. Please be aware that experimental features might get removed or changed. Please share your feedback!
[INFO] Rule 4: org.apache.maven.plugins.enforcer.RestrictImports passed
[INFO] Rule 5: org.apache.maven.plugins.enforcer.RestrictImports passed
[INFO] Rule 6: org.apache.maven.plugins.enforcer.RestrictImports passed
[INFO] 
[INFO] --- maven-enforcer-plugin:3.5.0:enforce (ban-annotations) @ ozone-main ---
[INFO] Rule 0: org.apache.maven.plugins.enforcer.RestrictImports passed
[INFO] 
[INFO] --- maven-dependency-plugin:3.8.1:build-classpath (add-classpath-descriptor) @ ozone-main ---
[INFO] Skipping plugin execution
[INFO] 
[INFO] --- maven-dependency-plugin:3.8.1:copy-dependencies (copy-jars) @ ozone-main ---
[INFO] Skipping plugin execution
[INFO] 
[INFO] -----------------< org.apache.ozone:ozone-dev-support >-----------------
[INFO] Building Apache Ozone Dev Support 2.0.0-SNAPSHOT                  [2/47]
[INFO]   from dev-support/pom.xml
[INFO] --------------------------------[ jar ]---------------------------------
[INFO] 
[INFO] --- maven-resources-plugin:3.3.0:copy-resources (copy-resources) @ ozone-dev-support ---
[INFO] Copying 2 resources
[INFO] 
[INFO] --- maven-antrun-plugin:3.1.0:run (create-testdirs) @ ozone-dev-support ---
[INFO] Executing tasks
[INFO]     [mkdir] Created dir: /home/runner/work/ozone/ozone/dev-support/target/test-dir
[INFO] Executed tasks
[INFO] 
[INFO] --- jacoco-maven-plugin:0.8.12:prepare-agent (default-prepare-agent) @ ozone-dev-support ---
[INFO] argLine set to -javaagent:/home/runner/.m2/repository/org/jacoco/org.jacoco.agent/0.8.12/org.jacoco.agent-0.8.12-runtime.jar=destfile=/home/runner/work/ozone/ozone/dev-support/target/jacoco.exec,includes=org.apache.hadoop.hdds.*:org.apache.hadoop.ozone.*:org.apache.hadoop.fs.ozone.*:org.apache.ozone.*:org.hadoop.ozone.*
[INFO] 
[INFO] --- maven-enforcer-plugin:3.5.0:enforce (banned-rocksdb-imports) @ ozone-dev-support ---
[INFO] Rule 0: org.apache.maven.plugins.enforcer.RestrictImports passed
[INFO] 
[INFO] --- maven-enforcer-plugin:3.5.0:enforce (ban-imports) @ ozone-dev-support ---
[INFO] Rule 0: org.apache.maven.plugins.enforcer.RestrictImports passed
[INFO] Rule 1: org.apache.maven.plugins.enforcer.RestrictImports passed
[INFO] Rule 2: org.apache.maven.plugins.enforcer.RestrictImports passed
[INFO] Rule 3: org.apache.maven.plugins.enforcer.RestrictImports passed
[WARNING] EXPERIMENTAL FEATURE enabled. You have enabled full-compilation-unit parsing. Please be aware that experimental features might get removed or changed. Please share your feedback!
[INFO] Rule 4: org.apache.maven.plugins.enforcer.RestrictImports passed
[INFO] Rule 5: org.apache.maven.plugins.enforcer.RestrictImports passed
[INFO] Rule 6: org.apache.maven.plugins.enforcer.RestrictImports passed
[INFO] 
[INFO] --- maven-enforcer-plugin:3.5.0:enforce (ban-annotations) @ ozone-dev-support ---
[INFO] Rule 0: org.apache.maven.plugins.enforcer.RestrictImports passed
[INFO] 
[INFO] --- maven-resources-plugin:3.3.0:resources (default-resources) @ ozone-dev-support ---
[INFO] Copying 2 resources to META-INF
[INFO] 
[INFO] --- maven-remote-resources-plugin:1.7.0:bundle (default) @ ozone-dev-support ---
[INFO] Writing META-INF/maven/remote-resources.xml descriptor with 2 entries
[INFO] 
[INFO] --- maven-compiler-plugin:3.9.0:compile (default-compile) @ ozone-dev-support ---
[INFO] No sources to compile
[INFO] 
[INFO] --- maven-resources-plugin:3.3.0:testResources (default-testResources) @ ozone-dev-support ---
[INFO] skip non existing resourceDirectory /home/runner/work/ozone/ozone/dev-support/src/test/resources
[INFO] 
[INFO] --- maven-compiler-plugin:3.9.0:testCompile (default-testCompile) @ ozone-dev-support ---
[INFO] No sources to compile
[INFO] 
[INFO] --- maven-surefire-plugin:3.0.0-M4:test (default-test) @ ozone-dev-support ---
[INFO] No tests to run.
[INFO] No tests to run.
[INFO] 
[INFO] --- maven-dependency-plugin:3.8.1:build-classpath (add-classpath-descriptor) @ ozone-dev-support ---
[INFO] Skipping plugin execution
[INFO] 
[INFO] --- maven-dependency-plugin:3.8.1:copy-dependencies (copy-jars) @ ozone-dev-support ---
[INFO] Skipping plugin execution
[INFO] 
[INFO] --- maven-jar-plugin:3.4.2:jar (default-jar) @ ozone-dev-support ---
[INFO] Building jar: /home/runner/work/ozone/ozone/dev-support/target/ozone-dev-support-2.0.0-SNAPSHOT.jar
[INFO] 
[INFO] -----------------------< org.apache.ozone:hdds >------------------------
[INFO] Building Apache Ozone HDDS 2.0.0-SNAPSHOT                         [3/47]
[INFO]   from hadoop-hdds/pom.xml
[INFO] --------------------------------[ pom ]---------------------------------
[INFO] 
[INFO] --- maven-antrun-plugin:3.1.0:run (create-testdirs) @ hdds ---
[INFO] Executing tasks
[INFO]     [mkdir] Created dir: /home/runner/work/ozone/ozone/hadoop-hdds/target/test-dir
[INFO] Executed tasks
[INFO] 
[INFO] --- jacoco-maven-plugin:0.8.12:prepare-agent (default-prepare-agent) @ hdds ---
[INFO] argLine set to -javaagent:/home/runner/.m2/repository/org/jacoco/org.jacoco.agent/0.8.12/org.jacoco.agent-0.8.12-runtime.jar=destfile=/home/runner/work/ozone/ozone/hadoop-hdds/target/jacoco.exec,includes=org.apache.hadoop.hdds.*:org.apache.hadoop.ozone.*:org.apache.hadoop.fs.ozone.*:org.apache.ozone.*:org.hadoop.ozone.*
[INFO] 
[INFO] --- maven-enforcer-plugin:3.5.0:enforce (banned-rocksdb-imports) @ hdds ---
[INFO] Rule 0: org.apache.maven.plugins.enforcer.RestrictImports passed
[INFO] 
[INFO] --- maven-enforcer-plugin:3.5.0:enforce (ban-imports) @ hdds ---
[INFO] Rule 0: org.apache.maven.plugins.enforcer.RestrictImports passed
[INFO] Rule 1: org.apache.maven.plugins.enforcer.RestrictImports passed
[INFO] Rule 2: org.apache.maven.plugins.enforcer.RestrictImports passed
[INFO] Rule 3: org.apache.maven.plugins.enforcer.RestrictImports passed
[WARNING] EXPERIMENTAL FEATURE enabled. You have enabled full-compilation-unit parsing. Please be aware that experimental features might get removed or changed. Please share your feedback!
[INFO] Rule 4: org.apache.maven.plugins.enforcer.RestrictImports passed
[INFO] Rule 5: org.apache.maven.plugins.enforcer.RestrictImports passed
[INFO] Rule 6: org.apache.maven.plugins.enforcer.RestrictImports passed
[INFO] 
[INFO] --- maven-enforcer-plugin:3.5.0:enforce (ban-annotations) @ hdds ---
[INFO] Rule 0: org.apache.maven.plugins.enforcer.RestrictImports passed
[INFO] 
[INFO] --- maven-remote-resources-plugin:1.7.0:process (default) @ hdds ---
[INFO] Preparing remote bundle org.apache.ozone:ozone-dev-support:2.0.0-SNAPSHOT
[INFO] Copying 2 resources from 1 bundle.
[INFO] 
[INFO] --- maven-dependency-plugin:3.8.1:build-classpath (add-classpath-descriptor) @ hdds ---
[INFO] Skipping plugin execution
[INFO] 
[INFO] --- maven-dependency-plugin:3.8.1:copy-dependencies (copy-jars) @ hdds ---
[INFO] Skipping plugin execution
[INFO] 
[INFO] --- maven-jar-plugin:3.4.2:test-jar (default) @ hdds ---
[WARNING] JAR will be empty - no content was marked for inclusion!
[INFO] Building jar: /home/runner/work/ozone/ozone/hadoop-hdds/target/hdds-2.0.0-SNAPSHOT-tests.jar
[INFO] 
[INFO] ------------< org.apache.ozone:hdds-annotation-processing >-------------
[INFO] Building Apache Ozone Annotation Processing 2.0.0-SNAPSHOT        [4/47]
[INFO]   from hadoop-hdds/annotations/pom.xml
[INFO] --------------------------------[ jar ]---------------------------------
[INFO] 
[INFO] --- maven-antrun-plugin:3.1.0:run (create-testdirs) @ hdds-annotation-processing ---
[INFO] Executing tasks
[INFO]     [mkdir] Created dir: /home/runner/work/ozone/ozone/hadoop-hdds/annotations/target/test-dir
[INFO] Executed tasks
[INFO] 
[INFO] --- jacoco-maven-plugin:0.8.12:prepare-agent (default-prepare-agent) @ hdds-annotation-processing ---
[INFO] argLine set to -javaagent:/home/runner/.m2/repository/org/jacoco/org.jacoco.agent/0.8.12/org.jacoco.agent-0.8.12-runtime.jar=destfile=/home/runner/work/ozone/ozone/hadoop-hdds/annotations/target/jacoco.exec,includes=org.apache.hadoop.hdds.*:org.apache.hadoop.ozone.*:org.apache.hadoop.fs.ozone.*:org.apache.ozone.*:org.hadoop.ozone.*
[INFO] 
[INFO] --- maven-enforcer-plugin:3.5.0:enforce (banned-rocksdb-imports) @ hdds-annotation-processing ---
[INFO] Rule 0: org.apache.maven.plugins.enforcer.RestrictImports passed
[INFO] 
[INFO] --- maven-enforcer-plugin:3.5.0:enforce (ban-imports) @ hdds-annotation-processing ---
[INFO] Rule 0: org.apache.maven.plugins.enforcer.RestrictImports passed
[INFO] Rule 1: org.apache.maven.plugins.enforcer.RestrictImports passed
[INFO] Rule 2: org.apache.maven.plugins.enforcer.RestrictImports passed
[INFO] Rule 3: org.apache.maven.plugins.enforcer.RestrictImports passed
[WARNING] EXPERIMENTAL FEATURE enabled. You have enabled full-compilation-unit parsing. Please be aware that experimental features might get removed or changed. Please share your feedback!
[INFO] Rule 4: org.apache.maven.plugins.enforcer.RestrictImports passed
[INFO] Rule 5: org.apache.maven.plugins.enforcer.RestrictImports passed
[INFO] Rule 6: org.apache.maven.plugins.enforcer.RestrictImports passed
[INFO] 
[INFO] --- maven-enforcer-plugin:3.5.0:enforce (ban-annotations) @ hdds-annotation-processing ---
[INFO] Rule 0: org.apache.maven.plugins.enforcer.RestrictImports passed
[INFO] 
[INFO] --- maven-remote-resources-plugin:1.7.0:process (default) @ hdds-annotation-processing ---
[INFO] Preparing remote bundle org.apache.ozone:ozone-dev-support:2.0.0-SNAPSHOT
[INFO] Copying 2 resources from 1 bundle.
[INFO] 
[INFO] --- maven-resources-plugin:3.3.0:resources (default-resources) @ hdds-annotation-processing ---
[INFO] skip non existing resourceDirectory /home/runner/work/ozone/ozone/hadoop-hdds/annotations/src/main/resources
[INFO] Copying 2 resources
[INFO] 
[INFO] --- maven-compiler-plugin:3.9.0:compile (default-compile) @ hdds-annotation-processing ---
[INFO] Compiling 3 source files to /home/runner/work/ozone/ozone/hadoop-hdds/annotations/target/classes
[INFO] 
[INFO] --- maven-resources-plugin:3.3.0:testResources (default-testResources) @ hdds-annotation-processing ---
[INFO] Not copying test resources
[INFO] 
[INFO] --- maven-compiler-plugin:3.9.0:testCompile (default-testCompile) @ hdds-annotation-processing ---
[INFO] Skipped
[INFO] 
[INFO] --- maven-surefire-plugin:3.0.0-M4:test (default-test) @ hdds-annotation-processing ---
[INFO] Tests are skipped.
[INFO] Skipped
[INFO] 
[INFO] --- maven-dependency-plugin:3.8.1:build-classpath (add-classpath-descriptor) @ hdds-annotation-processing ---
[INFO] Skipping plugin execution
[INFO] 
[INFO] --- maven-dependency-plugin:3.8.1:copy-dependencies (copy-jars) @ hdds-annotation-processing ---
[INFO] Skipping plugin execution
[INFO] 
[INFO] --- maven-jar-plugin:3.4.2:jar (default-jar) @ hdds-annotation-processing ---
[INFO] Building jar: /home/runner/work/ozone/ozone/hadoop-hdds/annotations/target/hdds-annotation-processing-2.0.0-SNAPSHOT.jar
[INFO] 
[INFO] --- maven-jar-plugin:3.4.2:test-jar (default) @ hdds-annotation-processing ---
[INFO] Skipping packaging of the test-jar
[INFO] 
[INFO] -----------< org.apache.ozone:hdds-hadoop-dependency-client >-----------
[INFO] Building Apache Ozone HDDS Hadoop Client dependencies 2.0.0-SNAPSHOT [5/47]
[INFO]   from hadoop-hdds/hadoop-dependency-client/pom.xml
[INFO] --------------------------------[ jar ]---------------------------------
[INFO] 
[INFO] --- maven-antrun-plugin:3.1.0:run (create-testdirs) @ hdds-hadoop-dependency-client ---
[INFO] Executing tasks
[INFO]     [mkdir] Created dir: /home/runner/work/ozone/ozone/hadoop-hdds/hadoop-dependency-client/target/test-dir
[INFO] Executed tasks
[INFO] 
[INFO] --- jacoco-maven-plugin:0.8.12:prepare-agent (default-prepare-agent) @ hdds-hadoop-dependency-client ---
[INFO] argLine set to -javaagent:/home/runner/.m2/repository/org/jacoco/org.jacoco.agent/0.8.12/org.jacoco.agent-0.8.12-runtime.jar=destfile=/home/runner/work/ozone/ozone/hadoop-hdds/hadoop-dependency-client/target/jacoco.exec,includes=org.apache.hadoop.hdds.*:org.apache.hadoop.ozone.*:org.apache.hadoop.fs.ozone.*:org.apache.ozone.*:org.hadoop.ozone.*
[INFO] 
[INFO] --- maven-enforcer-plugin:3.5.0:enforce (banned-rocksdb-imports) @ hdds-hadoop-dependency-client ---
[INFO] Rule 0: org.apache.maven.plugins.enforcer.RestrictImports passed
[INFO] 
[INFO] --- maven-enforcer-plugin:3.5.0:enforce (ban-imports) @ hdds-hadoop-dependency-client ---
[INFO] Rule 0: org.apache.maven.plugins.enforcer.RestrictImports passed
[INFO] Rule 1: org.apache.maven.plugins.enforcer.RestrictImports passed
[INFO] Rule 2: org.apache.maven.plugins.enforcer.RestrictImports passed
[INFO] Rule 3: org.apache.maven.plugins.enforcer.RestrictImports passed
[WARNING] EXPERIMENTAL FEATURE enabled. You have enabled full-compilation-unit parsing. Please be aware that experimental features might get removed or changed. Please share your feedback!
[INFO] Rule 4: org.apache.maven.plugins.enforcer.RestrictImports passed
[INFO] Rule 5: org.apache.maven.plugins.enforcer.RestrictImports passed
[INFO] Rule 6: org.apache.maven.plugins.enforcer.RestrictImports passed
[INFO] 
[INFO] --- maven-enforcer-plugin:3.5.0:enforce (ban-annotations) @ hdds-hadoop-dependency-client ---
[INFO] Rule 0: org.apache.maven.plugins.enforcer.RestrictImports passed
[INFO] 
[INFO] --- maven-remote-resources-plugin:1.7.0:process (default) @ hdds-hadoop-dependency-client ---
[INFO] Preparing remote bundle org.apache.ozone:ozone-dev-support:2.0.0-SNAPSHOT
[INFO] Copying 2 resources from 1 bundle.
[INFO] 
[INFO] --- maven-resources-plugin:3.3.0:resources (default-resources) @ hdds-hadoop-dependency-client ---
[INFO] skip non existing resourceDirectory /home/runner/work/ozone/ozone/hadoop-hdds/hadoop-dependency-client/src/main/resources
[INFO] Copying 2 resources
[INFO] 
[INFO] --- maven-compiler-plugin:3.9.0:compile (default-compile) @ hdds-hadoop-dependency-client ---
[INFO] No sources to compile
[INFO] 
[INFO] --- maven-resources-plugin:3.3.0:testResources (default-testResources) @ hdds-hadoop-dependency-client ---
[INFO] Not copying test resources
[INFO] 
[INFO] --- maven-compiler-plugin:3.9.0:testCompile (default-testCompile) @ hdds-hadoop-dependency-client ---
[INFO] Skipped
[INFO] 
[INFO] --- maven-surefire-plugin:3.0.0-M4:test (default-test) @ hdds-hadoop-dependency-client ---
[INFO] Tests are skipped.
[INFO] Skipped
[INFO] 
[INFO] --- maven-dependency-plugin:3.8.1:build-classpath (add-classpath-descriptor) @ hdds-hadoop-dependency-client ---
[INFO] Skipping plugin execution
[INFO] 
[INFO] --- maven-dependency-plugin:3.8.1:copy-dependencies (copy-jars) @ hdds-hadoop-dependency-client ---
[INFO] Skipping plugin execution
[INFO] 
[INFO] --- maven-jar-plugin:3.4.2:jar (default-jar) @ hdds-hadoop-dependency-client ---
[INFO] Building jar: /home/runner/work/ozone/ozone/hadoop-hdds/hadoop-dependency-client/target/hdds-hadoop-dependency-client-2.0.0-SNAPSHOT.jar
[INFO] 
[INFO] --- maven-jar-plugin:3.4.2:test-jar (default) @ hdds-hadoop-dependency-client ---
[INFO] Skipping packaging of the test-jar
[INFO] 
[INFO] ------------< org.apache.ozone:hdds-hadoop-dependency-test >------------
[INFO] Building Apache Ozone HDDS Hadoop Test dependencies 2.0.0-SNAPSHOT [6/47]
[INFO]   from hadoop-hdds/hadoop-dependency-test/pom.xml
[INFO] --------------------------------[ jar ]---------------------------------
[INFO] 
[INFO] --- maven-antrun-plugin:3.1.0:run (create-testdirs) @ hdds-hadoop-dependency-test ---
[INFO] Executing tasks
[INFO]     [mkdir] Created dir: /home/runner/work/ozone/ozone/hadoop-hdds/hadoop-dependency-test/target/test-dir
[INFO] Executed tasks
[INFO] 
[INFO] --- jacoco-maven-plugin:0.8.12:prepare-agent (default-prepare-agent) @ hdds-hadoop-dependency-test ---
[INFO] argLine set to -javaagent:/home/runner/.m2/repository/org/jacoco/org.jacoco.agent/0.8.12/org.jacoco.agent-0.8.12-runtime.jar=destfile=/home/runner/work/ozone/ozone/hadoop-hdds/hadoop-dependency-test/target/jacoco.exec,includes=org.apache.hadoop.hdds.*:org.apache.hadoop.ozone.*:org.apache.hadoop.fs.ozone.*:org.apache.ozone.*:org.hadoop.ozone.*
[INFO] 
[INFO] --- maven-enforcer-plugin:3.5.0:enforce (banned-rocksdb-imports) @ hdds-hadoop-dependency-test ---
[INFO] Rule 0: org.apache.maven.plugins.enforcer.RestrictImports passed
[INFO] 
[INFO] --- maven-enforcer-plugin:3.5.0:enforce (ban-imports) @ hdds-hadoop-dependency-test ---
[INFO] Rule 0: org.apache.maven.plugins.enforcer.RestrictImports passed
[INFO] Rule 1: org.apache.maven.plugins.enforcer.RestrictImports passed
[INFO] Rule 2: org.apache.maven.plugins.enforcer.RestrictImports passed
[INFO] Rule 3: org.apache.maven.plugins.enforcer.RestrictImports passed
[WARNING] EXPERIMENTAL FEATURE enabled. You have enabled full-compilation-unit parsing. Please be aware that experimental features might get removed or changed. Please share your feedback!
[INFO] Rule 4: org.apache.maven.plugins.enforcer.RestrictImports passed
[INFO] Rule 5: org.apache.maven.plugins.enforcer.RestrictImports passed
[INFO] Rule 6: org.apache.maven.plugins.enforcer.RestrictImports passed
[INFO] 
[INFO] --- maven-enforcer-plugin:3.5.0:enforce (ban-annotations) @ hdds-hadoop-dependency-test ---
[INFO] Rule 0: org.apache.maven.plugins.enforcer.RestrictImports passed
[INFO] 
[INFO] --- maven-remote-resources-plugin:1.7.0:process (default) @ hdds-hadoop-dependency-test ---
[INFO] Preparing remote bundle org.apache.ozone:ozone-dev-support:2.0.0-SNAPSHOT
[INFO] Copying 2 resources from 1 bundle.
[INFO] 
[INFO] --- maven-resources-plugin:3.3.0:resources (default-resources) @ hdds-hadoop-dependency-test ---
[INFO] skip non existing resourceDirectory /home/runner/work/ozone/ozone/hadoop-hdds/hadoop-dependency-test/src/main/resources
[INFO] Copying 2 resources
[INFO] 
[INFO] --- maven-compiler-plugin:3.9.0:compile (default-compile) @ hdds-hadoop-dependency-test ---
[INFO] No sources to compile
[INFO] 
[INFO] --- maven-resources-plugin:3.3.0:testResources (default-testResources) @ hdds-hadoop-dependency-test ---
[INFO] Not copying test resources
[INFO] 
[INFO] --- maven-compiler-plugin:3.9.0:testCompile (default-testCompile) @ hdds-hadoop-dependency-test ---
[INFO] Skipped
[INFO] 
[INFO] --- maven-surefire-plugin:3.0.0-M4:test (default-test) @ hdds-hadoop-dependency-test ---
[INFO] Tests are skipped.
[INFO] Skipped
[INFO] 
[INFO] --- maven-dependency-plugin:3.8.1:build-classpath (add-classpath-descriptor) @ hdds-hadoop-dependency-test ---
[INFO] Skipping plugin execution
[INFO] 
[INFO] --- maven-dependency-plugin:3.8.1:copy-dependencies (copy-jars) @ hdds-hadoop-dependency-test ---
[INFO] Skipping plugin execution
[INFO] 
[INFO] --- maven-jar-plugin:3.4.2:jar (default-jar) @ hdds-hadoop-dependency-test ---
[INFO] Building jar: /home/runner/work/ozone/ozone/hadoop-hdds/hadoop-dependency-test/target/hdds-hadoop-dependency-test-2.0.0-SNAPSHOT.jar
[INFO] 
[INFO] --- maven-jar-plugin:3.4.2:test-jar (default) @ hdds-hadoop-dependency-test ---
[INFO] Skipping packaging of the test-jar
[INFO] 
[INFO] -----------< org.apache.ozone:hdds-hadoop-dependency-server >-----------
[INFO] Building Apache Ozone HDDS Hadoop Server dependencies 2.0.0-SNAPSHOT [7/47]
[INFO]   from hadoop-hdds/hadoop-dependency-server/pom.xml
[INFO] --------------------------------[ jar ]---------------------------------
[INFO] 
[INFO] --- maven-antrun-plugin:3.1.0:run (create-testdirs) @ hdds-hadoop-dependency-server ---
[INFO] Executing tasks
[INFO]     [mkdir] Created dir: /home/runner/work/ozone/ozone/hadoop-hdds/hadoop-dependency-server/target/test-dir
[INFO] Executed tasks
[INFO] 
[INFO] --- jacoco-maven-plugin:0.8.12:prepare-agent (default-prepare-agent) @ hdds-hadoop-dependency-server ---
[INFO] argLine set to -javaagent:/home/runner/.m2/repository/org/jacoco/org.jacoco.agent/0.8.12/org.jacoco.agent-0.8.12-runtime.jar=destfile=/home/runner/work/ozone/ozone/hadoop-hdds/hadoop-dependency-server/target/jacoco.exec,includes=org.apache.hadoop.hdds.*:org.apache.hadoop.ozone.*:org.apache.hadoop.fs.ozone.*:org.apache.ozone.*:org.hadoop.ozone.*
[INFO] 
[INFO] --- maven-enforcer-plugin:3.5.0:enforce (banned-rocksdb-imports) @ hdds-hadoop-dependency-server ---
[INFO] Rule 0: org.apache.maven.plugins.enforcer.RestrictImports passed
[INFO] 
[INFO] --- maven-enforcer-plugin:3.5.0:enforce (ban-imports) @ hdds-hadoop-dependency-server ---
[INFO] Rule 0: org.apache.maven.plugins.enforcer.RestrictImports passed
[INFO] Rule 1: org.apache.maven.plugins.enforcer.RestrictImports passed
[INFO] Rule 2: org.apache.maven.plugins.enforcer.RestrictImports passed
[INFO] Rule 3: org.apache.maven.plugins.enforcer.RestrictImports passed
[WARNING] EXPERIMENTAL FEATURE enabled. You have enabled full-compilation-unit parsing. Please be aware that experimental features might get removed or changed. Please share your feedback!
[INFO] Rule 4: org.apache.maven.plugins.enforcer.RestrictImports passed
[INFO] Rule 5: org.apache.maven.plugins.enforcer.RestrictImports passed
[INFO] Rule 6: org.apache.maven.plugins.enforcer.RestrictImports passed
[INFO] 
[INFO] --- maven-enforcer-plugin:3.5.0:enforce (ban-annotations) @ hdds-hadoop-dependency-server ---
[INFO] Rule 0: org.apache.maven.plugins.enforcer.RestrictImports passed
[INFO] 
[INFO] --- maven-remote-resources-plugin:1.7.0:process (default) @ hdds-hadoop-dependency-server ---
[INFO] Preparing remote bundle org.apache.ozone:ozone-dev-support:2.0.0-SNAPSHOT
[INFO] Copying 2 resources from 1 bundle.
[INFO] 
[INFO] --- maven-resources-plugin:3.3.0:resources (default-resources) @ hdds-hadoop-dependency-server ---
[INFO] skip non existing resourceDirectory /home/runner/work/ozone/ozone/hadoop-hdds/hadoop-dependency-server/src/main/resources
[INFO] Copying 2 resources
[INFO] 
[INFO] --- maven-compiler-plugin:3.9.0:compile (default-compile) @ hdds-hadoop-dependency-server ---
[INFO] No sources to compile
[INFO] 
[INFO] --- maven-resources-plugin:3.3.0:testResources (default-testResources) @ hdds-hadoop-dependency-server ---
[INFO] Not copying test resources
[INFO] 
[INFO] --- maven-compiler-plugin:3.9.0:testCompile (default-testCompile) @ hdds-hadoop-dependency-server ---
[INFO] Skipped
[INFO] 
[INFO] --- maven-surefire-plugin:3.0.0-M4:test (default-test) @ hdds-hadoop-dependency-server ---
[INFO] Tests are skipped.
[INFO] Skipped
[INFO] 
[INFO] --- maven-dependency-plugin:3.8.1:build-classpath (add-classpath-descriptor) @ hdds-hadoop-dependency-server ---
[INFO] Skipping plugin execution
[INFO] 
[INFO] --- maven-dependency-plugin:3.8.1:copy-dependencies (copy-jars) @ hdds-hadoop-dependency-server ---
[INFO] Skipping plugin execution
[INFO] 
[INFO] --- maven-jar-plugin:3.4.2:jar (default-jar) @ hdds-hadoop-dependency-server ---
[INFO] Building jar: /home/runner/work/ozone/ozone/hadoop-hdds/hadoop-dependency-server/target/hdds-hadoop-dependency-server-2.0.0-SNAPSHOT.jar
[INFO] 
[INFO] --- maven-jar-plugin:3.4.2:test-jar (default) @ hdds-hadoop-dependency-server ---
[INFO] Skipping packaging of the test-jar
[INFO] 
[INFO] ---------------< org.apache.ozone:hdds-interface-client >---------------
[INFO] Building Apache Ozone HDDS Client Interface 2.0.0-SNAPSHOT        [8/47]
[INFO]   from hadoop-hdds/interface-client/pom.xml
[INFO] --------------------------------[ jar ]---------------------------------
[INFO] 
[INFO] --- maven-antrun-plugin:3.1.0:run (create-testdirs) @ hdds-interface-client ---
[INFO] Executing tasks
[INFO]     [mkdir] Created dir: /home/runner/work/ozone/ozone/hadoop-hdds/interface-client/target/test-dir
[INFO] Executed tasks
[INFO] 
[INFO] --- jacoco-maven-plugin:0.8.12:prepare-agent (default-prepare-agent) @ hdds-interface-client ---
[INFO] argLine set to -javaagent:/home/runner/.m2/repository/org/jacoco/org.jacoco.agent/0.8.12/org.jacoco.agent-0.8.12-runtime.jar=destfile=/home/runner/work/ozone/ozone/hadoop-hdds/interface-client/target/jacoco.exec,includes=org.apache.hadoop.hdds.*:org.apache.hadoop.ozone.*:org.apache.hadoop.fs.ozone.*:org.apache.ozone.*:org.hadoop.ozone.*
[INFO] 
[INFO] --- protobuf-maven-plugin:0.6.1:compile (compile-protoc-grpc) @ hdds-interface-client ---
[INFO] Compiling 1 proto file(s) to /home/runner/work/ozone/ozone/hadoop-hdds/interface-client/target/generated-sources/java
[INFO] 
[INFO] --- protobuf-maven-plugin:0.6.1:compile-custom (compile-protoc-grpc) @ hdds-interface-client ---
[INFO] Compiling 1 proto file(s) to /home/runner/work/ozone/ozone/hadoop-hdds/interface-client/target/generated-sources/java
[INFO] 
[INFO] --- protobuf-maven-plugin:0.6.1:compile (compile-protoc-2) @ hdds-interface-client ---
[INFO] Compiling 2 proto file(s) to /home/runner/work/ozone/ozone/hadoop-hdds/interface-client/target/generated-sources/java
[INFO] 
[INFO] --- protobuf-maven-plugin:0.6.1:compile (compile-protoc-3) @ hdds-interface-client ---
[INFO] Compiling 2 proto file(s) to /home/runner/work/ozone/ozone/hadoop-hdds/interface-client/target/generated-sources/java/proto3
[INFO] 
[INFO] --- maven-antrun-plugin:3.1.0:run (default) @ hdds-interface-client ---
[INFO] Executing tasks
[INFO]      [move] Moving 2 files to /home/runner/work/ozone/ozone/hadoop-hdds/interface-client/target/generated-sources
[INFO] Executed tasks
[INFO] 
[INFO] --- maven-enforcer-plugin:3.5.0:enforce (banned-rocksdb-imports) @ hdds-interface-client ---
[INFO] Rule 0: org.apache.maven.plugins.enforcer.RestrictImports passed
[INFO] Rule 1: org.apache.maven.enforcer.rules.version.RequireMavenVersion passed
[INFO] Rule 2: org.apache.maven.enforcer.rules.version.RequireJavaVersion passed
[INFO] 
[INFO] --- maven-enforcer-plugin:3.5.0:enforce (ban-imports) @ hdds-interface-client ---
[INFO] Rule 0: org.apache.maven.plugins.enforcer.RestrictImports passed
[INFO] Rule 1: org.apache.maven.plugins.enforcer.RestrictImports passed
[INFO] Rule 2: org.apache.maven.plugins.enforcer.RestrictImports passed
[INFO] Rule 3: org.apache.maven.plugins.enforcer.RestrictImports passed
[WARNING] EXPERIMENTAL FEATURE enabled. You have enabled full-compilation-unit parsing. Please be aware that experimental features might get removed or changed. Please share your feedback!
[INFO] Rule 4: org.apache.maven.plugins.enforcer.RestrictImports passed
[INFO] Rule 5: org.apache.maven.plugins.enforcer.RestrictImports passed
[INFO] Rule 6: org.apache.maven.plugins.enforcer.RestrictImports passed
[INFO] 
[INFO] --- maven-enforcer-plugin:3.5.0:enforce (ban-annotations) @ hdds-interface-client ---
[INFO] Rule 0: org.apache.maven.plugins.enforcer.RestrictImports passed
[INFO] 
[INFO] --- maven-remote-resources-plugin:1.7.0:process (default) @ hdds-interface-client ---
[INFO] Preparing remote bundle org.apache.ozone:ozone-dev-support:2.0.0-SNAPSHOT
[INFO] Copying 2 resources from 1 bundle.
[INFO] 
[INFO] --- maven-resources-plugin:3.3.0:resources (default-resources) @ hdds-interface-client ---
[INFO] Copying 1 resource
[INFO] Copying 1 resource
[INFO] Copying 1 resource
[INFO] Copying 2 resources
[INFO] Copying 2 resources
[INFO] Copying 2 resources
[INFO] 
[INFO] --- maven-compiler-plugin:3.9.0:compile (default-compile) @ hdds-interface-client ---
[INFO] Compiling 7 source files to /home/runner/work/ozone/ozone/hadoop-hdds/interface-client/target/classes
[INFO] 
[INFO] --- protobuf-maven-plugin:0.6.1:test-compile (compile-protoc-grpc) @ hdds-interface-client ---
[INFO] /home/runner/work/ozone/ozone/hadoop-hdds/interface-client/src/test/proto does not exist. Review the configuration or consider disabling the plugin.
[INFO] 
[INFO] --- protobuf-maven-plugin:0.6.1:test-compile-custom (compile-protoc-grpc) @ hdds-interface-client ---
[INFO] /home/runner/work/ozone/ozone/hadoop-hdds/interface-client/src/test/proto does not exist. Review the configuration or consider disabling the plugin.
[INFO] 
[INFO] --- protobuf-maven-plugin:0.6.1:test-compile (compile-protoc-2) @ hdds-interface-client ---
[INFO] /home/runner/work/ozone/ozone/hadoop-hdds/interface-client/src/test/proto does not exist. Review the configuration or consider disabling the plugin.
[INFO] 
[INFO] --- protobuf-maven-plugin:0.6.1:test-compile (compile-protoc-3) @ hdds-interface-client ---
[INFO] /home/runner/work/ozone/ozone/hadoop-hdds/interface-client/src/test/proto does not exist. Review the configuration or consider disabling the plugin.
[INFO] 
[INFO] --- maven-resources-plugin:3.3.0:testResources (default-testResources) @ hdds-interface-client ---
[INFO] Not copying test resources
[INFO] 
[INFO] --- maven-compiler-plugin:3.9.0:testCompile (default-testCompile) @ hdds-interface-client ---
[INFO] Skipped
[INFO] 
[INFO] --- maven-surefire-plugin:3.0.0-M4:test (default-test) @ hdds-interface-client ---
[INFO] Tests are skipped.
[INFO] Skipped
[INFO] 
[INFO] --- maven-dependency-plugin:3.8.1:build-classpath (add-classpath-descriptor) @ hdds-interface-client ---
[INFO] Skipping plugin execution
[INFO] 
[INFO] --- maven-dependency-plugin:3.8.1:copy-dependencies (copy-jars) @ hdds-interface-client ---
[INFO] Skipping plugin execution
[INFO] 
[INFO] --- maven-jar-plugin:3.4.2:jar (default-jar) @ hdds-interface-client ---
[INFO] Building jar: /home/runner/work/ozone/ozone/hadoop-hdds/interface-client/target/hdds-interface-client-2.0.0-SNAPSHOT.jar
[INFO] 
[INFO] --- maven-jar-plugin:3.4.2:test-jar (default) @ hdds-interface-client ---
[INFO] Skipping packaging of the test-jar
[INFO] 
[INFO] --- proto-backwards-compatibility:1.0.7:backwards-compatibility-check (default) @ hdds-interface-client ---
[INFO] protolock cmd line: /home/runner/work/ozone/ozone/hadoop-hdds/interface-client/target/protolock-bin/protolock status --lockdir=/home/runner/work/ozone/ozone/hadoop-hdds/interface-client/target/classes --protoroot=/home/runner/work/ozone/ozone/hadoop-hdds/interface-client/target/classes
[INFO] protolock cmd line: /home/runner/work/ozone/ozone/hadoop-hdds/interface-client/target/protolock-bin/protolock commit --lockdir=/home/runner/work/ozone/ozone/hadoop-hdds/interface-client/target/classes --protoroot=/home/runner/work/ozone/ozone/hadoop-hdds/interface-client/target/classes
[INFO] Backwards compatibility check passed.
[INFO] 
[INFO] ---------------< org.apache.ozone:hdds-interface-admin >----------------
[INFO] Building Apache Ozone HDDS Admin Interface 2.0.0-SNAPSHOT         [9/47]
[INFO]   from hadoop-hdds/interface-admin/pom.xml
[INFO] --------------------------------[ jar ]---------------------------------
[INFO] 
[INFO] --- maven-antrun-plugin:3.1.0:run (create-testdirs) @ hdds-interface-admin ---
[INFO] Executing tasks
[INFO]     [mkdir] Created dir: /home/runner/work/ozone/ozone/hadoop-hdds/interface-admin/target/test-dir
[INFO] Executed tasks
[INFO] 
[INFO] --- jacoco-maven-plugin:0.8.12:prepare-agent (default-prepare-agent) @ hdds-interface-admin ---
[INFO] argLine set to -javaagent:/home/runner/.m2/repository/org/jacoco/org.jacoco.agent/0.8.12/org.jacoco.agent-0.8.12-runtime.jar=destfile=/home/runner/work/ozone/ozone/hadoop-hdds/interface-admin/target/jacoco.exec,includes=org.apache.hadoop.hdds.*:org.apache.hadoop.ozone.*:org.apache.hadoop.fs.ozone.*:org.apache.ozone.*:org.hadoop.ozone.*
[INFO] 
[INFO] --- protobuf-maven-plugin:0.6.1:compile (compile-protoc-2) @ hdds-interface-admin ---
[INFO] Compiling 1 proto file(s) to /home/runner/work/ozone/ozone/hadoop-hdds/interface-admin/target/generated-sources/java
[INFO] 
[INFO] --- maven-enforcer-plugin:3.5.0:enforce (banned-rocksdb-imports) @ hdds-interface-admin ---
[INFO] Rule 0: org.apache.maven.plugins.enforcer.RestrictImports passed
[INFO] 
[INFO] --- maven-enforcer-plugin:3.5.0:enforce (ban-imports) @ hdds-interface-admin ---
[INFO] Rule 0: org.apache.maven.plugins.enforcer.RestrictImports passed
[INFO] Rule 1: org.apache.maven.plugins.enforcer.RestrictImports passed
[INFO] Rule 2: org.apache.maven.plugins.enforcer.RestrictImports passed
[INFO] Rule 3: org.apache.maven.plugins.enforcer.RestrictImports passed
[WARNING] EXPERIMENTAL FEATURE enabled. You have enabled full-compilation-unit parsing. Please be aware that experimental features might get removed or changed. Please share your feedback!
[INFO] Rule 4: org.apache.maven.plugins.enforcer.RestrictImports passed
[INFO] Rule 5: org.apache.maven.plugins.enforcer.RestrictImports passed
[INFO] Rule 6: org.apache.maven.plugins.enforcer.RestrictImports passed
[INFO] 
[INFO] --- maven-enforcer-plugin:3.5.0:enforce (ban-annotations) @ hdds-interface-admin ---
[INFO] Rule 0: org.apache.maven.plugins.enforcer.RestrictImports passed
[INFO] 
[INFO] --- maven-remote-resources-plugin:1.7.0:process (default) @ hdds-interface-admin ---
[INFO] Preparing remote bundle org.apache.ozone:ozone-dev-support:2.0.0-SNAPSHOT
[INFO] Copying 2 resources from 1 bundle.
[INFO] 
[INFO] --- maven-resources-plugin:3.3.0:resources (default-resources) @ hdds-interface-admin ---
[INFO] Copying 1 resource
[INFO] Copying 1 resource
[INFO] Copying 2 resources
[INFO] 
[INFO] --- maven-compiler-plugin:3.9.0:compile (default-compile) @ hdds-interface-admin ---
[INFO] Compiling 1 source file to /home/runner/work/ozone/ozone/hadoop-hdds/interface-admin/target/classes
[INFO] 
[INFO] --- protobuf-maven-plugin:0.6.1:test-compile (compile-protoc-2) @ hdds-interface-admin ---
[INFO] /home/runner/work/ozone/ozone/hadoop-hdds/interface-admin/src/test/proto does not exist. Review the configuration or consider disabling the plugin.
[INFO] 
[INFO] --- maven-resources-plugin:3.3.0:testResources (default-testResources) @ hdds-interface-admin ---
[INFO] Not copying test resources
[INFO] 
[INFO] --- maven-compiler-plugin:3.9.0:testCompile (default-testCompile) @ hdds-interface-admin ---
[INFO] Skipped
[INFO] 
[INFO] --- maven-surefire-plugin:3.0.0-M4:test (default-test) @ hdds-interface-admin ---
[INFO] Tests are skipped.
[INFO] Skipped
[INFO] 
[INFO] --- maven-dependency-plugin:3.8.1:build-classpath (add-classpath-descriptor) @ hdds-interface-admin ---
[INFO] Skipping plugin execution
[INFO] 
[INFO] --- maven-dependency-plugin:3.8.1:copy-dependencies (copy-jars) @ hdds-interface-admin ---
[INFO] Skipping plugin execution
[INFO] 
[INFO] --- maven-jar-plugin:3.4.2:jar (default-jar) @ hdds-interface-admin ---
[INFO] Building jar: /home/runner/work/ozone/ozone/hadoop-hdds/interface-admin/target/hdds-interface-admin-2.0.0-SNAPSHOT.jar
[INFO] 
[INFO] --- maven-jar-plugin:3.4.2:test-jar (default) @ hdds-interface-admin ---
[INFO] Skipping packaging of the test-jar
[INFO] 
[INFO] --- proto-backwards-compatibility:1.0.7:backwards-compatibility-check (default) @ hdds-interface-admin ---
[INFO] protolock cmd line: /home/runner/work/ozone/ozone/hadoop-hdds/interface-admin/target/protolock-bin/protolock status --lockdir=/home/runner/work/ozone/ozone/hadoop-hdds/interface-admin/target/classes --protoroot=/home/runner/work/ozone/ozone/hadoop-hdds/interface-admin/target/classes
[INFO] protolock cmd line: /home/runner/work/ozone/ozone/hadoop-hdds/interface-admin/target/protolock-bin/protolock commit --lockdir=/home/runner/work/ozone/ozone/hadoop-hdds/interface-admin/target/classes --protoroot=/home/runner/work/ozone/ozone/hadoop-hdds/interface-admin/target/classes
[INFO] Backwards compatibility check passed.
[INFO] 
[INFO] ---------------< org.apache.ozone:hdds-interface-server >---------------
[INFO] Building Apache Ozone HDDS Server Interface 2.0.0-SNAPSHOT       [10/47]
[INFO]   from hadoop-hdds/interface-server/pom.xml
[INFO] --------------------------------[ jar ]---------------------------------
[INFO] 
[INFO] --- maven-antrun-plugin:3.1.0:run (create-testdirs) @ hdds-interface-server ---
[INFO] Executing tasks
[INFO]     [mkdir] Created dir: /home/runner/work/ozone/ozone/hadoop-hdds/interface-server/target/test-dir
[INFO] Executed tasks
[INFO] 
[INFO] --- jacoco-maven-plugin:0.8.12:prepare-agent (default-prepare-agent) @ hdds-interface-server ---
[INFO] argLine set to -javaagent:/home/runner/.m2/repository/org/jacoco/org.jacoco.agent/0.8.12/org.jacoco.agent-0.8.12-runtime.jar=destfile=/home/runner/work/ozone/ozone/hadoop-hdds/interface-server/target/jacoco.exec,includes=org.apache.hadoop.hdds.*:org.apache.hadoop.ozone.*:org.apache.hadoop.fs.ozone.*:org.apache.ozone.*:org.hadoop.ozone.*
[INFO] 
[INFO] --- protobuf-maven-plugin:0.6.1:compile (compile-protoc-3) @ hdds-interface-server ---
[INFO] Compiling 2 proto file(s) to /home/runner/work/ozone/ozone/hadoop-hdds/interface-server/target/generated-sources/java
[INFO] 
[INFO] --- protobuf-maven-plugin:0.6.1:compile-custom (compile-protoc-3) @ hdds-interface-server ---
[INFO] Compiling 2 proto file(s) to /home/runner/work/ozone/ozone/hadoop-hdds/interface-server/target/generated-sources/java
[INFO] 
[INFO] --- protobuf-maven-plugin:0.6.1:compile (compile-protoc-2) @ hdds-interface-server ---
[INFO] Compiling 5 proto file(s) to /home/runner/work/ozone/ozone/hadoop-hdds/interface-server/target/generated-sources/java
[INFO] 
[INFO] --- maven-antrun-plugin:3.1.0:run (default) @ hdds-interface-server ---
[INFO] Executing tasks
[INFO] Executed tasks
[INFO] 
[INFO] --- maven-enforcer-plugin:3.5.0:enforce (banned-rocksdb-imports) @ hdds-interface-server ---
[INFO] Rule 0: org.apache.maven.plugins.enforcer.RestrictImports passed
[INFO] 
[INFO] --- maven-enforcer-plugin:3.5.0:enforce (ban-imports) @ hdds-interface-server ---
[INFO] Rule 0: org.apache.maven.plugins.enforcer.RestrictImports passed
[INFO] Rule 1: org.apache.maven.plugins.enforcer.RestrictImports passed
[INFO] Rule 2: org.apache.maven.plugins.enforcer.RestrictImports passed
[INFO] Rule 3: org.apache.maven.plugins.enforcer.RestrictImports passed
[WARNING] EXPERIMENTAL FEATURE enabled. You have enabled full-compilation-unit parsing. Please be aware that experimental features might get removed or changed. Please share your feedback!
[INFO] Rule 4: org.apache.maven.plugins.enforcer.RestrictImports passed
[INFO] Rule 5: org.apache.maven.plugins.enforcer.RestrictImports passed
[INFO] Rule 6: org.apache.maven.plugins.enforcer.RestrictImports passed
[INFO] 
[INFO] --- maven-enforcer-plugin:3.5.0:enforce (ban-annotations) @ hdds-interface-server ---
[INFO] Rule 0: org.apache.maven.plugins.enforcer.RestrictImports passed
[INFO] 
[INFO] --- maven-remote-resources-plugin:1.7.0:process (default) @ hdds-interface-server ---
[INFO] Preparing remote bundle org.apache.ozone:ozone-dev-support:2.0.0-SNAPSHOT
[INFO] Copying 2 resources from 1 bundle.
[INFO] 
[INFO] --- maven-resources-plugin:3.3.0:resources (default-resources) @ hdds-interface-server ---
[INFO] Copying 1 resource
[INFO] Copying 2 resources
[INFO] Copying 2 resources
[INFO] Copying 5 resources
[INFO] Copying 2 resources
[INFO] 
[INFO] --- maven-compiler-plugin:3.9.0:compile (default-compile) @ hdds-interface-server ---
[INFO] Compiling 9 source files to /home/runner/work/ozone/ozone/hadoop-hdds/interface-server/target/classes
[INFO] 
[INFO] --- protobuf-maven-plugin:0.6.1:test-compile (compile-protoc-3) @ hdds-interface-server ---
[INFO] /home/runner/work/ozone/ozone/hadoop-hdds/interface-server/src/test/proto does not exist. Review the configuration or consider disabling the plugin.
[INFO] 
[INFO] --- protobuf-maven-plugin:0.6.1:test-compile-custom (compile-protoc-3) @ hdds-interface-server ---
[INFO] /home/runner/work/ozone/ozone/hadoop-hdds/interface-server/src/test/proto does not exist. Review the configuration or consider disabling the plugin.
[INFO] 
[INFO] --- protobuf-maven-plugin:0.6.1:test-compile (compile-protoc-2) @ hdds-interface-server ---
[INFO] /home/runner/work/ozone/ozone/hadoop-hdds/interface-server/src/test/proto does not exist. Review the configuration or consider disabling the plugin.
[INFO] 
[INFO] --- maven-resources-plugin:3.3.0:testResources (default-testResources) @ hdds-interface-server ---
[INFO] Not copying test resources
[INFO] 
[INFO] --- maven-compiler-plugin:3.9.0:testCompile (default-testCompile) @ hdds-interface-server ---
[INFO] Skipped
[INFO] 
[INFO] --- maven-surefire-plugin:3.0.0-M4:test (default-test) @ hdds-interface-server ---
[INFO] Tests are skipped.
[INFO] Skipped
[INFO] 
[INFO] --- maven-dependency-plugin:3.8.1:build-classpath (add-classpath-descriptor) @ hdds-interface-server ---
[INFO] Skipping plugin execution
[INFO] 
[INFO] --- maven-dependency-plugin:3.8.1:copy-dependencies (copy-jars) @ hdds-interface-server ---
[INFO] Skipping plugin execution
[INFO] 
[INFO] --- maven-jar-plugin:3.4.2:jar (default-jar) @ hdds-interface-server ---
[INFO] Building jar: /home/runner/work/ozone/ozone/hadoop-hdds/interface-server/target/hdds-interface-server-2.0.0-SNAPSHOT.jar
[INFO] 
[INFO] --- maven-jar-plugin:3.4.2:test-jar (default) @ hdds-interface-server ---
[INFO] Skipping packaging of the test-jar
[INFO] 
[INFO] --- proto-backwards-compatibility:1.0.7:backwards-compatibility-check (default) @ hdds-interface-server ---
[INFO] protolock cmd line: /home/runner/work/ozone/ozone/hadoop-hdds/interface-server/target/protolock-bin/protolock status --lockdir=/home/runner/work/ozone/ozone/hadoop-hdds/interface-server/target/classes --protoroot=/home/runner/work/ozone/ozone/hadoop-hdds/interface-server/target/classes
[INFO] protolock cmd line: /home/runner/work/ozone/ozone/hadoop-hdds/interface-server/target/protolock-bin/protolock commit --lockdir=/home/runner/work/ozone/ozone/hadoop-hdds/interface-server/target/classes --protoroot=/home/runner/work/ozone/ozone/hadoop-hdds/interface-server/target/classes
[INFO] Backwards compatibility check passed.
[INFO] 
[INFO] ------------------< org.apache.ozone:hdds-test-utils >------------------
[INFO] Building Apache Ozone HDDS Test Utils 2.0.0-SNAPSHOT             [11/47]
[INFO]   from hadoop-hdds/test-utils/pom.xml
[INFO] --------------------------------[ jar ]---------------------------------
[INFO] 
[INFO] --- maven-antrun-plugin:3.1.0:run (create-testdirs) @ hdds-test-utils ---
[INFO] Executing tasks
[INFO]     [mkdir] Created dir: /home/runner/work/ozone/ozone/hadoop-hdds/test-utils/target/test-dir
[INFO] Executed tasks
[INFO] 
[INFO] --- jacoco-maven-plugin:0.8.12:prepare-agent (default-prepare-agent) @ hdds-test-utils ---
[INFO] argLine set to -javaagent:/home/runner/.m2/repository/org/jacoco/org.jacoco.agent/0.8.12/org.jacoco.agent-0.8.12-runtime.jar=destfile=/home/runner/work/ozone/ozone/hadoop-hdds/test-utils/target/jacoco.exec,includes=org.apache.hadoop.hdds.*:org.apache.hadoop.ozone.*:org.apache.hadoop.fs.ozone.*:org.apache.ozone.*:org.hadoop.ozone.*
[INFO] 
[INFO] --- maven-enforcer-plugin:3.5.0:enforce (banned-rocksdb-imports) @ hdds-test-utils ---
[INFO] Rule 0: org.apache.maven.plugins.enforcer.RestrictImports passed
[INFO] 
[INFO] --- maven-enforcer-plugin:3.5.0:enforce (ban-imports) @ hdds-test-utils ---
[INFO] Rule 0: org.apache.maven.plugins.enforcer.RestrictImports passed
[INFO] Rule 1: org.apache.maven.plugins.enforcer.RestrictImports passed
[INFO] Rule 2: org.apache.maven.plugins.enforcer.RestrictImports passed
[INFO] Rule 3: org.apache.maven.plugins.enforcer.RestrictImports passed
[WARNING] EXPERIMENTAL FEATURE enabled. You have enabled full-compilation-unit parsing. Please be aware that experimental features might get removed or changed. Please share your feedback!
[INFO] Rule 4: org.apache.maven.plugins.enforcer.RestrictImports passed
[INFO] Rule 5: org.apache.maven.plugins.enforcer.RestrictImports passed
[INFO] Rule 6: org.apache.maven.plugins.enforcer.RestrictImports passed
[INFO] 
[INFO] --- maven-enforcer-plugin:3.5.0:enforce (ban-annotations) @ hdds-test-utils ---
[INFO] Rule 0: org.apache.maven.plugins.enforcer.RestrictImports passed
[INFO] 
[INFO] --- maven-remote-resources-plugin:1.7.0:process (default) @ hdds-test-utils ---
[INFO] Preparing remote bundle org.apache.ozone:ozone-dev-support:2.0.0-SNAPSHOT
[INFO] Copying 2 resources from 1 bundle.
[INFO] 
[INFO] --- maven-resources-plugin:3.3.0:resources (default-resources) @ hdds-test-utils ---
[INFO] Copying 1 resource
[INFO] Copying 2 resources
[INFO] 
[INFO] --- maven-compiler-plugin:3.9.0:compile (default-compile) @ hdds-test-utils ---
[INFO] Compiling 17 source files to /home/runner/work/ozone/ozone/hadoop-hdds/test-utils/target/classes
[INFO] /home/runner/work/ozone/ozone/hadoop-hdds/test-utils/src/main/java/org/apache/ozone/test/GenericTestUtils.java: /home/runner/work/ozone/ozone/hadoop-hdds/test-utils/src/main/java/org/apache/ozone/test/GenericTestUtils.java uses unchecked or unsafe operations.
[INFO] /home/runner/work/ozone/ozone/hadoop-hdds/test-utils/src/main/java/org/apache/ozone/test/GenericTestUtils.java: Recompile with -Xlint:unchecked for details.
[INFO] 
[INFO] --- maven-resources-plugin:3.3.0:testResources (default-testResources) @ hdds-test-utils ---
[INFO] skip non existing resourceDirectory /home/runner/work/ozone/ozone/hadoop-hdds/test-utils/src/test/resources
[INFO] Copying 2 resources
[INFO] 
[INFO] --- maven-compiler-plugin:3.9.0:testCompile (default-testCompile) @ hdds-test-utils ---
[INFO] No sources to compile
[INFO] 
[INFO] --- maven-surefire-plugin:3.0.0-M4:test (default-test) @ hdds-test-utils ---
[INFO] 
[INFO] --- maven-dependency-plugin:3.8.1:build-classpath (add-classpath-descriptor) @ hdds-test-utils ---
[INFO] Skipping plugin execution
[INFO] 
[INFO] --- maven-dependency-plugin:3.8.1:copy-dependencies (copy-jars) @ hdds-test-utils ---
[INFO] Skipping plugin execution
[INFO] 
[INFO] --- maven-jar-plugin:3.4.2:jar (default-jar) @ hdds-test-utils ---
[INFO] Building jar: /home/runner/work/ozone/ozone/hadoop-hdds/test-utils/target/hdds-test-utils-2.0.0-SNAPSHOT.jar
[INFO] 
[INFO] --- maven-jar-plugin:3.4.2:test-jar (default) @ hdds-test-utils ---
[INFO] Building jar: /home/runner/work/ozone/ozone/hadoop-hdds/test-utils/target/hdds-test-utils-2.0.0-SNAPSHOT-tests.jar
[INFO] 
[INFO] --------------------< org.apache.ozone:hdds-config >--------------------
[INFO] Building Apache Ozone HDDS Config 2.0.0-SNAPSHOT                 [12/47]
[INFO]   from hadoop-hdds/config/pom.xml
[INFO] --------------------------------[ jar ]---------------------------------
[INFO] 
[INFO] --- maven-antrun-plugin:3.1.0:run (create-testdirs) @ hdds-config ---
[INFO] Executing tasks
[INFO]     [mkdir] Created dir: /home/runner/work/ozone/ozone/hadoop-hdds/config/target/test-dir
[INFO] Executed tasks
[INFO] 
[INFO] --- jacoco-maven-plugin:0.8.12:prepare-agent (default-prepare-agent) @ hdds-config ---
[INFO] argLine set to -javaagent:/home/runner/.m2/repository/org/jacoco/org.jacoco.agent/0.8.12/org.jacoco.agent-0.8.12-runtime.jar=destfile=/home/runner/work/ozone/ozone/hadoop-hdds/config/target/jacoco.exec,includes=org.apache.hadoop.hdds.*:org.apache.hadoop.ozone.*:org.apache.hadoop.fs.ozone.*:org.apache.ozone.*:org.hadoop.ozone.*
[INFO] 
[INFO] --- maven-enforcer-plugin:3.5.0:enforce (banned-rocksdb-imports) @ hdds-config ---
[INFO] Rule 0: org.apache.maven.plugins.enforcer.RestrictImports passed
[INFO] 
[INFO] --- maven-enforcer-plugin:3.5.0:enforce (ban-imports) @ hdds-config ---
[INFO] Rule 0: org.apache.maven.plugins.enforcer.RestrictImports passed
[INFO] Rule 1: org.apache.maven.plugins.enforcer.RestrictImports passed
[INFO] Rule 2: org.apache.maven.plugins.enforcer.RestrictImports passed
[INFO] Rule 3: org.apache.maven.plugins.enforcer.RestrictImports passed
[WARNING] EXPERIMENTAL FEATURE enabled. You have enabled full-compilation-unit parsing. Please be aware that experimental features might get removed or changed. Please share your feedback!
[INFO] Rule 4: org.apache.maven.plugins.enforcer.RestrictImports passed
[INFO] Rule 5: org.apache.maven.plugins.enforcer.RestrictImports passed
[INFO] Rule 6: org.apache.maven.plugins.enforcer.RestrictImports passed
[INFO] 
[INFO] --- maven-enforcer-plugin:3.5.0:enforce (ban-annotations) @ hdds-config ---
[INFO] Rule 0: org.apache.maven.plugins.enforcer.RestrictImports passed
[INFO] 
[INFO] --- maven-remote-resources-plugin:1.7.0:process (default) @ hdds-config ---
[INFO] Preparing remote bundle org.apache.ozone:ozone-dev-support:2.0.0-SNAPSHOT
[INFO] Copying 2 resources from 1 bundle.
[INFO] 
[INFO] --- maven-resources-plugin:3.3.0:resources (default-resources) @ hdds-config ---
[INFO] skip non existing resourceDirectory /home/runner/work/ozone/ozone/hadoop-hdds/config/src/main/resources
[INFO] Copying 2 resources
[INFO] 
[INFO] --- maven-compiler-plugin:3.9.0:compile (default-compile) @ hdds-config ---
[INFO] Compiling 18 source files to /home/runner/work/ozone/ozone/hadoop-hdds/config/target/classes
[INFO] 
[INFO] --- maven-resources-plugin:3.3.0:testResources (default-testResources) @ hdds-config ---
[INFO] Copying 1 resource
[INFO] Copying 2 resources
[INFO] 
[INFO] --- maven-compiler-plugin:3.9.0:testCompile (default-testCompile) @ hdds-config ---
[INFO] Compiling 9 source files to /home/runner/work/ozone/ozone/hadoop-hdds/config/target/test-classes
[INFO] 
[INFO] --- maven-surefire-plugin:3.0.0-M4:test (default-test) @ hdds-config ---
[INFO] 
[INFO] --- maven-dependency-plugin:3.8.1:build-classpath (add-classpath-descriptor) @ hdds-config ---
[INFO] Skipping plugin execution
[INFO] 
[INFO] --- maven-dependency-plugin:3.8.1:copy-dependencies (copy-jars) @ hdds-config ---
[INFO] Skipping plugin execution
[INFO] 
[INFO] --- maven-jar-plugin:3.4.2:jar (default-jar) @ hdds-config ---
[INFO] Building jar: /home/runner/work/ozone/ozone/hadoop-hdds/config/target/hdds-config-2.0.0-SNAPSHOT.jar
[INFO] 
[INFO] --- maven-jar-plugin:3.4.2:test-jar (default) @ hdds-config ---
[INFO] Building jar: /home/runner/work/ozone/ozone/hadoop-hdds/config/target/hdds-config-2.0.0-SNAPSHOT-tests.jar
[INFO] 
[INFO] --------------------< org.apache.ozone:hdds-common >--------------------
[INFO] Building Apache Ozone HDDS Common 2.0.0-SNAPSHOT                 [13/47]
[INFO]   from hadoop-hdds/common/pom.xml
[INFO] --------------------------------[ jar ]---------------------------------
[INFO] 
[INFO] --- maven-antrun-plugin:3.1.0:run (create-testdirs) @ hdds-common ---
[INFO] Executing tasks
[INFO]     [mkdir] Created dir: /home/runner/work/ozone/ozone/hadoop-hdds/common/target/test-dir
[INFO] Executed tasks
[INFO] 
[INFO] --- jacoco-maven-plugin:0.8.12:prepare-agent (default-prepare-agent) @ hdds-common ---
[INFO] argLine set to -javaagent:/home/runner/.m2/repository/org/jacoco/org.jacoco.agent/0.8.12/org.jacoco.agent-0.8.12-runtime.jar=destfile=/home/runner/work/ozone/ozone/hadoop-hdds/common/target/jacoco.exec,includes=org.apache.hadoop.hdds.*:org.apache.hadoop.ozone.*:org.apache.hadoop.fs.ozone.*:org.apache.ozone.*:org.hadoop.ozone.*
[INFO] 
[INFO] --- maven-enforcer-plugin:3.5.0:enforce (banned-rocksdb-imports) @ hdds-common ---
[INFO] Rule 0: org.apache.maven.plugins.enforcer.RestrictImports passed
[INFO] 
[INFO] --- maven-enforcer-plugin:3.5.0:enforce (ban-imports) @ hdds-common ---
[INFO] Rule 0: org.apache.maven.plugins.enforcer.RestrictImports passed
[INFO] Rule 1: org.apache.maven.plugins.enforcer.RestrictImports passed
[INFO] Rule 2: org.apache.maven.plugins.enforcer.RestrictImports passed
[INFO] Rule 3: org.apache.maven.plugins.enforcer.RestrictImports passed
[WARNING] EXPERIMENTAL FEATURE enabled. You have enabled full-compilation-unit parsing. Please be aware that experimental features might get removed or changed. Please share your feedback!
[INFO] Rule 4: org.apache.maven.plugins.enforcer.RestrictImports passed
[INFO] Rule 5: org.apache.maven.plugins.enforcer.RestrictImports passed
[INFO] Rule 6: org.apache.maven.plugins.enforcer.RestrictImports passed
[INFO] 
[INFO] --- maven-enforcer-plugin:3.5.0:enforce (ban-annotations) @ hdds-common ---
[INFO] Rule 0: org.apache.maven.plugins.enforcer.RestrictImports passed
[INFO] 
[INFO] --- maven-remote-resources-plugin:1.7.0:process (default) @ hdds-common ---
[INFO] Preparing remote bundle org.apache.ozone:ozone-dev-support:2.0.0-SNAPSHOT
[INFO] Copying 2 resources from 1 bundle.
[INFO] 
[INFO] --- hadoop-maven-plugins:3.4.1:version-info (version-info) @ hdds-common ---
[INFO] SCM: GIT
[INFO] Computed MD5: ed6d4be5e5a6d357cbaf8c892691929a
[INFO] 
[INFO] --- maven-resources-plugin:3.3.0:resources (default-resources) @ hdds-common ---
[INFO] Copying 4 resources
[INFO] Copying 1 resource
[INFO] Copying 2 resources
[INFO] The encoding used to copy filtered properties files have not been set. This means that the same encoding will be used to copy filtered properties files as when copying other filtered resources. This might not be what you want! Run your build with --debug to see which files might be affected. Read more at https://maven.apache.org/plugins/maven-resources-plugin/examples/filtering-properties-files.html
[INFO] 
[INFO] --- maven-compiler-plugin:3.9.0:compile (default-compile) @ hdds-common ---
[INFO] Compiling 304 source files to /home/runner/work/ozone/ozone/hadoop-hdds/common/target/classes
[INFO] /home/runner/work/ozone/ozone/hadoop-hdds/common/src/main/java/org/apache/hadoop/hdds/conf/OzoneConfiguration.java: Some input files use or override a deprecated API.
[INFO] /home/runner/work/ozone/ozone/hadoop-hdds/common/src/main/java/org/apache/hadoop/hdds/conf/OzoneConfiguration.java: Recompile with -Xlint:deprecation for details.
[INFO] /home/runner/work/ozone/ozone/hadoop-hdds/common/src/main/java/org/apache/hadoop/hdds/conf/DefaultConfigManager.java: Some input files use unchecked or unsafe operations.
[INFO] /home/runner/work/ozone/ozone/hadoop-hdds/common/src/main/java/org/apache/hadoop/hdds/conf/DefaultConfigManager.java: Recompile with -Xlint:unchecked for details.
[INFO] 
[INFO] --- maven-resources-plugin:3.3.0:testResources (default-testResources) @ hdds-common ---
[INFO] Copying 20 resources
[INFO] Copying 2 resources
[INFO] 
[INFO] --- maven-compiler-plugin:3.9.0:testCompile (default-testCompile) @ hdds-common ---
[INFO] Compiling 89 source files to /home/runner/work/ozone/ozone/hadoop-hdds/common/target/test-classes
[INFO] /home/runner/work/ozone/ozone/hadoop-hdds/common/src/test/java/org/apache/hadoop/ozone/common/TestChecksumImplsComputeSameValues.java: Some input files use or override a deprecated API.
[INFO] /home/runner/work/ozone/ozone/hadoop-hdds/common/src/test/java/org/apache/hadoop/ozone/common/TestChecksumImplsComputeSameValues.java: Recompile with -Xlint:deprecation for details.
[INFO] /home/runner/work/ozone/ozone/hadoop-hdds/common/src/test/java/org/apache/hadoop/ozone/upgrade/TestDefaultUpgradeFinalizationExecutor.java: Some input files use unchecked or unsafe operations.
[INFO] /home/runner/work/ozone/ozone/hadoop-hdds/common/src/test/java/org/apache/hadoop/ozone/upgrade/TestDefaultUpgradeFinalizationExecutor.java: Recompile with -Xlint:unchecked for details.
[INFO] 
[INFO] --- maven-surefire-plugin:3.0.0-M4:test (default-test) @ hdds-common ---
[INFO] 
[INFO] -------------------------------------------------------
[INFO]  T E S T S
[INFO] -------------------------------------------------------
[INFO] Running org.apache.hadoop.hdds.scm.container.TestReplicationManagerReport
[INFO] Tests run: 8, Failures: 0, Errors: 0, Skipped: 0, Time elapsed: 0.597 s - in org.apache.hadoop.hdds.scm.container.TestReplicationManagerReport
[INFO] Running org.apache.hadoop.hdds.scm.container.common.helpers.TestExcludeList
[INFO] Tests run: 2, Failures: 0, Errors: 0, Skipped: 0, Time elapsed: 0.236 s - in org.apache.hadoop.hdds.scm.container.common.helpers.TestExcludeList
[INFO] Running org.apache.hadoop.hdds.scm.container.TestContainerInfo
[INFO] Tests run: 3, Failures: 0, Errors: 0, Skipped: 0, Time elapsed: 0.145 s - in org.apache.hadoop.hdds.scm.container.TestContainerInfo
[INFO] Running org.apache.hadoop.hdds.scm.container.TestContainerReplicaInfo
[INFO] Tests run: 2, Failures: 0, Errors: 0, Skipped: 0, Time elapsed: 0.257 s - in org.apache.hadoop.hdds.scm.container.TestContainerReplicaInfo
[INFO] 
[INFO] Results:
[INFO] 
[INFO] Tests run: 15, Failures: 0, Errors: 0, Skipped: 0
[INFO] 
[INFO] 
[INFO] --- maven-dependency-plugin:3.8.1:build-classpath (add-classpath-descriptor) @ hdds-common ---
[INFO] Skipping plugin execution
[INFO] 
[INFO] --- maven-dependency-plugin:3.8.1:copy-dependencies (copy-jars) @ hdds-common ---
[INFO] Skipping plugin execution
[INFO] 
[INFO] --- maven-jar-plugin:3.4.2:jar (default-jar) @ hdds-common ---
[INFO] Building jar: /home/runner/work/ozone/ozone/hadoop-hdds/common/target/hdds-common-2.0.0-SNAPSHOT.jar
[INFO] 
[INFO] --- maven-jar-plugin:3.4.2:test-jar (default) @ hdds-common ---
[INFO] Building jar: /home/runner/work/ozone/ozone/hadoop-hdds/common/target/hdds-common-2.0.0-SNAPSHOT-tests.jar
[INFO] 
[INFO] -----------------< org.apache.ozone:hdds-erasurecode >------------------
[INFO] Building Apache Ozone HDDS Erasurecode 2.0.0-SNAPSHOT            [14/47]
[INFO]   from hadoop-hdds/erasurecode/pom.xml
[INFO] --------------------------------[ jar ]---------------------------------
[INFO] 
[INFO] --- maven-antrun-plugin:3.1.0:run (create-testdirs) @ hdds-erasurecode ---
[INFO] Executing tasks
[INFO]     [mkdir] Created dir: /home/runner/work/ozone/ozone/hadoop-hdds/erasurecode/target/test-dir
[INFO] Executed tasks
[INFO] 
[INFO] --- jacoco-maven-plugin:0.8.12:prepare-agent (default-prepare-agent) @ hdds-erasurecode ---
[INFO] argLine set to -javaagent:/home/runner/.m2/repository/org/jacoco/org.jacoco.agent/0.8.12/org.jacoco.agent-0.8.12-runtime.jar=destfile=/home/runner/work/ozone/ozone/hadoop-hdds/erasurecode/target/jacoco.exec,includes=org.apache.hadoop.hdds.*:org.apache.hadoop.ozone.*:org.apache.hadoop.fs.ozone.*:org.apache.ozone.*:org.hadoop.ozone.*
[INFO] 
[INFO] --- maven-enforcer-plugin:3.5.0:enforce (banned-rocksdb-imports) @ hdds-erasurecode ---
[INFO] Rule 0: org.apache.maven.plugins.enforcer.RestrictImports passed
[INFO] 
[INFO] --- maven-enforcer-plugin:3.5.0:enforce (ban-imports) @ hdds-erasurecode ---
[INFO] Rule 0: org.apache.maven.plugins.enforcer.RestrictImports passed
[INFO] Rule 1: org.apache.maven.plugins.enforcer.RestrictImports passed
[INFO] Rule 2: org.apache.maven.plugins.enforcer.RestrictImports passed
[INFO] Rule 3: org.apache.maven.plugins.enforcer.RestrictImports passed
[WARNING] EXPERIMENTAL FEATURE enabled. You have enabled full-compilation-unit parsing. Please be aware that experimental features might get removed or changed. Please share your feedback!
[INFO] Rule 4: org.apache.maven.plugins.enforcer.RestrictImports passed
[INFO] Rule 5: org.apache.maven.plugins.enforcer.RestrictImports passed
[INFO] Rule 6: org.apache.maven.plugins.enforcer.RestrictImports passed
[INFO] 
[INFO] --- maven-enforcer-plugin:3.5.0:enforce (ban-annotations) @ hdds-erasurecode ---
[INFO] Rule 0: org.apache.maven.plugins.enforcer.RestrictImports passed
[INFO] 
[INFO] --- maven-remote-resources-plugin:1.7.0:process (default) @ hdds-erasurecode ---
[INFO] Preparing remote bundle org.apache.ozone:ozone-dev-support:2.0.0-SNAPSHOT
[INFO] Copying 2 resources from 1 bundle.
[INFO] 
[INFO] --- maven-resources-plugin:3.3.0:resources (default-resources) @ hdds-erasurecode ---
[INFO] Copying 1 resource
[INFO] Copying 2 resources
[INFO] 
[INFO] --- maven-compiler-plugin:3.9.0:compile (default-compile) @ hdds-erasurecode ---
[INFO] Compiling 39 source files to /home/runner/work/ozone/ozone/hadoop-hdds/erasurecode/target/classes
[INFO] 
[INFO] --- maven-resources-plugin:3.3.0:testResources (default-testResources) @ hdds-erasurecode ---
[INFO] skip non existing resourceDirectory /home/runner/work/ozone/ozone/hadoop-hdds/erasurecode/src/test/resources
[INFO] Copying 2 resources
[INFO] 
[INFO] --- maven-compiler-plugin:3.9.0:testCompile (default-testCompile) @ hdds-erasurecode ---
[INFO] Compiling 17 source files to /home/runner/work/ozone/ozone/hadoop-hdds/erasurecode/target/test-classes
[INFO] 
[INFO] --- maven-surefire-plugin:3.0.0-M4:test (default-test) @ hdds-erasurecode ---
[INFO] 
[INFO] --- maven-dependency-plugin:3.8.1:build-classpath (add-classpath-descriptor) @ hdds-erasurecode ---
[INFO] Skipping plugin execution
[INFO] 
[INFO] --- maven-dependency-plugin:3.8.1:copy-dependencies (copy-jars) @ hdds-erasurecode ---
[INFO] Skipping plugin execution
[INFO] 
[INFO] --- maven-jar-plugin:3.4.2:jar (default-jar) @ hdds-erasurecode ---
[INFO] Building jar: /home/runner/work/ozone/ozone/hadoop-hdds/erasurecode/target/hdds-erasurecode-2.0.0-SNAPSHOT.jar
[INFO] 
[INFO] --- maven-jar-plugin:3.4.2:test-jar (default) @ hdds-erasurecode ---
[INFO] Building jar: /home/runner/work/ozone/ozone/hadoop-hdds/erasurecode/target/hdds-erasurecode-2.0.0-SNAPSHOT-tests.jar
[INFO] 
[INFO] --------------------< org.apache.ozone:hdds-client >--------------------
[INFO] Building Apache Ozone HDDS Client 2.0.0-SNAPSHOT                 [15/47]
[INFO]   from hadoop-hdds/client/pom.xml
[INFO] --------------------------------[ jar ]---------------------------------
[INFO] 
[INFO] --- maven-antrun-plugin:3.1.0:run (create-testdirs) @ hdds-client ---
[INFO] Executing tasks
[INFO]     [mkdir] Created dir: /home/runner/work/ozone/ozone/hadoop-hdds/client/target/test-dir
[INFO] Executed tasks
[INFO] 
[INFO] --- jacoco-maven-plugin:0.8.12:prepare-agent (default-prepare-agent) @ hdds-client ---
[INFO] argLine set to -javaagent:/home/runner/.m2/repository/org/jacoco/org.jacoco.agent/0.8.12/org.jacoco.agent-0.8.12-runtime.jar=destfile=/home/runner/work/ozone/ozone/hadoop-hdds/client/target/jacoco.exec,includes=org.apache.hadoop.hdds.*:org.apache.hadoop.ozone.*:org.apache.hadoop.fs.ozone.*:org.apache.ozone.*:org.hadoop.ozone.*
[INFO] 
[INFO] --- maven-enforcer-plugin:3.5.0:enforce (banned-rocksdb-imports) @ hdds-client ---
[INFO] Rule 0: org.apache.maven.plugins.enforcer.RestrictImports passed
[INFO] 
[INFO] --- maven-enforcer-plugin:3.5.0:enforce (ban-imports) @ hdds-client ---
[INFO] Rule 0: org.apache.maven.plugins.enforcer.RestrictImports passed
[INFO] Rule 1: org.apache.maven.plugins.enforcer.RestrictImports passed
[INFO] Rule 2: org.apache.maven.plugins.enforcer.RestrictImports passed
[INFO] Rule 3: org.apache.maven.plugins.enforcer.RestrictImports passed
[WARNING] EXPERIMENTAL FEATURE enabled. You have enabled full-compilation-unit parsing. Please be aware that experimental features might get removed or changed. Please share your feedback!
[INFO] Rule 4: org.apache.maven.plugins.enforcer.RestrictImports passed
[INFO] Rule 5: org.apache.maven.plugins.enforcer.RestrictImports passed
[INFO] Rule 6: org.apache.maven.plugins.enforcer.RestrictImports passed
[INFO] 
[INFO] --- maven-enforcer-plugin:3.5.0:enforce (ban-annotations) @ hdds-client ---
[INFO] Rule 0: org.apache.maven.plugins.enforcer.RestrictImports passed
[INFO] 
[INFO] --- maven-remote-resources-plugin:1.7.0:process (default) @ hdds-client ---
[INFO] Preparing remote bundle org.apache.ozone:ozone-dev-support:2.0.0-SNAPSHOT
[INFO] Copying 2 resources from 1 bundle.
[INFO] 
[INFO] --- maven-resources-plugin:3.3.0:resources (default-resources) @ hdds-client ---
[INFO] skip non existing resourceDirectory /home/runner/work/ozone/ozone/hadoop-hdds/client/src/main/resources
[INFO] Copying 2 resources
[INFO] 
[INFO] --- maven-compiler-plugin:3.9.0:compile (default-compile) @ hdds-client ---
[INFO] Compiling 48 source files to /home/runner/work/ozone/ozone/hadoop-hdds/client/target/classes
[INFO] /home/runner/work/ozone/ozone/hadoop-hdds/client/src/main/java/org/apache/hadoop/hdds/scm/client/HddsClientUtils.java: /home/runner/work/ozone/ozone/hadoop-hdds/client/src/main/java/org/apache/hadoop/hdds/scm/client/HddsClientUtils.java uses unchecked or unsafe operations.
[INFO] /home/runner/work/ozone/ozone/hadoop-hdds/client/src/main/java/org/apache/hadoop/hdds/scm/client/HddsClientUtils.java: Recompile with -Xlint:unchecked for details.
[INFO] 
[INFO] --- maven-resources-plugin:3.3.0:testResources (default-testResources) @ hdds-client ---
[INFO] Copying 1 resource
[INFO] Copying 2 resources
[INFO] 
[INFO] --- maven-compiler-plugin:3.9.0:testCompile (default-testCompile) @ hdds-client ---
[INFO] Compiling 17 source files to /home/runner/work/ozone/ozone/hadoop-hdds/client/target/test-classes
[INFO] /home/runner/work/ozone/ozone/hadoop-hdds/client/src/test/java/org/apache/hadoop/hdds/scm/storage/TestBlockOutputStreamCorrectness.java: Some input files use or override a deprecated API.
[INFO] /home/runner/work/ozone/ozone/hadoop-hdds/client/src/test/java/org/apache/hadoop/hdds/scm/storage/TestBlockOutputStreamCorrectness.java: Recompile with -Xlint:deprecation for details.
[INFO] /home/runner/work/ozone/ozone/hadoop-hdds/client/src/test/java/org/apache/hadoop/hdds/scm/storage/TestBlockInputStream.java: /home/runner/work/ozone/ozone/hadoop-hdds/client/src/test/java/org/apache/hadoop/hdds/scm/storage/TestBlockInputStream.java uses unchecked or unsafe operations.
[INFO] /home/runner/work/ozone/ozone/hadoop-hdds/client/src/test/java/org/apache/hadoop/hdds/scm/storage/TestBlockInputStream.java: Recompile with -Xlint:unchecked for details.
[INFO] 
[INFO] --- maven-surefire-plugin:3.0.0-M4:test (default-test) @ hdds-client ---
[INFO] 
[INFO] --- maven-dependency-plugin:3.8.1:build-classpath (add-classpath-descriptor) @ hdds-client ---
[INFO] Skipping plugin execution
[INFO] 
[INFO] --- maven-dependency-plugin:3.8.1:copy-dependencies (copy-jars) @ hdds-client ---
[INFO] Skipping plugin execution
[INFO] 
[INFO] --- maven-jar-plugin:3.4.2:jar (default-jar) @ hdds-client ---
[INFO] Building jar: /home/runner/work/ozone/ozone/hadoop-hdds/client/target/hdds-client-2.0.0-SNAPSHOT.jar
[INFO] 
[INFO] --- maven-jar-plugin:3.4.2:test-jar (default) @ hdds-client ---
[INFO] Building jar: /home/runner/work/ozone/ozone/hadoop-hdds/client/target/hdds-client-2.0.0-SNAPSHOT-tests.jar
[INFO] 
[INFO] ------------------< org.apache.ozone:hdds-crypto-api >------------------
[INFO] Building Apache Ozone HDDS Crypto 2.0.0-SNAPSHOT                 [16/47]
[INFO]   from hadoop-hdds/crypto-api/pom.xml
[INFO] --------------------------------[ jar ]---------------------------------
[INFO] 
[INFO] --- maven-antrun-plugin:3.1.0:run (create-testdirs) @ hdds-crypto-api ---
[INFO] Executing tasks
[INFO]     [mkdir] Created dir: /home/runner/work/ozone/ozone/hadoop-hdds/crypto-api/target/test-dir
[INFO] Executed tasks
[INFO] 
[INFO] --- jacoco-maven-plugin:0.8.12:prepare-agent (default-prepare-agent) @ hdds-crypto-api ---
[INFO] argLine set to -javaagent:/home/runner/.m2/repository/org/jacoco/org.jacoco.agent/0.8.12/org.jacoco.agent-0.8.12-runtime.jar=destfile=/home/runner/work/ozone/ozone/hadoop-hdds/crypto-api/target/jacoco.exec,includes=org.apache.hadoop.hdds.*:org.apache.hadoop.ozone.*:org.apache.hadoop.fs.ozone.*:org.apache.ozone.*:org.hadoop.ozone.*
[INFO] 
[INFO] --- maven-enforcer-plugin:3.5.0:enforce (banned-rocksdb-imports) @ hdds-crypto-api ---
[INFO] Rule 0: org.apache.maven.plugins.enforcer.RestrictImports passed
[INFO] 
[INFO] --- maven-enforcer-plugin:3.5.0:enforce (ban-imports) @ hdds-crypto-api ---
[INFO] Rule 0: org.apache.maven.plugins.enforcer.RestrictImports passed
[INFO] Rule 1: org.apache.maven.plugins.enforcer.RestrictImports passed
[INFO] Rule 2: org.apache.maven.plugins.enforcer.RestrictImports passed
[INFO] Rule 3: org.apache.maven.plugins.enforcer.RestrictImports passed
[WARNING] EXPERIMENTAL FEATURE enabled. You have enabled full-compilation-unit parsing. Please be aware that experimental features might get removed or changed. Please share your feedback!
[INFO] Rule 4: org.apache.maven.plugins.enforcer.RestrictImports passed
[INFO] Rule 5: org.apache.maven.plugins.enforcer.RestrictImports passed
[INFO] Rule 6: org.apache.maven.plugins.enforcer.RestrictImports passed
[INFO] 
[INFO] --- maven-enforcer-plugin:3.5.0:enforce (ban-annotations) @ hdds-crypto-api ---
[INFO] Rule 0: org.apache.maven.plugins.enforcer.RestrictImports passed
[INFO] 
[INFO] --- maven-remote-resources-plugin:1.7.0:process (default) @ hdds-crypto-api ---
[INFO] Preparing remote bundle org.apache.ozone:ozone-dev-support:2.0.0-SNAPSHOT
[INFO] Copying 2 resources from 1 bundle.
[INFO] 
[INFO] --- maven-resources-plugin:3.3.0:resources (default-resources) @ hdds-crypto-api ---
[INFO] skip non existing resourceDirectory /home/runner/work/ozone/ozone/hadoop-hdds/crypto-api/src/main/resources
[INFO] Copying 2 resources
[INFO] 
[INFO] --- maven-compiler-plugin:3.9.0:compile (default-compile) @ hdds-crypto-api ---
[INFO] No sources to compile
[INFO] 
[INFO] --- maven-resources-plugin:3.3.0:testResources (default-testResources) @ hdds-crypto-api ---
[INFO] Not copying test resources
[INFO] 
[INFO] --- maven-compiler-plugin:3.9.0:testCompile (default-testCompile) @ hdds-crypto-api ---
[INFO] Skipped
[INFO] 
[INFO] --- maven-surefire-plugin:3.0.0-M4:test (default-test) @ hdds-crypto-api ---
[INFO] Tests are skipped.
[INFO] Skipped
[INFO] 
[INFO] --- maven-dependency-plugin:3.8.1:build-classpath (add-classpath-descriptor) @ hdds-crypto-api ---
[INFO] Skipping plugin execution
[INFO] 
[INFO] --- maven-dependency-plugin:3.8.1:copy-dependencies (copy-jars) @ hdds-crypto-api ---
[INFO] Skipping plugin execution
[INFO] 
[INFO] --- maven-jar-plugin:3.4.2:jar (default-jar) @ hdds-crypto-api ---
[INFO] Building jar: /home/runner/work/ozone/ozone/hadoop-hdds/crypto-api/target/hdds-crypto-api-2.0.0-SNAPSHOT.jar
[INFO] 
[INFO] --- maven-jar-plugin:3.4.2:test-jar (default) @ hdds-crypto-api ---
[INFO] Skipping packaging of the test-jar
[INFO] 
[INFO] ----------------< org.apache.ozone:hdds-crypto-default >----------------
[INFO] Building Apache Ozone HDDS Crypto - Default 2.0.0-SNAPSHOT       [17/47]
[INFO]   from hadoop-hdds/crypto-default/pom.xml
[INFO] --------------------------------[ jar ]---------------------------------
[INFO] 
[INFO] --- maven-antrun-plugin:3.1.0:run (create-testdirs) @ hdds-crypto-default ---
[INFO] Executing tasks
[INFO]     [mkdir] Created dir: /home/runner/work/ozone/ozone/hadoop-hdds/crypto-default/target/test-dir
[INFO] Executed tasks
[INFO] 
[INFO] --- jacoco-maven-plugin:0.8.12:prepare-agent (default-prepare-agent) @ hdds-crypto-default ---
[INFO] argLine set to -javaagent:/home/runner/.m2/repository/org/jacoco/org.jacoco.agent/0.8.12/org.jacoco.agent-0.8.12-runtime.jar=destfile=/home/runner/work/ozone/ozone/hadoop-hdds/crypto-default/target/jacoco.exec,includes=org.apache.hadoop.hdds.*:org.apache.hadoop.ozone.*:org.apache.hadoop.fs.ozone.*:org.apache.ozone.*:org.hadoop.ozone.*
[INFO] 
[INFO] --- maven-enforcer-plugin:3.5.0:enforce (banned-rocksdb-imports) @ hdds-crypto-default ---
[INFO] Rule 0: org.apache.maven.plugins.enforcer.RestrictImports passed
[INFO] 
[INFO] --- maven-enforcer-plugin:3.5.0:enforce (ban-imports) @ hdds-crypto-default ---
[INFO] Rule 0: org.apache.maven.plugins.enforcer.RestrictImports passed
[INFO] Rule 1: org.apache.maven.plugins.enforcer.RestrictImports passed
[INFO] Rule 2: org.apache.maven.plugins.enforcer.RestrictImports passed
[INFO] Rule 3: org.apache.maven.plugins.enforcer.RestrictImports passed
[WARNING] EXPERIMENTAL FEATURE enabled. You have enabled full-compilation-unit parsing. Please be aware that experimental features might get removed or changed. Please share your feedback!
[INFO] Rule 4: org.apache.maven.plugins.enforcer.RestrictImports passed
[INFO] Rule 5: org.apache.maven.plugins.enforcer.RestrictImports passed
[INFO] Rule 6: org.apache.maven.plugins.enforcer.RestrictImports passed
[INFO] 
[INFO] --- maven-enforcer-plugin:3.5.0:enforce (ban-annotations) @ hdds-crypto-default ---
[INFO] Rule 0: org.apache.maven.plugins.enforcer.RestrictImports passed
[INFO] 
[INFO] --- maven-remote-resources-plugin:1.7.0:process (default) @ hdds-crypto-default ---
[INFO] Preparing remote bundle org.apache.ozone:ozone-dev-support:2.0.0-SNAPSHOT
[INFO] Copying 2 resources from 1 bundle.
[INFO] 
[INFO] --- maven-resources-plugin:3.3.0:resources (default-resources) @ hdds-crypto-default ---
[INFO] skip non existing resourceDirectory /home/runner/work/ozone/ozone/hadoop-hdds/crypto-default/src/main/resources
[INFO] Copying 2 resources
[INFO] 
[INFO] --- maven-compiler-plugin:3.9.0:compile (default-compile) @ hdds-crypto-default ---
[INFO] No sources to compile
[INFO] 
[INFO] --- maven-resources-plugin:3.3.0:testResources (default-testResources) @ hdds-crypto-default ---
[INFO] Not copying test resources
[INFO] 
[INFO] --- maven-compiler-plugin:3.9.0:testCompile (default-testCompile) @ hdds-crypto-default ---
[INFO] Skipped
[INFO] 
[INFO] --- maven-surefire-plugin:3.0.0-M4:test (default-test) @ hdds-crypto-default ---
[INFO] Tests are skipped.
[INFO] Skipped
[INFO] 
[INFO] --- maven-dependency-plugin:3.8.1:build-classpath (add-classpath-descriptor) @ hdds-crypto-default ---
[INFO] Skipping plugin execution
[INFO] 
[INFO] --- maven-dependency-plugin:3.8.1:copy-dependencies (copy-jars) @ hdds-crypto-default ---
[INFO] Skipping plugin execution
[INFO] 
[INFO] --- maven-jar-plugin:3.4.2:jar (default-jar) @ hdds-crypto-default ---
[INFO] Building jar: /home/runner/work/ozone/ozone/hadoop-hdds/crypto-default/target/hdds-crypto-default-2.0.0-SNAPSHOT.jar
[INFO] 
[INFO] --- maven-jar-plugin:3.4.2:test-jar (default) @ hdds-crypto-default ---
[INFO] Skipping packaging of the test-jar
[INFO] 
[INFO] ---------------< org.apache.ozone:hdds-managed-rocksdb >----------------
[INFO] Building Apache Ozone HDDS Managed RocksDB 2.0.0-SNAPSHOT        [18/47]
[INFO]   from hadoop-hdds/managed-rocksdb/pom.xml
[INFO] --------------------------------[ jar ]---------------------------------
[INFO] 
[INFO] --- maven-antrun-plugin:3.1.0:run (create-testdirs) @ hdds-managed-rocksdb ---
[INFO] Executing tasks
[INFO]     [mkdir] Created dir: /home/runner/work/ozone/ozone/hadoop-hdds/managed-rocksdb/target/test-dir
[INFO] Executed tasks
[INFO] 
[INFO] --- jacoco-maven-plugin:0.8.12:prepare-agent (default-prepare-agent) @ hdds-managed-rocksdb ---
[INFO] argLine set to -javaagent:/home/runner/.m2/repository/org/jacoco/org.jacoco.agent/0.8.12/org.jacoco.agent-0.8.12-runtime.jar=destfile=/home/runner/work/ozone/ozone/hadoop-hdds/managed-rocksdb/target/jacoco.exec,includes=org.apache.hadoop.hdds.*:org.apache.hadoop.ozone.*:org.apache.hadoop.fs.ozone.*:org.apache.ozone.*:org.hadoop.ozone.*
[INFO] 
[INFO] --- maven-enforcer-plugin:3.5.0:enforce (banned-rocksdb-imports) @ hdds-managed-rocksdb ---
[INFO] Rule 0: org.apache.maven.plugins.enforcer.RestrictImports passed
[INFO] 
[INFO] --- maven-enforcer-plugin:3.5.0:enforce (ban-imports) @ hdds-managed-rocksdb ---
[INFO] Rule 0: org.apache.maven.plugins.enforcer.RestrictImports passed
[INFO] Rule 1: org.apache.maven.plugins.enforcer.RestrictImports passed
[INFO] Rule 2: org.apache.maven.plugins.enforcer.RestrictImports passed
[INFO] Rule 3: org.apache.maven.plugins.enforcer.RestrictImports passed
[WARNING] EXPERIMENTAL FEATURE enabled. You have enabled full-compilation-unit parsing. Please be aware that experimental features might get removed or changed. Please share your feedback!
[INFO] Rule 4: org.apache.maven.plugins.enforcer.RestrictImports passed
[INFO] Rule 5: org.apache.maven.plugins.enforcer.RestrictImports passed
[INFO] Rule 6: org.apache.maven.plugins.enforcer.RestrictImports passed
[INFO] 
[INFO] --- maven-enforcer-plugin:3.5.0:enforce (ban-annotations) @ hdds-managed-rocksdb ---
[INFO] Rule 0: org.apache.maven.plugins.enforcer.RestrictImports passed
[INFO] 
[INFO] --- maven-remote-resources-plugin:1.7.0:process (default) @ hdds-managed-rocksdb ---
[INFO] Preparing remote bundle org.apache.ozone:ozone-dev-support:2.0.0-SNAPSHOT
[INFO] Copying 2 resources from 1 bundle.
[INFO] 
[INFO] --- maven-resources-plugin:3.3.0:resources (default-resources) @ hdds-managed-rocksdb ---
[INFO] skip non existing resourceDirectory /home/runner/work/ozone/ozone/hadoop-hdds/managed-rocksdb/src/main/resources
[INFO] Copying 2 resources
[INFO] 
[INFO] --- maven-compiler-plugin:3.9.0:compile (default-compile) @ hdds-managed-rocksdb ---
[INFO] Compiling 28 source files to /home/runner/work/ozone/ozone/hadoop-hdds/managed-rocksdb/target/classes
[INFO] 
[INFO] --- maven-resources-plugin:3.3.0:testResources (default-testResources) @ hdds-managed-rocksdb ---
[INFO] Not copying test resources
[INFO] 
[INFO] --- maven-compiler-plugin:3.9.0:testCompile (default-testCompile) @ hdds-managed-rocksdb ---
[INFO] Skipped
[INFO] 
[INFO] --- maven-surefire-plugin:3.0.0-M4:test (default-test) @ hdds-managed-rocksdb ---
[INFO] Tests are skipped.
[INFO] Skipped
[INFO] 
[INFO] --- maven-dependency-plugin:3.8.1:build-classpath (add-classpath-descriptor) @ hdds-managed-rocksdb ---
[INFO] Skipping plugin execution
[INFO] 
[INFO] --- maven-dependency-plugin:3.8.1:copy-dependencies (copy-jars) @ hdds-managed-rocksdb ---
[INFO] Skipping plugin execution
[INFO] 
[INFO] --- maven-jar-plugin:3.4.2:jar (default-jar) @ hdds-managed-rocksdb ---
[INFO] Building jar: /home/runner/work/ozone/ozone/hadoop-hdds/managed-rocksdb/target/hdds-managed-rocksdb-2.0.0-SNAPSHOT.jar
[INFO] 
[INFO] --- maven-jar-plugin:3.4.2:test-jar (default) @ hdds-managed-rocksdb ---
[INFO] Skipping packaging of the test-jar
[INFO] 
[INFO] -----------------< org.apache.ozone:hdds-rocks-native >-----------------
[INFO] Building Apache Ozone HDDS RocksDB Tools 2.0.0-SNAPSHOT          [19/47]
[INFO]   from hadoop-hdds/rocks-native/pom.xml
[INFO] --------------------------------[ jar ]---------------------------------
[INFO] 
[INFO] --- maven-antrun-plugin:3.1.0:run (create-testdirs) @ hdds-rocks-native ---
[INFO] Executing tasks
[INFO]     [mkdir] Created dir: /home/runner/work/ozone/ozone/hadoop-hdds/rocks-native/target/test-dir
[INFO] Executed tasks
[INFO] 
[INFO] --- jacoco-maven-plugin:0.8.12:prepare-agent (default-prepare-agent) @ hdds-rocks-native ---
[INFO] argLine set to -javaagent:/home/runner/.m2/repository/org/jacoco/org.jacoco.agent/0.8.12/org.jacoco.agent-0.8.12-runtime.jar=destfile=/home/runner/work/ozone/ozone/hadoop-hdds/rocks-native/target/jacoco.exec,includes=org.apache.hadoop.hdds.*:org.apache.hadoop.ozone.*:org.apache.hadoop.fs.ozone.*:org.apache.ozone.*:org.hadoop.ozone.*
[INFO] 
[INFO] --- build-helper-maven-plugin:3.6.0:cpu-count (get-cpu-count) @ hdds-rocks-native ---
[INFO] CPU count: 4
[INFO] 
[INFO] --- maven-enforcer-plugin:3.5.0:enforce (banned-rocksdb-imports) @ hdds-rocks-native ---
[INFO] Rule 0: org.apache.maven.plugins.enforcer.RestrictImports passed
[INFO] 
[INFO] --- maven-enforcer-plugin:3.5.0:enforce (ban-imports) @ hdds-rocks-native ---
[INFO] Rule 0: org.apache.maven.plugins.enforcer.RestrictImports passed
[INFO] Rule 1: org.apache.maven.plugins.enforcer.RestrictImports passed
[INFO] Rule 2: org.apache.maven.plugins.enforcer.RestrictImports passed
[INFO] Rule 3: org.apache.maven.plugins.enforcer.RestrictImports passed
[WARNING] EXPERIMENTAL FEATURE enabled. You have enabled full-compilation-unit parsing. Please be aware that experimental features might get removed or changed. Please share your feedback!
[INFO] Rule 4: org.apache.maven.plugins.enforcer.RestrictImports passed
[INFO] Rule 5: org.apache.maven.plugins.enforcer.RestrictImports passed
[INFO] Rule 6: org.apache.maven.plugins.enforcer.RestrictImports passed
[INFO] 
[INFO] --- maven-enforcer-plugin:3.5.0:enforce (ban-annotations) @ hdds-rocks-native ---
[INFO] Rule 0: org.apache.maven.plugins.enforcer.RestrictImports passed
[INFO] 
[INFO] --- maven-remote-resources-plugin:1.7.0:process (default) @ hdds-rocks-native ---
[INFO] Preparing remote bundle org.apache.ozone:ozone-dev-support:2.0.0-SNAPSHOT
[INFO] Copying 2 resources from 1 bundle.
[INFO] 
[INFO] --- maven-resources-plugin:3.3.0:resources (default-resources) @ hdds-rocks-native ---
[INFO] skip non existing resourceDirectory /home/runner/work/ozone/ozone/hadoop-hdds/rocks-native/src/main/resources
[INFO] Copying 2 resources
[INFO] 
[INFO] --- maven-compiler-plugin:3.9.0:compile (default-compile) @ hdds-rocks-native ---
[INFO] Compiling 7 source files to /home/runner/work/ozone/ozone/hadoop-hdds/rocks-native/target/classes
[INFO] 
[INFO] --- maven-resources-plugin:3.3.0:testResources (default-testResources) @ hdds-rocks-native ---
[INFO] Copying 2 resources
[INFO] Copying 2 resources
[INFO] 
[INFO] --- maven-compiler-plugin:3.9.0:testCompile (default-testCompile) @ hdds-rocks-native ---
[INFO] Compiling 3 source files to /home/runner/work/ozone/ozone/hadoop-hdds/rocks-native/target/test-classes
[INFO] 
[INFO] --- maven-surefire-plugin:3.0.0-M4:test (default-test) @ hdds-rocks-native ---
[INFO] 
[INFO] --- maven-dependency-plugin:3.8.1:build-classpath (add-classpath-descriptor) @ hdds-rocks-native ---
[INFO] Skipping plugin execution
[INFO] 
[INFO] --- maven-dependency-plugin:3.8.1:copy-dependencies (copy-jars) @ hdds-rocks-native ---
[INFO] Skipping plugin execution
[INFO] 
[INFO] --- maven-jar-plugin:3.4.2:jar (default-jar) @ hdds-rocks-native ---
[INFO] Building jar: /home/runner/work/ozone/ozone/hadoop-hdds/rocks-native/target/hdds-rocks-native-2.0.0-SNAPSHOT.jar
[INFO] 
[INFO] --- maven-jar-plugin:3.4.2:test-jar (default) @ hdds-rocks-native ---
[INFO] Building jar: /home/runner/work/ozone/ozone/hadoop-hdds/rocks-native/target/hdds-rocks-native-2.0.0-SNAPSHOT-tests.jar
[INFO] 
[INFO] -------------< org.apache.ozone:rocksdb-checkpoint-differ >-------------
[INFO] Building RocksDB Checkpoint Differ 2.0.0-SNAPSHOT                [20/47]
[INFO]   from hadoop-hdds/rocksdb-checkpoint-differ/pom.xml
[INFO] --------------------------------[ jar ]---------------------------------
[INFO] 
[INFO] --- maven-antrun-plugin:3.1.0:run (create-testdirs) @ rocksdb-checkpoint-differ ---
[INFO] Executing tasks
[INFO]     [mkdir] Created dir: /home/runner/work/ozone/ozone/hadoop-hdds/rocksdb-checkpoint-differ/target/test-dir
[INFO] Executed tasks
[INFO] 
[INFO] --- jacoco-maven-plugin:0.8.12:prepare-agent (default-prepare-agent) @ rocksdb-checkpoint-differ ---
[INFO] argLine set to -javaagent:/home/runner/.m2/repository/org/jacoco/org.jacoco.agent/0.8.12/org.jacoco.agent-0.8.12-runtime.jar=destfile=/home/runner/work/ozone/ozone/hadoop-hdds/rocksdb-checkpoint-differ/target/jacoco.exec,includes=org.apache.hadoop.hdds.*:org.apache.hadoop.ozone.*:org.apache.hadoop.fs.ozone.*:org.apache.ozone.*:org.hadoop.ozone.*
[INFO] 
[INFO] --- maven-enforcer-plugin:3.5.0:enforce (banned-rocksdb-imports) @ rocksdb-checkpoint-differ ---
[INFO] Rule 0: org.apache.maven.plugins.enforcer.RestrictImports passed
[INFO] 
[INFO] --- maven-enforcer-plugin:3.5.0:enforce (ban-imports) @ rocksdb-checkpoint-differ ---
[INFO] Rule 0: org.apache.maven.plugins.enforcer.RestrictImports passed
[INFO] Rule 1: org.apache.maven.plugins.enforcer.RestrictImports passed
[INFO] Rule 2: org.apache.maven.plugins.enforcer.RestrictImports passed
[INFO] Rule 3: org.apache.maven.plugins.enforcer.RestrictImports passed
[WARNING] EXPERIMENTAL FEATURE enabled. You have enabled full-compilation-unit parsing. Please be aware that experimental features might get removed or changed. Please share your feedback!
[INFO] Rule 4: org.apache.maven.plugins.enforcer.RestrictImports passed
[INFO] Rule 5: org.apache.maven.plugins.enforcer.RestrictImports passed
[INFO] Rule 6: org.apache.maven.plugins.enforcer.RestrictImports passed
[INFO] 
[INFO] --- maven-enforcer-plugin:3.5.0:enforce (ban-annotations) @ rocksdb-checkpoint-differ ---
[INFO] Rule 0: org.apache.maven.plugins.enforcer.RestrictImports passed
[INFO] 
[INFO] --- maven-remote-resources-plugin:1.7.0:process (default) @ rocksdb-checkpoint-differ ---
[INFO] Preparing remote bundle org.apache.ozone:ozone-dev-support:2.0.0-SNAPSHOT
[INFO] Copying 2 resources from 1 bundle.
[INFO] 
[INFO] --- maven-resources-plugin:3.3.0:resources (default-resources) @ rocksdb-checkpoint-differ ---
[INFO] skip non existing resourceDirectory /home/runner/work/ozone/ozone/hadoop-hdds/rocksdb-checkpoint-differ/src/main/resources
[INFO] Copying 2 resources
[INFO] 
[INFO] --- maven-compiler-plugin:3.9.0:compile (default-compile) @ rocksdb-checkpoint-differ ---
[INFO] Compiling 14 source files to /home/runner/work/ozone/ozone/hadoop-hdds/rocksdb-checkpoint-differ/target/classes
[INFO] 
[INFO] --- maven-resources-plugin:3.3.0:testResources (default-testResources) @ rocksdb-checkpoint-differ ---
[INFO] Copying 1 resource
[INFO] Copying 2 resources
[INFO] 
[INFO] --- maven-compiler-plugin:3.9.0:testCompile (default-testCompile) @ rocksdb-checkpoint-differ ---
[INFO] Compiling 6 source files to /home/runner/work/ozone/ozone/hadoop-hdds/rocksdb-checkpoint-differ/target/test-classes
[INFO] /home/runner/work/ozone/ozone/hadoop-hdds/rocksdb-checkpoint-differ/src/test/java/org/apache/ozone/rocksdiff/TestRocksDBCheckpointDiffer.java: /home/runner/work/ozone/ozone/hadoop-hdds/rocksdb-checkpoint-differ/src/test/java/org/apache/ozone/rocksdiff/TestRocksDBCheckpointDiffer.java uses or overrides a deprecated API.
[INFO] /home/runner/work/ozone/ozone/hadoop-hdds/rocksdb-checkpoint-differ/src/test/java/org/apache/ozone/rocksdiff/TestRocksDBCheckpointDiffer.java: Recompile with -Xlint:deprecation for details.
[INFO] 
[INFO] --- maven-surefire-plugin:3.0.0-M4:test (default-test) @ rocksdb-checkpoint-differ ---
[INFO] 
[INFO] --- maven-dependency-plugin:3.8.1:build-classpath (add-classpath-descriptor) @ rocksdb-checkpoint-differ ---
[INFO] Skipping plugin execution
[INFO] 
[INFO] --- maven-dependency-plugin:3.8.1:copy-dependencies (copy-jars) @ rocksdb-checkpoint-differ ---
[INFO] Skipping plugin execution
[INFO] 
[INFO] --- maven-jar-plugin:3.4.2:jar (default-jar) @ rocksdb-checkpoint-differ ---
[INFO] Building jar: /home/runner/work/ozone/ozone/hadoop-hdds/rocksdb-checkpoint-differ/target/rocksdb-checkpoint-differ-2.0.0-SNAPSHOT.jar
[INFO] 
[INFO] --- maven-jar-plugin:3.4.2:test-jar (default) @ rocksdb-checkpoint-differ ---
[INFO] Building jar: /home/runner/work/ozone/ozone/hadoop-hdds/rocksdb-checkpoint-differ/target/rocksdb-checkpoint-differ-2.0.0-SNAPSHOT-tests.jar
[INFO] 
[INFO] ---------------< org.apache.ozone:hdds-server-framework >---------------
[INFO] Building Apache Ozone HDDS Server Framework 2.0.0-SNAPSHOT       [21/47]
[INFO]   from hadoop-hdds/framework/pom.xml
[INFO] --------------------------------[ jar ]---------------------------------
[INFO] 
[INFO] --- maven-antrun-plugin:3.1.0:run (create-testdirs) @ hdds-server-framework ---
[INFO] Executing tasks
[INFO]     [mkdir] Created dir: /home/runner/work/ozone/ozone/hadoop-hdds/framework/target/test-dir
[INFO] Executed tasks
[INFO] 
[INFO] --- jacoco-maven-plugin:0.8.12:prepare-agent (default-prepare-agent) @ hdds-server-framework ---
[INFO] argLine set to -javaagent:/home/runner/.m2/repository/org/jacoco/org.jacoco.agent/0.8.12/org.jacoco.agent-0.8.12-runtime.jar=destfile=/home/runner/work/ozone/ozone/hadoop-hdds/framework/target/jacoco.exec,includes=org.apache.hadoop.hdds.*:org.apache.hadoop.ozone.*:org.apache.hadoop.fs.ozone.*:org.apache.ozone.*:org.hadoop.ozone.*
[INFO] 
[INFO] --- maven-enforcer-plugin:3.5.0:enforce (banned-rocksdb-imports) @ hdds-server-framework ---
[INFO] Rule 0: org.apache.maven.plugins.enforcer.RestrictImports passed
[INFO] 
[INFO] --- maven-enforcer-plugin:3.5.0:enforce (ban-imports) @ hdds-server-framework ---
[INFO] Rule 0: org.apache.maven.plugins.enforcer.RestrictImports passed
[INFO] Rule 1: org.apache.maven.plugins.enforcer.RestrictImports passed
[INFO] Rule 2: org.apache.maven.plugins.enforcer.RestrictImports passed
[INFO] Rule 3: org.apache.maven.plugins.enforcer.RestrictImports passed
[WARNING] EXPERIMENTAL FEATURE enabled. You have enabled full-compilation-unit parsing. Please be aware that experimental features might get removed or changed. Please share your feedback!
[INFO] Rule 4: org.apache.maven.plugins.enforcer.RestrictImports passed
[INFO] Rule 5: org.apache.maven.plugins.enforcer.RestrictImports passed
[INFO] Rule 6: org.apache.maven.plugins.enforcer.RestrictImports passed
[INFO] 
[INFO] --- maven-enforcer-plugin:3.5.0:enforce (ban-annotations) @ hdds-server-framework ---
[INFO] Rule 0: org.apache.maven.plugins.enforcer.RestrictImports passed
[INFO] 
[INFO] --- maven-remote-resources-plugin:1.7.0:process (default) @ hdds-server-framework ---
[INFO] Preparing remote bundle org.apache.ozone:ozone-dev-support:2.0.0-SNAPSHOT
[INFO] Copying 2 resources from 1 bundle.
[INFO] 
[INFO] --- maven-resources-plugin:3.3.0:resources (default-resources) @ hdds-server-framework ---
[INFO] Copying 35 resources
[INFO] Copying 2 resources
[INFO] 
[INFO] --- maven-compiler-plugin:3.9.0:compile (default-compile) @ hdds-server-framework ---
[INFO] Compiling 224 source files to /home/runner/work/ozone/ozone/hadoop-hdds/framework/target/classes
[INFO] /home/runner/work/ozone/ozone/hadoop-hdds/framework/src/main/java/org/apache/hadoop/hdds/scm/proxy/SCMSecurityProtocolFailoverProxyProvider.java: Some input files use or override a deprecated API.
[INFO] /home/runner/work/ozone/ozone/hadoop-hdds/framework/src/main/java/org/apache/hadoop/hdds/scm/proxy/SCMSecurityProtocolFailoverProxyProvider.java: Recompile with -Xlint:deprecation for details.
[INFO] /home/runner/work/ozone/ozone/hadoop-hdds/framework/src/main/java/org/apache/hadoop/hdds/security/symmetric/ManagedSecretKey.java: Some input files use unchecked or unsafe operations.
[INFO] /home/runner/work/ozone/ozone/hadoop-hdds/framework/src/main/java/org/apache/hadoop/hdds/security/symmetric/ManagedSecretKey.java: Recompile with -Xlint:unchecked for details.
[INFO] 
[INFO] --- maven-resources-plugin:3.3.0:testResources (default-testResources) @ hdds-server-framework ---
[INFO] Copying 5 resources
[INFO] Copying 2 resources
[INFO] 
[INFO] --- maven-compiler-plugin:3.9.0:testCompile (default-testCompile) @ hdds-server-framework ---
[INFO] Compiling 76 source files to /home/runner/work/ozone/ozone/hadoop-hdds/framework/target/test-classes
[INFO] /home/runner/work/ozone/ozone/hadoop-hdds/framework/src/test/java/org/apache/hadoop/hdds/security/symmetric/TestManagedSecretKey.java: Some input files use or override a deprecated API.
[INFO] /home/runner/work/ozone/ozone/hadoop-hdds/framework/src/test/java/org/apache/hadoop/hdds/security/symmetric/TestManagedSecretKey.java: Recompile with -Xlint:deprecation for details.
[INFO] /home/runner/work/ozone/ozone/hadoop-hdds/framework/src/test/java/org/apache/hadoop/hdds/security/symmetric/TestSecretKeyManager.java: Some input files use unchecked or unsafe operations.
[INFO] /home/runner/work/ozone/ozone/hadoop-hdds/framework/src/test/java/org/apache/hadoop/hdds/security/symmetric/TestSecretKeyManager.java: Recompile with -Xlint:unchecked for details.
[INFO] 
[INFO] --- maven-surefire-plugin:3.0.0-M4:test (default-test) @ hdds-server-framework ---
[INFO] 
[INFO] --- maven-dependency-plugin:3.8.1:build-classpath (add-classpath-descriptor) @ hdds-server-framework ---
[INFO] Skipping plugin execution
[INFO] 
[INFO] --- maven-dependency-plugin:3.8.1:copy-dependencies (copy-jars) @ hdds-server-framework ---
[INFO] Skipping plugin execution
[INFO] 
[INFO] --- maven-jar-plugin:3.4.2:jar (default-jar) @ hdds-server-framework ---
[INFO] Building jar: /home/runner/work/ozone/ozone/hadoop-hdds/framework/target/hdds-server-framework-2.0.0-SNAPSHOT.jar
[INFO] 
[INFO] --- maven-jar-plugin:3.4.2:test-jar (default) @ hdds-server-framework ---
[INFO] Building jar: /home/runner/work/ozone/ozone/hadoop-hdds/framework/target/hdds-server-framework-2.0.0-SNAPSHOT-tests.jar
[INFO] 
[INFO] ---------------------< org.apache.ozone:hdds-docs >---------------------
[INFO] Building Apache Ozone/HDDS Documentation 2.0.0-SNAPSHOT          [22/47]
[INFO]   from hadoop-hdds/docs/pom.xml
[INFO] --------------------------------[ jar ]---------------------------------
[INFO] 
[INFO] --- maven-antrun-plugin:3.1.0:run (create-testdirs) @ hdds-docs ---
[INFO] Executing tasks
[INFO]     [mkdir] Created dir: /home/runner/work/ozone/ozone/hadoop-hdds/docs/target/test-dir
[INFO] Executed tasks
[INFO] 
[INFO] --- jacoco-maven-plugin:0.8.12:prepare-agent (default-prepare-agent) @ hdds-docs ---
[INFO] argLine set to -javaagent:/home/runner/.m2/repository/org/jacoco/org.jacoco.agent/0.8.12/org.jacoco.agent-0.8.12-runtime.jar=destfile=/home/runner/work/ozone/ozone/hadoop-hdds/docs/target/jacoco.exec,includes=org.apache.hadoop.hdds.*:org.apache.hadoop.ozone.*:org.apache.hadoop.fs.ozone.*:org.apache.ozone.*:org.hadoop.ozone.*
[INFO] 
[INFO] --- maven-enforcer-plugin:3.5.0:enforce (banned-rocksdb-imports) @ hdds-docs ---
[INFO] Rule 0: org.apache.maven.plugins.enforcer.RestrictImports passed
[INFO] 
[INFO] --- maven-enforcer-plugin:3.5.0:enforce (ban-imports) @ hdds-docs ---
[INFO] Rule 0: org.apache.maven.plugins.enforcer.RestrictImports passed
[INFO] Rule 1: org.apache.maven.plugins.enforcer.RestrictImports passed
[INFO] Rule 2: org.apache.maven.plugins.enforcer.RestrictImports passed
[INFO] Rule 3: org.apache.maven.plugins.enforcer.RestrictImports passed
[WARNING] EXPERIMENTAL FEATURE enabled. You have enabled full-compilation-unit parsing. Please be aware that experimental features might get removed or changed. Please share your feedback!
[INFO] Rule 4: org.apache.maven.plugins.enforcer.RestrictImports passed
[INFO] Rule 5: org.apache.maven.plugins.enforcer.RestrictImports passed
[INFO] Rule 6: org.apache.maven.plugins.enforcer.RestrictImports passed
[INFO] 
[INFO] --- maven-enforcer-plugin:3.5.0:enforce (ban-annotations) @ hdds-docs ---
[INFO] Rule 0: org.apache.maven.plugins.enforcer.RestrictImports passed
[INFO] 
[INFO] --- maven-remote-resources-plugin:1.7.0:process (default) @ hdds-docs ---
[INFO] Preparing remote bundle org.apache.ozone:ozone-dev-support:2.0.0-SNAPSHOT
[INFO] Copying 2 resources from 1 bundle.
[INFO] 
[INFO] --- maven-resources-plugin:3.3.0:resources (default-resources) @ hdds-docs ---
[INFO] skip non existing resourceDirectory /home/runner/work/ozone/ozone/hadoop-hdds/docs/src/main/resources
[INFO] Copying 2 resources
[INFO] 
[INFO] --- maven-compiler-plugin:3.9.0:compile (default-compile) @ hdds-docs ---
[INFO] No sources to compile
[INFO] 
[INFO] --- exec-maven-plugin:3.5.0:exec (default) @ hdds-docs ---
mkdir: created directory '/home/runner/work/ozone/ozone/.dev-tools'
mkdir: created directory '/home/runner/work/ozone/ozone/.dev-tools/hugo'
~/work/ozone/ozone/.dev-tools/hugo ~/work/ozone/ozone
Installed hugo in /home/runner/work/ozone/ozone/.dev-tools/hugo
~/work/ozone/ozone
Start building sites … 

                   | EN  | ZH  
-------------------+-----+-----
  Pages            | 106 | 62  
  Paginator pages  |   0 |  0  
  Non-page files   |  33 | 33  
  Static files     |  32 | 32  
  Processed images |   0 |  0  
  Aliases          |   1 |  0  
  Sitemaps         |   2 |  1  
  Cleaned          |   0 |  0  

Total in 222 ms
/home/runner/work/ozone/ozone
[INFO] 
[INFO] --- maven-resources-plugin:3.3.0:testResources (default-testResources) @ hdds-docs ---
[INFO] Not copying test resources
[INFO] 
[INFO] --- maven-compiler-plugin:3.9.0:testCompile (default-testCompile) @ hdds-docs ---
[INFO] Skipped
[INFO] 
[INFO] --- maven-surefire-plugin:3.0.0-M4:test (default-test) @ hdds-docs ---
[INFO] Tests are skipped.
[INFO] Skipped
[INFO] 
[INFO] --- maven-dependency-plugin:3.8.1:build-classpath (add-classpath-descriptor) @ hdds-docs ---
[INFO] Skipping plugin execution
[INFO] 
[INFO] --- maven-dependency-plugin:3.8.1:copy-dependencies (copy-jars) @ hdds-docs ---
[INFO] Skipping plugin execution
[INFO] 
[INFO] --- maven-jar-plugin:3.4.2:jar (default-jar) @ hdds-docs ---
[INFO] Building jar: /home/runner/work/ozone/ozone/hadoop-hdds/docs/target/hdds-docs-2.0.0-SNAPSHOT.jar
[INFO] 
[INFO] --- maven-jar-plugin:3.4.2:test-jar (default) @ hdds-docs ---
[INFO] Skipping packaging of the test-jar
[INFO] 
[INFO] --------------< org.apache.ozone:hdds-container-service >---------------
[INFO] Building Apache Ozone HDDS Container Service 2.0.0-SNAPSHOT      [23/47]
[INFO]   from hadoop-hdds/container-service/pom.xml
[INFO] --------------------------------[ jar ]---------------------------------
[INFO] 
[INFO] --- maven-antrun-plugin:3.1.0:run (create-testdirs) @ hdds-container-service ---
[INFO] Executing tasks
[INFO]     [mkdir] Created dir: /home/runner/work/ozone/ozone/hadoop-hdds/container-service/target/test-dir
[INFO] Executed tasks
[INFO] 
[INFO] --- jacoco-maven-plugin:0.8.12:prepare-agent (default-prepare-agent) @ hdds-container-service ---
[INFO] argLine set to -javaagent:/home/runner/.m2/repository/org/jacoco/org.jacoco.agent/0.8.12/org.jacoco.agent-0.8.12-runtime.jar=destfile=/home/runner/work/ozone/ozone/hadoop-hdds/container-service/target/jacoco.exec,includes=org.apache.hadoop.hdds.*:org.apache.hadoop.ozone.*:org.apache.hadoop.fs.ozone.*:org.apache.ozone.*:org.hadoop.ozone.*
[INFO] 
[INFO] --- maven-enforcer-plugin:3.5.0:enforce (banned-rocksdb-imports) @ hdds-container-service ---
[INFO] Rule 0: org.apache.maven.plugins.enforcer.RestrictImports passed
[INFO] 
[INFO] --- maven-enforcer-plugin:3.5.0:enforce (ban-imports) @ hdds-container-service ---
[INFO] Rule 0: org.apache.maven.plugins.enforcer.RestrictImports passed
[INFO] Rule 1: org.apache.maven.plugins.enforcer.RestrictImports passed
[INFO] Rule 2: org.apache.maven.plugins.enforcer.RestrictImports passed
[INFO] Rule 3: org.apache.maven.plugins.enforcer.RestrictImports passed
[WARNING] EXPERIMENTAL FEATURE enabled. You have enabled full-compilation-unit parsing. Please be aware that experimental features might get removed or changed. Please share your feedback!
[INFO] Rule 4: org.apache.maven.plugins.enforcer.RestrictImports passed
[INFO] Rule 5: org.apache.maven.plugins.enforcer.RestrictImports passed
[INFO] Rule 6: org.apache.maven.plugins.enforcer.RestrictImports passed
[INFO] 
[INFO] --- maven-enforcer-plugin:3.5.0:enforce (ban-annotations) @ hdds-container-service ---
[INFO] Rule 0: org.apache.maven.plugins.enforcer.RestrictImports passed
[INFO] 
[INFO] --- maven-remote-resources-plugin:1.7.0:process (default) @ hdds-container-service ---
[INFO] Preparing remote bundle org.apache.ozone:ozone-dev-support:2.0.0-SNAPSHOT
[INFO] Copying 2 resources from 1 bundle.
[INFO] 
[INFO] --- maven-resources-plugin:3.3.0:resources (default-resources) @ hdds-container-service ---
[INFO] Copying 7 resources
[INFO] Copying 2 resources
[INFO] 
[INFO] --- maven-compiler-plugin:3.9.0:compile (default-compile) @ hdds-container-service ---
[INFO] Compiling 277 source files to /home/runner/work/ozone/ozone/hadoop-hdds/container-service/target/classes
[INFO] /home/runner/work/ozone/ozone/hadoop-hdds/container-service/src/main/java/org/apache/hadoop/ozone/container/common/statemachine/SCMConnectionManager.java: Some input files use or override a deprecated API.
[INFO] /home/runner/work/ozone/ozone/hadoop-hdds/container-service/src/main/java/org/apache/hadoop/ozone/container/common/statemachine/SCMConnectionManager.java: Recompile with -Xlint:deprecation for details.
[INFO] /home/runner/work/ozone/ozone/hadoop-hdds/container-service/src/main/java/org/apache/hadoop/ozone/container/common/states/datanode/RunningDatanodeState.java: Some input files use unchecked or unsafe operations.
[INFO] /home/runner/work/ozone/ozone/hadoop-hdds/container-service/src/main/java/org/apache/hadoop/ozone/container/common/states/datanode/RunningDatanodeState.java: Recompile with -Xlint:unchecked for details.
[INFO] 
[INFO] --- maven-resources-plugin:3.3.0:testResources (default-testResources) @ hdds-container-service ---
[INFO] Copying 16 resources
[INFO] Copying 2 resources
[INFO] 
[INFO] --- maven-compiler-plugin:3.9.0:testCompile (default-testCompile) @ hdds-container-service ---
[INFO] Compiling 112 source files to /home/runner/work/ozone/ozone/hadoop-hdds/container-service/target/test-classes
[INFO] /home/runner/work/ozone/ozone/hadoop-hdds/container-service/src/test/java/org/apache/hadoop/ozone/TestHddsDatanodeService.java: Some input files use or override a deprecated API.
[INFO] /home/runner/work/ozone/ozone/hadoop-hdds/container-service/src/test/java/org/apache/hadoop/ozone/TestHddsDatanodeService.java: Recompile with -Xlint:deprecation for details.
[INFO] /home/runner/work/ozone/ozone/hadoop-hdds/container-service/src/test/java/org/apache/hadoop/ozone/container/keyvalue/TestKeyValueContainer.java: Some input files use unchecked or unsafe operations.
[INFO] /home/runner/work/ozone/ozone/hadoop-hdds/container-service/src/test/java/org/apache/hadoop/ozone/container/keyvalue/TestKeyValueContainer.java: Recompile with -Xlint:unchecked for details.
[INFO] 
[INFO] --- maven-surefire-plugin:3.0.0-M4:test (default-test) @ hdds-container-service ---
[INFO] 
[INFO] -------------------------------------------------------
[INFO]  T E S T S
[INFO] -------------------------------------------------------
[INFO] Running org.apache.hadoop.ozone.container.ozoneimpl.TestOzoneContainer
[INFO] Tests run: 32, Failures: 0, Errors: 0, Skipped: 0, Time elapsed: 9.259 s - in org.apache.hadoop.ozone.container.ozoneimpl.TestOzoneContainer
[INFO] Running org.apache.hadoop.ozone.container.ozoneimpl.TestContainerScannerConfiguration
[INFO] Tests run: 3, Failures: 0, Errors: 0, Skipped: 0, Time elapsed: 0.353 s - in org.apache.hadoop.ozone.container.ozoneimpl.TestContainerScannerConfiguration
[INFO] Running org.apache.hadoop.ozone.container.ozoneimpl.TestContainerReader
[INFO] Tests run: 40, Failures: 0, Errors: 0, Skipped: 0, Time elapsed: 19.699 s - in org.apache.hadoop.ozone.container.ozoneimpl.TestContainerReader
[INFO] Running org.apache.hadoop.ozone.container.ozoneimpl.TestBackgroundContainerDataScanner
[INFO] Tests run: 10, Failures: 0, Errors: 0, Skipped: 0, Time elapsed: 3.329 s - in org.apache.hadoop.ozone.container.ozoneimpl.TestBackgroundContainerDataScanner
[INFO] Running org.apache.hadoop.ozone.container.ozoneimpl.TestBackgroundContainerMetadataScanner
[INFO] Tests run: 9, Failures: 0, Errors: 0, Skipped: 0, Time elapsed: 3.411 s - in org.apache.hadoop.ozone.container.ozoneimpl.TestBackgroundContainerMetadataScanner
[INFO] Running org.apache.hadoop.ozone.container.ozoneimpl.TestOnDemandContainerDataScanner
[INFO] Tests run: 12, Failures: 0, Errors: 0, Skipped: 0, Time elapsed: 2.409 s - in org.apache.hadoop.ozone.container.ozoneimpl.TestOnDemandContainerDataScanner
[INFO] Running org.apache.hadoop.ozone.container.common.impl.TestContainerDataYaml
[INFO] Tests run: 16, Failures: 0, Errors: 0, Skipped: 0, Time elapsed: 0.818 s - in org.apache.hadoop.ozone.container.common.impl.TestContainerDataYaml
[INFO] Running org.apache.hadoop.ozone.container.common.impl.TestContainerSet
[INFO] Tests run: 14, Failures: 0, Errors: 0, Skipped: 0, Time elapsed: 4.025 s - in org.apache.hadoop.ozone.container.common.impl.TestContainerSet
[INFO] Running org.apache.hadoop.ozone.container.common.impl.TestHddsDispatcher
[INFO] Tests run: 11, Failures: 0, Errors: 0, Skipped: 0, Time elapsed: 3.855 s - in org.apache.hadoop.ozone.container.common.impl.TestHddsDispatcher
[INFO] Running org.apache.hadoop.ozone.container.common.impl.TestContainerPersistence
[WARNING] Tests run: 136, Failures: 0, Errors: 0, Skipped: 8, Time elapsed: 17.933 s - in org.apache.hadoop.ozone.container.common.impl.TestContainerPersistence
[INFO] Running org.apache.hadoop.ozone.container.common.impl.TestContainerDeletionChoosingPolicy
[INFO] Tests run: 4, Failures: 0, Errors: 0, Skipped: 0, Time elapsed: 1.717 s - in org.apache.hadoop.ozone.container.common.impl.TestContainerDeletionChoosingPolicy
[INFO] Running org.apache.hadoop.ozone.container.common.utils.TestDiskCheckUtil
[INFO] Tests run: 3, Failures: 0, Errors: 0, Skipped: 0, Time elapsed: 0.146 s - in org.apache.hadoop.ozone.container.common.utils.TestDiskCheckUtil
[INFO] Running org.apache.hadoop.ozone.container.common.utils.TestHddsVolumeUtil
[INFO] Tests run: 4, Failures: 0, Errors: 0, Skipped: 0, Time elapsed: 2.501 s - in org.apache.hadoop.ozone.container.common.utils.TestHddsVolumeUtil
[INFO] Running org.apache.hadoop.ozone.container.common.utils.TestStorageVolumeUtil
[INFO] Tests run: 1, Failures: 0, Errors: 0, Skipped: 0, Time elapsed: 1.925 s - in org.apache.hadoop.ozone.container.common.utils.TestStorageVolumeUtil
[INFO] Running org.apache.hadoop.ozone.container.common.interfaces.TestHandler
[INFO] Tests run: 2, Failures: 0, Errors: 0, Skipped: 0, Time elapsed: 2.38 s - in org.apache.hadoop.ozone.container.common.interfaces.TestHandler
[INFO] Running org.apache.hadoop.ozone.container.common.TestDatanodeStoreCache
[INFO] Tests run: 1, Failures: 0, Errors: 0, Skipped: 0, Time elapsed: 0.678 s - in org.apache.hadoop.ozone.container.common.TestDatanodeStoreCache
[INFO] Running org.apache.hadoop.ozone.container.common.TestDatanodeStateMachine
[INFO] Tests run: 4, Failures: 0, Errors: 0, Skipped: 0, Time elapsed: 8.027 s - in org.apache.hadoop.ozone.container.common.TestDatanodeStateMachine
[INFO] Running org.apache.hadoop.ozone.container.common.TestBlockDeletingService
[WARNING] Tests run: 56, Failures: 0, Errors: 0, Skipped: 4, Time elapsed: 21.827 s - in org.apache.hadoop.ozone.container.common.TestBlockDeletingService
[INFO] Running org.apache.hadoop.ozone.container.common.volume.TestStorageVolumeChecker
[INFO] Tests run: 24, Failures: 0, Errors: 0, Skipped: 0, Time elapsed: 5.135 s - in org.apache.hadoop.ozone.container.common.volume.TestStorageVolumeChecker
[INFO] Running org.apache.hadoop.ozone.container.common.volume.TestReservedVolumeSpace
[INFO] Tests run: 8, Failures: 0, Errors: 0, Skipped: 0, Time elapsed: 0.555 s - in org.apache.hadoop.ozone.container.common.volume.TestReservedVolumeSpace
[INFO] Running org.apache.hadoop.ozone.container.common.volume.TestHddsVolume
[INFO] Tests run: 16, Failures: 0, Errors: 0, Skipped: 0, Time elapsed: 1.117 s - in org.apache.hadoop.ozone.container.common.volume.TestHddsVolume
[INFO] Running org.apache.hadoop.ozone.container.common.volume.TestDbVolume
[INFO] Tests run: 3, Failures: 0, Errors: 0, Skipped: 0, Time elapsed: 1.924 s - in org.apache.hadoop.ozone.container.common.volume.TestDbVolume
[INFO] Running org.apache.hadoop.ozone.container.common.volume.TestPeriodicVolumeChecker
[INFO] Tests run: 1, Failures: 0, Errors: 0, Skipped: 0, Time elapsed: 1.409 s - in org.apache.hadoop.ozone.container.common.volume.TestPeriodicVolumeChecker
[INFO] Running org.apache.hadoop.ozone.container.common.volume.TestVolumeSet
[INFO] Tests run: 8, Failures: 0, Errors: 0, Skipped: 0, Time elapsed: 1.226 s - in org.apache.hadoop.ozone.container.common.volume.TestVolumeSet
[INFO] Running org.apache.hadoop.ozone.container.common.volume.TestRoundRobinVolumeChoosingPolicy
[INFO] Tests run: 2, Failures: 0, Errors: 0, Skipped: 0, Time elapsed: 0.479 s - in org.apache.hadoop.ozone.container.common.volume.TestRoundRobinVolumeChoosingPolicy
[INFO] Running org.apache.hadoop.ozone.container.common.volume.TestVolumeIOStatsWithPrometheusSink
[INFO] Tests run: 1, Failures: 0, Errors: 0, Skipped: 0, Time elapsed: 0.572 s - in org.apache.hadoop.ozone.container.common.volume.TestVolumeIOStatsWithPrometheusSink
[INFO] Running org.apache.hadoop.ozone.container.common.volume.TestCapacityVolumeChoosingPolicy
[INFO] Tests run: 3, Failures: 0, Errors: 0, Skipped: 0, Time elapsed: 0.566 s - in org.apache.hadoop.ozone.container.common.volume.TestCapacityVolumeChoosingPolicy
[INFO] Running org.apache.hadoop.ozone.container.common.volume.TestStorageVolumeHealthChecks
[INFO] Tests run: 26, Failures: 0, Errors: 0, Skipped: 0, Time elapsed: 0.656 s - in org.apache.hadoop.ozone.container.common.volume.TestStorageVolumeHealthChecks
[INFO] Running org.apache.hadoop.ozone.container.common.volume.TestVolumeSetDiskChecks
[INFO] Tests run: 4, Failures: 0, Errors: 0, Skipped: 0, Time elapsed: 2.481 s - in org.apache.hadoop.ozone.container.common.volume.TestVolumeSetDiskChecks
[INFO] Running org.apache.hadoop.ozone.container.common.helpers.TestDatanodeIdYaml
[INFO] Tests run: 5, Failures: 0, Errors: 0, Skipped: 0, Time elapsed: 0.913 s - in org.apache.hadoop.ozone.container.common.helpers.TestDatanodeIdYaml
[INFO] Running org.apache.hadoop.ozone.container.common.helpers.TestBlockData
[INFO] Tests run: 3, Failures: 0, Errors: 0, Skipped: 0, Time elapsed: 0.321 s - in org.apache.hadoop.ozone.container.common.helpers.TestBlockData
[INFO] Running org.apache.hadoop.ozone.container.common.helpers.TestDatanodeVersionFile
[INFO] Tests run: 4, Failures: 0, Errors: 0, Skipped: 0, Time elapsed: 0.181 s - in org.apache.hadoop.ozone.container.common.helpers.TestDatanodeVersionFile
[INFO] Running org.apache.hadoop.ozone.container.common.helpers.TestContainerUtils
[INFO] Tests run: 3, Failures: 0, Errors: 0, Skipped: 0, Time elapsed: 0.952 s - in org.apache.hadoop.ozone.container.common.helpers.TestContainerUtils
[INFO] Running org.apache.hadoop.ozone.container.common.TestDatanodeLayOutVersion
[INFO] Tests run: 1, Failures: 0, Errors: 0, Skipped: 0, Time elapsed: 0.033 s - in org.apache.hadoop.ozone.container.common.TestDatanodeLayOutVersion
[INFO] Running org.apache.hadoop.ozone.container.common.TestSchemaTwoBackwardsCompatibility
[INFO] Tests run: 4, Failures: 0, Errors: 0, Skipped: 0, Time elapsed: 2.909 s - in org.apache.hadoop.ozone.container.common.TestSchemaTwoBackwardsCompatibility
[INFO] Running org.apache.hadoop.ozone.container.common.TestKeyValueContainerData
[INFO] Tests run: 8, Failures: 0, Errors: 0, Skipped: 0, Time elapsed: 1.596 s - in org.apache.hadoop.ozone.container.common.TestKeyValueContainerData
[INFO] Running org.apache.hadoop.ozone.container.common.TestContainerLayoutVersion
[INFO] Tests run: 3, Failures: 0, Errors: 0, Skipped: 0, Time elapsed: 0.04 s - in org.apache.hadoop.ozone.container.common.TestContainerLayoutVersion
[INFO] Running org.apache.hadoop.ozone.container.common.TestContainerCache
[INFO] Tests run: 3, Failures: 0, Errors: 0, Skipped: 0, Time elapsed: 1.011 s - in org.apache.hadoop.ozone.container.common.TestContainerCache
[INFO] Running org.apache.hadoop.ozone.container.common.report.TestReportPublisherFactory
[INFO] Tests run: 3, Failures: 0, Errors: 0, Skipped: 0, Time elapsed: 0.273 s - in org.apache.hadoop.ozone.container.common.report.TestReportPublisherFactory
[INFO] Running org.apache.hadoop.ozone.container.common.report.TestReportManager
[INFO] Tests run: 1, Failures: 0, Errors: 0, Skipped: 0, Time elapsed: 1.354 s - in org.apache.hadoop.ozone.container.common.report.TestReportManager
[INFO] Running org.apache.hadoop.ozone.container.common.report.TestReportPublisher
[INFO] Tests run: 4, Failures: 0, Errors: 0, Skipped: 0, Time elapsed: 2.218 s - in org.apache.hadoop.ozone.container.common.report.TestReportPublisher
[INFO] Running org.apache.hadoop.ozone.container.common.TestSchemaOneBackwardsCompatibility
[INFO] Tests run: 20, Failures: 0, Errors: 0, Skipped: 0, Time elapsed: 4.585 s - in org.apache.hadoop.ozone.container.common.TestSchemaOneBackwardsCompatibility
[INFO] Running org.apache.hadoop.ozone.container.common.statemachine.TestStateContext
[INFO] Tests run: 13, Failures: 0, Errors: 0, Skipped: 0, Time elapsed: 3.296 s - in org.apache.hadoop.ozone.container.common.statemachine.TestStateContext
[INFO] Running org.apache.hadoop.ozone.container.common.statemachine.TestDatanodeConfiguration
[INFO] Tests run: 4, Failures: 0, Errors: 0, Skipped: 0, Time elapsed: 1.305 s - in org.apache.hadoop.ozone.container.common.statemachine.TestDatanodeConfiguration
[INFO] Running org.apache.hadoop.ozone.container.common.statemachine.commandhandler.TestReconstructECContainersCommandHandler
[INFO] Tests run: 1, Failures: 0, Errors: 0, Skipped: 0, Time elapsed: 1.854 s - in org.apache.hadoop.ozone.container.common.statemachine.commandhandler.TestReconstructECContainersCommandHandler
[INFO] Running org.apache.hadoop.ozone.container.common.statemachine.commandhandler.TestCloseContainerCommandHandler
[INFO] Tests run: 19, Failures: 0, Errors: 0, Skipped: 0, Time elapsed: 2.988 s - in org.apache.hadoop.ozone.container.common.statemachine.commandhandler.TestCloseContainerCommandHandler
[INFO] Running org.apache.hadoop.ozone.container.common.statemachine.commandhandler.TestReplicateContainerCommandHandler
[INFO] Tests run: 1, Failures: 0, Errors: 0, Skipped: 0, Time elapsed: 1.708 s - in org.apache.hadoop.ozone.container.common.statemachine.commandhandler.TestReplicateContainerCommandHandler
[INFO] Running org.apache.hadoop.ozone.container.common.statemachine.commandhandler.TestDeleteBlocksCommandHandler
[ERROR] Tests run: 41, Failures: 1, Errors: 0, Skipped: 0, Time elapsed: 7.682 s <<< FAILURE! - in org.apache.hadoop.ozone.container.common.statemachine.commandhandler.TestDeleteBlocksCommandHandler
[ERROR] org.apache.hadoop.ozone.container.common.statemachine.commandhandler.TestDeleteBlocksCommandHandler.testDeleteBlockCommandHandleWhenDeleteCommandQueuesFull  Time elapsed: 1.729 s  <<< FAILURE!
org.opentest4j.AssertionFailedError: expected: <PENDING> but was: <FAILED>
	at org.junit.jupiter.api.AssertionFailureBuilder.build(AssertionFailureBuilder.java:151)
	at org.junit.jupiter.api.AssertionFailureBuilder.buildAndThrow(AssertionFailureBuilder.java:132)
	at org.junit.jupiter.api.AssertEquals.failNotEqual(AssertEquals.java:197)
	at org.junit.jupiter.api.AssertEquals.assertEquals(AssertEquals.java:182)
	at org.junit.jupiter.api.AssertEquals.assertEquals(AssertEquals.java:177)
	at org.junit.jupiter.api.Assertions.assertEquals(Assertions.java:1145)
	at org.apache.hadoop.ozone.container.common.statemachine.commandhandler.TestDeleteBlocksCommandHandler.testDeleteBlockCommandHandleWhenDeleteCommandQueuesFull(TestDeleteBlocksCommandHandler.java:330)
	at java.base/java.lang.reflect.Method.invoke(Method.java:580)
	at java.base/java.util.ArrayList.forEach(ArrayList.java:1596)
	at java.base/java.util.ArrayList.forEach(ArrayList.java:1596)

[INFO] Running org.apache.hadoop.ozone.container.common.statemachine.commandhandler.TestCreatePipelineCommandHandler
[INFO] Tests run: 2, Failures: 0, Errors: 0, Skipped: 0, Time elapsed: 2.041 s - in org.apache.hadoop.ozone.container.common.statemachine.commandhandler.TestCreatePipelineCommandHandler
[INFO] Running org.apache.hadoop.ozone.container.common.statemachine.commandhandler.TestDeleteContainerCommandHandler
[INFO] Tests run: 4, Failures: 0, Errors: 0, Skipped: 0, Time elapsed: 1.506 s - in org.apache.hadoop.ozone.container.common.statemachine.commandhandler.TestDeleteContainerCommandHandler
[INFO] Running org.apache.hadoop.ozone.container.common.statemachine.commandhandler.TestClosePipelineCommandHandler
[INFO] Tests run: 2, Failures: 0, Errors: 0, Skipped: 0, Time elapsed: 2.1 s - in org.apache.hadoop.ozone.container.common.statemachine.commandhandler.TestClosePipelineCommandHandler
[INFO] Running org.apache.hadoop.ozone.container.common.states.datanode.TestRunningDatanodeState
[INFO] Tests run: 1, Failures: 0, Errors: 0, Skipped: 0, Time elapsed: 1.604 s - in org.apache.hadoop.ozone.container.common.states.datanode.TestRunningDatanodeState
[INFO] Running org.apache.hadoop.ozone.container.common.states.endpoint.TestHeartbeatEndpointTask
[INFO] Tests run: 7, Failures: 0, Errors: 0, Skipped: 0, Time elapsed: 2.509 s - in org.apache.hadoop.ozone.container.common.states.endpoint.TestHeartbeatEndpointTask
[INFO] Running org.apache.hadoop.ozone.container.common.TestStaleRecoveringContainerScrubbingService
[INFO] Tests run: 8, Failures: 0, Errors: 0, Skipped: 0, Time elapsed: 6.197 s - in org.apache.hadoop.ozone.container.common.TestStaleRecoveringContainerScrubbingService
[INFO] Running org.apache.hadoop.ozone.container.replication.TestCopyContainerCompression
[INFO] Tests run: 16, Failures: 0, Errors: 0, Skipped: 0, Time elapsed: 0.556 s - in org.apache.hadoop.ozone.container.replication.TestCopyContainerCompression
[INFO] Running org.apache.hadoop.ozone.container.replication.TestMeasuredReplicator
[INFO] Tests run: 5, Failures: 0, Errors: 0, Skipped: 0, Time elapsed: 0.941 s - in org.apache.hadoop.ozone.container.replication.TestMeasuredReplicator
[INFO] Running org.apache.hadoop.ozone.container.replication.TestGrpcReplicationService
[INFO] Tests run: 3, Failures: 0, Errors: 0, Skipped: 0, Time elapsed: 3.426 s - in org.apache.hadoop.ozone.container.replication.TestGrpcReplicationService
[INFO] Running org.apache.hadoop.ozone.container.replication.TestReplicationConfig
[INFO] Tests run: 3, Failures: 0, Errors: 0, Skipped: 0, Time elapsed: 0.373 s - in org.apache.hadoop.ozone.container.replication.TestReplicationConfig
[INFO] Running org.apache.hadoop.ozone.container.replication.TestSendContainerRequestHandler
[INFO] Tests run: 1, Failures: 0, Errors: 0, Skipped: 0, Time elapsed: 1.494 s - in org.apache.hadoop.ozone.container.replication.TestSendContainerRequestHandler
[INFO] Running org.apache.hadoop.ozone.container.replication.TestGrpcContainerUploader
[INFO] Tests run: 3, Failures: 0, Errors: 0, Skipped: 0, Time elapsed: 1.59 s - in org.apache.hadoop.ozone.container.replication.TestGrpcContainerUploader
[INFO] Running org.apache.hadoop.ozone.container.replication.ReplicationSupervisorScheduling
[INFO] Tests run: 1, Failures: 0, Errors: 0, Skipped: 0, Time elapsed: 20.474 s - in org.apache.hadoop.ozone.container.replication.ReplicationSupervisorScheduling
[INFO] Running org.apache.hadoop.ozone.container.replication.TestPushReplicator
[INFO] Tests run: 7, Failures: 0, Errors: 0, Skipped: 0, Time elapsed: 1.608 s - in org.apache.hadoop.ozone.container.replication.TestPushReplicator
[INFO] Running org.apache.hadoop.ozone.container.replication.TestReplicationSupervisor
[INFO] Tests run: 28, Failures: 0, Errors: 0, Skipped: 0, Time elapsed: 11.846 s - in org.apache.hadoop.ozone.container.replication.TestReplicationSupervisor
[INFO] Running org.apache.hadoop.ozone.container.replication.TestSendContainerOutputStream
[INFO] Tests run: 14, Failures: 0, Errors: 0, Skipped: 0, Time elapsed: 1.247 s - in org.apache.hadoop.ozone.container.replication.TestSendContainerOutputStream
[INFO] Running org.apache.hadoop.ozone.container.replication.TestCopyContainerResponseStream
[INFO] Tests run: 9, Failures: 0, Errors: 0, Skipped: 0, Time elapsed: 1.254 s - in org.apache.hadoop.ozone.container.replication.TestCopyContainerResponseStream
[INFO] Running org.apache.hadoop.ozone.container.replication.TestContainerImporter
[INFO] Tests run: 3, Failures: 0, Errors: 0, Skipped: 0, Time elapsed: 1.937 s - in org.apache.hadoop.ozone.container.replication.TestContainerImporter
[INFO] Running org.apache.hadoop.ozone.container.replication.TestSimpleContainerDownloader
[INFO] Tests run: 4, Failures: 0, Errors: 0, Skipped: 0, Time elapsed: 1.756 s - in org.apache.hadoop.ozone.container.replication.TestSimpleContainerDownloader
[INFO] Running org.apache.hadoop.ozone.container.stream.TestDirstreamClientHandler
[INFO] Tests run: 5, Failures: 0, Errors: 0, Skipped: 0, Time elapsed: 0.197 s - in org.apache.hadoop.ozone.container.stream.TestDirstreamClientHandler
[INFO] Running org.apache.hadoop.ozone.container.stream.TestStreamingServer
[INFO] Tests run: 4, Failures: 0, Errors: 0, Skipped: 0, Time elapsed: 2.879 s - in org.apache.hadoop.ozone.container.stream.TestStreamingServer
[INFO] Running org.apache.hadoop.ozone.container.upgrade.TestDatanodeUpgradeToSchemaV3
[INFO] Tests run: 22, Failures: 0, Errors: 0, Skipped: 0, Time elapsed: 77.387 s - in org.apache.hadoop.ozone.container.upgrade.TestDatanodeUpgradeToSchemaV3
[INFO] Running org.apache.hadoop.ozone.container.upgrade.TestDatanodeUpgradeToScmHA
[INFO] Tests run: 8, Failures: 0, Errors: 0, Skipped: 0, Time elapsed: 38.913 s - in org.apache.hadoop.ozone.container.upgrade.TestDatanodeUpgradeToScmHA
[INFO] Running org.apache.hadoop.ozone.container.upgrade.TestDatanodeUpgradeToHBaseSupport
[INFO] Tests run: 2, Failures: 0, Errors: 0, Skipped: 0, Time elapsed: 8.578 s - in org.apache.hadoop.ozone.container.upgrade.TestDatanodeUpgradeToHBaseSupport
[INFO] Running org.apache.hadoop.ozone.container.upgrade.TestDataNodeStartupSlvLessThanMlv
[INFO] Tests run: 1, Failures: 0, Errors: 0, Skipped: 0, Time elapsed: 0.751 s - in org.apache.hadoop.ozone.container.upgrade.TestDataNodeStartupSlvLessThanMlv
[INFO] Running org.apache.hadoop.ozone.container.keyvalue.impl.TestFilePerBlockStrategy
[INFO] Tests run: 12, Failures: 0, Errors: 0, Skipped: 0, Time elapsed: 5.272 s - in org.apache.hadoop.ozone.container.keyvalue.impl.TestFilePerBlockStrategy
[INFO] Running org.apache.hadoop.ozone.container.keyvalue.impl.TestChunkManagerDummyImpl
[INFO] Tests run: 2, Failures: 0, Errors: 0, Skipped: 0, Time elapsed: 2.123 s - in org.apache.hadoop.ozone.container.keyvalue.impl.TestChunkManagerDummyImpl
[INFO] Running org.apache.hadoop.ozone.container.keyvalue.impl.TestFilePerChunkStrategy
[INFO] Tests run: 11, Failures: 0, Errors: 0, Skipped: 0, Time elapsed: 4.402 s - in org.apache.hadoop.ozone.container.keyvalue.impl.TestFilePerChunkStrategy
[INFO] Running org.apache.hadoop.ozone.container.keyvalue.impl.TestBlockManagerImpl
[WARNING] Tests run: 48, Failures: 0, Errors: 0, Skipped: 12, Time elapsed: 6.335 s - in org.apache.hadoop.ozone.container.keyvalue.impl.TestBlockManagerImpl
[INFO] Running org.apache.hadoop.ozone.container.keyvalue.impl.TestKeyValueStreamDataChannel
[INFO] Tests run: 2, Failures: 0, Errors: 0, Skipped: 0, Time elapsed: 0.572 s - in org.apache.hadoop.ozone.container.keyvalue.impl.TestKeyValueStreamDataChannel
[INFO] Running org.apache.hadoop.ozone.container.keyvalue.impl.TestMappedBufferManager
[INFO] Tests run: 1, Failures: 0, Errors: 0, Skipped: 0, Time elapsed: 0.107 s - in org.apache.hadoop.ozone.container.keyvalue.impl.TestMappedBufferManager
[INFO] Running org.apache.hadoop.ozone.container.keyvalue.TestKeyValueBlockIterator
[INFO] Tests run: 96, Failures: 0, Errors: 0, Skipped: 0, Time elapsed: 6.161 s - in org.apache.hadoop.ozone.container.keyvalue.TestKeyValueBlockIterator
[INFO] Running org.apache.hadoop.ozone.container.keyvalue.TestKeyValueHandlerWithUnhealthyContainer
[INFO] Tests run: 68, Failures: 0, Errors: 0, Skipped: 0, Time elapsed: 5.264 s - in org.apache.hadoop.ozone.container.keyvalue.TestKeyValueHandlerWithUnhealthyContainer
[INFO] Running org.apache.hadoop.ozone.container.keyvalue.TestKeyValueContainer
[WARNING] Tests run: 177, Failures: 0, Errors: 0, Skipped: 6, Time elapsed: 55.076 s - in org.apache.hadoop.ozone.container.keyvalue.TestKeyValueContainer
[INFO] Running org.apache.hadoop.ozone.container.keyvalue.TestKeyValueContainerMetadataInspector
[INFO] Tests run: 72, Failures: 0, Errors: 0, Skipped: 0, Time elapsed: 7.019 s - in org.apache.hadoop.ozone.container.keyvalue.TestKeyValueContainerMetadataInspector
[INFO] Running org.apache.hadoop.ozone.container.keyvalue.helpers.TestChunkUtils
[INFO] Tests run: 6, Failures: 0, Errors: 0, Skipped: 0, Time elapsed: 0.629 s - in org.apache.hadoop.ozone.container.keyvalue.helpers.TestChunkUtils
[INFO] Running org.apache.hadoop.ozone.container.keyvalue.TestTarContainerPacker
[INFO] Tests run: 200, Failures: 0, Errors: 0, Skipped: 0, Time elapsed: 3.673 s - in org.apache.hadoop.ozone.container.keyvalue.TestTarContainerPacker
[INFO] Running org.apache.hadoop.ozone.container.keyvalue.TestKeyValueContainerMarkUnhealthy
[INFO] Tests run: 10, Failures: 0, Errors: 0, Skipped: 0, Time elapsed: 2.755 s - in org.apache.hadoop.ozone.container.keyvalue.TestKeyValueContainerMarkUnhealthy
[INFO] Running org.apache.hadoop.ozone.container.keyvalue.TestKeyValueHandler
[INFO] Tests run: 5, Failures: 0, Errors: 0, Skipped: 0, Time elapsed: 3.422 s - in org.apache.hadoop.ozone.container.keyvalue.TestKeyValueHandler
[INFO] Running org.apache.hadoop.ozone.container.keyvalue.TestKeyValueContainerCheck
[INFO] Tests run: 24, Failures: 0, Errors: 0, Skipped: 0, Time elapsed: 4.45 s - in org.apache.hadoop.ozone.container.keyvalue.TestKeyValueContainerCheck
[INFO] 
[INFO] Results:
[INFO] 
[ERROR] Failures: 
[ERROR]   TestDeleteBlocksCommandHandler.testDeleteBlockCommandHandleWhenDeleteCommandQueuesFull:330 expected: <PENDING> but was: <FAILED>
[INFO] 
[ERROR] Tests run: 1492, Failures: 1, Errors: 0, Skipped: 30
[INFO] 
[INFO] 
[INFO] ------------------------------------------------------------------------
[INFO] Skipping Apache Ozone HDDS SCM Server
[INFO] This project has been banned from the build due to previous failures.
[INFO] ------------------------------------------------------------------------
[INFO] 
[INFO] ------------------------------------------------------------------------
[INFO] Skipping Apache Ozone HDDS Tools
[INFO] This project has been banned from the build due to previous failures.
[INFO] ------------------------------------------------------------------------
[INFO] 
[INFO] -----------------------< org.apache.ozone:ozone >-----------------------
[INFO] Building Apache Ozone 2.0.0-SNAPSHOT                             [24/47]
[INFO]   from hadoop-ozone/pom.xml
[INFO] --------------------------------[ pom ]---------------------------------
[INFO] 
[INFO] --- maven-antrun-plugin:3.1.0:run (create-testdirs) @ ozone ---
[INFO] Executing tasks
[INFO]     [mkdir] Created dir: /home/runner/work/ozone/ozone/hadoop-ozone/target/test-dir
[INFO] Executed tasks
[INFO] 
[INFO] --- maven-enforcer-plugin:3.5.0:enforce (depcheck) @ ozone ---
[INFO] Rule 0: org.apache.maven.enforcer.rules.dependency.DependencyConvergence passed
[INFO] 
[INFO] --- jacoco-maven-plugin:0.8.12:prepare-agent (default-prepare-agent) @ ozone ---
[INFO] argLine set to -javaagent:/home/runner/.m2/repository/org/jacoco/org.jacoco.agent/0.8.12/org.jacoco.agent-0.8.12-runtime.jar=destfile=/home/runner/work/ozone/ozone/hadoop-ozone/target/jacoco.exec,includes=org.apache.hadoop.hdds.*:org.apache.hadoop.ozone.*:org.apache.hadoop.fs.ozone.*:org.apache.ozone.*:org.hadoop.ozone.*
[INFO] 
[INFO] --- maven-enforcer-plugin:3.5.0:enforce (banned-rocksdb-imports) @ ozone ---
[INFO] Rule 0: org.apache.maven.plugins.enforcer.RestrictImports passed
[INFO] 
[INFO] --- maven-enforcer-plugin:3.5.0:enforce (ban-imports) @ ozone ---
[INFO] Rule 0: org.apache.maven.plugins.enforcer.RestrictImports passed
[INFO] Rule 1: org.apache.maven.plugins.enforcer.RestrictImports passed
[INFO] Rule 2: org.apache.maven.plugins.enforcer.RestrictImports passed
[INFO] Rule 3: org.apache.maven.plugins.enforcer.RestrictImports passed
[WARNING] EXPERIMENTAL FEATURE enabled. You have enabled full-compilation-unit parsing. Please be aware that experimental features might get removed or changed. Please share your feedback!
[INFO] Rule 4: org.apache.maven.plugins.enforcer.RestrictImports passed
[INFO] Rule 5: org.apache.maven.plugins.enforcer.RestrictImports passed
[INFO] Rule 6: org.apache.maven.plugins.enforcer.RestrictImports passed
[INFO] 
[INFO] --- maven-enforcer-plugin:3.5.0:enforce (ban-annotations) @ ozone ---
[INFO] Rule 0: org.apache.maven.plugins.enforcer.RestrictImports passed
[INFO] 
[INFO] --- maven-remote-resources-plugin:1.7.0:process (default) @ ozone ---
[INFO] Preparing remote bundle org.apache.ozone:ozone-dev-support:2.0.0-SNAPSHOT
[INFO] Copying 2 resources from 1 bundle.
[INFO] 
[INFO] --- maven-dependency-plugin:3.8.1:build-classpath (add-classpath-descriptor) @ ozone ---
[INFO] Skipping plugin execution
[INFO] 
[INFO] --- maven-dependency-plugin:3.8.1:copy-dependencies (copy-jars) @ ozone ---
[INFO] Skipping plugin execution
[INFO] 
[INFO] --- maven-jar-plugin:3.4.2:test-jar (default) @ ozone ---
[WARNING] JAR will be empty - no content was marked for inclusion!
[INFO] Building jar: /home/runner/work/ozone/ozone/hadoop-ozone/target/ozone-2.0.0-SNAPSHOT-tests.jar
[INFO] 
[INFO] --------------< org.apache.ozone:ozone-interface-client >---------------
[INFO] Building Apache Ozone Client Interface 2.0.0-SNAPSHOT            [25/47]
[INFO]   from hadoop-ozone/interface-client/pom.xml
[INFO] --------------------------------[ jar ]---------------------------------
[INFO] 
[INFO] --- maven-antrun-plugin:3.1.0:run (create-testdirs) @ ozone-interface-client ---
[INFO] Executing tasks
[INFO]     [mkdir] Created dir: /home/runner/work/ozone/ozone/hadoop-ozone/interface-client/target/test-dir
[INFO] Executed tasks
[INFO] 
[INFO] --- maven-enforcer-plugin:3.5.0:enforce (depcheck) @ ozone-interface-client ---
[INFO] Rule 0: org.apache.maven.enforcer.rules.dependency.DependencyConvergence passed
[INFO] 
[INFO] --- jacoco-maven-plugin:0.8.12:prepare-agent (default-prepare-agent) @ ozone-interface-client ---
[INFO] argLine set to -javaagent:/home/runner/.m2/repository/org/jacoco/org.jacoco.agent/0.8.12/org.jacoco.agent-0.8.12-runtime.jar=destfile=/home/runner/work/ozone/ozone/hadoop-ozone/interface-client/target/jacoco.exec,includes=org.apache.hadoop.hdds.*:org.apache.hadoop.ozone.*:org.apache.hadoop.fs.ozone.*:org.apache.ozone.*:org.hadoop.ozone.*
[INFO] 
[INFO] --- protobuf-maven-plugin:0.6.1:compile (compile-protoc-OmGrpc) @ ozone-interface-client ---
[INFO] Compiling 4 proto file(s) to /home/runner/work/ozone/ozone/hadoop-ozone/interface-client/target/generated-sources/protobuf/java
[INFO] 
[INFO] --- protobuf-maven-plugin:0.6.1:compile-custom (compile-protoc-OmGrpc) @ ozone-interface-client ---
[INFO] Compiling 4 proto file(s) to /home/runner/work/ozone/ozone/hadoop-ozone/interface-client/target/generated-sources/protobuf/java
[INFO] 
[INFO] --- protobuf-maven-plugin:0.6.1:compile (compile-protoc3) @ ozone-interface-client ---
[INFO] Compiling 4 proto file(s) to /home/runner/work/ozone/ozone/hadoop-ozone/interface-client/target/generated-sources/protobuf/java/proto3
[INFO] 
[INFO] --- maven-antrun-plugin:3.1.0:run (default) @ ozone-interface-client ---
[INFO] Executing tasks
[INFO]      [move] Moving 4 files to /home/runner/work/ozone/ozone/hadoop-ozone/interface-client/target/generated-sources/protobuf
[INFO] Executed tasks
[INFO] 
[INFO] --- maven-enforcer-plugin:3.5.0:enforce (banned-rocksdb-imports) @ ozone-interface-client ---
[INFO] Rule 0: org.apache.maven.plugins.enforcer.RestrictImports passed
[INFO] 
[INFO] --- maven-enforcer-plugin:3.5.0:enforce (ban-imports) @ ozone-interface-client ---
[INFO] Rule 0: org.apache.maven.plugins.enforcer.RestrictImports passed
[INFO] Rule 1: org.apache.maven.plugins.enforcer.RestrictImports passed
[INFO] Rule 2: org.apache.maven.plugins.enforcer.RestrictImports passed
[INFO] Rule 3: org.apache.maven.plugins.enforcer.RestrictImports passed
[WARNING] EXPERIMENTAL FEATURE enabled. You have enabled full-compilation-unit parsing. Please be aware that experimental features might get removed or changed. Please share your feedback!
[INFO] Rule 4: org.apache.maven.plugins.enforcer.RestrictImports passed
[INFO] Rule 5: org.apache.maven.plugins.enforcer.RestrictImports passed
[INFO] Rule 6: org.apache.maven.plugins.enforcer.RestrictImports passed
[INFO] 
[INFO] --- maven-enforcer-plugin:3.5.0:enforce (ban-annotations) @ ozone-interface-client ---
[INFO] Rule 0: org.apache.maven.plugins.enforcer.RestrictImports passed
[INFO] 
[INFO] --- maven-remote-resources-plugin:1.7.0:process (default) @ ozone-interface-client ---
[INFO] Preparing remote bundle org.apache.ozone:ozone-dev-support:2.0.0-SNAPSHOT
[INFO] Copying 2 resources from 1 bundle.
[INFO] 
[INFO] --- maven-resources-plugin:3.3.0:resources (default-resources) @ ozone-interface-client ---
[INFO] Copying 1 resource
[INFO] Copying 4 resources
[INFO] Copying 4 resources
[INFO] Copying 4 resources
[INFO] Copying 2 resources
[INFO] 
[INFO] --- maven-compiler-plugin:3.9.0:compile (default-compile) @ ozone-interface-client ---
[INFO] Compiling 11 source files to /home/runner/work/ozone/ozone/hadoop-ozone/interface-client/target/classes
[INFO] /home/runner/work/ozone/ozone/hadoop-ozone/interface-client/target/generated-sources/protobuf/java/org/apache/hadoop/ozone/protocol/proto3/OzoneManagerProtocolProtos.java: /home/runner/work/ozone/ozone/hadoop-ozone/interface-client/target/generated-sources/protobuf/java/org/apache/hadoop/ozone/protocol/proto3/OzoneManagerProtocolProtos.java uses or overrides a deprecated API.
[INFO] /home/runner/work/ozone/ozone/hadoop-ozone/interface-client/target/generated-sources/protobuf/java/org/apache/hadoop/ozone/protocol/proto3/OzoneManagerProtocolProtos.java: Recompile with -Xlint:deprecation for details.
[INFO] 
[INFO] --- protobuf-maven-plugin:0.6.1:test-compile (compile-protoc-OmGrpc) @ ozone-interface-client ---
[INFO] /home/runner/work/ozone/ozone/hadoop-ozone/interface-client/src/test/proto does not exist. Review the configuration or consider disabling the plugin.
[INFO] 
[INFO] --- protobuf-maven-plugin:0.6.1:test-compile-custom (compile-protoc-OmGrpc) @ ozone-interface-client ---
[INFO] /home/runner/work/ozone/ozone/hadoop-ozone/interface-client/src/test/proto does not exist. Review the configuration or consider disabling the plugin.
[INFO] 
[INFO] --- protobuf-maven-plugin:0.6.1:test-compile (compile-protoc3) @ ozone-interface-client ---
[INFO] /home/runner/work/ozone/ozone/hadoop-ozone/interface-client/src/test/proto does not exist. Review the configuration or consider disabling the plugin.
[INFO] 
[INFO] --- maven-resources-plugin:3.3.0:testResources (default-testResources) @ ozone-interface-client ---
[INFO] Not copying test resources
[INFO] 
[INFO] --- maven-compiler-plugin:3.9.0:testCompile (default-testCompile) @ ozone-interface-client ---
[INFO] Skipped
[INFO] 
[INFO] --- maven-surefire-plugin:3.0.0-M4:test (default-test) @ ozone-interface-client ---
[INFO] Tests are skipped.
[INFO] Skipped
[INFO] 
[INFO] --- maven-dependency-plugin:3.8.1:build-classpath (add-classpath-descriptor) @ ozone-interface-client ---
[INFO] Skipping plugin execution
[INFO] 
[INFO] --- maven-dependency-plugin:3.8.1:copy-dependencies (copy-jars) @ ozone-interface-client ---
[INFO] Skipping plugin execution
[INFO] 
[INFO] --- maven-jar-plugin:3.4.2:jar (default-jar) @ ozone-interface-client ---
[INFO] Building jar: /home/runner/work/ozone/ozone/hadoop-ozone/interface-client/target/ozone-interface-client-2.0.0-SNAPSHOT.jar
[INFO] 
[INFO] --- maven-jar-plugin:3.4.2:test-jar (default) @ ozone-interface-client ---
[INFO] Skipping packaging of the test-jar
[INFO] 
[INFO] --- proto-backwards-compatibility:1.0.7:backwards-compatibility-check (default) @ ozone-interface-client ---
[INFO] protolock cmd line: /home/runner/work/ozone/ozone/hadoop-ozone/interface-client/target/protolock-bin/protolock status --lockdir=/home/runner/work/ozone/ozone/hadoop-ozone/interface-client/target/classes --protoroot=/home/runner/work/ozone/ozone/hadoop-ozone/interface-client/target/classes
[INFO] protolock cmd line: /home/runner/work/ozone/ozone/hadoop-ozone/interface-client/target/protolock-bin/protolock commit --lockdir=/home/runner/work/ozone/ozone/hadoop-ozone/interface-client/target/classes --protoroot=/home/runner/work/ozone/ozone/hadoop-ozone/interface-client/target/classes
[INFO] Backwards compatibility check passed.
[INFO] 
[INFO] -------------------< org.apache.ozone:ozone-common >--------------------
[INFO] Building Apache Ozone Common 2.0.0-SNAPSHOT                      [26/47]
[INFO]   from hadoop-ozone/common/pom.xml
[INFO] --------------------------------[ jar ]---------------------------------
[INFO] 
[INFO] --- maven-antrun-plugin:3.1.0:run (create-testdirs) @ ozone-common ---
[INFO] Executing tasks
[INFO]     [mkdir] Created dir: /home/runner/work/ozone/ozone/hadoop-ozone/common/target/test-dir
[INFO] Executed tasks
[INFO] 
[INFO] --- maven-enforcer-plugin:3.5.0:enforce (depcheck) @ ozone-common ---
[INFO] Rule 0: org.apache.maven.enforcer.rules.dependency.DependencyConvergence passed
[INFO] 
[INFO] --- jacoco-maven-plugin:0.8.12:prepare-agent (default-prepare-agent) @ ozone-common ---
[INFO] argLine set to -javaagent:/home/runner/.m2/repository/org/jacoco/org.jacoco.agent/0.8.12/org.jacoco.agent-0.8.12-runtime.jar=destfile=/home/runner/work/ozone/ozone/hadoop-ozone/common/target/jacoco.exec,includes=org.apache.hadoop.hdds.*:org.apache.hadoop.ozone.*:org.apache.hadoop.fs.ozone.*:org.apache.ozone.*:org.hadoop.ozone.*
[INFO] 
[INFO] --- maven-enforcer-plugin:3.5.0:enforce (banned-rocksdb-imports) @ ozone-common ---
[INFO] Rule 0: org.apache.maven.plugins.enforcer.RestrictImports passed
[INFO] 
[INFO] --- maven-enforcer-plugin:3.5.0:enforce (ban-imports) @ ozone-common ---
[INFO] Rule 0: org.apache.maven.plugins.enforcer.RestrictImports passed
[INFO] Rule 1: org.apache.maven.plugins.enforcer.RestrictImports passed
[INFO] Rule 2: org.apache.maven.plugins.enforcer.RestrictImports passed
[INFO] Rule 3: org.apache.maven.plugins.enforcer.RestrictImports passed
[WARNING] EXPERIMENTAL FEATURE enabled. You have enabled full-compilation-unit parsing. Please be aware that experimental features might get removed or changed. Please share your feedback!
[INFO] Rule 4: org.apache.maven.plugins.enforcer.RestrictImports passed
[INFO] Rule 5: org.apache.maven.plugins.enforcer.RestrictImports passed
[INFO] Rule 6: org.apache.maven.plugins.enforcer.RestrictImports passed
[INFO] 
[INFO] --- maven-enforcer-plugin:3.5.0:enforce (ban-annotations) @ ozone-common ---
[INFO] Rule 0: org.apache.maven.plugins.enforcer.RestrictImports passed
[INFO] 
[INFO] --- maven-remote-resources-plugin:1.7.0:process (default) @ ozone-common ---
[INFO] Preparing remote bundle org.apache.ozone:ozone-dev-support:2.0.0-SNAPSHOT
[INFO] Copying 2 resources from 1 bundle.
[INFO] 
[INFO] --- hadoop-maven-plugins:3.4.1:version-info (version-info) @ ozone-common ---
[INFO] SCM: GIT
[INFO] Computed MD5: 72798a9d25344e74368effc4efda6fa
[INFO] 
[INFO] --- maven-resources-plugin:3.3.0:resources (default-resources) @ ozone-common ---
[INFO] Copying 0 resource
[INFO] Copying 1 resource
[INFO] Copying 2 resources
[INFO] The encoding used to copy filtered properties files have not been set. This means that the same encoding will be used to copy filtered properties files as when copying other filtered resources. This might not be what you want! Run your build with --debug to see which files might be affected. Read more at https://maven.apache.org/plugins/maven-resources-plugin/examples/filtering-properties-files.html
[INFO] 
[INFO] --- maven-compiler-plugin:3.9.0:compile (default-compile) @ ozone-common ---
[INFO] Compiling 174 source files to /home/runner/work/ozone/ozone/hadoop-ozone/common/target/classes
[INFO] /home/runner/work/ozone/ozone/hadoop-ozone/common/src/main/java/org/apache/hadoop/ozone/om/ha/OMFailoverProxyProviderBase.java: Some input files use or override a deprecated API.
[INFO] /home/runner/work/ozone/ozone/hadoop-ozone/common/src/main/java/org/apache/hadoop/ozone/om/ha/OMFailoverProxyProviderBase.java: Recompile with -Xlint:deprecation for details.
[INFO] /home/runner/work/ozone/ozone/hadoop-ozone/common/src/main/java/org/apache/hadoop/ozone/om/ha/HadoopRpcOMFailoverProxyProvider.java: Some input files use unchecked or unsafe operations.
[INFO] /home/runner/work/ozone/ozone/hadoop-ozone/common/src/main/java/org/apache/hadoop/ozone/om/ha/HadoopRpcOMFailoverProxyProvider.java: Recompile with -Xlint:unchecked for details.
[INFO] 
[INFO] --- maven-resources-plugin:3.3.0:testResources (default-testResources) @ ozone-common ---
[INFO] Copying 1 resource
[INFO] Copying 2 resources
[INFO] 
[INFO] --- maven-compiler-plugin:3.9.0:testCompile (default-testCompile) @ ozone-common ---
[INFO] Compiling 32 source files to /home/runner/work/ozone/ozone/hadoop-ozone/common/target/test-classes
[INFO] /home/runner/work/ozone/ozone/hadoop-ozone/common/src/test/java/org/apache/hadoop/ozone/security/TestGDPRSymmetricKey.java: Some input files use or override a deprecated API.
[INFO] /home/runner/work/ozone/ozone/hadoop-ozone/common/src/test/java/org/apache/hadoop/ozone/security/TestGDPRSymmetricKey.java: Recompile with -Xlint:deprecation for details.
[INFO] /home/runner/work/ozone/ozone/hadoop-ozone/common/src/test/java/org/apache/hadoop/ozone/om/protocolPB/grpc/TestClientAddressClientInterceptor.java: Some input files use unchecked or unsafe operations.
[INFO] /home/runner/work/ozone/ozone/hadoop-ozone/common/src/test/java/org/apache/hadoop/ozone/om/protocolPB/grpc/TestClientAddressClientInterceptor.java: Recompile with -Xlint:unchecked for details.
[INFO] 
[INFO] --- maven-surefire-plugin:3.0.0-M4:test (default-test) @ ozone-common ---
[INFO] 
[INFO] --- maven-dependency-plugin:3.8.1:build-classpath (add-classpath-descriptor) @ ozone-common ---
[INFO] Skipping plugin execution
[INFO] 
[INFO] --- maven-dependency-plugin:3.8.1:copy-dependencies (copy-jars) @ ozone-common ---
[INFO] Skipping plugin execution
[INFO] 
[INFO] --- maven-jar-plugin:3.4.2:jar (default-jar) @ ozone-common ---
[INFO] Building jar: /home/runner/work/ozone/ozone/hadoop-ozone/common/target/ozone-common-2.0.0-SNAPSHOT.jar
[INFO] 
[INFO] --- maven-jar-plugin:3.4.2:test-jar (default) @ ozone-common ---
[INFO] Building jar: /home/runner/work/ozone/ozone/hadoop-ozone/common/target/ozone-common-2.0.0-SNAPSHOT-tests.jar
[INFO] 
[INFO] ------------------------------------------------------------------------
[INFO] Skipping Apache Ozone Storage Interface
[INFO] This project has been banned from the build due to previous failures.
[INFO] ------------------------------------------------------------------------
[INFO] 
[INFO] -------------------< org.apache.ozone:ozone-client >--------------------
[INFO] Building Apache Ozone Client 2.0.0-SNAPSHOT                      [27/47]
[INFO]   from hadoop-ozone/client/pom.xml
[INFO] --------------------------------[ jar ]---------------------------------
[INFO] 
[INFO] --- maven-antrun-plugin:3.1.0:run (create-testdirs) @ ozone-client ---
[INFO] Executing tasks
[INFO]     [mkdir] Created dir: /home/runner/work/ozone/ozone/hadoop-ozone/client/target/test-dir
[INFO] Executed tasks
[INFO] 
[INFO] --- maven-enforcer-plugin:3.5.0:enforce (depcheck) @ ozone-client ---
[INFO] Rule 0: org.apache.maven.enforcer.rules.dependency.DependencyConvergence passed
[INFO] 
[INFO] --- jacoco-maven-plugin:0.8.12:prepare-agent (default-prepare-agent) @ ozone-client ---
[INFO] argLine set to -javaagent:/home/runner/.m2/repository/org/jacoco/org.jacoco.agent/0.8.12/org.jacoco.agent-0.8.12-runtime.jar=destfile=/home/runner/work/ozone/ozone/hadoop-ozone/client/target/jacoco.exec,includes=org.apache.hadoop.hdds.*:org.apache.hadoop.ozone.*:org.apache.hadoop.fs.ozone.*:org.apache.ozone.*:org.hadoop.ozone.*
[INFO] 
[INFO] --- maven-enforcer-plugin:3.5.0:enforce (banned-rocksdb-imports) @ ozone-client ---
[INFO] Rule 0: org.apache.maven.plugins.enforcer.RestrictImports passed
[INFO] 
[INFO] --- maven-enforcer-plugin:3.5.0:enforce (ban-imports) @ ozone-client ---
[INFO] Rule 0: org.apache.maven.plugins.enforcer.RestrictImports passed
[INFO] Rule 1: org.apache.maven.plugins.enforcer.RestrictImports passed
[INFO] Rule 2: org.apache.maven.plugins.enforcer.RestrictImports passed
[INFO] Rule 3: org.apache.maven.plugins.enforcer.RestrictImports passed
[WARNING] EXPERIMENTAL FEATURE enabled. You have enabled full-compilation-unit parsing. Please be aware that experimental features might get removed or changed. Please share your feedback!
[INFO] Rule 4: org.apache.maven.plugins.enforcer.RestrictImports passed
[INFO] Rule 5: org.apache.maven.plugins.enforcer.RestrictImports passed
[INFO] Rule 6: org.apache.maven.plugins.enforcer.RestrictImports passed
[INFO] 
[INFO] --- maven-enforcer-plugin:3.5.0:enforce (ban-annotations) @ ozone-client ---
[INFO] Rule 0: org.apache.maven.plugins.enforcer.RestrictImports passed
[INFO] 
[INFO] --- maven-remote-resources-plugin:1.7.0:process (default) @ ozone-client ---
[INFO] Preparing remote bundle org.apache.ozone:ozone-dev-support:2.0.0-SNAPSHOT
[INFO] Copying 2 resources from 1 bundle.
[INFO] 
[INFO] --- maven-resources-plugin:3.3.0:resources (default-resources) @ ozone-client ---
[INFO] skip non existing resourceDirectory /home/runner/work/ozone/ozone/hadoop-ozone/client/src/main/resources
[INFO] Copying 2 resources
[INFO] 
[INFO] --- maven-compiler-plugin:3.9.0:compile (default-compile) @ ozone-client ---
[INFO] Compiling 49 source files to /home/runner/work/ozone/ozone/hadoop-ozone/client/target/classes
[INFO] /home/runner/work/ozone/ozone/hadoop-ozone/client/src/main/java/org/apache/hadoop/ozone/client/io/BlockDataStreamOutputEntryPool.java: Some input files use or override a deprecated API.
[INFO] /home/runner/work/ozone/ozone/hadoop-ozone/client/src/main/java/org/apache/hadoop/ozone/client/io/BlockDataStreamOutputEntryPool.java: Recompile with -Xlint:deprecation for details.
[INFO] /home/runner/work/ozone/ozone/hadoop-ozone/client/src/main/java/org/apache/hadoop/ozone/client/OzoneBucket.java: Some input files use unchecked or unsafe operations.
[INFO] /home/runner/work/ozone/ozone/hadoop-ozone/client/src/main/java/org/apache/hadoop/ozone/client/OzoneBucket.java: Recompile with -Xlint:unchecked for details.
[INFO] 
[INFO] --- maven-resources-plugin:3.3.0:testResources (default-testResources) @ ozone-client ---
[INFO] skip non existing resourceDirectory /home/runner/work/ozone/ozone/hadoop-ozone/client/src/test/resources
[INFO] Copying 2 resources
[INFO] 
[INFO] --- maven-compiler-plugin:3.9.0:testCompile (default-testCompile) @ ozone-client ---
[INFO] Compiling 20 source files to /home/runner/work/ozone/ozone/hadoop-ozone/client/target/test-classes
[INFO] /home/runner/work/ozone/ozone/hadoop-ozone/client/src/test/java/org/apache/hadoop/ozone/client/checksum/TestFileChecksumHelper.java: Some input files use or override a deprecated API.
[INFO] /home/runner/work/ozone/ozone/hadoop-ozone/client/src/test/java/org/apache/hadoop/ozone/client/checksum/TestFileChecksumHelper.java: Recompile with -Xlint:deprecation for details.
[INFO] /home/runner/work/ozone/ozone/hadoop-ozone/client/src/test/java/org/apache/hadoop/ozone/client/MockDatanodeStorage.java: /home/runner/work/ozone/ozone/hadoop-ozone/client/src/test/java/org/apache/hadoop/ozone/client/MockDatanodeStorage.java uses unchecked or unsafe operations.
[INFO] /home/runner/work/ozone/ozone/hadoop-ozone/client/src/test/java/org/apache/hadoop/ozone/client/MockDatanodeStorage.java: Recompile with -Xlint:unchecked for details.
[INFO] 
[INFO] --- maven-surefire-plugin:3.0.0-M4:test (default-test) @ ozone-client ---
[INFO] 
[INFO] --- maven-dependency-plugin:3.8.1:build-classpath (add-classpath-descriptor) @ ozone-client ---
[INFO] Skipping plugin execution
[INFO] 
[INFO] --- maven-dependency-plugin:3.8.1:copy-dependencies (copy-jars) @ ozone-client ---
[INFO] Skipping plugin execution
[INFO] 
[INFO] --- maven-jar-plugin:3.4.2:jar (default-jar) @ ozone-client ---
[INFO] Building jar: /home/runner/work/ozone/ozone/hadoop-ozone/client/target/ozone-client-2.0.0-SNAPSHOT.jar
[INFO] 
[INFO] --- maven-jar-plugin:3.4.2:test-jar (default) @ ozone-client ---
[INFO] Building jar: /home/runner/work/ozone/ozone/hadoop-ozone/client/target/ozone-client-2.0.0-SNAPSHOT-tests.jar
[INFO] 
[INFO] ------------------------------------------------------------------------
[INFO] Skipping Apache Ozone Manager Server
[INFO] This project has been banned from the build due to previous failures.
[INFO] ------------------------------------------------------------------------
[INFO] 
[INFO] --------------< org.apache.ozone:ozone-filesystem-common >--------------
[INFO] Building Apache Ozone FileSystem Common 2.0.0-SNAPSHOT           [28/47]
[INFO]   from hadoop-ozone/ozonefs-common/pom.xml
[INFO] --------------------------------[ jar ]---------------------------------
[INFO] 
[INFO] --- maven-antrun-plugin:3.1.0:run (create-testdirs) @ ozone-filesystem-common ---
[INFO] Executing tasks
[INFO]     [mkdir] Created dir: /home/runner/work/ozone/ozone/hadoop-ozone/ozonefs-common/target/test-dir
[INFO] Executed tasks
[INFO] 
[INFO] --- maven-enforcer-plugin:3.5.0:enforce (depcheck) @ ozone-filesystem-common ---
[INFO] Rule 0: org.apache.maven.enforcer.rules.dependency.DependencyConvergence passed
[INFO] 
[INFO] --- jacoco-maven-plugin:0.8.12:prepare-agent (default-prepare-agent) @ ozone-filesystem-common ---
[INFO] argLine set to -javaagent:/home/runner/.m2/repository/org/jacoco/org.jacoco.agent/0.8.12/org.jacoco.agent-0.8.12-runtime.jar=destfile=/home/runner/work/ozone/ozone/hadoop-ozone/ozonefs-common/target/jacoco.exec,includes=org.apache.hadoop.hdds.*:org.apache.hadoop.ozone.*:org.apache.hadoop.fs.ozone.*:org.apache.ozone.*:org.hadoop.ozone.*
[INFO] 
[INFO] --- maven-enforcer-plugin:3.5.0:enforce (banned-rocksdb-imports) @ ozone-filesystem-common ---
[INFO] Rule 0: org.apache.maven.plugins.enforcer.RestrictImports passed
[INFO] 
[INFO] --- maven-enforcer-plugin:3.5.0:enforce (ban-imports) @ ozone-filesystem-common ---
[INFO] Rule 0: org.apache.maven.plugins.enforcer.RestrictImports passed
[INFO] Rule 1: org.apache.maven.plugins.enforcer.RestrictImports passed
[INFO] Rule 2: org.apache.maven.plugins.enforcer.RestrictImports passed
[INFO] Rule 3: org.apache.maven.plugins.enforcer.RestrictImports passed
[WARNING] EXPERIMENTAL FEATURE enabled. You have enabled full-compilation-unit parsing. Please be aware that experimental features might get removed or changed. Please share your feedback!
[INFO] Rule 4: org.apache.maven.plugins.enforcer.RestrictImports passed
[INFO] Rule 5: org.apache.maven.plugins.enforcer.RestrictImports passed
[INFO] Rule 6: org.apache.maven.plugins.enforcer.RestrictImports passed
[INFO] 
[INFO] --- maven-enforcer-plugin:3.5.0:enforce (ban-annotations) @ ozone-filesystem-common ---
[INFO] Rule 0: org.apache.maven.plugins.enforcer.RestrictImports passed
[INFO] 
[INFO] --- maven-remote-resources-plugin:1.7.0:process (default) @ ozone-filesystem-common ---
[INFO] Preparing remote bundle org.apache.ozone:ozone-dev-support:2.0.0-SNAPSHOT
[INFO] Copying 2 resources from 1 bundle.
[INFO] 
[INFO] --- maven-resources-plugin:3.3.0:resources (default-resources) @ ozone-filesystem-common ---
[INFO] skip non existing resourceDirectory /home/runner/work/ozone/ozone/hadoop-ozone/ozonefs-common/src/main/resources
[INFO] Copying 2 resources
[INFO] 
[INFO] --- maven-compiler-plugin:3.9.0:compile (default-compile) @ ozone-filesystem-common ---
[INFO] Compiling 31 source files to /home/runner/work/ozone/ozone/hadoop-ozone/ozonefs-common/target/classes
[INFO] /home/runner/work/ozone/ozone/hadoop-ozone/ozonefs-common/src/main/java/org/apache/hadoop/fs/ozone/BasicRootedOzoneFileSystem.java: Some input files use or override a deprecated API.
[INFO] /home/runner/work/ozone/ozone/hadoop-ozone/ozonefs-common/src/main/java/org/apache/hadoop/fs/ozone/BasicRootedOzoneFileSystem.java: Recompile with -Xlint:deprecation for details.
[INFO] /home/runner/work/ozone/ozone/hadoop-ozone/ozonefs-common/src/main/java/org/apache/hadoop/fs/ozone/OzoneDelegationTokenRenewer.java: /home/runner/work/ozone/ozone/hadoop-ozone/ozonefs-common/src/main/java/org/apache/hadoop/fs/ozone/OzoneDelegationTokenRenewer.java uses unchecked or unsafe operations.
[INFO] /home/runner/work/ozone/ozone/hadoop-ozone/ozonefs-common/src/main/java/org/apache/hadoop/fs/ozone/OzoneDelegationTokenRenewer.java: Recompile with -Xlint:unchecked for details.
[INFO] 
[INFO] --- maven-resources-plugin:3.3.0:testResources (default-testResources) @ ozone-filesystem-common ---
[INFO] Copying 2 resources
[INFO] Copying 2 resources
[INFO] 
[INFO] --- maven-compiler-plugin:3.9.0:testCompile (default-testCompile) @ ozone-filesystem-common ---
[INFO] Compiling 6 source files to /home/runner/work/ozone/ozone/hadoop-ozone/ozonefs-common/target/test-classes
[INFO] /home/runner/work/ozone/ozone/hadoop-ozone/ozonefs-common/src/test/java/org/apache/hadoop/fs/ozone/TestBasicOzoneFileSystems.java: Some input files use or override a deprecated API.
[INFO] /home/runner/work/ozone/ozone/hadoop-ozone/ozonefs-common/src/test/java/org/apache/hadoop/fs/ozone/TestBasicOzoneFileSystems.java: Recompile with -Xlint:deprecation for details.
[INFO] 
[INFO] --- maven-surefire-plugin:3.0.0-M4:test (default-test) @ ozone-filesystem-common ---
[INFO] 
[INFO] --- maven-dependency-plugin:3.8.1:build-classpath (add-classpath-descriptor) @ ozone-filesystem-common ---
[INFO] Skipping plugin execution
[INFO] 
[INFO] --- maven-dependency-plugin:3.8.1:copy-dependencies (copy-jars) @ ozone-filesystem-common ---
[INFO] Skipping plugin execution
[INFO] 
[INFO] --- maven-jar-plugin:3.4.2:jar (default-jar) @ ozone-filesystem-common ---
[INFO] Building jar: /home/runner/work/ozone/ozone/hadoop-ozone/ozonefs-common/target/ozone-filesystem-common-2.0.0-SNAPSHOT.jar
[INFO] 
[INFO] --- maven-jar-plugin:3.4.2:test-jar (default) @ ozone-filesystem-common ---
[INFO] Building jar: /home/runner/work/ozone/ozone/hadoop-ozone/ozonefs-common/target/ozone-filesystem-common-2.0.0-SNAPSHOT-tests.jar
[INFO] 
[INFO] -----------------< org.apache.ozone:ozone-filesystem >------------------
[INFO] Building Apache Ozone FileSystem 2.0.0-SNAPSHOT                  [29/47]
[INFO]   from hadoop-ozone/ozonefs/pom.xml
[INFO] --------------------------------[ jar ]---------------------------------
[INFO] 
[INFO] --- maven-antrun-plugin:3.1.0:run (create-testdirs) @ ozone-filesystem ---
[INFO] Executing tasks
[INFO]     [mkdir] Created dir: /home/runner/work/ozone/ozone/hadoop-ozone/ozonefs/target/test-dir
[INFO] Executed tasks
[INFO] 
[INFO] --- maven-enforcer-plugin:3.5.0:enforce (depcheck) @ ozone-filesystem ---
[INFO] Rule 0: org.apache.maven.enforcer.rules.dependency.DependencyConvergence passed
[INFO] 
[INFO] --- jacoco-maven-plugin:0.8.12:prepare-agent (default-prepare-agent) @ ozone-filesystem ---
[INFO] argLine set to -javaagent:/home/runner/.m2/repository/org/jacoco/org.jacoco.agent/0.8.12/org.jacoco.agent-0.8.12-runtime.jar=destfile=/home/runner/work/ozone/ozone/hadoop-ozone/ozonefs/target/jacoco.exec,includes=org.apache.hadoop.hdds.*:org.apache.hadoop.ozone.*:org.apache.hadoop.fs.ozone.*:org.apache.ozone.*:org.hadoop.ozone.*
[INFO] 
[INFO] --- maven-enforcer-plugin:3.5.0:enforce (banned-rocksdb-imports) @ ozone-filesystem ---
[INFO] Rule 0: org.apache.maven.plugins.enforcer.RestrictImports passed
[INFO] 
[INFO] --- maven-enforcer-plugin:3.5.0:enforce (ban-imports) @ ozone-filesystem ---
[INFO] Rule 0: org.apache.maven.plugins.enforcer.RestrictImports passed
[INFO] Rule 1: org.apache.maven.plugins.enforcer.RestrictImports passed
[INFO] Rule 2: org.apache.maven.plugins.enforcer.RestrictImports passed
[INFO] Rule 3: org.apache.maven.plugins.enforcer.RestrictImports passed
[WARNING] EXPERIMENTAL FEATURE enabled. You have enabled full-compilation-unit parsing. Please be aware that experimental features might get removed or changed. Please share your feedback!
[INFO] Rule 4: org.apache.maven.plugins.enforcer.RestrictImports passed
[INFO] Rule 5: org.apache.maven.plugins.enforcer.RestrictImports passed
[INFO] Rule 6: org.apache.maven.plugins.enforcer.RestrictImports passed
[INFO] 
[INFO] --- maven-enforcer-plugin:3.5.0:enforce (ban-annotations) @ ozone-filesystem ---
[INFO] Rule 0: org.apache.maven.plugins.enforcer.RestrictImports passed
[INFO] 
[INFO] --- maven-remote-resources-plugin:1.7.0:process (default) @ ozone-filesystem ---
[INFO] Preparing remote bundle org.apache.ozone:ozone-dev-support:2.0.0-SNAPSHOT
[INFO] Copying 2 resources from 1 bundle.
[INFO] 
[INFO] --- maven-resources-plugin:3.3.0:resources (default-resources) @ ozone-filesystem ---
[INFO] Copying 4 resources
[INFO] Copying 2 resources
[INFO] 
[INFO] --- maven-compiler-plugin:3.9.0:compile (default-compile) @ ozone-filesystem ---
[INFO] Compiling 7 source files to /home/runner/work/ozone/ozone/hadoop-ozone/ozonefs/target/classes
[INFO] 
[INFO] --- maven-dependency-plugin:3.8.1:list (deplist) @ ozone-filesystem ---
[INFO] Can't extract module name from hdds-interface-client-2.0.0-SNAPSHOT.jar: hdds.interface.client: Invalid module name: 'interface' is not a Java identifier
[INFO] Can't extract module name from hadoop-shaded-protobuf_3_25-1.3.0.jar: hadoop.shaded.protobuf.3.25: Invalid module name: '3' is not a Java identifier
[INFO] Can't extract module name from hdds-interface-admin-2.0.0-SNAPSHOT.jar: hdds.interface.admin: Invalid module name: 'interface' is not a Java identifier
[INFO] Can't extract module name from ozone-interface-client-2.0.0-SNAPSHOT.jar: ozone.interface.client: Invalid module name: 'interface' is not a Java identifier
[INFO] 
[INFO] --- maven-resources-plugin:3.3.0:testResources (default-testResources) @ ozone-filesystem ---
[INFO] skip non existing resourceDirectory /home/runner/work/ozone/ozone/hadoop-ozone/ozonefs/src/test/resources
[INFO] Copying 2 resources
[INFO] 
[INFO] --- maven-compiler-plugin:3.9.0:testCompile (default-testCompile) @ ozone-filesystem ---
[INFO] No sources to compile
[INFO] 
[INFO] --- maven-surefire-plugin:3.0.0-M4:test (default-test) @ ozone-filesystem ---
[INFO] 
[INFO] --- maven-dependency-plugin:3.8.1:build-classpath (add-classpath-descriptor) @ ozone-filesystem ---
[INFO] Skipping plugin execution
[INFO] 
[INFO] --- maven-dependency-plugin:3.8.1:copy-dependencies (copy-jars) @ ozone-filesystem ---
[INFO] Skipping plugin execution
[INFO] 
[INFO] --- maven-jar-plugin:3.4.2:jar (default-jar) @ ozone-filesystem ---
[INFO] Building jar: /home/runner/work/ozone/ozone/hadoop-ozone/ozonefs/target/ozone-filesystem-2.0.0-SNAPSHOT.jar
[INFO] 
[INFO] --- maven-jar-plugin:3.4.2:test-jar (default) @ ozone-filesystem ---
[INFO] Building jar: /home/runner/work/ozone/ozone/hadoop-ozone/ozonefs/target/ozone-filesystem-2.0.0-SNAPSHOT-tests.jar
[INFO] 
[INFO] ----------------< org.apache.ozone:ozone-reconcodegen >-----------------
[INFO] Building Apache Ozone Recon CodeGen 2.0.0-SNAPSHOT               [30/47]
[INFO]   from hadoop-ozone/recon-codegen/pom.xml
[INFO] --------------------------------[ jar ]---------------------------------
[INFO] 
[INFO] --- maven-antrun-plugin:3.1.0:run (create-testdirs) @ ozone-reconcodegen ---
[INFO] Executing tasks
[INFO]     [mkdir] Created dir: /home/runner/work/ozone/ozone/hadoop-ozone/recon-codegen/target/test-dir
[INFO] Executed tasks
[INFO] 
[INFO] --- maven-enforcer-plugin:3.5.0:enforce (depcheck) @ ozone-reconcodegen ---
[INFO] Rule 0: org.apache.maven.enforcer.rules.dependency.DependencyConvergence passed
[INFO] 
[INFO] --- jacoco-maven-plugin:0.8.12:prepare-agent (default-prepare-agent) @ ozone-reconcodegen ---
[INFO] argLine set to -javaagent:/home/runner/.m2/repository/org/jacoco/org.jacoco.agent/0.8.12/org.jacoco.agent-0.8.12-runtime.jar=destfile=/home/runner/work/ozone/ozone/hadoop-ozone/recon-codegen/target/jacoco.exec,includes=org.apache.hadoop.hdds.*:org.apache.hadoop.ozone.*:org.apache.hadoop.fs.ozone.*:org.apache.ozone.*:org.hadoop.ozone.*
[INFO] 
[INFO] --- maven-enforcer-plugin:3.5.0:enforce (banned-rocksdb-imports) @ ozone-reconcodegen ---
[INFO] Rule 0: org.apache.maven.plugins.enforcer.RestrictImports passed
[INFO] 
[INFO] --- maven-enforcer-plugin:3.5.0:enforce (ban-imports) @ ozone-reconcodegen ---
[INFO] Rule 0: org.apache.maven.plugins.enforcer.RestrictImports passed
[INFO] Rule 1: org.apache.maven.plugins.enforcer.RestrictImports passed
[INFO] Rule 2: org.apache.maven.plugins.enforcer.RestrictImports passed
[INFO] Rule 3: org.apache.maven.plugins.enforcer.RestrictImports passed
[WARNING] EXPERIMENTAL FEATURE enabled. You have enabled full-compilation-unit parsing. Please be aware that experimental features might get removed or changed. Please share your feedback!
[INFO] Rule 4: org.apache.maven.plugins.enforcer.RestrictImports passed
[INFO] Rule 5: org.apache.maven.plugins.enforcer.RestrictImports passed
[INFO] Rule 6: org.apache.maven.plugins.enforcer.RestrictImports passed
[INFO] 
[INFO] --- maven-enforcer-plugin:3.5.0:enforce (ban-annotations) @ ozone-reconcodegen ---
[INFO] Rule 0: org.apache.maven.plugins.enforcer.RestrictImports passed
[INFO] 
[INFO] --- maven-remote-resources-plugin:1.7.0:process (default) @ ozone-reconcodegen ---
[INFO] Preparing remote bundle org.apache.ozone:ozone-dev-support:2.0.0-SNAPSHOT
[INFO] Copying 2 resources from 1 bundle.
[INFO] 
[INFO] --- maven-resources-plugin:3.3.0:resources (default-resources) @ ozone-reconcodegen ---
[INFO] skip non existing resourceDirectory /home/runner/work/ozone/ozone/hadoop-ozone/recon-codegen/src/main/resources
[INFO] Copying 2 resources
[INFO] 
[INFO] --- maven-compiler-plugin:3.9.0:compile (default-compile) @ ozone-reconcodegen ---
[INFO] Compiling 13 source files to /home/runner/work/ozone/ozone/hadoop-ozone/recon-codegen/target/classes
[INFO] 
[INFO] --- maven-resources-plugin:3.3.0:testResources (default-testResources) @ ozone-reconcodegen ---
[INFO] Not copying test resources
[INFO] 
[INFO] --- maven-compiler-plugin:3.9.0:testCompile (default-testCompile) @ ozone-reconcodegen ---
[INFO] Skipped
[INFO] 
[INFO] --- maven-surefire-plugin:3.0.0-M4:test (default-test) @ ozone-reconcodegen ---
[INFO] Tests are skipped.
[INFO] Skipped
[INFO] 
[INFO] --- maven-dependency-plugin:3.8.1:build-classpath (add-classpath-descriptor) @ ozone-reconcodegen ---
[INFO] Skipping plugin execution
[INFO] 
[INFO] --- maven-dependency-plugin:3.8.1:copy-dependencies (copy-jars) @ ozone-reconcodegen ---
[INFO] Skipping plugin execution
[INFO] 
[INFO] --- maven-jar-plugin:3.4.2:jar (default-jar) @ ozone-reconcodegen ---
[INFO] Building jar: /home/runner/work/ozone/ozone/hadoop-ozone/recon-codegen/target/ozone-reconcodegen-2.0.0-SNAPSHOT.jar
[INFO] 
[INFO] --- maven-jar-plugin:3.4.2:test-jar (default) @ ozone-reconcodegen ---
[INFO] Skipping packaging of the test-jar
[INFO] 
[INFO] ------------------------------------------------------------------------
[INFO] Skipping Apache Ozone Recon
[INFO] This project has been banned from the build due to previous failures.
[INFO] ------------------------------------------------------------------------
[INFO] 
[INFO] ------------------------------------------------------------------------
[INFO] Skipping Apache Ozone Tools
[INFO] This project has been banned from the build due to previous failures.
[INFO] ------------------------------------------------------------------------
[INFO] 
[INFO] ------------------< org.apache.ozone:ozone-s3gateway >------------------
[INFO] Building Apache Ozone S3 Gateway 2.0.0-SNAPSHOT                  [31/47]
[INFO]   from hadoop-ozone/s3gateway/pom.xml
[INFO] --------------------------------[ jar ]---------------------------------
[INFO] 
[INFO] --- maven-antrun-plugin:3.1.0:run (create-testdirs) @ ozone-s3gateway ---
[INFO] Executing tasks
[INFO]     [mkdir] Created dir: /home/runner/work/ozone/ozone/hadoop-ozone/s3gateway/target/test-dir
[INFO] Executed tasks
[INFO] 
[INFO] --- maven-enforcer-plugin:3.5.0:enforce (depcheck) @ ozone-s3gateway ---
[INFO] Rule 0: org.apache.maven.enforcer.rules.dependency.DependencyConvergence passed
[INFO] 
[INFO] --- jacoco-maven-plugin:0.8.12:prepare-agent (default-prepare-agent) @ ozone-s3gateway ---
[INFO] argLine set to -javaagent:/home/runner/.m2/repository/org/jacoco/org.jacoco.agent/0.8.12/org.jacoco.agent-0.8.12-runtime.jar=destfile=/home/runner/work/ozone/ozone/hadoop-ozone/s3gateway/target/jacoco.exec,includes=org.apache.hadoop.hdds.*:org.apache.hadoop.ozone.*:org.apache.hadoop.fs.ozone.*:org.apache.ozone.*:org.hadoop.ozone.*
[INFO] 
[INFO] --- maven-enforcer-plugin:3.5.0:enforce (banned-rocksdb-imports) @ ozone-s3gateway ---
[INFO] Rule 0: org.apache.maven.plugins.enforcer.RestrictImports passed
[INFO] 
[INFO] --- maven-enforcer-plugin:3.5.0:enforce (ban-imports) @ ozone-s3gateway ---
[INFO] Rule 0: org.apache.maven.plugins.enforcer.RestrictImports passed
[INFO] Rule 1: org.apache.maven.plugins.enforcer.RestrictImports passed
[INFO] Rule 2: org.apache.maven.plugins.enforcer.RestrictImports passed
[INFO] Rule 3: org.apache.maven.plugins.enforcer.RestrictImports passed
[WARNING] EXPERIMENTAL FEATURE enabled. You have enabled full-compilation-unit parsing. Please be aware that experimental features might get removed or changed. Please share your feedback!
[INFO] Rule 4: org.apache.maven.plugins.enforcer.RestrictImports passed
[INFO] Rule 5: org.apache.maven.plugins.enforcer.RestrictImports passed
[INFO] Rule 6: org.apache.maven.plugins.enforcer.RestrictImports passed
[INFO] 
[INFO] --- maven-enforcer-plugin:3.5.0:enforce (ban-annotations) @ ozone-s3gateway ---
[INFO] Rule 0: org.apache.maven.plugins.enforcer.RestrictImports passed
[INFO] 
[INFO] --- maven-remote-resources-plugin:1.7.0:process (default) @ ozone-s3gateway ---
[INFO] Preparing remote bundle org.apache.ozone:ozone-dev-support:2.0.0-SNAPSHOT
[INFO] Copying 2 resources from 1 bundle.
[INFO] 
[INFO] --- maven-resources-plugin:3.3.0:resources (default-resources) @ ozone-s3gateway ---
[INFO] Copying 6 resources
[INFO] Copying 2 resources
[INFO] 
[INFO] --- maven-compiler-plugin:3.9.0:compile (default-compile) @ ozone-s3gateway ---
[INFO] Compiling 92 source files to /home/runner/work/ozone/ozone/hadoop-ozone/s3gateway/target/classes
[INFO] /home/runner/work/ozone/ozone/hadoop-ozone/s3gateway/src/main/java/org/apache/hadoop/ozone/s3/endpoint/BucketEndpoint.java: /home/runner/work/ozone/ozone/hadoop-ozone/s3gateway/src/main/java/org/apache/hadoop/ozone/s3/endpoint/BucketEndpoint.java uses or overrides a deprecated API.
[INFO] /home/runner/work/ozone/ozone/hadoop-ozone/s3gateway/src/main/java/org/apache/hadoop/ozone/s3/endpoint/BucketEndpoint.java: Recompile with -Xlint:deprecation for details.
[INFO] 
[INFO] --- maven-resources-plugin:3.3.0:testResources (default-testResources) @ ozone-s3gateway ---
[INFO] Copying 4 resources
[INFO] Copying 2 resources
[INFO] 
[INFO] --- maven-compiler-plugin:3.9.0:testCompile (default-testCompile) @ ozone-s3gateway ---
[INFO] Compiling 59 source files to /home/runner/work/ozone/ozone/hadoop-ozone/s3gateway/target/test-classes
[INFO] /home/runner/work/ozone/ozone/hadoop-ozone/s3gateway/src/test/java/org/apache/hadoop/ozone/protocolPB/TestGrpcOmTransport.java: Some input files use or override a deprecated API.
[INFO] /home/runner/work/ozone/ozone/hadoop-ozone/s3gateway/src/test/java/org/apache/hadoop/ozone/protocolPB/TestGrpcOmTransport.java: Recompile with -Xlint:deprecation for details.
[INFO] /home/runner/work/ozone/ozone/hadoop-ozone/s3gateway/src/test/java/org/apache/hadoop/ozone/client/OzoneBucketStub.java: Some input files use unchecked or unsafe operations.
[INFO] /home/runner/work/ozone/ozone/hadoop-ozone/s3gateway/src/test/java/org/apache/hadoop/ozone/client/OzoneBucketStub.java: Recompile with -Xlint:unchecked for details.
[INFO] 
[INFO] --- maven-surefire-plugin:3.0.0-M4:test (default-test) @ ozone-s3gateway ---
[INFO] 
[INFO] --- maven-dependency-plugin:3.8.1:build-classpath (add-classpath-descriptor) @ ozone-s3gateway ---
[INFO] Wrote classpath file '/home/runner/work/ozone/ozone/hadoop-ozone/s3gateway/target/classes/ozone-s3gateway.classpath'.
[INFO] 
[INFO] --- maven-dependency-plugin:3.8.1:copy-dependencies (copy-jars) @ ozone-s3gateway ---
[INFO] 
[INFO] --- maven-dependency-plugin:3.8.1:unpack (copy-common-html) @ ozone-s3gateway ---
[INFO] Configured Artifact: org.apache.ozone:hdds-server-framework:?:jar
[INFO] Configured Artifact: org.apache.ozone:hdds-docs:?:jar
[INFO] 
[INFO] --- maven-jar-plugin:3.4.2:jar (default-jar) @ ozone-s3gateway ---
[INFO] Building jar: /home/runner/work/ozone/ozone/hadoop-ozone/s3gateway/target/ozone-s3gateway-2.0.0-SNAPSHOT.jar
[INFO] 
[INFO] --- maven-jar-plugin:3.4.2:test-jar (default) @ ozone-s3gateway ---
[INFO] Building jar: /home/runner/work/ozone/ozone/hadoop-ozone/s3gateway/target/ozone-s3gateway-2.0.0-SNAPSHOT-tests.jar
[INFO] 
[INFO] ---------------------< org.apache.ozone:ozone-csi >---------------------
[INFO] Building Apache Ozone CSI service 2.0.0-SNAPSHOT                 [32/47]
[INFO]   from hadoop-ozone/csi/pom.xml
[INFO] --------------------------------[ jar ]---------------------------------
[INFO] 
[INFO] --- maven-antrun-plugin:3.1.0:run (create-testdirs) @ ozone-csi ---
[INFO] Executing tasks
[INFO]     [mkdir] Created dir: /home/runner/work/ozone/ozone/hadoop-ozone/csi/target/test-dir
[INFO] Executed tasks
[INFO] 
[INFO] --- jacoco-maven-plugin:0.8.12:prepare-agent (default-prepare-agent) @ ozone-csi ---
[INFO] argLine set to -javaagent:/home/runner/.m2/repository/org/jacoco/org.jacoco.agent/0.8.12/org.jacoco.agent-0.8.12-runtime.jar=destfile=/home/runner/work/ozone/ozone/hadoop-ozone/csi/target/jacoco.exec,includes=org.apache.hadoop.hdds.*:org.apache.hadoop.ozone.*:org.apache.hadoop.fs.ozone.*:org.apache.ozone.*:org.hadoop.ozone.*
[INFO] 
[INFO] --- protobuf-maven-plugin:0.6.1:compile (compile-protoc) @ ozone-csi ---
[INFO] Compiling 1 proto file(s) to /home/runner/work/ozone/ozone/hadoop-ozone/csi/target/generated-sources/java
[INFO] 
[INFO] --- protobuf-maven-plugin:0.6.1:compile-custom (compile-protoc) @ ozone-csi ---
[INFO] Compiling 1 proto file(s) to /home/runner/work/ozone/ozone/hadoop-ozone/csi/target/generated-sources/java
[INFO] 
[INFO] --- maven-enforcer-plugin:3.5.0:enforce (banned-rocksdb-imports) @ ozone-csi ---
[INFO] Rule 0: org.apache.maven.plugins.enforcer.RestrictImports passed
[INFO] 
[INFO] --- maven-enforcer-plugin:3.5.0:enforce (ban-imports) @ ozone-csi ---
[INFO] Rule 0: org.apache.maven.plugins.enforcer.RestrictImports passed
[INFO] Rule 1: org.apache.maven.plugins.enforcer.RestrictImports passed
[INFO] Rule 2: org.apache.maven.plugins.enforcer.RestrictImports passed
[INFO] Rule 3: org.apache.maven.plugins.enforcer.RestrictImports passed
[WARNING] EXPERIMENTAL FEATURE enabled. You have enabled full-compilation-unit parsing. Please be aware that experimental features might get removed or changed. Please share your feedback!
[INFO] Rule 4: org.apache.maven.plugins.enforcer.RestrictImports passed
[INFO] Rule 5: org.apache.maven.plugins.enforcer.RestrictImports passed
[INFO] Rule 6: org.apache.maven.plugins.enforcer.RestrictImports passed
[INFO] 
[INFO] --- maven-enforcer-plugin:3.5.0:enforce (ban-annotations) @ ozone-csi ---
[INFO] Rule 0: org.apache.maven.plugins.enforcer.RestrictImports passed
[INFO] 
[INFO] --- maven-remote-resources-plugin:1.7.0:process (default) @ ozone-csi ---
[INFO] Preparing remote bundle org.apache.ozone:ozone-dev-support:2.0.0-SNAPSHOT
[INFO] Copying 2 resources from 1 bundle.
[INFO] 
[INFO] --- maven-resources-plugin:3.3.0:resources (default-resources) @ ozone-csi ---
[INFO] Copying 1 resource
[INFO] Copying 1 resource
[INFO] Copying 1 resource
[INFO] Copying 2 resources
[INFO] 
[INFO] --- maven-compiler-plugin:3.9.0:compile (default-compile) @ ozone-csi ---
[INFO] Compiling 9 source files to /home/runner/work/ozone/ozone/hadoop-ozone/csi/target/classes
[INFO] 
[INFO] --- protobuf-maven-plugin:0.6.1:test-compile (compile-protoc) @ ozone-csi ---
[INFO] /home/runner/work/ozone/ozone/hadoop-ozone/csi/src/test/proto does not exist. Review the configuration or consider disabling the plugin.
[INFO] 
[INFO] --- protobuf-maven-plugin:0.6.1:test-compile-custom (compile-protoc) @ ozone-csi ---
[INFO] /home/runner/work/ozone/ozone/hadoop-ozone/csi/src/test/proto does not exist. Review the configuration or consider disabling the plugin.
[INFO] 
[INFO] --- maven-resources-plugin:3.3.0:testResources (default-testResources) @ ozone-csi ---
[INFO] Not copying test resources
[INFO] 
[INFO] --- maven-compiler-plugin:3.9.0:testCompile (default-testCompile) @ ozone-csi ---
[INFO] Skipped
[INFO] 
[INFO] --- maven-surefire-plugin:3.0.0-M4:test (default-test) @ ozone-csi ---
[INFO] Tests are skipped.
[INFO] Skipped
[INFO] 
[INFO] --- maven-dependency-plugin:3.8.1:build-classpath (add-classpath-descriptor) @ ozone-csi ---
[INFO] Wrote classpath file '/home/runner/work/ozone/ozone/hadoop-ozone/csi/target/classes/ozone-csi.classpath'.
[INFO] 
[INFO] --- maven-dependency-plugin:3.8.1:copy-dependencies (copy-jars) @ ozone-csi ---
[INFO] 
[INFO] --- maven-jar-plugin:3.4.2:jar (default-jar) @ ozone-csi ---
[INFO] Building jar: /home/runner/work/ozone/ozone/hadoop-ozone/csi/target/ozone-csi-2.0.0-SNAPSHOT.jar
[INFO] 
[INFO] --- maven-jar-plugin:3.4.2:test-jar (default) @ ozone-csi ---
[INFO] Skipping packaging of the test-jar
[INFO] 
[INFO] --- proto-backwards-compatibility:1.0.7:backwards-compatibility-check (default) @ ozone-csi ---
[INFO] protolock cmd line: /home/runner/work/ozone/ozone/hadoop-ozone/csi/target/protolock-bin/protolock status --lockdir=/home/runner/work/ozone/ozone/hadoop-ozone/csi/target/classes --protoroot=/home/runner/work/ozone/ozone/hadoop-ozone/csi/target/classes
[INFO] protolock cmd line: /home/runner/work/ozone/ozone/hadoop-ozone/csi/target/protolock-bin/protolock commit --lockdir=/home/runner/work/ozone/ozone/hadoop-ozone/csi/target/classes --protoroot=/home/runner/work/ozone/ozone/hadoop-ozone/csi/target/classes
[INFO] Backwards compatibility check passed.
[INFO] 
[INFO] ------------------------------------------------------------------------
[INFO] Skipping Apache Ozone Integration Tests
[INFO] This project has been banned from the build due to previous failures.
[INFO] ------------------------------------------------------------------------
[INFO] 
[INFO] ------------------------------------------------------------------------
[INFO] Skipping Apache Ozone Datanode
[INFO] This project has been banned from the build due to previous failures.
[INFO] ------------------------------------------------------------------------
[INFO] 
[INFO] ------------------------------------------------------------------------
[INFO] Skipping Apache Ozone Insight Tool
[INFO] This project has been banned from the build due to previous failures.
[INFO] ------------------------------------------------------------------------
[INFO] 
[INFO] ----------------< org.apache.ozone:ozone-httpfsgateway >----------------
[INFO] Building Apache Ozone HttpFS 2.0.0-SNAPSHOT                      [33/47]
[INFO]   from hadoop-ozone/httpfsgateway/pom.xml
[INFO] --------------------------------[ jar ]---------------------------------
[INFO] 
[INFO] --- maven-antrun-plugin:3.1.0:run (create-testdirs) @ ozone-httpfsgateway ---
[INFO] Executing tasks
[INFO]     [mkdir] Created dir: /home/runner/work/ozone/ozone/hadoop-ozone/httpfsgateway/target/test-dir
[INFO] Executed tasks
[INFO] 
[INFO] --- maven-enforcer-plugin:3.5.0:enforce (depcheck) @ ozone-httpfsgateway ---
[INFO] Rule 0: org.apache.maven.enforcer.rules.dependency.DependencyConvergence passed
[INFO] 
[INFO] --- jacoco-maven-plugin:0.8.12:prepare-agent (default-prepare-agent) @ ozone-httpfsgateway ---
[INFO] argLine set to -javaagent:/home/runner/.m2/repository/org/jacoco/org.jacoco.agent/0.8.12/org.jacoco.agent-0.8.12-runtime.jar=destfile=/home/runner/work/ozone/ozone/hadoop-ozone/httpfsgateway/target/jacoco.exec,includes=org.apache.hadoop.hdds.*:org.apache.hadoop.ozone.*:org.apache.hadoop.fs.ozone.*:org.apache.ozone.*:org.hadoop.ozone.*
[INFO] 
[INFO] --- maven-enforcer-plugin:3.5.0:enforce (banned-rocksdb-imports) @ ozone-httpfsgateway ---
[INFO] Rule 0: org.apache.maven.plugins.enforcer.RestrictImports passed
[INFO] 
[INFO] --- maven-enforcer-plugin:3.5.0:enforce (ban-imports) @ ozone-httpfsgateway ---
[INFO] Rule 0: org.apache.maven.plugins.enforcer.RestrictImports passed
[INFO] Rule 1: org.apache.maven.plugins.enforcer.RestrictImports passed
[INFO] Rule 2: org.apache.maven.plugins.enforcer.RestrictImports passed
[INFO] Rule 3: org.apache.maven.plugins.enforcer.RestrictImports passed
[WARNING] EXPERIMENTAL FEATURE enabled. You have enabled full-compilation-unit parsing. Please be aware that experimental features might get removed or changed. Please share your feedback!
[INFO] Rule 4: org.apache.maven.plugins.enforcer.RestrictImports passed
[INFO] Rule 5: org.apache.maven.plugins.enforcer.RestrictImports passed
[INFO] Rule 6: org.apache.maven.plugins.enforcer.RestrictImports passed
[INFO] 
[INFO] --- maven-enforcer-plugin:3.5.0:enforce (ban-annotations) @ ozone-httpfsgateway ---
[INFO] Rule 0: org.apache.maven.plugins.enforcer.RestrictImports passed
[INFO] 
[INFO] --- maven-remote-resources-plugin:1.7.0:process (default) @ ozone-httpfsgateway ---
[INFO] Preparing remote bundle org.apache.ozone:ozone-dev-support:2.0.0-SNAPSHOT
[INFO] Copying 2 resources from 1 bundle.
[INFO] 
[INFO] --- maven-resources-plugin:3.3.0:resources (default-resources) @ ozone-httpfsgateway ---
[INFO] Copying 1 resource
[INFO] Copying 4 resources
[INFO] Copying 2 resources
[INFO] The encoding used to copy filtered properties files have not been set. This means that the same encoding will be used to copy filtered properties files as when copying other filtered resources. This might not be what you want! Run your build with --debug to see which files might be affected. Read more at https://maven.apache.org/plugins/maven-resources-plugin/examples/filtering-properties-files.html
[INFO] 
[INFO] --- maven-compiler-plugin:3.9.0:compile (default-compile) @ ozone-httpfsgateway ---
[INFO] Compiling 64 source files to /home/runner/work/ozone/ozone/hadoop-ozone/httpfsgateway/target/classes
[INFO] /home/runner/work/ozone/ozone/hadoop-ozone/httpfsgateway/src/main/java/org/apache/ozone/lib/service/security/GroupsService.java: Some input files use or override a deprecated API.
[INFO] /home/runner/work/ozone/ozone/hadoop-ozone/httpfsgateway/src/main/java/org/apache/ozone/lib/service/security/GroupsService.java: Recompile with -Xlint:deprecation for details.
[INFO] /home/runner/work/ozone/ozone/hadoop-ozone/httpfsgateway/src/main/java/org/apache/ozone/lib/wsrs/ParametersProvider.java: Some input files use unchecked or unsafe operations.
[INFO] /home/runner/work/ozone/ozone/hadoop-ozone/httpfsgateway/src/main/java/org/apache/ozone/lib/wsrs/ParametersProvider.java: Recompile with -Xlint:unchecked for details.
[INFO] 
[INFO] --- maven-antrun-plugin:3.1.0:run (create-web-xmls) @ ozone-httpfsgateway ---
[INFO] Executing tasks
[INFO]     [mkdir] Created dir: /home/runner/work/ozone/ozone/hadoop-ozone/httpfsgateway/target/test-classes/webapp
[INFO]      [copy] Copying 1 file to /home/runner/work/ozone/ozone/hadoop-ozone/httpfsgateway/target/test-classes/webapp
[INFO] Executed tasks
[INFO] 
[INFO] --- maven-resources-plugin:3.3.0:testResources (default-testResources) @ ozone-httpfsgateway ---
[INFO] Not copying test resources
[INFO] 
[INFO] --- maven-compiler-plugin:3.9.0:testCompile (default-testCompile) @ ozone-httpfsgateway ---
[INFO] Skipped
[INFO] 
[INFO] --- maven-surefire-plugin:3.0.0-M4:test (default-test) @ ozone-httpfsgateway ---
[INFO] Tests are skipped.
[INFO] Skipped
[INFO] 
[INFO] --- maven-dependency-plugin:3.8.1:build-classpath (add-classpath-descriptor) @ ozone-httpfsgateway ---
[INFO] Wrote classpath file '/home/runner/work/ozone/ozone/hadoop-ozone/httpfsgateway/target/classes/ozone-httpfsgateway.classpath'.
[INFO] 
[INFO] --- maven-dependency-plugin:3.8.1:copy-dependencies (copy-jars) @ ozone-httpfsgateway ---
[INFO] 
[INFO] --- maven-jar-plugin:3.4.2:jar (default-jar) @ ozone-httpfsgateway ---
[INFO] Building jar: /home/runner/work/ozone/ozone/hadoop-ozone/httpfsgateway/target/ozone-httpfsgateway-2.0.0-SNAPSHOT.jar
[INFO] 
[INFO] --- maven-jar-plugin:3.4.2:test-jar (default) @ ozone-httpfsgateway ---
[INFO] Skipping packaging of the test-jar
[INFO] 
[INFO] ------------------------------------------------------------------------
[INFO] Skipping Apache Ozone S3 Secret Store
[INFO] This project has been banned from the build due to previous failures.
[INFO] ------------------------------------------------------------------------
[INFO] 
[INFO] ------------------------------------------------------------------------
[INFO] Skipping Apache Ozone Distribution
[INFO] This project has been banned from the build due to previous failures.
[INFO] ------------------------------------------------------------------------
[INFO] 
[INFO] ------------< org.apache.ozone:ozone-fault-injection-test >-------------
[INFO] Building Apache Ozone Fault Injection Tests 2.0.0-SNAPSHOT       [34/47]
[INFO]   from hadoop-ozone/fault-injection-test/pom.xml
[INFO] --------------------------------[ pom ]---------------------------------
[INFO] 
[INFO] --- maven-antrun-plugin:3.1.0:run (create-testdirs) @ ozone-fault-injection-test ---
[INFO] Executing tasks
[INFO]     [mkdir] Created dir: /home/runner/work/ozone/ozone/hadoop-ozone/fault-injection-test/target/test-dir
[INFO] Executed tasks
[INFO] 
[INFO] --- maven-enforcer-plugin:3.5.0:enforce (depcheck) @ ozone-fault-injection-test ---
[INFO] Rule 0: org.apache.maven.enforcer.rules.dependency.DependencyConvergence passed
[INFO] 
[INFO] --- jacoco-maven-plugin:0.8.12:prepare-agent (default-prepare-agent) @ ozone-fault-injection-test ---
[INFO] argLine set to -javaagent:/home/runner/.m2/repository/org/jacoco/org.jacoco.agent/0.8.12/org.jacoco.agent-0.8.12-runtime.jar=destfile=/home/runner/work/ozone/ozone/hadoop-ozone/fault-injection-test/target/jacoco.exec,includes=org.apache.hadoop.hdds.*:org.apache.hadoop.ozone.*:org.apache.hadoop.fs.ozone.*:org.apache.ozone.*:org.hadoop.ozone.*
[INFO] 
[INFO] --- maven-enforcer-plugin:3.5.0:enforce (banned-rocksdb-imports) @ ozone-fault-injection-test ---
[INFO] Rule 0: org.apache.maven.plugins.enforcer.RestrictImports passed
[INFO] 
[INFO] --- maven-enforcer-plugin:3.5.0:enforce (ban-imports) @ ozone-fault-injection-test ---
[INFO] Rule 0: org.apache.maven.plugins.enforcer.RestrictImports passed
[INFO] Rule 1: org.apache.maven.plugins.enforcer.RestrictImports passed
[INFO] Rule 2: org.apache.maven.plugins.enforcer.RestrictImports passed
[INFO] Rule 3: org.apache.maven.plugins.enforcer.RestrictImports passed
[WARNING] EXPERIMENTAL FEATURE enabled. You have enabled full-compilation-unit parsing. Please be aware that experimental features might get removed or changed. Please share your feedback!
[INFO] Rule 4: org.apache.maven.plugins.enforcer.RestrictImports passed
[INFO] Rule 5: org.apache.maven.plugins.enforcer.RestrictImports passed
[INFO] Rule 6: org.apache.maven.plugins.enforcer.RestrictImports passed
[INFO] 
[INFO] --- maven-enforcer-plugin:3.5.0:enforce (ban-annotations) @ ozone-fault-injection-test ---
[INFO] Rule 0: org.apache.maven.plugins.enforcer.RestrictImports passed
[INFO] 
[INFO] --- maven-remote-resources-plugin:1.7.0:process (default) @ ozone-fault-injection-test ---
[INFO] Preparing remote bundle org.apache.ozone:ozone-dev-support:2.0.0-SNAPSHOT
[INFO] Copying 2 resources from 1 bundle.
[INFO] 
[INFO] --- maven-dependency-plugin:3.8.1:build-classpath (add-classpath-descriptor) @ ozone-fault-injection-test ---
[INFO] Skipping plugin execution
[INFO] 
[INFO] --- maven-dependency-plugin:3.8.1:copy-dependencies (copy-jars) @ ozone-fault-injection-test ---
[INFO] Skipping plugin execution
[INFO] 
[INFO] --- maven-jar-plugin:3.4.2:test-jar (default) @ ozone-fault-injection-test ---
[WARNING] JAR will be empty - no content was marked for inclusion!
[INFO] Building jar: /home/runner/work/ozone/ozone/hadoop-ozone/fault-injection-test/target/ozone-fault-injection-test-2.0.0-SNAPSHOT-tests.jar
[INFO] 
[INFO] ----------------< org.apache.ozone:ozone-network-tests >----------------
[INFO] Building Apache Ozone Network Tests 2.0.0-SNAPSHOT               [35/47]
[INFO]   from hadoop-ozone/fault-injection-test/network-tests/pom.xml
[INFO] --------------------------------[ jar ]---------------------------------
[INFO] 
[INFO] --- maven-antrun-plugin:3.1.0:run (create-testdirs) @ ozone-network-tests ---
[INFO] Executing tasks
[INFO]     [mkdir] Created dir: /home/runner/work/ozone/ozone/hadoop-ozone/fault-injection-test/network-tests/target/test-dir
[INFO] Executed tasks
[INFO] 
[INFO] --- maven-enforcer-plugin:3.5.0:enforce (depcheck) @ ozone-network-tests ---
[INFO] Rule 0: org.apache.maven.enforcer.rules.dependency.DependencyConvergence passed
[INFO] 
[INFO] --- jacoco-maven-plugin:0.8.12:prepare-agent (default-prepare-agent) @ ozone-network-tests ---
[INFO] argLine set to -javaagent:/home/runner/.m2/repository/org/jacoco/org.jacoco.agent/0.8.12/org.jacoco.agent-0.8.12-runtime.jar=destfile=/home/runner/work/ozone/ozone/hadoop-ozone/fault-injection-test/network-tests/target/jacoco.exec,includes=org.apache.hadoop.hdds.*:org.apache.hadoop.ozone.*:org.apache.hadoop.fs.ozone.*:org.apache.ozone.*:org.hadoop.ozone.*
[INFO] 
[INFO] --- maven-enforcer-plugin:3.5.0:enforce (banned-rocksdb-imports) @ ozone-network-tests ---
[INFO] Rule 0: org.apache.maven.plugins.enforcer.RestrictImports passed
[INFO] 
[INFO] --- maven-enforcer-plugin:3.5.0:enforce (ban-imports) @ ozone-network-tests ---
[INFO] Rule 0: org.apache.maven.plugins.enforcer.RestrictImports passed
[INFO] Rule 1: org.apache.maven.plugins.enforcer.RestrictImports passed
[INFO] Rule 2: org.apache.maven.plugins.enforcer.RestrictImports passed
[INFO] Rule 3: org.apache.maven.plugins.enforcer.RestrictImports passed
[WARNING] EXPERIMENTAL FEATURE enabled. You have enabled full-compilation-unit parsing. Please be aware that experimental features might get removed or changed. Please share your feedback!
[INFO] Rule 4: org.apache.maven.plugins.enforcer.RestrictImports passed
[INFO] Rule 5: org.apache.maven.plugins.enforcer.RestrictImports passed
[INFO] Rule 6: org.apache.maven.plugins.enforcer.RestrictImports passed
[INFO] 
[INFO] --- maven-enforcer-plugin:3.5.0:enforce (ban-annotations) @ ozone-network-tests ---
[INFO] Rule 0: org.apache.maven.plugins.enforcer.RestrictImports passed
[INFO] 
[INFO] --- maven-remote-resources-plugin:1.7.0:process (default) @ ozone-network-tests ---
[INFO] Preparing remote bundle org.apache.ozone:ozone-dev-support:2.0.0-SNAPSHOT
[INFO] Copying 2 resources from 1 bundle.
[INFO] 
[INFO] --- maven-resources-plugin:3.3.0:resources (default-resources) @ ozone-network-tests ---
[INFO] skip non existing resourceDirectory /home/runner/work/ozone/ozone/hadoop-ozone/fault-injection-test/network-tests/src/main/resources
[INFO] Copying 2 resources
[INFO] 
[INFO] --- maven-resources-plugin:3.3.0:copy-resources (copy-resources) @ ozone-network-tests ---
[INFO] Copying 2 resources
[INFO] 
[INFO] --- maven-compiler-plugin:3.9.0:compile (default-compile) @ ozone-network-tests ---
[INFO] No sources to compile
[INFO] 
[INFO] --- maven-resources-plugin:3.3.0:testResources (default-testResources) @ ozone-network-tests ---
[INFO] Not copying test resources
[INFO] 
[INFO] --- maven-compiler-plugin:3.9.0:testCompile (default-testCompile) @ ozone-network-tests ---
[INFO] Skipped
[INFO] 
[INFO] --- maven-surefire-plugin:3.0.0-M4:test (default-test) @ ozone-network-tests ---
[INFO] Tests are skipped.
[INFO] Skipped
[INFO] 
[INFO] --- maven-dependency-plugin:3.8.1:build-classpath (add-classpath-descriptor) @ ozone-network-tests ---
[INFO] Skipping plugin execution
[INFO] 
[INFO] --- maven-dependency-plugin:3.8.1:copy-dependencies (copy-jars) @ ozone-network-tests ---
[INFO] Skipping plugin execution
[INFO] 
[INFO] --- maven-jar-plugin:3.4.2:jar (default-jar) @ ozone-network-tests ---
[INFO] Building jar: /home/runner/work/ozone/ozone/hadoop-ozone/fault-injection-test/network-tests/target/ozone-network-tests-2.0.0-SNAPSHOT.jar
[INFO] 
[INFO] --- maven-jar-plugin:3.4.2:test-jar (default) @ ozone-network-tests ---
[INFO] Skipping packaging of the test-jar
[INFO] 
[INFO] ------------------------------------------------------------------------
[INFO] Skipping Apache Ozone Mini Ozone Chaos Tests
[INFO] This project has been banned from the build due to previous failures.
[INFO] ------------------------------------------------------------------------
[INFO] ------------------------------------------------------------------------
[INFO] Reactor Summary for Apache Ozone Main 2.0.0-SNAPSHOT:
[INFO] 
[INFO] Apache Ozone Main .................................. SUCCESS [  2.246 s]
[INFO] Apache Ozone Dev Support ........................... SUCCESS [  1.456 s]
[INFO] Apache Ozone HDDS .................................. SUCCESS [  0.327 s]
[INFO] Apache Ozone Annotation Processing ................. SUCCESS [  1.952 s]
[INFO] Apache Ozone HDDS Hadoop Client dependencies ....... SUCCESS [  1.593 s]
[INFO] Apache Ozone HDDS Hadoop Test dependencies ......... SUCCESS [  1.167 s]
[INFO] Apache Ozone HDDS Hadoop Server dependencies ....... SUCCESS [  0.624 s]
[INFO] Apache Ozone HDDS Client Interface ................. SUCCESS [ 14.569 s]
[INFO] Apache Ozone HDDS Admin Interface .................. SUCCESS [  4.134 s]
[INFO] Apache Ozone HDDS Server Interface ................. SUCCESS [  4.397 s]
[INFO] Apache Ozone HDDS Test Utils ....................... SUCCESS [  1.382 s]
[INFO] Apache Ozone HDDS Config ........................... SUCCESS [  1.758 s]
[INFO] Apache Ozone HDDS Common ........................... SUCCESS [ 12.784 s]
[INFO] Apache Ozone HDDS Erasurecode ...................... SUCCESS [  0.952 s]
[INFO] Apache Ozone HDDS Client ........................... SUCCESS [  1.706 s]
[INFO] Apache Ozone HDDS Crypto ........................... SUCCESS [  0.099 s]
[INFO] Apache Ozone HDDS Crypto - Default ................. SUCCESS [  0.090 s]
[INFO] Apache Ozone HDDS Managed RocksDB .................. SUCCESS [  0.461 s]
[INFO] Apache Ozone HDDS RocksDB Tools .................... SUCCESS [  1.459 s]
[INFO] RocksDB Checkpoint Differ .......................... SUCCESS [  1.091 s]
[INFO] Apache Ozone HDDS Server Framework ................. SUCCESS [  5.072 s]
[INFO] Apache Ozone/HDDS Documentation .................... SUCCESS [  6.956 s]
[INFO] Apache Ozone HDDS Container Service ................ FAILURE [09:17 min]
[INFO] Apache Ozone HDDS SCM Server ....................... SKIPPED
[INFO] Apache Ozone HDDS Tools ............................ SKIPPED
[INFO] Apache Ozone ....................................... SUCCESS [  0.222 s]
[INFO] Apache Ozone Client Interface ...................... SUCCESS [ 36.463 s]
[INFO] Apache Ozone Common ................................ SUCCESS [  3.907 s]
[INFO] Apache Ozone Storage Interface ..................... SKIPPED
[INFO] Apache Ozone Client ................................ SUCCESS [  2.078 s]
[INFO] Apache Ozone Manager Server ........................ SKIPPED
[INFO] Apache Ozone FileSystem Common ..................... SUCCESS [  1.115 s]
[INFO] Apache Ozone FileSystem ............................ SUCCESS [  0.667 s]
[INFO] Apache Ozone Recon CodeGen ......................... SUCCESS [  0.876 s]
[INFO] Apache Ozone Recon ................................. SKIPPED
[INFO] Apache Ozone Tools ................................. SKIPPED
[INFO] Apache Ozone S3 Gateway ............................ SUCCESS [  3.915 s]
[INFO] Apache Ozone CSI service ........................... SUCCESS [  4.585 s]
[INFO] Apache Ozone Integration Tests ..................... SKIPPED
[INFO] Apache Ozone Datanode .............................. SKIPPED
[INFO] Apache Ozone Insight Tool .......................... SKIPPED
[INFO] Apache Ozone HttpFS ................................ SUCCESS [  1.347 s]
[INFO] Apache Ozone S3 Secret Store ....................... SKIPPED
[INFO] Apache Ozone Distribution .......................... SKIPPED
[INFO] Apache Ozone Fault Injection Tests ................. SUCCESS [  0.088 s]
[INFO] Apache Ozone Network Tests ......................... SUCCESS [  0.078 s]
[INFO] Apache Ozone Mini Ozone Chaos Tests ................ SKIPPED
[INFO] ------------------------------------------------------------------------
[INFO] BUILD FAILURE
[INFO] ------------------------------------------------------------------------
[INFO] Total time:  11:20 min
[INFO] Finished at: 2024-12-12T04:52:33Z
[INFO] ------------------------------------------------------------------------
[INFO] 549 goals, 549 executed
[INFO] 
[INFO] Publishing build scan...
[INFO] https://ge.apache.org/s/yxlbdgmaoas6s
[INFO] 
[ERROR] Failed to execute goal org.apache.maven.plugins:maven-surefire-plugin:3.0.0-M4:test (default-test) on project hdds-container-service: There are test failures.
[ERROR] 
[ERROR] Please refer to /home/runner/work/ozone/ozone/hadoop-hdds/container-service/target/surefire-reports for the individual test results.
[ERROR] Please refer to dump files (if any exist) [date].dump, [date]-jvmRun[N].dump and [date].dumpstream.
[ERROR] -> [Help 1]
[ERROR] 
[ERROR] To see the full stack trace of the errors, re-run Maven with the -e switch.
[ERROR] Re-run Maven using the -X switch to enable full debug logging.
[ERROR] 
[ERROR] For more information about the errors and possible solutions, please read the following articles:
[ERROR] [Help 1] http://cwiki.apache.org/confluence/display/MAVEN/MojoFailureException
[ERROR] 
[ERROR] After correcting the problems, you can resume the build with the command
[ERROR]   mvn <args> -rf :hdds-container-service
