Apache Maven 3.8.8 (4c87b05d9aedce574290d1acc98575ed5eb6cd39)
Maven home: /usr/share/apache-maven-3.8.8
Java version: 1.8.0_392, vendor: Temurin, runtime: /usr/lib/jvm/temurin-8-jdk-amd64/jre
Default locale: en, platform encoding: UTF-8
OS name: "linux", version: "5.15.0-1053-azure", arch: "amd64", family: "unix"
[INFO] Scanning for projects...
[INFO] ------------------------------------------------------------------------
[INFO] Detecting the operating system and CPU architecture
[INFO] ------------------------------------------------------------------------
[INFO] os.detected.name: linux
[INFO] os.detected.arch: x86_64
[INFO] os.detected.bitness: 64
[INFO] os.detected.version: 5.15
[INFO] os.detected.version.major: 5
[INFO] os.detected.version.minor: 15
[INFO] os.detected.release: ubuntu
[INFO] os.detected.release.version: 20.04
[INFO] os.detected.release.like.ubuntu: true
[INFO] os.detected.release.like.debian: true
[INFO] os.detected.classifier: linux-x86_64
[INFO] ------------------------------------------------------------------------
[INFO] Reactor Build Order:
[INFO] 
[INFO] Apache Ozone Integration Tests                                     [jar]
[INFO] Apache Ozone Mini Ozone Chaos Tests                                [jar]
[INFO] 
[INFO] --------------< org.apache.ozone:ozone-integration-test >---------------
[INFO] Building Apache Ozone Integration Tests 1.5.0-SNAPSHOT             [1/2]
[INFO]   from pom.xml
[INFO] --------------------------------[ jar ]---------------------------------
[INFO] 
[INFO] --- maven-antrun-plugin:3.1.0:run (create-testdirs) @ ozone-integration-test ---
[INFO] Executing tasks
[INFO]     [mkdir] Created dir: /home/runner/work/ozone/ozone/hadoop-ozone/integration-test/target/test-dir
[INFO] Executed tasks
[INFO] 
[INFO] --- maven-enforcer-plugin:3.4.1:enforce (depcheck) @ ozone-integration-test ---
[INFO] Rule 0: org.apache.maven.enforcer.rules.dependency.DependencyConvergence passed
[INFO] Rule 1: org.apache.maven.enforcer.rules.version.RequireMavenVersion passed
[INFO] Rule 2: org.apache.maven.enforcer.rules.version.RequireJavaVersion passed
[INFO] 
[INFO] --- jacoco-maven-plugin:0.8.5:prepare-agent (default-prepare-agent) @ ozone-integration-test ---
[INFO] argLine set to -javaagent:/home/runner/.m2/repository/org/jacoco/org.jacoco.agent/0.8.5/org.jacoco.agent-0.8.5-runtime.jar=destfile=/home/runner/work/ozone/ozone/hadoop-ozone/integration-test/target/jacoco.exec,includes=org.apache.hadoop.hdds.*:org.apache.hadoop.ozone.*:org.apache.hadoop.fs.ozone.*
[INFO] 
[INFO] --- maven-enforcer-plugin:3.4.1:enforce (banned-rocksdb-imports) @ ozone-integration-test ---
[INFO] Rule 0: org.apache.maven.plugins.enforcer.RestrictImports passed
[INFO] 
[INFO] --- maven-enforcer-plugin:3.4.1:enforce (ban-imports) @ ozone-integration-test ---
[INFO] Rule 0: org.apache.maven.plugins.enforcer.RestrictImports passed
[INFO] Rule 1: org.apache.maven.plugins.enforcer.RestrictImports passed
[INFO] Rule 2: org.apache.maven.plugins.enforcer.RestrictImports passed
[INFO] Rule 3: org.apache.maven.plugins.enforcer.RestrictImports passed
[INFO] Rule 4: org.apache.maven.plugins.enforcer.RestrictImports passed
[WARNING] EXPERIMENTAL FEATURE enabled. You have enabled full-compilation-unit parsing. Please be aware that experimental features might get removed or changed. Please share your feedback!
[INFO] Rule 5: org.apache.maven.plugins.enforcer.RestrictImports passed
[INFO] Rule 6: org.apache.maven.plugins.enforcer.RestrictImports passed
[INFO] 
[INFO] --- maven-remote-resources-plugin:1.5:process (default) @ ozone-integration-test ---
[INFO] 
[INFO] --- maven-resources-plugin:3.1.0:resources (default-resources) @ ozone-integration-test ---
[INFO] Using 'UTF-8' encoding to copy filtered resources.
[INFO] skip non existing resourceDirectory /home/runner/work/ozone/ozone/hadoop-ozone/integration-test/src/main/resources
[INFO] Copying 2 resources
[INFO] 
[INFO] --- maven-compiler-plugin:3.9.0:compile (default-compile) @ ozone-integration-test ---
[INFO] No sources to compile
[INFO] 
[INFO] --- maven-resources-plugin:3.1.0:testResources (default-testResources) @ ozone-integration-test ---
[INFO] Using 'UTF-8' encoding to copy filtered resources.
[INFO] Copying 22 resources
[INFO] Copying 2 resources
[INFO] 
[INFO] --- maven-compiler-plugin:3.9.0:testCompile (default-testCompile) @ ozone-integration-test ---
[INFO] Compiling 315 source files to /home/runner/work/ozone/ozone/hadoop-ozone/integration-test/target/test-classes
[INFO] /home/runner/work/ozone/ozone/hadoop-ozone/integration-test/src/test/java/org/apache/hadoop/ozone/TestBlockTokens.java: Some input files use or override a deprecated API.
[INFO] /home/runner/work/ozone/ozone/hadoop-ozone/integration-test/src/test/java/org/apache/hadoop/ozone/TestBlockTokens.java: Recompile with -Xlint:deprecation for details.
[INFO] /home/runner/work/ozone/ozone/hadoop-ozone/integration-test/src/test/java/org/apache/hadoop/ozone/om/ratis/TestOzoneManagerRatisRequest.java: Some input files use unchecked or unsafe operations.
[INFO] /home/runner/work/ozone/ozone/hadoop-ozone/integration-test/src/test/java/org/apache/hadoop/ozone/om/ratis/TestOzoneManagerRatisRequest.java: Recompile with -Xlint:unchecked for details.
[INFO] 
[INFO] --- maven-surefire-plugin:3.0.0-M5:test (default-test) @ ozone-integration-test ---
[INFO] 
[INFO] -------------------------------------------------------
[INFO]  T E S T S
[INFO] -------------------------------------------------------
[INFO] Running org.apache.hadoop.ozone.parser.TestOzoneHARatisLogParser
[INFO] Tests run: 1, Failures: 0, Errors: 0, Skipped: 0, Time elapsed: 49.679 s - in org.apache.hadoop.ozone.parser.TestOzoneHARatisLogParser
[INFO] Running org.apache.hadoop.ozone.container.common.statemachine.commandhandler.TestBlockDeletion
[INFO] Tests run: 2, Failures: 0, Errors: 0, Skipped: 0, Time elapsed: 82.327 s - in org.apache.hadoop.ozone.container.common.statemachine.commandhandler.TestBlockDeletion
[INFO] Running org.apache.hadoop.ozone.TestSecureOzoneCluster
[INFO] Tests run: 1, Failures: 0, Errors: 0, Skipped: 0, Time elapsed: 16.467 s - in org.apache.hadoop.ozone.TestSecureOzoneCluster
[INFO] Running org.apache.hadoop.ozone.om.TestAddRemoveOzoneManager
[INFO] Tests run: 1, Failures: 0, Errors: 0, Skipped: 0, Time elapsed: 51.334 s - in org.apache.hadoop.ozone.om.TestAddRemoveOzoneManager
[INFO] Running org.apache.hadoop.ozone.om.TestOzoneManagerPrepare
[INFO] Tests run: 4, Failures: 0, Errors: 0, Skipped: 0, Time elapsed: 121.21 s - in org.apache.hadoop.ozone.om.TestOzoneManagerPrepare
[INFO] Running org.apache.hadoop.ozone.om.TestSnapshotDeletingService
[INFO] Tests run: 1, Failures: 0, Errors: 0, Skipped: 0, Time elapsed: 130.731 s - in org.apache.hadoop.ozone.om.TestSnapshotDeletingService
[INFO] Running org.apache.hadoop.ozone.client.rpc.TestContainerStateMachineFailures
[INFO] Tests run: 2, Failures: 0, Errors: 0, Skipped: 0, Time elapsed: 31.396 s - in org.apache.hadoop.ozone.client.rpc.TestContainerStateMachineFailures
[INFO] Running org.apache.hadoop.ozone.client.rpc.TestOzoneRpcClient
[INFO] Tests run: 2, Failures: 0, Errors: 0, Skipped: 0, Time elapsed: 50.388 s - in org.apache.hadoop.ozone.client.rpc.TestOzoneRpcClient
[INFO] Running org.apache.hadoop.ozone.client.rpc.TestOzoneRpcClientWithRatis
[INFO] Tests run: 2, Failures: 0, Errors: 0, Skipped: 0, Time elapsed: 49.168 s - in org.apache.hadoop.ozone.client.rpc.TestOzoneRpcClientWithRatis
[INFO] Running org.apache.hadoop.ozone.client.rpc.TestOzoneAtRestEncryption
[INFO] Tests run: 9, Failures: 0, Errors: 0, Skipped: 0, Time elapsed: 44.27 s - in org.apache.hadoop.ozone.client.rpc.TestOzoneAtRestEncryption
[INFO] Running org.apache.hadoop.ozone.client.rpc.TestSecureOzoneRpcClient
[INFO] Tests run: 1, Failures: 0, Errors: 0, Skipped: 0, Time elapsed: 26.139 s - in org.apache.hadoop.ozone.client.rpc.TestSecureOzoneRpcClient
[INFO] Running org.apache.hadoop.ozone.client.rpc.TestWatchForCommit
[ERROR] Tests run: 4, Failures: 1, Errors: 0, Skipped: 0, Time elapsed: 132.355 s <<< FAILURE! - in org.apache.hadoop.ozone.client.rpc.TestWatchForCommit
[ERROR] org.apache.hadoop.ozone.client.rpc.TestWatchForCommit.testWatchForCommitForRetryfailure  Time elapsed: 40.049 s  <<< FAILURE!
java.lang.AssertionError: 

Expecting:
 <"org.apache.ratis.protocol.exceptions.RaftRetryFailureException: Failed RaftClientRequest:client-5B4D019A5EE3->aaaecba4-dc3a-4434-b0f1-479f09acdbc3@group-55EB5D85A497, cid=52, seq=null, Watch-MAJORITY_COMMITTED(41), null for 4 attempts with RequestTypeDependentRetryPolicy{WRITE->ExceptionDependentRetry(maxAttempts=2147483647; defaultPolicy=MultipleLinearRandomRetry[5x5s, 5x10s, 5x15s, 5x20s, 5x25s, 10x60s]; map={org.apache.ratis.protocol.exceptions.GroupMismatchException->NoRetry, org.apache.ratis.protocol.exceptions.NotReplicatedException->NoRetry, org.apache.ratis.protocol.exceptions.ResourceUnavailableException->org.apache.ratis.retry.ExponentialBackoffRetry@5e76f352, org.apache.ratis.protocol.exceptions.StateMachineException->NoRetry, org.apache.ratis.protocol.exceptions.TimeoutIOException->org.apache.ratis.retry.ExponentialBackoffRetry@5e76f352}), WATCH->ExceptionDependentRetry(maxAttempts=2147483647; defaultPolicy=MultipleLinearRandomRetry[5x5s, 5x10s, 5x15s, 5x20s, 5x25s, 10x60s]; map={org.apache.ratis.protocol.exceptions.GroupMismatchException->NoRetry, org.apache.ratis.protocol.exceptions.NotReplicatedException->NoRetry, org.apache.ratis.protocol.exceptions.ResourceUnavailableException->org.apache.ratis.retry.ExponentialBackoffRetry@5e76f352, org.apache.ratis.protocol.exceptions.StateMachineException->NoRetry, org.apache.ratis.protocol.exceptions.TimeoutIOException->NoRetry})}">
not to contain:
 <"Watch-MAJORITY_COMMITTED">

	at org.apache.hadoop.ozone.client.rpc.TestWatchForCommit.testWatchForCommitForRetryfailure(TestWatchForCommit.java:295)
	at java.lang.reflect.Method.invoke(Method.java:498)
	at java.util.ArrayList.forEach(ArrayList.java:1259)
	at java.util.ArrayList.forEach(ArrayList.java:1259)

[INFO] Running org.apache.hadoop.ozone.client.rpc.TestWatchForCommit
[ERROR] Tests run: 1, Failures: 1, Errors: 0, Skipped: 0, Time elapsed: 38.676 s <<< FAILURE! - in org.apache.hadoop.ozone.client.rpc.TestWatchForCommit
[ERROR] org.apache.hadoop.ozone.client.rpc.TestWatchForCommit.testWatchForCommitForRetryfailure  Time elapsed: 38.675 s  <<< FAILURE!
java.lang.AssertionError: 

Expecting:
 <"org.apache.ratis.protocol.exceptions.RaftRetryFailureException: Failed RaftClientRequest:client-5A5A696846DC->9deec6a2-e137-4b51-9c1f-847336f03f34@group-B1678F363924, cid=82, seq=null, Watch-MAJORITY_COMMITTED(18), null for 3 attempts with RequestTypeDependentRetryPolicy{WRITE->ExceptionDependentRetry(maxAttempts=2147483647; defaultPolicy=MultipleLinearRandomRetry[5x5s, 5x10s, 5x15s, 5x20s, 5x25s, 10x60s]; map={org.apache.ratis.protocol.exceptions.GroupMismatchException->NoRetry, org.apache.ratis.protocol.exceptions.NotReplicatedException->NoRetry, org.apache.ratis.protocol.exceptions.ResourceUnavailableException->org.apache.ratis.retry.ExponentialBackoffRetry@6f6cbb00, org.apache.ratis.protocol.exceptions.StateMachineException->NoRetry, org.apache.ratis.protocol.exceptions.TimeoutIOException->org.apache.ratis.retry.ExponentialBackoffRetry@6f6cbb00}), WATCH->ExceptionDependentRetry(maxAttempts=2147483647; defaultPolicy=MultipleLinearRandomRetry[5x5s, 5x10s, 5x15s, 5x20s, 5x25s, 10x60s]; map={org.apache.ratis.protocol.exceptions.GroupMismatchException->NoRetry, org.apache.ratis.protocol.exceptions.NotReplicatedException->NoRetry, org.apache.ratis.protocol.exceptions.ResourceUnavailableException->org.apache.ratis.retry.ExponentialBackoffRetry@6f6cbb00, org.apache.ratis.protocol.exceptions.StateMachineException->NoRetry, org.apache.ratis.protocol.exceptions.TimeoutIOException->NoRetry})}">
not to contain:
 <"Watch-MAJORITY_COMMITTED">

	at org.apache.hadoop.ozone.client.rpc.TestWatchForCommit.testWatchForCommitForRetryfailure(TestWatchForCommit.java:295)
	at java.lang.reflect.Method.invoke(Method.java:498)
	at java.util.ArrayList.forEach(ArrayList.java:1259)
	at java.util.ArrayList.forEach(ArrayList.java:1259)

[INFO] Running org.apache.hadoop.ozone.client.rpc.TestWatchForCommit
[INFO] Tests run: 1, Failures: 0, Errors: 0, Skipped: 0, Time elapsed: 35.602 s - in org.apache.hadoop.ozone.client.rpc.TestWatchForCommit
[INFO] Running org.apache.hadoop.ozone.client.rpc.TestBlockOutputStreamWithFailures
[INFO] Tests run: 4, Failures: 0, Errors: 0, Skipped: 0, Time elapsed: 215.001 s - in org.apache.hadoop.ozone.client.rpc.TestBlockOutputStreamWithFailures
[INFO] Running org.apache.hadoop.hdds.upgrade.TestScmHAFinalization
[INFO] Tests run: 3, Failures: 0, Errors: 0, Skipped: 0, Time elapsed: 197.598 s - in org.apache.hadoop.hdds.upgrade.TestScmHAFinalization
[INFO] Running org.apache.hadoop.hdds.scm.TestSCMInstallSnapshotWithHA
[ERROR] Tests run: 3, Failures: 0, Errors: 1, Skipped: 0, Time elapsed: 136.158 s <<< FAILURE! - in org.apache.hadoop.hdds.scm.TestSCMInstallSnapshotWithHA
[ERROR] org.apache.hadoop.hdds.scm.TestSCMInstallSnapshotWithHA.testInstallOldCheckpointFailure  Time elapsed: 37.873 s  <<< ERROR!
java.io.IOException: Rocks Database is closed
	at org.apache.hadoop.hdds.utils.db.RocksDatabase.acquire(RocksDatabase.java:440)
	at org.apache.hadoop.hdds.utils.db.RocksDatabase.put(RocksDatabase.java:474)
	at org.apache.hadoop.hdds.utils.db.RDBTable.put(RDBTable.java:70)
	at org.apache.hadoop.hdds.utils.db.TypedTable.put(TypedTable.java:158)
	at org.apache.hadoop.hdds.scm.TestSCMInstallSnapshotWithHA.testInstallOldCheckpointFailure(TestSCMInstallSnapshotWithHA.java:185)
	at java.lang.reflect.Method.invoke(Method.java:498)
	at java.util.ArrayList.forEach(ArrayList.java:1259)
	at java.util.ArrayList.forEach(ArrayList.java:1259)

[INFO] Running org.apache.hadoop.hdds.scm.TestSCMInstallSnapshotWithHA
[INFO] Tests run: 1, Failures: 0, Errors: 0, Skipped: 0, Time elapsed: 40.89 s - in org.apache.hadoop.hdds.scm.TestSCMInstallSnapshotWithHA
[INFO] Running org.apache.hadoop.hdds.scm.container.TestContainerStateManagerIntegration
[INFO] Tests run: 1, Failures: 0, Errors: 0, Skipped: 0, Time elapsed: 28.478 s - in org.apache.hadoop.hdds.scm.container.TestContainerStateManagerIntegration
[INFO] Running org.apache.hadoop.hdds.scm.TestSCMInstallSnapshot
[INFO] Tests run: 1, Failures: 0, Errors: 0, Skipped: 0, Time elapsed: 34.584 s - in org.apache.hadoop.hdds.scm.TestSCMInstallSnapshot
[INFO] Running org.apache.hadoop.hdds.scm.node.TestDecommissionAndMaintenance
[INFO] Tests run: 7, Failures: 0, Errors: 0, Skipped: 0, Time elapsed: 260.929 s - in org.apache.hadoop.hdds.scm.node.TestDecommissionAndMaintenance
[INFO] 
[INFO] Results:
[INFO] 
[WARNING] Flakes: 
[WARNING] org.apache.hadoop.hdds.scm.TestSCMInstallSnapshotWithHA.testInstallOldCheckpointFailure
[ERROR]   Run 1: TestSCMInstallSnapshotWithHA.testInstallOldCheckpointFailure:185 Â» IO Rocks Da...
[INFO]   Run 2: PASS
[INFO] 
[WARNING] org.apache.hadoop.ozone.client.rpc.TestWatchForCommit.testWatchForCommitForRetryfailure
[ERROR]   Run 1: TestWatchForCommit.testWatchForCommitForRetryfailure:295 
Expecting:
 <"org.apache.ratis.protocol.exceptions.RaftRetryFailureException: Failed RaftClientRequest:client-5B4D019A5EE3->aaaecba4-dc3a-4434-b0f1-479f09acdbc3@group-55EB5D85A497, cid=52, seq=null, Watch-MAJORITY_COMMITTED(41), null for 4 attempts with RequestTypeDependentRetryPolicy{WRITE->ExceptionDependentRetry(maxAttempts=2147483647; defaultPolicy=MultipleLinearRandomRetry[5x5s, 5x10s, 5x15s, 5x20s, 5x25s, 10x60s]; map={org.apache.ratis.protocol.exceptions.GroupMismatchException->NoRetry, org.apache.ratis.protocol.exceptions.NotReplicatedException->NoRetry, org.apache.ratis.protocol.exceptions.ResourceUnavailableException->org.apache.ratis.retry.ExponentialBackoffRetry@5e76f352, org.apache.ratis.protocol.exceptions.StateMachineException->NoRetry, org.apache.ratis.protocol.exceptions.TimeoutIOException->org.apache.ratis.retry.ExponentialBackoffRetry@5e76f352}), WATCH->ExceptionDependentRetry(maxAttempts=2147483647; defaultPolicy=MultipleLinearRandomRetry[5x5s, 5x10s, 5x15s, 5x20s, 5x25s, 10x60s]; map={org.apache.ratis.protocol.exceptions.GroupMismatchException->NoRetry, org.apache.ratis.protocol.exceptions.NotReplicatedException->NoRetry, org.apache.ratis.protocol.exceptions.ResourceUnavailableException->org.apache.ratis.retry.ExponentialBackoffRetry@5e76f352, org.apache.ratis.protocol.exceptions.StateMachineException->NoRetry, org.apache.ratis.protocol.exceptions.TimeoutIOException->NoRetry})}">
not to contain:
 <"Watch-MAJORITY_COMMITTED">

[ERROR]   Run 2: TestWatchForCommit.testWatchForCommitForRetryfailure:295 
Expecting:
 <"org.apache.ratis.protocol.exceptions.RaftRetryFailureException: Failed RaftClientRequest:client-5A5A696846DC->9deec6a2-e137-4b51-9c1f-847336f03f34@group-B1678F363924, cid=82, seq=null, Watch-MAJORITY_COMMITTED(18), null for 3 attempts with RequestTypeDependentRetryPolicy{WRITE->ExceptionDependentRetry(maxAttempts=2147483647; defaultPolicy=MultipleLinearRandomRetry[5x5s, 5x10s, 5x15s, 5x20s, 5x25s, 10x60s]; map={org.apache.ratis.protocol.exceptions.GroupMismatchException->NoRetry, org.apache.ratis.protocol.exceptions.NotReplicatedException->NoRetry, org.apache.ratis.protocol.exceptions.ResourceUnavailableException->org.apache.ratis.retry.ExponentialBackoffRetry@6f6cbb00, org.apache.ratis.protocol.exceptions.StateMachineException->NoRetry, org.apache.ratis.protocol.exceptions.TimeoutIOException->org.apache.ratis.retry.ExponentialBackoffRetry@6f6cbb00}), WATCH->ExceptionDependentRetry(maxAttempts=2147483647; defaultPolicy=MultipleLinearRandomRetry[5x5s, 5x10s, 5x15s, 5x20s, 5x25s, 10x60s]; map={org.apache.ratis.protocol.exceptions.GroupMismatchException->NoRetry, org.apache.ratis.protocol.exceptions.NotReplicatedException->NoRetry, org.apache.ratis.protocol.exceptions.ResourceUnavailableException->org.apache.ratis.retry.ExponentialBackoffRetry@6f6cbb00, org.apache.ratis.protocol.exceptions.StateMachineException->NoRetry, org.apache.ratis.protocol.exceptions.TimeoutIOException->NoRetry})}">
not to contain:
 <"Watch-MAJORITY_COMMITTED">

[INFO]   Run 3: PASS
[INFO] 
[INFO] 
[WARNING] Tests run: 49, Failures: 0, Errors: 0, Skipped: 0, Flakes: 2
[INFO] 
[INFO] 
[INFO] -----------------< org.apache.ozone:mini-chaos-tests >------------------
[INFO] Building Apache Ozone Mini Ozone Chaos Tests 1.5.0-SNAPSHOT        [2/2]
[INFO]   from ../fault-injection-test/mini-chaos-tests/pom.xml
[INFO] --------------------------------[ jar ]---------------------------------
[INFO] 
[INFO] --- maven-antrun-plugin:3.1.0:run (create-testdirs) @ mini-chaos-tests ---
[INFO] Executing tasks
[INFO]     [mkdir] Created dir: /home/runner/work/ozone/ozone/hadoop-ozone/fault-injection-test/mini-chaos-tests/target/test-dir
[INFO] Executed tasks
[INFO] 
[INFO] --- maven-enforcer-plugin:3.4.1:enforce (depcheck) @ mini-chaos-tests ---
[INFO] Rule 0: org.apache.maven.enforcer.rules.dependency.DependencyConvergence passed
[INFO] 
[INFO] --- jacoco-maven-plugin:0.8.5:prepare-agent (default-prepare-agent) @ mini-chaos-tests ---
[INFO] argLine set to -javaagent:/home/runner/.m2/repository/org/jacoco/org.jacoco.agent/0.8.5/org.jacoco.agent-0.8.5-runtime.jar=destfile=/home/runner/work/ozone/ozone/hadoop-ozone/fault-injection-test/mini-chaos-tests/target/jacoco.exec,includes=org.apache.hadoop.hdds.*:org.apache.hadoop.ozone.*:org.apache.hadoop.fs.ozone.*
[INFO] 
[INFO] --- maven-enforcer-plugin:3.4.1:enforce (banned-rocksdb-imports) @ mini-chaos-tests ---
[INFO] Rule 0: org.apache.maven.plugins.enforcer.RestrictImports passed
[INFO] 
[INFO] --- maven-enforcer-plugin:3.4.1:enforce (ban-imports) @ mini-chaos-tests ---
[INFO] Rule 0: org.apache.maven.plugins.enforcer.RestrictImports passed
[INFO] Rule 1: org.apache.maven.plugins.enforcer.RestrictImports passed
[INFO] Rule 2: org.apache.maven.plugins.enforcer.RestrictImports passed
[INFO] Rule 3: org.apache.maven.plugins.enforcer.RestrictImports passed
[INFO] Rule 4: org.apache.maven.plugins.enforcer.RestrictImports passed
[WARNING] EXPERIMENTAL FEATURE enabled. You have enabled full-compilation-unit parsing. Please be aware that experimental features might get removed or changed. Please share your feedback!
[INFO] Rule 5: org.apache.maven.plugins.enforcer.RestrictImports passed
[INFO] Rule 6: org.apache.maven.plugins.enforcer.RestrictImports passed
[INFO] 
[INFO] --- maven-remote-resources-plugin:1.5:process (default) @ mini-chaos-tests ---
[INFO] 
[INFO] --- maven-resources-plugin:3.1.0:resources (default-resources) @ mini-chaos-tests ---
[INFO] Using 'UTF-8' encoding to copy filtered resources.
[INFO] skip non existing resourceDirectory /home/runner/work/ozone/ozone/hadoop-ozone/fault-injection-test/mini-chaos-tests/src/main/resources
[INFO] Copying 2 resources
[INFO] 
[INFO] --- maven-compiler-plugin:3.9.0:compile (default-compile) @ mini-chaos-tests ---
[INFO] No sources to compile
[INFO] 
[INFO] --- maven-resources-plugin:3.1.0:testResources (default-testResources) @ mini-chaos-tests ---
[INFO] Using 'UTF-8' encoding to copy filtered resources.
[INFO] Copying 2 resources
[INFO] Copying 2 resources
[INFO] 
[INFO] --- maven-compiler-plugin:3.9.0:testCompile (default-testCompile) @ mini-chaos-tests ---
[INFO] Compiling 22 source files to /home/runner/work/ozone/ozone/hadoop-ozone/fault-injection-test/mini-chaos-tests/target/test-classes
[INFO] /home/runner/work/ozone/ozone/hadoop-ozone/fault-injection-test/mini-chaos-tests/src/test/java/org/apache/hadoop/ozone/loadgenerators/FilesystemLoadGenerator.java: Some input files use or override a deprecated API.
[INFO] /home/runner/work/ozone/ozone/hadoop-ozone/fault-injection-test/mini-chaos-tests/src/test/java/org/apache/hadoop/ozone/loadgenerators/FilesystemLoadGenerator.java: Recompile with -Xlint:deprecation for details.
[INFO] 
[INFO] --- maven-surefire-plugin:3.0.0-M5:test (default-test) @ mini-chaos-tests ---
[INFO] 
[INFO] -------------------------------------------------------
[INFO]  T E S T S
[INFO] -------------------------------------------------------
[INFO] 
[INFO] Results:
[INFO] 
[INFO] Tests run: 0, Failures: 0, Errors: 0, Skipped: 0
[INFO] 
[INFO] ------------------------------------------------------------------------
[INFO] Reactor Summary for Apache Ozone Integration Tests 1.5.0-SNAPSHOT:
[INFO] 
[INFO] Apache Ozone Integration Tests ..................... SUCCESS [30:28 min]
[INFO] Apache Ozone Mini Ozone Chaos Tests ................ SUCCESS [  2.032 s]
[INFO] ------------------------------------------------------------------------
[INFO] BUILD SUCCESS
[INFO] ------------------------------------------------------------------------
[INFO] Total time:  30:31 min
[INFO] Finished at: 2024-01-29T08:00:36Z
[INFO] ------------------------------------------------------------------------
[INFO] 22 goals, 22 executed
[INFO] 
[INFO] Publishing build scan...
[INFO] https://ge.apache.org/s/2sana23xwbxvi
[INFO] 
