Apache Maven 3.8.8 (4c87b05d9aedce574290d1acc98575ed5eb6cd39)
Maven home: /usr/share/apache-maven-3.8.8
Java version: 17.0.10, vendor: Eclipse Adoptium, runtime: /usr/lib/jvm/temurin-17-jdk-amd64
Default locale: en, platform encoding: UTF-8
OS name: "linux", version: "5.15.0-1061-azure", arch: "amd64", family: "unix"
[INFO] Scanning for projects...
[INFO] ------------------------------------------------------------------------
[INFO] Detecting the operating system and CPU architecture
[INFO] ------------------------------------------------------------------------
[INFO] os.detected.name: linux
[INFO] os.detected.arch: x86_64
[INFO] os.detected.bitness: 64
[INFO] os.detected.version: 5.15
[INFO] os.detected.version.major: 5
[INFO] os.detected.version.minor: 15
[INFO] os.detected.release: ubuntu
[INFO] os.detected.release.version: 20.04
[INFO] os.detected.release.like.ubuntu: true
[INFO] os.detected.release.like.debian: true
[INFO] os.detected.classifier: linux-x86_64
[INFO] ------------------------------------------------------------------------
[INFO] Reactor Build Order:
[INFO] 
[INFO] Apache Ozone Main                                                  [pom]
[INFO] Apache Ozone HDDS                                                  [pom]
[INFO] Apache Ozone Annotation Processing                                 [jar]
[INFO] Apache Ozone HDDS Hadoop Client dependencies                       [jar]
[INFO] Apache Ozone HDDS Hadoop Test dependencies                         [jar]
[INFO] Apache Ozone HDDS Hadoop Server dependencies                       [jar]
[INFO] Apache Ozone HDDS Client Interface                                 [jar]
[INFO] Apache Ozone HDDS Admin Interface                                  [jar]
[INFO] Apache Ozone HDDS Server Interface                                 [jar]
[INFO] Apache Ozone HDDS Test Utils                                       [jar]
[INFO] Apache Ozone HDDS Config                                           [jar]
[INFO] Apache Ozone HDDS Common                                           [jar]
[INFO] Apache Ozone HDDS Erasurecode                                      [jar]
[INFO] Apache Ozone HDDS Client                                           [jar]
[INFO] Apache Ozone HDDS Managed RocksDB                                  [jar]
[INFO] Apache Ozone HDDS RocksDB Tools                                    [jar]
[INFO] RocksDB Checkpoint Differ                                          [jar]
[INFO] Apache Ozone HDDS Server Framework                                 [jar]
[INFO] Apache Ozone/HDDS Documentation                                    [jar]
[INFO] Apache Ozone HDDS Container Service                                [jar]
[INFO] Apache Ozone HDDS SCM Server                                       [jar]
[INFO] Apache Ozone HDDS Tools                                            [jar]
[INFO] Apache Ozone                                                       [pom]
[INFO] Apache Ozone Client Interface                                      [jar]
[INFO] Apache Ozone Common                                                [jar]
[INFO] Apache Ozone Storage Interface                                     [jar]
[INFO] Apache Ozone Client                                                [jar]
[INFO] Apache Ozone Manager Server                                        [jar]
[INFO] Apache Ozone FileSystem Common                                     [jar]
[INFO] Apache Ozone FileSystem                                            [jar]
[INFO] Apache Ozone Recon CodeGen                                         [jar]
[INFO] Apache Ozone Recon                                                 [jar]
[INFO] Apache Ozone Tools                                                 [jar]
[INFO] Apache Ozone S3 Gateway                                            [jar]
[INFO] Apache Ozone CSI service                                           [jar]
[INFO] Apache Ozone Integration Tests                                     [jar]
[INFO] Apache Ozone Datanode                                              [jar]
[INFO] Apache Ozone Insight Tool                                          [jar]
[INFO] Apache Ozone HttpFS                                                [jar]
[INFO] Apache Ozone S3 Secret Store                                       [jar]
[INFO] Apache Ozone FileSystem Shaded                                     [jar]
[INFO] Apache Ozone FS Hadoop 2.x compatibility                           [jar]
[INFO] Apache Ozone FS Hadoop 3.x compatibility                           [jar]
[INFO] Apache Ozone FS Hadoop shaded 3.x compatibility                    [jar]
[INFO] Apache Ozone Distribution                                          [jar]
[INFO] Apache Ozone Fault Injection Tests                                 [pom]
[INFO] Apache Ozone Network Tests                                         [jar]
[INFO] Apache Ozone Mini Ozone Chaos Tests                                [jar]
[INFO] 
[INFO] --------------------< org.apache.ozone:ozone-main >---------------------
[INFO] Building Apache Ozone Main 1.5.0-SNAPSHOT                         [1/48]
[INFO]   from pom.xml
[INFO] --------------------------------[ pom ]---------------------------------
[INFO] 
[INFO] --- maven-antrun-plugin:3.1.0:run (create-testdirs) @ ozone-main ---
[INFO] Executing tasks
[INFO]     [mkdir] Created dir: /home/runner/work/ozone/ozone/target/test-dir
[INFO] Executed tasks
[INFO] 
[INFO] --- maven-enforcer-plugin:3.4.1:enforce (enforce-property) @ ozone-main ---
[INFO] Rule 0: org.apache.maven.enforcer.rules.property.RequireProperty passed
[INFO] Rule 1: org.apache.maven.enforcer.rules.version.RequireMavenVersion passed
[INFO] Rule 2: org.apache.maven.enforcer.rules.version.RequireJavaVersion passed
[INFO] 
[INFO] --- jacoco-maven-plugin:0.8.12:prepare-agent (default-prepare-agent) @ ozone-main ---
[INFO] argLine set to -javaagent:/home/runner/.m2/repository/org/jacoco/org.jacoco.agent/0.8.12/org.jacoco.agent-0.8.12-runtime.jar=destfile=/home/runner/work/ozone/ozone/target/jacoco.exec,includes=org.apache.hadoop.hdds.*:org.apache.hadoop.ozone.*:org.apache.hadoop.fs.ozone.*
[INFO] 
[INFO] --- maven-enforcer-plugin:3.4.1:enforce (banned-rocksdb-imports) @ ozone-main ---
[INFO] Rule 0: org.apache.maven.plugins.enforcer.RestrictImports passed
[INFO] 
[INFO] --- maven-enforcer-plugin:3.4.1:enforce (ban-imports) @ ozone-main ---
[INFO] Rule 0: org.apache.maven.plugins.enforcer.RestrictImports passed
[INFO] Rule 1: org.apache.maven.plugins.enforcer.RestrictImports passed
[INFO] Rule 2: org.apache.maven.plugins.enforcer.RestrictImports passed
[INFO] Rule 3: org.apache.maven.plugins.enforcer.RestrictImports passed
[INFO] Rule 4: org.apache.maven.plugins.enforcer.RestrictImports passed
[WARNING] EXPERIMENTAL FEATURE enabled. You have enabled full-compilation-unit parsing. Please be aware that experimental features might get removed or changed. Please share your feedback!
[INFO] Rule 5: org.apache.maven.plugins.enforcer.RestrictImports passed
[INFO] Rule 6: org.apache.maven.plugins.enforcer.RestrictImports passed
[INFO] 
[INFO] --- maven-remote-resources-plugin:1.7.0:process (default) @ ozone-main ---
[INFO] Preparing remote bundle org.apache.hadoop:hadoop-build-tools:3.3.6
[INFO] Copying 2 resources from 1 bundle.
[INFO] 
[INFO] -----------------------< org.apache.ozone:hdds >------------------------
[INFO] Building Apache Ozone HDDS 1.5.0-SNAPSHOT                         [2/48]
[INFO]   from hadoop-hdds/pom.xml
[INFO] --------------------------------[ pom ]---------------------------------
[INFO] 
[INFO] --- maven-antrun-plugin:3.1.0:run (create-testdirs) @ hdds ---
[INFO] Executing tasks
[INFO]     [mkdir] Created dir: /home/runner/work/ozone/ozone/hadoop-hdds/target/test-dir
[INFO] Executed tasks
[INFO] 
[INFO] --- jacoco-maven-plugin:0.8.12:prepare-agent (default-prepare-agent) @ hdds ---
[INFO] argLine set to -javaagent:/home/runner/.m2/repository/org/jacoco/org.jacoco.agent/0.8.12/org.jacoco.agent-0.8.12-runtime.jar=destfile=/home/runner/work/ozone/ozone/hadoop-hdds/target/jacoco.exec,includes=org.apache.hadoop.hdds.*:org.apache.hadoop.ozone.*:org.apache.hadoop.fs.ozone.*
[INFO] 
[INFO] --- maven-enforcer-plugin:3.4.1:enforce (banned-rocksdb-imports) @ hdds ---
[INFO] Rule 0: org.apache.maven.plugins.enforcer.RestrictImports passed
[INFO] Rule 1: org.apache.maven.enforcer.rules.version.RequireMavenVersion passed
[INFO] Rule 2: org.apache.maven.enforcer.rules.version.RequireJavaVersion passed
[INFO] 
[INFO] --- maven-enforcer-plugin:3.4.1:enforce (ban-imports) @ hdds ---
[INFO] Rule 0: org.apache.maven.plugins.enforcer.RestrictImports passed
[INFO] Rule 1: org.apache.maven.plugins.enforcer.RestrictImports passed
[INFO] Rule 2: org.apache.maven.plugins.enforcer.RestrictImports passed
[INFO] Rule 3: org.apache.maven.plugins.enforcer.RestrictImports passed
[INFO] Rule 4: org.apache.maven.plugins.enforcer.RestrictImports passed
[WARNING] EXPERIMENTAL FEATURE enabled. You have enabled full-compilation-unit parsing. Please be aware that experimental features might get removed or changed. Please share your feedback!
[INFO] Rule 5: org.apache.maven.plugins.enforcer.RestrictImports passed
[INFO] Rule 6: org.apache.maven.plugins.enforcer.RestrictImports passed
[INFO] 
[INFO] --- maven-remote-resources-plugin:1.7.0:process (default) @ hdds ---
[INFO] Preparing remote bundle org.apache.hadoop:hadoop-build-tools:3.3.6
[INFO] Copying 2 resources from 1 bundle.
[INFO] 
[INFO] ------------< org.apache.ozone:hdds-annotation-processing >-------------
[INFO] Building Apache Ozone Annotation Processing 1.5.0-SNAPSHOT        [3/48]
[INFO]   from hadoop-hdds/annotations/pom.xml
[INFO] --------------------------------[ jar ]---------------------------------
[INFO] 
[INFO] --- maven-antrun-plugin:3.1.0:run (create-testdirs) @ hdds-annotation-processing ---
[INFO] Executing tasks
[INFO]     [mkdir] Created dir: /home/runner/work/ozone/ozone/hadoop-hdds/annotations/target/test-dir
[INFO] Executed tasks
[INFO] 
[INFO] --- jacoco-maven-plugin:0.8.12:prepare-agent (default-prepare-agent) @ hdds-annotation-processing ---
[INFO] argLine set to -javaagent:/home/runner/.m2/repository/org/jacoco/org.jacoco.agent/0.8.12/org.jacoco.agent-0.8.12-runtime.jar=destfile=/home/runner/work/ozone/ozone/hadoop-hdds/annotations/target/jacoco.exec,includes=org.apache.hadoop.hdds.*:org.apache.hadoop.ozone.*:org.apache.hadoop.fs.ozone.*
[INFO] 
[INFO] --- maven-enforcer-plugin:3.4.1:enforce (banned-rocksdb-imports) @ hdds-annotation-processing ---
[INFO] Rule 0: org.apache.maven.plugins.enforcer.RestrictImports passed
[INFO] 
[INFO] --- maven-enforcer-plugin:3.4.1:enforce (ban-imports) @ hdds-annotation-processing ---
[INFO] Rule 0: org.apache.maven.plugins.enforcer.RestrictImports passed
[INFO] Rule 1: org.apache.maven.plugins.enforcer.RestrictImports passed
[INFO] Rule 2: org.apache.maven.plugins.enforcer.RestrictImports passed
[INFO] Rule 3: org.apache.maven.plugins.enforcer.RestrictImports passed
[INFO] Rule 4: org.apache.maven.plugins.enforcer.RestrictImports passed
[WARNING] EXPERIMENTAL FEATURE enabled. You have enabled full-compilation-unit parsing. Please be aware that experimental features might get removed or changed. Please share your feedback!
[INFO] Rule 5: org.apache.maven.plugins.enforcer.RestrictImports passed
[INFO] Rule 6: org.apache.maven.plugins.enforcer.RestrictImports passed
[INFO] 
[INFO] --- maven-remote-resources-plugin:1.7.0:process (default) @ hdds-annotation-processing ---
[INFO] Preparing remote bundle org.apache.hadoop:hadoop-build-tools:3.3.6
[INFO] Copying 2 resources from 1 bundle.
[INFO] 
[INFO] --- maven-resources-plugin:3.1.0:resources (default-resources) @ hdds-annotation-processing ---
[INFO] Using 'UTF-8' encoding to copy filtered resources.
[INFO] skip non existing resourceDirectory /home/runner/work/ozone/ozone/hadoop-hdds/annotations/src/main/resources
[INFO] Copying 2 resources
[INFO] 
[INFO] --- maven-compiler-plugin:3.9.0:compile (default-compile) @ hdds-annotation-processing ---
[INFO] Compiling 3 source files to /home/runner/work/ozone/ozone/hadoop-hdds/annotations/target/classes
[INFO] 
[INFO] --- maven-resources-plugin:3.1.0:testResources (default-testResources) @ hdds-annotation-processing ---
[INFO] Not copying test resources
[INFO] 
[INFO] --- maven-compiler-plugin:3.9.0:testCompile (default-testCompile) @ hdds-annotation-processing ---
[INFO] Skipped
[INFO] 
[INFO] --- maven-surefire-plugin:3.0.0-M4:test (default-test) @ hdds-annotation-processing ---
[INFO] Tests are skipped.
[INFO] Skipped
[INFO] 
[INFO] -----------< org.apache.ozone:hdds-hadoop-dependency-client >-----------
[INFO] Building Apache Ozone HDDS Hadoop Client dependencies 1.5.0-SNAPSHOT [4/48]
[INFO]   from hadoop-hdds/hadoop-dependency-client/pom.xml
[INFO] --------------------------------[ jar ]---------------------------------
[INFO] 
[INFO] --- maven-antrun-plugin:3.1.0:run (create-testdirs) @ hdds-hadoop-dependency-client ---
[INFO] Executing tasks
[INFO]     [mkdir] Created dir: /home/runner/work/ozone/ozone/hadoop-hdds/hadoop-dependency-client/target/test-dir
[INFO] Executed tasks
[INFO] 
[INFO] --- jacoco-maven-plugin:0.8.12:prepare-agent (default-prepare-agent) @ hdds-hadoop-dependency-client ---
[INFO] argLine set to -javaagent:/home/runner/.m2/repository/org/jacoco/org.jacoco.agent/0.8.12/org.jacoco.agent-0.8.12-runtime.jar=destfile=/home/runner/work/ozone/ozone/hadoop-hdds/hadoop-dependency-client/target/jacoco.exec,includes=org.apache.hadoop.hdds.*:org.apache.hadoop.ozone.*:org.apache.hadoop.fs.ozone.*
[INFO] 
[INFO] --- maven-enforcer-plugin:3.4.1:enforce (banned-rocksdb-imports) @ hdds-hadoop-dependency-client ---
[INFO] Rule 0: org.apache.maven.plugins.enforcer.RestrictImports passed
[INFO] 
[INFO] --- maven-enforcer-plugin:3.4.1:enforce (ban-imports) @ hdds-hadoop-dependency-client ---
[INFO] Rule 0: org.apache.maven.plugins.enforcer.RestrictImports passed
[INFO] Rule 1: org.apache.maven.plugins.enforcer.RestrictImports passed
[INFO] Rule 2: org.apache.maven.plugins.enforcer.RestrictImports passed
[INFO] Rule 3: org.apache.maven.plugins.enforcer.RestrictImports passed
[INFO] Rule 4: org.apache.maven.plugins.enforcer.RestrictImports passed
[WARNING] EXPERIMENTAL FEATURE enabled. You have enabled full-compilation-unit parsing. Please be aware that experimental features might get removed or changed. Please share your feedback!
[INFO] Rule 5: org.apache.maven.plugins.enforcer.RestrictImports passed
[INFO] Rule 6: org.apache.maven.plugins.enforcer.RestrictImports passed
[INFO] 
[INFO] --- maven-remote-resources-plugin:1.7.0:process (default) @ hdds-hadoop-dependency-client ---
[INFO] Preparing remote bundle org.apache.hadoop:hadoop-build-tools:3.3.6
[INFO] Copying 2 resources from 1 bundle.
[INFO] 
[INFO] --- maven-resources-plugin:3.1.0:resources (default-resources) @ hdds-hadoop-dependency-client ---
[INFO] Using 'UTF-8' encoding to copy filtered resources.
[INFO] skip non existing resourceDirectory /home/runner/work/ozone/ozone/hadoop-hdds/hadoop-dependency-client/src/main/resources
[INFO] Copying 2 resources
[INFO] 
[INFO] --- maven-compiler-plugin:3.9.0:compile (default-compile) @ hdds-hadoop-dependency-client ---
[INFO] No sources to compile
[INFO] 
[INFO] --- maven-resources-plugin:3.1.0:testResources (default-testResources) @ hdds-hadoop-dependency-client ---
[INFO] Not copying test resources
[INFO] 
[INFO] --- maven-compiler-plugin:3.9.0:testCompile (default-testCompile) @ hdds-hadoop-dependency-client ---
[INFO] Skipped
[INFO] 
[INFO] --- maven-surefire-plugin:3.0.0-M4:test (default-test) @ hdds-hadoop-dependency-client ---
[INFO] Tests are skipped.
[INFO] Skipped
[INFO] 
[INFO] ------------< org.apache.ozone:hdds-hadoop-dependency-test >------------
[INFO] Building Apache Ozone HDDS Hadoop Test dependencies 1.5.0-SNAPSHOT [5/48]
[INFO]   from hadoop-hdds/hadoop-dependency-test/pom.xml
[INFO] --------------------------------[ jar ]---------------------------------
[INFO] 
[INFO] --- maven-antrun-plugin:3.1.0:run (create-testdirs) @ hdds-hadoop-dependency-test ---
[INFO] Executing tasks
[INFO]     [mkdir] Created dir: /home/runner/work/ozone/ozone/hadoop-hdds/hadoop-dependency-test/target/test-dir
[INFO] Executed tasks
[INFO] 
[INFO] --- jacoco-maven-plugin:0.8.12:prepare-agent (default-prepare-agent) @ hdds-hadoop-dependency-test ---
[INFO] argLine set to -javaagent:/home/runner/.m2/repository/org/jacoco/org.jacoco.agent/0.8.12/org.jacoco.agent-0.8.12-runtime.jar=destfile=/home/runner/work/ozone/ozone/hadoop-hdds/hadoop-dependency-test/target/jacoco.exec,includes=org.apache.hadoop.hdds.*:org.apache.hadoop.ozone.*:org.apache.hadoop.fs.ozone.*
[INFO] 
[INFO] --- maven-enforcer-plugin:3.4.1:enforce (banned-rocksdb-imports) @ hdds-hadoop-dependency-test ---
[INFO] Rule 0: org.apache.maven.plugins.enforcer.RestrictImports passed
[INFO] 
[INFO] --- maven-enforcer-plugin:3.4.1:enforce (ban-imports) @ hdds-hadoop-dependency-test ---
[INFO] Rule 0: org.apache.maven.plugins.enforcer.RestrictImports passed
[INFO] Rule 1: org.apache.maven.plugins.enforcer.RestrictImports passed
[INFO] Rule 2: org.apache.maven.plugins.enforcer.RestrictImports passed
[INFO] Rule 3: org.apache.maven.plugins.enforcer.RestrictImports passed
[INFO] Rule 4: org.apache.maven.plugins.enforcer.RestrictImports passed
[WARNING] EXPERIMENTAL FEATURE enabled. You have enabled full-compilation-unit parsing. Please be aware that experimental features might get removed or changed. Please share your feedback!
[INFO] Rule 5: org.apache.maven.plugins.enforcer.RestrictImports passed
[INFO] Rule 6: org.apache.maven.plugins.enforcer.RestrictImports passed
[INFO] 
[INFO] --- maven-remote-resources-plugin:1.7.0:process (default) @ hdds-hadoop-dependency-test ---
[INFO] Preparing remote bundle org.apache.hadoop:hadoop-build-tools:3.3.6
[INFO] Copying 2 resources from 1 bundle.
[INFO] 
[INFO] --- maven-resources-plugin:3.1.0:resources (default-resources) @ hdds-hadoop-dependency-test ---
[INFO] Using 'UTF-8' encoding to copy filtered resources.
[INFO] skip non existing resourceDirectory /home/runner/work/ozone/ozone/hadoop-hdds/hadoop-dependency-test/src/main/resources
[INFO] Copying 2 resources
[INFO] 
[INFO] --- maven-compiler-plugin:3.9.0:compile (default-compile) @ hdds-hadoop-dependency-test ---
[INFO] No sources to compile
[INFO] 
[INFO] --- maven-resources-plugin:3.1.0:testResources (default-testResources) @ hdds-hadoop-dependency-test ---
[INFO] Not copying test resources
[INFO] 
[INFO] --- maven-compiler-plugin:3.9.0:testCompile (default-testCompile) @ hdds-hadoop-dependency-test ---
[INFO] Skipped
[INFO] 
[INFO] --- maven-surefire-plugin:3.0.0-M4:test (default-test) @ hdds-hadoop-dependency-test ---
[INFO] Tests are skipped.
[INFO] Skipped
[INFO] 
[INFO] -----------< org.apache.ozone:hdds-hadoop-dependency-server >-----------
[INFO] Building Apache Ozone HDDS Hadoop Server dependencies 1.5.0-SNAPSHOT [6/48]
[INFO]   from hadoop-hdds/hadoop-dependency-server/pom.xml
[INFO] --------------------------------[ jar ]---------------------------------
[INFO] 
[INFO] --- maven-antrun-plugin:3.1.0:run (create-testdirs) @ hdds-hadoop-dependency-server ---
[INFO] Executing tasks
[INFO]     [mkdir] Created dir: /home/runner/work/ozone/ozone/hadoop-hdds/hadoop-dependency-server/target/test-dir
[INFO] Executed tasks
[INFO] 
[INFO] --- jacoco-maven-plugin:0.8.12:prepare-agent (default-prepare-agent) @ hdds-hadoop-dependency-server ---
[INFO] argLine set to -javaagent:/home/runner/.m2/repository/org/jacoco/org.jacoco.agent/0.8.12/org.jacoco.agent-0.8.12-runtime.jar=destfile=/home/runner/work/ozone/ozone/hadoop-hdds/hadoop-dependency-server/target/jacoco.exec,includes=org.apache.hadoop.hdds.*:org.apache.hadoop.ozone.*:org.apache.hadoop.fs.ozone.*
[INFO] 
[INFO] --- maven-enforcer-plugin:3.4.1:enforce (banned-rocksdb-imports) @ hdds-hadoop-dependency-server ---
[INFO] Rule 0: org.apache.maven.plugins.enforcer.RestrictImports passed
[INFO] 
[INFO] --- maven-enforcer-plugin:3.4.1:enforce (ban-imports) @ hdds-hadoop-dependency-server ---
[INFO] Rule 0: org.apache.maven.plugins.enforcer.RestrictImports passed
[INFO] Rule 1: org.apache.maven.plugins.enforcer.RestrictImports passed
[INFO] Rule 2: org.apache.maven.plugins.enforcer.RestrictImports passed
[INFO] Rule 3: org.apache.maven.plugins.enforcer.RestrictImports passed
[INFO] Rule 4: org.apache.maven.plugins.enforcer.RestrictImports passed
[WARNING] EXPERIMENTAL FEATURE enabled. You have enabled full-compilation-unit parsing. Please be aware that experimental features might get removed or changed. Please share your feedback!
[INFO] Rule 5: org.apache.maven.plugins.enforcer.RestrictImports passed
[INFO] Rule 6: org.apache.maven.plugins.enforcer.RestrictImports passed
[INFO] 
[INFO] --- maven-remote-resources-plugin:1.7.0:process (default) @ hdds-hadoop-dependency-server ---
[INFO] Preparing remote bundle org.apache.hadoop:hadoop-build-tools:3.3.6
[INFO] Copying 2 resources from 1 bundle.
[INFO] 
[INFO] --- maven-resources-plugin:3.1.0:resources (default-resources) @ hdds-hadoop-dependency-server ---
[INFO] Using 'UTF-8' encoding to copy filtered resources.
[INFO] skip non existing resourceDirectory /home/runner/work/ozone/ozone/hadoop-hdds/hadoop-dependency-server/src/main/resources
[INFO] Copying 2 resources
[INFO] 
[INFO] --- maven-compiler-plugin:3.9.0:compile (default-compile) @ hdds-hadoop-dependency-server ---
[INFO] No sources to compile
[INFO] 
[INFO] --- maven-resources-plugin:3.1.0:testResources (default-testResources) @ hdds-hadoop-dependency-server ---
[INFO] Not copying test resources
[INFO] 
[INFO] --- maven-compiler-plugin:3.9.0:testCompile (default-testCompile) @ hdds-hadoop-dependency-server ---
[INFO] Skipped
[INFO] 
[INFO] --- maven-surefire-plugin:3.0.0-M4:test (default-test) @ hdds-hadoop-dependency-server ---
[INFO] Tests are skipped.
[INFO] Skipped
[INFO] 
[INFO] ---------------< org.apache.ozone:hdds-interface-client >---------------
[INFO] Building Apache Ozone HDDS Client Interface 1.5.0-SNAPSHOT        [7/48]
[INFO]   from hadoop-hdds/interface-client/pom.xml
[INFO] --------------------------------[ jar ]---------------------------------
[INFO] 
[INFO] --- maven-antrun-plugin:3.1.0:run (create-testdirs) @ hdds-interface-client ---
[INFO] Executing tasks
[INFO]     [mkdir] Created dir: /home/runner/work/ozone/ozone/hadoop-hdds/interface-client/target/test-dir
[INFO] Executed tasks
[INFO] 
[INFO] --- jacoco-maven-plugin:0.8.12:prepare-agent (default-prepare-agent) @ hdds-interface-client ---
[INFO] argLine set to -javaagent:/home/runner/.m2/repository/org/jacoco/org.jacoco.agent/0.8.12/org.jacoco.agent-0.8.12-runtime.jar=destfile=/home/runner/work/ozone/ozone/hadoop-hdds/interface-client/target/jacoco.exec,includes=org.apache.hadoop.hdds.*:org.apache.hadoop.ozone.*:org.apache.hadoop.fs.ozone.*
[INFO] 
[INFO] --- protobuf-maven-plugin:0.6.1:compile (compile-protoc-grpc) @ hdds-interface-client ---
[INFO] Compiling 1 proto file(s) to /home/runner/work/ozone/ozone/hadoop-hdds/interface-client/target/generated-sources/java
[INFO] 
[INFO] --- protobuf-maven-plugin:0.6.1:compile-custom (compile-protoc-grpc) @ hdds-interface-client ---
[INFO] Compiling 1 proto file(s) to /home/runner/work/ozone/ozone/hadoop-hdds/interface-client/target/generated-sources/java
[INFO] 
[INFO] --- protobuf-maven-plugin:0.6.1:compile (compile-protoc-2) @ hdds-interface-client ---
[INFO] Compiling 2 proto file(s) to /home/runner/work/ozone/ozone/hadoop-hdds/interface-client/target/generated-sources/java
[INFO] 
[INFO] --- protobuf-maven-plugin:0.6.1:compile (compile-protoc-3) @ hdds-interface-client ---
[INFO] Compiling 2 proto file(s) to /home/runner/work/ozone/ozone/hadoop-hdds/interface-client/target/generated-sources/java/proto3
[INFO] 
[INFO] --- maven-antrun-plugin:3.1.0:run (default) @ hdds-interface-client ---
[INFO] Executing tasks
[INFO]      [move] Moving 2 files to /home/runner/work/ozone/ozone/hadoop-hdds/interface-client/target/generated-sources
[INFO] Executed tasks
[INFO] 
[INFO] --- maven-enforcer-plugin:3.4.1:enforce (banned-rocksdb-imports) @ hdds-interface-client ---
[INFO] Rule 0: org.apache.maven.plugins.enforcer.RestrictImports passed
[INFO] Rule 1: org.apache.maven.enforcer.rules.version.RequireMavenVersion passed
[INFO] Rule 2: org.apache.maven.enforcer.rules.version.RequireJavaVersion passed
[INFO] 
[INFO] --- maven-enforcer-plugin:3.4.1:enforce (ban-imports) @ hdds-interface-client ---
[INFO] Rule 0: org.apache.maven.plugins.enforcer.RestrictImports passed
[INFO] Rule 1: org.apache.maven.plugins.enforcer.RestrictImports passed
[INFO] Rule 2: org.apache.maven.plugins.enforcer.RestrictImports passed
[INFO] Rule 3: org.apache.maven.plugins.enforcer.RestrictImports passed
[INFO] Rule 4: org.apache.maven.plugins.enforcer.RestrictImports passed
[WARNING] EXPERIMENTAL FEATURE enabled. You have enabled full-compilation-unit parsing. Please be aware that experimental features might get removed or changed. Please share your feedback!
[INFO] Rule 5: org.apache.maven.plugins.enforcer.RestrictImports passed
[INFO] Rule 6: org.apache.maven.plugins.enforcer.RestrictImports passed
[INFO] 
[INFO] --- maven-remote-resources-plugin:1.7.0:process (default) @ hdds-interface-client ---
[INFO] Preparing remote bundle org.apache.hadoop:hadoop-build-tools:3.3.6
[INFO] Copying 2 resources from 1 bundle.
[INFO] 
[INFO] --- maven-resources-plugin:3.1.0:resources (default-resources) @ hdds-interface-client ---
[INFO] Using 'UTF-8' encoding to copy filtered resources.
[INFO] Copying 1 resource
[INFO] Copying 1 resource
[INFO] Copying 1 resource
[INFO] Copying 2 resources
[INFO] Copying 2 resources
[INFO] Copying 2 resources
[INFO] 
[INFO] --- maven-compiler-plugin:3.9.0:compile (default-compile) @ hdds-interface-client ---
[INFO] Compiling 7 source files to /home/runner/work/ozone/ozone/hadoop-hdds/interface-client/target/classes
[INFO] 
[INFO] --- protobuf-maven-plugin:0.6.1:test-compile (compile-protoc-grpc) @ hdds-interface-client ---
[INFO] /home/runner/work/ozone/ozone/hadoop-hdds/interface-client/src/test/proto does not exist. Review the configuration or consider disabling the plugin.
[INFO] 
[INFO] --- protobuf-maven-plugin:0.6.1:test-compile-custom (compile-protoc-grpc) @ hdds-interface-client ---
[INFO] /home/runner/work/ozone/ozone/hadoop-hdds/interface-client/src/test/proto does not exist. Review the configuration or consider disabling the plugin.
[INFO] 
[INFO] --- protobuf-maven-plugin:0.6.1:test-compile (compile-protoc-2) @ hdds-interface-client ---
[INFO] /home/runner/work/ozone/ozone/hadoop-hdds/interface-client/src/test/proto does not exist. Review the configuration or consider disabling the plugin.
[INFO] 
[INFO] --- protobuf-maven-plugin:0.6.1:test-compile (compile-protoc-3) @ hdds-interface-client ---
[INFO] /home/runner/work/ozone/ozone/hadoop-hdds/interface-client/src/test/proto does not exist. Review the configuration or consider disabling the plugin.
[INFO] 
[INFO] --- maven-resources-plugin:3.1.0:testResources (default-testResources) @ hdds-interface-client ---
[INFO] Not copying test resources
[INFO] 
[INFO] --- maven-compiler-plugin:3.9.0:testCompile (default-testCompile) @ hdds-interface-client ---
[INFO] Skipped
[INFO] 
[INFO] --- maven-surefire-plugin:3.0.0-M4:test (default-test) @ hdds-interface-client ---
[INFO] Tests are skipped.
[INFO] Skipped
[INFO] 
[INFO] ---------------< org.apache.ozone:hdds-interface-admin >----------------
[INFO] Building Apache Ozone HDDS Admin Interface 1.5.0-SNAPSHOT         [8/48]
[INFO]   from hadoop-hdds/interface-admin/pom.xml
[INFO] --------------------------------[ jar ]---------------------------------
[INFO] 
[INFO] --- maven-antrun-plugin:3.1.0:run (create-testdirs) @ hdds-interface-admin ---
[INFO] Executing tasks
[INFO]     [mkdir] Created dir: /home/runner/work/ozone/ozone/hadoop-hdds/interface-admin/target/test-dir
[INFO] Executed tasks
[INFO] 
[INFO] --- jacoco-maven-plugin:0.8.12:prepare-agent (default-prepare-agent) @ hdds-interface-admin ---
[INFO] argLine set to -javaagent:/home/runner/.m2/repository/org/jacoco/org.jacoco.agent/0.8.12/org.jacoco.agent-0.8.12-runtime.jar=destfile=/home/runner/work/ozone/ozone/hadoop-hdds/interface-admin/target/jacoco.exec,includes=org.apache.hadoop.hdds.*:org.apache.hadoop.ozone.*:org.apache.hadoop.fs.ozone.*
[INFO] 
[INFO] --- protobuf-maven-plugin:0.6.1:compile (compile-protoc-2) @ hdds-interface-admin ---
[INFO] Compiling 1 proto file(s) to /home/runner/work/ozone/ozone/hadoop-hdds/interface-admin/target/generated-sources/java
[INFO] 
[INFO] --- maven-enforcer-plugin:3.4.1:enforce (banned-rocksdb-imports) @ hdds-interface-admin ---
[INFO] Rule 0: org.apache.maven.plugins.enforcer.RestrictImports passed
[INFO] 
[INFO] --- maven-enforcer-plugin:3.4.1:enforce (ban-imports) @ hdds-interface-admin ---
[INFO] Rule 0: org.apache.maven.plugins.enforcer.RestrictImports passed
[INFO] Rule 1: org.apache.maven.plugins.enforcer.RestrictImports passed
[INFO] Rule 2: org.apache.maven.plugins.enforcer.RestrictImports passed
[INFO] Rule 3: org.apache.maven.plugins.enforcer.RestrictImports passed
[INFO] Rule 4: org.apache.maven.plugins.enforcer.RestrictImports passed
[WARNING] EXPERIMENTAL FEATURE enabled. You have enabled full-compilation-unit parsing. Please be aware that experimental features might get removed or changed. Please share your feedback!
[INFO] Rule 5: org.apache.maven.plugins.enforcer.RestrictImports passed
[INFO] Rule 6: org.apache.maven.plugins.enforcer.RestrictImports passed
[INFO] 
[INFO] --- maven-remote-resources-plugin:1.7.0:process (default) @ hdds-interface-admin ---
[INFO] Preparing remote bundle org.apache.hadoop:hadoop-build-tools:3.3.6
[INFO] Copying 2 resources from 1 bundle.
[INFO] 
[INFO] --- maven-resources-plugin:3.1.0:resources (default-resources) @ hdds-interface-admin ---
[INFO] Using 'UTF-8' encoding to copy filtered resources.
[INFO] Copying 1 resource
[INFO] Copying 1 resource
[INFO] Copying 2 resources
[INFO] 
[INFO] --- maven-compiler-plugin:3.9.0:compile (default-compile) @ hdds-interface-admin ---
[INFO] Compiling 1 source file to /home/runner/work/ozone/ozone/hadoop-hdds/interface-admin/target/classes
[INFO] 
[INFO] --- protobuf-maven-plugin:0.6.1:test-compile (compile-protoc-2) @ hdds-interface-admin ---
[INFO] /home/runner/work/ozone/ozone/hadoop-hdds/interface-admin/src/test/proto does not exist. Review the configuration or consider disabling the plugin.
[INFO] 
[INFO] --- maven-resources-plugin:3.1.0:testResources (default-testResources) @ hdds-interface-admin ---
[INFO] Not copying test resources
[INFO] 
[INFO] --- maven-compiler-plugin:3.9.0:testCompile (default-testCompile) @ hdds-interface-admin ---
[INFO] Skipped
[INFO] 
[INFO] --- maven-surefire-plugin:3.0.0-M4:test (default-test) @ hdds-interface-admin ---
[INFO] Tests are skipped.
[INFO] Skipped
[INFO] 
[INFO] ---------------< org.apache.ozone:hdds-interface-server >---------------
[INFO] Building Apache Ozone HDDS Server Interface 1.5.0-SNAPSHOT        [9/48]
[INFO]   from hadoop-hdds/interface-server/pom.xml
[INFO] --------------------------------[ jar ]---------------------------------
[INFO] 
[INFO] --- maven-antrun-plugin:3.1.0:run (create-testdirs) @ hdds-interface-server ---
[INFO] Executing tasks
[INFO]     [mkdir] Created dir: /home/runner/work/ozone/ozone/hadoop-hdds/interface-server/target/test-dir
[INFO] Executed tasks
[INFO] 
[INFO] --- jacoco-maven-plugin:0.8.12:prepare-agent (default-prepare-agent) @ hdds-interface-server ---
[INFO] argLine set to -javaagent:/home/runner/.m2/repository/org/jacoco/org.jacoco.agent/0.8.12/org.jacoco.agent-0.8.12-runtime.jar=destfile=/home/runner/work/ozone/ozone/hadoop-hdds/interface-server/target/jacoco.exec,includes=org.apache.hadoop.hdds.*:org.apache.hadoop.ozone.*:org.apache.hadoop.fs.ozone.*
[INFO] 
[INFO] --- protobuf-maven-plugin:0.6.1:compile (compile-protoc-3) @ hdds-interface-server ---
[INFO] Compiling 2 proto file(s) to /home/runner/work/ozone/ozone/hadoop-hdds/interface-server/target/generated-sources/java
[INFO] 
[INFO] --- protobuf-maven-plugin:0.6.1:compile-custom (compile-protoc-3) @ hdds-interface-server ---
[INFO] Compiling 2 proto file(s) to /home/runner/work/ozone/ozone/hadoop-hdds/interface-server/target/generated-sources/java
[INFO] 
[INFO] --- protobuf-maven-plugin:0.6.1:compile (compile-protoc-2) @ hdds-interface-server ---
[INFO] Compiling 5 proto file(s) to /home/runner/work/ozone/ozone/hadoop-hdds/interface-server/target/generated-sources/java
[INFO] 
[INFO] --- maven-antrun-plugin:3.1.0:run (default) @ hdds-interface-server ---
[INFO] Executing tasks
[INFO] Executed tasks
[INFO] 
[INFO] --- maven-enforcer-plugin:3.4.1:enforce (banned-rocksdb-imports) @ hdds-interface-server ---
[INFO] Rule 0: org.apache.maven.plugins.enforcer.RestrictImports passed
[INFO] 
[INFO] --- maven-enforcer-plugin:3.4.1:enforce (ban-imports) @ hdds-interface-server ---
[INFO] Rule 0: org.apache.maven.plugins.enforcer.RestrictImports passed
[INFO] Rule 1: org.apache.maven.plugins.enforcer.RestrictImports passed
[INFO] Rule 2: org.apache.maven.plugins.enforcer.RestrictImports passed
[INFO] Rule 3: org.apache.maven.plugins.enforcer.RestrictImports passed
[INFO] Rule 4: org.apache.maven.plugins.enforcer.RestrictImports passed
[WARNING] EXPERIMENTAL FEATURE enabled. You have enabled full-compilation-unit parsing. Please be aware that experimental features might get removed or changed. Please share your feedback!
[INFO] Rule 5: org.apache.maven.plugins.enforcer.RestrictImports passed
[INFO] Rule 6: org.apache.maven.plugins.enforcer.RestrictImports passed
[INFO] 
[INFO] --- maven-remote-resources-plugin:1.7.0:process (default) @ hdds-interface-server ---
[INFO] Preparing remote bundle org.apache.hadoop:hadoop-build-tools:3.3.6
[INFO] Copying 2 resources from 1 bundle.
[INFO] 
[INFO] --- maven-resources-plugin:3.1.0:resources (default-resources) @ hdds-interface-server ---
[INFO] Using 'UTF-8' encoding to copy filtered resources.
[INFO] Copying 1 resource
[INFO] Copying 2 resources
[INFO] Copying 2 resources
[INFO] Copying 5 resources
[INFO] Copying 2 resources
[INFO] 
[INFO] --- maven-compiler-plugin:3.9.0:compile (default-compile) @ hdds-interface-server ---
[INFO] Compiling 9 source files to /home/runner/work/ozone/ozone/hadoop-hdds/interface-server/target/classes
[INFO] 
[INFO] --- protobuf-maven-plugin:0.6.1:test-compile (compile-protoc-3) @ hdds-interface-server ---
[INFO] /home/runner/work/ozone/ozone/hadoop-hdds/interface-server/src/test/proto does not exist. Review the configuration or consider disabling the plugin.
[INFO] 
[INFO] --- protobuf-maven-plugin:0.6.1:test-compile-custom (compile-protoc-3) @ hdds-interface-server ---
[INFO] /home/runner/work/ozone/ozone/hadoop-hdds/interface-server/src/test/proto does not exist. Review the configuration or consider disabling the plugin.
[INFO] 
[INFO] --- protobuf-maven-plugin:0.6.1:test-compile (compile-protoc-2) @ hdds-interface-server ---
[INFO] /home/runner/work/ozone/ozone/hadoop-hdds/interface-server/src/test/proto does not exist. Review the configuration or consider disabling the plugin.
[INFO] 
[INFO] --- maven-resources-plugin:3.1.0:testResources (default-testResources) @ hdds-interface-server ---
[INFO] Not copying test resources
[INFO] 
[INFO] --- maven-compiler-plugin:3.9.0:testCompile (default-testCompile) @ hdds-interface-server ---
[INFO] Skipped
[INFO] 
[INFO] --- maven-surefire-plugin:3.0.0-M4:test (default-test) @ hdds-interface-server ---
[INFO] Tests are skipped.
[INFO] Skipped
[INFO] 
[INFO] ------------------< org.apache.ozone:hdds-test-utils >------------------
[INFO] Building Apache Ozone HDDS Test Utils 1.5.0-SNAPSHOT             [10/48]
[INFO]   from hadoop-hdds/test-utils/pom.xml
[INFO] --------------------------------[ jar ]---------------------------------
[INFO] 
[INFO] --- maven-antrun-plugin:3.1.0:run (create-testdirs) @ hdds-test-utils ---
[INFO] Executing tasks
[INFO]     [mkdir] Created dir: /home/runner/work/ozone/ozone/hadoop-hdds/test-utils/target/test-dir
[INFO] Executed tasks
[INFO] 
[INFO] --- jacoco-maven-plugin:0.8.12:prepare-agent (default-prepare-agent) @ hdds-test-utils ---
[INFO] argLine set to -javaagent:/home/runner/.m2/repository/org/jacoco/org.jacoco.agent/0.8.12/org.jacoco.agent-0.8.12-runtime.jar=destfile=/home/runner/work/ozone/ozone/hadoop-hdds/test-utils/target/jacoco.exec,includes=org.apache.hadoop.hdds.*:org.apache.hadoop.ozone.*:org.apache.hadoop.fs.ozone.*
[INFO] 
[INFO] --- maven-enforcer-plugin:3.4.1:enforce (banned-rocksdb-imports) @ hdds-test-utils ---
[INFO] Rule 0: org.apache.maven.plugins.enforcer.RestrictImports passed
[INFO] 
[INFO] --- maven-enforcer-plugin:3.4.1:enforce (ban-imports) @ hdds-test-utils ---
[INFO] Rule 0: org.apache.maven.plugins.enforcer.RestrictImports passed
[INFO] Rule 1: org.apache.maven.plugins.enforcer.RestrictImports passed
[INFO] Rule 2: org.apache.maven.plugins.enforcer.RestrictImports passed
[INFO] Rule 3: org.apache.maven.plugins.enforcer.RestrictImports passed
[INFO] Rule 4: org.apache.maven.plugins.enforcer.RestrictImports passed
[WARNING] EXPERIMENTAL FEATURE enabled. You have enabled full-compilation-unit parsing. Please be aware that experimental features might get removed or changed. Please share your feedback!
[INFO] Rule 5: org.apache.maven.plugins.enforcer.RestrictImports passed
[INFO] Rule 6: org.apache.maven.plugins.enforcer.RestrictImports passed
[INFO] 
[INFO] --- maven-remote-resources-plugin:1.7.0:process (default) @ hdds-test-utils ---
[INFO] Preparing remote bundle org.apache.hadoop:hadoop-build-tools:3.3.6
[INFO] Copying 2 resources from 1 bundle.
[INFO] 
[INFO] --- maven-resources-plugin:3.1.0:resources (default-resources) @ hdds-test-utils ---
[INFO] Using 'UTF-8' encoding to copy filtered resources.
[INFO] Copying 1 resource
[INFO] Copying 2 resources
[INFO] 
[INFO] --- maven-compiler-plugin:3.9.0:compile (default-compile) @ hdds-test-utils ---
[INFO] Compiling 18 source files to /home/runner/work/ozone/ozone/hadoop-hdds/test-utils/target/classes
[INFO] /home/runner/work/ozone/ozone/hadoop-hdds/test-utils/src/main/java/org/apache/ozone/test/GenericTestUtils.java: /home/runner/work/ozone/ozone/hadoop-hdds/test-utils/src/main/java/org/apache/ozone/test/GenericTestUtils.java uses or overrides a deprecated API.
[INFO] /home/runner/work/ozone/ozone/hadoop-hdds/test-utils/src/main/java/org/apache/ozone/test/GenericTestUtils.java: Recompile with -Xlint:deprecation for details.
[INFO] /home/runner/work/ozone/ozone/hadoop-hdds/test-utils/src/main/java/org/apache/ozone/test/GenericTestUtils.java: /home/runner/work/ozone/ozone/hadoop-hdds/test-utils/src/main/java/org/apache/ozone/test/GenericTestUtils.java uses unchecked or unsafe operations.
[INFO] /home/runner/work/ozone/ozone/hadoop-hdds/test-utils/src/main/java/org/apache/ozone/test/GenericTestUtils.java: Recompile with -Xlint:unchecked for details.
[INFO] 
[INFO] --- maven-resources-plugin:3.1.0:testResources (default-testResources) @ hdds-test-utils ---
[INFO] Using 'UTF-8' encoding to copy filtered resources.
[INFO] skip non existing resourceDirectory /home/runner/work/ozone/ozone/hadoop-hdds/test-utils/src/test/resources
[INFO] Copying 2 resources
[INFO] 
[INFO] --- maven-compiler-plugin:3.9.0:testCompile (default-testCompile) @ hdds-test-utils ---
[INFO] No sources to compile
[INFO] 
[INFO] --- maven-surefire-plugin:3.0.0-M4:test (default-test) @ hdds-test-utils ---
[INFO] 
[INFO] --------------------< org.apache.ozone:hdds-config >--------------------
[INFO] Building Apache Ozone HDDS Config 1.5.0-SNAPSHOT                 [11/48]
[INFO]   from hadoop-hdds/config/pom.xml
[INFO] --------------------------------[ jar ]---------------------------------
[INFO] 
[INFO] --- maven-antrun-plugin:3.1.0:run (create-testdirs) @ hdds-config ---
[INFO] Executing tasks
[INFO]     [mkdir] Created dir: /home/runner/work/ozone/ozone/hadoop-hdds/config/target/test-dir
[INFO] Executed tasks
[INFO] 
[INFO] --- jacoco-maven-plugin:0.8.12:prepare-agent (default-prepare-agent) @ hdds-config ---
[INFO] argLine set to -javaagent:/home/runner/.m2/repository/org/jacoco/org.jacoco.agent/0.8.12/org.jacoco.agent-0.8.12-runtime.jar=destfile=/home/runner/work/ozone/ozone/hadoop-hdds/config/target/jacoco.exec,includes=org.apache.hadoop.hdds.*:org.apache.hadoop.ozone.*:org.apache.hadoop.fs.ozone.*
[INFO] 
[INFO] --- maven-enforcer-plugin:3.4.1:enforce (banned-rocksdb-imports) @ hdds-config ---
[INFO] Rule 0: org.apache.maven.plugins.enforcer.RestrictImports passed
[INFO] 
[INFO] --- maven-enforcer-plugin:3.4.1:enforce (ban-imports) @ hdds-config ---
[INFO] Rule 0: org.apache.maven.plugins.enforcer.RestrictImports passed
[INFO] Rule 1: org.apache.maven.plugins.enforcer.RestrictImports passed
[INFO] Rule 2: org.apache.maven.plugins.enforcer.RestrictImports passed
[INFO] Rule 3: org.apache.maven.plugins.enforcer.RestrictImports passed
[INFO] Rule 4: org.apache.maven.plugins.enforcer.RestrictImports passed
[WARNING] EXPERIMENTAL FEATURE enabled. You have enabled full-compilation-unit parsing. Please be aware that experimental features might get removed or changed. Please share your feedback!
[INFO] Rule 5: org.apache.maven.plugins.enforcer.RestrictImports passed
[INFO] Rule 6: org.apache.maven.plugins.enforcer.RestrictImports passed
[INFO] 
[INFO] --- maven-remote-resources-plugin:1.7.0:process (default) @ hdds-config ---
[INFO] Preparing remote bundle org.apache.hadoop:hadoop-build-tools:3.3.6
[INFO] Copying 2 resources from 1 bundle.
[INFO] 
[INFO] --- maven-resources-plugin:3.1.0:resources (default-resources) @ hdds-config ---
[INFO] Using 'UTF-8' encoding to copy filtered resources.
[INFO] skip non existing resourceDirectory /home/runner/work/ozone/ozone/hadoop-hdds/config/src/main/resources
[INFO] Copying 2 resources
[INFO] 
[INFO] --- maven-compiler-plugin:3.9.0:compile (default-compile) @ hdds-config ---
[INFO] Compiling 18 source files to /home/runner/work/ozone/ozone/hadoop-hdds/config/target/classes
[INFO] /home/runner/work/ozone/ozone/hadoop-hdds/config/src/main/java/org/apache/hadoop/hdds/conf/ConfigurationSource.java: Some input files use or override a deprecated API.
[INFO] /home/runner/work/ozone/ozone/hadoop-hdds/config/src/main/java/org/apache/hadoop/hdds/conf/ConfigurationSource.java: Recompile with -Xlint:deprecation for details.
[INFO] 
[INFO] --- maven-resources-plugin:3.1.0:testResources (default-testResources) @ hdds-config ---
[INFO] Using 'UTF-8' encoding to copy filtered resources.
[INFO] Copying 2 resources
[INFO] Copying 2 resources
[INFO] 
[INFO] --- maven-compiler-plugin:3.9.0:testCompile (default-testCompile) @ hdds-config ---
[INFO] Compiling 9 source files to /home/runner/work/ozone/ozone/hadoop-hdds/config/target/test-classes
[INFO] 
[INFO] --- maven-surefire-plugin:3.0.0-M4:test (default-test) @ hdds-config ---
[INFO] 
[INFO] --------------------< org.apache.ozone:hdds-common >--------------------
[INFO] Building Apache Ozone HDDS Common 1.5.0-SNAPSHOT                 [12/48]
[INFO]   from hadoop-hdds/common/pom.xml
[INFO] --------------------------------[ jar ]---------------------------------
[INFO] 
[INFO] --- maven-antrun-plugin:3.1.0:run (create-testdirs) @ hdds-common ---
[INFO] Executing tasks
[INFO]     [mkdir] Created dir: /home/runner/work/ozone/ozone/hadoop-hdds/common/target/test-dir
[INFO] Executed tasks
[INFO] 
[INFO] --- jacoco-maven-plugin:0.8.12:prepare-agent (default-prepare-agent) @ hdds-common ---
[INFO] argLine set to -javaagent:/home/runner/.m2/repository/org/jacoco/org.jacoco.agent/0.8.12/org.jacoco.agent-0.8.12-runtime.jar=destfile=/home/runner/work/ozone/ozone/hadoop-hdds/common/target/jacoco.exec,includes=org.apache.hadoop.hdds.*:org.apache.hadoop.ozone.*:org.apache.hadoop.fs.ozone.*
[INFO] 
[INFO] --- maven-enforcer-plugin:3.4.1:enforce (banned-rocksdb-imports) @ hdds-common ---
[INFO] Rule 0: org.apache.maven.plugins.enforcer.RestrictImports passed
[INFO] 
[INFO] --- maven-enforcer-plugin:3.4.1:enforce (ban-imports) @ hdds-common ---
[INFO] Rule 0: org.apache.maven.plugins.enforcer.RestrictImports passed
[INFO] Rule 1: org.apache.maven.plugins.enforcer.RestrictImports passed
[INFO] Rule 2: org.apache.maven.plugins.enforcer.RestrictImports passed
[INFO] Rule 3: org.apache.maven.plugins.enforcer.RestrictImports passed
[INFO] Rule 4: org.apache.maven.plugins.enforcer.RestrictImports passed
[WARNING] EXPERIMENTAL FEATURE enabled. You have enabled full-compilation-unit parsing. Please be aware that experimental features might get removed or changed. Please share your feedback!
[INFO] Rule 5: org.apache.maven.plugins.enforcer.RestrictImports passed
[INFO] Rule 6: org.apache.maven.plugins.enforcer.RestrictImports passed
[INFO] 
[INFO] --- maven-remote-resources-plugin:1.7.0:process (default) @ hdds-common ---
[INFO] Preparing remote bundle org.apache.hadoop:hadoop-build-tools:3.3.6
[INFO] Copying 2 resources from 1 bundle.
[INFO] 
[INFO] --- hadoop-maven-plugins:3.3.6:version-info (version-info) @ hdds-common ---
[INFO] SCM: GIT
[INFO] Computed MD5: 41bfa548737e58cc597dbd6b67e0
[INFO] 
[INFO] --- maven-resources-plugin:3.1.0:resources (default-resources) @ hdds-common ---
[INFO] Using 'UTF-8' encoding to copy filtered resources.
[INFO] Copying 5 resources
[INFO] Copying 1 resource
[INFO] Copying 2 resources
[INFO] 
[INFO] --- maven-compiler-plugin:3.9.0:compile (default-compile) @ hdds-common ---
[INFO] Compiling 304 source files to /home/runner/work/ozone/ozone/hadoop-hdds/common/target/classes
[WARNING] /home/runner/work/ozone/ozone/hadoop-hdds/common/src/main/java/org/apache/hadoop/hdds/utils/SignalLogger.java:[44,51] sun.misc.SignalHandler is internal proprietary API and may be removed in a future release
[WARNING] /home/runner/work/ozone/ozone/hadoop-hdds/common/src/main/java/org/apache/hadoop/hdds/utils/SignalLogger.java:[44,51] sun.misc.SignalHandler is internal proprietary API and may be removed in a future release
[WARNING] /home/runner/work/ozone/ozone/hadoop-hdds/common/src/main/java/org/apache/hadoop/hdds/utils/SignalLogger.java:[44,51] sun.misc.SignalHandler is internal proprietary API and may be removed in a future release
[WARNING] /home/runner/work/ozone/ozone/hadoop-hdds/common/src/main/java/org/apache/hadoop/hdds/utils/SignalLogger.java:[46,27] sun.misc.SignalHandler is internal proprietary API and may be removed in a future release
[WARNING] /home/runner/work/ozone/ozone/hadoop-hdds/common/src/main/java/org/apache/hadoop/hdds/utils/SignalLogger.java:[46,27] sun.misc.SignalHandler is internal proprietary API and may be removed in a future release
[WARNING] /home/runner/work/ozone/ozone/hadoop-hdds/common/src/main/java/org/apache/hadoop/hdds/utils/SignalLogger.java:[46,27] sun.misc.SignalHandler is internal proprietary API and may be removed in a future release
[WARNING] /home/runner/work/ozone/ozone/hadoop-hdds/common/src/main/java/org/apache/hadoop/hdds/utils/SignalLogger.java:[50,56] sun.misc.Signal is internal proprietary API and may be removed in a future release
[WARNING] /home/runner/work/ozone/ozone/hadoop-hdds/common/src/main/java/org/apache/hadoop/hdds/utils/SignalLogger.java:[50,29] sun.misc.Signal is internal proprietary API and may be removed in a future release
[WARNING] /home/runner/work/ozone/ozone/hadoop-hdds/common/src/main/java/org/apache/hadoop/hdds/utils/SignalLogger.java:[59,32] sun.misc.Signal is internal proprietary API and may be removed in a future release
[WARNING] /home/runner/work/ozone/ozone/hadoop-hdds/common/src/main/java/org/apache/hadoop/hdds/utils/SignalLogger.java:[59,32] sun.misc.Signal is internal proprietary API and may be removed in a future release
[WARNING] /home/runner/work/ozone/ozone/hadoop-hdds/common/src/main/java/org/apache/hadoop/hdds/utils/SignalLogger.java:[59,32] sun.misc.Signal is internal proprietary API and may be removed in a future release
[INFO] /home/runner/work/ozone/ozone/hadoop-hdds/common/src/main/java/org/apache/hadoop/hdds/conf/OzoneConfiguration.java: Some input files use or override a deprecated API.
[INFO] /home/runner/work/ozone/ozone/hadoop-hdds/common/src/main/java/org/apache/hadoop/hdds/conf/OzoneConfiguration.java: Recompile with -Xlint:deprecation for details.
[INFO] /home/runner/work/ozone/ozone/hadoop-hdds/common/src/main/java/org/apache/hadoop/hdds/utils/BackgroundService.java: /home/runner/work/ozone/ozone/hadoop-hdds/common/src/main/java/org/apache/hadoop/hdds/utils/BackgroundService.java uses or overrides a deprecated API that is marked for removal.
[INFO] /home/runner/work/ozone/ozone/hadoop-hdds/common/src/main/java/org/apache/hadoop/hdds/utils/BackgroundService.java: Recompile with -Xlint:removal for details.
[INFO] /home/runner/work/ozone/ozone/hadoop-hdds/common/src/main/java/org/apache/hadoop/hdds/conf/DefaultConfigManager.java: Some input files use unchecked or unsafe operations.
[INFO] /home/runner/work/ozone/ozone/hadoop-hdds/common/src/main/java/org/apache/hadoop/hdds/conf/DefaultConfigManager.java: Recompile with -Xlint:unchecked for details.
[INFO] 
[INFO] --- maven-resources-plugin:3.1.0:testResources (default-testResources) @ hdds-common ---
[INFO] Using 'UTF-8' encoding to copy filtered resources.
[INFO] Copying 20 resources
[INFO] Copying 2 resources
[INFO] 
[INFO] --- maven-compiler-plugin:3.9.0:testCompile (default-testCompile) @ hdds-common ---
[INFO] Compiling 86 source files to /home/runner/work/ozone/ozone/hadoop-hdds/common/target/test-classes
[INFO] /home/runner/work/ozone/ozone/hadoop-hdds/common/src/test/java/org/apache/hadoop/ozone/common/TestChecksumImplsComputeSameValues.java: Some input files use or override a deprecated API.
[INFO] /home/runner/work/ozone/ozone/hadoop-hdds/common/src/test/java/org/apache/hadoop/ozone/common/TestChecksumImplsComputeSameValues.java: Recompile with -Xlint:deprecation for details.
[INFO] /home/runner/work/ozone/ozone/hadoop-hdds/common/src/test/java/org/apache/hadoop/ozone/upgrade/TestDefaultUpgradeFinalizationExecutor.java: Some input files use unchecked or unsafe operations.
[INFO] /home/runner/work/ozone/ozone/hadoop-hdds/common/src/test/java/org/apache/hadoop/ozone/upgrade/TestDefaultUpgradeFinalizationExecutor.java: Recompile with -Xlint:unchecked for details.
[INFO] 
[INFO] --- maven-surefire-plugin:3.0.0-M4:test (default-test) @ hdds-common ---
[INFO] 
[INFO] -----------------< org.apache.ozone:hdds-erasurecode >------------------
[INFO] Building Apache Ozone HDDS Erasurecode 1.5.0-SNAPSHOT            [13/48]
[INFO]   from hadoop-hdds/erasurecode/pom.xml
[INFO] --------------------------------[ jar ]---------------------------------
[INFO] 
[INFO] --- maven-antrun-plugin:3.1.0:run (create-testdirs) @ hdds-erasurecode ---
[INFO] Executing tasks
[INFO]     [mkdir] Created dir: /home/runner/work/ozone/ozone/hadoop-hdds/erasurecode/target/test-dir
[INFO] Executed tasks
[INFO] 
[INFO] --- jacoco-maven-plugin:0.8.12:prepare-agent (default-prepare-agent) @ hdds-erasurecode ---
[INFO] argLine set to -javaagent:/home/runner/.m2/repository/org/jacoco/org.jacoco.agent/0.8.12/org.jacoco.agent-0.8.12-runtime.jar=destfile=/home/runner/work/ozone/ozone/hadoop-hdds/erasurecode/target/jacoco.exec,includes=org.apache.hadoop.hdds.*:org.apache.hadoop.ozone.*:org.apache.hadoop.fs.ozone.*
[INFO] 
[INFO] --- maven-enforcer-plugin:3.4.1:enforce (banned-rocksdb-imports) @ hdds-erasurecode ---
[INFO] Rule 0: org.apache.maven.plugins.enforcer.RestrictImports passed
[INFO] 
[INFO] --- maven-enforcer-plugin:3.4.1:enforce (ban-imports) @ hdds-erasurecode ---
[INFO] Rule 0: org.apache.maven.plugins.enforcer.RestrictImports passed
[INFO] Rule 1: org.apache.maven.plugins.enforcer.RestrictImports passed
[INFO] Rule 2: org.apache.maven.plugins.enforcer.RestrictImports passed
[INFO] Rule 3: org.apache.maven.plugins.enforcer.RestrictImports passed
[INFO] Rule 4: org.apache.maven.plugins.enforcer.RestrictImports passed
[WARNING] EXPERIMENTAL FEATURE enabled. You have enabled full-compilation-unit parsing. Please be aware that experimental features might get removed or changed. Please share your feedback!
[INFO] Rule 5: org.apache.maven.plugins.enforcer.RestrictImports passed
[INFO] Rule 6: org.apache.maven.plugins.enforcer.RestrictImports passed
[INFO] 
[INFO] --- maven-remote-resources-plugin:1.7.0:process (default) @ hdds-erasurecode ---
[INFO] Preparing remote bundle org.apache.hadoop:hadoop-build-tools:3.3.6
[INFO] Copying 2 resources from 1 bundle.
[INFO] 
[INFO] --- maven-resources-plugin:3.1.0:resources (default-resources) @ hdds-erasurecode ---
[INFO] Using 'UTF-8' encoding to copy filtered resources.
[INFO] Copying 1 resource
[INFO] Copying 2 resources
[INFO] 
[INFO] --- maven-compiler-plugin:3.9.0:compile (default-compile) @ hdds-erasurecode ---
[INFO] Compiling 39 source files to /home/runner/work/ozone/ozone/hadoop-hdds/erasurecode/target/classes
[INFO] 
[INFO] --- maven-resources-plugin:3.1.0:testResources (default-testResources) @ hdds-erasurecode ---
[INFO] Using 'UTF-8' encoding to copy filtered resources.
[INFO] skip non existing resourceDirectory /home/runner/work/ozone/ozone/hadoop-hdds/erasurecode/src/test/resources
[INFO] Copying 2 resources
[INFO] 
[INFO] --- maven-compiler-plugin:3.9.0:testCompile (default-testCompile) @ hdds-erasurecode ---
[INFO] Compiling 17 source files to /home/runner/work/ozone/ozone/hadoop-hdds/erasurecode/target/test-classes
[INFO] /home/runner/work/ozone/ozone/hadoop-hdds/erasurecode/src/test/java/org/apache/ozone/erasurecode/rawcoder/TestRawCoderBase.java: /home/runner/work/ozone/ozone/hadoop-hdds/erasurecode/src/test/java/org/apache/ozone/erasurecode/rawcoder/TestRawCoderBase.java uses or overrides a deprecated API.
[INFO] /home/runner/work/ozone/ozone/hadoop-hdds/erasurecode/src/test/java/org/apache/ozone/erasurecode/rawcoder/TestRawCoderBase.java: Recompile with -Xlint:deprecation for details.
[INFO] 
[INFO] --- maven-surefire-plugin:3.0.0-M4:test (default-test) @ hdds-erasurecode ---
[INFO] 
[INFO] --------------------< org.apache.ozone:hdds-client >--------------------
[INFO] Building Apache Ozone HDDS Client 1.5.0-SNAPSHOT                 [14/48]
[INFO]   from hadoop-hdds/client/pom.xml
[INFO] --------------------------------[ jar ]---------------------------------
[INFO] 
[INFO] --- maven-antrun-plugin:3.1.0:run (create-testdirs) @ hdds-client ---
[INFO] Executing tasks
[INFO]     [mkdir] Created dir: /home/runner/work/ozone/ozone/hadoop-hdds/client/target/test-dir
[INFO] Executed tasks
[INFO] 
[INFO] --- jacoco-maven-plugin:0.8.12:prepare-agent (default-prepare-agent) @ hdds-client ---
[INFO] argLine set to -javaagent:/home/runner/.m2/repository/org/jacoco/org.jacoco.agent/0.8.12/org.jacoco.agent-0.8.12-runtime.jar=destfile=/home/runner/work/ozone/ozone/hadoop-hdds/client/target/jacoco.exec,includes=org.apache.hadoop.hdds.*:org.apache.hadoop.ozone.*:org.apache.hadoop.fs.ozone.*
[INFO] 
[INFO] --- maven-enforcer-plugin:3.4.1:enforce (banned-rocksdb-imports) @ hdds-client ---
[INFO] Rule 0: org.apache.maven.plugins.enforcer.RestrictImports passed
[INFO] 
[INFO] --- maven-enforcer-plugin:3.4.1:enforce (ban-imports) @ hdds-client ---
[INFO] Rule 0: org.apache.maven.plugins.enforcer.RestrictImports passed
[INFO] Rule 1: org.apache.maven.plugins.enforcer.RestrictImports passed
[INFO] Rule 2: org.apache.maven.plugins.enforcer.RestrictImports passed
[INFO] Rule 3: org.apache.maven.plugins.enforcer.RestrictImports passed
[INFO] Rule 4: org.apache.maven.plugins.enforcer.RestrictImports passed
[WARNING] EXPERIMENTAL FEATURE enabled. You have enabled full-compilation-unit parsing. Please be aware that experimental features might get removed or changed. Please share your feedback!
[INFO] Rule 5: org.apache.maven.plugins.enforcer.RestrictImports passed
[INFO] Rule 6: org.apache.maven.plugins.enforcer.RestrictImports passed
[INFO] 
[INFO] --- maven-remote-resources-plugin:1.7.0:process (default) @ hdds-client ---
[INFO] Preparing remote bundle org.apache.hadoop:hadoop-build-tools:3.3.6
[INFO] Copying 2 resources from 1 bundle.
[INFO] 
[INFO] --- maven-resources-plugin:3.1.0:resources (default-resources) @ hdds-client ---
[INFO] Using 'UTF-8' encoding to copy filtered resources.
[INFO] skip non existing resourceDirectory /home/runner/work/ozone/ozone/hadoop-hdds/client/src/main/resources
[INFO] Copying 2 resources
[INFO] 
[INFO] --- maven-compiler-plugin:3.9.0:compile (default-compile) @ hdds-client ---
[INFO] Compiling 47 source files to /home/runner/work/ozone/ozone/hadoop-hdds/client/target/classes
[INFO] /home/runner/work/ozone/ozone/hadoop-hdds/client/src/main/java/org/apache/hadoop/hdds/scm/client/HddsClientUtils.java: /home/runner/work/ozone/ozone/hadoop-hdds/client/src/main/java/org/apache/hadoop/hdds/scm/client/HddsClientUtils.java uses unchecked or unsafe operations.
[INFO] /home/runner/work/ozone/ozone/hadoop-hdds/client/src/main/java/org/apache/hadoop/hdds/scm/client/HddsClientUtils.java: Recompile with -Xlint:unchecked for details.
[INFO] 
[INFO] --- maven-resources-plugin:3.1.0:testResources (default-testResources) @ hdds-client ---
[INFO] Using 'UTF-8' encoding to copy filtered resources.
[INFO] Copying 1 resource
[INFO] Copying 2 resources
[INFO] 
[INFO] --- maven-compiler-plugin:3.9.0:testCompile (default-testCompile) @ hdds-client ---
[INFO] Compiling 17 source files to /home/runner/work/ozone/ozone/hadoop-hdds/client/target/test-classes
[INFO] /home/runner/work/ozone/ozone/hadoop-hdds/client/src/test/java/org/apache/hadoop/hdds/scm/storage/TestBlockOutputStreamCorrectness.java: Some input files use or override a deprecated API.
[INFO] /home/runner/work/ozone/ozone/hadoop-hdds/client/src/test/java/org/apache/hadoop/hdds/scm/storage/TestBlockOutputStreamCorrectness.java: Recompile with -Xlint:deprecation for details.
[INFO] /home/runner/work/ozone/ozone/hadoop-hdds/client/src/test/java/org/apache/hadoop/hdds/scm/storage/TestBlockInputStream.java: /home/runner/work/ozone/ozone/hadoop-hdds/client/src/test/java/org/apache/hadoop/hdds/scm/storage/TestBlockInputStream.java uses unchecked or unsafe operations.
[INFO] /home/runner/work/ozone/ozone/hadoop-hdds/client/src/test/java/org/apache/hadoop/hdds/scm/storage/TestBlockInputStream.java: Recompile with -Xlint:unchecked for details.
[INFO] 
[INFO] --- maven-surefire-plugin:3.0.0-M4:test (default-test) @ hdds-client ---
[INFO] 
[INFO] ---------------< org.apache.ozone:hdds-managed-rocksdb >----------------
[INFO] Building Apache Ozone HDDS Managed RocksDB 1.5.0-SNAPSHOT        [15/48]
[INFO]   from hadoop-hdds/managed-rocksdb/pom.xml
[INFO] --------------------------------[ jar ]---------------------------------
[INFO] 
[INFO] --- maven-antrun-plugin:3.1.0:run (create-testdirs) @ hdds-managed-rocksdb ---
[INFO] Executing tasks
[INFO]     [mkdir] Created dir: /home/runner/work/ozone/ozone/hadoop-hdds/managed-rocksdb/target/test-dir
[INFO] Executed tasks
[INFO] 
[INFO] --- jacoco-maven-plugin:0.8.12:prepare-agent (default-prepare-agent) @ hdds-managed-rocksdb ---
[INFO] argLine set to -javaagent:/home/runner/.m2/repository/org/jacoco/org.jacoco.agent/0.8.12/org.jacoco.agent-0.8.12-runtime.jar=destfile=/home/runner/work/ozone/ozone/hadoop-hdds/managed-rocksdb/target/jacoco.exec,includes=org.apache.hadoop.hdds.*:org.apache.hadoop.ozone.*:org.apache.hadoop.fs.ozone.*
[INFO] 
[INFO] --- maven-enforcer-plugin:3.4.1:enforce (banned-rocksdb-imports) @ hdds-managed-rocksdb ---
[INFO] Rule 0: org.apache.maven.plugins.enforcer.RestrictImports passed
[INFO] 
[INFO] --- maven-enforcer-plugin:3.4.1:enforce (ban-imports) @ hdds-managed-rocksdb ---
[INFO] Rule 0: org.apache.maven.plugins.enforcer.RestrictImports passed
[INFO] Rule 1: org.apache.maven.plugins.enforcer.RestrictImports passed
[INFO] Rule 2: org.apache.maven.plugins.enforcer.RestrictImports passed
[INFO] Rule 3: org.apache.maven.plugins.enforcer.RestrictImports passed
[INFO] Rule 4: org.apache.maven.plugins.enforcer.RestrictImports passed
[WARNING] EXPERIMENTAL FEATURE enabled. You have enabled full-compilation-unit parsing. Please be aware that experimental features might get removed or changed. Please share your feedback!
[INFO] Rule 5: org.apache.maven.plugins.enforcer.RestrictImports passed
[INFO] Rule 6: org.apache.maven.plugins.enforcer.RestrictImports passed
[INFO] 
[INFO] --- maven-remote-resources-plugin:1.7.0:process (default) @ hdds-managed-rocksdb ---
[INFO] Preparing remote bundle org.apache.hadoop:hadoop-build-tools:3.3.6
[INFO] Copying 2 resources from 1 bundle.
[INFO] 
[INFO] --- maven-resources-plugin:3.1.0:resources (default-resources) @ hdds-managed-rocksdb ---
[INFO] Using 'UTF-8' encoding to copy filtered resources.
[INFO] skip non existing resourceDirectory /home/runner/work/ozone/ozone/hadoop-hdds/managed-rocksdb/src/main/resources
[INFO] Copying 2 resources
[INFO] 
[INFO] --- maven-compiler-plugin:3.9.0:compile (default-compile) @ hdds-managed-rocksdb ---
[INFO] Compiling 28 source files to /home/runner/work/ozone/ozone/hadoop-hdds/managed-rocksdb/target/classes
[INFO] 
[INFO] --- maven-resources-plugin:3.1.0:testResources (default-testResources) @ hdds-managed-rocksdb ---
[INFO] Not copying test resources
[INFO] 
[INFO] --- maven-compiler-plugin:3.9.0:testCompile (default-testCompile) @ hdds-managed-rocksdb ---
[INFO] Skipped
[INFO] 
[INFO] --- maven-surefire-plugin:3.0.0-M4:test (default-test) @ hdds-managed-rocksdb ---
[INFO] Tests are skipped.
[INFO] Skipped
[INFO] 
[INFO] -----------------< org.apache.ozone:hdds-rocks-native >-----------------
[INFO] Building Apache Ozone HDDS RocksDB Tools 1.5.0-SNAPSHOT          [16/48]
[INFO]   from hadoop-hdds/rocks-native/pom.xml
[INFO] --------------------------------[ jar ]---------------------------------
[INFO] 
[INFO] --- maven-antrun-plugin:3.1.0:run (create-testdirs) @ hdds-rocks-native ---
[INFO] Executing tasks
[INFO]     [mkdir] Created dir: /home/runner/work/ozone/ozone/hadoop-hdds/rocks-native/target/test-dir
[INFO] Executed tasks
[INFO] 
[INFO] --- jacoco-maven-plugin:0.8.12:prepare-agent (default-prepare-agent) @ hdds-rocks-native ---
[INFO] argLine set to -javaagent:/home/runner/.m2/repository/org/jacoco/org.jacoco.agent/0.8.12/org.jacoco.agent-0.8.12-runtime.jar=destfile=/home/runner/work/ozone/ozone/hadoop-hdds/rocks-native/target/jacoco.exec,includes=org.apache.hadoop.hdds.*:org.apache.hadoop.ozone.*:org.apache.hadoop.fs.ozone.*
[INFO] 
[INFO] --- build-helper-maven-plugin:3.5.0:cpu-count (get-cpu-count) @ hdds-rocks-native ---
[INFO] CPU count: 4
[INFO] 
[INFO] --- maven-enforcer-plugin:3.4.1:enforce (banned-rocksdb-imports) @ hdds-rocks-native ---
[INFO] Rule 0: org.apache.maven.plugins.enforcer.RestrictImports passed
[INFO] 
[INFO] --- maven-enforcer-plugin:3.4.1:enforce (ban-imports) @ hdds-rocks-native ---
[INFO] Rule 0: org.apache.maven.plugins.enforcer.RestrictImports passed
[INFO] Rule 1: org.apache.maven.plugins.enforcer.RestrictImports passed
[INFO] Rule 2: org.apache.maven.plugins.enforcer.RestrictImports passed
[INFO] Rule 3: org.apache.maven.plugins.enforcer.RestrictImports passed
[INFO] Rule 4: org.apache.maven.plugins.enforcer.RestrictImports passed
[WARNING] EXPERIMENTAL FEATURE enabled. You have enabled full-compilation-unit parsing. Please be aware that experimental features might get removed or changed. Please share your feedback!
[INFO] Rule 5: org.apache.maven.plugins.enforcer.RestrictImports passed
[INFO] Rule 6: org.apache.maven.plugins.enforcer.RestrictImports passed
[INFO] 
[INFO] --- maven-remote-resources-plugin:1.7.0:process (default) @ hdds-rocks-native ---
[INFO] Preparing remote bundle org.apache.hadoop:hadoop-build-tools:3.3.6
[INFO] Copying 2 resources from 1 bundle.
[INFO] 
[INFO] --- maven-resources-plugin:3.1.0:resources (default-resources) @ hdds-rocks-native ---
[INFO] Using 'UTF-8' encoding to copy filtered resources.
[INFO] skip non existing resourceDirectory /home/runner/work/ozone/ozone/hadoop-hdds/rocks-native/src/main/resources
[INFO] Copying 2 resources
[INFO] 
[INFO] --- maven-compiler-plugin:3.9.0:compile (default-compile) @ hdds-rocks-native ---
[INFO] Compiling 7 source files to /home/runner/work/ozone/ozone/hadoop-hdds/rocks-native/target/classes
[INFO] 
[INFO] --- maven-resources-plugin:3.1.0:testResources (default-testResources) @ hdds-rocks-native ---
[INFO] Using 'UTF-8' encoding to copy filtered resources.
[INFO] Copying 2 resources
[INFO] Copying 2 resources
[INFO] 
[INFO] --- maven-compiler-plugin:3.9.0:testCompile (default-testCompile) @ hdds-rocks-native ---
[INFO] Compiling 3 source files to /home/runner/work/ozone/ozone/hadoop-hdds/rocks-native/target/test-classes
[INFO] 
[INFO] --- maven-surefire-plugin:3.0.0-M4:test (default-test) @ hdds-rocks-native ---
[INFO] 
[INFO] -------------< org.apache.ozone:rocksdb-checkpoint-differ >-------------
[INFO] Building RocksDB Checkpoint Differ 1.5.0-SNAPSHOT                [17/48]
[INFO]   from hadoop-hdds/rocksdb-checkpoint-differ/pom.xml
[INFO] --------------------------------[ jar ]---------------------------------
[INFO] 
[INFO] --- maven-antrun-plugin:3.1.0:run (create-testdirs) @ rocksdb-checkpoint-differ ---
[INFO] Executing tasks
[INFO]     [mkdir] Created dir: /home/runner/work/ozone/ozone/hadoop-hdds/rocksdb-checkpoint-differ/target/test-dir
[INFO] Executed tasks
[INFO] 
[INFO] --- jacoco-maven-plugin:0.8.12:prepare-agent (default-prepare-agent) @ rocksdb-checkpoint-differ ---
[INFO] argLine set to -javaagent:/home/runner/.m2/repository/org/jacoco/org.jacoco.agent/0.8.12/org.jacoco.agent-0.8.12-runtime.jar=destfile=/home/runner/work/ozone/ozone/hadoop-hdds/rocksdb-checkpoint-differ/target/jacoco.exec,includes=org.apache.hadoop.hdds.*:org.apache.hadoop.ozone.*:org.apache.hadoop.fs.ozone.*
[INFO] 
[INFO] --- maven-enforcer-plugin:3.4.1:enforce (banned-rocksdb-imports) @ rocksdb-checkpoint-differ ---
[INFO] Rule 0: org.apache.maven.plugins.enforcer.RestrictImports passed
[INFO] 
[INFO] --- maven-enforcer-plugin:3.4.1:enforce (ban-imports) @ rocksdb-checkpoint-differ ---
[INFO] Rule 0: org.apache.maven.plugins.enforcer.RestrictImports passed
[INFO] Rule 1: org.apache.maven.plugins.enforcer.RestrictImports passed
[INFO] Rule 2: org.apache.maven.plugins.enforcer.RestrictImports passed
[INFO] Rule 3: org.apache.maven.plugins.enforcer.RestrictImports passed
[INFO] Rule 4: org.apache.maven.plugins.enforcer.RestrictImports passed
[WARNING] EXPERIMENTAL FEATURE enabled. You have enabled full-compilation-unit parsing. Please be aware that experimental features might get removed or changed. Please share your feedback!
[INFO] Rule 5: org.apache.maven.plugins.enforcer.RestrictImports passed
[INFO] Rule 6: org.apache.maven.plugins.enforcer.RestrictImports passed
[INFO] 
[INFO] --- maven-remote-resources-plugin:1.7.0:process (default) @ rocksdb-checkpoint-differ ---
[INFO] Preparing remote bundle org.apache.hadoop:hadoop-build-tools:3.3.6
[INFO] Copying 2 resources from 1 bundle.
[INFO] 
[INFO] --- maven-resources-plugin:3.1.0:resources (default-resources) @ rocksdb-checkpoint-differ ---
[INFO] Using 'UTF-8' encoding to copy filtered resources.
[INFO] skip non existing resourceDirectory /home/runner/work/ozone/ozone/hadoop-hdds/rocksdb-checkpoint-differ/src/main/resources
[INFO] Copying 2 resources
[INFO] 
[INFO] --- maven-compiler-plugin:3.9.0:compile (default-compile) @ rocksdb-checkpoint-differ ---
[INFO] Compiling 14 source files to /home/runner/work/ozone/ozone/hadoop-hdds/rocksdb-checkpoint-differ/target/classes
[INFO] 
[INFO] --- maven-resources-plugin:3.1.0:testResources (default-testResources) @ rocksdb-checkpoint-differ ---
[INFO] Using 'UTF-8' encoding to copy filtered resources.
[INFO] Copying 1 resource
[INFO] Copying 2 resources
[INFO] 
[INFO] --- maven-compiler-plugin:3.9.0:testCompile (default-testCompile) @ rocksdb-checkpoint-differ ---
[INFO] Compiling 6 source files to /home/runner/work/ozone/ozone/hadoop-hdds/rocksdb-checkpoint-differ/target/test-classes
[INFO] 
[INFO] --- maven-surefire-plugin:3.0.0-M4:test (default-test) @ rocksdb-checkpoint-differ ---
[INFO] 
[INFO] ---------------< org.apache.ozone:hdds-server-framework >---------------
[INFO] Building Apache Ozone HDDS Server Framework 1.5.0-SNAPSHOT       [18/48]
[INFO]   from hadoop-hdds/framework/pom.xml
[INFO] --------------------------------[ jar ]---------------------------------
[INFO] 
[INFO] --- maven-antrun-plugin:3.1.0:run (create-testdirs) @ hdds-server-framework ---
[INFO] Executing tasks
[INFO]     [mkdir] Created dir: /home/runner/work/ozone/ozone/hadoop-hdds/framework/target/test-dir
[INFO] Executed tasks
[INFO] 
[INFO] --- jacoco-maven-plugin:0.8.12:prepare-agent (default-prepare-agent) @ hdds-server-framework ---
[INFO] argLine set to -javaagent:/home/runner/.m2/repository/org/jacoco/org.jacoco.agent/0.8.12/org.jacoco.agent-0.8.12-runtime.jar=destfile=/home/runner/work/ozone/ozone/hadoop-hdds/framework/target/jacoco.exec,includes=org.apache.hadoop.hdds.*:org.apache.hadoop.ozone.*:org.apache.hadoop.fs.ozone.*
[INFO] 
[INFO] --- maven-enforcer-plugin:3.4.1:enforce (banned-rocksdb-imports) @ hdds-server-framework ---
[INFO] Rule 0: org.apache.maven.plugins.enforcer.RestrictImports passed
[INFO] 
[INFO] --- maven-enforcer-plugin:3.4.1:enforce (ban-imports) @ hdds-server-framework ---
[INFO] Rule 0: org.apache.maven.plugins.enforcer.RestrictImports passed
[INFO] Rule 1: org.apache.maven.plugins.enforcer.RestrictImports passed
[INFO] Rule 2: org.apache.maven.plugins.enforcer.RestrictImports passed
[INFO] Rule 3: org.apache.maven.plugins.enforcer.RestrictImports passed
[INFO] Rule 4: org.apache.maven.plugins.enforcer.RestrictImports passed
[WARNING] EXPERIMENTAL FEATURE enabled. You have enabled full-compilation-unit parsing. Please be aware that experimental features might get removed or changed. Please share your feedback!
[INFO] Rule 5: org.apache.maven.plugins.enforcer.RestrictImports passed
[INFO] Rule 6: org.apache.maven.plugins.enforcer.RestrictImports passed
[INFO] 
[INFO] --- maven-remote-resources-plugin:1.7.0:process (default) @ hdds-server-framework ---
[INFO] Preparing remote bundle org.apache.hadoop:hadoop-build-tools:3.3.6
[INFO] Copying 2 resources from 1 bundle.
[INFO] 
[INFO] --- maven-resources-plugin:3.1.0:resources (default-resources) @ hdds-server-framework ---
[INFO] Using 'UTF-8' encoding to copy filtered resources.
[INFO] Copying 35 resources
[INFO] Copying 2 resources
[INFO] 
[INFO] --- maven-compiler-plugin:3.9.0:compile (default-compile) @ hdds-server-framework ---
[INFO] Compiling 239 source files to /home/runner/work/ozone/ozone/hadoop-hdds/framework/target/classes
[INFO] /home/runner/work/ozone/ozone/hadoop-hdds/framework/src/main/java/org/apache/hadoop/hdds/protocolPB/ReconfigureProtocolDatanodePB.java: Some input files use or override a deprecated API.
[INFO] /home/runner/work/ozone/ozone/hadoop-hdds/framework/src/main/java/org/apache/hadoop/hdds/protocolPB/ReconfigureProtocolDatanodePB.java: Recompile with -Xlint:deprecation for details.
[INFO] /home/runner/work/ozone/ozone/hadoop-hdds/framework/src/main/java/org/apache/hadoop/hdds/security/symmetric/ManagedSecretKey.java: Some input files use unchecked or unsafe operations.
[INFO] /home/runner/work/ozone/ozone/hadoop-hdds/framework/src/main/java/org/apache/hadoop/hdds/security/symmetric/ManagedSecretKey.java: Recompile with -Xlint:unchecked for details.
[INFO] 
[INFO] --- maven-resources-plugin:3.1.0:testResources (default-testResources) @ hdds-server-framework ---
[INFO] Using 'UTF-8' encoding to copy filtered resources.
[INFO] Copying 5 resources
[INFO] Copying 2 resources
[INFO] 
[INFO] --- maven-compiler-plugin:3.9.0:testCompile (default-testCompile) @ hdds-server-framework ---
[INFO] Compiling 77 source files to /home/runner/work/ozone/ozone/hadoop-hdds/framework/target/test-classes
[INFO] /home/runner/work/ozone/ozone/hadoop-hdds/framework/src/test/java/org/apache/hadoop/hdds/security/symmetric/TestManagedSecretKey.java: Some input files use or override a deprecated API.
[INFO] /home/runner/work/ozone/ozone/hadoop-hdds/framework/src/test/java/org/apache/hadoop/hdds/security/symmetric/TestManagedSecretKey.java: Recompile with -Xlint:deprecation for details.
[INFO] /home/runner/work/ozone/ozone/hadoop-hdds/framework/src/test/java/org/apache/hadoop/hdds/security/symmetric/TestSecretKeyManager.java: Some input files use unchecked or unsafe operations.
[INFO] /home/runner/work/ozone/ozone/hadoop-hdds/framework/src/test/java/org/apache/hadoop/hdds/security/symmetric/TestSecretKeyManager.java: Recompile with -Xlint:unchecked for details.
[INFO] 
[INFO] --- maven-surefire-plugin:3.0.0-M4:test (default-test) @ hdds-server-framework ---
[INFO] 
[INFO] ---------------------< org.apache.ozone:hdds-docs >---------------------
[INFO] Building Apache Ozone/HDDS Documentation 1.5.0-SNAPSHOT          [19/48]
[INFO]   from hadoop-hdds/docs/pom.xml
[INFO] --------------------------------[ jar ]---------------------------------
[INFO] 
[INFO] --- maven-antrun-plugin:3.1.0:run (create-testdirs) @ hdds-docs ---
[INFO] Executing tasks
[INFO]     [mkdir] Created dir: /home/runner/work/ozone/ozone/hadoop-hdds/docs/target/test-dir
[INFO] Executed tasks
[INFO] 
[INFO] --- jacoco-maven-plugin:0.8.12:prepare-agent (default-prepare-agent) @ hdds-docs ---
[INFO] argLine set to -javaagent:/home/runner/.m2/repository/org/jacoco/org.jacoco.agent/0.8.12/org.jacoco.agent-0.8.12-runtime.jar=destfile=/home/runner/work/ozone/ozone/hadoop-hdds/docs/target/jacoco.exec,includes=org.apache.hadoop.hdds.*:org.apache.hadoop.ozone.*:org.apache.hadoop.fs.ozone.*
[INFO] 
[INFO] --- maven-enforcer-plugin:3.4.1:enforce (banned-rocksdb-imports) @ hdds-docs ---
[INFO] Rule 0: org.apache.maven.plugins.enforcer.RestrictImports passed
[INFO] 
[INFO] --- maven-enforcer-plugin:3.4.1:enforce (ban-imports) @ hdds-docs ---
[INFO] Rule 0: org.apache.maven.plugins.enforcer.RestrictImports passed
[INFO] Rule 1: org.apache.maven.plugins.enforcer.RestrictImports passed
[INFO] Rule 2: org.apache.maven.plugins.enforcer.RestrictImports passed
[INFO] Rule 3: org.apache.maven.plugins.enforcer.RestrictImports passed
[INFO] Rule 4: org.apache.maven.plugins.enforcer.RestrictImports passed
[WARNING] EXPERIMENTAL FEATURE enabled. You have enabled full-compilation-unit parsing. Please be aware that experimental features might get removed or changed. Please share your feedback!
[INFO] Rule 5: org.apache.maven.plugins.enforcer.RestrictImports passed
[INFO] Rule 6: org.apache.maven.plugins.enforcer.RestrictImports passed
[INFO] 
[INFO] --- maven-remote-resources-plugin:1.7.0:process (default) @ hdds-docs ---
[INFO] Preparing remote bundle org.apache.hadoop:hadoop-build-tools:3.3.6
[INFO] Copying 2 resources from 1 bundle.
[INFO] 
[INFO] --- maven-resources-plugin:3.1.0:resources (default-resources) @ hdds-docs ---
[INFO] Using 'UTF-8' encoding to copy filtered resources.
[INFO] skip non existing resourceDirectory /home/runner/work/ozone/ozone/hadoop-hdds/docs/src/main/resources
[INFO] Copying 2 resources
[INFO] 
[INFO] --- maven-compiler-plugin:3.9.0:compile (default-compile) @ hdds-docs ---
[INFO] No sources to compile
[INFO] 
[INFO] --- exec-maven-plugin:3.1.1:exec (default) @ hdds-docs ---
mkdir: created directory '/home/runner/work/ozone/ozone/.dev-tools'
mkdir: created directory '/home/runner/work/ozone/ozone/.dev-tools/hugo'
~/work/ozone/ozone/.dev-tools/hugo ~/work/ozone/ozone
Installed hugo in /home/runner/work/ozone/ozone/.dev-tools/hugo
~/work/ozone/ozone
Start building sites … 

                   | EN  | ZH  
-------------------+-----+-----
  Pages            | 105 | 61  
  Paginator pages  |   0 |  0  
  Non-page files   |  33 | 33  
  Static files     |  32 | 32  
  Processed images |   0 |  0  
  Aliases          |   1 |  0  
  Sitemaps         |   2 |  1  
  Cleaned          |   0 |  0  

Total in 190 ms
/home/runner/work/ozone/ozone
[INFO] 
[INFO] --- maven-resources-plugin:3.1.0:testResources (default-testResources) @ hdds-docs ---
[INFO] Not copying test resources
[INFO] 
[INFO] --- maven-compiler-plugin:3.9.0:testCompile (default-testCompile) @ hdds-docs ---
[INFO] Skipped
[INFO] 
[INFO] --- maven-surefire-plugin:3.0.0-M4:test (default-test) @ hdds-docs ---
[INFO] Tests are skipped.
[INFO] Skipped
[INFO] 
[INFO] --------------< org.apache.ozone:hdds-container-service >---------------
[INFO] Building Apache Ozone HDDS Container Service 1.5.0-SNAPSHOT      [20/48]
[INFO]   from hadoop-hdds/container-service/pom.xml
[INFO] --------------------------------[ jar ]---------------------------------
[INFO] 
[INFO] --- maven-antrun-plugin:3.1.0:run (create-testdirs) @ hdds-container-service ---
[INFO] Executing tasks
[INFO]     [mkdir] Created dir: /home/runner/work/ozone/ozone/hadoop-hdds/container-service/target/test-dir
[INFO] Executed tasks
[INFO] 
[INFO] --- jacoco-maven-plugin:0.8.12:prepare-agent (default-prepare-agent) @ hdds-container-service ---
[INFO] argLine set to -javaagent:/home/runner/.m2/repository/org/jacoco/org.jacoco.agent/0.8.12/org.jacoco.agent-0.8.12-runtime.jar=destfile=/home/runner/work/ozone/ozone/hadoop-hdds/container-service/target/jacoco.exec,includes=org.apache.hadoop.hdds.*:org.apache.hadoop.ozone.*:org.apache.hadoop.fs.ozone.*
[INFO] 
[INFO] --- maven-enforcer-plugin:3.4.1:enforce (banned-rocksdb-imports) @ hdds-container-service ---
[INFO] Rule 0: org.apache.maven.plugins.enforcer.RestrictImports passed
[INFO] 
[INFO] --- maven-enforcer-plugin:3.4.1:enforce (ban-imports) @ hdds-container-service ---
[INFO] Rule 0: org.apache.maven.plugins.enforcer.RestrictImports passed
[INFO] Rule 1: org.apache.maven.plugins.enforcer.RestrictImports passed
[INFO] Rule 2: org.apache.maven.plugins.enforcer.RestrictImports passed
[INFO] Rule 3: org.apache.maven.plugins.enforcer.RestrictImports passed
[INFO] Rule 4: org.apache.maven.plugins.enforcer.RestrictImports passed
[WARNING] EXPERIMENTAL FEATURE enabled. You have enabled full-compilation-unit parsing. Please be aware that experimental features might get removed or changed. Please share your feedback!
[INFO] Rule 5: org.apache.maven.plugins.enforcer.RestrictImports passed
[INFO] Rule 6: org.apache.maven.plugins.enforcer.RestrictImports passed
[INFO] 
[INFO] --- maven-remote-resources-plugin:1.7.0:process (default) @ hdds-container-service ---
[INFO] Preparing remote bundle org.apache.hadoop:hadoop-build-tools:3.3.6
[INFO] Copying 2 resources from 1 bundle.
[INFO] 
[INFO] --- maven-resources-plugin:3.1.0:resources (default-resources) @ hdds-container-service ---
[INFO] Using 'UTF-8' encoding to copy filtered resources.
[INFO] Copying 5 resources
[INFO] Copying 2 resources
[INFO] 
[INFO] --- maven-compiler-plugin:3.9.0:compile (default-compile) @ hdds-container-service ---
[INFO] Compiling 274 source files to /home/runner/work/ozone/ozone/hadoop-hdds/container-service/target/classes
[INFO] /home/runner/work/ozone/ozone/hadoop-hdds/container-service/src/main/java/org/apache/hadoop/ozone/container/common/statemachine/SCMConnectionManager.java: Some input files use or override a deprecated API.
[INFO] /home/runner/work/ozone/ozone/hadoop-hdds/container-service/src/main/java/org/apache/hadoop/ozone/container/common/statemachine/SCMConnectionManager.java: Recompile with -Xlint:deprecation for details.
[INFO] /home/runner/work/ozone/ozone/hadoop-hdds/container-service/src/main/java/org/apache/hadoop/ozone/container/ec/reconstruction/ECContainerOperationClient.java: Some input files use unchecked or unsafe operations.
[INFO] /home/runner/work/ozone/ozone/hadoop-hdds/container-service/src/main/java/org/apache/hadoop/ozone/container/ec/reconstruction/ECContainerOperationClient.java: Recompile with -Xlint:unchecked for details.
[INFO] 
[INFO] --- maven-resources-plugin:3.1.0:testResources (default-testResources) @ hdds-container-service ---
[INFO] Using 'UTF-8' encoding to copy filtered resources.
[INFO] Copying 16 resources
[INFO] Copying 2 resources
[INFO] 
[INFO] --- maven-compiler-plugin:3.9.0:testCompile (default-testCompile) @ hdds-container-service ---
[INFO] Compiling 110 source files to /home/runner/work/ozone/ozone/hadoop-hdds/container-service/target/test-classes
[INFO] /home/runner/work/ozone/ozone/hadoop-hdds/container-service/src/test/java/org/apache/hadoop/ozone/TestHddsDatanodeService.java: Some input files use or override a deprecated API.
[INFO] /home/runner/work/ozone/ozone/hadoop-hdds/container-service/src/test/java/org/apache/hadoop/ozone/TestHddsDatanodeService.java: Recompile with -Xlint:deprecation for details.
[INFO] /home/runner/work/ozone/ozone/hadoop-hdds/container-service/src/test/java/org/apache/hadoop/ozone/container/keyvalue/TestKeyValueContainer.java: Some input files use unchecked or unsafe operations.
[INFO] /home/runner/work/ozone/ozone/hadoop-hdds/container-service/src/test/java/org/apache/hadoop/ozone/container/keyvalue/TestKeyValueContainer.java: Recompile with -Xlint:unchecked for details.
[INFO] 
[INFO] --- maven-surefire-plugin:3.0.0-M4:test (default-test) @ hdds-container-service ---
[INFO] 
[INFO] ------------------< org.apache.ozone:hdds-server-scm >------------------
[INFO] Building Apache Ozone HDDS SCM Server 1.5.0-SNAPSHOT             [21/48]
[INFO]   from hadoop-hdds/server-scm/pom.xml
[INFO] --------------------------------[ jar ]---------------------------------
[INFO] 
[INFO] --- maven-antrun-plugin:3.1.0:run (create-testdirs) @ hdds-server-scm ---
[INFO] Executing tasks
[INFO]     [mkdir] Created dir: /home/runner/work/ozone/ozone/hadoop-hdds/server-scm/target/test-dir
[INFO] Executed tasks
[INFO] 
[INFO] --- jacoco-maven-plugin:0.8.12:prepare-agent (default-prepare-agent) @ hdds-server-scm ---
[INFO] argLine set to -javaagent:/home/runner/.m2/repository/org/jacoco/org.jacoco.agent/0.8.12/org.jacoco.agent-0.8.12-runtime.jar=destfile=/home/runner/work/ozone/ozone/hadoop-hdds/server-scm/target/jacoco.exec,includes=org.apache.hadoop.hdds.*:org.apache.hadoop.ozone.*:org.apache.hadoop.fs.ozone.*
[INFO] 
[INFO] --- maven-enforcer-plugin:3.4.1:enforce (banned-rocksdb-imports) @ hdds-server-scm ---
[INFO] Rule 0: org.apache.maven.plugins.enforcer.RestrictImports passed
[INFO] 
[INFO] --- maven-enforcer-plugin:3.4.1:enforce (ban-imports) @ hdds-server-scm ---
[INFO] Rule 0: org.apache.maven.plugins.enforcer.RestrictImports passed
[INFO] Rule 1: org.apache.maven.plugins.enforcer.RestrictImports passed
[INFO] Rule 2: org.apache.maven.plugins.enforcer.RestrictImports passed
[INFO] Rule 3: org.apache.maven.plugins.enforcer.RestrictImports passed
[INFO] Rule 4: org.apache.maven.plugins.enforcer.RestrictImports passed
[WARNING] EXPERIMENTAL FEATURE enabled. You have enabled full-compilation-unit parsing. Please be aware that experimental features might get removed or changed. Please share your feedback!
[INFO] Rule 5: org.apache.maven.plugins.enforcer.RestrictImports passed
[INFO] Rule 6: org.apache.maven.plugins.enforcer.RestrictImports passed
[INFO] 
[INFO] --- maven-remote-resources-plugin:1.7.0:process (default) @ hdds-server-scm ---
[INFO] Preparing remote bundle org.apache.hadoop:hadoop-build-tools:3.3.6
[INFO] Copying 2 resources from 1 bundle.
[INFO] 
[INFO] --- maven-resources-plugin:3.1.0:resources (default-resources) @ hdds-server-scm ---
[INFO] Using 'UTF-8' encoding to copy filtered resources.
[INFO] Copying 4 resources
[INFO] Copying 2 resources
[INFO] 
[INFO] --- maven-compiler-plugin:3.9.0:compile (default-compile) @ hdds-server-scm ---
[INFO] Compiling 314 source files to /home/runner/work/ozone/ozone/hadoop-hdds/server-scm/target/classes
[INFO] /home/runner/work/ozone/ozone/hadoop-hdds/server-scm/src/main/java/org/apache/hadoop/hdds/scm/server/StorageContainerManager.java: Some input files use or override a deprecated API.
[INFO] /home/runner/work/ozone/ozone/hadoop-hdds/server-scm/src/main/java/org/apache/hadoop/hdds/scm/server/StorageContainerManager.java: Recompile with -Xlint:deprecation for details.
[INFO] /home/runner/work/ozone/ozone/hadoop-hdds/server-scm/src/main/java/org/apache/hadoop/hdds/scm/safemode/SCMSafeModeManager.java: Some input files use unchecked or unsafe operations.
[INFO] /home/runner/work/ozone/ozone/hadoop-hdds/server-scm/src/main/java/org/apache/hadoop/hdds/scm/safemode/SCMSafeModeManager.java: Recompile with -Xlint:unchecked for details.
[INFO] 
[INFO] --- maven-resources-plugin:3.1.0:testResources (default-testResources) @ hdds-server-scm ---
[INFO] Using 'UTF-8' encoding to copy filtered resources.
[INFO] skip non existing resourceDirectory /home/runner/work/ozone/ozone/hadoop-hdds/server-scm/../../hdds/common/src/main/resources
[INFO] Copying 6 resources
[INFO] Copying 2 resources
[INFO] 
[INFO] --- maven-compiler-plugin:3.9.0:testCompile (default-testCompile) @ hdds-server-scm ---
[INFO] Compiling 161 source files to /home/runner/work/ozone/ozone/hadoop-hdds/server-scm/target/test-classes
[INFO] /home/runner/work/ozone/ozone/hadoop-hdds/server-scm/src/test/java/org/apache/hadoop/hdds/scm/HddsTestUtils.java: Some input files use or override a deprecated API.
[INFO] /home/runner/work/ozone/ozone/hadoop-hdds/server-scm/src/test/java/org/apache/hadoop/hdds/scm/HddsTestUtils.java: Recompile with -Xlint:deprecation for details.
[INFO] /home/runner/work/ozone/ozone/hadoop-hdds/server-scm/src/test/java/org/apache/hadoop/hdds/scm/container/balancer/TestContainerBalancerTask.java: Some input files use unchecked or unsafe operations.
[INFO] /home/runner/work/ozone/ozone/hadoop-hdds/server-scm/src/test/java/org/apache/hadoop/hdds/scm/container/balancer/TestContainerBalancerTask.java: Recompile with -Xlint:unchecked for details.
[INFO] 
[INFO] --- maven-surefire-plugin:3.0.0-M4:test (default-test) @ hdds-server-scm ---
[INFO] 
[INFO] --------------------< org.apache.ozone:hdds-tools >---------------------
[INFO] Building Apache Ozone HDDS Tools 1.5.0-SNAPSHOT                  [22/48]
[INFO]   from hadoop-hdds/tools/pom.xml
[INFO] --------------------------------[ jar ]---------------------------------
[INFO] 
[INFO] --- maven-antrun-plugin:3.1.0:run (create-testdirs) @ hdds-tools ---
[INFO] Executing tasks
[INFO]     [mkdir] Created dir: /home/runner/work/ozone/ozone/hadoop-hdds/tools/target/test-dir
[INFO] Executed tasks
[INFO] 
[INFO] --- jacoco-maven-plugin:0.8.12:prepare-agent (default-prepare-agent) @ hdds-tools ---
[INFO] argLine set to -javaagent:/home/runner/.m2/repository/org/jacoco/org.jacoco.agent/0.8.12/org.jacoco.agent-0.8.12-runtime.jar=destfile=/home/runner/work/ozone/ozone/hadoop-hdds/tools/target/jacoco.exec,includes=org.apache.hadoop.hdds.*:org.apache.hadoop.ozone.*:org.apache.hadoop.fs.ozone.*
[INFO] 
[INFO] --- maven-enforcer-plugin:3.4.1:enforce (banned-rocksdb-imports) @ hdds-tools ---
[INFO] Rule 0: org.apache.maven.plugins.enforcer.RestrictImports passed
[INFO] 
[INFO] --- maven-enforcer-plugin:3.4.1:enforce (ban-imports) @ hdds-tools ---
[INFO] Rule 0: org.apache.maven.plugins.enforcer.RestrictImports passed
[INFO] Rule 1: org.apache.maven.plugins.enforcer.RestrictImports passed
[INFO] Rule 2: org.apache.maven.plugins.enforcer.RestrictImports passed
[INFO] Rule 3: org.apache.maven.plugins.enforcer.RestrictImports passed
[INFO] Rule 4: org.apache.maven.plugins.enforcer.RestrictImports passed
[WARNING] EXPERIMENTAL FEATURE enabled. You have enabled full-compilation-unit parsing. Please be aware that experimental features might get removed or changed. Please share your feedback!
[INFO] Rule 5: org.apache.maven.plugins.enforcer.RestrictImports passed
[INFO] Rule 6: org.apache.maven.plugins.enforcer.RestrictImports passed
[INFO] 
[INFO] --- maven-remote-resources-plugin:1.7.0:process (default) @ hdds-tools ---
[INFO] Preparing remote bundle org.apache.hadoop:hadoop-build-tools:3.3.6
[INFO] Copying 2 resources from 1 bundle.
[INFO] 
[INFO] --- maven-resources-plugin:3.1.0:resources (default-resources) @ hdds-tools ---
[INFO] Using 'UTF-8' encoding to copy filtered resources.
[INFO] skip non existing resourceDirectory /home/runner/work/ozone/ozone/hadoop-hdds/tools/src/main/resources
[INFO] Copying 2 resources
[INFO] 
[INFO] --- maven-compiler-plugin:3.9.0:compile (default-compile) @ hdds-tools ---
[INFO] Compiling 55 source files to /home/runner/work/ozone/ozone/hadoop-hdds/tools/target/classes
[INFO] /home/runner/work/ozone/ozone/hadoop-hdds/tools/src/main/java/org/apache/hadoop/hdds/scm/cli/cert/ScmCertSubcommand.java: Some input files use or override a deprecated API.
[INFO] /home/runner/work/ozone/ozone/hadoop-hdds/tools/src/main/java/org/apache/hadoop/hdds/scm/cli/cert/ScmCertSubcommand.java: Recompile with -Xlint:deprecation for details.
[INFO] /home/runner/work/ozone/ozone/hadoop-hdds/tools/src/main/java/org/apache/hadoop/hdds/scm/cli/container/upgrade/UpgradeTask.java: /home/runner/work/ozone/ozone/hadoop-hdds/tools/src/main/java/org/apache/hadoop/hdds/scm/cli/container/upgrade/UpgradeTask.java uses unchecked or unsafe operations.
[INFO] /home/runner/work/ozone/ozone/hadoop-hdds/tools/src/main/java/org/apache/hadoop/hdds/scm/cli/container/upgrade/UpgradeTask.java: Recompile with -Xlint:unchecked for details.
[INFO] 
[INFO] --- maven-resources-plugin:3.1.0:testResources (default-testResources) @ hdds-tools ---
[INFO] Using 'UTF-8' encoding to copy filtered resources.
[INFO] skip non existing resourceDirectory /home/runner/work/ozone/ozone/hadoop-hdds/tools/src/test/resources
[INFO] Copying 2 resources
[INFO] 
[INFO] --- maven-compiler-plugin:3.9.0:testCompile (default-testCompile) @ hdds-tools ---
[INFO] Compiling 12 source files to /home/runner/work/ozone/ozone/hadoop-hdds/tools/target/test-classes
[INFO] /home/runner/work/ozone/ozone/hadoop-hdds/tools/src/test/java/org/apache/hadoop/hdds/scm/cli/cert/TestCleanExpiredCertsSubcommand.java: /home/runner/work/ozone/ozone/hadoop-hdds/tools/src/test/java/org/apache/hadoop/hdds/scm/cli/cert/TestCleanExpiredCertsSubcommand.java uses or overrides a deprecated API.
[INFO] /home/runner/work/ozone/ozone/hadoop-hdds/tools/src/test/java/org/apache/hadoop/hdds/scm/cli/cert/TestCleanExpiredCertsSubcommand.java: Recompile with -Xlint:deprecation for details.
[INFO] 
[INFO] --- maven-surefire-plugin:3.0.0-M4:test (default-test) @ hdds-tools ---
[INFO] 
[INFO] -----------------------< org.apache.ozone:ozone >-----------------------
[INFO] Building Apache Ozone 1.5.0-SNAPSHOT                             [23/48]
[INFO]   from hadoop-ozone/pom.xml
[INFO] --------------------------------[ pom ]---------------------------------
[INFO] 
[INFO] --- maven-antrun-plugin:3.1.0:run (create-testdirs) @ ozone ---
[INFO] Executing tasks
[INFO]     [mkdir] Created dir: /home/runner/work/ozone/ozone/hadoop-ozone/target/test-dir
[INFO] Executed tasks
[INFO] 
[INFO] --- maven-enforcer-plugin:3.4.1:enforce (depcheck) @ ozone ---
[INFO] Rule 0: org.apache.maven.enforcer.rules.dependency.DependencyConvergence passed
[INFO] 
[INFO] --- jacoco-maven-plugin:0.8.12:prepare-agent (default-prepare-agent) @ ozone ---
[INFO] argLine set to -javaagent:/home/runner/.m2/repository/org/jacoco/org.jacoco.agent/0.8.12/org.jacoco.agent-0.8.12-runtime.jar=destfile=/home/runner/work/ozone/ozone/hadoop-ozone/target/jacoco.exec,includes=org.apache.hadoop.hdds.*:org.apache.hadoop.ozone.*:org.apache.hadoop.fs.ozone.*
[INFO] 
[INFO] --- maven-enforcer-plugin:3.4.1:enforce (banned-rocksdb-imports) @ ozone ---
[INFO] Rule 0: org.apache.maven.plugins.enforcer.RestrictImports passed
[INFO] 
[INFO] --- maven-enforcer-plugin:3.4.1:enforce (ban-imports) @ ozone ---
[INFO] Rule 0: org.apache.maven.plugins.enforcer.RestrictImports passed
[INFO] Rule 1: org.apache.maven.plugins.enforcer.RestrictImports passed
[INFO] Rule 2: org.apache.maven.plugins.enforcer.RestrictImports passed
[INFO] Rule 3: org.apache.maven.plugins.enforcer.RestrictImports passed
[INFO] Rule 4: org.apache.maven.plugins.enforcer.RestrictImports passed
[WARNING] EXPERIMENTAL FEATURE enabled. You have enabled full-compilation-unit parsing. Please be aware that experimental features might get removed or changed. Please share your feedback!
[INFO] Rule 5: org.apache.maven.plugins.enforcer.RestrictImports passed
[INFO] Rule 6: org.apache.maven.plugins.enforcer.RestrictImports passed
[INFO] 
[INFO] --- maven-remote-resources-plugin:1.7.0:process (default) @ ozone ---
[INFO] Preparing remote bundle org.apache.hadoop:hadoop-build-tools:3.3.6
[INFO] Copying 2 resources from 1 bundle.
[INFO] 
[INFO] --------------< org.apache.ozone:ozone-interface-client >---------------
[INFO] Building Apache Ozone Client Interface 1.5.0-SNAPSHOT            [24/48]
[INFO]   from hadoop-ozone/interface-client/pom.xml
[INFO] --------------------------------[ jar ]---------------------------------
[INFO] 
[INFO] --- maven-antrun-plugin:3.1.0:run (create-testdirs) @ ozone-interface-client ---
[INFO] Executing tasks
[INFO]     [mkdir] Created dir: /home/runner/work/ozone/ozone/hadoop-ozone/interface-client/target/test-dir
[INFO] Executed tasks
[INFO] 
[INFO] --- maven-enforcer-plugin:3.4.1:enforce (depcheck) @ ozone-interface-client ---
[INFO] Rule 0: org.apache.maven.enforcer.rules.dependency.DependencyConvergence passed
[INFO] Rule 1: org.apache.maven.enforcer.rules.version.RequireMavenVersion passed
[INFO] Rule 2: org.apache.maven.enforcer.rules.version.RequireJavaVersion passed
[INFO] 
[INFO] --- jacoco-maven-plugin:0.8.12:prepare-agent (default-prepare-agent) @ ozone-interface-client ---
[INFO] argLine set to -javaagent:/home/runner/.m2/repository/org/jacoco/org.jacoco.agent/0.8.12/org.jacoco.agent-0.8.12-runtime.jar=destfile=/home/runner/work/ozone/ozone/hadoop-ozone/interface-client/target/jacoco.exec,includes=org.apache.hadoop.hdds.*:org.apache.hadoop.ozone.*:org.apache.hadoop.fs.ozone.*
[INFO] 
[INFO] --- protobuf-maven-plugin:0.6.1:compile (compile-protoc-OmGrpc) @ ozone-interface-client ---
[INFO] Compiling 4 proto file(s) to /home/runner/work/ozone/ozone/hadoop-ozone/interface-client/target/generated-sources/protobuf/java
[INFO] 
[INFO] --- protobuf-maven-plugin:0.6.1:compile-custom (compile-protoc-OmGrpc) @ ozone-interface-client ---
[INFO] Compiling 4 proto file(s) to /home/runner/work/ozone/ozone/hadoop-ozone/interface-client/target/generated-sources/protobuf/java
[INFO] 
[INFO] --- protobuf-maven-plugin:0.6.1:compile (compile-protoc3) @ ozone-interface-client ---
[INFO] Compiling 4 proto file(s) to /home/runner/work/ozone/ozone/hadoop-ozone/interface-client/target/generated-sources/protobuf/java/proto3
[INFO] 
[INFO] --- maven-antrun-plugin:3.1.0:run (default) @ ozone-interface-client ---
[INFO] Executing tasks
[INFO]      [move] Moving 4 files to /home/runner/work/ozone/ozone/hadoop-ozone/interface-client/target/generated-sources/protobuf
[INFO] Executed tasks
[INFO] 
[INFO] --- maven-enforcer-plugin:3.4.1:enforce (banned-rocksdb-imports) @ ozone-interface-client ---
[INFO] Rule 0: org.apache.maven.plugins.enforcer.RestrictImports passed
[INFO] 
[INFO] --- maven-enforcer-plugin:3.4.1:enforce (ban-imports) @ ozone-interface-client ---
[INFO] Rule 0: org.apache.maven.plugins.enforcer.RestrictImports passed
[INFO] Rule 1: org.apache.maven.plugins.enforcer.RestrictImports passed
[INFO] Rule 2: org.apache.maven.plugins.enforcer.RestrictImports passed
[INFO] Rule 3: org.apache.maven.plugins.enforcer.RestrictImports passed
[INFO] Rule 4: org.apache.maven.plugins.enforcer.RestrictImports passed
[WARNING] EXPERIMENTAL FEATURE enabled. You have enabled full-compilation-unit parsing. Please be aware that experimental features might get removed or changed. Please share your feedback!
[INFO] Rule 5: org.apache.maven.plugins.enforcer.RestrictImports passed
[INFO] Rule 6: org.apache.maven.plugins.enforcer.RestrictImports passed
[INFO] 
[INFO] --- maven-remote-resources-plugin:1.7.0:process (default) @ ozone-interface-client ---
[INFO] Preparing remote bundle org.apache.hadoop:hadoop-build-tools:3.3.6
[INFO] Copying 2 resources from 1 bundle.
[INFO] 
[INFO] --- maven-resources-plugin:3.1.0:resources (default-resources) @ ozone-interface-client ---
[INFO] Using 'UTF-8' encoding to copy filtered resources.
[INFO] Copying 1 resource
[INFO] Copying 4 resources
[INFO] Copying 4 resources
[INFO] Copying 4 resources
[INFO] Copying 2 resources
[INFO] 
[INFO] --- maven-compiler-plugin:3.9.0:compile (default-compile) @ ozone-interface-client ---
[INFO] Compiling 11 source files to /home/runner/work/ozone/ozone/hadoop-ozone/interface-client/target/classes
[INFO] /home/runner/work/ozone/ozone/hadoop-ozone/interface-client/target/generated-sources/protobuf/java/org/apache/hadoop/ozone/protocol/proto3/OzoneManagerProtocolProtos.java: /home/runner/work/ozone/ozone/hadoop-ozone/interface-client/target/generated-sources/protobuf/java/org/apache/hadoop/ozone/protocol/proto3/OzoneManagerProtocolProtos.java uses or overrides a deprecated API.
[INFO] /home/runner/work/ozone/ozone/hadoop-ozone/interface-client/target/generated-sources/protobuf/java/org/apache/hadoop/ozone/protocol/proto3/OzoneManagerProtocolProtos.java: Recompile with -Xlint:deprecation for details.
[INFO] 
[INFO] --- protobuf-maven-plugin:0.6.1:test-compile (compile-protoc-OmGrpc) @ ozone-interface-client ---
[INFO] /home/runner/work/ozone/ozone/hadoop-ozone/interface-client/src/test/proto does not exist. Review the configuration or consider disabling the plugin.
[INFO] 
[INFO] --- protobuf-maven-plugin:0.6.1:test-compile-custom (compile-protoc-OmGrpc) @ ozone-interface-client ---
[INFO] /home/runner/work/ozone/ozone/hadoop-ozone/interface-client/src/test/proto does not exist. Review the configuration or consider disabling the plugin.
[INFO] 
[INFO] --- protobuf-maven-plugin:0.6.1:test-compile (compile-protoc3) @ ozone-interface-client ---
[INFO] /home/runner/work/ozone/ozone/hadoop-ozone/interface-client/src/test/proto does not exist. Review the configuration or consider disabling the plugin.
[INFO] 
[INFO] --- maven-resources-plugin:3.1.0:testResources (default-testResources) @ ozone-interface-client ---
[INFO] Not copying test resources
[INFO] 
[INFO] --- maven-compiler-plugin:3.9.0:testCompile (default-testCompile) @ ozone-interface-client ---
[INFO] Skipped
[INFO] 
[INFO] --- maven-surefire-plugin:3.0.0-M4:test (default-test) @ ozone-interface-client ---
[INFO] Tests are skipped.
[INFO] Skipped
[INFO] 
[INFO] -------------------< org.apache.ozone:ozone-common >--------------------
[INFO] Building Apache Ozone Common 1.5.0-SNAPSHOT                      [25/48]
[INFO]   from hadoop-ozone/common/pom.xml
[INFO] --------------------------------[ jar ]---------------------------------
[INFO] 
[INFO] --- maven-antrun-plugin:3.1.0:run (create-testdirs) @ ozone-common ---
[INFO] Executing tasks
[INFO]     [mkdir] Created dir: /home/runner/work/ozone/ozone/hadoop-ozone/common/target/test-dir
[INFO] Executed tasks
[INFO] 
[INFO] --- maven-enforcer-plugin:3.4.1:enforce (depcheck) @ ozone-common ---
[INFO] Rule 0: org.apache.maven.enforcer.rules.dependency.DependencyConvergence passed
[INFO] 
[INFO] --- jacoco-maven-plugin:0.8.12:prepare-agent (default-prepare-agent) @ ozone-common ---
[INFO] argLine set to -javaagent:/home/runner/.m2/repository/org/jacoco/org.jacoco.agent/0.8.12/org.jacoco.agent-0.8.12-runtime.jar=destfile=/home/runner/work/ozone/ozone/hadoop-ozone/common/target/jacoco.exec,includes=org.apache.hadoop.hdds.*:org.apache.hadoop.ozone.*:org.apache.hadoop.fs.ozone.*
[INFO] 
[INFO] --- maven-enforcer-plugin:3.4.1:enforce (banned-rocksdb-imports) @ ozone-common ---
[INFO] Rule 0: org.apache.maven.plugins.enforcer.RestrictImports passed
[INFO] 
[INFO] --- maven-enforcer-plugin:3.4.1:enforce (ban-imports) @ ozone-common ---
[INFO] Rule 0: org.apache.maven.plugins.enforcer.RestrictImports passed
[INFO] Rule 1: org.apache.maven.plugins.enforcer.RestrictImports passed
[INFO] Rule 2: org.apache.maven.plugins.enforcer.RestrictImports passed
[INFO] Rule 3: org.apache.maven.plugins.enforcer.RestrictImports passed
[INFO] Rule 4: org.apache.maven.plugins.enforcer.RestrictImports passed
[WARNING] EXPERIMENTAL FEATURE enabled. You have enabled full-compilation-unit parsing. Please be aware that experimental features might get removed or changed. Please share your feedback!
[INFO] Rule 5: org.apache.maven.plugins.enforcer.RestrictImports passed
[INFO] Rule 6: org.apache.maven.plugins.enforcer.RestrictImports passed
[INFO] 
[INFO] --- maven-remote-resources-plugin:1.7.0:process (default) @ ozone-common ---
[INFO] Preparing remote bundle org.apache.hadoop:hadoop-build-tools:3.3.6
[INFO] Copying 2 resources from 1 bundle.
[INFO] 
[INFO] --- hadoop-maven-plugins:3.3.6:version-info (version-info) @ ozone-common ---
[INFO] SCM: GIT
[INFO] Computed MD5: 924f90201ee08ec555857694634e6
[INFO] 
[INFO] --- maven-resources-plugin:3.1.0:resources (default-resources) @ ozone-common ---
[INFO] Using 'UTF-8' encoding to copy filtered resources.
[INFO] Copying 0 resource
[INFO] Copying 1 resource
[INFO] Copying 2 resources
[INFO] 
[INFO] --- maven-compiler-plugin:3.9.0:compile (default-compile) @ ozone-common ---
[INFO] Compiling 166 source files to /home/runner/work/ozone/ozone/hadoop-ozone/common/target/classes
[INFO] /home/runner/work/ozone/ozone/hadoop-ozone/common/src/main/java/org/apache/hadoop/ozone/om/ha/HadoopRpcOMFailoverProxyProvider.java: Some input files use or override a deprecated API.
[INFO] /home/runner/work/ozone/ozone/hadoop-ozone/common/src/main/java/org/apache/hadoop/ozone/om/ha/HadoopRpcOMFailoverProxyProvider.java: Recompile with -Xlint:deprecation for details.
[INFO] /home/runner/work/ozone/ozone/hadoop-ozone/common/src/main/java/org/apache/hadoop/ozone/om/ha/HadoopRpcOMFailoverProxyProvider.java: Some input files use unchecked or unsafe operations.
[INFO] /home/runner/work/ozone/ozone/hadoop-ozone/common/src/main/java/org/apache/hadoop/ozone/om/ha/HadoopRpcOMFailoverProxyProvider.java: Recompile with -Xlint:unchecked for details.
[INFO] 
[INFO] --- maven-resources-plugin:3.1.0:testResources (default-testResources) @ ozone-common ---
[INFO] Using 'UTF-8' encoding to copy filtered resources.
[INFO] Copying 1 resource
[INFO] Copying 2 resources
[INFO] 
[INFO] --- maven-compiler-plugin:3.9.0:testCompile (default-testCompile) @ ozone-common ---
[INFO] Compiling 32 source files to /home/runner/work/ozone/ozone/hadoop-ozone/common/target/test-classes
[INFO] /home/runner/work/ozone/ozone/hadoop-ozone/common/src/test/java/org/apache/hadoop/ozone/om/helpers/TestOmKeyLocationInfoGroup.java: /home/runner/work/ozone/ozone/hadoop-ozone/common/src/test/java/org/apache/hadoop/ozone/om/helpers/TestOmKeyLocationInfoGroup.java uses or overrides a deprecated API.
[INFO] /home/runner/work/ozone/ozone/hadoop-ozone/common/src/test/java/org/apache/hadoop/ozone/om/helpers/TestOmKeyLocationInfoGroup.java: Recompile with -Xlint:deprecation for details.
[INFO] /home/runner/work/ozone/ozone/hadoop-ozone/common/src/test/java/org/apache/hadoop/ozone/om/protocolPB/grpc/TestClientAddressClientInterceptor.java: Some input files use unchecked or unsafe operations.
[INFO] /home/runner/work/ozone/ozone/hadoop-ozone/common/src/test/java/org/apache/hadoop/ozone/om/protocolPB/grpc/TestClientAddressClientInterceptor.java: Recompile with -Xlint:unchecked for details.
[INFO] 
[INFO] --- maven-surefire-plugin:3.0.0-M4:test (default-test) @ ozone-common ---
[INFO] 
[INFO] --------------< org.apache.ozone:ozone-interface-storage >--------------
[INFO] Building Apache Ozone Storage Interface 1.5.0-SNAPSHOT           [26/48]
[INFO]   from hadoop-ozone/interface-storage/pom.xml
[INFO] --------------------------------[ jar ]---------------------------------
[INFO] 
[INFO] --- maven-antrun-plugin:3.1.0:run (create-testdirs) @ ozone-interface-storage ---
[INFO] Executing tasks
[INFO]     [mkdir] Created dir: /home/runner/work/ozone/ozone/hadoop-ozone/interface-storage/target/test-dir
[INFO] Executed tasks
[INFO] 
[INFO] --- maven-enforcer-plugin:3.4.1:enforce (depcheck) @ ozone-interface-storage ---
[INFO] Rule 0: org.apache.maven.enforcer.rules.dependency.DependencyConvergence passed
[INFO] 
[INFO] --- jacoco-maven-plugin:0.8.12:prepare-agent (default-prepare-agent) @ ozone-interface-storage ---
[INFO] argLine set to -javaagent:/home/runner/.m2/repository/org/jacoco/org.jacoco.agent/0.8.12/org.jacoco.agent-0.8.12-runtime.jar=destfile=/home/runner/work/ozone/ozone/hadoop-ozone/interface-storage/target/jacoco.exec,includes=org.apache.hadoop.hdds.*:org.apache.hadoop.ozone.*:org.apache.hadoop.fs.ozone.*
[INFO] 
[INFO] --- protobuf-maven-plugin:0.6.1:compile (compile-protoc) @ ozone-interface-storage ---
[INFO] Compiling 1 proto file(s) to /home/runner/work/ozone/ozone/hadoop-ozone/interface-storage/target/generated-sources/protobuf/java
[INFO] 
[INFO] --- maven-enforcer-plugin:3.4.1:enforce (banned-rocksdb-imports) @ ozone-interface-storage ---
[INFO] Rule 0: org.apache.maven.plugins.enforcer.RestrictImports passed
[INFO] 
[INFO] --- maven-enforcer-plugin:3.4.1:enforce (ban-imports) @ ozone-interface-storage ---
[INFO] Rule 0: org.apache.maven.plugins.enforcer.RestrictImports passed
[INFO] Rule 1: org.apache.maven.plugins.enforcer.RestrictImports passed
[INFO] Rule 2: org.apache.maven.plugins.enforcer.RestrictImports passed
[INFO] Rule 3: org.apache.maven.plugins.enforcer.RestrictImports passed
[INFO] Rule 4: org.apache.maven.plugins.enforcer.RestrictImports passed
[WARNING] EXPERIMENTAL FEATURE enabled. You have enabled full-compilation-unit parsing. Please be aware that experimental features might get removed or changed. Please share your feedback!
[INFO] Rule 5: org.apache.maven.plugins.enforcer.RestrictImports passed
[INFO] Rule 6: org.apache.maven.plugins.enforcer.RestrictImports passed
[INFO] 
[INFO] --- maven-remote-resources-plugin:1.7.0:process (default) @ ozone-interface-storage ---
[INFO] Preparing remote bundle org.apache.hadoop:hadoop-build-tools:3.3.6
[INFO] Copying 2 resources from 1 bundle.
[INFO] 
[INFO] --- maven-resources-plugin:3.1.0:resources (default-resources) @ ozone-interface-storage ---
[INFO] Using 'UTF-8' encoding to copy filtered resources.
[INFO] skip non existing resourceDirectory /home/runner/work/ozone/ozone/hadoop-ozone/interface-storage/src/main/resources
[INFO] Copying 1 resource
[INFO] Copying 2 resources
[INFO] 
[INFO] --- maven-compiler-plugin:3.9.0:compile (default-compile) @ ozone-interface-storage ---
[INFO] Compiling 11 source files to /home/runner/work/ozone/ozone/hadoop-ozone/interface-storage/target/classes
[INFO] 
[INFO] --- protobuf-maven-plugin:0.6.1:test-compile (compile-protoc) @ ozone-interface-storage ---
[INFO] /home/runner/work/ozone/ozone/hadoop-ozone/interface-storage/src/test/proto does not exist. Review the configuration or consider disabling the plugin.
[INFO] 
[INFO] --- maven-resources-plugin:3.1.0:testResources (default-testResources) @ ozone-interface-storage ---
[INFO] Using 'UTF-8' encoding to copy filtered resources.
[INFO] skip non existing resourceDirectory /home/runner/work/ozone/ozone/hadoop-ozone/interface-storage/src/test/resources
[INFO] Copying 2 resources
[INFO] 
[INFO] --- maven-compiler-plugin:3.9.0:testCompile (default-testCompile) @ ozone-interface-storage ---
[INFO] Compiling 8 source files to /home/runner/work/ozone/ozone/hadoop-ozone/interface-storage/target/test-classes
[INFO] 
[INFO] --- maven-surefire-plugin:3.0.0-M4:test (default-test) @ ozone-interface-storage ---
[INFO] 
[INFO] -------------------< org.apache.ozone:ozone-client >--------------------
[INFO] Building Apache Ozone Client 1.5.0-SNAPSHOT                      [27/48]
[INFO]   from hadoop-ozone/client/pom.xml
[INFO] --------------------------------[ jar ]---------------------------------
[INFO] 
[INFO] --- maven-antrun-plugin:3.1.0:run (create-testdirs) @ ozone-client ---
[INFO] Executing tasks
[INFO]     [mkdir] Created dir: /home/runner/work/ozone/ozone/hadoop-ozone/client/target/test-dir
[INFO] Executed tasks
[INFO] 
[INFO] --- maven-enforcer-plugin:3.4.1:enforce (depcheck) @ ozone-client ---
[INFO] Rule 0: org.apache.maven.enforcer.rules.dependency.DependencyConvergence passed
[INFO] 
[INFO] --- jacoco-maven-plugin:0.8.12:prepare-agent (default-prepare-agent) @ ozone-client ---
[INFO] argLine set to -javaagent:/home/runner/.m2/repository/org/jacoco/org.jacoco.agent/0.8.12/org.jacoco.agent-0.8.12-runtime.jar=destfile=/home/runner/work/ozone/ozone/hadoop-ozone/client/target/jacoco.exec,includes=org.apache.hadoop.hdds.*:org.apache.hadoop.ozone.*:org.apache.hadoop.fs.ozone.*
[INFO] 
[INFO] --- maven-enforcer-plugin:3.4.1:enforce (banned-rocksdb-imports) @ ozone-client ---
[INFO] Rule 0: org.apache.maven.plugins.enforcer.RestrictImports passed
[INFO] 
[INFO] --- maven-enforcer-plugin:3.4.1:enforce (ban-imports) @ ozone-client ---
[INFO] Rule 0: org.apache.maven.plugins.enforcer.RestrictImports passed
[INFO] Rule 1: org.apache.maven.plugins.enforcer.RestrictImports passed
[INFO] Rule 2: org.apache.maven.plugins.enforcer.RestrictImports passed
[INFO] Rule 3: org.apache.maven.plugins.enforcer.RestrictImports passed
[INFO] Rule 4: org.apache.maven.plugins.enforcer.RestrictImports passed
[WARNING] EXPERIMENTAL FEATURE enabled. You have enabled full-compilation-unit parsing. Please be aware that experimental features might get removed or changed. Please share your feedback!
[INFO] Rule 5: org.apache.maven.plugins.enforcer.RestrictImports passed
[INFO] Rule 6: org.apache.maven.plugins.enforcer.RestrictImports passed
[INFO] 
[INFO] --- maven-remote-resources-plugin:1.7.0:process (default) @ ozone-client ---
[INFO] Preparing remote bundle org.apache.hadoop:hadoop-build-tools:3.3.6
[INFO] Copying 2 resources from 1 bundle.
[INFO] 
[INFO] --- maven-resources-plugin:3.1.0:resources (default-resources) @ ozone-client ---
[INFO] Using 'UTF-8' encoding to copy filtered resources.
[INFO] skip non existing resourceDirectory /home/runner/work/ozone/ozone/hadoop-ozone/client/src/main/resources
[INFO] Copying 2 resources
[INFO] 
[INFO] --- maven-compiler-plugin:3.9.0:compile (default-compile) @ ozone-client ---
[INFO] Compiling 48 source files to /home/runner/work/ozone/ozone/hadoop-ozone/client/target/classes
[INFO] /home/runner/work/ozone/ozone/hadoop-ozone/client/src/main/java/org/apache/hadoop/ozone/client/io/BlockDataStreamOutputEntryPool.java: Some input files use or override a deprecated API.
[INFO] /home/runner/work/ozone/ozone/hadoop-ozone/client/src/main/java/org/apache/hadoop/ozone/client/io/BlockDataStreamOutputEntryPool.java: Recompile with -Xlint:deprecation for details.
[INFO] /home/runner/work/ozone/ozone/hadoop-ozone/client/src/main/java/org/apache/hadoop/ozone/client/OzoneBucket.java: Some input files use unchecked or unsafe operations.
[INFO] /home/runner/work/ozone/ozone/hadoop-ozone/client/src/main/java/org/apache/hadoop/ozone/client/OzoneBucket.java: Recompile with -Xlint:unchecked for details.
[INFO] 
[INFO] --- maven-resources-plugin:3.1.0:testResources (default-testResources) @ ozone-client ---
[INFO] Using 'UTF-8' encoding to copy filtered resources.
[INFO] skip non existing resourceDirectory /home/runner/work/ozone/ozone/hadoop-ozone/client/src/test/resources
[INFO] Copying 2 resources
[INFO] 
[INFO] --- maven-compiler-plugin:3.9.0:testCompile (default-testCompile) @ ozone-client ---
[INFO] Compiling 18 source files to /home/runner/work/ozone/ozone/hadoop-ozone/client/target/test-classes
[INFO] /home/runner/work/ozone/ozone/hadoop-ozone/client/src/test/java/org/apache/hadoop/ozone/client/checksum/TestReplicatedBlockChecksumComputer.java: Some input files use or override a deprecated API.
[INFO] /home/runner/work/ozone/ozone/hadoop-ozone/client/src/test/java/org/apache/hadoop/ozone/client/checksum/TestReplicatedBlockChecksumComputer.java: Recompile with -Xlint:deprecation for details.
[INFO] /home/runner/work/ozone/ozone/hadoop-ozone/client/src/test/java/org/apache/hadoop/ozone/client/MockDatanodeStorage.java: /home/runner/work/ozone/ozone/hadoop-ozone/client/src/test/java/org/apache/hadoop/ozone/client/MockDatanodeStorage.java uses unchecked or unsafe operations.
[INFO] /home/runner/work/ozone/ozone/hadoop-ozone/client/src/test/java/org/apache/hadoop/ozone/client/MockDatanodeStorage.java: Recompile with -Xlint:unchecked for details.
[INFO] 
[INFO] --- maven-surefire-plugin:3.0.0-M4:test (default-test) @ ozone-client ---
[INFO] 
[INFO] -------------------< org.apache.ozone:ozone-manager >-------------------
[INFO] Building Apache Ozone Manager Server 1.5.0-SNAPSHOT              [28/48]
[INFO]   from hadoop-ozone/ozone-manager/pom.xml
[INFO] --------------------------------[ jar ]---------------------------------
[INFO] 
[INFO] --- maven-antrun-plugin:3.1.0:run (create-testdirs) @ ozone-manager ---
[INFO] Executing tasks
[INFO]     [mkdir] Created dir: /home/runner/work/ozone/ozone/hadoop-ozone/ozone-manager/target/test-dir
[INFO] Executed tasks
[INFO] 
[INFO] --- maven-enforcer-plugin:3.4.1:enforce (depcheck) @ ozone-manager ---
[INFO] Rule 0: org.apache.maven.enforcer.rules.dependency.DependencyConvergence passed
[INFO] 
[INFO] --- jacoco-maven-plugin:0.8.12:prepare-agent (default-prepare-agent) @ ozone-manager ---
[INFO] argLine set to -javaagent:/home/runner/.m2/repository/org/jacoco/org.jacoco.agent/0.8.12/org.jacoco.agent-0.8.12-runtime.jar=destfile=/home/runner/work/ozone/ozone/hadoop-ozone/ozone-manager/target/jacoco.exec,includes=org.apache.hadoop.hdds.*:org.apache.hadoop.ozone.*:org.apache.hadoop.fs.ozone.*
[INFO] 
[INFO] --- maven-enforcer-plugin:3.4.1:enforce (banned-rocksdb-imports) @ ozone-manager ---
[INFO] Rule 0: org.apache.maven.plugins.enforcer.RestrictImports passed
[INFO] 
[INFO] --- maven-enforcer-plugin:3.4.1:enforce (ban-imports) @ ozone-manager ---
[INFO] Rule 0: org.apache.maven.plugins.enforcer.RestrictImports passed
[INFO] Rule 1: org.apache.maven.plugins.enforcer.RestrictImports passed
[INFO] Rule 2: org.apache.maven.plugins.enforcer.RestrictImports passed
[INFO] Rule 3: org.apache.maven.plugins.enforcer.RestrictImports passed
[INFO] Rule 4: org.apache.maven.plugins.enforcer.RestrictImports passed
[WARNING] EXPERIMENTAL FEATURE enabled. You have enabled full-compilation-unit parsing. Please be aware that experimental features might get removed or changed. Please share your feedback!
[INFO] Rule 5: org.apache.maven.plugins.enforcer.RestrictImports passed
[INFO] Rule 6: org.apache.maven.plugins.enforcer.RestrictImports passed
[INFO] 
[INFO] --- maven-remote-resources-plugin:1.7.0:process (default) @ ozone-manager ---
[INFO] Preparing remote bundle org.apache.hadoop:hadoop-build-tools:3.3.6
[INFO] Copying 2 resources from 1 bundle.
[INFO] 
[INFO] --- maven-resources-plugin:3.1.0:resources (default-resources) @ ozone-manager ---
[INFO] Using 'UTF-8' encoding to copy filtered resources.
[INFO] Copying 7 resources
[INFO] Copying 2 resources
[INFO] 
[INFO] --- maven-compiler-plugin:3.9.0:compile (default-compile) @ ozone-manager ---
[INFO] Compiling 353 source files to /home/runner/work/ozone/ozone/hadoop-ozone/ozone-manager/target/classes
[INFO] /home/runner/work/ozone/ozone/hadoop-ozone/ozone-manager/src/main/java/org/apache/hadoop/ozone/om/ratis/OzoneManagerRatisServer.java: Some input files use or override a deprecated API.
[INFO] /home/runner/work/ozone/ozone/hadoop-ozone/ozone-manager/src/main/java/org/apache/hadoop/ozone/om/ratis/OzoneManagerRatisServer.java: Recompile with -Xlint:deprecation for details.
[INFO] /home/runner/work/ozone/ozone/hadoop-ozone/ozone-manager/src/main/java/org/apache/hadoop/ozone/om/ratis/OzoneManagerDoubleBuffer.java: Some input files use unchecked or unsafe operations.
[INFO] /home/runner/work/ozone/ozone/hadoop-ozone/ozone-manager/src/main/java/org/apache/hadoop/ozone/om/ratis/OzoneManagerDoubleBuffer.java: Recompile with -Xlint:unchecked for details.
[INFO] 
[INFO] --- aspectj-maven-plugin:1.15.0:compile (default) @ ozone-manager ---
[INFO] Showing AJC message detail for messages of types: [error, warning, fail]
[INFO] 
[INFO] --- maven-resources-plugin:3.1.0:testResources (default-testResources) @ ozone-manager ---
[INFO] Using 'UTF-8' encoding to copy filtered resources.
[INFO] skip non existing resourceDirectory /home/runner/work/ozone/ozone/hadoop-ozone/ozone-manager/../../hdds/common/src/main/resources
[INFO] Copying 2 resources
[INFO] Copying 2 resources
[INFO] 
[INFO] --- maven-compiler-plugin:3.9.0:testCompile (default-testCompile) @ ozone-manager ---
[INFO] Compiling 207 source files to /home/runner/work/ozone/ozone/hadoop-ozone/ozone-manager/target/test-classes
[INFO] /home/runner/work/ozone/ozone/hadoop-ozone/ozone-manager/src/test/java/org/apache/hadoop/ozone/security/TestOzoneTokenIdentifier.java: Some input files use or override a deprecated API.
[INFO] /home/runner/work/ozone/ozone/hadoop-ozone/ozone-manager/src/test/java/org/apache/hadoop/ozone/security/TestOzoneTokenIdentifier.java: Recompile with -Xlint:deprecation for details.
[INFO] /home/runner/work/ozone/ozone/hadoop-ozone/ozone-manager/src/test/java/org/apache/hadoop/ozone/om/request/key/TestOMKeyRequest.java: Some input files use unchecked or unsafe operations.
[INFO] /home/runner/work/ozone/ozone/hadoop-ozone/ozone-manager/src/test/java/org/apache/hadoop/ozone/om/request/key/TestOMKeyRequest.java: Recompile with -Xlint:unchecked for details.
[INFO] 
[INFO] --- maven-surefire-plugin:3.0.0-M4:test (default-test) @ ozone-manager ---
[INFO] 
[INFO] -------------------------------------------------------
[INFO]  T E S T S
[INFO] -------------------------------------------------------
[INFO] Running org.apache.hadoop.ozone.om.snapshot.TestSnapshotCache
[INFO] Tests run: 8, Failures: 0, Errors: 0, Skipped: 0, Time elapsed: 2.526 s - in org.apache.hadoop.ozone.om.snapshot.TestSnapshotCache
[INFO] Running org.apache.hadoop.ozone.om.snapshot.TestSstFilteringService
[INFO] Tests run: 3, Failures: 0, Errors: 0, Skipped: 0, Time elapsed: 35.898 s - in org.apache.hadoop.ozone.om.snapshot.TestSstFilteringService
[INFO] Running org.apache.hadoop.ozone.om.snapshot.TestOmSnapshotUtils
[INFO] Tests run: 9, Failures: 0, Errors: 0, Skipped: 0, Time elapsed: 0.292 s - in org.apache.hadoop.ozone.om.snapshot.TestOmSnapshotUtils
[INFO] Running org.apache.hadoop.ozone.om.snapshot.TestFSODirectoryPathResolver
[INFO] Tests run: 1, Failures: 0, Errors: 0, Skipped: 0, Time elapsed: 1.104 s - in org.apache.hadoop.ozone.om.snapshot.TestFSODirectoryPathResolver
[INFO] Running org.apache.hadoop.ozone.om.snapshot.TestSnapshotDiffManager
[ERROR] Tests run: 68, Failures: 0, Errors: 1, Skipped: 0, Time elapsed: 15.35 s <<< FAILURE! - in org.apache.hadoop.ozone.om.snapshot.TestSnapshotDiffManager
[ERROR] org.apache.hadoop.ozone.om.snapshot.TestSnapshotDiffManager.testLoadJobsOnStartUp  Time elapsed: 0.036 s  <<< ERROR!
java.lang.NullPointerException: Cannot invoke "org.apache.hadoop.ozone.om.helpers.SnapshotDiffJob.getStatus()" because "snapDiffJob" is null
	at org.apache.hadoop.ozone.om.snapshot.TestSnapshotDiffManager.testLoadJobsOnStartUp(TestSnapshotDiffManager.java:1313)
	at java.base/java.lang.reflect.Method.invoke(Method.java:568)
	at java.base/java.util.ArrayList.forEach(ArrayList.java:1511)
	at java.base/java.util.ArrayList.forEach(ArrayList.java:1511)

[INFO] Running org.apache.hadoop.ozone.om.snapshot.TestRequireSnapshotFeatureStateAspect
[INFO] Tests run: 1, Failures: 0, Errors: 0, Skipped: 0, Time elapsed: 1.09 s - in org.apache.hadoop.ozone.om.snapshot.TestRequireSnapshotFeatureStateAspect
[INFO] Running org.apache.hadoop.ozone.om.snapshot.TestSnapshotChain
[INFO] Tests run: 12, Failures: 0, Errors: 0, Skipped: 0, Time elapsed: 3.012 s - in org.apache.hadoop.ozone.om.snapshot.TestSnapshotChain
[INFO] Running org.apache.hadoop.ozone.om.snapshot.TestRocksDbPersistentMap
[INFO] Tests run: 4, Failures: 0, Errors: 0, Skipped: 0, Time elapsed: 0.586 s - in org.apache.hadoop.ozone.om.snapshot.TestRocksDbPersistentMap
[INFO] Running org.apache.hadoop.ozone.om.snapshot.TestRocksDbPersistentList
[INFO] Tests run: 1, Failures: 0, Errors: 0, Skipped: 0, Time elapsed: 0.402 s - in org.apache.hadoop.ozone.om.snapshot.TestRocksDbPersistentList
[INFO] Running org.apache.hadoop.ozone.om.snapshot.TestRocksDbPersistentSet
[INFO] Tests run: 1, Failures: 0, Errors: 0, Skipped: 0, Time elapsed: 0.384 s - in org.apache.hadoop.ozone.om.snapshot.TestRocksDbPersistentSet
[INFO] Running org.apache.hadoop.ozone.om.snapshot.TestSnapshotInfo
[INFO] Tests run: 4, Failures: 0, Errors: 0, Skipped: 0, Time elapsed: 1.684 s - in org.apache.hadoop.ozone.om.snapshot.TestSnapshotInfo
[INFO] 
[INFO] Results:
[INFO] 
[ERROR] Errors: 
[ERROR]   TestSnapshotDiffManager.testLoadJobsOnStartUp:1313 NullPointer Cannot invoke "...
[INFO] 
[ERROR] Tests run: 112, Failures: 0, Errors: 1, Skipped: 0
[INFO] 
[INFO] 
[INFO] ------------------------------------------------------------------------
[INFO] Skipping Apache Ozone FileSystem Common
[INFO] This project has been banned from the build due to previous failures.
[INFO] ------------------------------------------------------------------------
[INFO] 
[INFO] ------------------------------------------------------------------------
[INFO] Skipping Apache Ozone FileSystem
[INFO] This project has been banned from the build due to previous failures.
[INFO] ------------------------------------------------------------------------
[INFO] 
[INFO] ----------------< org.apache.ozone:ozone-reconcodegen >-----------------
[INFO] Building Apache Ozone Recon CodeGen 1.5.0-SNAPSHOT               [29/48]
[INFO]   from hadoop-ozone/recon-codegen/pom.xml
[INFO] --------------------------------[ jar ]---------------------------------
[INFO] 
[INFO] --- maven-antrun-plugin:3.1.0:run (create-testdirs) @ ozone-reconcodegen ---
[INFO] Executing tasks
[INFO]     [mkdir] Created dir: /home/runner/work/ozone/ozone/hadoop-ozone/recon-codegen/target/test-dir
[INFO] Executed tasks
[INFO] 
[INFO] --- maven-enforcer-plugin:3.4.1:enforce (depcheck) @ ozone-reconcodegen ---
[INFO] Rule 0: org.apache.maven.enforcer.rules.dependency.DependencyConvergence passed
[INFO] 
[INFO] --- jacoco-maven-plugin:0.8.12:prepare-agent (default-prepare-agent) @ ozone-reconcodegen ---
[INFO] argLine set to -javaagent:/home/runner/.m2/repository/org/jacoco/org.jacoco.agent/0.8.12/org.jacoco.agent-0.8.12-runtime.jar=destfile=/home/runner/work/ozone/ozone/hadoop-ozone/recon-codegen/target/jacoco.exec,includes=org.apache.hadoop.hdds.*:org.apache.hadoop.ozone.*:org.apache.hadoop.fs.ozone.*
[INFO] 
[INFO] --- maven-enforcer-plugin:3.4.1:enforce (banned-rocksdb-imports) @ ozone-reconcodegen ---
[INFO] Rule 0: org.apache.maven.plugins.enforcer.RestrictImports passed
[INFO] 
[INFO] --- maven-enforcer-plugin:3.4.1:enforce (ban-imports) @ ozone-reconcodegen ---
[INFO] Rule 0: org.apache.maven.plugins.enforcer.RestrictImports passed
[INFO] Rule 1: org.apache.maven.plugins.enforcer.RestrictImports passed
[INFO] Rule 2: org.apache.maven.plugins.enforcer.RestrictImports passed
[INFO] Rule 3: org.apache.maven.plugins.enforcer.RestrictImports passed
[INFO] Rule 4: org.apache.maven.plugins.enforcer.RestrictImports passed
[WARNING] EXPERIMENTAL FEATURE enabled. You have enabled full-compilation-unit parsing. Please be aware that experimental features might get removed or changed. Please share your feedback!
[INFO] Rule 5: org.apache.maven.plugins.enforcer.RestrictImports passed
[INFO] Rule 6: org.apache.maven.plugins.enforcer.RestrictImports passed
[INFO] 
[INFO] --- maven-remote-resources-plugin:1.7.0:process (default) @ ozone-reconcodegen ---
[INFO] Preparing remote bundle org.apache.hadoop:hadoop-build-tools:3.3.6
[INFO] Copying 2 resources from 1 bundle.
[INFO] 
[INFO] --- maven-resources-plugin:3.1.0:resources (default-resources) @ ozone-reconcodegen ---
[INFO] Using 'UTF-8' encoding to copy filtered resources.
[INFO] skip non existing resourceDirectory /home/runner/work/ozone/ozone/hadoop-ozone/recon-codegen/src/main/resources
[INFO] Copying 2 resources
[INFO] 
[INFO] --- maven-compiler-plugin:3.9.0:compile (default-compile) @ ozone-reconcodegen ---
[INFO] Compiling 12 source files to /home/runner/work/ozone/ozone/hadoop-ozone/recon-codegen/target/classes
[INFO] 
[INFO] --- maven-resources-plugin:3.1.0:testResources (default-testResources) @ ozone-reconcodegen ---
[INFO] Not copying test resources
[INFO] 
[INFO] --- maven-compiler-plugin:3.9.0:testCompile (default-testCompile) @ ozone-reconcodegen ---
[INFO] Skipped
[INFO] 
[INFO] --- maven-surefire-plugin:3.0.0-M4:test (default-test) @ ozone-reconcodegen ---
[INFO] Tests are skipped.
[INFO] Skipped
[INFO] 
[INFO] ------------------------------------------------------------------------
[INFO] Skipping Apache Ozone Recon
[INFO] This project has been banned from the build due to previous failures.
[INFO] ------------------------------------------------------------------------
[INFO] 
[INFO] ------------------------------------------------------------------------
[INFO] Skipping Apache Ozone Tools
[INFO] This project has been banned from the build due to previous failures.
[INFO] ------------------------------------------------------------------------
[INFO] 
[INFO] ------------------< org.apache.ozone:ozone-s3gateway >------------------
[INFO] Building Apache Ozone S3 Gateway 1.5.0-SNAPSHOT                  [30/48]
[INFO]   from hadoop-ozone/s3gateway/pom.xml
[INFO] --------------------------------[ jar ]---------------------------------
[INFO] 
[INFO] --- maven-antrun-plugin:3.1.0:run (create-testdirs) @ ozone-s3gateway ---
[INFO] Executing tasks
[INFO]     [mkdir] Created dir: /home/runner/work/ozone/ozone/hadoop-ozone/s3gateway/target/test-dir
[INFO] Executed tasks
[INFO] 
[INFO] --- maven-enforcer-plugin:3.4.1:enforce (depcheck) @ ozone-s3gateway ---
[INFO] Rule 0: org.apache.maven.enforcer.rules.dependency.DependencyConvergence passed
[INFO] 
[INFO] --- jacoco-maven-plugin:0.8.12:prepare-agent (default-prepare-agent) @ ozone-s3gateway ---
[INFO] argLine set to -javaagent:/home/runner/.m2/repository/org/jacoco/org.jacoco.agent/0.8.12/org.jacoco.agent-0.8.12-runtime.jar=destfile=/home/runner/work/ozone/ozone/hadoop-ozone/s3gateway/target/jacoco.exec,includes=org.apache.hadoop.hdds.*:org.apache.hadoop.ozone.*:org.apache.hadoop.fs.ozone.*
[INFO] 
[INFO] --- maven-enforcer-plugin:3.4.1:enforce (banned-rocksdb-imports) @ ozone-s3gateway ---
[INFO] Rule 0: org.apache.maven.plugins.enforcer.RestrictImports passed
[INFO] 
[INFO] --- maven-enforcer-plugin:3.4.1:enforce (ban-imports) @ ozone-s3gateway ---
[INFO] Rule 0: org.apache.maven.plugins.enforcer.RestrictImports passed
[INFO] Rule 1: org.apache.maven.plugins.enforcer.RestrictImports passed
[INFO] Rule 2: org.apache.maven.plugins.enforcer.RestrictImports passed
[INFO] Rule 3: org.apache.maven.plugins.enforcer.RestrictImports passed
[INFO] Rule 4: org.apache.maven.plugins.enforcer.RestrictImports passed
[WARNING] EXPERIMENTAL FEATURE enabled. You have enabled full-compilation-unit parsing. Please be aware that experimental features might get removed or changed. Please share your feedback!
[INFO] Rule 5: org.apache.maven.plugins.enforcer.RestrictImports passed
[INFO] Rule 6: org.apache.maven.plugins.enforcer.RestrictImports passed
[INFO] 
[INFO] --- maven-remote-resources-plugin:1.7.0:process (default) @ ozone-s3gateway ---
[INFO] Preparing remote bundle org.apache.hadoop:hadoop-build-tools:3.3.6
[INFO] Copying 2 resources from 1 bundle.
[INFO] 
[INFO] --- maven-resources-plugin:3.1.0:resources (default-resources) @ ozone-s3gateway ---
[INFO] Using 'UTF-8' encoding to copy filtered resources.
[INFO] Copying 6 resources
[INFO] Copying 2 resources
[INFO] 
[INFO] --- maven-compiler-plugin:3.9.0:compile (default-compile) @ ozone-s3gateway ---
[INFO] Compiling 87 source files to /home/runner/work/ozone/ozone/hadoop-ozone/s3gateway/target/classes
[INFO] /home/runner/work/ozone/ozone/hadoop-ozone/s3gateway/src/main/java/org/apache/hadoop/ozone/s3/endpoint/BucketEndpoint.java: /home/runner/work/ozone/ozone/hadoop-ozone/s3gateway/src/main/java/org/apache/hadoop/ozone/s3/endpoint/BucketEndpoint.java uses or overrides a deprecated API.
[INFO] /home/runner/work/ozone/ozone/hadoop-ozone/s3gateway/src/main/java/org/apache/hadoop/ozone/s3/endpoint/BucketEndpoint.java: Recompile with -Xlint:deprecation for details.
[INFO] 
[INFO] --- maven-resources-plugin:3.1.0:testResources (default-testResources) @ ozone-s3gateway ---
[INFO] Using 'UTF-8' encoding to copy filtered resources.
[INFO] Copying 4 resources
[INFO] Copying 2 resources
[INFO] 
[INFO] --- maven-compiler-plugin:3.9.0:testCompile (default-testCompile) @ ozone-s3gateway ---
[INFO] Compiling 56 source files to /home/runner/work/ozone/ozone/hadoop-ozone/s3gateway/target/test-classes
[INFO] /home/runner/work/ozone/ozone/hadoop-ozone/s3gateway/src/test/java/org/apache/hadoop/ozone/protocolPB/TestGrpcOmTransport.java: Some input files use or override a deprecated API.
[INFO] /home/runner/work/ozone/ozone/hadoop-ozone/s3gateway/src/test/java/org/apache/hadoop/ozone/protocolPB/TestGrpcOmTransport.java: Recompile with -Xlint:deprecation for details.
[INFO] /home/runner/work/ozone/ozone/hadoop-ozone/s3gateway/src/test/java/org/apache/hadoop/ozone/client/OzoneBucketStub.java: Some input files use unchecked or unsafe operations.
[INFO] /home/runner/work/ozone/ozone/hadoop-ozone/s3gateway/src/test/java/org/apache/hadoop/ozone/client/OzoneBucketStub.java: Recompile with -Xlint:unchecked for details.
[INFO] 
[INFO] --- maven-surefire-plugin:3.0.0-M4:test (default-test) @ ozone-s3gateway ---
[INFO] 
[INFO] ---------------------< org.apache.ozone:ozone-csi >---------------------
[INFO] Building Apache Ozone CSI service 1.5.0-SNAPSHOT                 [31/48]
[INFO]   from hadoop-ozone/csi/pom.xml
[INFO] --------------------------------[ jar ]---------------------------------
[INFO] 
[INFO] --- maven-antrun-plugin:3.1.0:run (create-testdirs) @ ozone-csi ---
[INFO] Executing tasks
[INFO]     [mkdir] Created dir: /home/runner/work/ozone/ozone/hadoop-ozone/csi/target/test-dir
[INFO] Executed tasks
[INFO] 
[INFO] --- jacoco-maven-plugin:0.8.12:prepare-agent (default-prepare-agent) @ ozone-csi ---
[INFO] argLine set to -javaagent:/home/runner/.m2/repository/org/jacoco/org.jacoco.agent/0.8.12/org.jacoco.agent-0.8.12-runtime.jar=destfile=/home/runner/work/ozone/ozone/hadoop-ozone/csi/target/jacoco.exec,includes=org.apache.hadoop.hdds.*:org.apache.hadoop.ozone.*:org.apache.hadoop.fs.ozone.*
[INFO] 
[INFO] --- protobuf-maven-plugin:0.6.1:compile (compile-protoc) @ ozone-csi ---
[INFO] Compiling 1 proto file(s) to /home/runner/work/ozone/ozone/hadoop-ozone/csi/target/generated-sources/java
[INFO] 
[INFO] --- protobuf-maven-plugin:0.6.1:compile-custom (compile-protoc) @ ozone-csi ---
[INFO] Compiling 1 proto file(s) to /home/runner/work/ozone/ozone/hadoop-ozone/csi/target/generated-sources/java
[INFO] 
[INFO] --- maven-enforcer-plugin:3.4.1:enforce (banned-rocksdb-imports) @ ozone-csi ---
[INFO] Rule 0: org.apache.maven.plugins.enforcer.RestrictImports passed
[INFO] 
[INFO] --- maven-enforcer-plugin:3.4.1:enforce (ban-imports) @ ozone-csi ---
[INFO] Rule 0: org.apache.maven.plugins.enforcer.RestrictImports passed
[INFO] Rule 1: org.apache.maven.plugins.enforcer.RestrictImports passed
[INFO] Rule 2: org.apache.maven.plugins.enforcer.RestrictImports passed
[INFO] Rule 3: org.apache.maven.plugins.enforcer.RestrictImports passed
[INFO] Rule 4: org.apache.maven.plugins.enforcer.RestrictImports passed
[WARNING] EXPERIMENTAL FEATURE enabled. You have enabled full-compilation-unit parsing. Please be aware that experimental features might get removed or changed. Please share your feedback!
[INFO] Rule 5: org.apache.maven.plugins.enforcer.RestrictImports passed
[INFO] Rule 6: org.apache.maven.plugins.enforcer.RestrictImports passed
[INFO] 
[INFO] --- maven-remote-resources-plugin:1.7.0:process (default) @ ozone-csi ---
[INFO] Preparing remote bundle org.apache.hadoop:hadoop-build-tools:3.3.6
[INFO] Copying 2 resources from 1 bundle.
[INFO] 
[INFO] --- maven-resources-plugin:3.1.0:resources (default-resources) @ ozone-csi ---
[INFO] Using 'UTF-8' encoding to copy filtered resources.
[INFO] Copying 1 resource
[INFO] Copying 1 resource
[INFO] Copying 1 resource
[INFO] Copying 2 resources
[INFO] 
[INFO] --- maven-compiler-plugin:3.9.0:compile (default-compile) @ ozone-csi ---
[INFO] Compiling 9 source files to /home/runner/work/ozone/ozone/hadoop-ozone/csi/target/classes
[INFO] 
[INFO] --- protobuf-maven-plugin:0.6.1:test-compile (compile-protoc) @ ozone-csi ---
[INFO] /home/runner/work/ozone/ozone/hadoop-ozone/csi/src/test/proto does not exist. Review the configuration or consider disabling the plugin.
[INFO] 
[INFO] --- protobuf-maven-plugin:0.6.1:test-compile-custom (compile-protoc) @ ozone-csi ---
[INFO] /home/runner/work/ozone/ozone/hadoop-ozone/csi/src/test/proto does not exist. Review the configuration or consider disabling the plugin.
[INFO] 
[INFO] --- maven-resources-plugin:3.1.0:testResources (default-testResources) @ ozone-csi ---
[INFO] Not copying test resources
[INFO] 
[INFO] --- maven-compiler-plugin:3.9.0:testCompile (default-testCompile) @ ozone-csi ---
[INFO] Skipped
[INFO] 
[INFO] --- maven-surefire-plugin:3.0.0-M4:test (default-test) @ ozone-csi ---
[INFO] Tests are skipped.
[INFO] Skipped
[INFO] 
[INFO] ------------------------------------------------------------------------
[INFO] Skipping Apache Ozone Integration Tests
[INFO] This project has been banned from the build due to previous failures.
[INFO] ------------------------------------------------------------------------
[INFO] 
[INFO] ------------------< org.apache.ozone:ozone-datanode >-------------------
[INFO] Building Apache Ozone Datanode 1.5.0-SNAPSHOT                    [32/48]
[INFO]   from hadoop-ozone/datanode/pom.xml
[INFO] --------------------------------[ jar ]---------------------------------
[INFO] 
[INFO] --- maven-antrun-plugin:3.1.0:run (create-testdirs) @ ozone-datanode ---
[INFO] Executing tasks
[INFO]     [mkdir] Created dir: /home/runner/work/ozone/ozone/hadoop-ozone/datanode/target/test-dir
[INFO] Executed tasks
[INFO] 
[INFO] --- maven-enforcer-plugin:3.4.1:enforce (depcheck) @ ozone-datanode ---
[INFO] Rule 0: org.apache.maven.enforcer.rules.dependency.DependencyConvergence passed
[INFO] 
[INFO] --- jacoco-maven-plugin:0.8.12:prepare-agent (default-prepare-agent) @ ozone-datanode ---
[INFO] argLine set to -javaagent:/home/runner/.m2/repository/org/jacoco/org.jacoco.agent/0.8.12/org.jacoco.agent-0.8.12-runtime.jar=destfile=/home/runner/work/ozone/ozone/hadoop-ozone/datanode/target/jacoco.exec,includes=org.apache.hadoop.hdds.*:org.apache.hadoop.ozone.*:org.apache.hadoop.fs.ozone.*
[INFO] 
[INFO] --- maven-enforcer-plugin:3.4.1:enforce (banned-rocksdb-imports) @ ozone-datanode ---
[INFO] Rule 0: org.apache.maven.plugins.enforcer.RestrictImports passed
[INFO] 
[INFO] --- maven-enforcer-plugin:3.4.1:enforce (ban-imports) @ ozone-datanode ---
[INFO] Rule 0: org.apache.maven.plugins.enforcer.RestrictImports passed
[INFO] Rule 1: org.apache.maven.plugins.enforcer.RestrictImports passed
[INFO] Rule 2: org.apache.maven.plugins.enforcer.RestrictImports passed
[INFO] Rule 3: org.apache.maven.plugins.enforcer.RestrictImports passed
[INFO] Rule 4: org.apache.maven.plugins.enforcer.RestrictImports passed
[WARNING] EXPERIMENTAL FEATURE enabled. You have enabled full-compilation-unit parsing. Please be aware that experimental features might get removed or changed. Please share your feedback!
[INFO] Rule 5: org.apache.maven.plugins.enforcer.RestrictImports passed
[INFO] Rule 6: org.apache.maven.plugins.enforcer.RestrictImports passed
[INFO] 
[INFO] --- maven-remote-resources-plugin:1.7.0:process (default) @ ozone-datanode ---
[INFO] Preparing remote bundle org.apache.hadoop:hadoop-build-tools:3.3.6
[INFO] Copying 2 resources from 1 bundle.
[INFO] 
[INFO] --- maven-resources-plugin:3.1.0:resources (default-resources) @ ozone-datanode ---
[INFO] Using 'UTF-8' encoding to copy filtered resources.
[INFO] skip non existing resourceDirectory /home/runner/work/ozone/ozone/hadoop-ozone/datanode/src/main/resources
[INFO] Copying 2 resources
[INFO] 
[INFO] --- maven-compiler-plugin:3.9.0:compile (default-compile) @ ozone-datanode ---
[INFO] No sources to compile
[INFO] 
[INFO] --- maven-resources-plugin:3.1.0:testResources (default-testResources) @ ozone-datanode ---
[INFO] Not copying test resources
[INFO] 
[INFO] --- maven-compiler-plugin:3.9.0:testCompile (default-testCompile) @ ozone-datanode ---
[INFO] Skipped
[INFO] 
[INFO] --- maven-surefire-plugin:3.0.0-M4:test (default-test) @ ozone-datanode ---
[INFO] Tests are skipped.
[INFO] Skipped
[INFO] 
[INFO] ------------------------------------------------------------------------
[INFO] Skipping Apache Ozone Insight Tool
[INFO] This project has been banned from the build due to previous failures.
[INFO] ------------------------------------------------------------------------
[INFO] 
[INFO] ------------------------------------------------------------------------
[INFO] Skipping Apache Ozone HttpFS
[INFO] This project has been banned from the build due to previous failures.
[INFO] ------------------------------------------------------------------------
[INFO] 
[INFO] ------------------------------------------------------------------------
[INFO] Skipping Apache Ozone S3 Secret Store
[INFO] This project has been banned from the build due to previous failures.
[INFO] ------------------------------------------------------------------------
[INFO] 
[INFO] ------------------------------------------------------------------------
[INFO] Skipping Apache Ozone FileSystem Shaded
[INFO] This project has been banned from the build due to previous failures.
[INFO] ------------------------------------------------------------------------
[INFO] 
[INFO] ------------------------------------------------------------------------
[INFO] Skipping Apache Ozone FS Hadoop 2.x compatibility
[INFO] This project has been banned from the build due to previous failures.
[INFO] ------------------------------------------------------------------------
[INFO] 
[INFO] ------------------------------------------------------------------------
[INFO] Skipping Apache Ozone FS Hadoop 3.x compatibility
[INFO] This project has been banned from the build due to previous failures.
[INFO] ------------------------------------------------------------------------
[INFO] 
[INFO] ------------------------------------------------------------------------
[INFO] Skipping Apache Ozone FS Hadoop shaded 3.x compatibility
[INFO] This project has been banned from the build due to previous failures.
[INFO] ------------------------------------------------------------------------
[INFO] 
[INFO] ------------------------------------------------------------------------
[INFO] Skipping Apache Ozone Distribution
[INFO] This project has been banned from the build due to previous failures.
[INFO] ------------------------------------------------------------------------
[INFO] 
[INFO] ------------< org.apache.ozone:ozone-fault-injection-test >-------------
[INFO] Building Apache Ozone Fault Injection Tests 1.5.0-SNAPSHOT       [33/48]
[INFO]   from hadoop-ozone/fault-injection-test/pom.xml
[INFO] --------------------------------[ pom ]---------------------------------
[INFO] 
[INFO] --- maven-antrun-plugin:3.1.0:run (create-testdirs) @ ozone-fault-injection-test ---
[INFO] Executing tasks
[INFO]     [mkdir] Created dir: /home/runner/work/ozone/ozone/hadoop-ozone/fault-injection-test/target/test-dir
[INFO] Executed tasks
[INFO] 
[INFO] --- maven-enforcer-plugin:3.4.1:enforce (depcheck) @ ozone-fault-injection-test ---
[INFO] Rule 0: org.apache.maven.enforcer.rules.dependency.DependencyConvergence passed
[INFO] 
[INFO] --- jacoco-maven-plugin:0.8.12:prepare-agent (default-prepare-agent) @ ozone-fault-injection-test ---
[INFO] argLine set to -javaagent:/home/runner/.m2/repository/org/jacoco/org.jacoco.agent/0.8.12/org.jacoco.agent-0.8.12-runtime.jar=destfile=/home/runner/work/ozone/ozone/hadoop-ozone/fault-injection-test/target/jacoco.exec,includes=org.apache.hadoop.hdds.*:org.apache.hadoop.ozone.*:org.apache.hadoop.fs.ozone.*
[INFO] 
[INFO] --- maven-enforcer-plugin:3.4.1:enforce (banned-rocksdb-imports) @ ozone-fault-injection-test ---
[INFO] Rule 0: org.apache.maven.plugins.enforcer.RestrictImports passed
[INFO] 
[INFO] --- maven-enforcer-plugin:3.4.1:enforce (ban-imports) @ ozone-fault-injection-test ---
[INFO] Rule 0: org.apache.maven.plugins.enforcer.RestrictImports passed
[INFO] Rule 1: org.apache.maven.plugins.enforcer.RestrictImports passed
[INFO] Rule 2: org.apache.maven.plugins.enforcer.RestrictImports passed
[INFO] Rule 3: org.apache.maven.plugins.enforcer.RestrictImports passed
[INFO] Rule 4: org.apache.maven.plugins.enforcer.RestrictImports passed
[WARNING] EXPERIMENTAL FEATURE enabled. You have enabled full-compilation-unit parsing. Please be aware that experimental features might get removed or changed. Please share your feedback!
[INFO] Rule 5: org.apache.maven.plugins.enforcer.RestrictImports passed
[INFO] Rule 6: org.apache.maven.plugins.enforcer.RestrictImports passed
[INFO] 
[INFO] --- maven-remote-resources-plugin:1.7.0:process (default) @ ozone-fault-injection-test ---
[INFO] Preparing remote bundle org.apache.hadoop:hadoop-build-tools:3.3.6
[INFO] Copying 2 resources from 1 bundle.
[INFO] 
[INFO] ----------------< org.apache.ozone:ozone-network-tests >----------------
[INFO] Building Apache Ozone Network Tests 1.5.0-SNAPSHOT               [34/48]
[INFO]   from hadoop-ozone/fault-injection-test/network-tests/pom.xml
[INFO] --------------------------------[ jar ]---------------------------------
[INFO] 
[INFO] --- maven-antrun-plugin:3.1.0:run (create-testdirs) @ ozone-network-tests ---
[INFO] Executing tasks
[INFO]     [mkdir] Created dir: /home/runner/work/ozone/ozone/hadoop-ozone/fault-injection-test/network-tests/target/test-dir
[INFO] Executed tasks
[INFO] 
[INFO] --- maven-enforcer-plugin:3.4.1:enforce (depcheck) @ ozone-network-tests ---
[INFO] Rule 0: org.apache.maven.enforcer.rules.dependency.DependencyConvergence passed
[INFO] 
[INFO] --- jacoco-maven-plugin:0.8.12:prepare-agent (default-prepare-agent) @ ozone-network-tests ---
[INFO] argLine set to -javaagent:/home/runner/.m2/repository/org/jacoco/org.jacoco.agent/0.8.12/org.jacoco.agent-0.8.12-runtime.jar=destfile=/home/runner/work/ozone/ozone/hadoop-ozone/fault-injection-test/network-tests/target/jacoco.exec,includes=org.apache.hadoop.hdds.*:org.apache.hadoop.ozone.*:org.apache.hadoop.fs.ozone.*
[INFO] 
[INFO] --- maven-enforcer-plugin:3.4.1:enforce (banned-rocksdb-imports) @ ozone-network-tests ---
[INFO] Rule 0: org.apache.maven.plugins.enforcer.RestrictImports passed
[INFO] 
[INFO] --- maven-enforcer-plugin:3.4.1:enforce (ban-imports) @ ozone-network-tests ---
[INFO] Rule 0: org.apache.maven.plugins.enforcer.RestrictImports passed
[INFO] Rule 1: org.apache.maven.plugins.enforcer.RestrictImports passed
[INFO] Rule 2: org.apache.maven.plugins.enforcer.RestrictImports passed
[INFO] Rule 3: org.apache.maven.plugins.enforcer.RestrictImports passed
[INFO] Rule 4: org.apache.maven.plugins.enforcer.RestrictImports passed
[WARNING] EXPERIMENTAL FEATURE enabled. You have enabled full-compilation-unit parsing. Please be aware that experimental features might get removed or changed. Please share your feedback!
[INFO] Rule 5: org.apache.maven.plugins.enforcer.RestrictImports passed
[INFO] Rule 6: org.apache.maven.plugins.enforcer.RestrictImports passed
[INFO] 
[INFO] --- maven-remote-resources-plugin:1.7.0:process (default) @ ozone-network-tests ---
[INFO] Preparing remote bundle org.apache.hadoop:hadoop-build-tools:3.3.6
[INFO] Copying 2 resources from 1 bundle.
[INFO] 
[INFO] --- maven-resources-plugin:3.1.0:resources (default-resources) @ ozone-network-tests ---
[INFO] Using 'UTF-8' encoding to copy filtered resources.
[INFO] skip non existing resourceDirectory /home/runner/work/ozone/ozone/hadoop-ozone/fault-injection-test/network-tests/src/main/resources
[INFO] Copying 2 resources
[INFO] 
[INFO] --- maven-resources-plugin:3.1.0:copy-resources (copy-resources) @ ozone-network-tests ---
[INFO] Using 'UTF-8' encoding to copy filtered resources.
[INFO] Copying 2 resources
[INFO] 
[INFO] --- maven-compiler-plugin:3.9.0:compile (default-compile) @ ozone-network-tests ---
[INFO] No sources to compile
[INFO] 
[INFO] --- maven-resources-plugin:3.1.0:testResources (default-testResources) @ ozone-network-tests ---
[INFO] Not copying test resources
[INFO] 
[INFO] --- maven-compiler-plugin:3.9.0:testCompile (default-testCompile) @ ozone-network-tests ---
[INFO] Skipped
[INFO] 
[INFO] --- maven-surefire-plugin:3.0.0-M4:test (default-test) @ ozone-network-tests ---
[INFO] Tests are skipped.
[INFO] Skipped
[INFO] 
[INFO] ------------------------------------------------------------------------
[INFO] Skipping Apache Ozone Mini Ozone Chaos Tests
[INFO] This project has been banned from the build due to previous failures.
[INFO] ------------------------------------------------------------------------
[INFO] ------------------------------------------------------------------------
[INFO] Reactor Summary for Apache Ozone Main 1.5.0-SNAPSHOT:
[INFO] 
[INFO] Apache Ozone Main .................................. SUCCESS [  1.409 s]
[INFO] Apache Ozone HDDS .................................. SUCCESS [  0.453 s]
[INFO] Apache Ozone Annotation Processing ................. SUCCESS [  1.114 s]
[INFO] Apache Ozone HDDS Hadoop Client dependencies ....... SUCCESS [  1.463 s]
[INFO] Apache Ozone HDDS Hadoop Test dependencies ......... SUCCESS [  0.862 s]
[INFO] Apache Ozone HDDS Hadoop Server dependencies ....... SUCCESS [  0.522 s]
[INFO] Apache Ozone HDDS Client Interface ................. SUCCESS [ 13.443 s]
[INFO] Apache Ozone HDDS Admin Interface .................. SUCCESS [  3.315 s]
[INFO] Apache Ozone HDDS Server Interface ................. SUCCESS [  3.811 s]
[INFO] Apache Ozone HDDS Test Utils ....................... SUCCESS [  1.328 s]
[INFO] Apache Ozone HDDS Config ........................... SUCCESS [  1.518 s]
[INFO] Apache Ozone HDDS Common ........................... SUCCESS [  6.965 s]
[INFO] Apache Ozone HDDS Erasurecode ...................... SUCCESS [  0.704 s]
[INFO] Apache Ozone HDDS Client ........................... SUCCESS [  1.452 s]
[INFO] Apache Ozone HDDS Managed RocksDB .................. SUCCESS [  1.269 s]
[INFO] Apache Ozone HDDS RocksDB Tools .................... SUCCESS [  0.670 s]
[INFO] RocksDB Checkpoint Differ .......................... SUCCESS [  1.514 s]
[INFO] Apache Ozone HDDS Server Framework ................. SUCCESS [  4.219 s]
[INFO] Apache Ozone/HDDS Documentation .................... SUCCESS [  5.227 s]
[INFO] Apache Ozone HDDS Container Service ................ SUCCESS [  5.590 s]
[INFO] Apache Ozone HDDS SCM Server ....................... SUCCESS [  7.481 s]
[INFO] Apache Ozone HDDS Tools ............................ SUCCESS [  1.335 s]
[INFO] Apache Ozone ....................................... SUCCESS [  0.056 s]
[INFO] Apache Ozone Client Interface ...................... SUCCESS [ 21.900 s]
[INFO] Apache Ozone Common ................................ SUCCESS [  3.360 s]
[INFO] Apache Ozone Storage Interface ..................... SUCCESS [  1.090 s]
[INFO] Apache Ozone Client ................................ SUCCESS [  1.242 s]
[INFO] Apache Ozone Manager Server ........................ FAILURE [01:34 min]
[INFO] Apache Ozone FileSystem Common ..................... SKIPPED
[INFO] Apache Ozone FileSystem ............................ SKIPPED
[INFO] Apache Ozone Recon CodeGen ......................... SUCCESS [  1.004 s]
[INFO] Apache Ozone Recon ................................. SKIPPED
[INFO] Apache Ozone Tools ................................. SKIPPED
[INFO] Apache Ozone S3 Gateway ............................ SUCCESS [  2.446 s]
[INFO] Apache Ozone CSI service ........................... SUCCESS [  3.138 s]
[INFO] Apache Ozone Integration Tests ..................... SKIPPED
[INFO] Apache Ozone Datanode .............................. SUCCESS [  0.105 s]
[INFO] Apache Ozone Insight Tool .......................... SKIPPED
[INFO] Apache Ozone HttpFS ................................ SKIPPED
[INFO] Apache Ozone S3 Secret Store ....................... SKIPPED
[INFO] Apache Ozone FileSystem Shaded ..................... SKIPPED
[INFO] Apache Ozone FS Hadoop 2.x compatibility ........... SKIPPED
[INFO] Apache Ozone FS Hadoop 3.x compatibility ........... SKIPPED
[INFO] Apache Ozone FS Hadoop shaded 3.x compatibility .... SKIPPED
[INFO] Apache Ozone Distribution .......................... SKIPPED
[INFO] Apache Ozone Fault Injection Tests ................. SUCCESS [  0.035 s]
[INFO] Apache Ozone Network Tests ......................... SUCCESS [  0.088 s]
[INFO] Apache Ozone Mini Ozone Chaos Tests ................ SKIPPED
[INFO] ------------------------------------------------------------------------
[INFO] BUILD FAILURE
[INFO] ------------------------------------------------------------------------
[INFO] Total time:  03:15 min
[INFO] Finished at: 2024-05-12T20:51:54Z
[INFO] ------------------------------------------------------------------------
[INFO] 369 goals, 369 executed
[INFO] 
[INFO] Publishing build scan...
[INFO] https://ge.apache.org/s/oizapn5bo4qby
[INFO] 
[ERROR] Failed to execute goal org.apache.maven.plugins:maven-surefire-plugin:3.0.0-M4:test (default-test) on project ozone-manager: There are test failures.
[ERROR] 
[ERROR] Please refer to /home/runner/work/ozone/ozone/hadoop-ozone/ozone-manager/target/surefire-reports for the individual test results.
[ERROR] Please refer to dump files (if any exist) [date].dump, [date]-jvmRun[N].dump and [date].dumpstream.
[ERROR] -> [Help 1]
[ERROR] 
[ERROR] To see the full stack trace of the errors, re-run Maven with the -e switch.
[ERROR] Re-run Maven using the -X switch to enable full debug logging.
[ERROR] 
[ERROR] For more information about the errors and possible solutions, please read the following articles:
[ERROR] [Help 1] http://cwiki.apache.org/confluence/display/MAVEN/MojoFailureException
[ERROR] 
[ERROR] After correcting the problems, you can resume the build with the command
[ERROR]   mvn <args> -rf :ozone-manager
