Apache Maven 3.8.8 (4c87b05d9aedce574290d1acc98575ed5eb6cd39)
Maven home: /usr/share/apache-maven-3.8.8
Java version: 1.8.0_402, vendor: Temurin, runtime: /usr/lib/jvm/temurin-8-jdk-amd64/jre
Default locale: en, platform encoding: UTF-8
OS name: "linux", version: "5.15.0-1057-azure", arch: "amd64", family: "unix"
[INFO] Scanning for projects...
[INFO] ------------------------------------------------------------------------
[INFO] Detecting the operating system and CPU architecture
[INFO] ------------------------------------------------------------------------
[INFO] os.detected.name: linux
[INFO] os.detected.arch: x86_64
[INFO] os.detected.bitness: 64
[INFO] os.detected.version: 5.15
[INFO] os.detected.version.major: 5
[INFO] os.detected.version.minor: 15
[INFO] os.detected.release: ubuntu
[INFO] os.detected.release.version: 20.04
[INFO] os.detected.release.like.ubuntu: true
[INFO] os.detected.release.like.debian: true
[INFO] os.detected.classifier: linux-x86_64
[INFO] ------------------------------------------------------------------------
[INFO] Reactor Build Order:
[INFO] 
[INFO] Apache Ozone Integration Tests                                     [jar]
[INFO] Apache Ozone Mini Ozone Chaos Tests                                [jar]
[INFO] 
[INFO] --------------< org.apache.ozone:ozone-integration-test >---------------
[INFO] Building Apache Ozone Integration Tests 1.5.0-SNAPSHOT             [1/2]
[INFO]   from pom.xml
[INFO] --------------------------------[ jar ]---------------------------------
[INFO] 
[INFO] --- maven-antrun-plugin:3.1.0:run (create-testdirs) @ ozone-integration-test ---
[INFO] Executing tasks
[INFO]     [mkdir] Created dir: /home/runner/work/ozone/ozone/hadoop-ozone/integration-test/target/test-dir
[INFO] Executed tasks
[INFO] 
[INFO] --- maven-enforcer-plugin:3.4.1:enforce (depcheck) @ ozone-integration-test ---
[INFO] Rule 0: org.apache.maven.enforcer.rules.dependency.DependencyConvergence passed
[INFO] Rule 1: org.apache.maven.enforcer.rules.version.RequireMavenVersion passed
[INFO] Rule 2: org.apache.maven.enforcer.rules.version.RequireJavaVersion passed
[INFO] 
[INFO] --- jacoco-maven-plugin:0.8.11:prepare-agent (default-prepare-agent) @ ozone-integration-test ---
[INFO] argLine set to -javaagent:/home/runner/.m2/repository/org/jacoco/org.jacoco.agent/0.8.11/org.jacoco.agent-0.8.11-runtime.jar=destfile=/home/runner/work/ozone/ozone/hadoop-ozone/integration-test/target/jacoco.exec,includes=org.apache.hadoop.hdds.*:org.apache.hadoop.ozone.*:org.apache.hadoop.fs.ozone.*
[INFO] 
[INFO] --- maven-enforcer-plugin:3.4.1:enforce (banned-rocksdb-imports) @ ozone-integration-test ---
[INFO] Rule 0: org.apache.maven.plugins.enforcer.RestrictImports passed
[INFO] 
[INFO] --- maven-enforcer-plugin:3.4.1:enforce (ban-imports) @ ozone-integration-test ---
[INFO] Rule 0: org.apache.maven.plugins.enforcer.RestrictImports passed
[INFO] Rule 1: org.apache.maven.plugins.enforcer.RestrictImports passed
[INFO] Rule 2: org.apache.maven.plugins.enforcer.RestrictImports passed
[INFO] Rule 3: org.apache.maven.plugins.enforcer.RestrictImports passed
[INFO] Rule 4: org.apache.maven.plugins.enforcer.RestrictImports passed
[WARNING] EXPERIMENTAL FEATURE enabled. You have enabled full-compilation-unit parsing. Please be aware that experimental features might get removed or changed. Please share your feedback!
[INFO] Rule 5: org.apache.maven.plugins.enforcer.RestrictImports passed
[INFO] Rule 6: org.apache.maven.plugins.enforcer.RestrictImports passed
[INFO] 
[INFO] --- maven-remote-resources-plugin:1.5:process (default) @ ozone-integration-test ---
[INFO] 
[INFO] --- maven-resources-plugin:3.1.0:resources (default-resources) @ ozone-integration-test ---
[INFO] Using 'UTF-8' encoding to copy filtered resources.
[INFO] skip non existing resourceDirectory /home/runner/work/ozone/ozone/hadoop-ozone/integration-test/src/main/resources
[INFO] Copying 2 resources
[INFO] 
[INFO] --- maven-compiler-plugin:3.9.0:compile (default-compile) @ ozone-integration-test ---
[INFO] No sources to compile
[INFO] 
[INFO] --- maven-resources-plugin:3.1.0:testResources (default-testResources) @ ozone-integration-test ---
[INFO] Using 'UTF-8' encoding to copy filtered resources.
[INFO] Copying 22 resources
[INFO] Copying 2 resources
[INFO] 
[INFO] --- maven-compiler-plugin:3.9.0:testCompile (default-testCompile) @ ozone-integration-test ---
[INFO] Compiling 319 source files to /home/runner/work/ozone/ozone/hadoop-ozone/integration-test/target/test-classes
[INFO] /home/runner/work/ozone/ozone/hadoop-ozone/integration-test/src/test/java/org/apache/hadoop/ozone/TestBlockTokens.java: Some input files use or override a deprecated API.
[INFO] /home/runner/work/ozone/ozone/hadoop-ozone/integration-test/src/test/java/org/apache/hadoop/ozone/TestBlockTokens.java: Recompile with -Xlint:deprecation for details.
[INFO] /home/runner/work/ozone/ozone/hadoop-ozone/integration-test/src/test/java/org/apache/hadoop/ozone/om/ratis/TestOzoneManagerRatisRequest.java: Some input files use unchecked or unsafe operations.
[INFO] /home/runner/work/ozone/ozone/hadoop-ozone/integration-test/src/test/java/org/apache/hadoop/ozone/om/ratis/TestOzoneManagerRatisRequest.java: Recompile with -Xlint:unchecked for details.
[INFO] 
[INFO] --- maven-surefire-plugin:3.0.0-M5:test (default-test) @ ozone-integration-test ---
[INFO] 
[INFO] -------------------------------------------------------
[INFO]  T E S T S
[INFO] -------------------------------------------------------
[INFO] Running org.apache.hadoop.fs.ozone.contract.TestOzoneContractLegacy
[INFO] Running org.apache.hadoop.fs.ozone.contract.AbstractOzoneContractTest$TestContractUnbuffer
[INFO] Tests run: 6, Failures: 0, Errors: 0, Skipped: 0, Time elapsed: 2.703 s - in org.apache.hadoop.fs.ozone.contract.AbstractOzoneContractTest$TestContractUnbuffer
[INFO] Running org.apache.hadoop.fs.ozone.contract.AbstractOzoneContractTest$TestContractSeek
[INFO] Tests run: 18, Failures: 0, Errors: 0, Skipped: 0, Time elapsed: 2.438 s - in org.apache.hadoop.fs.ozone.contract.AbstractOzoneContractTest$TestContractSeek
[INFO] Running org.apache.hadoop.fs.ozone.contract.AbstractOzoneContractTest$TestContractRootDirectory
[INFO] Tests run: 9, Failures: 0, Errors: 0, Skipped: 0, Time elapsed: 0.772 s - in org.apache.hadoop.fs.ozone.contract.AbstractOzoneContractTest$TestContractRootDirectory
[INFO] Running org.apache.hadoop.fs.ozone.contract.AbstractOzoneContractTest$TestContractRename
[INFO] Tests run: 10, Failures: 0, Errors: 0, Skipped: 0, Time elapsed: 1.144 s - in org.apache.hadoop.fs.ozone.contract.AbstractOzoneContractTest$TestContractRename
[INFO] Running org.apache.hadoop.fs.ozone.contract.AbstractOzoneContractTest$TestContractOpen
[INFO] Tests run: 19, Failures: 0, Errors: 0, Skipped: 0, Time elapsed: 1.209 s - in org.apache.hadoop.fs.ozone.contract.AbstractOzoneContractTest$TestContractOpen
[INFO] Running org.apache.hadoop.fs.ozone.contract.AbstractOzoneContractTest$TestContractMkdir
[INFO] Tests run: 8, Failures: 0, Errors: 0, Skipped: 0, Time elapsed: 0.628 s - in org.apache.hadoop.fs.ozone.contract.AbstractOzoneContractTest$TestContractMkdir
[INFO] Running org.apache.hadoop.fs.ozone.contract.AbstractOzoneContractTest$TestContractGetFileStatus
[INFO] Tests run: 20, Failures: 0, Errors: 0, Skipped: 0, Time elapsed: 1.555 s - in org.apache.hadoop.fs.ozone.contract.AbstractOzoneContractTest$TestContractGetFileStatus
[INFO] Running org.apache.hadoop.fs.ozone.contract.AbstractOzoneContractTest$TestContractDelete
[INFO] Tests run: 8, Failures: 0, Errors: 0, Skipped: 0, Time elapsed: 0.501 s - in org.apache.hadoop.fs.ozone.contract.AbstractOzoneContractTest$TestContractDelete
[INFO] Running org.apache.hadoop.fs.ozone.contract.AbstractOzoneContractTest$TestContractDistCp
[INFO] Tests run: 13, Failures: 0, Errors: 0, Skipped: 0, Time elapsed: 24.698 s - in org.apache.hadoop.fs.ozone.contract.AbstractOzoneContractTest$TestContractDistCp
[INFO] Running org.apache.hadoop.fs.ozone.contract.AbstractOzoneContractTest$TestContractCreate
[WARNING] Tests run: 16, Failures: 0, Errors: 0, Skipped: 2, Time elapsed: 1.126 s - in org.apache.hadoop.fs.ozone.contract.AbstractOzoneContractTest$TestContractCreate
[INFO] Tests run: 0, Failures: 0, Errors: 0, Skipped: 0, Time elapsed: 59.375 s - in org.apache.hadoop.fs.ozone.contract.TestOzoneContractLegacy
[INFO] Running org.apache.hadoop.fs.ozone.contract.TestRootedOzoneContract
[INFO] Running org.apache.hadoop.fs.ozone.contract.AbstractOzoneContractTest$TestContractUnbuffer
[INFO] Tests run: 6, Failures: 0, Errors: 0, Skipped: 0, Time elapsed: 2.467 s - in org.apache.hadoop.fs.ozone.contract.AbstractOzoneContractTest$TestContractUnbuffer
[INFO] Running org.apache.hadoop.fs.ozone.contract.AbstractOzoneContractTest$TestContractSeek
[INFO] Tests run: 18, Failures: 0, Errors: 0, Skipped: 0, Time elapsed: 1.598 s - in org.apache.hadoop.fs.ozone.contract.AbstractOzoneContractTest$TestContractSeek
[INFO] Running org.apache.hadoop.fs.ozone.contract.AbstractOzoneContractTest$TestContractRootDirectory
[WARNING] Tests run: 9, Failures: 0, Errors: 0, Skipped: 6, Time elapsed: 0.528 s - in org.apache.hadoop.fs.ozone.contract.AbstractOzoneContractTest$TestContractRootDirectory
[INFO] Running org.apache.hadoop.fs.ozone.contract.AbstractOzoneContractTest$TestContractRename
[INFO] Tests run: 10, Failures: 0, Errors: 0, Skipped: 0, Time elapsed: 0.869 s - in org.apache.hadoop.fs.ozone.contract.AbstractOzoneContractTest$TestContractRename
[INFO] Running org.apache.hadoop.fs.ozone.contract.AbstractOzoneContractTest$TestContractOpen
[INFO] Tests run: 19, Failures: 0, Errors: 0, Skipped: 0, Time elapsed: 0.794 s - in org.apache.hadoop.fs.ozone.contract.AbstractOzoneContractTest$TestContractOpen
[INFO] Running org.apache.hadoop.fs.ozone.contract.AbstractOzoneContractTest$TestContractMkdir
[INFO] Tests run: 8, Failures: 0, Errors: 0, Skipped: 0, Time elapsed: 0.471 s - in org.apache.hadoop.fs.ozone.contract.AbstractOzoneContractTest$TestContractMkdir
[INFO] Running org.apache.hadoop.fs.ozone.contract.AbstractOzoneContractTest$TestContractGetFileStatus
[INFO] Tests run: 20, Failures: 0, Errors: 0, Skipped: 0, Time elapsed: 1.319 s - in org.apache.hadoop.fs.ozone.contract.AbstractOzoneContractTest$TestContractGetFileStatus
[INFO] Running org.apache.hadoop.fs.ozone.contract.AbstractOzoneContractTest$TestContractDelete
[INFO] Tests run: 8, Failures: 0, Errors: 0, Skipped: 0, Time elapsed: 0.373 s - in org.apache.hadoop.fs.ozone.contract.AbstractOzoneContractTest$TestContractDelete
[INFO] Running org.apache.hadoop.fs.ozone.contract.AbstractOzoneContractTest$TestContractDistCp
[INFO] Tests run: 13, Failures: 0, Errors: 0, Skipped: 0, Time elapsed: 23.7 s - in org.apache.hadoop.fs.ozone.contract.AbstractOzoneContractTest$TestContractDistCp
[INFO] Running org.apache.hadoop.fs.ozone.contract.AbstractOzoneContractTest$TestContractCreate
[WARNING] Tests run: 16, Failures: 0, Errors: 0, Skipped: 2, Time elapsed: 0.798 s - in org.apache.hadoop.fs.ozone.contract.AbstractOzoneContractTest$TestContractCreate
[INFO] Tests run: 0, Failures: 0, Errors: 0, Skipped: 0, Time elapsed: 55.331 s - in org.apache.hadoop.fs.ozone.contract.TestRootedOzoneContract
[INFO] Running org.apache.hadoop.fs.ozone.contract.TestOzoneContractFSO
[INFO] Running org.apache.hadoop.fs.ozone.contract.AbstractOzoneContractTest$TestContractUnbuffer
[INFO] Tests run: 6, Failures: 0, Errors: 0, Skipped: 0, Time elapsed: 2.63 s - in org.apache.hadoop.fs.ozone.contract.AbstractOzoneContractTest$TestContractUnbuffer
[INFO] Running org.apache.hadoop.fs.ozone.contract.AbstractOzoneContractTest$TestContractSeek
[INFO] Tests run: 18, Failures: 0, Errors: 0, Skipped: 0, Time elapsed: 2.443 s - in org.apache.hadoop.fs.ozone.contract.AbstractOzoneContractTest$TestContractSeek
[INFO] Running org.apache.hadoop.fs.ozone.contract.AbstractOzoneContractTest$TestContractRootDirectory
[INFO] Tests run: 9, Failures: 0, Errors: 0, Skipped: 0, Time elapsed: 0.712 s - in org.apache.hadoop.fs.ozone.contract.AbstractOzoneContractTest$TestContractRootDirectory
[INFO] Running org.apache.hadoop.fs.ozone.contract.AbstractOzoneContractTest$TestContractRename
[INFO] Tests run: 10, Failures: 0, Errors: 0, Skipped: 0, Time elapsed: 1.115 s - in org.apache.hadoop.fs.ozone.contract.AbstractOzoneContractTest$TestContractRename
[INFO] Running org.apache.hadoop.fs.ozone.contract.AbstractOzoneContractTest$TestContractOpen
[INFO] Tests run: 19, Failures: 0, Errors: 0, Skipped: 0, Time elapsed: 1.179 s - in org.apache.hadoop.fs.ozone.contract.AbstractOzoneContractTest$TestContractOpen
[INFO] Running org.apache.hadoop.fs.ozone.contract.AbstractOzoneContractTest$TestContractMkdir
[INFO] Tests run: 8, Failures: 0, Errors: 0, Skipped: 0, Time elapsed: 0.585 s - in org.apache.hadoop.fs.ozone.contract.AbstractOzoneContractTest$TestContractMkdir
[INFO] Running org.apache.hadoop.fs.ozone.contract.AbstractOzoneContractTest$TestContractGetFileStatus
[INFO] Tests run: 20, Failures: 0, Errors: 0, Skipped: 0, Time elapsed: 1.567 s - in org.apache.hadoop.fs.ozone.contract.AbstractOzoneContractTest$TestContractGetFileStatus
[INFO] Running org.apache.hadoop.fs.ozone.contract.AbstractOzoneContractTest$TestContractDelete
[INFO] Tests run: 8, Failures: 0, Errors: 0, Skipped: 0, Time elapsed: 0.481 s - in org.apache.hadoop.fs.ozone.contract.AbstractOzoneContractTest$TestContractDelete
[INFO] Running org.apache.hadoop.fs.ozone.contract.AbstractOzoneContractTest$TestContractDistCp
[INFO] Tests run: 13, Failures: 0, Errors: 0, Skipped: 0, Time elapsed: 24.184 s - in org.apache.hadoop.fs.ozone.contract.AbstractOzoneContractTest$TestContractDistCp
[INFO] Running org.apache.hadoop.fs.ozone.contract.AbstractOzoneContractTest$TestContractCreate
[ERROR] Tests run: 16, Failures: 0, Errors: 1, Skipped: 2, Time elapsed: 1.067 s <<< FAILURE! - in org.apache.hadoop.fs.ozone.contract.AbstractOzoneContractTest$TestContractCreate
[ERROR] org.apache.hadoop.fs.ozone.contract.AbstractOzoneContractTest$TestContractCreate.testSyncable  Time elapsed: 0.09 s  <<< ERROR!
java.io.IOException: Inconsistent read for blockID=conID: 2 locID: 113750153625600162 bcsId: 0 length=2 position=1 numBytesToRead=1 numBytesRead=-1
	at org.apache.hadoop.ozone.client.io.KeyInputStream.checkPartBytesRead(KeyInputStream.java:183)
	at org.apache.hadoop.hdds.scm.storage.MultipartInputStream.readWithStrategy(MultipartInputStream.java:97)
	at org.apache.hadoop.hdds.scm.storage.ExtendedInputStream.read(ExtendedInputStream.java:56)
	at org.apache.hadoop.hdds.scm.storage.ExtendedInputStream.read(ExtendedInputStream.java:43)
	at org.apache.hadoop.fs.ozone.OzoneFSInputStream.read(OzoneFSInputStream.java:55)
	at java.io.FilterInputStream.read(FilterInputStream.java:83)
	at org.apache.hadoop.fs.contract.AbstractContractCreateTest.validateSyncableSemantics(AbstractContractCreateTest.java:544)
	at org.apache.hadoop.fs.contract.AbstractContractCreateTest.testSyncable(AbstractContractCreateTest.java:454)
	at java.lang.reflect.Method.invoke(Method.java:498)
	at java.util.ArrayList.forEach(ArrayList.java:1259)
	at java.util.ArrayList.forEach(ArrayList.java:1259)
	at java.util.ArrayList.forEach(ArrayList.java:1259)

[INFO] Tests run: 0, Failures: 0, Errors: 0, Skipped: 0, Time elapsed: 58.458 s - in org.apache.hadoop.fs.ozone.contract.TestOzoneContractFSO
[INFO] 
[INFO] Results:
[INFO] 
[ERROR] Errors: 
[ERROR] org.apache.hadoop.fs.ozone.contract.AbstractOzoneContractTest$TestContractCreate.testSyncable
[INFO]   Run 1: PASS
[INFO]   Run 2: PASS
[ERROR]   Run 3: AbstractOzoneContractTest$TestContractCreate>AbstractContractCreateTest.testSyncable:454->AbstractContractCreateTest.validateSyncableSemantics:544 Â» IO
[INFO] 
[INFO] 
[ERROR] Tests run: 369, Failures: 0, Errors: 1, Skipped: 2
[INFO] 
[INFO] 
[INFO] ------------------------------------------------------------------------
[INFO] Skipping Apache Ozone Mini Ozone Chaos Tests
[INFO] This project has been banned from the build due to previous failures.
[INFO] ------------------------------------------------------------------------
[INFO] ------------------------------------------------------------------------
[INFO] Reactor Summary for Apache Ozone Integration Tests 1.5.0-SNAPSHOT:
[INFO] 
[INFO] Apache Ozone Integration Tests ..................... FAILURE [03:31 min]
[INFO] Apache Ozone Mini Ozone Chaos Tests ................ SKIPPED
[INFO] ------------------------------------------------------------------------
[INFO] BUILD FAILURE
[INFO] ------------------------------------------------------------------------
[INFO] Total time:  03:31 min
[INFO] Finished at: 2024-03-07T05:35:35Z
[INFO] ------------------------------------------------------------------------
[INFO] 11 goals, 11 executed
[INFO] 
[INFO] Publishing build scan...
[INFO] https://ge.apache.org/s/mcyzcw6x67u64
[INFO] 
[ERROR] Failed to execute goal org.apache.maven.plugins:maven-surefire-plugin:3.0.0-M5:test (default-test) on project ozone-integration-test: There are test failures.
[ERROR] 
[ERROR] Please refer to /home/runner/work/ozone/ozone/hadoop-ozone/integration-test/target/surefire-reports for the individual test results.
[ERROR] Please refer to dump files (if any exist) [date].dump, [date]-jvmRun[N].dump and [date].dumpstream.
[ERROR] -> [Help 1]
[ERROR] 
[ERROR] To see the full stack trace of the errors, re-run Maven with the -e switch.
[ERROR] Re-run Maven using the -X switch to enable full debug logging.
[ERROR] 
[ERROR] For more information about the errors and possible solutions, please read the following articles:
[ERROR] [Help 1] http://cwiki.apache.org/confluence/display/MAVEN/MojoFailureException
