[INFO] Scanning for projects...
[INFO] ------------------------------------------------------------------------
[INFO] Detecting the operating system and CPU architecture
[INFO] ------------------------------------------------------------------------
[INFO] os.detected.name: linux
[INFO] os.detected.arch: x86_64
[INFO] os.detected.version: 5.15
[INFO] os.detected.version.major: 5
[INFO] os.detected.version.minor: 15
[INFO] os.detected.release: ubuntu
[INFO] os.detected.release.version: 20.04
[INFO] os.detected.release.like.ubuntu: true
[INFO] os.detected.release.like.debian: true
[INFO] os.detected.classifier: linux-x86_64
[INFO] ------------------------------------------------------------------------
[INFO] Reactor Build Order:
[INFO] 
[INFO] Apache Ozone Integration Tests                                     [jar]
[INFO] Apache Ozone Mini Ozone Chaos Tests                                [jar]
[INFO] 
[INFO] --------------< org.apache.ozone:ozone-integration-test >---------------
[INFO] Building Apache Ozone Integration Tests 1.5.0-SNAPSHOT             [1/2]
[INFO]   from pom.xml
[INFO] --------------------------------[ jar ]---------------------------------
[INFO] 
[INFO] --- maven-antrun-plugin:3.1.0:run (create-testdirs) @ ozone-integration-test ---
[INFO] Executing tasks
[INFO]     [mkdir] Created dir: /home/runner/work/ozone/ozone/hadoop-ozone/integration-test/target/test-dir
[INFO] Executed tasks
[INFO] 
[INFO] --- maven-enforcer-plugin:3.4.1:enforce (depcheck) @ ozone-integration-test ---
[INFO] Rule 0: org.apache.maven.enforcer.rules.dependency.DependencyConvergence passed
[INFO] Rule 1: org.apache.maven.enforcer.rules.version.RequireMavenVersion passed
[INFO] Rule 2: org.apache.maven.enforcer.rules.version.RequireJavaVersion passed
[INFO] 
[INFO] --- jacoco-maven-plugin:0.8.5:prepare-agent (default-prepare-agent) @ ozone-integration-test ---
[INFO] argLine set to -javaagent:/home/runner/.m2/repository/org/jacoco/org.jacoco.agent/0.8.5/org.jacoco.agent-0.8.5-runtime.jar=destfile=/home/runner/work/ozone/ozone/hadoop-ozone/integration-test/target/jacoco.exec,includes=org.apache.hadoop.hdds.*:org.apache.hadoop.ozone.*:org.apache.hadoop.fs.ozone.*
[INFO] 
[INFO] --- maven-enforcer-plugin:3.4.1:enforce (banned-rocksdb-imports) @ ozone-integration-test ---
[INFO] Rule 0: org.apache.maven.plugins.enforcer.RestrictImports passed
[INFO] Rule 1: org.apache.maven.plugins.enforcer.RestrictImports passed
[INFO] Rule 2: org.apache.maven.plugins.enforcer.RestrictImports passed
[INFO] 
[INFO] --- maven-enforcer-plugin:3.4.1:enforce (ban-junit4-imports) @ ozone-integration-test ---
[INFO] Skipping Rule Enforcement.
[INFO] 
[INFO] --- maven-remote-resources-plugin:1.5:process (default) @ ozone-integration-test ---
[INFO] 
[INFO] --- maven-resources-plugin:3.1.0:resources (default-resources) @ ozone-integration-test ---
[INFO] Using 'UTF-8' encoding to copy filtered resources.
[INFO] skip non existing resourceDirectory /home/runner/work/ozone/ozone/hadoop-ozone/integration-test/src/main/resources
[INFO] Copying 2 resources
[INFO] 
[INFO] --- maven-compiler-plugin:3.9.0:compile (default-compile) @ ozone-integration-test ---
[INFO] No sources to compile
[INFO] 
[INFO] --- maven-resources-plugin:3.1.0:testResources (default-testResources) @ ozone-integration-test ---
[INFO] Using 'UTF-8' encoding to copy filtered resources.
[INFO] Copying 22 resources
[INFO] Copying 2 resources
[INFO] 
[INFO] --- maven-compiler-plugin:3.9.0:testCompile (default-testCompile) @ ozone-integration-test ---
[INFO] Compiling 294 source files to /home/runner/work/ozone/ozone/hadoop-ozone/integration-test/target/test-classes
[INFO] /home/runner/work/ozone/ozone/hadoop-ozone/integration-test/src/test/java/org/apache/hadoop/ozone/TestBlockTokens.java: Some input files use or override a deprecated API.
[INFO] /home/runner/work/ozone/ozone/hadoop-ozone/integration-test/src/test/java/org/apache/hadoop/ozone/TestBlockTokens.java: Recompile with -Xlint:deprecation for details.
[INFO] /home/runner/work/ozone/ozone/hadoop-ozone/integration-test/src/test/java/org/apache/hadoop/ozone/om/ratis/TestOzoneManagerRatisRequest.java: Some input files use unchecked or unsafe operations.
[INFO] /home/runner/work/ozone/ozone/hadoop-ozone/integration-test/src/test/java/org/apache/hadoop/ozone/om/ratis/TestOzoneManagerRatisRequest.java: Recompile with -Xlint:unchecked for details.
[INFO] 
[INFO] --- maven-surefire-plugin:3.2.2:test (default-test) @ ozone-integration-test ---
[INFO] Using auto detected provider org.apache.maven.surefire.junitplatform.JUnitPlatformProvider
[INFO] Using auto detected provider org.apache.maven.surefire.junitplatform.JUnitPlatformProvider
[INFO] 
[INFO] -------------------------------------------------------
[INFO]  T E S T S
[INFO] -------------------------------------------------------
[INFO] Running org.apache.hadoop.ozone.parser.TestOzoneHARatisLogParser
[INFO] Tests run: 1, Failures: 0, Errors: 0, Skipped: 0, Time elapsed: 46.73 s -- in org.apache.hadoop.ozone.parser.TestOzoneHARatisLogParser
[INFO] Running org.apache.hadoop.ozone.container.common.statemachine.commandhandler.TestBlockDeletion
[INFO] Tests run: 2, Failures: 0, Errors: 0, Skipped: 0, Time elapsed: 86.35 s -- in org.apache.hadoop.ozone.container.common.statemachine.commandhandler.TestBlockDeletion
[INFO] Running org.apache.hadoop.ozone.scm.TestSCMInstallSnapshotWithHA
[INFO] Tests run: 3, Failures: 0, Errors: 0, Skipped: 0, Time elapsed: 133.4 s -- in org.apache.hadoop.ozone.scm.TestSCMInstallSnapshotWithHA
[INFO] Running org.apache.hadoop.ozone.scm.TestStorageContainerManager
[INFO] Tests run: 1, Failures: 0, Errors: 0, Skipped: 0, Time elapsed: 4.225 s -- in org.apache.hadoop.ozone.scm.TestStorageContainerManager
[INFO] Running org.apache.hadoop.ozone.scm.node.TestDecommissionAndMaintenance
[INFO] Tests run: 7, Failures: 0, Errors: 0, Skipped: 0, Time elapsed: 249.6 s -- in org.apache.hadoop.ozone.scm.node.TestDecommissionAndMaintenance
[INFO] Running org.apache.hadoop.ozone.TestSecureOzoneCluster
[INFO] Tests run: 1, Failures: 0, Errors: 0, Skipped: 0, Time elapsed: 17.20 s -- in org.apache.hadoop.ozone.TestSecureOzoneCluster
[INFO] Running org.apache.hadoop.ozone.om.TestSnapshotBackgroundServices
[INFO] Tests run: 4, Failures: 0, Errors: 0, Skipped: 0, Time elapsed: 184.5 s -- in org.apache.hadoop.ozone.om.TestSnapshotBackgroundServices
[INFO] Running org.apache.hadoop.ozone.om.TestAddRemoveOzoneManager
[INFO] Tests run: 1, Failures: 0, Errors: 0, Skipped: 0, Time elapsed: 51.34 s -- in org.apache.hadoop.ozone.om.TestAddRemoveOzoneManager
[INFO] Running org.apache.hadoop.ozone.om.TestOzoneManagerPrepare
[INFO] Tests run: 4, Failures: 0, Errors: 0, Skipped: 0, Time elapsed: 110.9 s -- in org.apache.hadoop.ozone.om.TestOzoneManagerPrepare
[INFO] Running org.apache.hadoop.ozone.om.TestSnapshotDeletingService
[INFO] Tests run: 2, Failures: 0, Errors: 0, Skipped: 0, Time elapsed: 255.0 s -- in org.apache.hadoop.ozone.om.TestSnapshotDeletingService
[INFO] Running org.apache.hadoop.ozone.client.rpc.TestContainerStateMachineFailures
[INFO] Tests run: 2, Failures: 0, Errors: 0, Skipped: 0, Time elapsed: 31.71 s -- in org.apache.hadoop.ozone.client.rpc.TestContainerStateMachineFailures
[INFO] Running org.apache.hadoop.ozone.client.rpc.TestOzoneRpcClient
[INFO] Tests run: 2, Failures: 0, Errors: 0, Skipped: 0, Time elapsed: 50.25 s -- in org.apache.hadoop.ozone.client.rpc.TestOzoneRpcClient
[INFO] Running org.apache.hadoop.ozone.client.rpc.TestOzoneRpcClientWithRatis
[INFO] Tests run: 2, Failures: 0, Errors: 0, Skipped: 0, Time elapsed: 49.59 s -- in org.apache.hadoop.ozone.client.rpc.TestOzoneRpcClientWithRatis
[INFO] Running org.apache.hadoop.ozone.client.rpc.TestOzoneAtRestEncryption
[INFO] Tests run: 9, Failures: 0, Errors: 0, Skipped: 0, Time elapsed: 44.07 s -- in org.apache.hadoop.ozone.client.rpc.TestOzoneAtRestEncryption
[INFO] Running org.apache.hadoop.ozone.client.rpc.TestSecureOzoneRpcClient
[INFO] Tests run: 1, Failures: 0, Errors: 0, Skipped: 0, Time elapsed: 26.40 s -- in org.apache.hadoop.ozone.client.rpc.TestSecureOzoneRpcClient
[INFO] Running org.apache.hadoop.ozone.client.rpc.TestWatchForCommit
[ERROR] Tests run: 4, Failures: 1, Errors: 1, Skipped: 0, Time elapsed: 137.6 s <<< FAILURE! -- in org.apache.hadoop.ozone.client.rpc.TestWatchForCommit
[ERROR] org.apache.hadoop.ozone.client.rpc.TestWatchForCommit.testWatchForCommitForRetryfailure -- Time elapsed: 38.34 s <<< FAILURE!
org.opentest4j.AssertionFailedError: expected: <false> but was: <true>
	at org.junit.jupiter.api.AssertionFailureBuilder.build(AssertionFailureBuilder.java:151)
	at org.junit.jupiter.api.AssertionFailureBuilder.buildAndThrow(AssertionFailureBuilder.java:132)
	at org.junit.jupiter.api.AssertFalse.failNotFalse(AssertFalse.java:63)
	at org.junit.jupiter.api.AssertFalse.assertFalse(AssertFalse.java:36)
	at org.junit.jupiter.api.AssertFalse.assertFalse(AssertFalse.java:31)
	at org.junit.jupiter.api.Assertions.assertFalse(Assertions.java:231)
	at org.apache.hadoop.ozone.client.rpc.TestWatchForCommit.testWatchForCommitForRetryfailure(TestWatchForCommit.java:293)
	at java.lang.reflect.Method.invoke(Method.java:498)
	at java.util.ArrayList.forEach(ArrayList.java:1259)
	at java.util.ArrayList.forEach(ArrayList.java:1259)

[ERROR] org.apache.hadoop.ozone.client.rpc.TestWatchForCommit.testWatchForCommitForGroupMismatchException -- Time elapsed: 29.20 s <<< ERROR!
java.util.concurrent.ExecutionException: org.apache.ratis.protocol.exceptions.AlreadyClosedException: SlidingWindow$Client:client-9BF44B20C702->RAFT is closed.
	at java.util.concurrent.CompletableFuture.reportGet(CompletableFuture.java:357)
	at java.util.concurrent.CompletableFuture.get(CompletableFuture.java:1908)
	at org.apache.hadoop.ozone.client.rpc.TestWatchForCommit.testWatchForCommitForGroupMismatchException(TestWatchForCommit.java:364)
	at java.lang.reflect.Method.invoke(Method.java:498)
	at java.util.ArrayList.forEach(ArrayList.java:1259)
	at java.util.ArrayList.forEach(ArrayList.java:1259)
Caused by: org.apache.ratis.protocol.exceptions.AlreadyClosedException: SlidingWindow$Client:client-9BF44B20C702->RAFT is closed.
	at org.apache.ratis.util.SlidingWindow$Client.alreadyClosed(SlidingWindow.java:406)
	at org.apache.ratis.util.SlidingWindow$Client.fail(SlidingWindow.java:394)
	at org.apache.ratis.client.impl.OrderedAsync.failAllAsyncRequests(OrderedAsync.java:149)
	at org.apache.ratis.client.impl.OrderedAsync.handleAsyncRetryFailure(OrderedAsync.java:153)
	at org.apache.ratis.client.impl.OrderedAsync.lambda$sendRequest$9(OrderedAsync.java:253)
	at java.util.concurrent.CompletableFuture.uniExceptionally(CompletableFuture.java:884)
	at java.util.concurrent.CompletableFuture$UniExceptionally.tryFire(CompletableFuture.java:866)
	at java.util.concurrent.CompletableFuture.postComplete(CompletableFuture.java:488)
	at java.util.concurrent.CompletableFuture.completeExceptionally(CompletableFuture.java:1990)
	at org.apache.ratis.grpc.client.GrpcClientProtocolClient$AsyncStreamObservers.completeReplyExceptionally(GrpcClientProtocolClient.java:394)
	at org.apache.ratis.grpc.client.GrpcClientProtocolClient$AsyncStreamObservers.access$000(GrpcClientProtocolClient.java:300)
	at org.apache.ratis.grpc.client.GrpcClientProtocolClient$AsyncStreamObservers$1.onNext(GrpcClientProtocolClient.java:314)
	at org.apache.ratis.grpc.client.GrpcClientProtocolClient$AsyncStreamObservers$1.onNext(GrpcClientProtocolClient.java:305)
	at org.apache.ratis.thirdparty.io.grpc.stub.ClientCalls$StreamObserverToCallListenerAdapter.onMessage(ClientCalls.java:468)
	at org.apache.ratis.thirdparty.io.grpc.ForwardingClientCallListener.onMessage(ForwardingClientCallListener.java:33)
	at org.apache.ratis.thirdparty.io.grpc.internal.ClientCallImpl$ClientStreamListenerImpl$1MessagesAvailable.runInternal(ClientCallImpl.java:660)
	at org.apache.ratis.thirdparty.io.grpc.internal.ClientCallImpl$ClientStreamListenerImpl$1MessagesAvailable.runInContext(ClientCallImpl.java:647)
	at org.apache.ratis.thirdparty.io.grpc.internal.ContextRunnable.run(ContextRunnable.java:37)
	at org.apache.ratis.thirdparty.io.grpc.internal.SerializingExecutor.run(SerializingExecutor.java:133)
	at java.util.concurrent.ThreadPoolExecutor.runWorker(ThreadPoolExecutor.java:1149)
	at java.util.concurrent.ThreadPoolExecutor$Worker.run(ThreadPoolExecutor.java:624)
	at java.lang.Thread.run(Thread.java:750)
Caused by: org.apache.ratis.protocol.exceptions.RaftRetryFailureException: Failed RaftClientRequest:client-9BF44B20C702->9041b40e-5b92-449e-aa66-a19f39177033@group-931AD61AFC41, cid=57, seq=1*, Watch(0), null for 3 attempts with RequestTypeDependentRetryPolicy{WRITE->ExceptionDependentRetry(maxAttempts=2147483647; defaultPolicy=MultipleLinearRandomRetry[5x5s, 5x10s, 5x15s, 5x20s, 5x25s, 10x60s]; map={org.apache.ratis.protocol.exceptions.GroupMismatchException->NoRetry, org.apache.ratis.protocol.exceptions.NotReplicatedException->NoRetry, org.apache.ratis.protocol.exceptions.ResourceUnavailableException->org.apache.ratis.retry.ExponentialBackoffRetry@10a6afb6, org.apache.ratis.protocol.exceptions.StateMachineException->NoRetry, org.apache.ratis.protocol.exceptions.TimeoutIOException->org.apache.ratis.retry.ExponentialBackoffRetry@10a6afb6}), WATCH->ExceptionDependentRetry(maxAttempts=2147483647; defaultPolicy=MultipleLinearRandomRetry[5x5s, 5x10s, 5x15s, 5x20s, 5x25s, 10x60s]; map={org.apache.ratis.protocol.exceptions.GroupMismatchException->NoRetry, org.apache.ratis.protocol.exceptions.NotReplicatedException->NoRetry, org.apache.ratis.protocol.exceptions.ResourceUnavailableException->org.apache.ratis.retry.ExponentialBackoffRetry@10a6afb6, org.apache.ratis.protocol.exceptions.StateMachineException->NoRetry, org.apache.ratis.protocol.exceptions.TimeoutIOException->NoRetry})}
	at org.apache.ratis.client.impl.RaftClientImpl.noMoreRetries(RaftClientImpl.java:353)
	... 19 more
Caused by: org.apache.ratis.protocol.exceptions.NotLeaderException: Server 9041b40e-5b92-449e-aa66-a19f39177033@group-931AD61AFC41 is not the leader 5acb06d6-75fa-434d-a16a-f6192aa7de69|10.1.0.4:15264
	at org.apache.ratis.client.impl.ClientProtoUtils.toRaftClientReply(ClientProtoUtils.java:397)
	at org.apache.ratis.grpc.client.GrpcClientProtocolClient$AsyncStreamObservers$1.onNext(GrpcClientProtocolClient.java:310)
	... 10 more

[INFO] Running org.apache.hadoop.ozone.client.rpc.TestWatchForCommit
[INFO] Tests run: 2, Failures: 0, Errors: 0, Skipped: 0, Time elapsed: 75.64 s -- in org.apache.hadoop.ozone.client.rpc.TestWatchForCommit
[INFO] Running org.apache.hadoop.ozone.client.rpc.TestBlockOutputStreamWithFailures
[INFO] Tests run: 4, Failures: 0, Errors: 0, Skipped: 0, Time elapsed: 190.2 s -- in org.apache.hadoop.ozone.client.rpc.TestBlockOutputStreamWithFailures
[INFO] Running org.apache.hadoop.hdds.upgrade.TestScmHAFinalization
[INFO] Tests run: 3, Failures: 0, Errors: 0, Skipped: 0, Time elapsed: 186.7 s -- in org.apache.hadoop.hdds.upgrade.TestScmHAFinalization
[INFO] Running org.apache.hadoop.hdds.scm.container.TestContainerStateManagerIntegration
[INFO] Tests run: 1, Failures: 0, Errors: 0, Skipped: 0, Time elapsed: 27.45 s -- in org.apache.hadoop.hdds.scm.container.TestContainerStateManagerIntegration
[INFO] Running org.apache.hadoop.hdds.scm.TestSCMInstallSnapshot
[INFO] Tests run: 1, Failures: 0, Errors: 0, Skipped: 0, Time elapsed: 36.78 s -- in org.apache.hadoop.hdds.scm.TestSCMInstallSnapshot
[INFO] 
[INFO] Results:
[INFO] 
[WARNING] Flakes: 
[WARNING] org.apache.hadoop.ozone.client.rpc.TestWatchForCommit.testWatchForCommitForGroupMismatchException
[ERROR]   Run 1: TestWatchForCommit.testWatchForCommitForGroupMismatchException:364 Â» Execution org.apache.ratis.protocol.exceptions.AlreadyClosedException: SlidingWindow$Client:client-9BF44B20C702->RAFT is closed.
[INFO]   Run 2: PASS
[INFO] 
[WARNING] org.apache.hadoop.ozone.client.rpc.TestWatchForCommit.testWatchForCommitForRetryfailure
[ERROR]   Run 1: TestWatchForCommit.testWatchForCommitForRetryfailure:293 expected: <false> but was: <true>
[INFO]   Run 2: PASS
[INFO] 
[INFO] 
[WARNING] Tests run: 55, Failures: 0, Errors: 0, Skipped: 0, Flakes: 2
[INFO] 
[INFO] 
[INFO] -----------------< org.apache.ozone:mini-chaos-tests >------------------
[INFO] Building Apache Ozone Mini Ozone Chaos Tests 1.5.0-SNAPSHOT        [2/2]
[INFO]   from ../fault-injection-test/mini-chaos-tests/pom.xml
[INFO] --------------------------------[ jar ]---------------------------------
[INFO] 
[INFO] --- maven-antrun-plugin:3.1.0:run (create-testdirs) @ mini-chaos-tests ---
[INFO] Executing tasks
[INFO]     [mkdir] Created dir: /home/runner/work/ozone/ozone/hadoop-ozone/fault-injection-test/mini-chaos-tests/target/test-dir
[INFO] Executed tasks
[INFO] 
[INFO] --- maven-enforcer-plugin:3.4.1:enforce (depcheck) @ mini-chaos-tests ---
[INFO] Rule 0: org.apache.maven.enforcer.rules.dependency.DependencyConvergence passed
[INFO] 
[INFO] --- jacoco-maven-plugin:0.8.5:prepare-agent (default-prepare-agent) @ mini-chaos-tests ---
[INFO] argLine set to -javaagent:/home/runner/.m2/repository/org/jacoco/org.jacoco.agent/0.8.5/org.jacoco.agent-0.8.5-runtime.jar=destfile=/home/runner/work/ozone/ozone/hadoop-ozone/fault-injection-test/mini-chaos-tests/target/jacoco.exec,includes=org.apache.hadoop.hdds.*:org.apache.hadoop.ozone.*:org.apache.hadoop.fs.ozone.*
[INFO] 
[INFO] --- maven-enforcer-plugin:3.4.1:enforce (banned-rocksdb-imports) @ mini-chaos-tests ---
[INFO] Rule 0: org.apache.maven.plugins.enforcer.RestrictImports passed
[INFO] Rule 1: org.apache.maven.plugins.enforcer.RestrictImports passed
[INFO] Rule 2: org.apache.maven.plugins.enforcer.RestrictImports passed
[INFO] 
[INFO] --- maven-enforcer-plugin:3.4.1:enforce (ban-junit4-imports) @ mini-chaos-tests ---
[INFO] Skipping Rule Enforcement.
[INFO] 
[INFO] --- maven-remote-resources-plugin:1.5:process (default) @ mini-chaos-tests ---
[INFO] 
[INFO] --- maven-resources-plugin:3.1.0:resources (default-resources) @ mini-chaos-tests ---
[INFO] Using 'UTF-8' encoding to copy filtered resources.
[INFO] skip non existing resourceDirectory /home/runner/work/ozone/ozone/hadoop-ozone/fault-injection-test/mini-chaos-tests/src/main/resources
[INFO] Copying 2 resources
[INFO] 
[INFO] --- maven-compiler-plugin:3.9.0:compile (default-compile) @ mini-chaos-tests ---
[INFO] No sources to compile
[INFO] 
[INFO] --- maven-resources-plugin:3.1.0:testResources (default-testResources) @ mini-chaos-tests ---
[INFO] Using 'UTF-8' encoding to copy filtered resources.
[INFO] Copying 2 resources
[INFO] Copying 2 resources
[INFO] 
[INFO] --- maven-compiler-plugin:3.9.0:testCompile (default-testCompile) @ mini-chaos-tests ---
[INFO] Compiling 22 source files to /home/runner/work/ozone/ozone/hadoop-ozone/fault-injection-test/mini-chaos-tests/target/test-classes
[INFO] /home/runner/work/ozone/ozone/hadoop-ozone/fault-injection-test/mini-chaos-tests/src/test/java/org/apache/hadoop/ozone/loadgenerators/FilesystemLoadGenerator.java: Some input files use or override a deprecated API.
[INFO] /home/runner/work/ozone/ozone/hadoop-ozone/fault-injection-test/mini-chaos-tests/src/test/java/org/apache/hadoop/ozone/loadgenerators/FilesystemLoadGenerator.java: Recompile with -Xlint:deprecation for details.
[INFO] 
[INFO] --- maven-surefire-plugin:3.2.2:test (default-test) @ mini-chaos-tests ---
[INFO] Using auto detected provider org.apache.maven.surefire.junitplatform.JUnitPlatformProvider
[INFO] Using auto detected provider org.apache.maven.surefire.junitplatform.JUnitPlatformProvider
[INFO] 
[INFO] -------------------------------------------------------
[INFO]  T E S T S
[INFO] -------------------------------------------------------
[INFO] 
[INFO] Results:
[INFO] 
[INFO] Tests run: 0, Failures: 0, Errors: 0, Skipped: 0
[INFO] 
[INFO] ------------------------------------------------------------------------
[INFO] Reactor Summary for Apache Ozone Integration Tests 1.5.0-SNAPSHOT:
[INFO] 
[INFO] Apache Ozone Integration Tests ..................... SUCCESS [34:07 min]
[INFO] Apache Ozone Mini Ozone Chaos Tests ................ SUCCESS [  1.589 s]
[INFO] ------------------------------------------------------------------------
[INFO] BUILD SUCCESS
[INFO] ------------------------------------------------------------------------
[INFO] Total time:  34:09 min
[INFO] Finished at: 2023-12-26T17:52:44Z
[INFO] ------------------------------------------------------------------------
[INFO] 22 goals, 22 executed
[INFO] 
[INFO] Publishing build scan...
[INFO] https://ge.apache.org/s/duttctqzucsnu
[INFO] 
