[INFO] Scanning for projects...
[WARNING] 
[WARNING] Some problems were encountered while building the effective model for org.apache.hadoop:hadoop-ozone-datanode:jar:1.1.0-SNAPSHOT
[WARNING] 'dependencies.dependency.(groupId:artifactId:type:classifier)' must be unique: org.apache.hadoop:hadoop-hdds-hadoop-dependency-server:jar -> duplicate declaration of version (?) @ line 41, column 17
[WARNING] 
[WARNING] It is highly recommended to fix these problems because they threaten the stability of your build.
[WARNING] 
[WARNING] For this reason, future Maven versions might no longer support building such malformed projects.
[WARNING] 
[INFO] ------------------------------------------------------------------------
[INFO] Detecting the operating system and CPU architecture
[INFO] ------------------------------------------------------------------------
[INFO] os.detected.name: linux
[INFO] os.detected.arch: x86_64
[INFO] os.detected.version: 5.4
[INFO] os.detected.version.major: 5
[INFO] os.detected.version.minor: 4
[INFO] os.detected.release: centos
[INFO] os.detected.release.version: 7
[INFO] os.detected.release.like.centos: true
[INFO] os.detected.release.like.rhel: true
[INFO] os.detected.release.like.fedora: true
[INFO] os.detected.classifier: linux-x86_64
[INFO] ------------------------------------------------------------------------
[INFO] Reactor Build Order:
[INFO] 
[INFO] Apache Hadoop Ozone Integration Tests                              [jar]
[INFO] Apache Hadoop Ozone Mini Ozone Chaos Tests                         [jar]
[INFO] 
[INFO] ----------< org.apache.hadoop:hadoop-ozone-integration-test >-----------
[INFO] Building Apache Hadoop Ozone Integration Tests 1.1.0-SNAPSHOT      [1/2]
[INFO] --------------------------------[ jar ]---------------------------------
[INFO] 
[INFO] --- maven-antrun-plugin:1.3:run (create-testdirs) @ hadoop-ozone-integration-test ---
[INFO] Executing tasks
[INFO] Executed tasks
[INFO] 
[INFO] --- jacoco-maven-plugin:0.8.5:prepare-agent (default-prepare-agent) @ hadoop-ozone-integration-test ---
[INFO] argLine set to -javaagent:/home/user/.m2/repository/org/jacoco/org.jacoco.agent/0.8.5/org.jacoco.agent-0.8.5-runtime.jar=destfile=/github/workspace/mnt/ozone/hadoop-ozone/integration-test/target/jacoco.exec,includes=org.apache.hadoop.hdds.*:org.apache.hadoop.ozone.*:org.apache.hadoop.fs.ozone.*
[INFO] 
[INFO] --- maven-remote-resources-plugin:1.5:process (default) @ hadoop-ozone-integration-test ---
[INFO] 
[INFO] --- maven-resources-plugin:3.1.0:resources (default-resources) @ hadoop-ozone-integration-test ---
[INFO] Using 'UTF-8' encoding to copy filtered resources.
[INFO] skip non existing resourceDirectory /github/workspace/mnt/ozone/hadoop-ozone/integration-test/src/main/resources
[INFO] Copying 2 resources
[INFO] 
[INFO] --- maven-compiler-plugin:3.1:compile (default-compile) @ hadoop-ozone-integration-test ---
[INFO] No sources to compile
[INFO] 
[INFO] --- maven-resources-plugin:3.1.0:testResources (default-testResources) @ hadoop-ozone-integration-test ---
[INFO] Using 'UTF-8' encoding to copy filtered resources.
[INFO] Copying 21 resources
[INFO] Copying 2 resources
[INFO] 
[INFO] --- maven-compiler-plugin:3.1:testCompile (default-testCompile) @ hadoop-ozone-integration-test ---
[INFO] Compiling 10 source files to /github/workspace/mnt/ozone/hadoop-ozone/integration-test/target/test-classes
[INFO] 
[INFO] --- maven-surefire-plugin:3.0.0-M1:test (default-test) @ hadoop-ozone-integration-test ---
[INFO] Downloading from central: https://repo.maven.apache.org/maven2/org/apache/maven/surefire/surefire-junit4/3.0.0-M1/surefire-junit4-3.0.0-M1.jar
[INFO] Downloaded from central: https://repo.maven.apache.org/maven2/org/apache/maven/surefire/surefire-junit4/3.0.0-M1/surefire-junit4-3.0.0-M1.jar (17 kB at 38 kB/s)
[INFO] Downloading from central: https://repo.maven.apache.org/maven2/org/apache/maven/surefire/surefire-junit4/3.0.0-M1/surefire-junit4-3.0.0-M1.pom
[INFO] Downloaded from central: https://repo.maven.apache.org/maven2/org/apache/maven/surefire/surefire-junit4/3.0.0-M1/surefire-junit4-3.0.0-M1.pom (1.7 kB at 80 kB/s)
[INFO] Downloading from central: https://repo.maven.apache.org/maven2/org/apache/maven/surefire/surefire-providers/3.0.0-M1/surefire-providers-3.0.0-M1.pom
[INFO] Downloaded from central: https://repo.maven.apache.org/maven2/org/apache/maven/surefire/surefire-providers/3.0.0-M1/surefire-providers-3.0.0-M1.pom (2.5 kB at 106 kB/s)
[INFO] Downloading from central: https://repo.maven.apache.org/maven2/org/apache/maven/surefire/common-junit4/3.0.0-M1/common-junit4-3.0.0-M1.pom
[INFO] Downloaded from central: https://repo.maven.apache.org/maven2/org/apache/maven/surefire/common-junit4/3.0.0-M1/common-junit4-3.0.0-M1.pom (2.1 kB at 79 kB/s)
[INFO] Downloading from central: https://repo.maven.apache.org/maven2/org/apache/maven/surefire/common-junit3/3.0.0-M1/common-junit3-3.0.0-M1.pom
[INFO] Downloaded from central: https://repo.maven.apache.org/maven2/org/apache/maven/surefire/common-junit3/3.0.0-M1/common-junit3-3.0.0-M1.pom (1.6 kB at 72 kB/s)
[INFO] Downloading from central: https://repo.maven.apache.org/maven2/org/apache/maven/surefire/common-java5/3.0.0-M1/common-java5-3.0.0-M1.pom
[INFO] Downloaded from central: https://repo.maven.apache.org/maven2/org/apache/maven/surefire/common-java5/3.0.0-M1/common-java5-3.0.0-M1.pom (3.1 kB at 133 kB/s)
[INFO] Downloading from central: https://repo.maven.apache.org/maven2/org/apache/maven/surefire/common-junit4/3.0.0-M1/common-junit4-3.0.0-M1.jar
[INFO] Downloading from central: https://repo.maven.apache.org/maven2/org/apache/maven/surefire/common-junit3/3.0.0-M1/common-junit3-3.0.0-M1.jar
[INFO] Downloading from central: https://repo.maven.apache.org/maven2/org/apache/maven/surefire/common-java5/3.0.0-M1/common-java5-3.0.0-M1.jar
[INFO] Downloaded from central: https://repo.maven.apache.org/maven2/org/apache/maven/surefire/common-junit4/3.0.0-M1/common-junit4-3.0.0-M1.jar (28 kB at 657 kB/s)
[INFO] Downloaded from central: https://repo.maven.apache.org/maven2/org/apache/maven/surefire/common-junit3/3.0.0-M1/common-junit3-3.0.0-M1.jar (12 kB at 237 kB/s)
[INFO] Downloaded from central: https://repo.maven.apache.org/maven2/org/apache/maven/surefire/common-java5/3.0.0-M1/common-java5-3.0.0-M1.jar (32 kB at 655 kB/s)
[INFO] 
[INFO] -------------------------------------------------------
[INFO]  T E S T S
[INFO] -------------------------------------------------------
[INFO] Running org.apache.hadoop.ozone.client.rpc.TestContainerStateMachineFailureOnRead
[WARNING] Tests run: 1, Failures: 0, Errors: 0, Skipped: 1, Time elapsed: 0.054 s - in org.apache.hadoop.ozone.client.rpc.TestContainerStateMachineFailureOnRead
[INFO] Running org.apache.hadoop.ozone.client.rpc.TestSecureOzoneRpcClient
[WARNING] Tests run: 78, Failures: 0, Errors: 0, Skipped: 1, Time elapsed: 64.542 s - in org.apache.hadoop.ozone.client.rpc.TestSecureOzoneRpcClient
[INFO] Running org.apache.hadoop.ozone.client.rpc.TestBCSID
[INFO] Tests run: 1, Failures: 0, Errors: 0, Skipped: 0, Time elapsed: 45.453 s - in org.apache.hadoop.ozone.client.rpc.TestBCSID
[INFO] Running org.apache.hadoop.ozone.client.rpc.TestOzoneRpcClient
[INFO] Tests run: 76, Failures: 0, Errors: 0, Skipped: 0, Time elapsed: 41.441 s - in org.apache.hadoop.ozone.client.rpc.TestOzoneRpcClient
[INFO] Running org.apache.hadoop.ozone.client.rpc.TestDeleteWithSlowFollower
[INFO] Tests run: 1, Failures: 0, Errors: 0, Skipped: 0, Time elapsed: 151.614 s - in org.apache.hadoop.ozone.client.rpc.TestDeleteWithSlowFollower
[INFO] Running org.apache.hadoop.ozone.client.rpc.TestValidateBCSIDOnRestart
[INFO] Tests run: 1, Failures: 0, Errors: 0, Skipped: 0, Time elapsed: 35.124 s - in org.apache.hadoop.ozone.client.rpc.TestValidateBCSIDOnRestart
[INFO] Running org.apache.hadoop.ozone.client.rpc.TestDiscardPreallocatedBlocks
[INFO] Tests run: 1, Failures: 0, Errors: 0, Skipped: 0, Time elapsed: 33.139 s - in org.apache.hadoop.ozone.client.rpc.TestDiscardPreallocatedBlocks
[INFO] Running org.apache.hadoop.ozone.client.rpc.TestHybridPipelineOnDatanode
[INFO] Tests run: 1, Failures: 0, Errors: 0, Skipped: 0, Time elapsed: 30.827 s - in org.apache.hadoop.ozone.client.rpc.TestHybridPipelineOnDatanode
[INFO] Running org.apache.hadoop.ozone.client.rpc.TestOzoneClientRetriesOnExceptionFlushDelay
[INFO] Tests run: 1, Failures: 0, Errors: 0, Skipped: 0, Time elapsed: 46.394 s - in org.apache.hadoop.ozone.client.rpc.TestOzoneClientRetriesOnExceptionFlushDelay
[INFO] Running org.apache.hadoop.ozone.client.rpc.TestReadRetries
[INFO] Tests run: 1, Failures: 0, Errors: 0, Skipped: 0, Time elapsed: 35.197 s - in org.apache.hadoop.ozone.client.rpc.TestReadRetries
[INFO] Running org.apache.hadoop.ozone.client.rpc.TestMultiBlockWritesWithDnFailures
[INFO] Tests run: 2, Failures: 0, Errors: 0, Skipped: 0, Time elapsed: 115.076 s - in org.apache.hadoop.ozone.client.rpc.TestMultiBlockWritesWithDnFailures
[INFO] Running org.apache.hadoop.ozone.client.rpc.TestBlockOutputStream
[INFO] Tests run: 6, Failures: 0, Errors: 0, Skipped: 0, Time elapsed: 43.364 s - in org.apache.hadoop.ozone.client.rpc.TestBlockOutputStream
[INFO] Running org.apache.hadoop.ozone.client.rpc.TestFailureHandlingByClient
[WARNING] Tests run: 5, Failures: 0, Errors: 0, Skipped: 1, Time elapsed: 270.663 s - in org.apache.hadoop.ozone.client.rpc.TestFailureHandlingByClient
[INFO] Running org.apache.hadoop.ozone.client.rpc.TestBlockOutputStreamFlushDelay
[INFO] Tests run: 6, Failures: 0, Errors: 0, Skipped: 0, Time elapsed: 41.655 s - in org.apache.hadoop.ozone.client.rpc.TestBlockOutputStreamFlushDelay
[INFO] Running org.apache.hadoop.ozone.client.rpc.TestContainerReplicationEndToEnd
[INFO] Tests run: 1, Failures: 0, Errors: 0, Skipped: 0, Time elapsed: 74.856 s - in org.apache.hadoop.ozone.client.rpc.TestContainerReplicationEndToEnd
[INFO] Running org.apache.hadoop.ozone.client.rpc.TestFailureHandlingByClientFlushDelay
[INFO] Tests run: 1, Failures: 0, Errors: 0, Skipped: 0, Time elapsed: 82.59 s - in org.apache.hadoop.ozone.client.rpc.TestFailureHandlingByClientFlushDelay
[INFO] Running org.apache.hadoop.ozone.client.rpc.TestOzoneAtRestEncryption
[WARNING] Tests run: 1, Failures: 0, Errors: 0, Skipped: 1, Time elapsed: 0.023 s - in org.apache.hadoop.ozone.client.rpc.TestOzoneAtRestEncryption
[INFO] Running org.apache.hadoop.ozone.client.rpc.TestContainerStateMachine
[INFO] Tests run: 2, Failures: 0, Errors: 0, Skipped: 0, Time elapsed: 144.83 s - in org.apache.hadoop.ozone.client.rpc.TestContainerStateMachine
[INFO] Running org.apache.hadoop.ozone.client.rpc.TestOzoneRpcClientForAclAuditLog
[WARNING] Tests run: 1, Failures: 0, Errors: 0, Skipped: 1, Time elapsed: 0.053 s - in org.apache.hadoop.ozone.client.rpc.TestOzoneRpcClientForAclAuditLog
[INFO] Running org.apache.hadoop.ozone.client.rpc.TestKeyInputStream
[INFO] Tests run: 12, Failures: 0, Errors: 0, Skipped: 0, Time elapsed: 408.246 s - in org.apache.hadoop.ozone.client.rpc.TestKeyInputStream
[INFO] Running org.apache.hadoop.ozone.client.rpc.TestOzoneClientRetriesOnException
[ERROR] Tests run: 2, Failures: 1, Errors: 0, Skipped: 0, Time elapsed: 101.797 s <<< FAILURE! - in org.apache.hadoop.ozone.client.rpc.TestOzoneClientRetriesOnException
[ERROR] testMaxRetriesByOzoneClient(org.apache.hadoop.ozone.client.rpc.TestOzoneClientRetriesOnException)  Time elapsed: 48.807 s  <<< FAILURE!
java.lang.AssertionError: Expected exception not thrown
	at org.junit.Assert.fail(Assert.java:88)
	at org.apache.hadoop.ozone.client.rpc.TestOzoneClientRetriesOnException.testMaxRetriesByOzoneClient(TestOzoneClientRetriesOnException.java:235)
	at sun.reflect.NativeMethodAccessorImpl.invoke0(Native Method)
	at sun.reflect.NativeMethodAccessorImpl.invoke(NativeMethodAccessorImpl.java:62)
	at sun.reflect.DelegatingMethodAccessorImpl.invoke(DelegatingMethodAccessorImpl.java:43)
	at java.lang.reflect.Method.invoke(Method.java:498)
	at org.junit.runners.model.FrameworkMethod$1.runReflectiveCall(FrameworkMethod.java:47)
	at org.junit.internal.runners.model.ReflectiveCallable.run(ReflectiveCallable.java:12)
	at org.junit.runners.model.FrameworkMethod.invokeExplosively(FrameworkMethod.java:44)
	at org.junit.internal.runners.statements.InvokeMethod.evaluate(InvokeMethod.java:17)
	at org.junit.internal.runners.statements.RunBefores.evaluate(RunBefores.java:26)
	at org.junit.internal.runners.statements.RunAfters.evaluate(RunAfters.java:27)
	at org.junit.internal.runners.statements.FailOnTimeout$StatementThread.run(FailOnTimeout.java:74)

[INFO] Running org.apache.hadoop.ozone.client.rpc.TestBlockOutputStreamWithFailuresFlushDelay
[INFO] Tests run: 8, Failures: 0, Errors: 0, Skipped: 0, Time elapsed: 433.482 s - in org.apache.hadoop.ozone.client.rpc.TestBlockOutputStreamWithFailuresFlushDelay
[INFO] Running org.apache.hadoop.ozone.client.rpc.TestContainerStateMachineFailures
[INFO] Tests run: 5, Failures: 0, Errors: 0, Skipped: 0, Time elapsed: 92.856 s - in org.apache.hadoop.ozone.client.rpc.TestContainerStateMachineFailures
[INFO] Running org.apache.hadoop.ozone.client.rpc.TestOzoneRpcClientWithRatis
[INFO] Tests run: 77, Failures: 0, Errors: 0, Skipped: 0, Time elapsed: 53.91 s - in org.apache.hadoop.ozone.client.rpc.TestOzoneRpcClientWithRatis
[INFO] Running org.apache.hadoop.ozone.client.rpc.TestBlockOutputStreamWithFailures
[INFO] Tests run: 8, Failures: 0, Errors: 0, Skipped: 0, Time elapsed: 456.299 s - in org.apache.hadoop.ozone.client.rpc.TestBlockOutputStreamWithFailures
[INFO] Running org.apache.hadoop.ozone.client.rpc.TestWatchForCommit
[ERROR] Tests run: 4, Failures: 0, Errors: 1, Skipped: 0, Time elapsed: 218.879 s <<< FAILURE! - in org.apache.hadoop.ozone.client.rpc.TestWatchForCommit
[ERROR] testWatchForCommitForGroupMismatchException(org.apache.hadoop.ozone.client.rpc.TestWatchForCommit)  Time elapsed: 39.037 s  <<< ERROR!
java.io.IOException: dfa92053-6d36-469c-b0e7-d151100efb82: Group group-E9578CD0BABE not found.
	at org.apache.hadoop.ozone.container.common.transport.server.ratis.XceiverServerRatis.removeGroup(XceiverServerRatis.java:774)
	at org.apache.hadoop.ozone.container.TestHelper.waitForPipelineClose(TestHelper.java:242)
	at org.apache.hadoop.ozone.client.rpc.TestWatchForCommit.testWatchForCommitForGroupMismatchException(TestWatchForCommit.java:353)
	at sun.reflect.NativeMethodAccessorImpl.invoke0(Native Method)
	at sun.reflect.NativeMethodAccessorImpl.invoke(NativeMethodAccessorImpl.java:62)
	at sun.reflect.DelegatingMethodAccessorImpl.invoke(DelegatingMethodAccessorImpl.java:43)
	at java.lang.reflect.Method.invoke(Method.java:498)
	at org.junit.runners.model.FrameworkMethod$1.runReflectiveCall(FrameworkMethod.java:47)
	at org.junit.internal.runners.model.ReflectiveCallable.run(ReflectiveCallable.java:12)
	at org.junit.runners.model.FrameworkMethod.invokeExplosively(FrameworkMethod.java:44)
	at org.junit.internal.runners.statements.InvokeMethod.evaluate(InvokeMethod.java:17)
	at org.junit.internal.runners.statements.RunBefores.evaluate(RunBefores.java:26)
	at org.junit.internal.runners.statements.RunAfters.evaluate(RunAfters.java:27)
	at org.junit.runners.ParentRunner.runLeaf(ParentRunner.java:271)
	at org.junit.runners.BlockJUnit4ClassRunner.runChild(BlockJUnit4ClassRunner.java:70)
	at org.junit.runners.BlockJUnit4ClassRunner.runChild(BlockJUnit4ClassRunner.java:50)
	at org.junit.runners.ParentRunner$3.run(ParentRunner.java:238)
	at org.junit.runners.ParentRunner$1.schedule(ParentRunner.java:63)
	at org.junit.runners.ParentRunner.runChildren(ParentRunner.java:236)
	at org.junit.runners.ParentRunner.access$000(ParentRunner.java:53)
	at org.junit.runners.ParentRunner$2.evaluate(ParentRunner.java:229)
	at org.junit.runners.ParentRunner.run(ParentRunner.java:309)
	at org.apache.maven.surefire.junit4.JUnit4Provider.execute(JUnit4Provider.java:365)
	at org.apache.maven.surefire.junit4.JUnit4Provider.executeWithRerun(JUnit4Provider.java:273)
	at org.apache.maven.surefire.junit4.JUnit4Provider.executeTestSet(JUnit4Provider.java:238)
	at org.apache.maven.surefire.junit4.JUnit4Provider.invoke(JUnit4Provider.java:159)
	at org.apache.maven.surefire.booter.ForkedBooter.invokeProviderInSameClassLoader(ForkedBooter.java:384)
	at org.apache.maven.surefire.booter.ForkedBooter.runSuitesInProcess(ForkedBooter.java:345)
	at org.apache.maven.surefire.booter.ForkedBooter.execute(ForkedBooter.java:126)
	at org.apache.maven.surefire.booter.ForkedBooter.main(ForkedBooter.java:418)
Caused by: org.apache.ratis.protocol.exceptions.GroupMismatchException: dfa92053-6d36-469c-b0e7-d151100efb82: Group group-E9578CD0BABE not found.
	at org.apache.ratis.server.impl.RaftServerProxy.groupRemoveAsync(RaftServerProxy.java:445)
	at org.apache.ratis.server.impl.RaftServerProxy.groupManagementAsync(RaftServerProxy.java:401)
	at org.apache.ratis.server.impl.RaftServerProxy.groupManagement(RaftServerProxy.java:381)
	at org.apache.hadoop.ozone.container.common.transport.server.ratis.XceiverServerRatis.removeGroup(XceiverServerRatis.java:772)
	... 29 more

[INFO] Running org.apache.hadoop.ozone.client.rpc.TestCommitWatcher
[INFO] Tests run: 2, Failures: 0, Errors: 0, Skipped: 0, Time elapsed: 94.023 s - in org.apache.hadoop.ozone.client.rpc.TestCommitWatcher
[INFO] Running org.apache.hadoop.ozone.client.rpc.TestContainerStateMachineFlushDelay
[INFO] Tests run: 1, Failures: 0, Errors: 0, Skipped: 0, Time elapsed: 109.302 s - in org.apache.hadoop.ozone.client.rpc.TestContainerStateMachineFlushDelay
[INFO] Running org.apache.hadoop.ozone.client.rpc.TestCloseContainerHandlingByClient
[INFO] Tests run: 7, Failures: 0, Errors: 0, Skipped: 0, Time elapsed: 61.223 s - in org.apache.hadoop.ozone.client.rpc.TestCloseContainerHandlingByClient
[INFO] Running org.apache.hadoop.ozone.client.rpc.Test2WayCommitInRatis
[INFO] Tests run: 1, Failures: 0, Errors: 0, Skipped: 0, Time elapsed: 40.318 s - in org.apache.hadoop.ozone.client.rpc.Test2WayCommitInRatis
[INFO] 
[INFO] Results:
[INFO] 
[ERROR] Failures: 
[ERROR]   TestOzoneClientRetriesOnException.testMaxRetriesByOzoneClient:235 Expected exception not thrown
[ERROR] Errors: 
[ERROR]   TestWatchForCommit.testWatchForCommitForGroupMismatchException:353 ? IO dfa920...
[INFO] 
[ERROR] Tests run: 314, Failures: 1, Errors: 1, Skipped: 5
[INFO] 
[INFO] 
[INFO] ------------------------------------------------------------------------
[INFO] Skipping Apache Hadoop Ozone Mini Ozone Chaos Tests
[INFO] This project has been banned from the build due to previous failures.
[INFO] ------------------------------------------------------------------------
[INFO] ------------------------------------------------------------------------
[INFO] Reactor Summary for Apache Hadoop Ozone Integration Tests 1.1.0-SNAPSHOT:
[INFO] 
[INFO] Apache Hadoop Ozone Integration Tests .............. FAILURE [56:11 min]
[INFO] Apache Hadoop Ozone Mini Ozone Chaos Tests ......... SKIPPED
[INFO] ------------------------------------------------------------------------
[INFO] BUILD FAILURE
[INFO] ------------------------------------------------------------------------
[INFO] Total time:  56:12 min
[INFO] Finished at: 2020-12-08T02:25:10Z
[INFO] ------------------------------------------------------------------------
[ERROR] Failed to execute goal org.apache.maven.plugins:maven-surefire-plugin:3.0.0-M1:test (default-test) on project hadoop-ozone-integration-test: There are test failures.
[ERROR] 
[ERROR] Please refer to /github/workspace/mnt/ozone/hadoop-ozone/integration-test/target/surefire-reports for the individual test results.
[ERROR] Please refer to dump files (if any exist) [date].dump, [date]-jvmRun[N].dump and [date].dumpstream.
[ERROR] -> [Help 1]
[ERROR] 
[ERROR] To see the full stack trace of the errors, re-run Maven with the -e switch.
[ERROR] Re-run Maven using the -X switch to enable full debug logging.
[ERROR] 
[ERROR] For more information about the errors and possible solutions, please read the following articles:
[ERROR] [Help 1] http://cwiki.apache.org/confluence/display/MAVEN/MojoFailureException
