[INFO] Scanning for projects...
[WARNING] 
[WARNING] Some problems were encountered while building the effective model for org.apache.ozone:rocksdb-checkpoint-differ:jar:1.4.0-SNAPSHOT
[WARNING] 'dependencies.dependency.(groupId:artifactId:type:classifier)' must be unique: org.mockito:mockito-core:jar -> duplicate declaration of version (?) @ line 85, column 17
[WARNING] 
[WARNING] It is highly recommended to fix these problems because they threaten the stability of your build.
[WARNING] 
[WARNING] For this reason, future Maven versions might no longer support building such malformed projects.
[WARNING] 
[INFO] ------------------------------------------------------------------------
[INFO] Detecting the operating system and CPU architecture
[INFO] ------------------------------------------------------------------------
[INFO] os.detected.name: linux
[INFO] os.detected.arch: x86_64
[INFO] os.detected.version: 5.15
[INFO] os.detected.version.major: 5
[INFO] os.detected.version.minor: 15
[INFO] os.detected.release: ubuntu
[INFO] os.detected.release.version: 20.04
[INFO] os.detected.release.like.ubuntu: true
[INFO] os.detected.release.like.debian: true
[INFO] os.detected.classifier: linux-x86_64
[INFO] ------------------------------------------------------------------------
[INFO] Reactor Build Order:
[INFO] 
[INFO] Apache Ozone Integration Tests                                     [jar]
[INFO] Apache Ozone Mini Ozone Chaos Tests                                [jar]
[INFO] 
[INFO] --------------< org.apache.ozone:ozone-integration-test >---------------
[INFO] Building Apache Ozone Integration Tests 1.4.0-SNAPSHOT             [1/2]
[INFO]   from pom.xml
[INFO] --------------------------------[ jar ]---------------------------------
[INFO] 
[INFO] --- maven-antrun-plugin:1.3:run (create-testdirs) @ ozone-integration-test ---
[INFO] Executing tasks
[INFO] Executed tasks
[INFO] 
[INFO] --- maven-enforcer-plugin:3.2.1:enforce (depcheck) @ ozone-integration-test ---
[INFO] Rule 0: org.apache.maven.enforcer.rules.dependency.DependencyConvergence passed
[INFO] Rule 1: org.apache.maven.enforcer.rules.version.RequireMavenVersion passed
[INFO] Rule 2: org.apache.maven.enforcer.rules.version.RequireJavaVersion passed
[INFO] 
[INFO] --- jacoco-maven-plugin:0.8.5:prepare-agent (default-prepare-agent) @ ozone-integration-test ---
[INFO] argLine set to -javaagent:/home/runner/.m2/repository/org/jacoco/org.jacoco.agent/0.8.5/org.jacoco.agent-0.8.5-runtime.jar=destfile=/home/runner/work/ozone/ozone/hadoop-ozone/integration-test/target/jacoco.exec,includes=org.apache.hadoop.hdds.*:org.apache.hadoop.ozone.*:org.apache.hadoop.fs.ozone.*
[INFO] 
[INFO] --- maven-enforcer-plugin:3.2.1:enforce (banned-rocksdb-imports) @ ozone-integration-test ---
[INFO] Rule 0: org.apache.maven.plugins.enforcer.RestrictImports passed
[INFO] Rule 1: org.apache.maven.plugins.enforcer.RestrictImports passed
[INFO] 
[INFO] --- maven-remote-resources-plugin:1.5:process (default) @ ozone-integration-test ---
[INFO] 
[INFO] --- maven-resources-plugin:3.1.0:resources (default-resources) @ ozone-integration-test ---
[INFO] Using 'UTF-8' encoding to copy filtered resources.
[INFO] skip non existing resourceDirectory /home/runner/work/ozone/ozone/hadoop-ozone/integration-test/src/main/resources
[INFO] Copying 2 resources
[INFO] 
[INFO] --- maven-compiler-plugin:3.1:compile (default-compile) @ ozone-integration-test ---
[INFO] No sources to compile
[INFO] 
[INFO] --- maven-resources-plugin:3.1.0:testResources (default-testResources) @ ozone-integration-test ---
[INFO] Using 'UTF-8' encoding to copy filtered resources.
[INFO] Copying 22 resources
[INFO] Copying 2 resources
[INFO] 
[INFO] --- maven-compiler-plugin:3.1:testCompile (default-testCompile) @ ozone-integration-test ---
[INFO] Compiling 16 source files to /home/runner/work/ozone/ozone/hadoop-ozone/integration-test/target/test-classes
[INFO] 
[INFO] --- maven-surefire-plugin:3.0.0-M5:test (default-test) @ ozone-integration-test ---
[WARNING] The system property native.lib.tmp.dir is configured twice! The property appears in <argLine/> and any of <systemPropertyVariables/>, <systemProperties/> or user property.
[INFO] 
[INFO] -------------------------------------------------------
[INFO]  T E S T S
[INFO] -------------------------------------------------------
[INFO] Running org.apache.hadoop.ozone.TestMiniOzoneOMHACluster
[ERROR] Aborted (core dumped)
[INFO] Running org.apache.hadoop.ozone.freon.TestFreonWithDatanodeFastRestart
[WARNING] Tests run: 1, Failures: 0, Errors: 0, Skipped: 1, Time elapsed: 0.021 s - in org.apache.hadoop.ozone.freon.TestFreonWithDatanodeFastRestart
[INFO] Running org.apache.hadoop.ozone.freon.TestOmBucketReadWriteKeyOps
[ERROR] Aborted (core dumped)
[INFO] Running org.apache.hadoop.ozone.freon.TestFreonWithPipelineDestroy
[ERROR] Aborted (core dumped)
[INFO] Running org.apache.hadoop.ozone.freon.TestHadoopDirTreeGenerator
[ERROR] Aborted (core dumped)
[INFO] Running org.apache.hadoop.ozone.freon.TestDataValidateWithSafeByteOperations
[ERROR] Aborted (core dumped)
[INFO] Running org.apache.hadoop.ozone.freon.TestHadoopDirTreeGeneratorWithFSO
[ERROR] Aborted (core dumped)
[INFO] Running org.apache.hadoop.ozone.freon.TestDataValidateWithUnsafeByteOperations
[ERROR] Aborted (core dumped)
[INFO] Running org.apache.hadoop.ozone.freon.TestRandomKeyGenerator
[ERROR] Aborted (core dumped)
[INFO] Running org.apache.hadoop.ozone.freon.TestOmBucketReadWriteFileOps
[ERROR] Aborted (core dumped)
[INFO] Running org.apache.hadoop.ozone.freon.TestHadoopNestedDirGenerator
[ERROR] Aborted (core dumped)
[INFO] Running org.apache.hadoop.ozone.freon.TestOMSnapshotDAG
[ERROR] Aborted (core dumped)
[INFO] Running org.apache.hadoop.ozone.freon.TestDataValidateWithDummyContainers
[ERROR] Aborted (core dumped)
[INFO] Running org.apache.hadoop.ozone.dn.volume.TestDatanodeHddsVolumeFailureDetection
[ERROR] Aborted (core dumped)
[INFO] Running org.apache.hadoop.ozone.dn.volume.TestDatanodeHddsVolumeFailureToleration
[ERROR] Aborted (core dumped)
[INFO] Running org.apache.hadoop.ozone.dn.ratis.TestDnRatisLogParser
[ERROR] Aborted (core dumped)
[INFO] Running org.apache.hadoop.ozone.dn.scanner.TestContainerDataScanners
[ERROR] Aborted (core dumped)
[INFO] Running org.apache.hadoop.ozone.debug.TestLeaseRecoverer
[ERROR] Aborted (core dumped)
[INFO] Running org.apache.hadoop.ozone.TestDelegationToken
[ERROR] Aborted (core dumped)
[INFO] Running org.apache.hadoop.ozone.shell.TestScmAdminHA
[ERROR] Aborted (core dumped)
[INFO] Running org.apache.hadoop.ozone.shell.TestOzoneShellHA
[ERROR] Aborted (core dumped)
[INFO] Running org.apache.hadoop.ozone.shell.TestOzoneDatanodeShell
[INFO] Tests run: 2, Failures: 0, Errors: 0, Skipped: 0, Time elapsed: 0.624 s - in org.apache.hadoop.ozone.shell.TestOzoneDatanodeShell
[INFO] Running org.apache.hadoop.ozone.shell.TestTransferLeadershipShell
[ERROR] Aborted (core dumped)
[INFO] Running org.apache.hadoop.ozone.shell.TestOzoneDebugShell
[ERROR] Aborted (core dumped)
[INFO] Running org.apache.hadoop.ozone.shell.TestNSSummaryAdmin
[ERROR] Aborted (core dumped)
[INFO] Running org.apache.hadoop.ozone.shell.TestReconfigShell
[ERROR] Aborted (core dumped)
[INFO] Running org.apache.hadoop.ozone.shell.TestOzoneShellHAWithFSO
[ERROR] Aborted (core dumped)
[INFO] Running org.apache.hadoop.ozone.shell.TestOzoneTenantShell
[ERROR] Aborted (core dumped)
[INFO] Running org.apache.hadoop.ozone.shell.TestDeletedBlocksTxnShell
[ERROR] Aborted (core dumped)
[INFO] Running org.apache.hadoop.ozone.TestSecretKeysApi
[ERROR] Aborted (core dumped)
[INFO] Running org.apache.hadoop.ozone.TestContainerStateMachineIdempotency
[ERROR] Aborted (core dumped)
[INFO] Running org.apache.hadoop.ozone.TestContainerOperations
[ERROR] Aborted (core dumped)
[INFO] Running org.apache.hadoop.ozone.container.TestContainerReplication
[ERROR] Aborted (core dumped)
[INFO] Running org.apache.hadoop.ozone.container.metrics.TestContainerMetrics
[INFO] Tests run: 1, Failures: 0, Errors: 0, Skipped: 0, Time elapsed: 10.117 s - in org.apache.hadoop.ozone.container.metrics.TestContainerMetrics
[INFO] Running org.apache.hadoop.ozone.container.metrics.TestDatanodeQueueMetrics
[ERROR] Aborted (core dumped)
[INFO] Running org.apache.hadoop.ozone.container.common.statemachine.commandhandler.TestDeleteContainerHandler
[ERROR] Aborted (core dumped)
[INFO] Running org.apache.hadoop.ozone.container.common.statemachine.commandhandler.TestCloseContainerHandler
[ERROR] Aborted (core dumped)
[INFO] Running org.apache.hadoop.ozone.container.common.statemachine.commandhandler.TestBlockDeletion
[ERROR] Aborted (core dumped)
[INFO] Running org.apache.hadoop.ozone.container.common.statemachine.commandhandler.TestRefreshVolumeUsageHandler
[ERROR] Aborted (core dumped)
[INFO] Running org.apache.hadoop.ozone.container.common.transport.server.ratis.TestCSMMetrics
[INFO] Tests run: 1, Failures: 0, Errors: 0, Skipped: 0, Time elapsed: 17.02 s - in org.apache.hadoop.ozone.container.common.transport.server.ratis.TestCSMMetrics
[INFO] Running org.apache.hadoop.ozone.container.TestECContainerRecovery
[ERROR] Aborted (core dumped)
[INFO] Running org.apache.hadoop.ozone.container.ozoneimpl.TestSecureOzoneContainer
[INFO] Tests run: 5, Failures: 0, Errors: 0, Skipped: 0, Time elapsed: 20.637 s - in org.apache.hadoop.ozone.container.ozoneimpl.TestSecureOzoneContainer
[INFO] Running org.apache.hadoop.ozone.container.ozoneimpl.TestOzoneContainerWithTLS
[INFO] Tests run: 6, Failures: 0, Errors: 0, Skipped: 0, Time elapsed: 43.93 s - in org.apache.hadoop.ozone.container.ozoneimpl.TestOzoneContainerWithTLS
[INFO] Running org.apache.hadoop.ozone.container.ozoneimpl.TestOzoneContainer
[ERROR] Aborted (core dumped)
[INFO] Running org.apache.hadoop.ozone.container.replication.TestContainerReplication
[ERROR] Aborted (core dumped)
[INFO] Running org.apache.hadoop.ozone.container.server.TestSecureContainerServer
[INFO] Tests run: 2, Failures: 0, Errors: 0, Skipped: 0, Time elapsed: 35.509 s - in org.apache.hadoop.ozone.container.server.TestSecureContainerServer
[INFO] Running org.apache.hadoop.ozone.TestMiniOzoneCluster
[ERROR] Tests run: 3, Failures: 0, Errors: 2, Skipped: 0, Time elapsed: 13.217 s <<< FAILURE! - in org.apache.hadoop.ozone.TestMiniOzoneCluster
[ERROR] org.apache.hadoop.ozone.TestMiniOzoneCluster.testMultipleDataDirs  Time elapsed: 4.54 s  <<< ERROR!
java.io.IOException: Cannot create directory /home/runner/work/ozone/ozone/hadoop-ozone/integration-test/target/test-dir/MiniOzoneClusterImpl-803d76d8-4be2-4c10-a43f-21c0acdc8574/ozone-meta/om/current
	at org.apache.hadoop.ozone.common.Storage.initialize(Storage.java:270)
	at org.apache.hadoop.ozone.MiniOzoneClusterImpl$Builder.initializeOmStorage(MiniOzoneClusterImpl.java:791)
	at org.apache.hadoop.ozone.MiniOzoneClusterImpl$Builder.createOM(MiniOzoneClusterImpl.java:807)
	at org.apache.hadoop.ozone.MiniOzoneClusterImpl$Builder.build(MiniOzoneClusterImpl.java:596)
	at org.apache.hadoop.ozone.TestMiniOzoneCluster.testMultipleDataDirs(TestMiniOzoneCluster.java:277)
	at sun.reflect.NativeMethodAccessorImpl.invoke0(Native Method)
	at sun.reflect.NativeMethodAccessorImpl.invoke(NativeMethodAccessorImpl.java:62)
	at sun.reflect.DelegatingMethodAccessorImpl.invoke(DelegatingMethodAccessorImpl.java:43)
	at java.lang.reflect.Method.invoke(Method.java:498)
	at org.junit.platform.commons.util.ReflectionUtils.invokeMethod(ReflectionUtils.java:725)
	at org.junit.jupiter.engine.execution.MethodInvocation.proceed(MethodInvocation.java:60)
	at org.junit.jupiter.engine.execution.InvocationInterceptorChain$ValidatingInvocation.proceed(InvocationInterceptorChain.java:131)
	at org.junit.jupiter.engine.extension.TimeoutInvocation.proceed(TimeoutInvocation.java:46)
	at org.junit.jupiter.engine.extension.TimeoutExtension.intercept(TimeoutExtension.java:149)
	at org.junit.jupiter.engine.extension.TimeoutExtension.interceptTestableMethod(TimeoutExtension.java:140)
	at org.junit.jupiter.engine.extension.TimeoutExtension.interceptTestMethod(TimeoutExtension.java:84)
	at org.junit.jupiter.engine.execution.ExecutableInvoker$ReflectiveInterceptorCall.lambda$ofVoidMethod$0(ExecutableInvoker.java:115)
	at org.junit.jupiter.engine.execution.ExecutableInvoker.lambda$invoke$0(ExecutableInvoker.java:105)
	at org.junit.jupiter.engine.execution.InvocationInterceptorChain$InterceptedInvocation.proceed(InvocationInterceptorChain.java:106)
	at org.junit.jupiter.engine.execution.InvocationInterceptorChain.proceed(InvocationInterceptorChain.java:64)
	at org.junit.jupiter.engine.execution.InvocationInterceptorChain.chainAndInvoke(InvocationInterceptorChain.java:45)
	at org.junit.jupiter.engine.execution.InvocationInterceptorChain.invoke(InvocationInterceptorChain.java:37)
	at org.junit.jupiter.engine.execution.ExecutableInvoker.invoke(ExecutableInvoker.java:104)
	at org.junit.jupiter.engine.execution.ExecutableInvoker.invoke(ExecutableInvoker.java:98)
	at org.junit.jupiter.engine.descriptor.TestMethodTestDescriptor.lambda$invokeTestMethod$7(TestMethodTestDescriptor.java:214)
	at org.junit.platform.engine.support.hierarchical.ThrowableCollector.execute(ThrowableCollector.java:73)
	at org.junit.jupiter.engine.descriptor.TestMethodTestDescriptor.invokeTestMethod(TestMethodTestDescriptor.java:210)
	at org.junit.jupiter.engine.descriptor.TestMethodTestDescriptor.execute(TestMethodTestDescriptor.java:135)
	at org.junit.jupiter.engine.descriptor.TestMethodTestDescriptor.execute(TestMethodTestDescriptor.java:66)
	at org.junit.platform.engine.support.hierarchical.NodeTestTask.lambda$executeRecursively$6(NodeTestTask.java:151)
	at org.junit.platform.engine.support.hierarchical.ThrowableCollector.execute(ThrowableCollector.java:73)
	at org.junit.platform.engine.support.hierarchical.NodeTestTask.lambda$executeRecursively$8(NodeTestTask.java:141)
	at org.junit.platform.engine.support.hierarchical.Node.around(Node.java:137)
	at org.junit.platform.engine.support.hierarchical.NodeTestTask.lambda$executeRecursively$9(NodeTestTask.java:139)
	at org.junit.platform.engine.support.hierarchical.ThrowableCollector.execute(ThrowableCollector.java:73)
	at org.junit.platform.engine.support.hierarchical.NodeTestTask.executeRecursively(NodeTestTask.java:138)
	at org.junit.platform.engine.support.hierarchical.NodeTestTask.execute(NodeTestTask.java:95)
	at java.util.ArrayList.forEach(ArrayList.java:1259)
	at org.junit.platform.engine.support.hierarchical.SameThreadHierarchicalTestExecutorService.invokeAll(SameThreadHierarchicalTestExecutorService.java:41)
	at org.junit.platform.engine.support.hierarchical.NodeTestTask.lambda$executeRecursively$6(NodeTestTask.java:155)
	at org.junit.platform.engine.support.hierarchical.ThrowableCollector.execute(ThrowableCollector.java:73)
	at org.junit.platform.engine.support.hierarchical.NodeTestTask.lambda$executeRecursively$8(NodeTestTask.java:141)
	at org.junit.platform.engine.support.hierarchical.Node.around(Node.java:137)
	at org.junit.platform.engine.support.hierarchical.NodeTestTask.lambda$executeRecursively$9(NodeTestTask.java:139)
	at org.junit.platform.engine.support.hierarchical.ThrowableCollector.execute(ThrowableCollector.java:73)
	at org.junit.platform.engine.support.hierarchical.NodeTestTask.executeRecursively(NodeTestTask.java:138)
	at org.junit.platform.engine.support.hierarchical.NodeTestTask.execute(NodeTestTask.java:95)
	at java.util.ArrayList.forEach(ArrayList.java:1259)
	at org.junit.platform.engine.support.hierarchical.SameThreadHierarchicalTestExecutorService.invokeAll(SameThreadHierarchicalTestExecutorService.java:41)
	at org.junit.platform.engine.support.hierarchical.NodeTestTask.lambda$executeRecursively$6(NodeTestTask.java:155)
	at org.junit.platform.engine.support.hierarchical.ThrowableCollector.execute(ThrowableCollector.java:73)
	at org.junit.platform.engine.support.hierarchical.NodeTestTask.lambda$executeRecursively$8(NodeTestTask.java:141)
	at org.junit.platform.engine.support.hierarchical.Node.around(Node.java:137)
	at org.junit.platform.engine.support.hierarchical.NodeTestTask.lambda$executeRecursively$9(NodeTestTask.java:139)
	at org.junit.platform.engine.support.hierarchical.ThrowableCollector.execute(ThrowableCollector.java:73)
	at org.junit.platform.engine.support.hierarchical.NodeTestTask.executeRecursively(NodeTestTask.java:138)
	at org.junit.platform.engine.support.hierarchical.NodeTestTask.execute(NodeTestTask.java:95)
	at org.junit.platform.engine.support.hierarchical.SameThreadHierarchicalTestExecutorService.submit(SameThreadHierarchicalTestExecutorService.java:35)
	at org.junit.platform.engine.support.hierarchical.HierarchicalTestExecutor.execute(HierarchicalTestExecutor.java:57)
	at org.junit.platform.engine.support.hierarchical.HierarchicalTestEngine.execute(HierarchicalTestEngine.java:54)
	at org.junit.platform.launcher.core.EngineExecutionOrchestrator.execute(EngineExecutionOrchestrator.java:107)
	at org.junit.platform.launcher.core.EngineExecutionOrchestrator.execute(EngineExecutionOrchestrator.java:88)
	at org.junit.platform.launcher.core.EngineExecutionOrchestrator.lambda$execute$0(EngineExecutionOrchestrator.java:54)
	at org.junit.platform.launcher.core.EngineExecutionOrchestrator.withInterceptedStreams(EngineExecutionOrchestrator.java:67)
	at org.junit.platform.launcher.core.EngineExecutionOrchestrator.execute(EngineExecutionOrchestrator.java:52)
	at org.junit.platform.launcher.core.DefaultLauncher.execute(DefaultLauncher.java:114)
	at org.junit.platform.launcher.core.DefaultLauncher.execute(DefaultLauncher.java:86)
	at org.junit.platform.launcher.core.DefaultLauncherSession$DelegatingLauncher.execute(DefaultLauncherSession.java:86)
	at org.junit.platform.launcher.core.SessionPerRequestLauncher.execute(SessionPerRequestLauncher.java:53)
	at org.apache.maven.surefire.junitplatform.JUnitPlatformProvider.execute(JUnitPlatformProvider.java:188)
	at org.apache.maven.surefire.junitplatform.JUnitPlatformProvider.invokeAllTests(JUnitPlatformProvider.java:154)
	at org.apache.maven.surefire.junitplatform.JUnitPlatformProvider.invoke(JUnitPlatformProvider.java:124)
	at org.apache.maven.surefire.booter.ForkedBooter.runSuitesInProcess(ForkedBooter.java:428)
	at org.apache.maven.surefire.booter.ForkedBooter.execute(ForkedBooter.java:162)
	at org.apache.maven.surefire.booter.ForkedBooter.run(ForkedBooter.java:562)
	at org.apache.maven.surefire.booter.ForkedBooter.main(ForkedBooter.java:548)

[ERROR] org.apache.hadoop.ozone.TestMiniOzoneCluster.testKeepPortsWhenRestartDN  Time elapsed: 0.654 s  <<< ERROR!
java.io.IOException: Cannot create directory /home/runner/work/ozone/ozone/hadoop-ozone/integration-test/target/test-dir/MiniOzoneClusterImpl-37c27609-63ec-47e2-b1fe-9e981bbda8a7/ozone-meta/om/current
	at org.apache.hadoop.ozone.common.Storage.initialize(Storage.java:270)
	at org.apache.hadoop.ozone.MiniOzoneClusterImpl$Builder.initializeOmStorage(MiniOzoneClusterImpl.java:791)
	at org.apache.hadoop.ozone.MiniOzoneClusterImpl$Builder.createOM(MiniOzoneClusterImpl.java:807)
	at org.apache.hadoop.ozone.MiniOzoneClusterImpl$Builder.build(MiniOzoneClusterImpl.java:596)
	at org.apache.hadoop.ozone.TestMiniOzoneCluster.testKeepPortsWhenRestartDN(TestMiniOzoneCluster.java:206)
	at sun.reflect.NativeMethodAccessorImpl.invoke0(Native Method)
	at sun.reflect.NativeMethodAccessorImpl.invoke(NativeMethodAccessorImpl.java:62)
	at sun.reflect.DelegatingMethodAccessorImpl.invoke(DelegatingMethodAccessorImpl.java:43)
	at java.lang.reflect.Method.invoke(Method.java:498)
	at org.junit.platform.commons.util.ReflectionUtils.invokeMethod(ReflectionUtils.java:725)
	at org.junit.jupiter.engine.execution.MethodInvocation.proceed(MethodInvocation.java:60)
	at org.junit.jupiter.engine.execution.InvocationInterceptorChain$ValidatingInvocation.proceed(InvocationInterceptorChain.java:131)
	at org.junit.jupiter.engine.extension.TimeoutInvocation.proceed(TimeoutInvocation.java:46)
	at org.junit.jupiter.engine.extension.TimeoutExtension.intercept(TimeoutExtension.java:149)
	at org.junit.jupiter.engine.extension.TimeoutExtension.interceptTestableMethod(TimeoutExtension.java:140)
	at org.junit.jupiter.engine.extension.TimeoutExtension.interceptTestMethod(TimeoutExtension.java:84)
	at org.junit.jupiter.engine.execution.ExecutableInvoker$ReflectiveInterceptorCall.lambda$ofVoidMethod$0(ExecutableInvoker.java:115)
	at org.junit.jupiter.engine.execution.ExecutableInvoker.lambda$invoke$0(ExecutableInvoker.java:105)
	at org.junit.jupiter.engine.execution.InvocationInterceptorChain$InterceptedInvocation.proceed(InvocationInterceptorChain.java:106)
	at org.junit.jupiter.engine.execution.InvocationInterceptorChain.proceed(InvocationInterceptorChain.java:64)
	at org.junit.jupiter.engine.execution.InvocationInterceptorChain.chainAndInvoke(InvocationInterceptorChain.java:45)
	at org.junit.jupiter.engine.execution.InvocationInterceptorChain.invoke(InvocationInterceptorChain.java:37)
	at org.junit.jupiter.engine.execution.ExecutableInvoker.invoke(ExecutableInvoker.java:104)
	at org.junit.jupiter.engine.execution.ExecutableInvoker.invoke(ExecutableInvoker.java:98)
	at org.junit.jupiter.engine.descriptor.TestMethodTestDescriptor.lambda$invokeTestMethod$7(TestMethodTestDescriptor.java:214)
	at org.junit.platform.engine.support.hierarchical.ThrowableCollector.execute(ThrowableCollector.java:73)
	at org.junit.jupiter.engine.descriptor.TestMethodTestDescriptor.invokeTestMethod(TestMethodTestDescriptor.java:210)
	at org.junit.jupiter.engine.descriptor.TestMethodTestDescriptor.execute(TestMethodTestDescriptor.java:135)
	at org.junit.jupiter.engine.descriptor.TestMethodTestDescriptor.execute(TestMethodTestDescriptor.java:66)
	at org.junit.platform.engine.support.hierarchical.NodeTestTask.lambda$executeRecursively$6(NodeTestTask.java:151)
	at org.junit.platform.engine.support.hierarchical.ThrowableCollector.execute(ThrowableCollector.java:73)
	at org.junit.platform.engine.support.hierarchical.NodeTestTask.lambda$executeRecursively$8(NodeTestTask.java:141)
	at org.junit.platform.engine.support.hierarchical.Node.around(Node.java:137)
	at org.junit.platform.engine.support.hierarchical.NodeTestTask.lambda$executeRecursively$9(NodeTestTask.java:139)
	at org.junit.platform.engine.support.hierarchical.ThrowableCollector.execute(ThrowableCollector.java:73)
	at org.junit.platform.engine.support.hierarchical.NodeTestTask.executeRecursively(NodeTestTask.java:138)
	at org.junit.platform.engine.support.hierarchical.NodeTestTask.execute(NodeTestTask.java:95)
	at java.util.ArrayList.forEach(ArrayList.java:1259)
	at org.junit.platform.engine.support.hierarchical.SameThreadHierarchicalTestExecutorService.invokeAll(SameThreadHierarchicalTestExecutorService.java:41)
	at org.junit.platform.engine.support.hierarchical.NodeTestTask.lambda$executeRecursively$6(NodeTestTask.java:155)
	at org.junit.platform.engine.support.hierarchical.ThrowableCollector.execute(ThrowableCollector.java:73)
	at org.junit.platform.engine.support.hierarchical.NodeTestTask.lambda$executeRecursively$8(NodeTestTask.java:141)
	at org.junit.platform.engine.support.hierarchical.Node.around(Node.java:137)
	at org.junit.platform.engine.support.hierarchical.NodeTestTask.lambda$executeRecursively$9(NodeTestTask.java:139)
	at org.junit.platform.engine.support.hierarchical.ThrowableCollector.execute(ThrowableCollector.java:73)
	at org.junit.platform.engine.support.hierarchical.NodeTestTask.executeRecursively(NodeTestTask.java:138)
	at org.junit.platform.engine.support.hierarchical.NodeTestTask.execute(NodeTestTask.java:95)
	at java.util.ArrayList.forEach(ArrayList.java:1259)
	at org.junit.platform.engine.support.hierarchical.SameThreadHierarchicalTestExecutorService.invokeAll(SameThreadHierarchicalTestExecutorService.java:41)
	at org.junit.platform.engine.support.hierarchical.NodeTestTask.lambda$executeRecursively$6(NodeTestTask.java:155)
	at org.junit.platform.engine.support.hierarchical.ThrowableCollector.execute(ThrowableCollector.java:73)
	at org.junit.platform.engine.support.hierarchical.NodeTestTask.lambda$executeRecursively$8(NodeTestTask.java:141)
	at org.junit.platform.engine.support.hierarchical.Node.around(Node.java:137)
	at org.junit.platform.engine.support.hierarchical.NodeTestTask.lambda$executeRecursively$9(NodeTestTask.java:139)
	at org.junit.platform.engine.support.hierarchical.ThrowableCollector.execute(ThrowableCollector.java:73)
	at org.junit.platform.engine.support.hierarchical.NodeTestTask.executeRecursively(NodeTestTask.java:138)
	at org.junit.platform.engine.support.hierarchical.NodeTestTask.execute(NodeTestTask.java:95)
	at org.junit.platform.engine.support.hierarchical.SameThreadHierarchicalTestExecutorService.submit(SameThreadHierarchicalTestExecutorService.java:35)
	at org.junit.platform.engine.support.hierarchical.HierarchicalTestExecutor.execute(HierarchicalTestExecutor.java:57)
	at org.junit.platform.engine.support.hierarchical.HierarchicalTestEngine.execute(HierarchicalTestEngine.java:54)
	at org.junit.platform.launcher.core.EngineExecutionOrchestrator.execute(EngineExecutionOrchestrator.java:107)
	at org.junit.platform.launcher.core.EngineExecutionOrchestrator.execute(EngineExecutionOrchestrator.java:88)
	at org.junit.platform.launcher.core.EngineExecutionOrchestrator.lambda$execute$0(EngineExecutionOrchestrator.java:54)
	at org.junit.platform.launcher.core.EngineExecutionOrchestrator.withInterceptedStreams(EngineExecutionOrchestrator.java:67)
	at org.junit.platform.launcher.core.EngineExecutionOrchestrator.execute(EngineExecutionOrchestrator.java:52)
	at org.junit.platform.launcher.core.DefaultLauncher.execute(DefaultLauncher.java:114)
	at org.junit.platform.launcher.core.DefaultLauncher.execute(DefaultLauncher.java:86)
	at org.junit.platform.launcher.core.DefaultLauncherSession$DelegatingLauncher.execute(DefaultLauncherSession.java:86)
	at org.junit.platform.launcher.core.SessionPerRequestLauncher.execute(SessionPerRequestLauncher.java:53)
	at org.apache.maven.surefire.junitplatform.JUnitPlatformProvider.execute(JUnitPlatformProvider.java:188)
	at org.apache.maven.surefire.junitplatform.JUnitPlatformProvider.invokeAllTests(JUnitPlatformProvider.java:154)
	at org.apache.maven.surefire.junitplatform.JUnitPlatformProvider.invoke(JUnitPlatformProvider.java:124)
	at org.apache.maven.surefire.booter.ForkedBooter.runSuitesInProcess(ForkedBooter.java:428)
	at org.apache.maven.surefire.booter.ForkedBooter.execute(ForkedBooter.java:162)
	at org.apache.maven.surefire.booter.ForkedBooter.run(ForkedBooter.java:562)
	at org.apache.maven.surefire.booter.ForkedBooter.main(ForkedBooter.java:548)

[INFO] Running org.apache.hadoop.ozone.reconfig.TestScmReconfiguration
[ERROR] Tests run: 1, Failures: 0, Errors: 1, Skipped: 0, Time elapsed: 4.933 s <<< FAILURE! - in org.apache.hadoop.ozone.reconfig.TestScmReconfiguration
[ERROR] org.apache.hadoop.ozone.reconfig.TestScmReconfiguration  Time elapsed: 4.933 s  <<< ERROR!
java.io.IOException: Cannot create directory /home/runner/work/ozone/ozone/hadoop-ozone/integration-test/target/test-dir/MiniOzoneClusterImpl-85fa5d37-7760-4ca5-bc47-f7f2e93b6c7e/ozone-meta/om/current
	at org.apache.hadoop.ozone.common.Storage.initialize(Storage.java:270)
	at org.apache.hadoop.ozone.MiniOzoneClusterImpl$Builder.initializeOmStorage(MiniOzoneClusterImpl.java:791)
	at org.apache.hadoop.ozone.MiniOzoneClusterImpl$Builder.createOM(MiniOzoneClusterImpl.java:807)
	at org.apache.hadoop.ozone.MiniOzoneClusterImpl$Builder.build(MiniOzoneClusterImpl.java:596)
	at org.apache.hadoop.ozone.reconfig.ReconfigurationTestBase.setup(ReconfigurationTestBase.java:51)
	at sun.reflect.NativeMethodAccessorImpl.invoke0(Native Method)
	at sun.reflect.NativeMethodAccessorImpl.invoke(NativeMethodAccessorImpl.java:62)
	at sun.reflect.DelegatingMethodAccessorImpl.invoke(DelegatingMethodAccessorImpl.java:43)
	at java.lang.reflect.Method.invoke(Method.java:498)
	at org.junit.platform.commons.util.ReflectionUtils.invokeMethod(ReflectionUtils.java:725)
	at org.junit.jupiter.engine.execution.MethodInvocation.proceed(MethodInvocation.java:60)
	at org.junit.jupiter.engine.execution.InvocationInterceptorChain$ValidatingInvocation.proceed(InvocationInterceptorChain.java:131)
	at org.junit.jupiter.engine.extension.TimeoutExtension.intercept(TimeoutExtension.java:149)
	at org.junit.jupiter.engine.extension.TimeoutExtension.interceptLifecycleMethod(TimeoutExtension.java:126)
	at org.junit.jupiter.engine.extension.TimeoutExtension.interceptBeforeAllMethod(TimeoutExtension.java:68)
	at org.junit.jupiter.engine.execution.ExecutableInvoker$ReflectiveInterceptorCall.lambda$ofVoidMethod$0(ExecutableInvoker.java:115)
	at org.junit.jupiter.engine.execution.ExecutableInvoker.lambda$invoke$0(ExecutableInvoker.java:105)
	at org.junit.jupiter.engine.execution.InvocationInterceptorChain$InterceptedInvocation.proceed(InvocationInterceptorChain.java:106)
	at org.junit.jupiter.engine.execution.InvocationInterceptorChain.proceed(InvocationInterceptorChain.java:64)
	at org.junit.jupiter.engine.execution.InvocationInterceptorChain.chainAndInvoke(InvocationInterceptorChain.java:45)
	at org.junit.jupiter.engine.execution.InvocationInterceptorChain.invoke(InvocationInterceptorChain.java:37)
	at org.junit.jupiter.engine.execution.ExecutableInvoker.invoke(ExecutableInvoker.java:104)
	at org.junit.jupiter.engine.execution.ExecutableInvoker.invoke(ExecutableInvoker.java:98)
	at org.junit.jupiter.engine.descriptor.ClassBasedTestDescriptor.lambda$invokeBeforeAllMethods$11(ClassBasedTestDescriptor.java:397)
	at org.junit.platform.engine.support.hierarchical.ThrowableCollector.execute(ThrowableCollector.java:73)
	at org.junit.jupiter.engine.descriptor.ClassBasedTestDescriptor.invokeBeforeAllMethods(ClassBasedTestDescriptor.java:395)
	at org.junit.jupiter.engine.descriptor.ClassBasedTestDescriptor.before(ClassBasedTestDescriptor.java:209)
	at org.junit.jupiter.engine.descriptor.ClassBasedTestDescriptor.before(ClassBasedTestDescriptor.java:80)
	at org.junit.platform.engine.support.hierarchical.NodeTestTask.lambda$executeRecursively$6(NodeTestTask.java:148)
	at org.junit.platform.engine.support.hierarchical.ThrowableCollector.execute(ThrowableCollector.java:73)
	at org.junit.platform.engine.support.hierarchical.NodeTestTask.lambda$executeRecursively$8(NodeTestTask.java:141)
	at org.junit.platform.engine.support.hierarchical.Node.around(Node.java:137)
	at org.junit.platform.engine.support.hierarchical.NodeTestTask.lambda$executeRecursively$9(NodeTestTask.java:139)
	at org.junit.platform.engine.support.hierarchical.ThrowableCollector.execute(ThrowableCollector.java:73)
	at org.junit.platform.engine.support.hierarchical.NodeTestTask.executeRecursively(NodeTestTask.java:138)
	at org.junit.platform.engine.support.hierarchical.NodeTestTask.execute(NodeTestTask.java:95)
	at java.util.ArrayList.forEach(ArrayList.java:1259)
	at org.junit.platform.engine.support.hierarchical.SameThreadHierarchicalTestExecutorService.invokeAll(SameThreadHierarchicalTestExecutorService.java:41)
	at org.junit.platform.engine.support.hierarchical.NodeTestTask.lambda$executeRecursively$6(NodeTestTask.java:155)
	at org.junit.platform.engine.support.hierarchical.ThrowableCollector.execute(ThrowableCollector.java:73)
	at org.junit.platform.engine.support.hierarchical.NodeTestTask.lambda$executeRecursively$8(NodeTestTask.java:141)
	at org.junit.platform.engine.support.hierarchical.Node.around(Node.java:137)
	at org.junit.platform.engine.support.hierarchical.NodeTestTask.lambda$executeRecursively$9(NodeTestTask.java:139)
	at org.junit.platform.engine.support.hierarchical.ThrowableCollector.execute(ThrowableCollector.java:73)
	at org.junit.platform.engine.support.hierarchical.NodeTestTask.executeRecursively(NodeTestTask.java:138)
	at org.junit.platform.engine.support.hierarchical.NodeTestTask.execute(NodeTestTask.java:95)
	at org.junit.platform.engine.support.hierarchical.SameThreadHierarchicalTestExecutorService.submit(SameThreadHierarchicalTestExecutorService.java:35)
	at org.junit.platform.engine.support.hierarchical.HierarchicalTestExecutor.execute(HierarchicalTestExecutor.java:57)
	at org.junit.platform.engine.support.hierarchical.HierarchicalTestEngine.execute(HierarchicalTestEngine.java:54)
	at org.junit.platform.launcher.core.EngineExecutionOrchestrator.execute(EngineExecutionOrchestrator.java:107)
	at org.junit.platform.launcher.core.EngineExecutionOrchestrator.execute(EngineExecutionOrchestrator.java:88)
	at org.junit.platform.launcher.core.EngineExecutionOrchestrator.lambda$execute$0(EngineExecutionOrchestrator.java:54)
	at org.junit.platform.launcher.core.EngineExecutionOrchestrator.withInterceptedStreams(EngineExecutionOrchestrator.java:67)
	at org.junit.platform.launcher.core.EngineExecutionOrchestrator.execute(EngineExecutionOrchestrator.java:52)
	at org.junit.platform.launcher.core.DefaultLauncher.execute(DefaultLauncher.java:114)
	at org.junit.platform.launcher.core.DefaultLauncher.execute(DefaultLauncher.java:86)
	at org.junit.platform.launcher.core.DefaultLauncherSession$DelegatingLauncher.execute(DefaultLauncherSession.java:86)
	at org.junit.platform.launcher.core.SessionPerRequestLauncher.execute(SessionPerRequestLauncher.java:53)
	at org.apache.maven.surefire.junitplatform.JUnitPlatformProvider.execute(JUnitPlatformProvider.java:188)
	at org.apache.maven.surefire.junitplatform.JUnitPlatformProvider.invokeAllTests(JUnitPlatformProvider.java:154)
	at org.apache.maven.surefire.junitplatform.JUnitPlatformProvider.invoke(JUnitPlatformProvider.java:124)
	at org.apache.maven.surefire.booter.ForkedBooter.runSuitesInProcess(ForkedBooter.java:428)
	at org.apache.maven.surefire.booter.ForkedBooter.execute(ForkedBooter.java:162)
	at org.apache.maven.surefire.booter.ForkedBooter.run(ForkedBooter.java:562)
	at org.apache.maven.surefire.booter.ForkedBooter.main(ForkedBooter.java:548)

[INFO] Running org.apache.hadoop.ozone.reconfig.TestOmReconfiguration
[ERROR] Tests run: 1, Failures: 0, Errors: 1, Skipped: 0, Time elapsed: 5.011 s <<< FAILURE! - in org.apache.hadoop.ozone.reconfig.TestOmReconfiguration
[ERROR] org.apache.hadoop.ozone.reconfig.TestOmReconfiguration  Time elapsed: 5.011 s  <<< ERROR!
java.io.IOException: Cannot create directory /home/runner/work/ozone/ozone/hadoop-ozone/integration-test/target/test-dir/MiniOzoneClusterImpl-708d90fa-a81e-4613-8800-b9407c74f6cd/ozone-meta/om/current
	at org.apache.hadoop.ozone.common.Storage.initialize(Storage.java:270)
	at org.apache.hadoop.ozone.MiniOzoneClusterImpl$Builder.initializeOmStorage(MiniOzoneClusterImpl.java:791)
	at org.apache.hadoop.ozone.MiniOzoneClusterImpl$Builder.createOM(MiniOzoneClusterImpl.java:807)
	at org.apache.hadoop.ozone.MiniOzoneClusterImpl$Builder.build(MiniOzoneClusterImpl.java:596)
	at org.apache.hadoop.ozone.reconfig.ReconfigurationTestBase.setup(ReconfigurationTestBase.java:51)
	at sun.reflect.NativeMethodAccessorImpl.invoke0(Native Method)
	at sun.reflect.NativeMethodAccessorImpl.invoke(NativeMethodAccessorImpl.java:62)
	at sun.reflect.DelegatingMethodAccessorImpl.invoke(DelegatingMethodAccessorImpl.java:43)
	at java.lang.reflect.Method.invoke(Method.java:498)
	at org.junit.platform.commons.util.ReflectionUtils.invokeMethod(ReflectionUtils.java:725)
	at org.junit.jupiter.engine.execution.MethodInvocation.proceed(MethodInvocation.java:60)
	at org.junit.jupiter.engine.execution.InvocationInterceptorChain$ValidatingInvocation.proceed(InvocationInterceptorChain.java:131)
	at org.junit.jupiter.engine.extension.TimeoutExtension.intercept(TimeoutExtension.java:149)
	at org.junit.jupiter.engine.extension.TimeoutExtension.interceptLifecycleMethod(TimeoutExtension.java:126)
	at org.junit.jupiter.engine.extension.TimeoutExtension.interceptBeforeAllMethod(TimeoutExtension.java:68)
	at org.junit.jupiter.engine.execution.ExecutableInvoker$ReflectiveInterceptorCall.lambda$ofVoidMethod$0(ExecutableInvoker.java:115)
	at org.junit.jupiter.engine.execution.ExecutableInvoker.lambda$invoke$0(ExecutableInvoker.java:105)
	at org.junit.jupiter.engine.execution.InvocationInterceptorChain$InterceptedInvocation.proceed(InvocationInterceptorChain.java:106)
	at org.junit.jupiter.engine.execution.InvocationInterceptorChain.proceed(InvocationInterceptorChain.java:64)
	at org.junit.jupiter.engine.execution.InvocationInterceptorChain.chainAndInvoke(InvocationInterceptorChain.java:45)
	at org.junit.jupiter.engine.execution.InvocationInterceptorChain.invoke(InvocationInterceptorChain.java:37)
	at org.junit.jupiter.engine.execution.ExecutableInvoker.invoke(ExecutableInvoker.java:104)
	at org.junit.jupiter.engine.execution.ExecutableInvoker.invoke(ExecutableInvoker.java:98)
	at org.junit.jupiter.engine.descriptor.ClassBasedTestDescriptor.lambda$invokeBeforeAllMethods$11(ClassBasedTestDescriptor.java:397)
	at org.junit.platform.engine.support.hierarchical.ThrowableCollector.execute(ThrowableCollector.java:73)
	at org.junit.jupiter.engine.descriptor.ClassBasedTestDescriptor.invokeBeforeAllMethods(ClassBasedTestDescriptor.java:395)
	at org.junit.jupiter.engine.descriptor.ClassBasedTestDescriptor.before(ClassBasedTestDescriptor.java:209)
	at org.junit.jupiter.engine.descriptor.ClassBasedTestDescriptor.before(ClassBasedTestDescriptor.java:80)
	at org.junit.platform.engine.support.hierarchical.NodeTestTask.lambda$executeRecursively$6(NodeTestTask.java:148)
	at org.junit.platform.engine.support.hierarchical.ThrowableCollector.execute(ThrowableCollector.java:73)
	at org.junit.platform.engine.support.hierarchical.NodeTestTask.lambda$executeRecursively$8(NodeTestTask.java:141)
	at org.junit.platform.engine.support.hierarchical.Node.around(Node.java:137)
	at org.junit.platform.engine.support.hierarchical.NodeTestTask.lambda$executeRecursively$9(NodeTestTask.java:139)
	at org.junit.platform.engine.support.hierarchical.ThrowableCollector.execute(ThrowableCollector.java:73)
	at org.junit.platform.engine.support.hierarchical.NodeTestTask.executeRecursively(NodeTestTask.java:138)
	at org.junit.platform.engine.support.hierarchical.NodeTestTask.execute(NodeTestTask.java:95)
	at java.util.ArrayList.forEach(ArrayList.java:1259)
	at org.junit.platform.engine.support.hierarchical.SameThreadHierarchicalTestExecutorService.invokeAll(SameThreadHierarchicalTestExecutorService.java:41)
	at org.junit.platform.engine.support.hierarchical.NodeTestTask.lambda$executeRecursively$6(NodeTestTask.java:155)
	at org.junit.platform.engine.support.hierarchical.ThrowableCollector.execute(ThrowableCollector.java:73)
	at org.junit.platform.engine.support.hierarchical.NodeTestTask.lambda$executeRecursively$8(NodeTestTask.java:141)
	at org.junit.platform.engine.support.hierarchical.Node.around(Node.java:137)
	at org.junit.platform.engine.support.hierarchical.NodeTestTask.lambda$executeRecursively$9(NodeTestTask.java:139)
	at org.junit.platform.engine.support.hierarchical.ThrowableCollector.execute(ThrowableCollector.java:73)
	at org.junit.platform.engine.support.hierarchical.NodeTestTask.executeRecursively(NodeTestTask.java:138)
	at org.junit.platform.engine.support.hierarchical.NodeTestTask.execute(NodeTestTask.java:95)
	at org.junit.platform.engine.support.hierarchical.SameThreadHierarchicalTestExecutorService.submit(SameThreadHierarchicalTestExecutorService.java:35)
	at org.junit.platform.engine.support.hierarchical.HierarchicalTestExecutor.execute(HierarchicalTestExecutor.java:57)
	at org.junit.platform.engine.support.hierarchical.HierarchicalTestEngine.execute(HierarchicalTestEngine.java:54)
	at org.junit.platform.launcher.core.EngineExecutionOrchestrator.execute(EngineExecutionOrchestrator.java:107)
	at org.junit.platform.launcher.core.EngineExecutionOrchestrator.execute(EngineExecutionOrchestrator.java:88)
	at org.junit.platform.launcher.core.EngineExecutionOrchestrator.lambda$execute$0(EngineExecutionOrchestrator.java:54)
	at org.junit.platform.launcher.core.EngineExecutionOrchestrator.withInterceptedStreams(EngineExecutionOrchestrator.java:67)
	at org.junit.platform.launcher.core.EngineExecutionOrchestrator.execute(EngineExecutionOrchestrator.java:52)
	at org.junit.platform.launcher.core.DefaultLauncher.execute(DefaultLauncher.java:114)
	at org.junit.platform.launcher.core.DefaultLauncher.execute(DefaultLauncher.java:86)
	at org.junit.platform.launcher.core.DefaultLauncherSession$DelegatingLauncher.execute(DefaultLauncherSession.java:86)
	at org.junit.platform.launcher.core.SessionPerRequestLauncher.execute(SessionPerRequestLauncher.java:53)
	at org.apache.maven.surefire.junitplatform.JUnitPlatformProvider.execute(JUnitPlatformProvider.java:188)
	at org.apache.maven.surefire.junitplatform.JUnitPlatformProvider.invokeAllTests(JUnitPlatformProvider.java:154)
	at org.apache.maven.surefire.junitplatform.JUnitPlatformProvider.invoke(JUnitPlatformProvider.java:124)
	at org.apache.maven.surefire.booter.ForkedBooter.runSuitesInProcess(ForkedBooter.java:428)
	at org.apache.maven.surefire.booter.ForkedBooter.execute(ForkedBooter.java:162)
	at org.apache.maven.surefire.booter.ForkedBooter.run(ForkedBooter.java:562)
	at org.apache.maven.surefire.booter.ForkedBooter.main(ForkedBooter.java:548)

[INFO] Running org.apache.hadoop.ozone.reconfig.TestDatanodeReconfiguration
[ERROR] Tests run: 1, Failures: 0, Errors: 1, Skipped: 0, Time elapsed: 5.156 s <<< FAILURE! - in org.apache.hadoop.ozone.reconfig.TestDatanodeReconfiguration
[ERROR] org.apache.hadoop.ozone.reconfig.TestDatanodeReconfiguration  Time elapsed: 5.156 s  <<< ERROR!
java.io.IOException: Cannot create directory /home/runner/work/ozone/ozone/hadoop-ozone/integration-test/target/test-dir/MiniOzoneClusterImpl-83f3097d-c6d3-4f0c-938e-9dc260e4f993/ozone-meta/om/current
	at org.apache.hadoop.ozone.common.Storage.initialize(Storage.java:270)
	at org.apache.hadoop.ozone.MiniOzoneClusterImpl$Builder.initializeOmStorage(MiniOzoneClusterImpl.java:791)
	at org.apache.hadoop.ozone.MiniOzoneClusterImpl$Builder.createOM(MiniOzoneClusterImpl.java:807)
	at org.apache.hadoop.ozone.MiniOzoneClusterImpl$Builder.build(MiniOzoneClusterImpl.java:596)
	at org.apache.hadoop.ozone.reconfig.ReconfigurationTestBase.setup(ReconfigurationTestBase.java:51)
	at sun.reflect.NativeMethodAccessorImpl.invoke0(Native Method)
	at sun.reflect.NativeMethodAccessorImpl.invoke(NativeMethodAccessorImpl.java:62)
	at sun.reflect.DelegatingMethodAccessorImpl.invoke(DelegatingMethodAccessorImpl.java:43)
	at java.lang.reflect.Method.invoke(Method.java:498)
	at org.junit.platform.commons.util.ReflectionUtils.invokeMethod(ReflectionUtils.java:725)
	at org.junit.jupiter.engine.execution.MethodInvocation.proceed(MethodInvocation.java:60)
	at org.junit.jupiter.engine.execution.InvocationInterceptorChain$ValidatingInvocation.proceed(InvocationInterceptorChain.java:131)
	at org.junit.jupiter.engine.extension.TimeoutExtension.intercept(TimeoutExtension.java:149)
	at org.junit.jupiter.engine.extension.TimeoutExtension.interceptLifecycleMethod(TimeoutExtension.java:126)
	at org.junit.jupiter.engine.extension.TimeoutExtension.interceptBeforeAllMethod(TimeoutExtension.java:68)
	at org.junit.jupiter.engine.execution.ExecutableInvoker$ReflectiveInterceptorCall.lambda$ofVoidMethod$0(ExecutableInvoker.java:115)
	at org.junit.jupiter.engine.execution.ExecutableInvoker.lambda$invoke$0(ExecutableInvoker.java:105)
	at org.junit.jupiter.engine.execution.InvocationInterceptorChain$InterceptedInvocation.proceed(InvocationInterceptorChain.java:106)
	at org.junit.jupiter.engine.execution.InvocationInterceptorChain.proceed(InvocationInterceptorChain.java:64)
	at org.junit.jupiter.engine.execution.InvocationInterceptorChain.chainAndInvoke(InvocationInterceptorChain.java:45)
	at org.junit.jupiter.engine.execution.InvocationInterceptorChain.invoke(InvocationInterceptorChain.java:37)
	at org.junit.jupiter.engine.execution.ExecutableInvoker.invoke(ExecutableInvoker.java:104)
	at org.junit.jupiter.engine.execution.ExecutableInvoker.invoke(ExecutableInvoker.java:98)
	at org.junit.jupiter.engine.descriptor.ClassBasedTestDescriptor.lambda$invokeBeforeAllMethods$11(ClassBasedTestDescriptor.java:397)
	at org.junit.platform.engine.support.hierarchical.ThrowableCollector.execute(ThrowableCollector.java:73)
	at org.junit.jupiter.engine.descriptor.ClassBasedTestDescriptor.invokeBeforeAllMethods(ClassBasedTestDescriptor.java:395)
	at org.junit.jupiter.engine.descriptor.ClassBasedTestDescriptor.before(ClassBasedTestDescriptor.java:209)
	at org.junit.jupiter.engine.descriptor.ClassBasedTestDescriptor.before(ClassBasedTestDescriptor.java:80)
	at org.junit.platform.engine.support.hierarchical.NodeTestTask.lambda$executeRecursively$6(NodeTestTask.java:148)
	at org.junit.platform.engine.support.hierarchical.ThrowableCollector.execute(ThrowableCollector.java:73)
	at org.junit.platform.engine.support.hierarchical.NodeTestTask.lambda$executeRecursively$8(NodeTestTask.java:141)
	at org.junit.platform.engine.support.hierarchical.Node.around(Node.java:137)
	at org.junit.platform.engine.support.hierarchical.NodeTestTask.lambda$executeRecursively$9(NodeTestTask.java:139)
	at org.junit.platform.engine.support.hierarchical.ThrowableCollector.execute(ThrowableCollector.java:73)
	at org.junit.platform.engine.support.hierarchical.NodeTestTask.executeRecursively(NodeTestTask.java:138)
	at org.junit.platform.engine.support.hierarchical.NodeTestTask.execute(NodeTestTask.java:95)
	at java.util.ArrayList.forEach(ArrayList.java:1259)
	at org.junit.platform.engine.support.hierarchical.SameThreadHierarchicalTestExecutorService.invokeAll(SameThreadHierarchicalTestExecutorService.java:41)
	at org.junit.platform.engine.support.hierarchical.NodeTestTask.lambda$executeRecursively$6(NodeTestTask.java:155)
	at org.junit.platform.engine.support.hierarchical.ThrowableCollector.execute(ThrowableCollector.java:73)
	at org.junit.platform.engine.support.hierarchical.NodeTestTask.lambda$executeRecursively$8(NodeTestTask.java:141)
	at org.junit.platform.engine.support.hierarchical.Node.around(Node.java:137)
	at org.junit.platform.engine.support.hierarchical.NodeTestTask.lambda$executeRecursively$9(NodeTestTask.java:139)
	at org.junit.platform.engine.support.hierarchical.ThrowableCollector.execute(ThrowableCollector.java:73)
	at org.junit.platform.engine.support.hierarchical.NodeTestTask.executeRecursively(NodeTestTask.java:138)
	at org.junit.platform.engine.support.hierarchical.NodeTestTask.execute(NodeTestTask.java:95)
	at org.junit.platform.engine.support.hierarchical.SameThreadHierarchicalTestExecutorService.submit(SameThreadHierarchicalTestExecutorService.java:35)
	at org.junit.platform.engine.support.hierarchical.HierarchicalTestExecutor.execute(HierarchicalTestExecutor.java:57)
	at org.junit.platform.engine.support.hierarchical.HierarchicalTestEngine.execute(HierarchicalTestEngine.java:54)
	at org.junit.platform.launcher.core.EngineExecutionOrchestrator.execute(EngineExecutionOrchestrator.java:107)
	at org.junit.platform.launcher.core.EngineExecutionOrchestrator.execute(EngineExecutionOrchestrator.java:88)
	at org.junit.platform.launcher.core.EngineExecutionOrchestrator.lambda$execute$0(EngineExecutionOrchestrator.java:54)
	at org.junit.platform.launcher.core.EngineExecutionOrchestrator.withInterceptedStreams(EngineExecutionOrchestrator.java:67)
	at org.junit.platform.launcher.core.EngineExecutionOrchestrator.execute(EngineExecutionOrchestrator.java:52)
	at org.junit.platform.launcher.core.DefaultLauncher.execute(DefaultLauncher.java:114)
	at org.junit.platform.launcher.core.DefaultLauncher.execute(DefaultLauncher.java:86)
	at org.junit.platform.launcher.core.DefaultLauncherSession$DelegatingLauncher.execute(DefaultLauncherSession.java:86)
	at org.junit.platform.launcher.core.SessionPerRequestLauncher.execute(SessionPerRequestLauncher.java:53)
	at org.apache.maven.surefire.junitplatform.JUnitPlatformProvider.execute(JUnitPlatformProvider.java:188)
	at org.apache.maven.surefire.junitplatform.JUnitPlatformProvider.invokeAllTests(JUnitPlatformProvider.java:154)
	at org.apache.maven.surefire.junitplatform.JUnitPlatformProvider.invoke(JUnitPlatformProvider.java:124)
	at org.apache.maven.surefire.booter.ForkedBooter.runSuitesInProcess(ForkedBooter.java:428)
	at org.apache.maven.surefire.booter.ForkedBooter.execute(ForkedBooter.java:162)
	at org.apache.maven.surefire.booter.ForkedBooter.run(ForkedBooter.java:562)
	at org.apache.maven.surefire.booter.ForkedBooter.main(ForkedBooter.java:548)

[INFO] Running org.apache.hadoop.ozone.fsck.TestContainerMapper
[ERROR] Tests run: 1, Failures: 1, Errors: 0, Skipped: 0, Time elapsed: 4.98 s <<< FAILURE! - in org.apache.hadoop.ozone.fsck.TestContainerMapper
[ERROR] org.apache.hadoop.ozone.fsck.TestContainerMapper  Time elapsed: 4.98 s  <<< FAILURE!
org.opentest4j.MultipleFailuresError: 
Multiple Failures (2 failures)
	java.lang.IllegalArgumentException: Unable to create directory /home/runner/work/ozone/ozone/hadoop-ozone/integration-test/target/test-dir/WeHYmuRCgh specified in configuration setting ozone.om.db.dirs
	java.lang.NullPointerException: <no message>
	at org.junit.vintage.engine.execution.TestRun.getStoredResultOrSuccessful(TestRun.java:196)
	at org.junit.vintage.engine.execution.RunListenerAdapter.fireExecutionFinished(RunListenerAdapter.java:226)
	at org.junit.vintage.engine.execution.RunListenerAdapter.testRunFinished(RunListenerAdapter.java:93)
	at org.junit.runner.notification.SynchronizedRunListener.testRunFinished(SynchronizedRunListener.java:42)
	at org.junit.runner.notification.RunNotifier$2.notifyListener(RunNotifier.java:103)
	at org.junit.runner.notification.RunNotifier$SafeNotifier.run(RunNotifier.java:72)
	at org.junit.runner.notification.RunNotifier.fireTestRunFinished(RunNotifier.java:100)
	at org.junit.runner.JUnitCore.run(JUnitCore.java:138)
	at org.junit.runner.JUnitCore.run(JUnitCore.java:115)
	at org.junit.vintage.engine.execution.RunnerExecutor.execute(RunnerExecutor.java:42)
	at org.junit.vintage.engine.VintageTestEngine.executeAllChildren(VintageTestEngine.java:80)
	at org.junit.vintage.engine.VintageTestEngine.execute(VintageTestEngine.java:72)
	at org.junit.platform.launcher.core.EngineExecutionOrchestrator.execute(EngineExecutionOrchestrator.java:107)
	at org.junit.platform.launcher.core.EngineExecutionOrchestrator.execute(EngineExecutionOrchestrator.java:88)
	at org.junit.platform.launcher.core.EngineExecutionOrchestrator.lambda$execute$0(EngineExecutionOrchestrator.java:54)
	at org.junit.platform.launcher.core.EngineExecutionOrchestrator.withInterceptedStreams(EngineExecutionOrchestrator.java:67)
	at org.junit.platform.launcher.core.EngineExecutionOrchestrator.execute(EngineExecutionOrchestrator.java:52)
	at org.junit.platform.launcher.core.DefaultLauncher.execute(DefaultLauncher.java:114)
	at org.junit.platform.launcher.core.DefaultLauncher.execute(DefaultLauncher.java:86)
	at org.junit.platform.launcher.core.DefaultLauncherSession$DelegatingLauncher.execute(DefaultLauncherSession.java:86)
	at org.junit.platform.launcher.core.SessionPerRequestLauncher.execute(SessionPerRequestLauncher.java:53)
	at org.apache.maven.surefire.junitplatform.JUnitPlatformProvider.execute(JUnitPlatformProvider.java:188)
	at org.apache.maven.surefire.junitplatform.JUnitPlatformProvider.invokeAllTests(JUnitPlatformProvider.java:154)
	at org.apache.maven.surefire.junitplatform.JUnitPlatformProvider.invoke(JUnitPlatformProvider.java:124)
	at org.apache.maven.surefire.booter.ForkedBooter.runSuitesInProcess(ForkedBooter.java:428)
	at org.apache.maven.surefire.booter.ForkedBooter.execute(ForkedBooter.java:162)
	at org.apache.maven.surefire.booter.ForkedBooter.run(ForkedBooter.java:562)
	at org.apache.maven.surefire.booter.ForkedBooter.main(ForkedBooter.java:548)
	Suppressed: java.lang.IllegalArgumentException: Unable to create directory /home/runner/work/ozone/ozone/hadoop-ozone/integration-test/target/test-dir/WeHYmuRCgh specified in configuration setting ozone.om.db.dirs
		at org.apache.hadoop.hdds.server.ServerUtils.getDirectoryFromConfig(ServerUtils.java:185)
		at org.apache.hadoop.hdds.server.ServerUtils.getDBPath(ServerUtils.java:306)
		at org.apache.hadoop.ozone.om.OMStorage.getOmDbDir(OMStorage.java:265)
		at org.apache.hadoop.ozone.om.OMStorage.<init>(OMStorage.java:81)
		at org.apache.hadoop.ozone.MiniOzoneClusterImpl$Builder.createOM(MiniOzoneClusterImpl.java:806)
		at org.apache.hadoop.ozone.MiniOzoneClusterImpl$Builder.build(MiniOzoneClusterImpl.java:596)
		at org.apache.hadoop.ozone.fsck.TestContainerMapper.init(TestContainerMapper.java:99)
		at sun.reflect.NativeMethodAccessorImpl.invoke0(Native Method)
		at sun.reflect.NativeMethodAccessorImpl.invoke(NativeMethodAccessorImpl.java:62)
		at sun.reflect.DelegatingMethodAccessorImpl.invoke(DelegatingMethodAccessorImpl.java:43)
		at java.lang.reflect.Method.invoke(Method.java:498)
		at org.junit.runners.model.FrameworkMethod$1.runReflectiveCall(FrameworkMethod.java:59)
		at org.junit.internal.runners.model.ReflectiveCallable.run(ReflectiveCallable.java:12)
		at org.junit.runners.model.FrameworkMethod.invokeExplosively(FrameworkMethod.java:56)
		at org.junit.internal.runners.statements.RunBefores.invokeMethod(RunBefores.java:33)
		at org.junit.internal.runners.statements.RunBefores.evaluate(RunBefores.java:24)
		at org.junit.internal.runners.statements.RunAfters.evaluate(RunAfters.java:27)
		at org.junit.runners.ParentRunner$3.evaluate(ParentRunner.java:306)
		at org.junit.runners.ParentRunner.run(ParentRunner.java:413)
		at org.junit.runner.JUnitCore.run(JUnitCore.java:137)
		... 20 more
	Suppressed: java.lang.NullPointerException
		at org.apache.hadoop.ozone.fsck.TestContainerMapper.shutdown(TestContainerMapper.java:148)
		at sun.reflect.NativeMethodAccessorImpl.invoke0(Native Method)
		at sun.reflect.NativeMethodAccessorImpl.invoke(NativeMethodAccessorImpl.java:62)
		at sun.reflect.DelegatingMethodAccessorImpl.invoke(DelegatingMethodAccessorImpl.java:43)
		at java.lang.reflect.Method.invoke(Method.java:498)
		at org.junit.runners.model.FrameworkMethod$1.runReflectiveCall(FrameworkMethod.java:59)
		at org.junit.internal.runners.model.ReflectiveCallable.run(ReflectiveCallable.java:12)
		at org.junit.runners.model.FrameworkMethod.invokeExplosively(FrameworkMethod.java:56)
		at org.junit.internal.runners.statements.RunAfters.invokeMethod(RunAfters.java:46)
		at org.junit.internal.runners.statements.RunAfters.evaluate(RunAfters.java:33)
		at org.junit.runners.ParentRunner$3.evaluate(ParentRunner.java:306)
		at org.junit.runners.ParentRunner.run(ParentRunner.java:413)
		at org.junit.runner.JUnitCore.run(JUnitCore.java:137)
		... 20 more

[INFO] Running org.apache.hadoop.ozone.TestBlockTokens
[WARNING] ForkStarter IOException: java.io.IOException: No space left on device
java.io.IOException: No space left on device
java.io.IOException: No space left on device
java.io.IOException: No space left on device
java.io.IOException: No space left on device
java.io.IOException: No space left on device
java.io.IOException: No space left on device
java.io.IOException: No space left on device
java.io.IOException: No space left on device
java.io.IOException: No space left on device
java.io.IOException: No space left on device
java.io.IOException: No space left on device
java.io.IOException: No space left on device
java.io.IOException: No space left on device
java.io.IOException: No space left on device
java.io.IOException: No space left on device
java.io.IOException: No space left on device
java.io.IOException: No space left on device
java.io.IOException: No space left on device
java.io.IOException: No space left on device
java.io.IOException: No space left on device
java.io.IOException: No space left on device
java.io.IOException: No space left on device
java.io.IOException: No space left on device
java.io.IOException: No space left on device
java.io.IOException: No space left on device
java.io.IOException: No space left on device
java.io.IOException: No space left on device
java.io.IOException: No space left on device
java.io.IOException: No space left on device
java.io.IOException: No space left on device
java.io.IOException: No space left on device
java.io.IOException: No space left on device
java.io.IOException: No space left on device
java.io.IOException: No space left on device
java.io.IOException: No space left on device
java.io.IOException: No space left on device
java.io.IOException: No space left on device
java.io.IOException: No space left on device
java.io.IOException: No space left on device
java.io.IOException: No space left on device
java.io.IOException: No space left on device
java.io.IOException: No space left on device
java.io.IOException: No space left on device
java.io.IOException: No space left on device
java.io.IOException: No space left on device
java.io.IOException: No space left on device
java.io.IOException: No space left on device
java.io.IOException: No space left on device
java.io.IOException: No space left on device
java.io.IOException: No space left on device
java.io.IOException: No space left on device
java.io.IOException: No space left on device
java.io.IOException: No space left on device
java.io.IOException: No space left on device
java.io.IOException: No space left on device
java.io.IOException: No space left on device
java.io.IOException: No space left on device
java.io.IOException: No space left on device
java.io.IOException: No space left on device
java.io.IOException: No space left on device
java.io.IOException: No space left on device
java.io.IOException: No space left on device
java.io.IOException: No space left on device
java.io.IOException: No space left on device
java.io.IOException: No space left on device
java.io.IOException: No space left on device
java.io.IOException: No space left on device
java.io.IOException: No space left on device
java.io.IOException: No space left on device
java.io.IOException: No space left on device
java.io.IOException: No space left on device
java.io.IOException: No space left on device
java.io.IOException: No space left on device
java.io.IOException: No space left on device
java.io.IOException: No space left on device
java.io.IOException: No space left on device
java.io.IOException: No space left on device
java.io.IOException: No space left on device
java.io.IOException: No space left on device
java.io.IOException: No space left on device
java.io.IOException: No space left on device
java.io.IOException: No space left on device
java.io.IOException: No space left on device
java.io.IOException: No space left on device
java.io.IOException: No space left on device
java.io.IOException: No space left on device
java.io.IOException: No space left on device
java.io.IOException: No space left on device
java.io.IOException: No space left on device
java.io.IOException: No space left on device
java.io.IOException: No space left on device
java.io.IOException: No space left on device
java.io.IOException: No space left on device
java.io.IOException: No space left on device
java.io.IOException: No space left on device
java.io.IOException: No space left on device
java.io.IOException: No space left on device
java.io.IOException: No space left on device
java.io.IOException: No space left on device
java.io.IOException: No space left on device
java.io.IOException: No space left on device
java.io.IOException: No space left on device
java.io.IOException: No space left on device
java.io.IOException: No space left on device
java.io.IOException: No space left on device
java.io.IOException: No space left on device
java.io.IOException: No space left on device
java.io.IOException: No space left on device
java.io.IOException: No space left on device
java.io.IOException: No space left on device
java.io.IOException: No space left on device
java.io.IOException: No space left on device
java.io.IOException: No space left on device
java.io.IOException: No space left on device
java.io.IOException: No space left on device
java.io.IOException: No space left on device
java.io.IOException: No space left on device
java.io.IOException: No space left on device
java.io.IOException: No space left on device
java.io.IOException: No space left on device
java.io.IOException: No space left on device
java.io.IOException: No space left on device
java.io.IOException: No space left on device
java.io.IOException: No space left on device
java.io.IOException: No space left on device
java.io.IOException: No space left on device
java.io.IOException: No space left on device
java.io.IOException: No space left on device
java.io.IOException: No space left on device
java.io.IOException: No space left on device
java.io.IOException: No space left on device
java.io.IOException: No space left on device
java.io.IOException: No space left on device
java.io.IOException: No space left on device
java.io.IOException: No space left on device
java.io.IOException: No space left on device
java.io.IOException: No space left on device
java.io.IOException: No space left on device
java.io.IOException: No space left on device
java.io.IOException: No space left on device
java.io.IOException: No space left on device
java.io.IOException: No space left on device
java.io.IOException: No space left on device
java.io.IOException: No space left on device
java.io.IOException: No space left on device
java.io.IOException: No space left on device
java.io.IOException: No space left on device
java.io.IOException: No space left on device
Unable to create file for report: No space left on device
java.io.IOException: No space left on device
java.io.IOException: No space left on device
java.io.IOException: No space left on device
java.io.IOException: No space left on device
java.io.IOException: No space left on device
java.io.IOException: No space left on device
java.io.IOException: No space left on device
java.io.IOException: No space left on device
java.io.IOException: No space left on device
java.io.IOException: No space left on device
java.io.IOException: No space left on device
java.io.IOException: No space left on device
java.io.IOException: No space left on device
java.io.IOException: No space left on device. See the dump file /home/runner/work/ozone/ozone/hadoop-ozone/integration-test/target/surefire-reports/2023-06-13T01-40-48_900-jvmRun1.dumpstream
[INFO] Running org.apache.hadoop.ozone.TestContainerBalancerOperations
[WARNING] Tests run: 1, Failures: 0, Errors: 0, Skipped: 1, Time elapsed: 0.017 s - in org.apache.hadoop.ozone.TestContainerBalancerOperations
[INFO] Running org.apache.hadoop.ozone.recon.TestReconScmSnapshot
[WARNING] ForkStarter IOException: Unable to create file for report: No space left on device. See the dump file /home/runner/work/ozone/ozone/hadoop-ozone/integration-test/target/surefire-reports/2023-06-13T01-40-48_900-jvmRun1.dumpstream
[INFO] Running org.apache.hadoop.ozone.recon.TestReconAsPassiveScm
[WARNING] ForkStarter IOException: Unable to create file for report: No space left on device. See the dump file /home/runner/work/ozone/ozone/hadoop-ozone/integration-test/target/surefire-reports/2023-06-13T01-40-48_900-jvmRun1.dumpstream
[INFO] Running org.apache.hadoop.ozone.recon.TestReconWithOzoneManagerHA
[WARNING] ForkStarter IOException: Unable to create file for report: No space left on device. See the dump file /home/runner/work/ozone/ozone/hadoop-ozone/integration-test/target/surefire-reports/2023-06-13T01-40-48_900-jvmRun1.dumpstream
[INFO] Running org.apache.hadoop.ozone.recon.TestReconScmHASnapshot
[WARNING] ForkStarter IOException: Unable to create file for report: No space left on device. See the dump file /home/runner/work/ozone/ozone/hadoop-ozone/integration-test/target/surefire-reports/2023-06-13T01-40-48_900-jvmRun1.dumpstream
[INFO] Running org.apache.hadoop.ozone.recon.TestReconWithOzoneManager
[WARNING] ForkStarter IOException: Unable to create file for report: No space left on device. See the dump file /home/runner/work/ozone/ozone/hadoop-ozone/integration-test/target/surefire-reports/2023-06-13T01-40-48_900-jvmRun1.dumpstream
[INFO] Running org.apache.hadoop.ozone.recon.TestReconWithOzoneManagerFSO
[WARNING] ForkStarter IOException: java.io.FileNotFoundException: /home/runner/work/ozone/ozone/hadoop-ozone/integration-test/target/surefire-reports/org.apache.hadoop.ozone.recon.TestReconWithOzoneManagerFSO-output.txt (No space left on device)
java.io.FileNotFoundException: /home/runner/work/ozone/ozone/hadoop-ozone/integration-test/target/surefire-reports/org.apache.hadoop.ozone.recon.TestReconWithOzoneManagerFSO-output.txt (No space left on device)
java.io.FileNotFoundException: /home/runner/work/ozone/ozone/hadoop-ozone/integration-test/target/surefire-reports/org.apache.hadoop.ozone.recon.TestReconWithOzoneManagerFSO-output.txt (No space left on device)
java.io.FileNotFoundException: /home/runner/work/ozone/ozone/hadoop-ozone/integration-test/target/surefire-reports/org.apache.hadoop.ozone.recon.TestReconWithOzoneManagerFSO-output.txt (No space left on device)
java.io.FileNotFoundException: /home/runner/work/ozone/ozone/hadoop-ozone/integration-test/target/surefire-reports/org.apache.hadoop.ozone.recon.TestReconWithOzoneManagerFSO-output.txt (No space left on device)
java.io.FileNotFoundException: /home/runner/work/ozone/ozone/hadoop-ozone/integration-test/target/surefire-reports/org.apache.hadoop.ozone.recon.TestReconWithOzoneManagerFSO-output.txt (No space left on device)
java.io.FileNotFoundException: /home/runner/work/ozone/ozone/hadoop-ozone/integration-test/target/surefire-reports/org.apache.hadoop.ozone.recon.TestReconWithOzoneManagerFSO-output.txt (No space left on device)
Unable to create file for report: /home/runner/work/ozone/ozone/hadoop-ozone/integration-test/target/surefire-reports/org.apache.hadoop.ozone.recon.TestReconWithOzoneManagerFSO.txt (No space left on device). See the dump file /home/runner/work/ozone/ozone/hadoop-ozone/integration-test/target/surefire-reports/2023-06-13T01-40-48_900-jvmRun1.dumpstream
[INFO] Running org.apache.hadoop.ozone.recon.TestReconTasks
[WARNING] ForkStarter IOException: java.io.FileNotFoundException: /home/runner/work/ozone/ozone/hadoop-ozone/integration-test/target/surefire-reports/org.apache.hadoop.ozone.recon.TestReconTasks-output.txt (No space left on device)
java.io.FileNotFoundException: /home/runner/work/ozone/ozone/hadoop-ozone/integration-test/target/surefire-reports/org.apache.hadoop.ozone.recon.TestReconTasks-output.txt (No space left on device)
java.io.FileNotFoundException: /home/runner/work/ozone/ozone/hadoop-ozone/integration-test/target/surefire-reports/org.apache.hadoop.ozone.recon.TestReconTasks-output.txt (No space left on device)
java.io.FileNotFoundException: /home/runner/work/ozone/ozone/hadoop-ozone/integration-test/target/surefire-reports/org.apache.hadoop.ozone.recon.TestReconTasks-output.txt (No space left on device)
java.io.FileNotFoundException: /home/runner/work/ozone/ozone/hadoop-ozone/integration-test/target/surefire-reports/org.apache.hadoop.ozone.recon.TestReconTasks-output.txt (No space left on device)
java.io.FileNotFoundException: /home/runner/work/ozone/ozone/hadoop-ozone/integration-test/target/surefire-reports/org.apache.hadoop.ozone.recon.TestReconTasks-output.txt (No space left on device)
java.io.FileNotFoundException: /home/runner/work/ozone/ozone/hadoop-ozone/integration-test/target/surefire-reports/org.apache.hadoop.ozone.recon.TestReconTasks-output.txt (No space left on device)
Unable to create file for report: /home/runner/work/ozone/ozone/hadoop-ozone/integration-test/target/surefire-reports/org.apache.hadoop.ozone.recon.TestReconTasks.txt (No space left on device)
java.io.FileNotFoundException: /home/runner/work/ozone/ozone/hadoop-ozone/integration-test/target/surefire-reports/org.apache.hadoop.ozone.recon.TestReconTasks-output.txt (No space left on device)
java.io.FileNotFoundException: /home/runner/work/ozone/ozone/hadoop-ozone/integration-test/target/surefire-reports/org.apache.hadoop.ozone.recon.TestReconTasks-output.txt (No space left on device)
java.io.FileNotFoundException: /home/runner/work/ozone/ozone/hadoop-ozone/integration-test/target/surefire-reports/org.apache.hadoop.ozone.recon.TestReconTasks-output.txt (No space left on device)
java.io.FileNotFoundException: /home/runner/work/ozone/ozone/hadoop-ozone/integration-test/target/surefire-reports/org.apache.hadoop.ozone.recon.TestReconTasks-output.txt (No space left on device)
java.io.FileNotFoundException: /home/runner/work/ozone/ozone/hadoop-ozone/integration-test/target/surefire-reports/org.apache.hadoop.ozone.recon.TestReconTasks-output.txt (No space left on device)
java.io.FileNotFoundException: /home/runner/work/ozone/ozone/hadoop-ozone/integration-test/target/surefire-reports/org.apache.hadoop.ozone.recon.TestReconTasks-output.txt (No space left on device). See the dump file /home/runner/work/ozone/ozone/hadoop-ozone/integration-test/target/surefire-reports/2023-06-13T01-40-48_900-jvmRun1.dumpstream
[INFO] Running org.apache.hadoop.ozone.TestSecureOzoneCluster
[WARNING] ForkStarter IOException: Unable to create file for report: No space left on device. See the dump file /home/runner/work/ozone/ozone/hadoop-ozone/integration-test/target/surefire-reports/2023-06-13T01-40-48_900-jvmRun1.dumpstream
[INFO] Running org.apache.hadoop.ozone.TestStorageContainerManager
[WARNING] ForkStarter IOException: Unable to create file for report: No space left on device. See the dump file /home/runner/work/ozone/ozone/hadoop-ozone/integration-test/target/surefire-reports/2023-06-13T01-40-48_900-jvmRun1.dumpstream
[INFO] Running org.apache.hadoop.ozone.TestOzoneConfigurationFields
[INFO] Tests run: 4, Failures: 0, Errors: 0, Skipped: 0, Time elapsed: 0.442 s - in org.apache.hadoop.ozone.TestOzoneConfigurationFields
[INFO] Running org.apache.hadoop.ozone.TestBlockTokensCLI
[ERROR] Tests run: 1, Failures: 0, Errors: 1, Skipped: 0, Time elapsed: 11.673 s <<< FAILURE! - in org.apache.hadoop.ozone.TestBlockTokensCLI
[ERROR] org.apache.hadoop.ozone.TestBlockTokensCLI  Time elapsed: 11.673 s  <<< ERROR!
java.lang.ExceptionInInitializerError
	at org.apache.hadoop.hdds.utils.db.DBStoreBuilder.<clinit>(DBStoreBuilder.java:75)
	at org.apache.hadoop.hdds.scm.metadata.SCMMetadataStoreImpl.start(SCMMetadataStoreImpl.java:141)
	at org.apache.hadoop.hdds.scm.metadata.SCMMetadataStoreImpl.<init>(SCMMetadataStoreImpl.java:116)
	at org.apache.hadoop.hdds.scm.server.StorageContainerManager.initalizeMetadataStore(StorageContainerManager.java:1004)
	at org.apache.hadoop.hdds.scm.server.StorageContainerManager.<init>(StorageContainerManager.java:380)
	at org.apache.hadoop.hdds.scm.server.StorageContainerManager.createSCM(StorageContainerManager.java:580)
	at org.apache.hadoop.hdds.scm.HddsTestUtils.getScmSimple(HddsTestUtils.java:604)
	at org.apache.hadoop.ozone.MiniOzoneHAClusterImpl$Builder.createSCMService(MiniOzoneHAClusterImpl.java:574)
	at org.apache.hadoop.ozone.MiniOzoneHAClusterImpl$Builder.build(MiniOzoneHAClusterImpl.java:407)
	at org.apache.hadoop.ozone.TestBlockTokensCLI.startCluster(TestBlockTokensCLI.java:234)
	at org.apache.hadoop.ozone.TestBlockTokensCLI.init(TestBlockTokensCLI.java:115)
	at sun.reflect.NativeMethodAccessorImpl.invoke0(Native Method)
	at sun.reflect.NativeMethodAccessorImpl.invoke(NativeMethodAccessorImpl.java:62)
	at sun.reflect.DelegatingMethodAccessorImpl.invoke(DelegatingMethodAccessorImpl.java:43)
	at java.lang.reflect.Method.invoke(Method.java:498)
	at org.junit.runners.model.FrameworkMethod$1.runReflectiveCall(FrameworkMethod.java:59)
	at org.junit.internal.runners.model.ReflectiveCallable.run(ReflectiveCallable.java:12)
	at org.junit.runners.model.FrameworkMethod.invokeExplosively(FrameworkMethod.java:56)
	at org.junit.internal.runners.statements.RunBefores.invokeMethod(RunBefores.java:33)
	at org.junit.internal.runners.statements.RunBefores.evaluate(RunBefores.java:24)
	at org.junit.internal.runners.statements.RunAfters.evaluate(RunAfters.java:27)
	at org.junit.runners.ParentRunner$3.evaluate(ParentRunner.java:306)
	at org.junit.runners.ParentRunner.run(ParentRunner.java:413)
	at org.junit.runner.JUnitCore.run(JUnitCore.java:137)
	at org.junit.runner.JUnitCore.run(JUnitCore.java:115)
	at org.junit.vintage.engine.execution.RunnerExecutor.execute(RunnerExecutor.java:42)
	at org.junit.vintage.engine.VintageTestEngine.executeAllChildren(VintageTestEngine.java:80)
	at org.junit.vintage.engine.VintageTestEngine.execute(VintageTestEngine.java:72)
	at org.junit.platform.launcher.core.EngineExecutionOrchestrator.execute(EngineExecutionOrchestrator.java:107)
	at org.junit.platform.launcher.core.EngineExecutionOrchestrator.execute(EngineExecutionOrchestrator.java:88)
	at org.junit.platform.launcher.core.EngineExecutionOrchestrator.lambda$execute$0(EngineExecutionOrchestrator.java:54)
	at org.junit.platform.launcher.core.EngineExecutionOrchestrator.withInterceptedStreams(EngineExecutionOrchestrator.java:67)
	at org.junit.platform.launcher.core.EngineExecutionOrchestrator.execute(EngineExecutionOrchestrator.java:52)
	at org.junit.platform.launcher.core.DefaultLauncher.execute(DefaultLauncher.java:114)
	at org.junit.platform.launcher.core.DefaultLauncher.execute(DefaultLauncher.java:86)
	at org.junit.platform.launcher.core.DefaultLauncherSession$DelegatingLauncher.execute(DefaultLauncherSession.java:86)
	at org.junit.platform.launcher.core.SessionPerRequestLauncher.execute(SessionPerRequestLauncher.java:53)
	at org.apache.maven.surefire.junitplatform.JUnitPlatformProvider.execute(JUnitPlatformProvider.java:188)
	at org.apache.maven.surefire.junitplatform.JUnitPlatformProvider.invokeAllTests(JUnitPlatformProvider.java:154)
	at org.apache.maven.surefire.junitplatform.JUnitPlatformProvider.invoke(JUnitPlatformProvider.java:124)
	at org.apache.maven.surefire.booter.F