[INFO] Scanning for projects...
[INFO] ------------------------------------------------------------------------
[INFO] Detecting the operating system and CPU architecture
[INFO] ------------------------------------------------------------------------
[INFO] os.detected.name: linux
[INFO] os.detected.arch: x86_64
[INFO] os.detected.version: 5.4
[INFO] os.detected.version.major: 5
[INFO] os.detected.version.minor: 4
[INFO] os.detected.release: ubuntu
[INFO] os.detected.release.version: 18.04
[INFO] os.detected.release.like.ubuntu: true
[INFO] os.detected.release.like.debian: true
[INFO] os.detected.classifier: linux-x86_64
[INFO] ------------------------------------------------------------------------
[INFO] Reactor Build Order:
[INFO] 
[INFO] Apache Ozone Integration Tests                                     [jar]
[INFO] Apache Ozone Mini Ozone Chaos Tests                                [jar]
[INFO] 
[INFO] --------------< org.apache.ozone:ozone-integration-test >---------------
[INFO] Building Apache Ozone Integration Tests 1.2.0-SNAPSHOT             [1/2]
[INFO] --------------------------------[ jar ]---------------------------------
[INFO] 
[INFO] --- maven-antrun-plugin:1.3:run (create-testdirs) @ ozone-integration-test ---
[INFO] Executing tasks
[INFO] Executed tasks
[INFO] 
[INFO] --- jacoco-maven-plugin:0.8.5:prepare-agent (default-prepare-agent) @ ozone-integration-test ---
[INFO] argLine set to -javaagent:/home/runner/.m2/repository/org/jacoco/org.jacoco.agent/0.8.5/org.jacoco.agent-0.8.5-runtime.jar=destfile=/home/runner/work/ozone/ozone/hadoop-ozone/integration-test/target/jacoco.exec,includes=org.apache.hadoop.hdds.*:org.apache.hadoop.ozone.*:org.apache.hadoop.fs.ozone.*
[INFO] 
[INFO] --- maven-remote-resources-plugin:1.5:process (default) @ ozone-integration-test ---
[INFO] 
[INFO] --- maven-resources-plugin:3.1.0:resources (default-resources) @ ozone-integration-test ---
[INFO] Using 'UTF-8' encoding to copy filtered resources.
[INFO] skip non existing resourceDirectory /home/runner/work/ozone/ozone/hadoop-ozone/integration-test/src/main/resources
[INFO] Copying 2 resources
[INFO] 
[INFO] --- maven-compiler-plugin:3.1:compile (default-compile) @ ozone-integration-test ---
[INFO] No sources to compile
[INFO] 
[INFO] --- maven-resources-plugin:3.1.0:testResources (default-testResources) @ ozone-integration-test ---
[INFO] Using 'UTF-8' encoding to copy filtered resources.
[INFO] Copying 21 resources
[INFO] Copying 2 resources
[INFO] 
[INFO] --- maven-compiler-plugin:3.1:testCompile (default-testCompile) @ ozone-integration-test ---
[INFO] Compiling 11 source files to /home/runner/work/ozone/ozone/hadoop-ozone/integration-test/target/test-classes
[INFO] 
[INFO] --- maven-surefire-plugin:3.0.0-M1:test (default-test) @ ozone-integration-test ---
[INFO] 
[INFO] -------------------------------------------------------
[INFO]  T E S T S
[INFO] -------------------------------------------------------
[INFO] Running org.apache.hadoop.hdds.upgrade.TestHDDSUpgrade
[WARNING] Tests run: 13, Failures: 0, Errors: 0, Skipped: 4, Time elapsed: 711.547 s - in org.apache.hadoop.hdds.upgrade.TestHDDSUpgrade
[INFO] Running org.apache.hadoop.hdds.scm.TestSCMDbCheckpointServlet
[INFO] Tests run: 1, Failures: 0, Errors: 0, Skipped: 0, Time elapsed: 42.932 s - in org.apache.hadoop.hdds.scm.TestSCMDbCheckpointServlet
[INFO] Running org.apache.hadoop.hdds.scm.TestRatisPipelineLeader
[WARNING] Tests run: 1, Failures: 0, Errors: 0, Skipped: 1, Time elapsed: 0.002 s - in org.apache.hadoop.hdds.scm.TestRatisPipelineLeader
[INFO] Running org.apache.hadoop.hdds.scm.container.TestContainerStateManagerIntegration
[WARNING] Tests run: 1, Failures: 0, Errors: 0, Skipped: 1, Time elapsed: 0.002 s - in org.apache.hadoop.hdds.scm.container.TestContainerStateManagerIntegration
[INFO] Running org.apache.hadoop.hdds.scm.container.metrics.TestSCMContainerManagerMetrics
[INFO] Tests run: 2, Failures: 0, Errors: 0, Skipped: 0, Time elapsed: 55.45 s - in org.apache.hadoop.hdds.scm.container.metrics.TestSCMContainerManagerMetrics
[INFO] Running org.apache.hadoop.hdds.scm.TestSCMSnapshot
[INFO] Tests run: 1, Failures: 0, Errors: 0, Skipped: 0, Time elapsed: 50.543 s - in org.apache.hadoop.hdds.scm.TestSCMSnapshot
[INFO] Running org.apache.hadoop.hdds.scm.safemode.TestSCMSafeModeWithPipelineRules
[WARNING] Tests run: 1, Failures: 0, Errors: 0, Skipped: 1, Time elapsed: 0.002 s - in org.apache.hadoop.hdds.scm.safemode.TestSCMSafeModeWithPipelineRules
[INFO] Running org.apache.hadoop.hdds.scm.TestSCMInstallSnapshot
[ERROR] Tests run: 2, Failures: 1, Errors: 0, Skipped: 0, Time elapsed: 45.089 s <<< FAILURE! - in org.apache.hadoop.hdds.scm.TestSCMInstallSnapshot
[ERROR] testInstallCheckPoint  Time elapsed: 0.178 s  <<< FAILURE!
java.lang.AssertionError: expected null, but was:<Pipeline[ Id: 97e5c648-7e19-441b-85c9-e3e711106490, Nodes: 3678fcb8-1cb5-4774-8a38-b0ca3cbfa88d{ip: 10.1.0.13, host: fv-az294-902.eaanfquahm5ulb5tj050gcxych.jx.internal.cloudapp.net, ports: [REPLICATION=45979, RATIS=38673, RATIS_ADMIN=38673, RATIS_SERVER=38673, STANDALONE=46253], networkLocation: /default-rack, certSerialId: null, persistedOpState: IN_SERVICE, persistedOpStateExpiryEpochSec: 0}0c45c11d-cf0f-4577-9e47-1505b6e694f7{ip: 10.1.0.13, host: fv-az294-902.eaanfquahm5ulb5tj050gcxych.jx.internal.cloudapp.net, ports: [REPLICATION=37423, RATIS=35295, RATIS_ADMIN=35295, RATIS_SERVER=35295, STANDALONE=35577], networkLocation: /default-rack, certSerialId: null, persistedOpState: IN_SERVICE, persistedOpStateExpiryEpochSec: 0}5be20630-a230-4a54-8672-ce7c89af1388{ip: 10.1.0.13, host: fv-az294-902.eaanfquahm5ulb5tj050gcxych.jx.internal.cloudapp.net, ports: [REPLICATION=32785, RATIS=40191, RATIS_ADMIN=40191, RATIS_SERVER=40191, STANDALONE=42705], networkLocation: /default-rack, certSerialId: null, persistedOpState: IN_SERVICE, persistedOpStateExpiryEpochSec: 0}, ReplicationConfig: RATIS/THREE, State:OPEN, leaderId:0c45c11d-cf0f-4577-9e47-1505b6e694f7, CreationTimestamp2021-08-12T04:49:14.440Z[Etc/UTC]]>
	at org.junit.Assert.fail(Assert.java:89)
	at org.junit.Assert.failNotNull(Assert.java:756)
	at org.junit.Assert.assertNull(Assert.java:738)
	at org.junit.Assert.assertNull(Assert.java:748)
	at org.apache.hadoop.hdds.scm.TestSCMInstallSnapshot.testInstallCheckPoint(TestSCMInstallSnapshot.java:143)
	at sun.reflect.NativeMethodAccessorImpl.invoke0(Native Method)
	at sun.reflect.NativeMethodAccessorImpl.invoke(NativeMethodAccessorImpl.java:62)
	at sun.reflect.DelegatingMethodAccessorImpl.invoke(DelegatingMethodAccessorImpl.java:43)
	at java.lang.reflect.Method.invoke(Method.java:498)
	at org.junit.runners.model.FrameworkMethod$1.runReflectiveCall(FrameworkMethod.java:59)
	at org.junit.internal.runners.model.ReflectiveCallable.run(ReflectiveCallable.java:12)
	at org.junit.runners.model.FrameworkMethod.invokeExplosively(FrameworkMethod.java:56)
	at org.junit.internal.runners.statements.InvokeMethod.evaluate(InvokeMethod.java:17)
	at org.junit.runners.ParentRunner$3.evaluate(ParentRunner.java:306)
	at org.junit.runners.BlockJUnit4ClassRunner$1.evaluate(BlockJUnit4ClassRunner.java:100)
	at org.junit.runners.ParentRunner.runLeaf(ParentRunner.java:366)
	at org.junit.runners.BlockJUnit4ClassRunner.runChild(BlockJUnit4ClassRunner.java:103)
	at org.junit.runners.BlockJUnit4ClassRunner.runChild(BlockJUnit4ClassRunner.java:63)
	at org.junit.runners.ParentRunner$4.run(ParentRunner.java:331)
	at org.junit.runners.ParentRunner$1.schedule(ParentRunner.java:79)
	at org.junit.runners.ParentRunner.runChildren(ParentRunner.java:329)
	at org.junit.runners.ParentRunner.access$100(ParentRunner.java:66)
	at org.junit.runners.ParentRunner$2.evaluate(ParentRunner.java:293)
	at org.junit.internal.runners.statements.RunBefores.evaluate(RunBefores.java:26)
	at org.junit.internal.runners.statements.RunAfters.evaluate(RunAfters.java:27)
	at org.junit.runners.ParentRunner$3.evaluate(ParentRunner.java:306)
	at org.junit.runners.ParentRunner.run(ParentRunner.java:413)
	at org.junit.runner.JUnitCore.run(JUnitCore.java:137)
	at org.junit.runner.JUnitCore.run(JUnitCore.java:115)
	at org.junit.vintage.engine.execution.RunnerExecutor.execute(RunnerExecutor.java:43)
	at java.util.stream.ForEachOps$ForEachOp$OfRef.accept(ForEachOps.java:183)
	at java.util.stream.ReferencePipeline$3$1.accept(ReferencePipeline.java:193)
	at java.util.Iterator.forEachRemaining(Iterator.java:116)
	at java.util.Spliterators$IteratorSpliterator.forEachRemaining(Spliterators.java:1801)
	at java.util.stream.AbstractPipeline.copyInto(AbstractPipeline.java:482)
	at java.util.stream.AbstractPipeline.wrapAndCopyInto(AbstractPipeline.java:472)
	at java.util.stream.ForEachOps$ForEachOp.evaluateSequential(ForEachOps.java:150)
	at java.util.stream.ForEachOps$ForEachOp$OfRef.evaluateSequential(ForEachOps.java:173)
	at java.util.stream.AbstractPipeline.evaluate(AbstractPipeline.java:234)
	at java.util.stream.ReferencePipeline.forEach(ReferencePipeline.java:485)
	at org.junit.vintage.engine.VintageTestEngine.executeAllChildren(VintageTestEngine.java:82)
	at org.junit.vintage.engine.VintageTestEngine.execute(VintageTestEngine.java:73)
	at org.junit.platform.launcher.core.EngineExecutionOrchestrator.execute(EngineExecutionOrchestrator.java:108)
	at org.junit.platform.launcher.core.EngineExecutionOrchestrator.execute(EngineExecutionOrchestrator.java:88)
	at org.junit.platform.launcher.core.EngineExecutionOrchestrator.lambda$execute$0(EngineExecutionOrchestrator.java:54)
	at org.junit.platform.launcher.core.EngineExecutionOrchestrator.withInterceptedStreams(EngineExecutionOrchestrator.java:67)
	at org.junit.platform.launcher.core.EngineExecutionOrchestrator.execute(EngineExecutionOrchestrator.java:52)
	at org.junit.platform.launcher.core.DefaultLauncher.execute(DefaultLauncher.java:96)
	at org.junit.platform.launcher.core.DefaultLauncher.execute(DefaultLauncher.java:75)
	at org.apache.maven.surefire.junitplatform.JUnitPlatformProvider.invokeAllTests(JUnitPlatformProvider.java:142)
	at org.apache.maven.surefire.junitplatform.JUnitPlatformProvider.invoke(JUnitPlatformProvider.java:113)
	at org.apache.maven.surefire.booter.ForkedBooter.invokeProviderInSameClassLoader(ForkedBooter.java:384)
	at org.apache.maven.surefire.booter.ForkedBooter.runSuitesInProcess(ForkedBooter.java:345)
	at org.apache.maven.surefire.booter.ForkedBooter.execute(ForkedBooter.java:126)
	at org.apache.maven.surefire.booter.ForkedBooter.main(ForkedBooter.java:418)

[INFO] Running org.apache.hadoop.hdds.scm.pipeline.TestMultiRaftSetup
[INFO] Tests run: 3, Failures: 0, Errors: 0, Skipped: 0, Time elapsed: 110.398 s - in org.apache.hadoop.hdds.scm.pipeline.TestMultiRaftSetup
[INFO] Running org.apache.hadoop.hdds.scm.pipeline.TestRatisPipelineCreateAndDestroy
[WARNING] Tests run: 1, Failures: 0, Errors: 0, Skipped: 1, Time elapsed: 0.002 s - in org.apache.hadoop.hdds.scm.pipeline.TestRatisPipelineCreateAndDestroy
[INFO] Running org.apache.hadoop.hdds.scm.pipeline.TestNode2PipelineMap
[INFO] Tests run: 1, Failures: 0, Errors: 0, Skipped: 0, Time elapsed: 43.164 s - in org.apache.hadoop.hdds.scm.pipeline.TestNode2PipelineMap
[INFO] Running org.apache.hadoop.hdds.scm.pipeline.TestLeaderChoosePolicy
[WARNING] Tests run: 1, Failures: 0, Errors: 0, Skipped: 1, Time elapsed: 0.003 s - in org.apache.hadoop.hdds.scm.pipeline.TestLeaderChoosePolicy
[INFO] Running org.apache.hadoop.hdds.scm.pipeline.TestSCMRestart
[INFO] Tests run: 1, Failures: 0, Errors: 0, Skipped: 0, Time elapsed: 39.106 s - in org.apache.hadoop.hdds.scm.pipeline.TestSCMRestart
[INFO] Running org.apache.hadoop.hdds.scm.pipeline.TestNodeFailure
[INFO] Tests run: 1, Failures: 0, Errors: 0, Skipped: 0, Time elapsed: 86.943 s - in org.apache.hadoop.hdds.scm.pipeline.TestNodeFailure
[INFO] Running org.apache.hadoop.hdds.scm.pipeline.TestPipelineClose
[ERROR] Tests run: 4, Failures: 1, Errors: 0, Skipped: 0, Time elapsed: 141.791 s <<< FAILURE! - in org.apache.hadoop.hdds.scm.pipeline.TestPipelineClose
[ERROR] testPipelineCloseWithLogFailure  Time elapsed: 38.733 s  <<< FAILURE!
Wanted but not invoked:
pipelineActionHandler.onMessage(
    <Capturing argument>,
    <any org.apache.hadoop.hdds.server.events.EventPublisher>
);
-> at org.apache.hadoop.hdds.scm.pipeline.PipelineActionHandler.onMessage(PipelineActionHandler.java:64)
Actually, there were zero interactions with this mock.

	at org.apache.hadoop.hdds.scm.pipeline.PipelineActionHandler.onMessage(PipelineActionHandler.java:64)
	at org.apache.hadoop.hdds.scm.pipeline.TestPipelineClose.testPipelineCloseWithLogFailure(TestPipelineClose.java:246)
	at sun.reflect.NativeMethodAccessorImpl.invoke0(Native Method)
	at sun.reflect.NativeMethodAccessorImpl.invoke(NativeMethodAccessorImpl.java:62)
	at sun.reflect.DelegatingMethodAccessorImpl.invoke(DelegatingMethodAccessorImpl.java:43)
	at java.lang.reflect.Method.invoke(Method.java:498)
	at org.junit.runners.model.FrameworkMethod$1.runReflectiveCall(FrameworkMethod.java:59)
	at org.junit.internal.runners.model.ReflectiveCallable.run(ReflectiveCallable.java:12)
	at org.junit.runners.model.FrameworkMethod.invokeExplosively(FrameworkMethod.java:56)
	at org.junit.internal.runners.statements.InvokeMethod.evaluate(InvokeMethod.java:17)
	at org.junit.internal.runners.statements.RunBefores.evaluate(RunBefores.java:26)
	at org.junit.internal.runners.statements.RunAfters.evaluate(RunAfters.java:27)
	at org.junit.internal.runners.statements.FailOnTimeout$CallableStatement.call(FailOnTimeout.java:288)
	at org.junit.internal.runners.statements.FailOnTimeout$CallableStatement.call(FailOnTimeout.java:282)
	at java.util.concurrent.FutureTask.run(FutureTask.java:266)
	at java.lang.Thread.run(Thread.java:748)

[INFO] Running org.apache.hadoop.fs.ozone.TestOzoneFileSystemMetrics
[INFO] Tests run: 3, Failures: 0, Errors: 0, Skipped: 0, Time elapsed: 48.12 s - in org.apache.hadoop.fs.ozone.TestOzoneFileSystemMetrics
[INFO] Running org.apache.hadoop.fs.ozone.TestRootedOzoneFileSystem
[WARNING] Tests run: 155, Failures: 0, Errors: 0, Skipped: 5, Time elapsed: 104.272 s - in org.apache.hadoop.fs.ozone.TestRootedOzoneFileSystem
[INFO] Running org.apache.hadoop.fs.ozone.TestRootedOzoneFileSystemWithFSO
[WARNING] Tests run: 64, Failures: 0, Errors: 0, Skipped: 14, Time elapsed: 95.266 s - in org.apache.hadoop.fs.ozone.TestRootedOzoneFileSystemWithFSO
[INFO] Running org.apache.hadoop.fs.ozone.TestDirectoryDeletingServiceWithFSO
[INFO] Tests run: 4, Failures: 0, Errors: 0, Skipped: 0, Time elapsed: 75.358 s - in org.apache.hadoop.fs.ozone.TestDirectoryDeletingServiceWithFSO
[INFO] Running org.apache.hadoop.fs.ozone.TestOzoneFileInterfacesWithFSO
[WARNING] Tests run: 9, Failures: 0, Errors: 0, Skipped: 6, Time elapsed: 99.422 s - in org.apache.hadoop.fs.ozone.TestOzoneFileInterfacesWithFSO
[INFO] Running org.apache.hadoop.fs.ozone.TestOzoneFsHAURLs
[INFO] Tests run: 2, Failures: 0, Errors: 0, Skipped: 0, Time elapsed: 109.911 s - in org.apache.hadoop.fs.ozone.TestOzoneFsHAURLs
[INFO] Running org.apache.hadoop.fs.ozone.TestOzoneFileSystemMissingParent
[INFO] Tests run: 2, Failures: 0, Errors: 0, Skipped: 0, Time elapsed: 37.553 s - in org.apache.hadoop.fs.ozone.TestOzoneFileSystemMissingParent
[INFO] Running org.apache.hadoop.fs.ozone.TestOzoneFSInputStream
[INFO] Tests run: 3, Failures: 0, Errors: 0, Skipped: 0, Time elapsed: 52.333 s - in org.apache.hadoop.fs.ozone.TestOzoneFSInputStream
[INFO] Running org.apache.hadoop.fs.ozone.contract.ITestOzoneContractDistCp
[INFO] Tests run: 10, Failures: 0, Errors: 0, Skipped: 0, Time elapsed: 129.951 s - in org.apache.hadoop.fs.ozone.contract.ITestOzoneContractDistCp
[INFO] Running org.apache.hadoop.fs.ozone.contract.ITestOzoneContractRename
[INFO] Tests run: 20, Failures: 0, Errors: 0, Skipped: 0, Time elapsed: 102.247 s - in org.apache.hadoop.fs.ozone.contract.ITestOzoneContractRename
[INFO] Running org.apache.hadoop.fs.ozone.contract.ITestOzoneContractUnbuffer
[INFO] Tests run: 6, Failures: 0, Errors: 0, Skipped: 0, Time elapsed: 46.663 s - in org.apache.hadoop.fs.ozone.contract.ITestOzoneContractUnbuffer
[INFO] Running org.apache.hadoop.fs.ozone.contract.rooted.ITestRootedOzoneContractRename
[INFO] Tests run: 10, Failures: 0, Errors: 0, Skipped: 0, Time elapsed: 47.393 s - in org.apache.hadoop.fs.ozone.contract.rooted.ITestRootedOzoneContractRename
[INFO] Running org.apache.hadoop.fs.ozone.contract.rooted.ITestRootedOzoneContractDistCp
[INFO] Tests run: 10, Failures: 0, Errors: 0, Skipped: 0, Time elapsed: 137.377 s - in org.apache.hadoop.fs.ozone.contract.rooted.ITestRootedOzoneContractDistCp
[INFO] Running org.apache.hadoop.fs.ozone.contract.rooted.ITestRootedOzoneContractRootDir
[INFO] Tests run: 9, Failures: 0, Errors: 0, Skipped: 0, Time elapsed: 50.506 s - in org.apache.hadoop.fs.ozone.contract.rooted.ITestRootedOzoneContractRootDir
[INFO] Running org.apache.hadoop.fs.ozone.contract.rooted.ITestRootedOzoneContractMkdir
[INFO] Tests run: 8, Failures: 0, Errors: 0, Skipped: 0, Time elapsed: 46.199 s - in org.apache.hadoop.fs.ozone.contract.rooted.ITestRootedOzoneContractMkdir
[INFO] Running org.apache.hadoop.fs.ozone.contract.rooted.ITestRootedOzoneContractCreate
[WARNING] Tests run: 16, Failures: 0, Errors: 0, Skipped: 2, Time elapsed: 52.29 s - in org.apache.hadoop.fs.ozone.contract.rooted.ITestRootedOzoneContractCreate
[INFO] Running org.apache.hadoop.fs.ozone.contract.rooted.ITestRootedOzoneContractOpen
[INFO] Tests run: 17, Failures: 0, Errors: 0, Skipped: 0, Time elapsed: 56.569 s - in org.apache.hadoop.fs.ozone.contract.rooted.ITestRootedOzoneContractOpen
[INFO] Running org.apache.hadoop.fs.ozone.contract.rooted.ITestRootedOzoneContractUnbuffer
[INFO] Tests run: 6, Failures: 0, Errors: 0, Skipped: 0, Time elapsed: 46.078 s - in org.apache.hadoop.fs.ozone.contract.rooted.ITestRootedOzoneContractUnbuffer
[INFO] Running org.apache.hadoop.fs.ozone.contract.rooted.ITestRootedOzoneContractGetFileStatus
[INFO] Tests run: 20, Failures: 0, Errors: 0, Skipped: 0, Time elapsed: 52.705 s - in org.apache.hadoop.fs.ozone.contract.rooted.ITestRootedOzoneContractGetFileStatus
[INFO] Running org.apache.hadoop.fs.ozone.contract.rooted.ITestRootedOzoneContractDelete
[INFO] Tests run: 8, Failures: 0, Errors: 0, Skipped: 0, Time elapsed: 61.024 s - in org.apache.hadoop.fs.ozone.contract.rooted.ITestRootedOzoneContractDelete
[INFO] Running org.apache.hadoop.fs.ozone.contract.rooted.ITestRootedOzoneContractSeek
[INFO] Tests run: 18, Failures: 0, Errors: 0, Skipped: 0, Time elapsed: 49.504 s - in org.apache.hadoop.fs.ozone.contract.rooted.ITestRootedOzoneContractSeek
[INFO] Running org.apache.hadoop.fs.ozone.contract.ITestOzoneContractDelete
[INFO] Tests run: 16, Failures: 0, Errors: 0, Skipped: 0, Time elapsed: 115.256 s - in org.apache.hadoop.fs.ozone.contract.ITestOzoneContractDelete
[INFO] Running org.apache.hadoop.fs.ozone.contract.ITestOzoneContractCreate
[WARNING] Tests run: 32, Failures: 0, Errors: 0, Skipped: 4, Time elapsed: 106.241 s - in org.apache.hadoop.fs.ozone.contract.ITestOzoneContractCreate
[INFO] Running org.apache.hadoop.fs.ozone.contract.ITestOzoneContractOpen
[INFO] Tests run: 34, Failures: 0, Errors: 0, Skipped: 0, Time elapsed: 98.356 s - in org.apache.hadoop.fs.ozone.contract.ITestOzoneContractOpen
[INFO] Running org.apache.hadoop.fs.ozone.contract.ITestOzoneContractRootDir
[INFO] Tests run: 18, Failures: 0, Errors: 0, Skipped: 0, Time elapsed: 92.275 s - in org.apache.hadoop.fs.ozone.contract.ITestOzoneContractRootDir
[INFO] Running org.apache.hadoop.fs.ozone.contract.ITestOzoneContractSeek
[INFO] Tests run: 18, Failures: 0, Errors: 0, Skipped: 0, Time elapsed: 71.474 s - in org.apache.hadoop.fs.ozone.contract.ITestOzoneContractSeek
[INFO] Running org.apache.hadoop.fs.ozone.contract.ITestOzoneContractMkdir
[INFO] Tests run: 16, Failures: 0, Errors: 0, Skipped: 0, Time elapsed: 88.671 s - in org.apache.hadoop.fs.ozone.contract.ITestOzoneContractMkdir
[INFO] Running org.apache.hadoop.fs.ozone.contract.ITestOzoneContractGetFileStatus
[INFO] Tests run: 40, Failures: 0, Errors: 0, Skipped: 0, Time elapsed: 118.497 s - in org.apache.hadoop.fs.ozone.contract.ITestOzoneContractGetFileStatus
[INFO] Running org.apache.hadoop.fs.ozone.TestOzoneFileInterfaces
[WARNING] Tests run: 18, Failures: 0, Errors: 0, Skipped: 2, Time elapsed: 556.681 s - in org.apache.hadoop.fs.ozone.TestOzoneFileInterfaces
[INFO] Running org.apache.hadoop.fs.ozone.TestOzoneFSWithObjectStoreCreate
[INFO] Tests run: 6, Failures: 0, Errors: 0, Skipped: 0, Time elapsed: 208.99 s - in org.apache.hadoop.fs.ozone.TestOzoneFSWithObjectStoreCreate
[INFO] Running org.apache.hadoop.fs.ozone.TestOzoneFileSystem
[INFO] Tests run: 132, Failures: 0, Errors: 0, Skipped: 0, Time elapsed: 279.591 s - in org.apache.hadoop.fs.ozone.TestOzoneFileSystem
[INFO] Running org.apache.hadoop.fs.ozone.TestOzoneFileSystemWithFSO
[WARNING] Tests run: 74, Failures: 0, Errors: 0, Skipped: 10, Time elapsed: 109.165 s - in org.apache.hadoop.fs.ozone.TestOzoneFileSystemWithFSO
[INFO] Running org.apache.hadoop.fs.ozone.TestOzoneFileSystemPrefixParser
[INFO] Tests run: 1, Failures: 0, Errors: 0, Skipped: 0, Time elapsed: 42.217 s - in org.apache.hadoop.fs.ozone.TestOzoneFileSystemPrefixParser
[INFO] 
[INFO] Results:
[INFO] 
[ERROR] Failures: 
[ERROR]   TestSCMInstallSnapshot.testInstallCheckPoint:143 expected null, but was:<Pipeline[ Id: 97e5c648-7e19-441b-85c9-e3e711106490, Nodes: 3678fcb8-1cb5-4774-8a38-b0ca3cbfa88d{ip: 10.1.0.13, host: fv-az294-902.eaanfquahm5ulb5tj050gcxych.jx.internal.cloudapp.net, ports: [REPLICATION=45979, RATIS=38673, RATIS_ADMIN=38673, RATIS_SERVER=38673, STANDALONE=46253], networkLocation: /default-rack, certSerialId: null, persistedOpState: IN_SERVICE, persistedOpStateExpiryEpochSec: 0}0c45c11d-cf0f-4577-9e47-1505b6e694f7{ip: 10.1.0.13, host: fv-az294-902.eaanfquahm5ulb5tj050gcxych.jx.internal.cloudapp.net, ports: [REPLICATION=37423, RATIS=35295, RATIS_ADMIN=35295, RATIS_SERVER=35295, STANDALONE=35577], networkLocation: /default-rack, certSerialId: null, persistedOpState: IN_SERVICE, persistedOpStateExpiryEpochSec: 0}5be20630-a230-4a54-8672-ce7c89af1388{ip: 10.1.0.13, host: fv-az294-902.eaanfquahm5ulb5tj050gcxych.jx.internal.cloudapp.net, ports: [REPLICATION=32785, RATIS=40191, RATIS_ADMIN=40191, RATIS_SERVER=40191, STANDALONE=42705], networkLocation: /default-rack, certSerialId: null, persistedOpState: IN_SERVICE, persistedOpStateExpiryEpochSec: 0}, ReplicationConfig: RATIS/THREE, State:OPEN, leaderId:0c45c11d-cf0f-4577-9e47-1505b6e694f7, CreationTimestamp2021-08-12T04:49:14.440Z[Etc/UTC]]>
[ERROR]   TestPipelineClose.testPipelineCloseWithLogFailure:246 
Wanted but not invoked:
pipelineActionHandler.onMessage(
    <Capturing argument>,
    <any org.apache.hadoop.hdds.server.events.EventPublisher>
);
-> at org.apache.hadoop.hdds.scm.pipeline.PipelineActionHandler.onMessage(PipelineActionHandler.java:64)
Actually, there were zero interactions with this mock.

[INFO] 
[ERROR] Tests run: 839, Failures: 2, Errors: 0, Skipped: 52
[INFO] 
[INFO] 
[INFO] ------------------------------------------------------------------------
[INFO] Skipping Apache Ozone Mini Ozone Chaos Tests
[INFO] This project has been banned from the build due to previous failures.
[INFO] ------------------------------------------------------------------------
[INFO] ------------------------------------------------------------------------
[INFO] Reactor Summary for Apache Ozone Integration Tests 1.2.0-SNAPSHOT:
[INFO] 
[INFO] Apache Ozone Integration Tests ..................... FAILURE [  01:20 h]
[INFO] Apache Ozone Mini Ozone Chaos Tests ................ SKIPPED
[INFO] ------------------------------------------------------------------------
[INFO] BUILD FAILURE
[INFO] ------------------------------------------------------------------------
[INFO] Total time:  01:20 h
[INFO] Finished at: 2021-08-12T05:54:09Z
[INFO] ------------------------------------------------------------------------
[ERROR] Failed to execute goal org.apache.maven.plugins:maven-surefire-plugin:3.0.0-M1:test (default-test) on project ozone-integration-test: There are test failures.
[ERROR] 
[ERROR] Please refer to /home/runner/work/ozone/ozone/hadoop-ozone/integration-test/target/surefire-reports for the individual test results.
[ERROR] Please refer to dump files (if any exist) [date].dump, [date]-jvmRun[N].dump and [date].dumpstream.
[ERROR] -> [Help 1]
[ERROR] 
[ERROR] To see the full stack trace of the errors, re-run Maven with the -e switch.
[ERROR] Re-run Maven using the -X switch to enable full debug logging.
[ERROR] 
[ERROR] For more information about the errors and possible solutions, please read the following articles:
[ERROR] [Help 1] http://cwiki.apache.org/confluence/display/MAVEN/MojoFailureException
