[INFO] Scanning for projects...
[INFO] ------------------------------------------------------------------------
[INFO] Detecting the operating system and CPU architecture
[INFO] ------------------------------------------------------------------------
[INFO] os.detected.name: linux
[INFO] os.detected.arch: x86_64
[INFO] os.detected.version: 5.3
[INFO] os.detected.version.major: 5
[INFO] os.detected.version.minor: 3
[INFO] os.detected.release: centos
[INFO] os.detected.release.version: 7
[INFO] os.detected.release.like.centos: true
[INFO] os.detected.release.like.rhel: true
[INFO] os.detected.release.like.fedora: true
[INFO] os.detected.classifier: linux-x86_64
[INFO] ------------------------------------------------------------------------
[INFO] Reactor Build Order:
[INFO] 
[INFO] Apache Hadoop Ozone Main                                           [pom]
[INFO] Apache Hadoop HDDS                                                 [pom]
[INFO] Apache Hadoop HDDS Hadoop Client dependencies                      [jar]
[INFO] Apache Hadoop HDDS Hadoop Test dependencies                        [jar]
[INFO] Apache Hadoop HDDS Hadoop Server dependencies                      [jar]
[INFO] Apache Hadoop HDDS Test Utils                                      [jar]
[INFO] Apache Hadoop HDDS Config                                          [jar]
[INFO] Apache Hadoop HDDS Common                                          [jar]
[INFO] Apache Hadoop HDDS Client                                          [jar]
[INFO] Apache Hadoop HDDS Server Framework                                [jar]
[INFO] Apache Hadoop HDDS Container Service                               [jar]
[INFO] Apache Hadoop HDDS/Ozone Documentation                             [jar]
[INFO] Apache Hadoop HDDS SCM Server                                      [jar]
[INFO] Apache Hadoop HDDS Tools                                           [jar]
[INFO] Apache Hadoop Ozone                                                [pom]
[INFO] Apache Hadoop Ozone Common                                         [jar]
[INFO] Apache Hadoop Ozone Client                                         [jar]
[INFO] Apache Hadoop Ozone Manager Server                                 [jar]
[INFO] Apache Hadoop Ozone FileSystem                                     [jar]
[INFO] Apache Hadoop Ozone Tools                                          [jar]
[INFO] Apache Hadoop Ozone S3 Gateway                                     [jar]
[INFO] Apache Hadoop Ozone CSI service                                    [jar]
[INFO] Apache Hadoop Ozone Recon CodeGen                                  [jar]
[INFO] Apache Hadoop Ozone Recon                                          [jar]
[INFO] Apache Hadoop Ozone Datanode                                       [jar]
[INFO] Apache Hadoop Ozone In-Place Upgrade                               [jar]
[INFO] Apache Hadoop Ozone Insight Tool                                   [jar]
[INFO] Apache Hadoop Ozone Distribution                                   [jar]
[INFO] Apache Hadoop Ozone Fault Injection Tests                          [pom]
[INFO] Apache Hadoop Ozone Network Tests                                  [jar]
[INFO] 
[INFO] ----------------< org.apache.hadoop:hadoop-main-ozone >-----------------
[INFO] Building Apache Hadoop Ozone Main 0.6.0-SNAPSHOT                  [1/30]
[INFO] --------------------------------[ pom ]---------------------------------
[INFO] 
[INFO] --- maven-antrun-plugin:1.3:run (create-testdirs) @ hadoop-main-ozone ---
[INFO] Executing tasks
[INFO] Executed tasks
[INFO] 
[INFO] --- jacoco-maven-plugin:0.8.3:prepare-agent (default-prepare-agent) @ hadoop-main-ozone ---
[INFO] argLine set to -javaagent:/home/user/.m2/repository/org/jacoco/org.jacoco.agent/0.8.3/org.jacoco.agent-0.8.3-runtime.jar=destfile=/github/workspace/target/jacoco.exec
[INFO] 
[INFO] --- maven-remote-resources-plugin:1.5:process (default) @ hadoop-main-ozone ---
[INFO] Downloading from central: https://repo.maven.apache.org/maven2/org/apache/hadoop/hadoop-build-tools/3.2.1/hadoop-build-tools-3.2.1.pom
[INFO] Downloaded from central: https://repo.maven.apache.org/maven2/org/apache/hadoop/hadoop-build-tools/3.2.1/hadoop-build-tools-3.2.1.pom (4.4 kB at 12 kB/s)
[INFO] Downloading from central: https://repo.maven.apache.org/maven2/org/apache/hadoop/hadoop-main/3.2.1/hadoop-main-3.2.1.pom
[INFO] Downloaded from central: https://repo.maven.apache.org/maven2/org/apache/hadoop/hadoop-main/3.2.1/hadoop-main-3.2.1.pom (26 kB at 540 kB/s)
[INFO] Downloading from central: https://repo.maven.apache.org/maven2/org/apache/hadoop/hadoop-build-tools/3.2.1/hadoop-build-tools-3.2.1.jar
[INFO] Downloaded from central: https://repo.maven.apache.org/maven2/org/apache/hadoop/hadoop-build-tools/3.2.1/hadoop-build-tools-3.2.1.jar (50 kB at 955 kB/s)
[INFO] 
[INFO] -------------------< org.apache.hadoop:hadoop-hdds >--------------------
[INFO] Building Apache Hadoop HDDS 0.6.0-SNAPSHOT                        [2/30]
[INFO] --------------------------------[ pom ]---------------------------------
[INFO] 
[INFO] --- maven-antrun-plugin:1.3:run (create-testdirs) @ hadoop-hdds ---
[INFO] Executing tasks
[INFO] Executed tasks
[INFO] 
[INFO] --- jacoco-maven-plugin:0.8.3:prepare-agent (default-prepare-agent) @ hadoop-hdds ---
[INFO] argLine set to -javaagent:/home/user/.m2/repository/org/jacoco/org.jacoco.agent/0.8.3/org.jacoco.agent-0.8.3-runtime.jar=destfile=/github/workspace/hadoop-hdds/target/jacoco.exec
[INFO] 
[INFO] --- maven-remote-resources-plugin:1.5:process (default) @ hadoop-hdds ---
[INFO] 
[INFO] -------< org.apache.hadoop:hadoop-hdds-hadoop-dependency-client >-------
[INFO] Building Apache Hadoop HDDS Hadoop Client dependencies 0.6.0-SNAPSHOT [3/30]
[INFO] --------------------------------[ jar ]---------------------------------
[INFO] Downloading from apache.snapshots.https: https://repository.apache.org/content/repositories/snapshots/org/apache/hadoop/hadoop-annotations/3.2.1/hadoop-annotations-3.2.1.pom
[INFO] Downloading from repository.jboss.org: http://repository.jboss.org/nexus/content/groups/public/org/apache/hadoop/hadoop-annotations/3.2.1/hadoop-annotations-3.2.1.pom
[INFO] Downloading from central: https://repo.maven.apache.org/maven2/org/apache/hadoop/hadoop-annotations/3.2.1/hadoop-annotations-3.2.1.pom
[INFO] Downloaded from central: https://repo.maven.apache.org/maven2/org/apache/hadoop/hadoop-annotations/3.2.1/hadoop-annotations-3.2.1.pom (2.6 kB at 75 kB/s)
[INFO] Downloading from apache.snapshots.https: https://repository.apache.org/content/repositories/snapshots/org/apache/hadoop/hadoop-project/3.2.1/hadoop-project-3.2.1.pom
[INFO] Downloading from repository.jboss.org: http://repository.jboss.org/nexus/content/groups/public/org/apache/hadoop/hadoop-project/3.2.1/hadoop-project-3.2.1.pom
[INFO] Downloading from central: https://repo.maven.apache.org/maven2/org/apache/hadoop/hadoop-project/3.2.1/hadoop-project-3.2.1.pom
[INFO] Downloaded from central: https://repo.maven.apache.org/maven2/org/apache/hadoop/hadoop-project/3.2.1/hadoop-project-3.2.1.pom (70 kB at 1.4 MB/s)
[INFO] Downloading from apache.snapshots.https: https://repository.apache.org/content/repositories/snapshots/org/apache/hadoop/hadoop-common/3.2.1/hadoop-common-3.2.1.pom
[INFO] Downloading from repository.jboss.org: http://repository.jboss.org/nexus/content/groups/public/org/apache/hadoop/hadoop-common/3.2.1/hadoop-common-3.2.1.pom
[INFO] Downloading from central: https://repo.maven.apache.org/maven2/org/apache/hadoop/hadoop-common/3.2.1/hadoop-common-3.2.1.pom
[INFO] Downloaded from central: https://repo.maven.apache.org/maven2/org/apache/hadoop/hadoop-common/3.2.1/hadoop-common-3.2.1.pom (46 kB at 1.2 MB/s)
[INFO] Downloading from apache.snapshots.https: https://repository.apache.org/content/repositories/snapshots/org/apache/hadoop/hadoop-project-dist/3.2.1/hadoop-project-dist-3.2.1.pom
[INFO] Downloading from repository.jboss.org: http://repository.jboss.org/nexus/content/groups/public/org/apache/hadoop/hadoop-project-dist/3.2.1/hadoop-project-dist-3.2.1.pom
[INFO] Downloading from central: https://repo.maven.apache.org/maven2/org/apache/hadoop/hadoop-project-dist/3.2.1/hadoop-project-dist-3.2.1.pom
[INFO] Downloaded from central: https://repo.maven.apache.org/maven2/org/apache/hadoop/hadoop-project-dist/3.2.1/hadoop-project-dist-3.2.1.pom (18 kB at 501 kB/s)
[INFO] Downloading from apache.snapshots.https: https://repository.apache.org/content/repositories/snapshots/org/apache/hadoop/hadoop-auth/3.2.1/hadoop-auth-3.2.1.pom
[INFO] Downloading from repository.jboss.org: http://repository.jboss.org/nexus/content/groups/public/org/apache/hadoop/hadoop-auth/3.2.1/hadoop-auth-3.2.1.pom
[INFO] Downloading from central: https://repo.maven.apache.org/maven2/org/apache/hadoop/hadoop-auth/3.2.1/hadoop-auth-3.2.1.pom
[INFO] Downloaded from central: https://repo.maven.apache.org/maven2/org/apache/hadoop/hadoop-auth/3.2.1/hadoop-auth-3.2.1.pom (8.2 kB at 175 kB/s)
[INFO] Downloading from apache.snapshots.https: https://repository.apache.org/content/repositories/snapshots/org/apache/hadoop/hadoop-hdfs/3.2.1/hadoop-hdfs-3.2.1.pom
[INFO] Downloading from repository.jboss.org: http://repository.jboss.org/nexus/content/groups/public/org/apache/hadoop/hadoop-hdfs/3.2.1/hadoop-hdfs-3.2.1.pom
[INFO] Downloading from central: https://repo.maven.apache.org/maven2/org/apache/hadoop/hadoop-hdfs/3.2.1/hadoop-hdfs-3.2.1.pom
[INFO] Downloaded from central: https://repo.maven.apache.org/maven2/org/apache/hadoop/hadoop-hdfs/3.2.1/hadoop-hdfs-3.2.1.pom (23 kB at 632 kB/s)
[INFO] Downloading from apache.snapshots.https: https://repository.apache.org/content/repositories/snapshots/org/apache/hadoop/hadoop-annotations/3.2.1/hadoop-annotations-3.2.1.jar
[INFO] Downloading from apache.snapshots.https: https://repository.apache.org/content/repositories/snapshots/org/apache/hadoop/hadoop-common/3.2.1/hadoop-common-3.2.1.jar
[INFO] Downloading from apache.snapshots.https: https://repository.apache.org/content/repositories/snapshots/org/apache/hadoop/hadoop-auth/3.2.1/hadoop-auth-3.2.1.jar
[INFO] Downloading from apache.snapshots.https: https://repository.apache.org/content/repositories/snapshots/org/apache/hadoop/hadoop-hdfs/3.2.1/hadoop-hdfs-3.2.1.jar
[INFO] Downloading from repository.jboss.org: http://repository.jboss.org/nexus/content/groups/public/org/apache/hadoop/hadoop-annotations/3.2.1/hadoop-annotations-3.2.1.jar
[INFO] Downloading from repository.jboss.org: http://repository.jboss.org/nexus/content/groups/public/org/apache/hadoop/hadoop-common/3.2.1/hadoop-common-3.2.1.jar
[INFO] Downloading from repository.jboss.org: http://repository.jboss.org/nexus/content/groups/public/org/apache/hadoop/hadoop-auth/3.2.1/hadoop-auth-3.2.1.jar
[INFO] Downloading from repository.jboss.org: http://repository.jboss.org/nexus/content/groups/public/org/apache/hadoop/hadoop-hdfs/3.2.1/hadoop-hdfs-3.2.1.jar
[INFO] Downloading from central: https://repo.maven.apache.org/maven2/org/apache/hadoop/hadoop-annotations/3.2.1/hadoop-annotations-3.2.1.jar
[INFO] Downloading from central: https://repo.maven.apache.org/maven2/org/apache/hadoop/hadoop-common/3.2.1/hadoop-common-3.2.1.jar
[INFO] Downloading from central: https://repo.maven.apache.org/maven2/org/apache/hadoop/hadoop-auth/3.2.1/hadoop-auth-3.2.1.jar
[INFO] Downloading from central: https://repo.maven.apache.org/maven2/org/apache/hadoop/hadoop-hdfs/3.2.1/hadoop-hdfs-3.2.1.jar
[INFO] Downloaded from central: https://repo.maven.apache.org/maven2/org/apache/hadoop/hadoop-annotations/3.2.1/hadoop-annotations-3.2.1.jar (60 kB at 1.3 MB/s)
[INFO] Downloaded from central: https://repo.maven.apache.org/maven2/org/apache/hadoop/hadoop-auth/3.2.1/hadoop-auth-3.2.1.jar (139 kB at 1.4 MB/s)
[INFO] Downloaded from central: https://repo.maven.apache.org/maven2/org/apache/hadoop/hadoop-common/3.2.1/hadoop-common-3.2.1.jar (4.1 MB at 11 MB/s)
[INFO] Downloaded from central: https://repo.maven.apache.org/maven2/org/apache/hadoop/hadoop-hdfs/3.2.1/hadoop-hdfs-3.2.1.jar (6.0 MB at 17 MB/s)
[INFO] 
[INFO] --- maven-antrun-plugin:1.3:run (create-testdirs) @ hadoop-hdds-hadoop-dependency-client ---
[INFO] Executing tasks
[INFO] Executed tasks
[INFO] 
[INFO] --- jacoco-maven-plugin:0.8.3:prepare-agent (default-prepare-agent) @ hadoop-hdds-hadoop-dependency-client ---
[INFO] argLine set to -javaagent:/home/user/.m2/repository/org/jacoco/org.jacoco.agent/0.8.3/org.jacoco.agent-0.8.3-runtime.jar=destfile=/github/workspace/hadoop-hdds/hadoop-dependency-client/target/jacoco.exec
[INFO] 
[INFO] --- maven-remote-resources-plugin:1.5:process (default) @ hadoop-hdds-hadoop-dependency-client ---
[INFO] 
[INFO] --- maven-resources-plugin:3.1.0:resources (default-resources) @ hadoop-hdds-hadoop-dependency-client ---
[INFO] Using 'UTF-8' encoding to copy filtered resources.
[INFO] skip non existing resourceDirectory /github/workspace/hadoop-hdds/hadoop-dependency-client/src/main/resources
[INFO] Copying 2 resources
[INFO] 
[INFO] --- maven-compiler-plugin:3.1:compile (default-compile) @ hadoop-hdds-hadoop-dependency-client ---
[INFO] No sources to compile
[INFO] 
[INFO] --- maven-resources-plugin:3.1.0:testResources (default-testResources) @ hadoop-hdds-hadoop-dependency-client ---
[INFO] Using 'UTF-8' encoding to copy filtered resources.
[INFO] skip non existing resourceDirectory /github/workspace/hadoop-hdds/hadoop-dependency-client/src/test/resources
[INFO] Copying 2 resources
[INFO] 
[INFO] --- maven-compiler-plugin:3.1:testCompile (default-testCompile) @ hadoop-hdds-hadoop-dependency-client ---
[INFO] No sources to compile
[INFO] 
[INFO] --- maven-surefire-plugin:3.0.0-M1:test (default-test) @ hadoop-hdds-hadoop-dependency-client ---
[INFO] 
[INFO] --------< org.apache.hadoop:hadoop-hdds-hadoop-dependency-test >--------
[INFO] Building Apache Hadoop HDDS Hadoop Test dependencies 0.6.0-SNAPSHOT [4/30]
[INFO] --------------------------------[ jar ]---------------------------------
[INFO] Downloading from apache.snapshots.https: https://repository.apache.org/content/repositories/snapshots/org/apache/curator/curator-framework/2.13.0/curator-framework-2.13.0.pom
[INFO] Downloading from repository.jboss.org: http://repository.jboss.org/nexus/content/groups/public/org/apache/curator/curator-framework/2.13.0/curator-framework-2.13.0.pom
[INFO] Downloading from central: https://repo.maven.apache.org/maven2/org/apache/curator/curator-framework/2.13.0/curator-framework-2.13.0.pom
[INFO] Downloaded from central: https://repo.maven.apache.org/maven2/org/apache/curator/curator-framework/2.13.0/curator-framework-2.13.0.pom (2.5 kB at 81 kB/s)
[INFO] Downloading from apache.snapshots.https: https://repository.apache.org/content/repositories/snapshots/org/apache/curator/apache-curator/2.13.0/apache-curator-2.13.0.pom
[INFO] Downloading from repository.jboss.org: http://repository.jboss.org/nexus/content/groups/public/org/apache/curator/apache-curator/2.13.0/apache-curator-2.13.0.pom
[INFO] Downloading from central: https://repo.maven.apache.org/maven2/org/apache/curator/apache-curator/2.13.0/apache-curator-2.13.0.pom
[INFO] Downloaded from central: https://repo.maven.apache.org/maven2/org/apache/curator/apache-curator/2.13.0/apache-curator-2.13.0.pom (32 kB at 789 kB/s)
[INFO] Downloading from apache.snapshots.https: https://repository.apache.org/content/repositories/snapshots/org/apache/curator/curator-client/2.13.0/curator-client-2.13.0.pom
[INFO] Downloading from repository.jboss.org: http://repository.jboss.org/nexus/content/groups/public/org/apache/curator/curator-client/2.13.0/curator-client-2.13.0.pom
[INFO] Downloading from central: https://repo.maven.apache.org/maven2/org/apache/curator/curator-client/2.13.0/curator-client-2.13.0.pom
[INFO] Downloaded from central: https://repo.maven.apache.org/maven2/org/apache/curator/curator-client/2.13.0/curator-client-2.13.0.pom (4.5 kB at 83 kB/s)
[INFO] Downloading from apache.snapshots.https: https://repository.apache.org/content/repositories/snapshots/org/apache/curator/curator-recipes/2.13.0/curator-recipes-2.13.0.pom
[INFO] Downloading from repository.jboss.org: http://repository.jboss.org/nexus/content/groups/public/org/apache/curator/curator-recipes/2.13.0/curator-recipes-2.13.0.pom
[INFO] Downloading from central: https://repo.maven.apache.org/maven2/org/apache/curator/curator-recipes/2.13.0/curator-recipes-2.13.0.pom
[INFO] Downloaded from central: https://repo.maven.apache.org/maven2/org/apache/curator/curator-recipes/2.13.0/curator-recipes-2.13.0.pom (2.9 kB at 80 kB/s)
[INFO] Downloading from apache.snapshots.https: https://repository.apache.org/content/repositories/snapshots/org/apache/hadoop/hadoop-common/3.2.1/hadoop-common-3.2.1-tests.jar
[INFO] Downloading from apache.snapshots.https: https://repository.apache.org/content/repositories/snapshots/org/apache/curator/curator-client/2.13.0/curator-client-2.13.0.jar
[INFO] Downloading from apache.snapshots.https: https://repository.apache.org/content/repositories/snapshots/org/apache/curator/curator-framework/2.13.0/curator-framework-2.13.0.jar
[INFO] Downloading from apache.snapshots.https: https://repository.apache.org/content/repositories/snapshots/org/apache/curator/curator-recipes/2.13.0/curator-recipes-2.13.0.jar
[INFO] Downloading from apache.snapshots.https: https://repository.apache.org/content/repositories/snapshots/org/apache/hadoop/hadoop-hdfs/3.2.1/hadoop-hdfs-3.2.1-tests.jar
[INFO] Downloading from repository.jboss.org: http://repository.jboss.org/nexus/content/groups/public/org/apache/curator/curator-framework/2.13.0/curator-framework-2.13.0.jar
[INFO] Downloading from repository.jboss.org: http://repository.jboss.org/nexus/content/groups/public/org/apache/curator/curator-client/2.13.0/curator-client-2.13.0.jar
[INFO] Downloading from repository.jboss.org: http://repository.jboss.org/nexus/content/groups/public/org/apache/curator/curator-recipes/2.13.0/curator-recipes-2.13.0.jar
[INFO] Downloading from repository.jboss.org: http://repository.jboss.org/nexus/content/groups/public/org/apache/hadoop/hadoop-common/3.2.1/hadoop-common-3.2.1-tests.jar
[INFO] Downloading from repository.jboss.org: http://repository.jboss.org/nexus/content/groups/public/org/apache/hadoop/hadoop-hdfs/3.2.1/hadoop-hdfs-3.2.1-tests.jar
[INFO] Downloading from central: https://repo.maven.apache.org/maven2/org/apache/hadoop/hadoop-common/3.2.1/hadoop-common-3.2.1-tests.jar
[INFO] Downloading from central: https://repo.maven.apache.org/maven2/org/apache/curator/curator-client/2.13.0/curator-client-2.13.0.jar
[INFO] Downloading from central: https://repo.maven.apache.org/maven2/org/apache/curator/curator-recipes/2.13.0/curator-recipes-2.13.0.jar
[INFO] Downloading from central: https://repo.maven.apache.org/maven2/org/apache/curator/curator-framework/2.13.0/curator-framework-2.13.0.jar
[INFO] Downloading from central: https://repo.maven.apache.org/maven2/org/apache/hadoop/hadoop-hdfs/3.2.1/hadoop-hdfs-3.2.1-tests.jar
[INFO] Downloaded from central: https://repo.maven.apache.org/maven2/org/apache/curator/curator-recipes/2.13.0/curator-recipes-2.13.0.jar (284 kB at 3.8 MB/s)
[INFO] Downloaded from central: https://repo.maven.apache.org/maven2/org/apache/curator/curator-framework/2.13.0/curator-framework-2.13.0.jar (202 kB at 2.2 MB/s)
[INFO] Downloaded from central: https://repo.maven.apache.org/maven2/org/apache/curator/curator-client/2.13.0/curator-client-2.13.0.jar (2.4 MB at 12 MB/s)
[INFO] Downloaded from central: https://repo.maven.apache.org/maven2/org/apache/hadoop/hadoop-common/3.2.1/hadoop-common-3.2.1-tests.jar (2.9 MB at 9.1 MB/s)
[INFO] Downloaded from central: https://repo.maven.apache.org/maven2/org/apache/hadoop/hadoop-hdfs/3.2.1/hadoop-hdfs-3.2.1-tests.jar (5.7 MB at 14 MB/s)
[INFO] 
[INFO] --- maven-antrun-plugin:1.3:run (create-testdirs) @ hadoop-hdds-hadoop-dependency-test ---
[INFO] Executing tasks
[INFO] Executed tasks
[INFO] 
[INFO] --- jacoco-maven-plugin:0.8.3:prepare-agent (default-prepare-agent) @ hadoop-hdds-hadoop-dependency-test ---
[INFO] argLine set to -javaagent:/home/user/.m2/repository/org/jacoco/org.jacoco.agent/0.8.3/org.jacoco.agent-0.8.3-runtime.jar=destfile=/github/workspace/hadoop-hdds/hadoop-dependency-test/target/jacoco.exec
[INFO] 
[INFO] --- maven-remote-resources-plugin:1.5:process (default) @ hadoop-hdds-hadoop-dependency-test ---
[INFO] 
[INFO] --- maven-resources-plugin:3.1.0:resources (default-resources) @ hadoop-hdds-hadoop-dependency-test ---
[INFO] Using 'UTF-8' encoding to copy filtered resources.
[INFO] skip non existing resourceDirectory /github/workspace/hadoop-hdds/hadoop-dependency-test/src/main/resources
[INFO] Copying 2 resources
[INFO] 
[INFO] --- maven-compiler-plugin:3.1:compile (default-compile) @ hadoop-hdds-hadoop-dependency-test ---
[INFO] No sources to compile
[INFO] 
[INFO] --- maven-resources-plugin:3.1.0:testResources (default-testResources) @ hadoop-hdds-hadoop-dependency-test ---
[INFO] Using 'UTF-8' encoding to copy filtered resources.
[INFO] skip non existing resourceDirectory /github/workspace/hadoop-hdds/hadoop-dependency-test/src/test/resources
[INFO] Copying 2 resources
[INFO] 
[INFO] --- maven-compiler-plugin:3.1:testCompile (default-testCompile) @ hadoop-hdds-hadoop-dependency-test ---
[INFO] No sources to compile
[INFO] 
[INFO] --- maven-surefire-plugin:3.0.0-M1:test (default-test) @ hadoop-hdds-hadoop-dependency-test ---
[INFO] 
[INFO] -------< org.apache.hadoop:hadoop-hdds-hadoop-dependency-server >-------
[INFO] Building Apache Hadoop HDDS Hadoop Server dependencies 0.6.0-SNAPSHOT [5/30]
[INFO] --------------------------------[ jar ]---------------------------------
[INFO] 
[INFO] --- maven-antrun-plugin:1.3:run (create-testdirs) @ hadoop-hdds-hadoop-dependency-server ---
[INFO] Executing tasks
[INFO] Executed tasks
[INFO] 
[INFO] --- jacoco-maven-plugin:0.8.3:prepare-agent (default-prepare-agent) @ hadoop-hdds-hadoop-dependency-server ---
[INFO] argLine set to -javaagent:/home/user/.m2/repository/org/jacoco/org.jacoco.agent/0.8.3/org.jacoco.agent-0.8.3-runtime.jar=destfile=/github/workspace/hadoop-hdds/hadoop-dependency-server/target/jacoco.exec
[INFO] 
[INFO] --- maven-remote-resources-plugin:1.5:process (default) @ hadoop-hdds-hadoop-dependency-server ---
[INFO] 
[INFO] --- maven-resources-plugin:3.1.0:resources (default-resources) @ hadoop-hdds-hadoop-dependency-server ---
[INFO] Using 'UTF-8' encoding to copy filtered resources.
[INFO] skip non existing resourceDirectory /github/workspace/hadoop-hdds/hadoop-dependency-server/src/main/resources
[INFO] Copying 2 resources
[INFO] 
[INFO] --- maven-compiler-plugin:3.1:compile (default-compile) @ hadoop-hdds-hadoop-dependency-server ---
[INFO] No sources to compile
[INFO] 
[INFO] --- maven-resources-plugin:3.1.0:testResources (default-testResources) @ hadoop-hdds-hadoop-dependency-server ---
[INFO] Using 'UTF-8' encoding to copy filtered resources.
[INFO] skip non existing resourceDirectory /github/workspace/hadoop-hdds/hadoop-dependency-server/src/test/resources
[INFO] Copying 2 resources
[INFO] 
[INFO] --- maven-compiler-plugin:3.1:testCompile (default-testCompile) @ hadoop-hdds-hadoop-dependency-server ---
[INFO] No sources to compile
[INFO] 
[INFO] --- maven-surefire-plugin:3.0.0-M1:test (default-test) @ hadoop-hdds-hadoop-dependency-server ---
[INFO] 
[INFO] --------------< org.apache.hadoop:hadoop-hdds-test-utils >--------------
[INFO] Building Apache Hadoop HDDS Test Utils 0.6.0-SNAPSHOT             [6/30]
[INFO] --------------------------------[ jar ]---------------------------------
[INFO] 
[INFO] --- maven-antrun-plugin:1.3:run (create-testdirs) @ hadoop-hdds-test-utils ---
[INFO] Executing tasks
[INFO] Executed tasks
[INFO] 
[INFO] --- jacoco-maven-plugin:0.8.3:prepare-agent (default-prepare-agent) @ hadoop-hdds-test-utils ---
[INFO] argLine set to -javaagent:/home/user/.m2/repository/org/jacoco/org.jacoco.agent/0.8.3/org.jacoco.agent-0.8.3-runtime.jar=destfile=/github/workspace/hadoop-hdds/test-utils/target/jacoco.exec
[INFO] 
[INFO] --- maven-remote-resources-plugin:1.5:process (default) @ hadoop-hdds-test-utils ---
[INFO] 
[INFO] --- maven-resources-plugin:3.1.0:resources (default-resources) @ hadoop-hdds-test-utils ---
[INFO] Using 'UTF-8' encoding to copy filtered resources.
[INFO] skip non existing resourceDirectory /github/workspace/hadoop-hdds/test-utils/src/main/resources
[INFO] Copying 2 resources
[INFO] 
[INFO] --- maven-compiler-plugin:3.1:compile (default-compile) @ hadoop-hdds-test-utils ---
[INFO] Compiling 4 source files to /github/workspace/hadoop-hdds/test-utils/target/classes
[WARNING] /github/workspace/hadoop-hdds/test-utils/src/main/java/org/apache/hadoop/test/LambdaTestUtils.java: /github/workspace/hadoop-hdds/test-utils/src/main/java/org/apache/hadoop/test/LambdaTestUtils.java uses unchecked or unsafe operations.
[WARNING] /github/workspace/hadoop-hdds/test-utils/src/main/java/org/apache/hadoop/test/LambdaTestUtils.java: Recompile with -Xlint:unchecked for details.
[INFO] 
[INFO] --- maven-resources-plugin:3.1.0:testResources (default-testResources) @ hadoop-hdds-test-utils ---
[INFO] Using 'UTF-8' encoding to copy filtered resources.
[INFO] skip non existing resourceDirectory /github/workspace/hadoop-hdds/test-utils/src/test/resources
[INFO] Copying 2 resources
[INFO] 
[INFO] --- maven-compiler-plugin:3.1:testCompile (default-testCompile) @ hadoop-hdds-test-utils ---
[INFO] No sources to compile
[INFO] 
[INFO] --- maven-surefire-plugin:3.0.0-M1:test (default-test) @ hadoop-hdds-test-utils ---
[INFO] 
[INFO] ----------------< org.apache.hadoop:hadoop-hdds-config >----------------
[INFO] Building Apache Hadoop HDDS Config 0.6.0-SNAPSHOT                 [7/30]
[INFO] --------------------------------[ jar ]---------------------------------
[INFO] 
[INFO] --- maven-antrun-plugin:1.3:run (create-testdirs) @ hadoop-hdds-config ---
[INFO] Executing tasks
[INFO] Executed tasks
[INFO] 
[INFO] --- jacoco-maven-plugin:0.8.3:prepare-agent (default-prepare-agent) @ hadoop-hdds-config ---
[INFO] argLine set to -javaagent:/home/user/.m2/repository/org/jacoco/org.jacoco.agent/0.8.3/org.jacoco.agent-0.8.3-runtime.jar=destfile=/github/workspace/hadoop-hdds/config/target/jacoco.exec
[INFO] 
[INFO] --- maven-remote-resources-plugin:1.5:process (default) @ hadoop-hdds-config ---
[INFO] 
[INFO] --- maven-resources-plugin:3.1.0:resources (default-resources) @ hadoop-hdds-config ---
[INFO] Using 'UTF-8' encoding to copy filtered resources.
[INFO] skip non existing resourceDirectory /github/workspace/hadoop-hdds/config/src/main/resources
[INFO] Copying 2 resources
[INFO] 
[INFO] --- maven-compiler-plugin:3.1:compile (default-compile) @ hadoop-hdds-config ---
[INFO] Compiling 13 source files to /github/workspace/hadoop-hdds/config/target/classes
[INFO] 
[INFO] --- maven-resources-plugin:3.1.0:testResources (default-testResources) @ hadoop-hdds-config ---
[INFO] Using 'UTF-8' encoding to copy filtered resources.
[INFO] Copying 1 resource
[INFO] Copying 2 resources
[INFO] 
[INFO] --- maven-compiler-plugin:3.1:testCompile (default-testCompile) @ hadoop-hdds-config ---
[INFO] Compiling 6 source files to /github/workspace/hadoop-hdds/config/target/test-classes
[INFO] 
[INFO] --- maven-surefire-plugin:3.0.0-M1:test (default-test) @ hadoop-hdds-config ---
[INFO] Downloading from apache.snapshots.https: https://repository.apache.org/content/repositories/snapshots/org/apache/maven/surefire/surefire-junit4/3.0.0-M1/surefire-junit4-3.0.0-M1.jar
[INFO] Downloading from central: https://repo.maven.apache.org/maven2/org/apache/maven/surefire/surefire-junit4/3.0.0-M1/surefire-junit4-3.0.0-M1.jar
[INFO] Downloaded from central: https://repo.maven.apache.org/maven2/org/apache/maven/surefire/surefire-junit4/3.0.0-M1/surefire-junit4-3.0.0-M1.jar (17 kB at 538 kB/s)
[INFO] Downloading from apache.snapshots.https: https://repository.apache.org/content/repositories/snapshots/org/apache/maven/surefire/surefire-junit4/3.0.0-M1/surefire-junit4-3.0.0-M1.pom
[INFO] Downloading from central: https://repo.maven.apache.org/maven2/org/apache/maven/surefire/surefire-junit4/3.0.0-M1/surefire-junit4-3.0.0-M1.pom
[INFO] Downloaded from central: https://repo.maven.apache.org/maven2/org/apache/maven/surefire/surefire-junit4/3.0.0-M1/surefire-junit4-3.0.0-M1.pom (1.7 kB at 62 kB/s)
[INFO] Downloading from apache.snapshots.https: https://repository.apache.org/content/repositories/snapshots/org/apache/maven/surefire/surefire-providers/3.0.0-M1/surefire-providers-3.0.0-M1.pom
[INFO] Downloading from central: https://repo.maven.apache.org/maven2/org/apache/maven/surefire/surefire-providers/3.0.0-M1/surefire-providers-3.0.0-M1.pom
[INFO] Downloaded from central: https://repo.maven.apache.org/maven2/org/apache/maven/surefire/surefire-providers/3.0.0-M1/surefire-providers-3.0.0-M1.pom (2.5 kB at 87 kB/s)
[INFO] Downloading from apache.snapshots.https: https://repository.apache.org/content/repositories/snapshots/org/apache/maven/surefire/common-junit4/3.0.0-M1/common-junit4-3.0.0-M1.pom
[INFO] Downloading from central: https://repo.maven.apache.org/maven2/org/apache/maven/surefire/common-junit4/3.0.0-M1/common-junit4-3.0.0-M1.pom
[INFO] Downloaded from central: https://repo.maven.apache.org/maven2/org/apache/maven/surefire/common-junit4/3.0.0-M1/common-junit4-3.0.0-M1.pom (2.1 kB at 44 kB/s)
[INFO] Downloading from apache.snapshots.https: https://repository.apache.org/content/repositories/snapshots/org/apache/maven/surefire/common-junit3/3.0.0-M1/common-junit3-3.0.0-M1.pom
[INFO] Downloading from central: https://repo.maven.apache.org/maven2/org/apache/maven/surefire/common-junit3/3.0.0-M1/common-junit3-3.0.0-M1.pom
[INFO] Downloaded from central: https://repo.maven.apache.org/maven2/org/apache/maven/surefire/common-junit3/3.0.0-M1/common-junit3-3.0.0-M1.pom (1.6 kB at 32 kB/s)
[INFO] Downloading from apache.snapshots.https: https://repository.apache.org/content/repositories/snapshots/org/apache/maven/surefire/common-java5/3.0.0-M1/common-java5-3.0.0-M1.pom
[INFO] Downloading from central: https://repo.maven.apache.org/maven2/org/apache/maven/surefire/common-java5/3.0.0-M1/common-java5-3.0.0-M1.pom
[INFO] Downloaded from central: https://repo.maven.apache.org/maven2/org/apache/maven/surefire/common-java5/3.0.0-M1/common-java5-3.0.0-M1.pom (3.1 kB at 77 kB/s)
[INFO] Downloading from apache.snapshots.https: https://repository.apache.org/content/repositories/snapshots/org/apache/maven/surefire/common-junit4/3.0.0-M1/common-junit4-3.0.0-M1.jar
[INFO] Downloading from apache.snapshots.https: https://repository.apache.org/content/repositories/snapshots/org/apache/maven/surefire/common-java5/3.0.0-M1/common-java5-3.0.0-M1.jar
[INFO] Downloading from apache.snapshots.https: https://repository.apache.org/content/repositories/snapshots/org/apache/maven/surefire/common-junit3/3.0.0-M1/common-junit3-3.0.0-M1.jar
[INFO] Downloading from central: https://repo.maven.apache.org/maven2/org/apache/maven/surefire/common-junit3/3.0.0-M1/common-junit3-3.0.0-M1.jar
[INFO] Downloading from central: https://repo.maven.apache.org/maven2/org/apache/maven/surefire/common-java5/3.0.0-M1/common-java5-3.0.0-M1.jar
[INFO] Downloading from central: https://repo.maven.apache.org/maven2/org/apache/maven/surefire/common-junit4/3.0.0-M1/common-junit4-3.0.0-M1.jar
[INFO] Downloaded from central: https://repo.maven.apache.org/maven2/org/apache/maven/surefire/common-junit3/3.0.0-M1/common-junit3-3.0.0-M1.jar (12 kB at 375 kB/s)
[INFO] Downloaded from central: https://repo.maven.apache.org/maven2/org/apache/maven/surefire/common-junit4/3.0.0-M1/common-junit4-3.0.0-M1.jar (28 kB at 919 kB/s)
[INFO] Downloaded from central: https://repo.maven.apache.org/maven2/org/apache/maven/surefire/common-java5/3.0.0-M1/common-java5-3.0.0-M1.jar (32 kB at 1.1 MB/s)
[INFO] 
[INFO] -------------------------------------------------------
[INFO]  T E S T S
[INFO] -------------------------------------------------------
[INFO] Running org.apache.hadoop.hdds.conf.TestConfigFileAppender
[INFO] Tests run: 1, Failures: 0, Errors: 0, Skipped: 0, Time elapsed: 0.23 s - in org.apache.hadoop.hdds.conf.TestConfigFileAppender
[INFO] Running org.apache.hadoop.hdds.conf.TestConfigFileGenerator
[INFO] Tests run: 1, Failures: 0, Errors: 0, Skipped: 0, Time elapsed: 0.062 s - in org.apache.hadoop.hdds.conf.TestConfigFileGenerator
[INFO] 
[INFO] Results:
[INFO] 
[INFO] Tests run: 2, Failures: 0, Errors: 0, Skipped: 0
[INFO] 
[INFO] 
[INFO] ----------------< org.apache.hadoop:hadoop-hdds-common >----------------
[INFO] Building Apache Hadoop HDDS Common 0.6.0-SNAPSHOT                 [8/30]
[INFO] --------------------------------[ jar ]---------------------------------
[INFO] Downloading from apache.snapshots.https: https://repository.apache.org/content/repositories/snapshots/org/apache/hadoop/hadoop-maven-plugins/3.2.1/hadoop-maven-plugins-3.2.1.pom
[INFO] Downloading from central: https://repo.maven.apache.org/maven2/org/apache/hadoop/hadoop-maven-plugins/3.2.1/hadoop-maven-plugins-3.2.1.pom
[INFO] Downloaded from central: https://repo.maven.apache.org/maven2/org/apache/hadoop/hadoop-maven-plugins/3.2.1/hadoop-maven-plugins-3.2.1.pom (4.8 kB at 153 kB/s)
[INFO] Downloading from apache.snapshots.https: https://repository.apache.org/content/repositories/snapshots/org/apache/hadoop/hadoop-maven-plugins/3.2.1/hadoop-maven-plugins-3.2.1.jar
[INFO] Downloading from central: https://repo.maven.apache.org/maven2/org/apache/hadoop/hadoop-maven-plugins/3.2.1/hadoop-maven-plugins-3.2.1.jar
[INFO] Downloaded from central: https://repo.maven.apache.org/maven2/org/apache/hadoop/hadoop-maven-plugins/3.2.1/hadoop-maven-plugins-3.2.1.jar (92 kB at 2.9 MB/s)
[INFO] Downloading from apache.snapshots.https: https://repository.apache.org/content/repositories/snapshots/org/apache/ratis/ratis-server/0.6.0-cac3336-SNAPSHOT/maven-metadata.xml
[INFO] Downloaded from apache.snapshots.https: https://repository.apache.org/content/repositories/snapshots/org/apache/ratis/ratis-server/0.6.0-cac3336-SNAPSHOT/maven-metadata.xml (1.0 kB at 10 kB/s)
[INFO] Downloading from apache.snapshots.https: https://repository.apache.org/content/repositories/snapshots/org/apache/ratis/ratis/0.6.0-cac3336-SNAPSHOT/maven-metadata.xml
[INFO] Downloaded from apache.snapshots.https: https://repository.apache.org/content/repositories/snapshots/org/apache/ratis/ratis/0.6.0-cac3336-SNAPSHOT/maven-metadata.xml (614 B at 7.1 kB/s)
[INFO] Downloading from apache.snapshots.https: https://repository.apache.org/content/repositories/snapshots/org/apache/ratis/ratis-proto/0.6.0-cac3336-SNAPSHOT/maven-metadata.xml
[INFO] Downloading from apache.snapshots: https://repository.apache.org/snapshots/org/apache/ratis/ratis-proto/0.6.0-cac3336-SNAPSHOT/maven-metadata.xml
[INFO] Downloaded from apache.snapshots.https: https://repository.apache.org/content/repositories/snapshots/org/apache/ratis/ratis-proto/0.6.0-cac3336-SNAPSHOT/maven-metadata.xml (1.2 kB at 12 kB/s)
[INFO] Downloaded from apache.snapshots: https://repository.apache.org/snapshots/org/apache/ratis/ratis-proto/0.6.0-cac3336-SNAPSHOT/maven-metadata.xml (1.2 kB at 12 kB/s)
[INFO] Downloading from apache.snapshots.https: https://repository.apache.org/content/repositories/snapshots/org/apache/ratis/ratis-common/0.6.0-cac3336-SNAPSHOT/maven-metadata.xml
[INFO] Downloading from apache.snapshots: https://repository.apache.org/snapshots/org/apache/ratis/ratis-common/0.6.0-cac3336-SNAPSHOT/maven-metadata.xml
[INFO] Downloaded from apache.snapshots.https: https://repository.apache.org/content/repositories/snapshots/org/apache/ratis/ratis-common/0.6.0-cac3336-SNAPSHOT/maven-metadata.xml (1.0 kB at 12 kB/s)
[INFO] Downloaded from apache.snapshots: https://repository.apache.org/snapshots/org/apache/ratis/ratis-common/0.6.0-cac3336-SNAPSHOT/maven-metadata.xml (1.0 kB at 9.2 kB/s)
[INFO] Downloading from apache.snapshots.https: https://repository.apache.org/content/repositories/snapshots/org/apache/ratis/ratis-client/0.6.0-cac3336-SNAPSHOT/maven-metadata.xml
[INFO] Downloading from apache.snapshots: https://repository.apache.org/snapshots/org/apache/ratis/ratis-client/0.6.0-cac3336-SNAPSHOT/maven-metadata.xml
[INFO] Downloaded from apache.snapshots.https: https://repository.apache.org/content/repositories/snapshots/org/apache/ratis/ratis-client/0.6.0-cac3336-SNAPSHOT/maven-metadata.xml (1.0 kB at 11 kB/s)
[INFO] Downloaded from apache.snapshots: https://repository.apache.org/snapshots/org/apache/ratis/ratis-client/0.6.0-cac3336-SNAPSHOT/maven-metadata.xml (1.0 kB at 11 kB/s)
[INFO] Downloading from apache.snapshots.https: https://repository.apache.org/content/repositories/snapshots/org/apache/ratis/ratis-metrics/0.6.0-cac3336-SNAPSHOT/maven-metadata.xml
[INFO] Downloading from apache.snapshots: https://repository.apache.org/snapshots/org/apache/ratis/ratis-metrics/0.6.0-cac3336-SNAPSHOT/maven-metadata.xml
[INFO] Downloaded from apache.snapshots.https: https://repository.apache.org/content/repositories/snapshots/org/apache/ratis/ratis-metrics/0.6.0-cac3336-SNAPSHOT/maven-metadata.xml (1.0 kB at 12 kB/s)
[INFO] Downloaded from apache.snapshots: https://repository.apache.org/snapshots/org/apache/ratis/ratis-metrics/0.6.0-cac3336-SNAPSHOT/maven-metadata.xml (1.0 kB at 10 kB/s)
[INFO] Downloading from apache.snapshots.https: https://repository.apache.org/content/repositories/snapshots/org/apache/ratis/ratis-netty/0.6.0-cac3336-SNAPSHOT/maven-metadata.xml
[INFO] Downloaded from apache.snapshots.https: https://repository.apache.org/content/repositories/snapshots/org/apache/ratis/ratis-netty/0.6.0-cac3336-SNAPSHOT/maven-metadata.xml (1.0 kB at 12 kB/s)
[INFO] Downloading from apache.snapshots.https: https://repository.apache.org/content/repositories/snapshots/org/apache/ratis/ratis-grpc/0.6.0-cac3336-SNAPSHOT/maven-metadata.xml
[INFO] Downloaded from apache.snapshots.https: https://repository.apache.org/content/repositories/snapshots/org/apache/ratis/ratis-grpc/0.6.0-cac3336-SNAPSHOT/maven-metadata.xml (1.0 kB at 9.2 kB/s)
[INFO] 
[INFO] --- maven-antrun-plugin:1.3:run (create-testdirs) @ hadoop-hdds-common ---
[INFO] Executing tasks
[INFO] Executed tasks
[INFO] 
[INFO] --- jacoco-maven-plugin:0.8.3:prepare-agent (default-prepare-agent) @ hadoop-hdds-common ---
[INFO] argLine set to -javaagent:/home/user/.m2/repository/org/jacoco/org.jacoco.agent/0.8.3/org.jacoco.agent-0.8.3-runtime.jar=destfile=/github/workspace/hadoop-hdds/common/target/jacoco.exec
[INFO] 
[INFO] --- protobuf-maven-plugin:0.5.1:compile (compile-protoc) @ hadoop-hdds-common ---
[INFO] Compiling 1 proto file(s) to /github/workspace/hadoop-hdds/common/target/generated-sources/java
[INFO] 
[INFO] --- protobuf-maven-plugin:0.5.1:compile-custom (compile-protoc) @ hadoop-hdds-common ---
[INFO] Compiling 1 proto file(s) to /github/workspace/hadoop-hdds/common/target/generated-sources/java
[INFO] 
[INFO] --- maven-antrun-plugin:1.3:run (default) @ hadoop-hdds-common ---
[INFO] Executing tasks
[INFO] Executed tasks
[INFO] 
[INFO] --- hadoop-maven-plugins:3.2.1:protoc (compile-protoc) @ hadoop-hdds-common ---
[INFO] Downloading from apache.snapshots.https: https://repository.apache.org/content/repositories/snapshots/com/fasterxml/jackson/core/jackson-databind/2.9.8/jackson-databind-2.9.8.pom
[INFO] Downloading from central: https://repo.maven.apache.org/maven2/com/fasterxml/jackson/core/jackson-databind/2.9.8/jackson-databind-2.9.8.pom
[INFO] Downloaded from central: https://repo.maven.apache.org/maven2/com/fasterxml/jackson/core/jackson-databind/2.9.8/jackson-databind-2.9.8.pom (6.3 kB at 234 kB/s)
[INFO] Downloading from apache.snapshots.https: https://repository.apache.org/content/repositories/snapshots/com/fasterxml/jackson/jackson-base/2.9.8/jackson-base-2.9.8.pom
[INFO] Downloading from central: https://repo.maven.apache.org/maven2/com/fasterxml/jackson/jackson-base/2.9.8/jackson-base-2.9.8.pom
[INFO] Downloaded from central: https://repo.maven.apache.org/maven2/com/fasterxml/jackson/jackson-base/2.9.8/jackson-base-2.9.8.pom (5.5 kB at 204 kB/s)
[INFO] Downloading from apache.snapshots.https: https://repository.apache.org/content/repositories/snapshots/com/fasterxml/jackson/jackson-bom/2.9.8/jackson-bom-2.9.8.pom
[INFO] Downloading from central: https://repo.maven.apache.org/maven2/com/fasterxml/jackson/jackson-bom/2.9.8/jackson-bom-2.9.8.pom
[INFO] Downloaded from central: https://repo.maven.apache.org/maven2/com/fasterxml/jackson/jackson-bom/2.9.8/jackson-bom-2.9.8.pom (12 kB at 442 kB/s)
[INFO] Downloading from apache.snapshots.https: https://repository.apache.org/content/repositories/snapshots/com/fasterxml/jackson/jackson-parent/2.9.1.2/jackson-parent-2.9.1.2.pom
[INFO] Downloading from central: https://repo.maven.apache.org/maven2/com/fasterxml/jackson/jackson-parent/2.9.1.2/jackson-parent-2.9.1.2.pom
[INFO] Downloaded from central: https://repo.maven.apache.org/maven2/com/fasterxml/jackson/jackson-parent/2.9.1.2/jackson-parent-2.9.1.2.pom (7.9 kB at 282 kB/s)
[INFO] Downloading from apache.snapshots.https: https://repository.apache.org/content/repositories/snapshots/com/fasterxml/oss-parent/34/oss-parent-34.pom
[INFO] Downloading from central: https://repo.maven.apache.org/maven2/com/fasterxml/oss-parent/34/oss-parent-34.pom
[INFO] Downloaded from central: https://repo.maven.apache.org/maven2/com/fasterxml/oss-parent/34/oss-parent-34.pom (23 kB at 757 kB/s)
[INFO] Downloading from apache.snapshots.https: https://repository.apache.org/content/repositories/snapshots/com/fasterxml/jackson/core/jackson-annotations/2.9.8/jackson-annotations-2.9.8.pom
[INFO] Downloading from central: https://repo.maven.apache.org/maven2/com/fasterxml/jackson/core/jackson-annotations/2.9.8/jackson-annotations-2.9.8.pom
[INFO] Downloaded from central: https://repo.maven.apache.org/maven2/com/fasterxml/jackson/core/jackson-annotations/2.9.8/jackson-annotations-2.9.8.pom (2.6 kB at 86 kB/s)
[INFO] Downloading from apache.snapshots.https: https://repository.apache.org/content/repositories/snapshots/com/fasterxml/jackson/core/jackson-core/2.9.8/jackson-core-2.9.8.pom
[INFO] Downloading from central: https://repo.maven.apache.org/maven2/com/fasterxml/jackson/core/jackson-core/2.9.8/jackson-core-2.9.8.pom
[INFO] Downloaded from central: https://repo.maven.apache.org/maven2/com/fasterxml/jackson/core/jackson-core/2.9.8/jackson-core-2.9.8.pom (4.1 kB at 135 kB/s)
[INFO] Downloading from apache.snapshots.https: https://repository.apache.org/content/repositories/snapshots/com/fasterxml/jackson/core/jackson-databind/2.9.8/jackson-databind-2.9.8.jar
[INFO] Downloading from apache.snapshots.https: https://repository.apache.org/content/repositories/snapshots/com/fasterxml/jackson/core/jackson-core/2.9.8/jackson-core-2.9.8.jar
[INFO] Downloading from apache.snapshots.https: https://repository.apache.org/content/repositories/snapshots/com/fasterxml/jackson/core/jackson-annotations/2.9.8/jackson-annotations-2.9.8.jar
[INFO] Downloading from central: https://repo.maven.apache.org/maven2/com/fasterxml/jackson/core/jackson-databind/2.9.8/jackson-databind-2.9.8.jar
[INFO] Downloading from central: https://repo.maven.apache.org/maven2/com/fasterxml/jackson/core/jackson-annotations/2.9.8/jackson-annotations-2.9.8.jar
[INFO] Downloading from central: https://repo.maven.apache.org/maven2/com/fasterxml/jackson/core/jackson-core/2.9.8/jackson-core-2.9.8.jar
[INFO] Downloaded from central: https://repo.maven.apache.org/maven2/com/fasterxml/jackson/core/jackson-annotations/2.9.8/jackson-annotations-2.9.8.jar (67 kB at 1.5 MB/s)
[INFO] Downloaded from central: https://repo.maven.apache.org/maven2/com/fasterxml/jackson/core/jackson-core/2.9.8/jackson-core-2.9.8.jar (326 kB at 4.9 MB/s)
[INFO] Downloaded from central: https://repo.maven.apache.org/maven2/com/fasterxml/jackson/core/jackson-databind/2.9.8/jackson-databind-2.9.8.jar (1.3 MB at 13 MB/s)
[INFO] Wrote protoc checksums to file /github/workspace/hadoop-hdds/common/target/hadoop-maven-plugins-protoc-checksums.json
[INFO] 
[INFO] --- maven-remote-resources-plugin:1.5:process (default) @ hadoop-hdds-common ---
[INFO] Downloading from apache.snapshots: https://repository.apache.org/snapshots/org/apache/ratis/ratis/0.6.0-cac3336-SNAPSHOT/maven-metadata.xml
[INFO] Downloaded from apache.snapshots: https://repository.apache.org/snapshots/org/apache/ratis/ratis/0.6.0-cac3336-SNAPSHOT/maven-metadata.xml (614 B at 6.0 kB/s)
[INFO] 
[INFO] --- hadoop-maven-plugins:3.2.1:version-info (version-info) @ hadoop-hdds-common ---
[INFO] SCM: GIT
[INFO] Computed MD5: ba9e49745bac535e78a4b451e80f930
[INFO] 
[INFO] --- maven-resources-plugin:3.1.0:resources (default-resources) @ hadoop-hdds-common ---
[INFO] Using 'UTF-8' encoding to copy filtered resources.
[INFO] Copying 5 resources
[INFO] Copying 1 resource
[INFO] Copying 1 resource
[INFO] Copying 1 resource
[INFO] Copying 2 resources
[INFO] 
[INFO] --- maven-compiler-plugin:3.1:compile (default-compile) @ hadoop-hdds-common ---
[INFO] Compiling 198 source files to /github/workspace/hadoop-hdds/common/target/classes
[WARNING] /github/workspace/hadoop-hdds/common/src/main/java/org/apache/hadoop/hdds/HddsUtils.java: Some input files use or override a deprecated API.
[WARNING] /github/workspace/hadoop-hdds/common/src/main/java/org/apache/hadoop/hdds/HddsUtils.java: Recompile with -Xlint:deprecation for details.
[WARNING] /github/workspace/hadoop-hdds/common/src/main/java/org/apache/hadoop/ozone/common/statemachine/StateMachine.java: Some input files use unchecked or unsafe operations.
[WARNING] /github/workspace/hadoop-hdds/common/src/main/java/org/apache/hadoop/ozone/common/statemachine/StateMachine.java: Recompile with -Xlint:unchecked for details.
[INFO] 
[INFO] --- protobuf-maven-plugin:0.5.1:test-compile (compile-protoc) @ hadoop-hdds-common ---
[INFO] /github/workspace/hadoop-hdds/common/src/test/proto does not exist. Review the configuration or consider disabling the plugin.
[INFO] 
[INFO] --- protobuf-maven-plugin:0.5.1:test-compile-custom (compile-protoc) @ hadoop-hdds-common ---
[INFO] /github/workspace/hadoop-hdds/common/src/test/proto does not exist. Review the configuration or consider disabling the plugin.
[INFO] 
[INFO] --- maven-resources-plugin:3.1.0:testResources (default-testResources) @ hadoop-hdds-common ---
[INFO] Using 'UTF-8' encoding to copy filtered resources.
[INFO] Copying 21 resources
[INFO] Copying 2 resources
[INFO] 
[INFO] --- maven-compiler-plugin:3.1:testCompile (default-testCompile) @ hadoop-hdds-common ---
[INFO] Compiling 49 source files to /github/workspace/hadoop-hdds/common/target/test-classes
[WARNING] /github/workspace/hadoop-hdds/common/src/test/java/org/apache/hadoop/hdds/scm/net/TestNetworkTopologyImpl.java: /github/workspace/hadoop-hdds/common/src/test/java/org/apache/hadoop/hdds/scm/net/TestNetworkTopologyImpl.java uses unchecked or unsafe operations.
[WARNING] /github/workspace/hadoop-hdds/common/src/test/java/org/apache/hadoop/hdds/scm/net/TestNetworkTopologyImpl.java: Recompile with -Xlint:unchecked for details.
[INFO] 
[INFO] --- maven-surefire-plugin:3.0.0-M1:test (default-test) @ hadoop-hdds-common ---
[INFO] 
[INFO] -------------------------------------------------------
[INFO]  T E S T S
[INFO] -------------------------------------------------------
[INFO] Running org.apache.hadoop.hdds.fs.TestDU
[INFO] Tests run: 2, Failures: 0, Errors: 0, Skipped: 0, Time elapsed: 0.332 s - in org.apache.hadoop.hdds.fs.TestDU
[INFO] Running org.apache.hadoop.hdds.fs.TestSpaceUsageFactory
[INFO] Tests run: 6, Failures: 0, Errors: 0, Skipped: 0, Time elapsed: 0.93 s - in org.apache.hadoop.hdds.fs.TestSpaceUsageFactory
[INFO] Running org.apache.hadoop.hdds.fs.TestDUFactory
[INFO] Tests run: 2, Failures: 0, Errors: 0, Skipped: 0, Time elapsed: 0.713 s - in org.apache.hadoop.hdds.fs.TestDUFactory
[INFO] Running org.apache.hadoop.hdds.fs.TestDedicatedDiskSpaceUsageFactory
[INFO] Tests run: 2, Failures: 0, Errors: 0, Skipped: 0, Time elapsed: 0.769 s - in org.apache.hadoop.hdds.fs.TestDedicatedDiskSpaceUsageFactory
[INFO] Running org.apache.hadoop.hdds.fs.TestDedicatedDiskSpaceUsage
[INFO] Tests run: 1, Failures: 0, Errors: 0, Skipped: 0, Time elapsed: 0.325 s - in org.apache.hadoop.hdds.fs.TestDedicatedDiskSpaceUsage
[INFO] Running org.apache.hadoop.hdds.fs.TestCachingSpaceUsageSource
[INFO] Tests run: 6, Failures: 0, Errors: 0, Skipped: 0, Time elapsed: 1.473 s - in org.apache.hadoop.hdds.fs.TestCachingSpaceUsageSource
[INFO] Running org.apache.hadoop.hdds.fs.TestSaveSpaceUsageToFile
[INFO] Tests run: 7, Failures: 0, Errors: 0, Skipped: 0, Time elapsed: 0.466 s - in org.apache.hadoop.hdds.fs.TestSaveSpaceUsageToFile
[INFO] Running org.apache.hadoop.hdds.TestHddsUtils
[INFO] Tests run: 3, Failures: 0, Errors: 0, Skipped: 0, Time elapsed: 0.965 s - in org.apache.hadoop.hdds.TestHddsUtils
[INFO] Running org.apache.hadoop.hdds.utils.TestResourceSemaphore
[INFO] Tests run: 1, Failures: 0, Errors: 0, Skipped: 0, Time elapsed: 0.147 s - in org.apache.hadoop.hdds.utils.TestResourceSemaphore
[INFO] Running org.apache.hadoop.hdds.utils.TestRetriableTask
[INFO] Tests run: 3, Failures: 0, Errors: 0, Skipped: 0, Time elapsed: 0.296 s - in org.apache.hadoop.hdds.utils.TestRetriableTask
[INFO] Running org.apache.hadoop.hdds.utils.TestResourceLimitCache
[INFO] Tests run: 1, Failures: 0, Errors: 0, Skipped: 0, Time elapsed: 0.309 s - in org.apache.hadoop.hdds.utils.TestResourceLimitCache
[INFO] Running org.apache.hadoop.hdds.utils.TestHddsIdFactory
[INFO] Tests run: 1, Failures: 0, Errors: 0, Skipped: 0, Time elapsed: 0.166 s - in org.apache.hadoop.hdds.utils.TestHddsIdFactory
[INFO] Running org.apache.hadoop.hdds.conf.TestOzoneConfiguration
[INFO] Tests run: 4, Failures: 0, Errors: 0, Skipped: 0, Time elapsed: 0.712 s - in org.apache.hadoop.hdds.conf.TestOzoneConfiguration
[INFO] Running org.apache.hadoop.hdds.scm.net.TestNetUtils
[INFO] Tests run: 1, Failures: 0, Errors: 0, Skipped: 0, Time elapsed: 0.227 s - in org.apache.hadoop.hdds.scm.net.TestNetUtils
[INFO] Running org.apache.hadoop.hdds.scm.net.TestNodeSchemaLoader
[INFO] Tests run: 17, Failures: 0, Errors: 0, Skipped: 0, Time elapsed: 0.489 s - in org.apache.hadoop.hdds.scm.net.TestNodeSchemaLoader
[INFO] Running org.apache.hadoop.hdds.scm.net.TestYamlSchemaLoader
[INFO] Tests run: 4, Failures: 0, Errors: 0, Skipped: 0, Time elapsed: 0.358 s - in org.apache.hadoop.hdds.scm.net.TestYamlSchemaLoader
[INFO] Running org.apache.hadoop.hdds.scm.net.TestNodeSchemaManager
[INFO] Tests run: 5, Failures: 0, Errors: 0, Skipped: 0, Time elapsed: 0.72 s - in org.apache.hadoop.hdds.scm.net.TestNodeSchemaManager
[INFO] Running org.apache.hadoop.hdds.scm.net.TestNetworkTopologyImpl
[WARNING] Tests run: 75, Failures: 0, Errors: 0, Skipped: 1, Time elapsed: 8.365 s - in org.apache.hadoop.hdds.scm.net.TestNetworkTopologyImpl
[INFO] Running org.apache.hadoop.hdds.scm.exceptions.TestSCMExceptionResultCodes
[INFO] Tests run: 1, Failures: 0, Errors: 0, Skipped: 0, Time elapsed: 0.121 s - in org.apache.hadoop.hdds.scm.exceptions.TestSCMExceptionResultCodes
[INFO] Running org.apache.hadoop.hdds.ratis.TestRatisHelper
[INFO] Tests run: 4, Failures: 0, Errors: 0, Skipped: 0, Time elapsed: 0.825 s - in org.apache.hadoop.hdds.ratis.TestRatisHelper
[INFO] Running org.apache.hadoop.hdds.ratis.TestContainerCommandRequestMessage
[INFO] Tests run: 2, Failures: 0, Errors: 0, Skipped: 0, Time elapsed: 0.51 s - in org.apache.hadoop.hdds.ratis.TestContainerCommandRequestMessage
[INFO] Running org.apache.hadoop.ozone.lock.TestLockManager
[INFO] Tests run: 8, Failures: 0, Errors: 0, Skipped: 0, Time elapsed: 1.764 s - in org.apache.hadoop.ozone.lock.TestLockManager
[INFO] Running org.apache.hadoop.ozone.lease.TestLeaseManager
[INFO] Tests run: 10, Failures: 0, Errors: 0, Skipped: 0, Time elapsed: 23.251 s - in org.apache.hadoop.ozone.lease.TestLeaseManager
[INFO] Running org.apache.hadoop.ozone.audit.TestOzoneAuditLogger
[INFO] Tests run: 4, Failures: 0, Errors: 0, Skipped: 0, Time elapsed: 1.164 s - in org.apache.hadoop.ozone.audit.TestOzoneAuditLogger
[INFO] Running org.apache.hadoop.ozone.common.TestStateMachine
[INFO] Tests run: 1, Failures: 0, Errors: 0, Skipped: 0, Time elapsed: 0.278 s - in org.apache.hadoop.ozone.common.TestStateMachine
[INFO] Running org.apache.hadoop.ozone.common.TestChunkBuffer
[INFO] Tests run: 3, Failures: 0, Errors: 0, Skipped: 0, Time elapsed: 0.358 s - in org.apache.hadoop.ozone.common.TestChunkBuffer
[INFO] Running org.apache.hadoop.ozone.common.TestChecksumByteBuffer
[INFO] Tests run: 2, Failures: 0, Errors: 0, Skipped: 0, Time elapsed: 1.823 s - in org.apache.hadoop.ozone.common.TestChecksumByteBuffer
[INFO] Running org.apache.hadoop.ozone.common.TestChunkBufferImplWithByteBufferList
[INFO] Tests run: 3, Failures: 0, Errors: 0, Skipped: 0, Time elapsed: 0.155 s - in org.apache.hadoop.ozone.common.TestChunkBufferImplWithByteBufferList
[INFO] Running org.apache.hadoop.ozone.common.TestChecksum
[INFO] Tests run: 3, Failures: 0, Errors: 0, Skipped: 0, Time elapsed: 0.342 s - in org.apache.hadoop.ozone.common.TestChecksum
[INFO] 
[INFO] Results:
[INFO] 
[WARNING] Tests run: 182, Failures: 0, Errors: 0, Skipped: 1
[INFO] 
[INFO] 
[INFO] ----------------< org.apache.hadoop:hadoop-hdds-client >----------------
[INFO] Building Apache Hadoop HDDS Client 0.6.0-SNAPSHOT                 [9/30]
[INFO] --------------------------------[ jar ]---------------------------------
[INFO] 
[INFO] --- maven-antrun-plugin:1.3:run (create-testdirs) @ hadoop-hdds-client ---
[INFO] Executing tasks
[INFO] Executed tasks
[INFO] 
[INFO] --- jacoco-maven-plugin:0.8.3:prepare-agent (default-prepare-agent) @ hadoop-hdds-client ---
[INFO] argLine set to -javaagent:/home/user/.m2/repository/org/jacoco/org.jacoco.agent/0.8.3/org.jacoco.agent-0.8.3-runtime.jar=destfile=/github/workspace/hadoop-hdds/client/target/jacoco.exec
[INFO] 
[INFO] --- maven-remote-resources-plugin:1.5:process (default) @ hadoop-hdds-client ---
[INFO] 
[INFO] --- maven-resources-plugin:3.1.0:resources (default-resources) @ hadoop-hdds-client ---
[INFO] Using 'UTF-8' encoding to copy filtered resources.
[INFO] skip non existing resourceDirectory /github/workspace/hadoop-hdds/client/src/main/resources
[INFO] Copying 2 resources
[INFO] 
[INFO] --- maven-compiler-plugin:3.1:compile (default-compile) @ hadoop-hdds-client ---
[INFO] Compiling 16 source files to /github/workspace/hadoop-hdds/client/target/classes
[WARNING] /github/workspace/hadoop-hdds/client/src/main/java/org/apache/hadoop/hdds/scm/client/HddsClientUtils.java: Some input files use unchecked or unsafe operations.
[WARNING] /github/workspace/hadoop-hdds/client/src/main/java/org/apache/hadoop/hdds/scm/client/HddsClientUtils.java: Recompile with -Xlint:unchecked for details.
[INFO] 
[INFO] --- maven-resources-plugin:3.1.0:testResources (default-testResources) @ hadoop-hdds-client ---
[INFO] Using 'UTF-8' encoding to copy filtered resources.
[INFO] skip non existing resourceDirectory /github/workspace/hadoop-hdds/client/src/test/resources
[INFO] Copying 2 resources
[INFO] 
[INFO] --- maven-compiler-plugin:3.1:testCompile (default-testCompile) @ hadoop-hdds-client ---
[INFO] Compiling 6 source files to /github/workspace/hadoop-hdds/client/target/test-classes
[INFO] 
[INFO] --- maven-surefire-plugin:3.0.0-M1:test (default-test) @ hadoop-hdds-client ---
[INFO] 
[INFO] -------------------------------------------------------
[INFO]  T E S T S
[INFO] -------------------------------------------------------
[INFO] Running org.apache.hadoop.hdds.scm.storage.TestChunkInputStream
[INFO] Tests run: 4, Failures: 0, Errors: 0, Skipped: 0, Time elapsed: 0.325 s - in org.apache.hadoop.hdds.scm.storage.TestChunkInputStream
[INFO] Running org.apache.hadoop.hdds.scm.storage.TestBlockInputStream
[INFO] Tests run: 4, Failures: 0, Errors: 0, Skipped: 0, Time elapsed: 0.437 s - in org.apache.hadoop.hdds.scm.storage.TestBlockInputStream
[INFO] 
[INFO] Results:
[INFO] 
[INFO] Tests run: 8, Failures: 0, Errors: 0, Skipped: 0
[INFO] 
[INFO] 
[INFO] -----------< org.apache.hadoop:hadoop-hdds-server-framework >-----------
[INFO] Building Apache Hadoop HDDS Server Framework 0.6.0-SNAPSHOT      [10/30]
[INFO] --------------------------------[ jar ]---------------------------------
[INFO] Downloading from apache.snapshots.https: https://repository.apache.org/content/repositories/snapshots/org/apache/hadoop/hadoop-hdfs-client/3.2.1/hadoop-hdfs-client-3.2.1.pom
[INFO] Downloading from repository.jboss.org: http://repository.jboss.org/nexus/content/groups/public/org/apache/hadoop/hadoop-hdfs-client/3.2.1/hadoop-hdfs-client-3.2.1.pom
[INFO] Downloading from central: https://repo.maven.apache.org/maven2/org/apache/hadoop/hadoop-hdfs-client/3.2.1/hadoop-hdfs-client-3.2.1.pom
[INFO] Downloaded from central: https://repo.maven.apache.org/maven2/org/apache/hadoop/hadoop-hdfs-client/3.2.1/hadoop-hdfs-client-3.2.1.pom (6.0 kB at 199 kB/s)
[INFO] Downloading from apache.snapshots.https: https://repository.apache.org/content/repositories/snapshots/org/apache/hadoop/hadoop-hdfs-client/3.2.1/hadoop-hdfs-client-3.2.1.jar
[INFO] Downloading from repository.jboss.org: http://repository.jboss.org/nexus/content/groups/public/org/apache/hadoop/hadoop-hdfs-client/3.2.1/hadoop-hdfs-client-3.2.1.jar
[INFO] Downloading from central: https://repo.maven.apache.org/maven2/org/apache/hadoop/hadoop-hdfs-client/3.2.1/hadoop-hdfs-client-3.2.1.jar
[INFO] Downloaded from central: https://repo.maven.apache.org/maven2/org/apache/hadoop/hadoop-hdfs-client/3.2.1/hadoop-hdfs-client-3.2.1.jar (5.1 MB at 21 MB/s)
[INFO] 
[INFO] --- maven-antrun-plugin:1.3:run (create-testdirs) @ hadoop-hdds-server-framework ---
[INFO] Executing tasks
[INFO] Executed tasks
[INFO] 
[INFO] --- jacoco-maven-plugin:0.8.3:prepare-agent (default-prepare-agent) @ hadoop-hdds-server-framework ---
[INFO] argLine set to -javaagent:/home/user/.m2/repository/org/jacoco/org.jacoco.agent/0.8.3/org.jacoco.agent-0.8.3-runtime.jar=destfile=/github/workspace/hadoop-hdds/framework/target/jacoco.exec
[INFO] 
[INFO] --- maven-remote-resources-plugin:1.5:process (default) @ hadoop-hdds-server-framework ---
[INFO] 
[INFO] --- maven-resources-plugin:3.1.0:resources (default-resources) @ hadoop-hdds-server-framework ---
[INFO] Using 'UTF-8' encoding to copy filtered resources.
[INFO] Copying 35 resources
[INFO] Copying 2 resources
[INFO] 
[INFO] --- maven-compiler-plugin:3.1:compile (default-compile) @ hadoop-hdds-server-framework ---
[INFO] Compiling 123 source files to /github/workspace/hadoop-hdds/framework/target/classes
[WARNING] /github/workspace/hadoop-hdds/framework/src/main/java/org/apache/hadoop/hdds/utils/HddsServerUtil.java: Some input files use or override a deprecated API.
[WARNING] /github/workspace/hadoop-hdds/framework/src/main/java/org/apache/hadoop/hdds/utils/HddsServerUtil.java: Recompile with -Xlint:deprecation for details.
[WARNING] /github/workspace/hadoop-hdds/framework/src/main/java/org/apache/hadoop/hdds/server/events/EventQueue.java: Some input files use unchecked or unsafe operations.
[WARNING] /github/workspace/hadoop-hdds/framework/src/main/java/org/apache/hadoop/hdds/server/events/EventQueue.java: Recompile with -Xlint:unchecked for details.
[INFO] 
[INFO] --- maven-resources-plugin:3.1.0:testResources (default-testResources) @ hadoop-hdds-server-framework ---
[INFO] Using 'UTF-8' encoding to copy filtered resources.
[INFO] Copying 2 resources
[INFO] Copying 2 resources
[INFO] 
[INFO] --- maven-compiler-plugin:3.1:testCompile (default-testCompile) @ hadoop-hdds-server-framework ---
[INFO] Compiling 46 source files to /github/workspace/hadoop-hdds/framework/target/test-classes
[WARNING] /github/workspace/hadoop-hdds/framework/src/test/java/org/apache/hadoop/hdds/utils/db/cache/TestTableCacheImpl.java: Some input files use unchecked or unsafe operations.
[WARNING] /github/workspace/hadoop-hdds/framework/src/test/java/org/apache/hadoop/hdds/utils/db/cache/TestTableCacheImpl.java: Recompile with -Xlint:unchecked for details.
[INFO] 
[INFO] --- maven-surefire-plugin:3.0.0-M1:test (default-test) @ hadoop-hdds-server-framework ---
[INFO] 
[INFO] -------------------------------------------------------
[INFO]  T E S T S
[INFO] -------------------------------------------------------
[INFO] Running org.apache.hadoop.hdds.server.TestServerUtils
[INFO] Tests run: 6, Failures: 0, Errors: 0, Skipped: 0, Time elapsed: 0.971 s - in org.apache.hadoop.hdds.server.TestServerUtils
[INFO] Running org.apache.hadoop.hdds.server.TestJsonUtils
[INFO] Tests run: 1, Failures: 0, Errors: 0, Skipped: 0, Time elapsed: 0.882 s - in org.apache.hadoop.hdds.server.TestJsonUtils
[INFO] Running org.apache.hadoop.hdds.server.http.TestPrometheusMetricsSink
[INFO] Tests run: 6, Failures: 0, Errors: 0, Skipped: 0, Time elapsed: 0.619 s - in org.apache.hadoop.hdds.server.http.TestPrometheusMetricsSink
[INFO] Running org.apache.hadoop.hdds.server.http.TestRatisNameRewrite
[INFO] Tests run: 5, Failures: 0, Errors: 0, Skipped: 0, Time elapsed: 0.183 s - in org.apache.hadoop.hdds.server.http.TestRatisNameRewrite
[INFO] Running org.apache.hadoop.hdds.server.http.TestHttpRequestLogAppender
[INFO] Tests run: 1, Failures: 0, Errors: 0, Skipped: 0, Time elapsed: 0.117 s - in org.apache.hadoop.hdds.server.http.TestHttpRequestLogAppender
[INFO] Running org.apache.hadoop.hdds.server.http.TestRatisDropwizardExports
[INFO] Tests run: 1, Failures: 0, Errors: 0, Skipped: 0, Time elapsed: 0.357 s - in org.apache.hadoop.hdds.server.http.TestRatisDropwizardExports
[INFO] Running org.apache.hadoop.hdds.server.http.TestHtmlQuoting
[INFO] Tests run: 4, Failures: 0, Errors: 0, Skipped: 0, Time elapsed: 1.164 s - in org.apache.hadoop.hdds.server.http.TestHtmlQuoting
[INFO] Running org.apache.hadoop.hdds.server.http.TestProfileServlet
[INFO] Tests run: 3, Failures: 0, Errors: 0, Skipped: 0, Time elapsed: 0.202 s - in org.apache.hadoop.hdds.server.http.TestProfileServlet
[INFO] Running org.apache.hadoop.hdds.server.http.TestHttpRequestLog
[INFO] Tests run: 2, Failures: 0, Errors: 0, Skipped: 0, Time elapsed: 0.286 s - in org.apache.hadoop.hdds.server.http.TestHttpRequestLog
[INFO] Running org.apache.hadoop.hdds.server.http.TestBaseHttpServer
[INFO] Tests run: 1, Failures: 0, Errors: 0, Skipped: 0, Time elapsed: 0.761 s - in org.apache.hadoop.hdds.server.http.TestBaseHttpServer
[INFO] Running org.apache.hadoop.hdds.server.events.TestEventQueue
[INFO] Tests run: 2, Failures: 0, Errors: 0, Skipped: 0, Time elapsed: 0.863 s - in org.apache.hadoop.hdds.server.events.TestEventQueue
[INFO] Running org.apache.hadoop.hdds.server.events.TestEventWatcher
[INFO] Tests run: 3, Failures: 0, Errors: 0, Skipped: 0, Time elapsed: 11.712 s - in org.apache.hadoop.hdds.server.events.TestEventWatcher
[INFO] Running org.apache.hadoop.hdds.server.events.TestEventQueueChain
[INFO] Tests run: 1, Failures: 0, Errors: 0, Skipped: 0, Time elapsed: 0.549 s - in org.apache.hadoop.hdds.server.events.TestEventQueueChain
[INFO] Running org.apache.hadoop.hdds.utils.TestRocksDBStoreMBean
[INFO] Tests run: 3, Failures: 0, Errors: 0, Skipped: 0, Time elapsed: 5.048 s - in org.apache.hadoop.hdds.utils.TestRocksDBStoreMBean
[INFO] Running org.apache.hadoop.hdds.utils.TestMetadataStore
[INFO] Tests run: 26, Failures: 0, Errors: 0, Skipped: 0, Time elapsed: 2.224 s - in org.apache.hadoop.hdds.utils.TestMetadataStore
[INFO] Running org.apache.hadoop.hdds.utils.db.TestTypedRDBTableStore
[INFO] Tests run: 12, Failures: 0, Errors: 0, Skipped: 0, Time elapsed: 1.605 s - in org.apache.hadoop.hdds.utils.db.TestTypedRDBTableStore
[INFO] Running org.apache.hadoop.hdds.utils.db.TestDBConfigFromFile
[INFO] Tests run: 2, Failures: 0, Errors: 0, Skipped: 0, Time elapsed: 0.419 s - in org.apache.hadoop.hdds.utils.db.TestDBConfigFromFile
[INFO] Running org.apache.hadoop.hdds.utils.db.TestDBStoreBuilder
[INFO] Tests run: 7, Failures: 0, Errors: 0, Skipped: 0, Time elapsed: 1.305 s - in org.apache.hadoop.hdds.utils.db.TestDBStoreBuilder
[INFO] Running org.apache.hadoop.hdds.utils.db.TestRDBStore
[INFO] Tests run: 12, Failures: 0, Errors: 0, Skipped: 0, Time elapsed: 3.619 s - in org.apache.hadoop.hdds.utils.db.TestRDBStore
[INFO] Running org.apache.hadoop.hdds.utils.db.cache.TestTableCacheImpl
[INFO] Tests run: 10, Failures: 0, Errors: 0, Skipped: 0, Time elapsed: 2.224 s - in org.apache.hadoop.hdds.utils.db.cache.TestTableCacheImpl
[INFO] Running org.apache.hadoop.hdds.utils.db.TestRDBTableStore
[INFO] Tests run: 9, Failures: 0, Errors: 0, Skipped: 0, Time elapsed: 1.417 s - in org.apache.hadoop.hdds.utils.db.TestRDBTableStore
[INFO] Running org.apache.hadoop.hdds.security.token.TestOzoneBlockTokenIdentifier
[INFO] Tests run: 4, Failures: 0, Errors: 0, Skipped: 0, Time elapsed: 2.396 s - in org.apache.hadoop.hdds.security.token.TestOzoneBlockTokenIdentifier
[INFO] Running org.apache.hadoop.hdds.security.x509.certificate.authority.TestDefaultCAServer
[INFO] Tests run: 6, Failures: 0, Errors: 0, Skipped: 0, Time elapsed: 3.824 s - in org.apache.hadoop.hdds.security.x509.certificate.authority.TestDefaultCAServer
[INFO] Running org.apache.hadoop.hdds.security.x509.certificate.authority.TestDefaultProfile
[INFO] Tests run: 10, Failures: 0, Errors: 0, Skipped: 0, Time elapsed: 4.338 s - in org.apache.hadoop.hdds.security.x509.certificate.authority.TestDefaultProfile
[INFO] Running org.apache.hadoop.hdds.security.x509.certificate.utils.TestCRLCodec
[INFO] Tests run: 4, Failures: 0, Errors: 0, Skipped: 0, Time elapsed: 3.093 s - in org.apache.hadoop.hdds.security.x509.certificate.utils.TestCRLCodec
[INFO] Running org.apache.hadoop.hdds.security.x509.certificate.utils.TestCertificateCodec
[INFO] Tests run: 4, Failures: 0, Errors: 0, Skipped: 0, Time elapsed: 2.895 s - in org.apache.hadoop.hdds.security.x509.certificate.utils.TestCertificateCodec
[INFO] Running org.apache.hadoop.hdds.security.x509.certificate.client.TestCertificateClientInit
[INFO] Tests run: 16, Failures: 0, Errors: 0, Skipped: 0, Time elapsed: 6.179 s - in org.apache.hadoop.hdds.security.x509.certificate.client.TestCertificateClientInit
[INFO] Running org.apache.hadoop.hdds.security.x509.certificate.client.TestDefaultCertificateClient
[INFO] Tests run: 9, Failures: 0, Errors: 0, Skipped: 0, Time elapsed: 10.82 s - in org.apache.hadoop.hdds.security.x509.certificate.client.TestDefaultCertificateClient
[INFO] Running org.apache.hadoop.hdds.security.x509.keys.TestKeyCodec
[INFO] Tests run: 4, Failures: 0, Errors: 0, Skipped: 0, Time elapsed: 2.746 s - in org.apache.hadoop.hdds.security.x509.keys.TestKeyCodec
[INFO] Running org.apache.hadoop.hdds.security.x509.keys.TestHDDSKeyGenerator
[INFO] Tests run: 2, Failures: 0, Errors: 0, Skipped: 0, Time elapsed: 4.202 s - in org.apache.hadoop.hdds.security.x509.keys.TestHDDSKeyGenerator
[INFO] Running org.apache.hadoop.hdds.security.x509.certificates.TestRootCertificate
[INFO] Tests run: 3, Failures: 0, Errors: 0, Skipped: 0, Time elapsed: 2.969 s - in org.apache.hadoop.hdds.security.x509.certificates.TestRootCertificate
[INFO] Running org.apache.hadoop.hdds.security.x509.certificates.TestCertificateSignRequest
[INFO] Tests run: 4, Failures: 0, Errors: 0, Skipped: 0, Time elapsed: 2.981 s - in org.apache.hadoop.hdds.security.x509.certificates.TestCertificateSignRequest
[INFO] 
[INFO] Results:
[INFO] 
[INFO] Tests run: 183, Failures: 0, Errors: 0, Skipped: 0
[INFO] 
[INFO] 
[INFO] ----------< org.apache.hadoop:hadoop-hdds-container-service >-----------
[INFO] Building Apache Hadoop HDDS Container Service 0.6.0-SNAPSHOT     [11/30]
[INFO] --------------------------------[ jar ]---------------------------------
[INFO] 
[INFO] --- maven-antrun-plugin:1.3:run (create-testdirs) @ hadoop-hdds-container-service ---
[INFO] Executing tasks
[INFO] Executed tasks
[INFO] 
[INFO] --- jacoco-maven-plugin:0.8.3:prepare-agent (default-prepare-agent) @ hadoop-hdds-container-service ---
[INFO] argLine set to -javaagent:/home/user/.m2/repository/org/jacoco/org.jacoco.agent/0.8.3/org.jacoco.agent-0.8.3-runtime.jar=destfile=/github/workspace/hadoop-hdds/container-service/target/jacoco.exec
[INFO] 
[INFO] --- hadoop-maven-plugins:3.2.1:protoc (compile-protoc) @ hadoop-hdds-container-service ---
[INFO] Wrote protoc checksums to file /github/workspace/hadoop-hdds/container-service/target/hadoop-maven-plugins-protoc-checksums.json
[INFO] 
[INFO] --- maven-remote-resources-plugin:1.5:process (default) @ hadoop-hdds-container-service ---
[INFO] 
[INFO] --- maven-resources-plugin:3.1.0:resources (default-resources) @ hadoop-hdds-container-service ---
[INFO] Using 'UTF-8' encoding to copy filtered resources.
[INFO] Copying 2 resources
[INFO] Copying 2 resources
[INFO] 
[INFO] --- maven-compiler-plugin:3.1:compile (default-compile) @ hadoop-hdds-container-service ---
[INFO] Compiling 169 source files to /github/workspace/hadoop-hdds/container-service/target/classes
[WARNING] /github/workspace/hadoop-hdds/container-service/src/main/java/org/apache/hadoop/ozone/container/common/volume/AbstractFuture.java:[1051,26] sun.misc.Unsafe is internal proprietary API and may be removed in a future release
[WARNING] /github/workspace/hadoop-hdds/container-service/src/main/java/org/apache/hadoop/ozone/container/common/volume/AbstractFuture.java:[1059,15] sun.misc.Unsafe is internal proprietary API and may be removed in a future release
[WARNING] /github/workspace/hadoop-hdds/container-service/src/main/java/org/apache/hadoop/ozone/container/common/volume/AbstractFuture.java:[1061,26] sun.misc.Unsafe is internal proprietary API and may be removed in a future release
[WARNING] /github/workspace/hadoop-hdds/container-service/src/main/java/org/apache/hadoop/ozone/container/common/volume/AbstractFuture.java:[1066,57] sun.misc.Unsafe is internal proprietary API and may be removed in a future release
[WARNING] /github/workspace/hadoop-hdds/container-service/src/main/java/org/apache/hadoop/ozone/container/common/volume/AbstractFuture.java:[1068,36] sun.misc.Unsafe is internal proprietary API and may be removed in a future release
[WARNING] /github/workspace/hadoop-hdds/container-service/src/main/java/org/apache/hadoop/ozone/container/common/volume/AbstractFuture.java:[1069,37] sun.misc.Unsafe is internal proprietary API and may be removed in a future release
[WARNING] /github/workspace/hadoop-hdds/container-service/src/main/java/org/apache/hadoop/ozone/container/common/volume/AbstractFuture.java:[1069,58] sun.misc.Unsafe is internal proprietary API and may be removed in a future release
[WARNING] /github/workspace/hadoop-hdds/container-service/src/main/java/org/apache/hadoop/ozone/protocolPB/ReconDatanodeProtocolPB.java: Some input files use or override a deprecated API.
[WARNING] /github/workspace/hadoop-hdds/container-service/src/main/java/org/apache/hadoop/ozone/protocolPB/ReconDatanodeProtocolPB.java: Recompile with -Xlint:deprecation for details.
[WARNING] /github/workspace/hadoop-hdds/container-service/src/main/java/org/apache/hadoop/ozone/container/common/utils/ContainerCache.java: Some input files use unchecked or unsafe operations.
[WARNING] /github/workspace/hadoop-hdds/container-service/src/main/java/org/apache/hadoop/ozone/container/common/utils/ContainerCache.java: Recompile with -Xlint:unchecked for details.
[INFO] 
[INFO] --- maven-resources-plugin:3.1.0:testResources (default-testResources) @ hadoop-hdds-container-service ---
[INFO] Using 'UTF-8' encoding to copy filtered resources.
[INFO] Copying 5 resources
[INFO] Copying 2 resources
[INFO] 
[INFO] --- maven-compiler-plugin:3.1:testCompile (default-testCompile) @ hadoop-hdds-container-service ---
[INFO] Compiling 62 source files to /github/workspace/hadoop-hdds/container-service/target/test-classes
[WARNING] /github/workspace/hadoop-hdds/container-service/src/test/java/org/apache/hadoop/ozone/container/common/volume/TestHddsVolumeChecker.java: Some input files use or override a deprecated API.
[WARNING] /github/workspace/hadoop-hdds/container-service/src/test/java/org/apache/hadoop/ozone/container/common/volume/TestHddsVolumeChecker.java: Recompile with -Xlint:deprecation for details.
[WARNING] /github/workspace/hadoop-hdds/container-service/src/test/java/org/apache/hadoop/ozone/container/common/ScmTestMock.java: Some input files use unchecked or unsafe operations.
[WARNING] /github/workspace/hadoop-hdds/container-service/src/test/java/org/apache/hadoop/ozone/container/common/ScmTestMock.java: Recompile with -Xlint:unchecked for details.
[INFO] 
[INFO] --- maven-surefire-plugin:3.0.0-M1:test (default-test) @ hadoop-hdds-container-service ---
[INFO] 
[INFO] -------------------------------------------------------
[INFO]  T E S T S
[INFO] -------------------------------------------------------
[INFO] Running org.apache.hadoop.ozone.container.keyvalue.TestKeyValueContainer
[INFO] Tests run: 22, Failures: 0, Errors: 0, Skipped: 0, Time elapsed: 3.673 s - in org.apache.hadoop.ozone.container.keyvalue.TestKeyValueContainer
[INFO] Running org.apache.hadoop.ozone.container.keyvalue.TestTarContainerPacker
[INFO] Tests run: 10, Failures: 0, Errors: 0, Skipped: 0, Time elapsed: 0.756 s - in org.apache.hadoop.ozone.container.keyvalue.TestTarContainerPacker
[INFO] Running org.apache.hadoop.ozone.container.keyvalue.TestKeyValueHandlerWithUnhealthyContainer
[INFO] Tests run: 6, Failures: 0, Errors: 0, Skipped: 0, Time elapsed: 3.133 s - in org.apache.hadoop.ozone.container.keyvalue.TestKeyValueHandlerWithUnhealthyContainer
[INFO] Running org.apache.hadoop.ozone.container.keyvalue.helpers.TestChunkUtils
[INFO] Tests run: 5, Failures: 0, Errors: 0, Skipped: 0, Time elapsed: 1.544 s - in org.apache.hadoop.ozone.container.keyvalue.helpers.TestChunkUtils
[INFO] Running org.apache.hadoop.ozone.container.keyvalue.impl.TestChunkManagerDummyImpl
[INFO] Tests run: 2, Failures: 0, Errors: 0, Skipped: 0, Time elapsed: 2.248 s - in org.apache.hadoop.ozone.container.keyvalue.impl.TestChunkManagerDummyImpl
[INFO] Running org.apache.hadoop.ozone.container.keyvalue.impl.TestBlockManagerImpl
[INFO] Tests run: 8, Failures: 0, Errors: 0, Skipped: 0, Time elapsed: 3.014 s - in org.apache.hadoop.ozone.container.keyvalue.impl.TestBlockManagerImpl
[INFO] Running org.apache.hadoop.ozone.container.keyvalue.impl.TestFilePerBlockStrategy
[INFO] Tests run: 10, Failures: 0, Errors: 0, Skipped: 0, Time elapsed: 3.928 s - in org.apache.hadoop.ozone.container.keyvalue.impl.TestFilePerBlockStrategy
[INFO] Running org.apache.hadoop.ozone.container.keyvalue.impl.TestFilePerChunkStrategy
[INFO] Tests run: 8, Failures: 0, Errors: 0, Skipped: 0, Time elapsed: 2.871 s - in org.apache.hadoop.ozone.container.keyvalue.impl.TestFilePerChunkStrategy
[INFO] Running org.apache.hadoop.ozone.container.keyvalue.TestKeyValueContainerCheck
[INFO] Tests run: 8, Failures: 0, Errors: 0, Skipped: 0, Time elapsed: 2.901 s - in org.apache.hadoop.ozone.container.keyvalue.TestKeyValueContainerCheck
[INFO] Running org.apache.hadoop.ozone.container.keyvalue.TestKeyValueContainerMarkUnhealthy
[INFO] Tests run: 10, Failures: 0, Errors: 0, Skipped: 0, Time elapsed: 2.734 s - in org.apache.hadoop.ozone.container.keyvalue.TestKeyValueContainerMarkUnhealthy
[INFO] Running org.apache.hadoop.ozone.container.keyvalue.TestKeyValueHandler
[INFO] Tests run: 4, Failures: 0, Errors: 0, Skipped: 0, Time elapsed: 3.823 s - in org.apache.hadoop.ozone.container.keyvalue.TestKeyValueHandler
[INFO] Running org.apache.hadoop.ozone.container.keyvalue.TestKeyValueBlockIterator
[INFO] Tests run: 20, Failures: 0, Errors: 0, Skipped: 0, Time elapsed: 3.25 s - in org.apache.hadoop.ozone.container.keyvalue.TestKeyValueBlockIterator
[INFO] Running org.apache.hadoop.ozone.container.replication.TestGrpcOutputStream
[INFO] Tests run: 8, Failures: 0, Errors: 0, Skipped: 0, Time elapsed: 1.137 s - in org.apache.hadoop.ozone.container.replication.TestGrpcOutputStream
[INFO] Running org.apache.hadoop.ozone.container.replication.TestReplicationSupervisor
[INFO] Tests run: 8, Failures: 0, Errors: 0, Skipped: 0, Time elapsed: 0.509 s - in org.apache.hadoop.ozone.container.replication.TestReplicationSupervisor
[INFO] Running org.apache.hadoop.ozone.container.common.interfaces.TestHandler
[INFO] Tests run: 2, Failures: 0, Errors: 0, Skipped: 0, Time elapsed: 2.997 s - in org.apache.hadoop.ozone.container.common.interfaces.TestHandler
[INFO] Running org.apache.hadoop.ozone.container.common.TestContainerCache
[INFO] Tests run: 1, Failures: 0, Errors: 0, Skipped: 0, Time elapsed: 0.898 s - in org.apache.hadoop.ozone.container.common.TestContainerCache
[INFO] Running org.apache.hadoop.ozone.container.common.report.TestReportManager
[INFO] Tests run: 1, Failures: 0, Errors: 0, Skipped: 0, Time elapsed: 1.519 s - in org.apache.hadoop.ozone.container.common.report.TestReportManager
[INFO] Running org.apache.hadoop.ozone.container.common.report.TestReportPublisher
[INFO] Tests run: 4, Failures: 0, Errors: 0, Skipped: 0, Time elapsed: 2.591 s - in org.apache.hadoop.ozone.container.common.report.TestReportPublisher
[INFO] Running org.apache.hadoop.ozone.container.common.report.TestReportPublisherFactory
[INFO] Tests run: 3, Failures: 0, Errors: 0, Skipped: 0, Time elapsed: 0.5 s - in org.apache.hadoop.ozone.container.common.report.TestReportPublisherFactory
[INFO] Running org.apache.hadoop.ozone.container.common.statemachine.commandhandler.TestCloseContainerCommandHandler
[INFO] Tests run: 12, Failures: 0, Errors: 0, Skipped: 0, Time elapsed: 2.442 s - in org.apache.hadoop.ozone.container.common.statemachine.commandhandler.TestCloseContainerCommandHandler
[INFO] Running org.apache.hadoop.ozone.container.common.statemachine.commandhandler.TestCreatePipelineCommandHandler
[INFO] Tests run: 2, Failures: 0, Errors: 0, Skipped: 0, Time elapsed: 5.368 s - in org.apache.hadoop.ozone.container.common.statemachine.commandhandler.TestCreatePipelineCommandHandler
[INFO] Running org.apache.hadoop.ozone.container.common.statemachine.TestStateContext
[INFO] Tests run: 2, Failures: 0, Errors: 0, Skipped: 0, Time elapsed: 1.725 s - in org.apache.hadoop.ozone.container.common.statemachine.TestStateContext
[INFO] Running org.apache.hadoop.ozone.container.common.helpers.TestBlockData
[INFO] Tests run: 3, Failures: 0, Errors: 0, Skipped: 0, Time elapsed: 0.678 s - in org.apache.hadoop.ozone.container.common.helpers.TestBlockData
[INFO] Running org.apache.hadoop.ozone.container.common.helpers.TestDatanodeVersionFile
[INFO] Tests run: 4, Failures: 0, Errors: 0, Skipped: 0, Time elapsed: 0.229 s - in org.apache.hadoop.ozone.container.common.helpers.TestDatanodeVersionFile
[INFO] Running org.apache.hadoop.ozone.container.common.impl.TestContainerPersistence
[INFO] Tests run: 32, Failures: 0, Errors: 0, Skipped: 0, Time elapsed: 4.711 s - in org.apache.hadoop.ozone.container.common.impl.TestContainerPersistence
[INFO] Running org.apache.hadoop.ozone.container.common.impl.TestContainerSet
[INFO] Tests run: 14, Failures: 0, Errors: 0, Skipped: 0, Time elapsed: 1.97 s - in org.apache.hadoop.ozone.container.common.impl.TestContainerSet
[INFO] Running org.apache.hadoop.ozone.container.common.impl.TestHddsDispatcher
[INFO] Tests run: 8, Failures: 0, Errors: 0, Skipped: 0, Time elapsed: 4.346 s - in org.apache.hadoop.ozone.container.common.impl.TestHddsDispatcher
[INFO] Running org.apache.hadoop.ozone.container.common.impl.TestContainerDeletionChoosingPolicy
[INFO] Tests run: 4, Failures: 0, Errors: 0, Skipped: 0, Time elapsed: 2.009 s - in org.apache.hadoop.ozone.container.common.impl.TestContainerDeletionChoosingPolicy
[INFO] Running org.apache.hadoop.ozone.container.common.impl.TestContainerDataYaml
[INFO] Tests run: 10, Failures: 0, Errors: 0, Skipped: 0, Time elapsed: 0.807 s - in org.apache.hadoop.ozone.container.common.impl.TestContainerDataYaml
[INFO] Running org.apache.hadoop.ozone.container.common.TestDatanodeLayOutVersion
[INFO] Tests run: 1, Failures: 0, Errors: 0, Skipped: 0, Time elapsed: 0.144 s - in org.apache.hadoop.ozone.container.common.TestDatanodeLayOutVersion
[INFO] Running org.apache.hadoop.ozone.container.common.volume.TestVolumeSetDiskChecks
[INFO] Tests run: 3, Failures: 0, Errors: 0, Skipped: 0, Time elapsed: 1.136 s - in org.apache.hadoop.ozone.container.common.volume.TestVolumeSetDiskChecks
[INFO] Running org.apache.hadoop.ozone.container.common.volume.TestRoundRobinVolumeChoosingPolicy
[INFO] Tests run: 2, Failures: 0, Errors: 0, Skipped: 0, Time elapsed: 0.626 s - in org.apache.hadoop.ozone.container.common.volume.TestRoundRobinVolumeChoosingPolicy
[INFO] Running org.apache.hadoop.ozone.container.common.volume.TestHddsVolume
[INFO] Tests run: 3, Failures: 0, Errors: 0, Skipped: 0, Time elapsed: 0.562 s - in org.apache.hadoop.ozone.container.common.volume.TestHddsVolume
[INFO] Running org.apache.hadoop.ozone.container.common.volume.TestHddsVolumeChecker
[INFO] Tests run: 24, Failures: 0, Errors: 0, Skipped: 0, Time elapsed: 5.512 s - in org.apache.hadoop.ozone.container.common.volume.TestHddsVolumeChecker
[INFO] Running org.apache.hadoop.ozone.container.common.volume.TestVolumeSet
[INFO] Tests run: 8, Failures: 0, Errors: 0, Skipped: 0, Time elapsed: 1.614 s - in org.apache.hadoop.ozone.container.common.volume.TestVolumeSet
[INFO] Running org.apache.hadoop.ozone.container.common.TestDatanodeStateMachine
[INFO] Tests run: 4, Failures: 0, Errors: 0, Skipped: 0, Time elapsed: 11.312 s - in org.apache.hadoop.ozone.container.common.TestDatanodeStateMachine
[INFO] Running org.apache.hadoop.ozone.container.common.states.endpoint.TestHeartbeatEndpointTask
[INFO] Tests run: 6, Failures: 0, Errors: 0, Skipped: 0, Time elapsed: 2.596 s - in org.apache.hadoop.ozone.container.common.states.endpoint.TestHeartbeatEndpointTask
[INFO] Running org.apache.hadoop.ozone.container.common.TestChunkLayOutVersion
[INFO] Tests run: 3, Failures: 0, Errors: 0, Skipped: 0, Time elapsed: 0.255 s - in org.apache.hadoop.ozone.container.common.TestChunkLayOutVersion
[INFO] Running org.apache.hadoop.ozone.container.common.TestBlockDeletingService
[INFO] Tests run: 10, Failures: 0, Errors: 0, Skipped: 0, Time elapsed: 7.122 s - in org.apache.hadoop.ozone.container.common.TestBlockDeletingService
[INFO] Running org.apache.hadoop.ozone.container.common.TestKeyValueContainerData
[INFO] Tests run: 2, Failures: 0, Errors: 0, Skipped: 0, Time elapsed: 0.256 s - in org.apache.hadoop.ozone.container.common.TestKeyValueContainerData
[INFO] Running org.apache.hadoop.ozone.container.ozoneimpl.TestContainerReader
[INFO] Tests run: 1, Failures: 0, Errors: 0, Skipped: 0, Time elapsed: 2.543 s - in org.apache.hadoop.ozone.container.ozoneimpl.TestContainerReader
[INFO] Running org.apache.hadoop.ozone.container.ozoneimpl.TestOzoneContainer
[INFO] Tests run: 4, Failures: 0, Errors: 0, Skipped: 0, Time elapsed: 5.037 s - in org.apache.hadoop.ozone.container.ozoneimpl.TestOzoneContainer
[INFO] Running org.apache.hadoop.ozone.container.ozoneimpl.TestContainerScrubberMetrics
[INFO] Tests run: 4, Failures: 0, Errors: 0, Skipped: 0, Time elapsed: 2.809 s - in org.apache.hadoop.ozone.container.ozoneimpl.TestContainerScrubberMetrics
[INFO] Running org.apache.hadoop.ozone.TestHddsDatanodeService
[INFO] Tests run: 1, Failures: 0, Errors: 0, Skipped: 0, Time elapsed: 4.061 s - in org.apache.hadoop.ozone.TestHddsDatanodeService
[INFO] Running org.apache.hadoop.ozone.TestHddsSecureDatanodeInit
[INFO] Tests run: 9, Failures: 0, Errors: 0, Skipped: 0, Time elapsed: 2.84 s - in org.apache.hadoop.ozone.TestHddsSecureDatanodeInit
[INFO] 
[INFO] Results:
[INFO] 
[INFO] Tests run: 316, Failures: 0, Errors: 0, Skipped: 0
[INFO] 
[INFO] 
[INFO] -----------------< org.apache.hadoop:hadoop-hdds-docs >-----------------
[INFO] Building Apache Hadoop HDDS/Ozone Documentation 0.6.0-SNAPSHOT   [12/30]
[INFO] --------------------------------[ jar ]---------------------------------
[INFO] 
[INFO] --- maven-antrun-plugin:1.3:run (create-testdirs) @ hadoop-hdds-docs ---
[INFO] Executing tasks
[INFO] Executed tasks
[INFO] 
[INFO] --- jacoco-maven-plugin:0.8.3:prepare-agent (default-prepare-agent) @ hadoop-hdds-docs ---
[INFO] argLine set to -javaagent:/home/user/.m2/repository/org/jacoco/org.jacoco.agent/0.8.3/org.jacoco.agent-0.8.3-runtime.jar=destfile=/github/workspace/hadoop-hdds/docs/target/jacoco.exec
[INFO] 
[INFO] --- maven-remote-resources-plugin:1.5:process (default) @ hadoop-hdds-docs ---
[INFO] 
[INFO] --- maven-resources-plugin:3.1.0:resources (default-resources) @ hadoop-hdds-docs ---
[INFO] Using 'UTF-8' encoding to copy filtered resources.
[INFO] skip non existing resourceDirectory /github/workspace/hadoop-hdds/docs/src/main/resources
[INFO] Copying 2 resources
[INFO] 
[INFO] --- maven-compiler-plugin:3.1:compile (default-compile) @ hadoop-hdds-docs ---
[INFO] No sources to compile
[INFO] 
[INFO] --- exec-maven-plugin:1.3.1:exec (default) @ hadoop-hdds-docs ---
Building sites … WARN 2020/05/14 21:26:06 Page.URL is deprecated and will be removed in a future release. Use .Permalink or .RelPermalink. If what you want is the front matter URL value, use .Params.url

                   | EN | ZH  
+------------------+----+----+
  Pages            | 74 | 43  
  Paginator pages  |  0 |  0  
  Non-page files   | 10 | 10  
  Static files     | 19 | 19  
  Processed images |  0 |  0  
  Aliases          |  1 |  0  
  Sitemaps         |  2 |  1  
  Cleaned          |  0 |  0  

Total in 362 ms
/github/workspace/hadoop-hdds/docs
[INFO] 
[INFO] --- maven-resources-plugin:3.1.0:testResources (default-testResources) @ hadoop-hdds-docs ---
[INFO] Using 'UTF-8' encoding to copy filtered resources.
[INFO] skip non existing resourceDirectory /github/workspace/hadoop-hdds/docs/src/test/resources
[INFO] Copying 2 resources
[INFO] 
[INFO] --- maven-compiler-plugin:3.1:testCompile (default-testCompile) @ hadoop-hdds-docs ---
[INFO] No sources to compile
[INFO] 
[INFO] --- maven-surefire-plugin:3.0.0-M1:test (default-test) @ hadoop-hdds-docs ---
[INFO] 
[INFO] --------------< org.apache.hadoop:hadoop-hdds-server-scm >--------------
[INFO] Building Apache Hadoop HDDS SCM Server 0.6.0-SNAPSHOT            [13/30]
[INFO] --------------------------------[ jar ]---------------------------------
[INFO] 
[INFO] --- maven-antrun-plugin:1.3:run (create-testdirs) @ hadoop-hdds-server-scm ---
[INFO] Executing tasks
[INFO] Executed tasks
[INFO] 
[INFO] --- jacoco-maven-plugin:0.8.3:prepare-agent (default-prepare-agent) @ hadoop-hdds-server-scm ---
[INFO] argLine set to -javaagent:/home/user/.m2/repository/org/jacoco/org.jacoco.agent/0.8.3/org.jacoco.agent-0.8.3-runtime.jar=destfile=/github/workspace/hadoop-hdds/server-scm/target/jacoco.exec
[INFO] 
[INFO] --- maven-remote-resources-plugin:1.5:process (default) @ hadoop-hdds-server-scm ---
[INFO] 
[INFO] --- maven-resources-plugin:3.1.0:resources (default-resources) @ hadoop-hdds-server-scm ---
[INFO] Using 'UTF-8' encoding to copy filtered resources.
[INFO] Copying 4 resources
[INFO] Copying 2 resources
[INFO] 
[INFO] --- maven-compiler-plugin:3.1:compile (default-compile) @ hadoop-hdds-server-scm ---
[INFO] Compiling 145 source files to /github/workspace/hadoop-hdds/server-scm/target/classes
[WARNING] /github/workspace/hadoop-hdds/server-scm/src/main/java/org/apache/hadoop/hdds/scm/node/SCMNodeManager.java: Some input files use or override a deprecated API.
[WARNING] /github/workspace/hadoop-hdds/server-scm/src/main/java/org/apache/hadoop/hdds/scm/node/SCMNodeManager.java: Recompile with -Xlint:deprecation for details.
[WARNING] /github/workspace/hadoop-hdds/server-scm/src/main/java/org/apache/hadoop/hdds/scm/safemode/SCMSafeModeManager.java: Some input files use unchecked or unsafe operations.
[WARNING] /github/workspace/hadoop-hdds/server-scm/src/main/java/org/apache/hadoop/hdds/scm/safemode/SCMSafeModeManager.java: Recompile with -Xlint:unchecked for details.
[INFO] 
[INFO] --- maven-resources-plugin:3.1.0:testResources (default-testResources) @ hadoop-hdds-server-scm ---
[INFO] Using 'UTF-8' encoding to copy filtered resources.
[INFO] Copying 6 resources
[INFO] Copying 2 resources
[INFO] Copying 2 resources
[INFO] 
[INFO] --- maven-compiler-plugin:3.1:testCompile (default-testCompile) @ hadoop-hdds-server-scm ---
[INFO] Compiling 66 source files to /github/workspace/hadoop-hdds/server-scm/target/test-classes
[WARNING] /github/workspace/hadoop-hdds/server-scm/src/test/java/org/apache/hadoop/hdds/scm/node/TestSCMNodeManager.java: Some input files use or override a deprecated API.
[WARNING] /github/workspace/hadoop-hdds/server-scm/src/test/java/org/apache/hadoop/hdds/scm/node/TestSCMNodeManager.java: Recompile with -Xlint:deprecation for details.
[WARNING] /github/workspace/hadoop-hdds/server-scm/src/test/java/org/apache/hadoop/hdds/scm/node/states/TestNode2ContainerMap.java: Some input files use unchecked or unsafe operations.
[WARNING] /github/workspace/hadoop-hdds/server-scm/src/test/java/org/apache/hadoop/hdds/scm/node/states/TestNode2ContainerMap.java: Recompile with -Xlint:unchecked for details.
[INFO] 
[INFO] --- maven-surefire-plugin:3.0.0-M1:test (default-test) @ hadoop-hdds-server-scm ---
[INFO] 
[INFO] -------------------------------------------------------
[INFO]  T E S T S
[INFO] -------------------------------------------------------
[INFO] Running org.apache.hadoop.hdds.scm.container.TestContainerActionsHandler
[INFO] Tests run: 1, Failures: 0, Errors: 0, Skipped: 0, Time elapsed: 0.878 s - in org.apache.hadoop.hdds.scm.container.TestContainerActionsHandler
[INFO] Running org.apache.hadoop.hdds.scm.container.TestContainerReportHandler
[INFO] Tests run: 5, Failures: 0, Errors: 0, Skipped: 0, Time elapsed: 1.819 s - in org.apache.hadoop.hdds.scm.container.TestContainerReportHandler
[INFO] Running org.apache.hadoop.hdds.scm.container.placement.algorithms.TestSCMContainerPlacementRandom
[INFO] Tests run: 2, Failures: 0, Errors: 0, Skipped: 0, Time elapsed: 0.844 s - in org.apache.hadoop.hdds.scm.container.placement.algorithms.TestSCMContainerPlacementRandom
[INFO] Running org.apache.hadoop.hdds.scm.container.placement.algorithms.TestContainerPlacementFactory
[INFO] Tests run: 4, Failures: 0, Errors: 0, Skipped: 0, Time elapsed: 1.282 s - in org.apache.hadoop.hdds.scm.container.placement.algorithms.TestContainerPlacementFactory
[INFO] Running org.apache.hadoop.hdds.scm.container.placement.algorithms.TestSCMContainerPlacementCapacity
[INFO] Tests run: 1, Failures: 0, Errors: 0, Skipped: 0, Time elapsed: 1.568 s - in org.apache.hadoop.hdds.scm.container.placement.algorithms.TestSCMContainerPlacementCapacity
[INFO] Running org.apache.hadoop.hdds.scm.container.placement.algorithms.TestContainerPlacementStatusDefault
[INFO] Tests run: 2, Failures: 0, Errors: 0, Skipped: 0, Time elapsed: 0.144 s - in org.apache.hadoop.hdds.scm.container.placement.algorithms.TestContainerPlacementStatusDefault
[INFO] Running org.apache.hadoop.hdds.scm.container.placement.algorithms.TestSCMContainerPlacementRackAware
[WARNING] Tests run: 117, Failures: 0, Errors: 0, Skipped: 52, Time elapsed: 1.797 s - in org.apache.hadoop.hdds.scm.container.placement.algorithms.TestSCMContainerPlacementRackAware
[INFO] Running org.apache.hadoop.hdds.scm.container.TestIncrementalContainerReportHandler
[INFO] Tests run: 3, Failures: 0, Errors: 0, Skipped: 0, Time elapsed: 1.3 s - in org.apache.hadoop.hdds.scm.container.TestIncrementalContainerReportHandler
[INFO] Running org.apache.hadoop.hdds.scm.container.states.TestContainerAttribute
[INFO] Tests run: 5, Failures: 0, Errors: 0, Skipped: 0, Time elapsed: 0.353 s - in org.apache.hadoop.hdds.scm.container.states.TestContainerAttribute
[INFO] Running org.apache.hadoop.hdds.scm.container.TestUnknownContainerReport
[INFO] Tests run: 2, Failures: 0, Errors: 0, Skipped: 0, Time elapsed: 1.238 s - in org.apache.hadoop.hdds.scm.container.TestUnknownContainerReport
[INFO] Running org.apache.hadoop.hdds.scm.container.TestReplicationManager
[INFO] Tests run: 16, Failures: 0, Errors: 0, Skipped: 0, Time elapsed: 6.002 s - in org.apache.hadoop.hdds.scm.container.TestReplicationManager
[INFO] Running org.apache.hadoop.hdds.scm.container.TestContainerStateManager
[INFO] Tests run: 2, Failures: 0, Errors: 0, Skipped: 0, Time elapsed: 1.288 s - in org.apache.hadoop.hdds.scm.container.TestContainerStateManager
[INFO] Running org.apache.hadoop.hdds.scm.container.TestSCMContainerManager
[INFO] Tests run: 8, Failures: 0, Errors: 0, Skipped: 0, Time elapsed: 1.717 s - in org.apache.hadoop.hdds.scm.container.TestSCMContainerManager
[INFO] Running org.apache.hadoop.hdds.scm.container.TestCloseContainerEventHandler
[INFO] Tests run: 4, Failures: 0, Errors: 0, Skipped: 0, Time elapsed: 4.116 s - in org.apache.hadoop.hdds.scm.container.TestCloseContainerEventHandler
[INFO] Running org.apache.hadoop.hdds.scm.node.TestContainerPlacement
[WARNING] Tests run: 1, Failures: 0, Errors: 0, Skipped: 1, Time elapsed: 0.175 s - in org.apache.hadoop.hdds.scm.node.TestContainerPlacement
[INFO] Running org.apache.hadoop.hdds.scm.node.TestSCMNodeStorageStatMap
[INFO] Tests run: 5, Failures: 0, Errors: 0, Skipped: 0, Time elapsed: 0.895 s - in org.apache.hadoop.hdds.scm.node.TestSCMNodeStorageStatMap
[INFO] Running org.apache.hadoop.hdds.scm.node.TestNodeReportHandler
[INFO] Tests run: 1, Failures: 0, Errors: 0, Skipped: 0, Time elapsed: 1.44 s - in org.apache.hadoop.hdds.scm.node.TestNodeReportHandler
[INFO] Running org.apache.hadoop.hdds.scm.node.TestDeadNodeHandler
[INFO] Tests run: 1, Failures: 0, Errors: 0, Skipped: 0, Time elapsed: 4.408 s - in org.apache.hadoop.hdds.scm.node.TestDeadNodeHandler
[INFO] Running org.apache.hadoop.hdds.scm.node.TestStatisticsUpdate
[INFO] Tests run: 1, Failures: 0, Errors: 0, Skipped: 0, Time elapsed: 6.196 s - in org.apache.hadoop.hdds.scm.node.TestStatisticsUpdate
[INFO] Running org.apache.hadoop.hdds.scm.node.states.TestNode2ContainerMap
[INFO] Tests run: 9, Failures: 0, Errors: 0, Skipped: 0, Time elapsed: 1.706 s - in org.apache.hadoop.hdds.scm.node.states.TestNode2ContainerMap
[INFO] Running org.apache.hadoop.hdds.scm.node.TestSCMNodeManager
[WARNING] Tests run: 19, Failures: 0, Errors: 0, Skipped: 1, Time elapsed: 86.978 s - in org.apache.hadoop.hdds.scm.node.TestSCMNodeManager
[INFO] Running org.apache.hadoop.hdds.scm.server.TestSCMBlockProtocolServer
[INFO] Tests run: 1, Failures: 0, Errors: 0, Skipped: 0, Time elapsed: 4.359 s - in org.apache.hadoop.hdds.scm.server.TestSCMBlockProtocolServer
[INFO] Running org.apache.hadoop.hdds.scm.server.TestSCMContainerMetrics
[INFO] Tests run: 1, Failures: 0, Errors: 0, Skipped: 0, Time elapsed: 0.533 s - in org.apache.hadoop.hdds.scm.server.TestSCMContainerMetrics
[INFO] Running org.apache.hadoop.hdds.scm.server.TestStorageContainerManagerStarter
[INFO] Tests run: 10, Failures: 0, Errors: 0, Skipped: 0, Time elapsed: 1.384 s - in org.apache.hadoop.hdds.scm.server.TestStorageContainerManagerStarter
[INFO] Running org.apache.hadoop.hdds.scm.server.TestSCMDatanodeHeartbeatDispatcher
[INFO] Tests run: 3, Failures: 0, Errors: 0, Skipped: 0, Time elapsed: 0.59 s - in org.apache.hadoop.hdds.scm.server.TestSCMDatanodeHeartbeatDispatcher
[INFO] Running org.apache.hadoop.hdds.scm.server.TestSCMSecurityProtocolServer
[INFO] Tests run: 2, Failures: 0, Errors: 0, Skipped: 0, Time elapsed: 1.632 s - in org.apache.hadoop.hdds.scm.server.TestSCMSecurityProtocolServer
[INFO] Running org.apache.hadoop.hdds.scm.pipeline.TestRatisPipelineProvider
[INFO] Tests run: 6, Failures: 0, Errors: 0, Skipped: 0, Time elapsed: 1.436 s - in org.apache.hadoop.hdds.scm.pipeline.TestRatisPipelineProvider
[INFO] Running org.apache.hadoop.hdds.scm.pipeline.TestPipelineDatanodesIntersection
[INFO] Tests run: 6, Failures: 0, Errors: 0, Skipped: 0, Time elapsed: 2.099 s - in org.apache.hadoop.hdds.scm.pipeline.TestPipelineDatanodesIntersection
[INFO] Running org.apache.hadoop.hdds.scm.pipeline.TestSimplePipelineProvider
[INFO] Tests run: 2, Failures: 0, Errors: 0, Skipped: 0, Time elapsed: 1.031 s - in org.apache.hadoop.hdds.scm.pipeline.TestSimplePipelineProvider
[INFO] Running org.apache.hadoop.hdds.scm.pipeline.TestSCMPipelineManager
[INFO] Tests run: 9, Failures: 0, Errors: 0, Skipped: 0, Time elapsed: 2.871 s - in org.apache.hadoop.hdds.scm.pipeline.TestSCMPipelineManager
[INFO] Running org.apache.hadoop.hdds.scm.pipeline.TestPipelinePlacementPolicy
[INFO] Tests run: 9, Failures: 0, Errors: 0, Skipped: 0, Time elapsed: 1.418 s - in org.apache.hadoop.hdds.scm.pipeline.TestPipelinePlacementPolicy
[INFO] Running org.apache.hadoop.hdds.scm.pipeline.TestPipelineActionHandler
[INFO] Tests run: 1, Failures: 0, Errors: 0, Skipped: 0, Time elapsed: 0.674 s - in org.apache.hadoop.hdds.scm.pipeline.TestPipelineActionHandler
[INFO] Running org.apache.hadoop.hdds.scm.pipeline.TestPipelineStateManager
[INFO] Tests run: 11, Failures: 0, Errors: 0, Skipped: 0, Time elapsed: 0.759 s - in org.apache.hadoop.hdds.scm.pipeline.TestPipelineStateManager
[INFO] Running org.apache.hadoop.hdds.scm.TestHddsServerUtils
[INFO] Tests run: 11, Failures: 0, Errors: 0, Skipped: 0, Time elapsed: 1.286 s - in org.apache.hadoop.hdds.scm.TestHddsServerUtils
[INFO] Running org.apache.hadoop.hdds.scm.block.TestBlockManager
[INFO] Tests run: 9, Failures: 0, Errors: 0, Skipped: 0, Time elapsed: 4.821 s - in org.apache.hadoop.hdds.scm.block.TestBlockManager
[INFO] Running org.apache.hadoop.hdds.scm.block.TestDeletedBlockLog
[INFO] Tests run: 5, Failures: 0, Errors: 0, Skipped: 0, Time elapsed: 16.803 s - in org.apache.hadoop.hdds.scm.block.TestDeletedBlockLog
[INFO] Running org.apache.hadoop.hdds.scm.command.TestCommandStatusReportHandler
[INFO] Tests run: 1, Failures: 0, Errors: 0, Skipped: 0, Time elapsed: 0.524 s - in org.apache.hadoop.hdds.scm.command.TestCommandStatusReportHandler
[INFO] Running org.apache.hadoop.hdds.scm.safemode.TestHealthyPipelineSafeModeRule
[INFO] Tests run: 3, Failures: 0, Errors: 0, Skipped: 0, Time elapsed: 4.841 s - in org.apache.hadoop.hdds.scm.safemode.TestHealthyPipelineSafeModeRule
[INFO] Running org.apache.hadoop.hdds.scm.safemode.TestSCMSafeModeManager
[INFO] Tests run: 17, Failures: 0, Errors: 0, Skipped: 0, Time elapsed: 28.866 s - in org.apache.hadoop.hdds.scm.safemode.TestSCMSafeModeManager
[INFO] Running org.apache.hadoop.hdds.scm.safemode.TestOneReplicaPipelineSafeModeRule
[INFO] Tests run: 2, Failures: 0, Errors: 0, Skipped: 0, Time elapsed: 3.76 s - in org.apache.hadoop.hdds.scm.safemode.TestOneReplicaPipelineSafeModeRule
[INFO] Running org.apache.hadoop.hdds.scm.TestHddsServerUtil
[INFO] Tests run: 4, Failures: 0, Errors: 0, Skipped: 0, Time elapsed: 0.889 s - in org.apache.hadoop.hdds.scm.TestHddsServerUtil
[INFO] Running org.apache.hadoop.hdds.scm.TestStorageContainerManagerHttpServer
[INFO] Tests run: 3, Failures: 0, Errors: 0, Skipped: 0, Time elapsed: 3.807 s - in org.apache.hadoop.hdds.scm.TestStorageContainerManagerHttpServer
[INFO] Running org.apache.hadoop.ozone.container.placement.TestContainerPlacement
[INFO] Tests run: 1, Failures: 0, Errors: 0, Skipped: 0, Time elapsed: 4.443 s - in org.apache.hadoop.ozone.container.placement.TestContainerPlacement
[INFO] Running org.apache.hadoop.ozone.container.placement.TestDatanodeMetrics
[INFO] Tests run: 1, Failures: 0, Errors: 0, Skipped: 0, Time elapsed: 0.094 s - in org.apache.hadoop.ozone.container.placement.TestDatanodeMetrics
[INFO] Running org.apache.hadoop.ozone.container.common.TestEndPoint
[INFO] Tests run: 15, Failures: 0, Errors: 0, Skipped: 0, Time elapsed: 7.507 s - in org.apache.hadoop.ozone.container.common.TestEndPoint
[INFO] Running org.apache.hadoop.ozone.scm.node.TestSCMNodeMetrics
[INFO] Tests run: 5, Failures: 0, Errors: 0, Skipped: 0, Time elapsed: 4.223 s - in org.apache.hadoop.ozone.scm.node.TestSCMNodeMetrics
[INFO] 
[INFO] Results:
[INFO] 
[WARNING] Tests run: 347, Failures: 0, Errors: 0, Skipped: 54
[INFO] 
[INFO] 
[INFO] ----------------< org.apache.hadoop:hadoop-hdds-tools >-----------------
[INFO] Building Apache Hadoop HDDS Tools 0.6.0-SNAPSHOT                 [14/30]
[INFO] --------------------------------[ jar ]---------------------------------
[INFO] Downloading from apache.snapshots.https: https://repository.apache.org/content/repositories/snapshots/org/apache/ratis/ratis-tools/0.6.0-cac3336-SNAPSHOT/maven-metadata.xml
[INFO] Downloaded from apache.snapshots.https: https://repository.apache.org/content/repositories/snapshots/org/apache/ratis/ratis-tools/0.6.0-cac3336-SNAPSHOT/maven-metadata.xml (1.0 kB at 5.1 kB/s)
[INFO] 
[INFO] --- maven-antrun-plugin:1.3:run (create-testdirs) @ hadoop-hdds-tools ---
[INFO] Executing tasks
[INFO] Executed tasks
[INFO] 
[INFO] --- jacoco-maven-plugin:0.8.3:prepare-agent (default-prepare-agent) @ hadoop-hdds-tools ---
[INFO] argLine set to -javaagent:/home/user/.m2/repository/org/jacoco/org.jacoco.agent/0.8.3/org.jacoco.agent-0.8.3-runtime.jar=destfile=/github/workspace/hadoop-hdds/tools/target/jacoco.exec
[INFO] 
[INFO] --- maven-remote-resources-plugin:1.5:process (default) @ hadoop-hdds-tools ---
[INFO] Downloading from apache.snapshots: https://repository.apache.org/snapshots/org/apache/ratis/ratis-server/0.6.0-cac3336-SNAPSHOT/maven-metadata.xml
[INFO] Downloaded from apache.snapshots: https://repository.apache.org/snapshots/org/apache/ratis/ratis-server/0.6.0-cac3336-SNAPSHOT/maven-metadata.xml (1.0 kB at 10 kB/s)
[INFO] 
[INFO] --- maven-resources-plugin:3.1.0:resources (default-resources) @ hadoop-hdds-tools ---
[INFO] Using 'UTF-8' encoding to copy filtered resources.
[INFO] skip non existing resourceDirectory /github/workspace/hadoop-hdds/tools/src/main/resources
[INFO] Copying 2 resources
[INFO] 
[INFO] --- maven-compiler-plugin:3.1:compile (default-compile) @ hadoop-hdds-tools ---
[INFO] Compiling 29 source files to /github/workspace/hadoop-hdds/tools/target/classes
[INFO] 
[INFO] --- maven-resources-plugin:3.1.0:testResources (default-testResources) @ hadoop-hdds-tools ---
[INFO] Using 'UTF-8' encoding to copy filtered resources.
[INFO] skip non existing resourceDirectory /github/workspace/hadoop-hdds/tools/src/test/resources
[INFO] Copying 2 resources
[INFO] 
[INFO] --- maven-compiler-plugin:3.1:testCompile (default-testCompile) @ hadoop-hdds-tools ---
[INFO] No sources to compile
[INFO] 
[INFO] --- maven-surefire-plugin:3.0.0-M1:test (default-test) @ hadoop-hdds-tools ---
[INFO] 
[INFO] -------------------< org.apache.hadoop:hadoop-ozone >-------------------
[INFO] Building Apache Hadoop Ozone 0.6.0-SNAPSHOT                      [15/30]
[INFO] --------------------------------[ pom ]---------------------------------
[INFO] 
[INFO] --- maven-antrun-plugin:1.3:run (create-testdirs) @ hadoop-ozone ---
[INFO] Executing tasks
[INFO] Executed tasks
[INFO] 
[INFO] --- jacoco-maven-plugin:0.8.3:prepare-agent (default-prepare-agent) @ hadoop-ozone ---
[INFO] argLine set to -javaagent:/home/user/.m2/repository/org/jacoco/org.jacoco.agent/0.8.3/org.jacoco.agent-0.8.3-runtime.jar=destfile=/github/workspace/hadoop-ozone/target/jacoco.exec
[INFO] 
[INFO] --- maven-remote-resources-plugin:1.5:process (default) @ hadoop-ozone ---
[INFO] 
[INFO] ---------------< org.apache.hadoop:hadoop-ozone-common >----------------
[INFO] Building Apache Hadoop Ozone Common 0.6.0-SNAPSHOT               [16/30]
[INFO] --------------------------------[ jar ]---------------------------------
[INFO] 
[INFO] --- maven-antrun-plugin:1.3:run (create-testdirs) @ hadoop-ozone-common ---
[INFO] Executing tasks
[INFO] Executed tasks
[INFO] 
[INFO] --- jacoco-maven-plugin:0.8.3:prepare-agent (default-prepare-agent) @ hadoop-ozone-common ---
[INFO] argLine set to -javaagent:/home/user/.m2/repository/org/jacoco/org.jacoco.agent/0.8.3/org.jacoco.agent-0.8.3-runtime.jar=destfile=/github/workspace/hadoop-ozone/common/target/jacoco.exec
[INFO] 
[INFO] --- hadoop-maven-plugins:3.2.1:protoc (compile-protoc) @ hadoop-ozone-common ---
[INFO] Wrote protoc checksums to file /github/workspace/hadoop-ozone/common/target/hadoop-maven-plugins-protoc-checksums.json
[INFO] 
[INFO] --- maven-remote-resources-plugin:1.5:process (default) @ hadoop-ozone-common ---
[INFO] 
[INFO] --- hadoop-maven-plugins:3.2.1:version-info (version-info) @ hadoop-ozone-common ---
[INFO] SCM: GIT
[INFO] Computed MD5: 8d733ac94f8cccded1981f4c8b622d1b
[INFO] 
[INFO] --- maven-resources-plugin:3.1.0:resources (default-resources) @ hadoop-ozone-common ---
[INFO] Using 'UTF-8' encoding to copy filtered resources.
[INFO] Copying 0 resource
[INFO] Copying 1 resource
[INFO] Copying 2 resources
[INFO] 
[INFO] --- maven-compiler-plugin:3.1:compile (default-compile) @ hadoop-ozone-common ---
[INFO] Compiling 95 source files to /github/workspace/hadoop-ozone/common/target/classes
[WARNING] /github/workspace/hadoop-ozone/common/src/main/java/org/apache/hadoop/ozone/security/OzoneDelegationTokenSelector.java: Some input files use unchecked or unsafe operations.
[WARNING] /github/workspace/hadoop-ozone/common/src/main/java/org/apache/hadoop/ozone/security/OzoneDelegationTokenSelector.java: Recompile with -Xlint:unchecked for details.
[INFO] 
[INFO] --- maven-resources-plugin:3.1.0:testResources (default-testResources) @ hadoop-ozone-common ---
[INFO] Using 'UTF-8' encoding to copy filtered resources.
[INFO] skip non existing resourceDirectory /github/workspace/hadoop-ozone/common/src/test/resources
[INFO] Copying 2 resources
[INFO] 
[INFO] --- maven-compiler-plugin:3.1:testCompile (default-testCompile) @ hadoop-ozone-common ---
[INFO] Compiling 19 source files to /github/workspace/hadoop-ozone/common/target/test-classes
[WARNING] /github/workspace/hadoop-ozone/common/src/test/java/org/apache/hadoop/ozone/om/lock/TestOzoneManagerLock.java: /github/workspace/hadoop-ozone/common/src/test/java/org/apache/hadoop/ozone/om/lock/TestOzoneManagerLock.java uses or overrides a deprecated API.
[WARNING] /github/workspace/hadoop-ozone/common/src/test/java/org/apache/hadoop/ozone/om/lock/TestOzoneManagerLock.java: Recompile with -Xlint:deprecation for details.
[WARNING] /github/workspace/hadoop-ozone/common/src/test/java/org/apache/hadoop/ozone/om/helpers/TestOmKeyInfo.java: /github/workspace/hadoop-ozone/common/src/test/java/org/apache/hadoop/ozone/om/helpers/TestOmKeyInfo.java uses unchecked or unsafe operations.
[WARNING] /github/workspace/hadoop-ozone/common/src/test/java/org/apache/hadoop/ozone/om/helpers/TestOmKeyInfo.java: Recompile with -Xlint:unchecked for details.
[INFO] 
[INFO] --- maven-surefire-plugin:3.0.0-M1:test (default-test) @ hadoop-ozone-common ---
[INFO] 
[INFO] -------------------------------------------------------
[INFO]  T E S T S
[INFO] -------------------------------------------------------
[INFO] Running org.apache.hadoop.ozone.util.TestRadixTree
[INFO] Tests run: 4, Failures: 0, Errors: 0, Skipped: 0, Time elapsed: 0.15 s - in org.apache.hadoop.ozone.util.TestRadixTree
[INFO] Running org.apache.hadoop.ozone.om.helpers.TestOmPrefixInfo
[INFO] Tests run: 1, Failures: 0, Errors: 0, Skipped: 0, Time elapsed: 0.15 s - in org.apache.hadoop.ozone.om.helpers.TestOmPrefixInfo
[INFO] Running org.apache.hadoop.ozone.om.helpers.TestOmBucketInfo
[INFO] Tests run: 2, Failures: 0, Errors: 0, Skipped: 0, Time elapsed: 0.268 s - in org.apache.hadoop.ozone.om.helpers.TestOmBucketInfo
[INFO] Running org.apache.hadoop.ozone.om.helpers.TestOmVolumeArgs
[INFO] Tests run: 1, Failures: 0, Errors: 0, Skipped: 0, Time elapsed: 0.871 s - in org.apache.hadoop.ozone.om.helpers.TestOmVolumeArgs
[INFO] Running org.apache.hadoop.ozone.om.helpers.TestOmMultipartUpload
[INFO] Tests run: 1, Failures: 0, Errors: 0, Skipped: 0, Time elapsed: 0.075 s - in org.apache.hadoop.ozone.om.helpers.TestOmMultipartUpload
[INFO] Running org.apache.hadoop.ozone.om.helpers.TestOmKeyInfo
[INFO] Tests run: 2, Failures: 0, Errors: 0, Skipped: 0, Time elapsed: 0.34 s - in org.apache.hadoop.ozone.om.helpers.TestOmKeyInfo
[INFO] Running org.apache.hadoop.ozone.om.helpers.TestOzoneAclUtil
[INFO] Tests run: 2, Failures: 0, Errors: 0, Skipped: 0, Time elapsed: 0.976 s - in org.apache.hadoop.ozone.om.helpers.TestOzoneAclUtil
[INFO] Running org.apache.hadoop.ozone.om.helpers.TestOmMultipartKeyInfo
[INFO] Tests run: 1, Failures: 0, Errors: 0, Skipped: 0, Time elapsed: 0.275 s - in org.apache.hadoop.ozone.om.helpers.TestOmMultipartKeyInfo
[INFO] Running org.apache.hadoop.ozone.om.lock.TestOzoneManagerLock
[INFO] Tests run: 12, Failures: 0, Errors: 0, Skipped: 0, Time elapsed: 2.73 s - in org.apache.hadoop.ozone.om.lock.TestOzoneManagerLock
[INFO] Running org.apache.hadoop.ozone.om.exceptions.TestResultCodes
[INFO] Tests run: 1, Failures: 0, Errors: 0, Skipped: 0, Time elapsed: 0.121 s - in org.apache.hadoop.ozone.om.exceptions.TestResultCodes
[INFO] Running org.apache.hadoop.ozone.om.ha.TestOMFailoverProxyProvider
[INFO] Tests run: 6, Failures: 0, Errors: 0, Skipped: 0, Time elapsed: 1.073 s - in org.apache.hadoop.ozone.om.ha.TestOMFailoverProxyProvider
[INFO] Running org.apache.hadoop.ozone.security.TestGDPRSymmetricKey
[INFO] Tests run: 3, Failures: 0, Errors: 0, Skipped: 0, Time elapsed: 0.196 s - in org.apache.hadoop.ozone.security.TestGDPRSymmetricKey
[INFO] Running org.apache.hadoop.ozone.security.TestOzoneDelegationTokenSelector
[INFO] Tests run: 1, Failures: 0, Errors: 0, Skipped: 0, Time elapsed: 0.333 s - in org.apache.hadoop.ozone.security.TestOzoneDelegationTokenSelector
[INFO] Running org.apache.hadoop.ozone.security.acl.TestOzoneObjInfo
[INFO] Tests run: 4, Failures: 0, Errors: 0, Skipped: 0, Time elapsed: 0.157 s - in org.apache.hadoop.ozone.security.acl.TestOzoneObjInfo
[INFO] Running org.apache.hadoop.ozone.TestOmUtils
[INFO] Tests run: 4, Failures: 0, Errors: 0, Skipped: 0, Time elapsed: 0.864 s - in org.apache.hadoop.ozone.TestOmUtils
[INFO] Running org.apache.hadoop.ozone.TestOzoneAcls
[INFO] Tests run: 3, Failures: 0, Errors: 0, Skipped: 0, Time elapsed: 0.184 s - in org.apache.hadoop.ozone.TestOzoneAcls
[INFO] 
[INFO] Results:
[INFO] 
[INFO] Tests run: 48, Failures: 0, Errors: 0, Skipped: 0
[INFO] 
[INFO] 
[INFO] ---------------< org.apache.hadoop:hadoop-ozone-client >----------------
[INFO] Building Apache Hadoop Ozone Client 0.6.0-SNAPSHOT               [17/30]
[INFO] --------------------------------[ jar ]---------------------------------
[INFO] 
[INFO] --- maven-antrun-plugin:1.3:run (create-testdirs) @ hadoop-ozone-client ---
[INFO] Executing tasks
[INFO] Executed tasks
[INFO] 
[INFO] --- jacoco-maven-plugin:0.8.3:prepare-agent (default-prepare-agent) @ hadoop-ozone-client ---
[INFO] argLine set to -javaagent:/home/user/.m2/repository/org/jacoco/org.jacoco.agent/0.8.3/org.jacoco.agent-0.8.3-runtime.jar=destfile=/github/workspace/hadoop-ozone/client/target/jacoco.exec
[INFO] 
[INFO] --- maven-remote-resources-plugin:1.5:process (default) @ hadoop-ozone-client ---
[INFO] 
[INFO] --- maven-resources-plugin:3.1.0:resources (default-resources) @ hadoop-ozone-client ---
[INFO] Using 'UTF-8' encoding to copy filtered resources.
[INFO] skip non existing resourceDirectory /github/workspace/hadoop-ozone/client/src/main/resources
[INFO] Copying 2 resources
[INFO] 
[INFO] --- maven-compiler-plugin:3.1:compile (default-compile) @ hadoop-ozone-client ---
[INFO] Compiling 29 source files to /github/workspace/hadoop-ozone/client/target/classes
[WARNING] /github/workspace/hadoop-ozone/client/src/main/java/org/apache/hadoop/ozone/client/OzoneClientFactory.java: /github/workspace/hadoop-ozone/client/src/main/java/org/apache/hadoop/ozone/client/OzoneClientFactory.java uses or overrides a deprecated API.
[WARNING] /github/workspace/hadoop-ozone/client/src/main/java/org/apache/hadoop/ozone/client/OzoneClientFactory.java: Recompile with -Xlint:deprecation for details.
[WARNING] /github/workspace/hadoop-ozone/client/src/main/java/org/apache/hadoop/ozone/client/rpc/RpcClient.java: /github/workspace/hadoop-ozone/client/src/main/java/org/apache/hadoop/ozone/client/rpc/RpcClient.java uses unchecked or unsafe operations.
[WARNING] /github/workspace/hadoop-ozone/client/src/main/java/org/apache/hadoop/ozone/client/rpc/RpcClient.java: Recompile with -Xlint:unchecked for details.
[INFO] 
[INFO] --- maven-resources-plugin:3.1.0:testResources (default-testResources) @ hadoop-ozone-client ---
[INFO] Using 'UTF-8' encoding to copy filtered resources.
[INFO] skip non existing resourceDirectory /github/workspace/hadoop-ozone/client/src/test/resources
[INFO] Copying 2 resources
[INFO] 
[INFO] --- maven-compiler-plugin:3.1:testCompile (default-testCompile) @ hadoop-ozone-client ---
[INFO] Compiling 3 source files to /github/workspace/hadoop-ozone/client/target/test-classes
[INFO] 
[INFO] --- maven-surefire-plugin:3.0.0-M1:test (default-test) @ hadoop-ozone-client ---
[INFO] 
[INFO] -------------------------------------------------------
[INFO]  T E S T S
[INFO] -------------------------------------------------------
[INFO] Running org.apache.hadoop.ozone.client.rpc.TestOzoneKMSUtil
[INFO] Tests run: 1, Failures: 0, Errors: 0, Skipped: 0, Time elapsed: 0.669 s - in org.apache.hadoop.ozone.client.rpc.TestOzoneKMSUtil
[INFO] Running org.apache.hadoop.ozone.client.TestHddsClientUtils
[INFO] Tests run: 12, Failures: 0, Errors: 0, Skipped: 0, Time elapsed: 1.073 s - in org.apache.hadoop.ozone.client.TestHddsClientUtils
[INFO] 
[INFO] Results:
[INFO] 
[INFO] Tests run: 13, Failures: 0, Errors: 0, Skipped: 0
[INFO] 
[INFO] 
[INFO] ------------< org.apache.hadoop:hadoop-ozone-ozone-manager >------------
[INFO] Building Apache Hadoop Ozone Manager Server 0.6.0-SNAPSHOT       [18/30]
[INFO] --------------------------------[ jar ]---------------------------------
[INFO] 
[INFO] --- maven-antrun-plugin:1.3:run (create-testdirs) @ hadoop-ozone-ozone-manager ---
[INFO] Executing tasks
[INFO] Executed tasks
[INFO] 
[INFO] --- jacoco-maven-plugin:0.8.3:prepare-agent (default-prepare-agent) @ hadoop-ozone-ozone-manager ---
[INFO] argLine set to -javaagent:/home/user/.m2/repository/org/jacoco/org.jacoco.agent/0.8.3/org.jacoco.agent-0.8.3-runtime.jar=destfile=/github/workspace/hadoop-ozone/ozone-manager/target/jacoco.exec
[INFO] 
[INFO] --- maven-remote-resources-plugin:1.5:process (default) @ hadoop-ozone-ozone-manager ---
[INFO] 
[INFO] --- maven-resources-plugin:3.1.0:resources (default-resources) @ hadoop-ozone-ozone-manager ---
[INFO] Using 'UTF-8' encoding to copy filtered resources.
[INFO] Copying 5 resources
[INFO] Copying 2 resources
[INFO] 
[INFO] --- maven-compiler-plugin:3.1:compile (default-compile) @ hadoop-ozone-ozone-manager ---
[INFO] Compiling 170 source files to /github/workspace/hadoop-ozone/ozone-manager/target/classes
[WARNING] /github/workspace/hadoop-ozone/ozone-manager/src/main/java/org/apache/hadoop/ozone/om/PrefixManagerImpl.java: Some input files use or override a deprecated API.
[WARNING] /github/workspace/hadoop-ozone/ozone-manager/src/main/java/org/apache/hadoop/ozone/om/PrefixManagerImpl.java: Recompile with -Xlint:deprecation for details.
[WARNING] /github/workspace/hadoop-ozone/ozone-manager/src/main/java/org/apache/hadoop/ozone/security/OzoneSecretStore.java: Some input files use unchecked or unsafe operations.
[WARNING] /github/workspace/hadoop-ozone/ozone-manager/src/main/java/org/apache/hadoop/ozone/security/OzoneSecretStore.java: Recompile with -Xlint:unchecked for details.
[INFO] 
[INFO] --- maven-resources-plugin:3.1.0:testResources (default-testResources) @ hadoop-ozone-ozone-manager ---
[INFO] Using 'UTF-8' encoding to copy filtered resources.
[INFO] Copying 6 resources
[INFO] Copying 1 resource
[INFO] Copying 2 resources
[INFO] 
[INFO] --- maven-compiler-plugin:3.1:testCompile (default-testCompile) @ hadoop-ozone-ozone-manager ---
[INFO] Compiling 94 source files to /github/workspace/hadoop-ozone/ozone-manager/target/test-classes
[WARNING] /github/workspace/hadoop-ozone/ozone-manager/src/test/java/org/apache/hadoop/ozone/om/TestBucketManagerImpl.java: Some input files use or override a deprecated API.
[WARNING] /github/workspace/hadoop-ozone/ozone-manager/src/test/java/org/apache/hadoop/ozone/om/TestBucketManagerImpl.java: Recompile with -Xlint:deprecation for details.
[WARNING] /github/workspace/hadoop-ozone/ozone-manager/src/test/java/org/apache/hadoop/ozone/om/request/security/TestOMGetDelegationTokenRequest.java: /github/workspace/hadoop-ozone/ozone-manager/src/test/java/org/apache/hadoop/ozone/om/request/security/TestOMGetDelegationTokenRequest.java uses unchecked or unsafe operations.
[WARNING] /github/workspace/hadoop-ozone/ozone-manager/src/test/java/org/apache/hadoop/ozone/om/request/security/TestOMGetDelegationTokenRequest.java: Recompile with -Xlint:unchecked for details.
[INFO] 
[INFO] --- maven-surefire-plugin:3.0.0-M1:test (default-test) @ hadoop-ozone-ozone-manager ---
[INFO] 
[INFO] -------------------------------------------------------
[INFO]  T E S T S
[INFO] -------------------------------------------------------
[INFO] Running org.apache.hadoop.ozone.om.TestChunkStreams
[INFO] Tests run: 2, Failures: 0, Errors: 0, Skipped: 0, Time elapsed: 0.28 s - in org.apache.hadoop.ozone.om.TestChunkStreams
[INFO] Running org.apache.hadoop.ozone.om.TestKeyManagerUnit
[INFO] Tests run: 5, Failures: 0, Errors: 0, Skipped: 0, Time elapsed: 4.903 s - in org.apache.hadoop.ozone.om.TestKeyManagerUnit
[INFO] Running org.apache.hadoop.ozone.om.TestTrashService
[INFO] Tests run: 1, Failures: 0, Errors: 0, Skipped: 0, Time elapsed: 1.609 s - in org.apache.hadoop.ozone.om.TestTrashService
[INFO] Running org.apache.hadoop.ozone.om.TestOmMetadataManager
[INFO] Tests run: 5, Failures: 0, Errors: 0, Skipped: 0, Time elapsed: 2.207 s - in org.apache.hadoop.ozone.om.TestOmMetadataManager
[INFO] Running org.apache.hadoop.ozone.om.TestOMStorage
[INFO] Tests run: 3, Failures: 0, Errors: 0, Skipped: 0, Time elapsed: 0.766 s - in org.apache.hadoop.ozone.om.TestOMStorage
[INFO] Running org.apache.hadoop.ozone.om.TestKeyDeletingService
[INFO] Tests run: 3, Failures: 0, Errors: 0, Skipped: 0, Time elapsed: 4.864 s - in org.apache.hadoop.ozone.om.TestKeyDeletingService
[INFO] Running org.apache.hadoop.ozone.om.TestBucketManagerImpl
[WARNING] Tests run: 1, Failures: 0, Errors: 0, Skipped: 1, Time elapsed: 0.055 s - in org.apache.hadoop.ozone.om.TestBucketManagerImpl
[INFO] Running org.apache.hadoop.ozone.om.codec.TestS3SecretValueCodec
[INFO] Tests run: 4, Failures: 0, Errors: 0, Skipped: 0, Time elapsed: 0.254 s - in org.apache.hadoop.ozone.om.codec.TestS3SecretValueCodec
[INFO] Running org.apache.hadoop.ozone.om.codec.TestOmMultipartKeyInfoCodec
[INFO] Tests run: 1, Failures: 0, Errors: 0, Skipped: 0, Time elapsed: 0.279 s - in org.apache.hadoop.ozone.om.codec.TestOmMultipartKeyInfoCodec
[INFO] Running org.apache.hadoop.ozone.om.codec.TestOmPrefixInfoCodec
[INFO] Tests run: 4, Failures: 0, Errors: 0, Skipped: 0, Time elapsed: 0.233 s - in org.apache.hadoop.ozone.om.codec.TestOmPrefixInfoCodec
[INFO] Running org.apache.hadoop.ozone.om.request.key.TestOMAllocateBlockRequest
[INFO] Tests run: 5, Failures: 0, Errors: 0, Skipped: 0, Time elapsed: 7.041 s - in org.apache.hadoop.ozone.om.request.key.TestOMAllocateBlockRequest
[INFO] Running org.apache.hadoop.ozone.om.request.key.TestOMKeyCommitRequest
[INFO] Tests run: 7, Failures: 0, Errors: 0, Skipped: 0, Time elapsed: 6.866 s - in org.apache.hadoop.ozone.om.request.key.TestOMKeyCommitRequest
[INFO] Running org.apache.hadoop.ozone.om.request.key.TestOMKeyPurgeRequestAndResponse
[INFO] Tests run: 3, Failures: 0, Errors: 0, Skipped: 0, Time elapsed: 6.769 s - in org.apache.hadoop.ozone.om.request.key.TestOMKeyPurgeRequestAndResponse
[INFO] Running org.apache.hadoop.ozone.om.request.key.TestOMPrefixAclRequest
[INFO] Tests run: 1, Failures: 0, Errors: 0, Skipped: 0, Time elapsed: 6.324 s - in org.apache.hadoop.ozone.om.request.key.TestOMPrefixAclRequest
[INFO] Running org.apache.hadoop.ozone.om.request.key.TestOMKeyRenameRequest
[INFO] Tests run: 9, Failures: 0, Errors: 0, Skipped: 0, Time elapsed: 7.254 s - in org.apache.hadoop.ozone.om.request.key.TestOMKeyRenameRequest
[INFO] Running org.apache.hadoop.ozone.om.request.key.TestOMKeyCreateRequest
[INFO] Tests run: 7, Failures: 0, Errors: 0, Skipped: 0, Time elapsed: 6.736 s - in org.apache.hadoop.ozone.om.request.key.TestOMKeyCreateRequest
[INFO] Running org.apache.hadoop.ozone.om.request.key.TestOMKeyAclRequest
[INFO] Tests run: 1, Failures: 0, Errors: 0, Skipped: 0, Time elapsed: 6.424 s - in org.apache.hadoop.ozone.om.request.key.TestOMKeyAclRequest
[INFO] Running org.apache.hadoop.ozone.om.request.key.TestOMKeyDeleteRequest
[INFO] Tests run: 6, Failures: 0, Errors: 0, Skipped: 0, Time elapsed: 6.767 s - in org.apache.hadoop.ozone.om.request.key.TestOMKeyDeleteRequest
[INFO] Running org.apache.hadoop.ozone.om.request.s3.multipart.TestS3MultipartUploadCommitPartRequest
[INFO] Tests run: 5, Failures: 0, Errors: 0, Skipped: 0, Time elapsed: 5.975 s - in org.apache.hadoop.ozone.om.request.s3.multipart.TestS3MultipartUploadCommitPartRequest
[INFO] Running org.apache.hadoop.ozone.om.request.s3.multipart.TestS3MultipartUploadAbortRequest
[INFO] Tests run: 5, Failures: 0, Errors: 0, Skipped: 0, Time elapsed: 6.031 s - in org.apache.hadoop.ozone.om.request.s3.multipart.TestS3MultipartUploadAbortRequest
[INFO] Running org.apache.hadoop.ozone.om.request.s3.multipart.TestS3InitiateMultipartUploadRequest
[INFO] Tests run: 4, Failures: 0, Errors: 0, Skipped: 0, Time elapsed: 6.333 s - in org.apache.hadoop.ozone.om.request.s3.multipart.TestS3InitiateMultipartUploadRequest
[INFO] Running org.apache.hadoop.ozone.om.request.s3.multipart.TestS3MultipartUploadCompleteRequest
[INFO] Tests run: 5, Failures: 0, Errors: 0, Skipped: 0, Time elapsed: 5.978 s - in org.apache.hadoop.ozone.om.request.s3.multipart.TestS3MultipartUploadCompleteRequest
[INFO] Running org.apache.hadoop.ozone.om.request.TestOMClientRequestWithUserInfo
[INFO] Tests run: 1, Failures: 0, Errors: 0, Skipped: 0, Time elapsed: 5.495 s - in org.apache.hadoop.ozone.om.request.TestOMClientRequestWithUserInfo
[INFO] Running org.apache.hadoop.ozone.om.request.security.TestOMGetDelegationTokenRequest
[INFO] Tests run: 5, Failures: 0, Errors: 0, Skipped: 0, Time elapsed: 6.043 s - in org.apache.hadoop.ozone.om.request.security.TestOMGetDelegationTokenRequest
[INFO] Running org.apache.hadoop.ozone.om.request.volume.TestOMVolumeCreateRequest
[INFO] Tests run: 5, Failures: 0, Errors: 0, Skipped: 0, Time elapsed: 6.059 s - in org.apache.hadoop.ozone.om.request.volume.TestOMVolumeCreateRequest
[INFO] Running org.apache.hadoop.ozone.om.request.volume.TestOMVolumeDeleteRequest
[INFO] Tests run: 5, Failures: 0, Errors: 0, Skipped: 0, Time elapsed: 6.357 s - in org.apache.hadoop.ozone.om.request.volume.TestOMVolumeDeleteRequest
[INFO] Running org.apache.hadoop.ozone.om.request.volume.TestOMVolumeSetQuotaRequest
[INFO] Tests run: 5, Failures: 0, Errors: 0, Skipped: 0, Time elapsed: 5.46 s - in org.apache.hadoop.ozone.om.request.volume.TestOMVolumeSetQuotaRequest
[INFO] Running org.apache.hadoop.ozone.om.request.volume.TestOMVolumeSetOwnerRequest
[INFO] Tests run: 6, Failures: 0, Errors: 0, Skipped: 0, Time elapsed: 6.289 s - in org.apache.hadoop.ozone.om.request.volume.TestOMVolumeSetOwnerRequest
[INFO] Running org.apache.hadoop.ozone.om.request.volume.acl.TestOMVolumeSetAclRequest
[INFO] Tests run: 4, Failures: 0, Errors: 0, Skipped: 0, Time elapsed: 5.832 s - in org.apache.hadoop.ozone.om.request.volume.acl.TestOMVolumeSetAclRequest
[INFO] Running org.apache.hadoop.ozone.om.request.volume.acl.TestOMVolumeAddAclRequest
[INFO] Tests run: 4, Failures: 0, Errors: 0, Skipped: 0, Time elapsed: 5.651 s - in org.apache.hadoop.ozone.om.request.volume.acl.TestOMVolumeAddAclRequest
[INFO] Running org.apache.hadoop.ozone.om.request.volume.acl.TestOMVolumeRemoveAclRequest
[INFO] Tests run: 4, Failures: 0, Errors: 0, Skipped: 0, Time elapsed: 5.633 s - in org.apache.hadoop.ozone.om.request.volume.acl.TestOMVolumeRemoveAclRequest
[INFO] Running org.apache.hadoop.ozone.om.request.file.TestOMDirectoryCreateRequest
[INFO] Tests run: 8, Failures: 0, Errors: 0, Skipped: 0, Time elapsed: 6.088 s - in org.apache.hadoop.ozone.om.request.file.TestOMDirectoryCreateRequest
[INFO] Running org.apache.hadoop.ozone.om.request.file.TestOMFileCreateRequest
[INFO] Tests run: 10, Failures: 0, Errors: 0, Skipped: 0, Time elapsed: 7.261 s - in org.apache.hadoop.ozone.om.request.file.TestOMFileCreateRequest
[INFO] Running org.apache.hadoop.ozone.om.request.bucket.TestOMBucketDeleteRequest
[INFO] Tests run: 4, Failures: 0, Errors: 0, Skipped: 0, Time elapsed: 6.111 s - in org.apache.hadoop.ozone.om.request.bucket.TestOMBucketDeleteRequest
[INFO] Running org.apache.hadoop.ozone.om.request.bucket.TestOMBucketCreateRequest
[INFO] Tests run: 5, Failures: 0, Errors: 0, Skipped: 0, Time elapsed: 5.987 s - in org.apache.hadoop.ozone.om.request.bucket.TestOMBucketCreateRequest
[INFO] Running org.apache.hadoop.ozone.om.request.bucket.TestOMBucketSetPropertyRequest
[INFO] Tests run: 4, Failures: 0, Errors: 0, Skipped: 0, Time elapsed: 5.923 s - in org.apache.hadoop.ozone.om.request.bucket.TestOMBucketSetPropertyRequest
[INFO] Running org.apache.hadoop.ozone.om.TestOzoneManagerStarter
[INFO] Tests run: 8, Failures: 0, Errors: 0, Skipped: 0, Time elapsed: 1.495 s - in org.apache.hadoop.ozone.om.TestOzoneManagerStarter
[INFO] Running org.apache.hadoop.ozone.om.response.key.TestOMKeyRenameResponse
[INFO] Tests run: 3, Failures: 0, Errors: 0, Skipped: 0, Time elapsed: 2.58 s - in org.apache.hadoop.ozone.om.response.key.TestOMKeyRenameResponse
[INFO] Running org.apache.hadoop.ozone.om.response.key.TestOMKeyCommitResponse
[INFO] Tests run: 2, Failures: 0, Errors: 0, Skipped: 0, Time elapsed: 2.313 s - in org.apache.hadoop.ozone.om.response.key.TestOMKeyCommitResponse
[INFO] Running org.apache.hadoop.ozone.om.response.key.TestOMKeyCreateResponse
[INFO] Tests run: 2, Failures: 0, Errors: 0, Skipped: 0, Time elapsed: 2.42 s - in org.apache.hadoop.ozone.om.response.key.TestOMKeyCreateResponse
[INFO] Running org.apache.hadoop.ozone.om.response.key.TestOMAllocateBlockResponse
[INFO] Tests run: 2, Failures: 0, Errors: 0, Skipped: 0, Time elapsed: 2.444 s - in org.apache.hadoop.ozone.om.response.key.TestOMAllocateBlockResponse
[INFO] Running org.apache.hadoop.ozone.om.response.key.TestOMKeyDeleteResponse
[INFO] Tests run: 3, Failures: 0, Errors: 0, Skipped: 0, Time elapsed: 2.569 s - in org.apache.hadoop.ozone.om.response.key.TestOMKeyDeleteResponse
[INFO] Running org.apache.hadoop.ozone.om.response.s3.multipart.TestS3InitiateMultipartUploadResponse
[INFO] Tests run: 1, Failures: 0, Errors: 0, Skipped: 0, Time elapsed: 1.555 s - in org.apache.hadoop.ozone.om.response.s3.multipart.TestS3InitiateMultipartUploadResponse
[INFO] Running org.apache.hadoop.ozone.om.response.s3.multipart.TestS3MultipartUploadAbortResponse
[INFO] Tests run: 2, Failures: 0, Errors: 0, Skipped: 0, Time elapsed: 1.651 s - in org.apache.hadoop.ozone.om.response.s3.multipart.TestS3MultipartUploadAbortResponse
[INFO] Running org.apache.hadoop.ozone.om.response.security.TestOMGetDelegationTokenResponse
[INFO] Tests run: 1, Failures: 0, Errors: 0, Skipped: 0, Time elapsed: 1.645 s - in org.apache.hadoop.ozone.om.response.security.TestOMGetDelegationTokenResponse
[INFO] Running org.apache.hadoop.ozone.om.response.volume.TestOMVolumeSetOwnerResponse
[INFO] Tests run: 2, Failures: 0, Errors: 0, Skipped: 0, Time elapsed: 1.455 s - in org.apache.hadoop.ozone.om.response.volume.TestOMVolumeSetOwnerResponse
[INFO] Running org.apache.hadoop.ozone.om.response.volume.TestOMVolumeSetQuotaResponse
[INFO] Tests run: 2, Failures: 0, Errors: 0, Skipped: 0, Time elapsed: 1.648 s - in org.apache.hadoop.ozone.om.response.volume.TestOMVolumeSetQuotaResponse
[INFO] Running org.apache.hadoop.ozone.om.response.volume.TestOMVolumeDeleteResponse
[INFO] Tests run: 2, Failures: 0, Errors: 0, Skipped: 0, Time elapsed: 1.702 s - in org.apache.hadoop.ozone.om.response.volume.TestOMVolumeDeleteResponse
[INFO] Running org.apache.hadoop.ozone.om.response.volume.TestOMVolumeCreateResponse
[INFO] Tests run: 2, Failures: 0, Errors: 0, Skipped: 0, Time elapsed: 1.713 s - in org.apache.hadoop.ozone.om.response.volume.TestOMVolumeCreateResponse
[INFO] Running org.apache.hadoop.ozone.om.response.file.TestOMDirectoryCreateResponse
[INFO] Tests run: 1, Failures: 0, Errors: 0, Skipped: 0, Time elapsed: 1.588 s - in org.apache.hadoop.ozone.om.response.file.TestOMDirectoryCreateResponse
[INFO] Running org.apache.hadoop.ozone.om.response.bucket.TestOMBucketSetPropertyResponse
[INFO] Tests run: 1, Failures: 0, Errors: 0, Skipped: 0, Time elapsed: 1.515 s - in org.apache.hadoop.ozone.om.response.bucket.TestOMBucketSetPropertyResponse
[INFO] Running org.apache.hadoop.ozone.om.response.bucket.TestOMBucketDeleteResponse
[INFO] Tests run: 1, Failures: 0, Errors: 0, Skipped: 0, Time elapsed: 1.633 s - in org.apache.hadoop.ozone.om.response.bucket.TestOMBucketDeleteResponse
[INFO] Running org.apache.hadoop.ozone.om.response.bucket.TestOMBucketCreateResponse
[INFO] Tests run: 1, Failures: 0, Errors: 0, Skipped: 0, Time elapsed: 1.568 s - in org.apache.hadoop.ozone.om.response.bucket.TestOMBucketCreateResponse
[INFO] Running org.apache.hadoop.ozone.om.TestOzoneManagerHttpServer
[INFO] Tests run: 3, Failures: 0, Errors: 0, Skipped: 0, Time elapsed: 3.814 s - in org.apache.hadoop.ozone.om.TestOzoneManagerHttpServer
[INFO] Running org.apache.hadoop.ozone.om.ratis.TestOMRatisSnapshotInfo
[INFO] Tests run: 1, Failures: 0, Errors: 0, Skipped: 0, Time elapsed: 0.475 s - in org.apache.hadoop.ozone.om.ratis.TestOMRatisSnapshotInfo
[INFO] Running org.apache.hadoop.ozone.om.ratis.TestOzoneManagerDoubleBufferWithOMResponse
[INFO] Tests run: 6, Failures: 0, Errors: 0, Skipped: 0, Time elapsed: 96.885 s - in org.apache.hadoop.ozone.om.ratis.TestOzoneManagerDoubleBufferWithOMResponse
[INFO] Running org.apache.hadoop.ozone.om.ratis.TestOzoneManagerRatisServer
[INFO] Tests run: 5, Failures: 0, Errors: 0, Skipped: 0, Time elapsed: 7.993 s - in org.apache.hadoop.ozone.om.ratis.TestOzoneManagerRatisServer
[INFO] Running org.apache.hadoop.ozone.om.ratis.TestOzoneManagerStateMachine
[INFO] Tests run: 3, Failures: 0, Errors: 0, Skipped: 0, Time elapsed: 4.463 s - in org.apache.hadoop.ozone.om.ratis.TestOzoneManagerStateMachine
[INFO] Running org.apache.hadoop.ozone.om.ratis.TestOzoneManagerDoubleBufferWithDummyResponse
[INFO] Tests run: 1, Failures: 0, Errors: 0, Skipped: 0, Time elapsed: 1.575 s - in org.apache.hadoop.ozone.om.ratis.TestOzoneManagerDoubleBufferWithDummyResponse
[INFO] Running org.apache.hadoop.ozone.security.TestOzoneBlockTokenSecretManager
[INFO] Tests run: 7, Failures: 0, Errors: 0, Skipped: 0, Time elapsed: 2.605 s - in org.apache.hadoop.ozone.security.TestOzoneBlockTokenSecretManager
[INFO] Running org.apache.hadoop.ozone.security.TestOzoneTokenIdentifier
[INFO] Tests run: 5, Failures: 0, Errors: 0, Skipped: 0, Time elapsed: 2.382 s - in org.apache.hadoop.ozone.security.TestOzoneTokenIdentifier
[INFO] Running org.apache.hadoop.ozone.security.TestOzoneDelegationTokenSecretManager
[INFO] Tests run: 13, Failures: 0, Errors: 0, Skipped: 0, Time elapsed: 4.23 s - in org.apache.hadoop.ozone.security.TestOzoneDelegationTokenSecretManager
[INFO] Running org.apache.hadoop.ozone.security.TestOzoneManagerBlockToken
[INFO] Tests run: 3, Failures: 0, Errors: 0, Skipped: 0, Time elapsed: 2.364 s - in org.apache.hadoop.ozone.security.TestOzoneManagerBlockToken
[INFO] Running org.apache.hadoop.ozone.security.TestAWSV4AuthValidator
[INFO] Tests run: 2, Failures: 0, Errors: 0, Skipped: 0, Time elapsed: 0.304 s - in org.apache.hadoop.ozone.security.TestAWSV4AuthValidator
[INFO] Running org.apache.hadoop.ozone.security.acl.TestOzoneNativeAuthorizer
[INFO] Tests run: 32, Failures: 0, Errors: 0, Skipped: 0, Time elapsed: 7.103 s - in org.apache.hadoop.ozone.security.acl.TestOzoneNativeAuthorizer
[INFO] 
[INFO] Results:
[INFO] 
[WARNING] Tests run: 274, Failures: 0, Errors: 0, Skipped: 1
[INFO] 
[INFO] 
[INFO] -------------< org.apache.hadoop:hadoop-ozone-filesystem >--------------
[INFO] Building Apache Hadoop Ozone FileSystem 0.6.0-SNAPSHOT           [19/30]
[INFO] --------------------------------[ jar ]---------------------------------
[INFO] 
[INFO] --- maven-antrun-plugin:1.3:run (create-testdirs) @ hadoop-ozone-filesystem ---
[INFO] Executing tasks
[INFO] Executed tasks
[INFO] 
[INFO] --- jacoco-maven-plugin:0.8.3:prepare-agent (default-prepare-agent) @ hadoop-ozone-filesystem ---
[INFO] argLine set to -javaagent:/home/user/.m2/repository/org/jacoco/org.jacoco.agent/0.8.3/org.jacoco.agent-0.8.3-runtime.jar=destfile=/github/workspace/hadoop-ozone/ozonefs/target/jacoco.exec
[INFO] 
[INFO] --- maven-remote-resources-plugin:1.5:process (default) @ hadoop-ozone-filesystem ---
[INFO] 
[INFO] --- maven-resources-plugin:3.1.0:resources (default-resources) @ hadoop-ozone-filesystem ---
[INFO] Using 'UTF-8' encoding to copy filtered resources.
[INFO] Copying 3 resources
[INFO] Copying 2 resources
[INFO] 
[INFO] --- maven-compiler-plugin:3.1:compile (default-compile) @ hadoop-ozone-filesystem ---
[INFO] Compiling 22 source files to /github/workspace/hadoop-ozone/ozonefs/target/classes
[WARNING] /github/workspace/hadoop-ozone/ozonefs/src/main/java/org/apache/hadoop/fs/ozone/BasicOzoneFileSystem.java: /github/workspace/hadoop-ozone/ozonefs/src/main/java/org/apache/hadoop/fs/ozone/BasicOzoneFileSystem.java uses or overrides a deprecated API.
[WARNING] /github/workspace/hadoop-ozone/ozonefs/src/main/java/org/apache/hadoop/fs/ozone/BasicOzoneFileSystem.java: Recompile with -Xlint:deprecation for details.
[WARNING] /github/workspace/hadoop-ozone/ozonefs/src/main/java/org/apache/hadoop/fs/ozone/BasicOzoneClientAdapterImpl.java: /github/workspace/hadoop-ozone/ozonefs/src/main/java/org/apache/hadoop/fs/ozone/BasicOzoneClientAdapterImpl.java uses unchecked or unsafe operations.
[WARNING] /github/workspace/hadoop-ozone/ozonefs/src/main/java/org/apache/hadoop/fs/ozone/BasicOzoneClientAdapterImpl.java: Recompile with -Xlint:unchecked for details.
[INFO] 
[INFO] --- maven-dependency-plugin:3.0.2:list (deplist) @ hadoop-ozone-filesystem ---
[INFO] 
[INFO] --- maven-resources-plugin:3.1.0:testResources (default-testResources) @ hadoop-ozone-filesystem ---
[INFO] Using 'UTF-8' encoding to copy filtered resources.
[INFO] Copying 2 resources
[INFO] Copying 2 resources
[INFO] 
[INFO] --- maven-compiler-plugin:3.1:testCompile (default-testCompile) @ hadoop-ozone-filesystem ---
[INFO] Compiling 5 source files to /github/workspace/hadoop-ozone/ozonefs/target/test-classes
[INFO] 
[INFO] --- maven-surefire-plugin:3.0.0-M1:test (default-test) @ hadoop-ozone-filesystem ---
[INFO] 
[INFO] -------------------------------------------------------
[INFO]  T E S T S
[INFO] -------------------------------------------------------
[INFO] Running org.apache.hadoop.fs.ozone.TestFilteredClassLoader
[INFO] Tests run: 1, Failures: 0, Errors: 0, Skipped: 0, Time elapsed: 2.401 s - in org.apache.hadoop.fs.ozone.TestFilteredClassLoader
[INFO] Running org.apache.hadoop.fs.ozone.TestOzoneFSInputStream
[INFO] Tests run: 4, Failures: 0, Errors: 0, Skipped: 0, Time elapsed: 0.28 s - in org.apache.hadoop.fs.ozone.TestOzoneFSInputStream
[INFO] Running org.apache.hadoop.fs.ozone.TestOzoneFileSystemWithMocks
[INFO] Tests run: 5, Failures: 0, Errors: 0, Skipped: 0, Time elapsed: 5.536 s - in org.apache.hadoop.fs.ozone.TestOzoneFileSystemWithMocks
[INFO] Running org.apache.hadoop.fs.ozone.TestReadWriteStatistics
[INFO] Tests run: 24, Failures: 0, Errors: 0, Skipped: 0, Time elapsed: 2.137 s - in org.apache.hadoop.fs.ozone.TestReadWriteStatistics
[INFO] 
[INFO] Results:
[INFO] 
[INFO] Tests run: 34, Failures: 0, Errors: 0, Skipped: 0
[INFO] 
[INFO] 
[INFO] ----------------< org.apache.hadoop:hadoop-ozone-tools >----------------
[INFO] Building Apache Hadoop Ozone Tools 0.6.0-SNAPSHOT                [20/30]
[INFO] --------------------------------[ jar ]---------------------------------
[INFO] Downloading from apache.snapshots.https: https://repository.apache.org/content/repositories/snapshots/joda-time/joda-time/2.8.1/joda-time-2.8.1.pom
[INFO] Downloading from repository.jboss.org: http://repository.jboss.org/nexus/content/groups/public/joda-time/joda-time/2.8.1/joda-time-2.8.1.pom
[INFO] Downloading from central: https://repo.maven.apache.org/maven2/joda-time/joda-time/2.8.1/joda-time-2.8.1.pom
[INFO] Downloaded from central: https://repo.maven.apache.org/maven2/joda-time/joda-time/2.8.1/joda-time-2.8.1.pom (29 kB at 463 kB/s)
[INFO] Downloading from apache.snapshots.https: https://repository.apache.org/content/repositories/snapshots/joda-time/joda-time/2.8.1/joda-time-2.8.1.jar
[INFO] Downloading from repository.jboss.org: http://repository.jboss.org/nexus/content/groups/public/joda-time/joda-time/2.8.1/joda-time-2.8.1.jar
[INFO] Downloading from central: https://repo.maven.apache.org/maven2/joda-time/joda-time/2.8.1/joda-time-2.8.1.jar
[INFO] Downloaded from central: https://repo.maven.apache.org/maven2/joda-time/joda-time/2.8.1/joda-time-2.8.1.jar (622 kB at 11 MB/s)
[INFO] 
[INFO] --- maven-antrun-plugin:1.3:run (create-testdirs) @ hadoop-ozone-tools ---
[INFO] Executing tasks
[INFO] Executed tasks
[INFO] 
[INFO] --- jacoco-maven-plugin:0.8.3:prepare-agent (default-prepare-agent) @ hadoop-ozone-tools ---
[INFO] argLine set to -javaagent:/home/user/.m2/repository/org/jacoco/org.jacoco.agent/0.8.3/org.jacoco.agent-0.8.3-runtime.jar=destfile=/github/workspace/hadoop-ozone/tools/target/jacoco.exec
[INFO] 
[INFO] --- maven-remote-resources-plugin:1.5:process (default) @ hadoop-ozone-tools ---
[INFO] 
[INFO] --- maven-resources-plugin:3.1.0:resources (default-resources) @ hadoop-ozone-tools ---
[INFO] Using 'UTF-8' encoding to copy filtered resources.
[INFO] Copying 3 resources
[INFO] Copying 2 resources
[INFO] 
[INFO] --- maven-compiler-plugin:3.1:compile (default-compile) @ hadoop-ozone-tools ---
[INFO] Compiling 136 source files to /github/workspace/hadoop-ozone/tools/target/classes
[WARNING] /github/workspace/hadoop-ozone/tools/src/main/java/org/apache/hadoop/ozone/admin/OzoneAdmin.java: Some input files use or override a deprecated API.
[WARNING] /github/workspace/hadoop-ozone/tools/src/main/java/org/apache/hadoop/ozone/admin/OzoneAdmin.java: Recompile with -Xlint:deprecation for details.
[WARNING] /github/workspace/hadoop-ozone/tools/src/main/java/org/apache/hadoop/ozone/fsck/ContainerMapper.java: /github/workspace/hadoop-ozone/tools/src/main/java/org/apache/hadoop/ozone/fsck/ContainerMapper.java uses unchecked or unsafe operations.
[WARNING] /github/workspace/hadoop-ozone/tools/src/main/java/org/apache/hadoop/ozone/fsck/ContainerMapper.java: Recompile with -Xlint:unchecked for details.
[INFO] 
[INFO] --- maven-resources-plugin:3.1.0:testResources (default-testResources) @ hadoop-ozone-tools ---
[INFO] Using 'UTF-8' encoding to copy filtered resources.
[INFO] Copying 2 resources
[INFO] Copying 2 resources
[INFO] 
[INFO] --- maven-compiler-plugin:3.1:testCompile (default-testCompile) @ hadoop-ozone-tools ---
[INFO] Compiling 12 source files to /github/workspace/hadoop-ozone/tools/target/test-classes
[WARNING] /github/workspace/hadoop-ozone/tools/src/test/java/org/apache/hadoop/ozone/genconf/TestGenerateOzoneRequiredConfigurations.java: Some input files use unchecked or unsafe operations.
[WARNING] /github/workspace/hadoop-ozone/tools/src/test/java/org/apache/hadoop/ozone/genconf/TestGenerateOzoneRequiredConfigurations.java: Recompile with -Xlint:unchecked for details.
[INFO] 
[INFO] --- maven-surefire-plugin:3.0.0-M1:test (default-test) @ hadoop-ozone-tools ---
[INFO] 
[INFO] -------------------------------------------------------
[INFO]  T E S T S
[INFO] -------------------------------------------------------
[INFO] Running org.apache.hadoop.ozone.genconf.TestGenerateOzoneRequiredConfigurations
[INFO] Tests run: 6, Failures: 0, Errors: 0, Skipped: 0, Time elapsed: 1.277 s - in org.apache.hadoop.ozone.genconf.TestGenerateOzoneRequiredConfigurations
[INFO] Running org.apache.hadoop.ozone.shell.TestOzoneAddress
[INFO] Tests run: 5, Failures: 0, Errors: 0, Skipped: 0, Time elapsed: 0.169 s - in org.apache.hadoop.ozone.shell.TestOzoneAddress
[INFO] Running org.apache.hadoop.ozone.freon.TestProgressBar
[INFO] Tests run: 1, Failures: 0, Errors: 0, Skipped: 0, Time elapsed: 1.459 s - in org.apache.hadoop.ozone.freon.TestProgressBar
[INFO] Running org.apache.hadoop.ozone.audit.parser.TestAuditParser
[INFO] Tests run: 5, Failures: 0, Errors: 0, Skipped: 0, Time elapsed: 0.912 s - in org.apache.hadoop.ozone.audit.parser.TestAuditParser
[INFO] 
[INFO] Results:
[INFO] 
[INFO] Tests run: 17, Failures: 0, Errors: 0, Skipped: 0
[INFO] 
[INFO] 
[INFO] --------------< org.apache.hadoop:hadoop-ozone-s3gateway >--------------
[INFO] Building Apache Hadoop Ozone S3 Gateway 0.6.0-SNAPSHOT           [21/30]
[INFO] --------------------------------[ jar ]---------------------------------
[INFO] 
[INFO] --- maven-antrun-plugin:1.3:run (create-testdirs) @ hadoop-ozone-s3gateway ---
[INFO] Executing tasks
[INFO] Executed tasks
[INFO] 
[INFO] --- jacoco-maven-plugin:0.8.3:prepare-agent (default-prepare-agent) @ hadoop-ozone-s3gateway ---
[INFO] argLine set to -javaagent:/home/user/.m2/repository/org/jacoco/org.jacoco.agent/0.8.3/org.jacoco.agent-0.8.3-runtime.jar=destfile=/github/workspace/hadoop-ozone/s3gateway/target/jacoco.exec
[INFO] 
[INFO] --- maven-remote-resources-plugin:1.5:process (default) @ hadoop-ozone-s3gateway ---
[INFO] 
[INFO] --- maven-resources-plugin:3.1.0:resources (default-resources) @ hadoop-ozone-s3gateway ---
[INFO] Using 'UTF-8' encoding to copy filtered resources.
[INFO] Copying 7 resources
[INFO] Copying 2 resources
[INFO] 
[INFO] --- maven-compiler-plugin:3.1:compile (default-compile) @ hadoop-ozone-s3gateway ---
[INFO] Compiling 61 source files to /github/workspace/hadoop-ozone/s3gateway/target/classes
[WARNING] /github/workspace/hadoop-ozone/s3gateway/src/main/java/org/apache/hadoop/ozone/s3/OzoneClientProducer.java: /github/workspace/hadoop-ozone/s3gateway/src/main/java/org/apache/hadoop/ozone/s3/OzoneClientProducer.java uses unchecked or unsafe operations.
[WARNING] /github/workspace/hadoop-ozone/s3gateway/src/main/java/org/apache/hadoop/ozone/s3/OzoneClientProducer.java: Recompile with -Xlint:unchecked for details.
[INFO] 
[INFO] --- maven-resources-plugin:3.1.0:testResources (default-testResources) @ hadoop-ozone-s3gateway ---
[INFO] Using 'UTF-8' encoding to copy filtered resources.
[INFO] Copying 1 resource
[INFO] Copying 2 resources
[INFO] 
[INFO] --- maven-compiler-plugin:3.1:testCompile (default-testCompile) @ hadoop-ozone-s3gateway ---
[INFO] Compiling 40 source files to /github/workspace/hadoop-ozone/s3gateway/target/test-classes
[INFO] 
[INFO] --- maven-surefire-plugin:3.0.0-M1:test (default-test) @ hadoop-ozone-s3gateway ---
[INFO] 
[INFO] -------------------------------------------------------
[INFO]  T E S T S
[INFO] -------------------------------------------------------
[INFO] Running org.apache.hadoop.ozone.s3.exception.TestOS3Exception
[INFO] Tests run: 1, Failures: 0, Errors: 0, Skipped: 0, Time elapsed: 1.093 s - in org.apache.hadoop.ozone.s3.exception.TestOS3Exception
[INFO] Running org.apache.hadoop.ozone.s3.TestSignedChunksInputStream
[INFO] Tests run: 4, Failures: 0, Errors: 0, Skipped: 0, Time elapsed: 0.165 s - in org.apache.hadoop.ozone.s3.TestSignedChunksInputStream
[INFO] Running org.apache.hadoop.ozone.s3.util.TestRFC1123Util
[INFO] Tests run: 1, Failures: 0, Errors: 0, Skipped: 0, Time elapsed: 0.184 s - in org.apache.hadoop.ozone.s3.util.TestRFC1123Util
[INFO] Running org.apache.hadoop.ozone.s3.util.TestContinueToken
[INFO] Tests run: 2, Failures: 0, Errors: 0, Skipped: 0, Time elapsed: 0.175 s - in org.apache.hadoop.ozone.s3.util.TestContinueToken
[INFO] Running org.apache.hadoop.ozone.s3.util.TestRangeHeaderParserUtil
[INFO] Tests run: 1, Failures: 0, Errors: 0, Skipped: 0, Time elapsed: 0.098 s - in org.apache.hadoop.ozone.s3.util.TestRangeHeaderParserUtil
[INFO] Running org.apache.hadoop.ozone.s3.util.TestOzoneS3Util
[INFO] Tests run: 2, Failures: 0, Errors: 0, Skipped: 0, Time elapsed: 0.978 s - in org.apache.hadoop.ozone.s3.util.TestOzoneS3Util
[INFO] Running org.apache.hadoop.ozone.s3.endpoint.TestObjectEndpoint
[INFO] Tests run: 2, Failures: 0, Errors: 0, Skipped: 0, Time elapsed: 0.264 s - in org.apache.hadoop.ozone.s3.endpoint.TestObjectEndpoint
[INFO] Running org.apache.hadoop.ozone.s3.endpoint.TestObjectMultiDelete
[INFO] Tests run: 2, Failures: 0, Errors: 0, Skipped: 0, Time elapsed: 0.257 s - in org.apache.hadoop.ozone.s3.endpoint.TestObjectMultiDelete
[INFO] Running org.apache.hadoop.ozone.s3.endpoint.TestMultiDeleteRequestUnmarshaller
[INFO] Tests run: 2, Failures: 0, Errors: 0, Skipped: 0, Time elapsed: 0.588 s - in org.apache.hadoop.ozone.s3.endpoint.TestMultiDeleteRequestUnmarshaller
[INFO] Running org.apache.hadoop.ozone.s3.endpoint.TestMultipartUploadComplete
[INFO] Tests run: 3, Failures: 0, Errors: 0, Skipped: 0, Time elapsed: 2.022 s - in org.apache.hadoop.ozone.s3.endpoint.TestMultipartUploadComplete
[INFO] Running org.apache.hadoop.ozone.s3.endpoint.TestBucketPut
[INFO] Tests run: 3, Failures: 0, Errors: 0, Skipped: 0, Time elapsed: 0.488 s - in org.apache.hadoop.ozone.s3.endpoint.TestBucketPut
[INFO] Running org.apache.hadoop.ozone.s3.endpoint.TestAbortMultipartUpload
[INFO] Tests run: 1, Failures: 0, Errors: 0, Skipped: 0, Time elapsed: 2.068 s - in org.apache.hadoop.ozone.s3.endpoint.TestAbortMultipartUpload
[INFO] Running org.apache.hadoop.ozone.s3.endpoint.TestMultipartUploadWithCopy
[INFO] Tests run: 1, Failures: 0, Errors: 0, Skipped: 0, Time elapsed: 1.253 s - in org.apache.hadoop.ozone.s3.endpoint.TestMultipartUploadWithCopy
[INFO] Running org.apache.hadoop.ozone.s3.endpoint.TestObjectDelete
[INFO] Tests run: 1, Failures: 0, Errors: 0, Skipped: 0, Time elapsed: 0.444 s - in org.apache.hadoop.ozone.s3.endpoint.TestObjectDelete
[INFO] Running org.apache.hadoop.ozone.s3.endpoint.TestListParts
[INFO] Tests run: 3, Failures: 0, Errors: 0, Skipped: 0, Time elapsed: 1.486 s - in org.apache.hadoop.ozone.s3.endpoint.TestListParts
[INFO] Running org.apache.hadoop.ozone.s3.endpoint.TestBucketGet
[INFO] Tests run: 11, Failures: 0, Errors: 0, Skipped: 0, Time elapsed: 0.979 s - in org.apache.hadoop.ozone.s3.endpoint.TestBucketGet
[INFO] Running org.apache.hadoop.ozone.s3.endpoint.TestObjectPut
[INFO] Tests run: 5, Failures: 0, Errors: 0, Skipped: 0, Time elapsed: 1.836 s - in org.apache.hadoop.ozone.s3.endpoint.TestObjectPut
[INFO] Running org.apache.hadoop.ozone.s3.endpoint.TestRootList
[INFO] Tests run: 1, Failures: 0, Errors: 0, Skipped: 0, Time elapsed: 0.42 s - in org.apache.hadoop.ozone.s3.endpoint.TestRootList
[INFO] Running org.apache.hadoop.ozone.s3.endpoint.TestObjectHead
[INFO] Tests run: 2, Failures: 0, Errors: 0, Skipped: 0, Time elapsed: 0.553 s - in org.apache.hadoop.ozone.s3.endpoint.TestObjectHead
[INFO] Running org.apache.hadoop.ozone.s3.endpoint.TestBucketHead
[INFO] Tests run: 2, Failures: 0, Errors: 0, Skipped: 0, Time elapsed: 1.15 s - in org.apache.hadoop.ozone.s3.endpoint.TestBucketHead
[INFO] Running org.apache.hadoop.ozone.s3.endpoint.TestPartUpload
[INFO] Tests run: 3, Failures: 0, Errors: 0, Skipped: 0, Time elapsed: 2.003 s - in org.apache.hadoop.ozone.s3.endpoint.TestPartUpload
[INFO] Running org.apache.hadoop.ozone.s3.endpoint.TestCompleteMultipartUploadRequestUnmarshaller
[INFO] Tests run: 2, Failures: 0, Errors: 0, Skipped: 0, Time elapsed: 0.585 s - in org.apache.hadoop.ozone.s3.endpoint.TestCompleteMultipartUploadRequestUnmarshaller
[INFO] Running org.apache.hadoop.ozone.s3.endpoint.TestObjectGet
[INFO] Tests run: 1, Failures: 0, Errors: 0, Skipped: 0, Time elapsed: 1.445 s - in org.apache.hadoop.ozone.s3.endpoint.TestObjectGet
[INFO] Running org.apache.hadoop.ozone.s3.endpoint.TestInitiateMultipartUpload
[INFO] Tests run: 1, Failures: 0, Errors: 0, Skipped: 0, Time elapsed: 1.378 s - in org.apache.hadoop.ozone.s3.endpoint.TestInitiateMultipartUpload
[INFO] Running org.apache.hadoop.ozone.s3.endpoint.TestBucketDelete
[INFO] Tests run: 3, Failures: 0, Errors: 0, Skipped: 0, Time elapsed: 1.113 s - in org.apache.hadoop.ozone.s3.endpoint.TestBucketDelete
[INFO] Running org.apache.hadoop.ozone.s3.endpoint.TestBucketResponse
[INFO] Tests run: 1, Failures: 0, Errors: 0, Skipped: 0, Time elapsed: 0.622 s - in org.apache.hadoop.ozone.s3.endpoint.TestBucketResponse
[INFO] Running org.apache.hadoop.ozone.s3.TestAWSV4SignatureProcessor
[INFO] Tests run: 1, Failures: 0, Errors: 0, Skipped: 0, Time elapsed: 1.467 s - in org.apache.hadoop.ozone.s3.TestAWSV4SignatureProcessor
[INFO] Running org.apache.hadoop.ozone.s3.header.TestAuthorizationHeaderV4
[INFO] Tests run: 13, Failures: 0, Errors: 0, Skipped: 0, Time elapsed: 1.057 s - in org.apache.hadoop.ozone.s3.header.TestAuthorizationHeaderV4
[INFO] Running org.apache.hadoop.ozone.s3.header.TestAuthorizationHeaderV2
[INFO] Tests run: 5, Failures: 0, Errors: 0, Skipped: 0, Time elapsed: 0.937 s - in org.apache.hadoop.ozone.s3.header.TestAuthorizationHeaderV2
[INFO] Running org.apache.hadoop.ozone.s3.TestOzoneClientProducer
[INFO] Tests run: 2, Failures: 0, Errors: 0, Skipped: 0, Time elapsed: 1.86 s - in org.apache.hadoop.ozone.s3.TestOzoneClientProducer
[INFO] Running org.apache.hadoop.ozone.s3.TestVirtualHostStyleFilter
[INFO] Tests run: 6, Failures: 0, Errors: 0, Skipped: 0, Time elapsed: 1.911 s - in org.apache.hadoop.ozone.s3.TestVirtualHostStyleFilter
[INFO] 
[INFO] Results:
[INFO] 
[INFO] Tests run: 88, Failures: 0, Errors: 0, Skipped: 0
[INFO] 
[INFO] 
[INFO] -----------------< org.apache.hadoop:hadoop-ozone-csi >-----------------
[INFO] Building Apache Hadoop Ozone CSI service 0.6.0-SNAPSHOT          [22/30]
[INFO] --------------------------------[ jar ]---------------------------------
[INFO] Downloading from apache.snapshots.https: https://repository.apache.org/content/repositories/snapshots/io/grpc/grpc-core/maven-metadata.xml
[INFO] Downloading from repository.jboss.org: http://repository.jboss.org/nexus/content/groups/public/io/grpc/grpc-core/maven-metadata.xml
[INFO] Downloading from central: https://repo.maven.apache.org/maven2/io/grpc/grpc-core/maven-metadata.xml
[INFO] Downloaded from central: https://repo.maven.apache.org/maven2/io/grpc/grpc-core/maven-metadata.xml (2.5 kB at 133 kB/s)
[INFO] Downloading from apache.snapshots.https: https://repository.apache.org/content/repositories/snapshots/io/grpc/grpc-api/maven-metadata.xml
[INFO] Downloading from central: https://repo.maven.apache.org/maven2/io/grpc/grpc-api/maven-metadata.xml
[INFO] Downloading from repository.jboss.org: http://repository.jboss.org/nexus/content/groups/public/io/grpc/grpc-api/maven-metadata.xml
[INFO] Downloaded from central: https://repo.maven.apache.org/maven2/io/grpc/grpc-api/maven-metadata.xml (933 B at 44 kB/s)
[INFO] Downloading from repository.jboss.org: http://repository.jboss.org/nexus/content/groups/public/io/netty/netty-codec-http2/maven-metadata.xml
[INFO] Downloading from central: https://repo.maven.apache.org/maven2/io/netty/netty-codec-http2/maven-metadata.xml
[INFO] Downloading from apache.snapshots.https: https://repository.apache.org/content/repositories/snapshots/io/netty/netty-codec-http2/maven-metadata.xml
[INFO] Downloaded from central: https://repo.maven.apache.org/maven2/io/netty/netty-codec-http2/maven-metadata.xml (2.7 kB at 136 kB/s)
[INFO] 
[INFO] --- maven-antrun-plugin:1.3:run (create-testdirs) @ hadoop-ozone-csi ---
[INFO] Executing tasks
[INFO] Executed tasks
[INFO] 
[INFO] --- jacoco-maven-plugin:0.8.3:prepare-agent (default-prepare-agent) @ hadoop-ozone-csi ---
[INFO] argLine set to -javaagent:/home/user/.m2/repository/org/jacoco/org.jacoco.agent/0.8.3/org.jacoco.agent-0.8.3-runtime.jar=destfile=/github/workspace/hadoop-ozone/csi/target/jacoco.exec
[INFO] 
[INFO] --- protobuf-maven-plugin:0.5.1:compile (compile-protoc) @ hadoop-ozone-csi ---
[INFO] Compiling 1 proto file(s) to /github/workspace/hadoop-ozone/csi/target/generated-sources/java
[INFO] 
[INFO] --- protobuf-maven-plugin:0.5.1:compile-custom (compile-protoc) @ hadoop-ozone-csi ---
[INFO] Compiling 1 proto file(s) to /github/workspace/hadoop-ozone/csi/target/generated-sources/java
[INFO] 
[INFO] --- maven-remote-resources-plugin:1.5:process (default) @ hadoop-ozone-csi ---
[INFO] artifact io.grpc:grpc-core: checking for updates from apache.snapshots.https
[INFO] artifact io.grpc:grpc-core: checking for updates from repository.jboss.org
[INFO] artifact io.grpc:grpc-core: checking for updates from central
[INFO] artifact io.grpc:grpc-api: checking for updates from apache.snapshots.https
[INFO] artifact io.grpc:grpc-api: checking for updates from repository.jboss.org
[INFO] artifact io.grpc:grpc-api: checking for updates from central
[INFO] artifact io.netty:netty-codec-http2: checking for updates from apache.snapshots.https
[INFO] artifact io.netty:netty-codec-http2: checking for updates from repository.jboss.org
[INFO] artifact io.netty:netty-codec-http2: checking for updates from central
[INFO] 
[INFO] --- maven-resources-plugin:3.1.0:resources (default-resources) @ hadoop-ozone-csi ---
[INFO] Using 'UTF-8' encoding to copy filtered resources.
[INFO] skip non existing resourceDirectory /github/workspace/hadoop-ozone/csi/src/main/resources
[INFO] Copying 1 resource
[INFO] Copying 1 resource
[INFO] Copying 2 resources
[INFO] 
[INFO] --- maven-compiler-plugin:3.1:compile (default-compile) @ hadoop-ozone-csi ---
[INFO] Compiling 9 source files to /github/workspace/hadoop-ozone/csi/target/classes
[INFO] 
[INFO] --- protobuf-maven-plugin:0.5.1:test-compile (compile-protoc) @ hadoop-ozone-csi ---
[INFO] /github/workspace/hadoop-ozone/csi/src/test/proto does not exist. Review the configuration or consider disabling the plugin.
[INFO] 
[INFO] --- protobuf-maven-plugin:0.5.1:test-compile-custom (compile-protoc) @ hadoop-ozone-csi ---
[INFO] /github/workspace/hadoop-ozone/csi/src/test/proto does not exist. Review the configuration or consider disabling the plugin.
[INFO] 
[INFO] --- maven-resources-plugin:3.1.0:testResources (default-testResources) @ hadoop-ozone-csi ---
[INFO] Using 'UTF-8' encoding to copy filtered resources.
[INFO] skip non existing resourceDirectory /github/workspace/hadoop-ozone/csi/src/test/resources
[INFO] Copying 2 resources
[INFO] 
[INFO] --- maven-compiler-plugin:3.1:testCompile (default-testCompile) @ hadoop-ozone-csi ---
[INFO] No sources to compile
[INFO] 
[INFO] --- maven-surefire-plugin:3.0.0-M1:test (default-test) @ hadoop-ozone-csi ---
[INFO] 
[INFO] ------------< org.apache.hadoop:hadoop-ozone-reconcodegen >-------------
[INFO] Building Apache Hadoop Ozone Recon CodeGen 0.6.0-SNAPSHOT        [23/30]
[INFO] --------------------------------[ jar ]---------------------------------
[INFO] 
[INFO] --- maven-antrun-plugin:1.3:run (create-testdirs) @ hadoop-ozone-reconcodegen ---
[INFO] Executing tasks
[INFO] Executed tasks
[INFO] 
[INFO] --- jacoco-maven-plugin:0.8.3:prepare-agent (default-prepare-agent) @ hadoop-ozone-reconcodegen ---
[INFO] argLine set to -javaagent:/home/user/.m2/repository/org/jacoco/org.jacoco.agent/0.8.3/org.jacoco.agent-0.8.3-runtime.jar=destfile=/github/workspace/hadoop-ozone/recon-codegen/target/jacoco.exec
[INFO] 
[INFO] --- maven-remote-resources-plugin:1.5:process (default) @ hadoop-ozone-reconcodegen ---
[INFO] 
[INFO] --- maven-resources-plugin:3.1.0:resources (default-resources) @ hadoop-ozone-reconcodegen ---
[INFO] Using 'UTF-8' encoding to copy filtered resources.
[INFO] skip non existing resourceDirectory /github/workspace/hadoop-ozone/recon-codegen/src/main/resources
[INFO] Copying 2 resources
[INFO] 
[INFO] --- maven-compiler-plugin:3.1:compile (default-compile) @ hadoop-ozone-reconcodegen ---
[INFO] Compiling 12 source files to /github/workspace/hadoop-ozone/recon-codegen/target/classes
[INFO] 
[INFO] --- maven-resources-plugin:3.1.0:testResources (default-testResources) @ hadoop-ozone-reconcodegen ---
[INFO] Using 'UTF-8' encoding to copy filtered resources.
[INFO] skip non existing resourceDirectory /github/workspace/hadoop-ozone/recon-codegen/src/test/resources
[INFO] Copying 2 resources
[INFO] 
[INFO] --- maven-compiler-plugin:3.1:testCompile (default-testCompile) @ hadoop-ozone-reconcodegen ---
[INFO] No sources to compile
[INFO] 
[INFO] --- maven-surefire-plugin:3.0.0-M1:test (default-test) @ hadoop-ozone-reconcodegen ---
[INFO] 
[INFO] ----------------< org.apache.hadoop:hadoop-ozone-recon >----------------
[INFO] Building Apache Hadoop Ozone Recon 0.6.0-SNAPSHOT                [24/30]
[INFO] --------------------------------[ jar ]---------------------------------
[INFO] 
[INFO] --- maven-antrun-plugin:1.3:run (create-testdirs) @ hadoop-ozone-recon ---
[INFO] Executing tasks
[INFO] Executed tasks
[INFO] 
[INFO] --- jacoco-maven-plugin:0.8.3:prepare-agent (default-prepare-agent) @ hadoop-ozone-recon ---
[INFO] argLine set to -javaagent:/home/user/.m2/repository/org/jacoco/org.jacoco.agent/0.8.3/org.jacoco.agent-0.8.3-runtime.jar=destfile=/github/workspace/hadoop-ozone/recon/target/jacoco.exec
[INFO] 
[INFO] --- build-helper-maven-plugin:1.9:add-source (add-source) @ hadoop-ozone-recon ---
[INFO] Source directory: /github/workspace/hadoop-ozone/recon/target/generated-sources/java added.
[INFO] 
[INFO] --- maven-remote-resources-plugin:1.5:process (default) @ hadoop-ozone-recon ---
[INFO] 
[INFO] --- exec-maven-plugin:1.3.1:java (default) @ hadoop-ozone-recon ---
[WARNING] Warning: killAfter is now deprecated. Do you need it ? Please comment on MEXEC-6.
2020-05-14 21:40:48,084 INFO  codegen.SqlDbUtils (SqlDbUtils.java:createNewDerbyDatabase(67)) - Created derby database at jdbc:derby:/tmp/recon-generated-schema-1435957.
2020-05-14 21:40:48,826 INFO  jooq.Constants (JooqLogger.java:info(338)) - 
                                      
@@@@@@@@@@@@@@@@@@@@@@@@@@@@@@@@@@@@@@
@@@@@@@@@@@@@@@@@@@@@@@@@@@@@@@@@@@@@@
@@@@@@@@@@@@@@@@  @@        @@@@@@@@@@
@@@@@@@@@@@@@@@@@@@@        @@@@@@@@@@
@@@@@@@@@@@@@@@@  @@  @@    @@@@@@@@@@
@@@@@@@@@@  @@@@  @@  @@    @@@@@@@@@@
@@@@@@@@@@        @@        @@@@@@@@@@
@@@@@@@@@@@@@@@@@@@@@@@@@@@@@@@@@@@@@@
@@@@@@@@@@@@@@@@@@@@@@@@@@@@@@@@@@@@@@
@@@@@@@@@@        @@        @@@@@@@@@@
@@@@@@@@@@    @@  @@  @@@@  @@@@@@@@@@
@@@@@@@@@@    @@  @@  @@@@  @@@@@@@@@@
@@@@@@@@@@        @@  @  @  @@@@@@@@@@
@@@@@@@@@@        @@        @@@@@@@@@@
@@@@@@@@@@@@@@@@@@@@@@@  @@@@@@@@@@@@@
@@@@@@@@@@@@@@@@@@@@@@@@@@@@@@@@@@@@@@
@@@@@@@@@@@@@@@@@@@@@@@@@@@@@@@@@@@@@@  Thank you for using jOOQ 3.11.9
                                      
[WARNING] thread Thread[Timer-0,5,org.hadoop.ozone.recon.codegen.JooqCodeGenerator] was interrupted but is still alive after waiting at least 15000msecs
[WARNING] thread Thread[Timer-0,5,org.hadoop.ozone.recon.codegen.JooqCodeGenerator] will linger despite being asked to die via interruption
[WARNING] thread Thread[derby.rawStoreDaemon,5,derby.daemons] will linger despite being asked to die via interruption
[WARNING] NOTE: 2 thread(s) did not finish despite being asked to  via interruption. This is not a problem with exec:java, it is a problem with the running code. Although not serious, it should be remedied.
[WARNING] Couldn't destroy threadgroup org.codehaus.mojo.exec.ExecJavaMojo$IsolatedThreadGroup[name=org.hadoop.ozone.recon.codegen.JooqCodeGenerator,maxpri=10]
java.lang.IllegalThreadStateException
    at java.lang.ThreadGroup.destroy (ThreadGroup.java:778)
    at org.codehaus.mojo.exec.ExecJavaMojo.execute (ExecJavaMojo.java:328)
    at org.apache.maven.plugin.DefaultBuildPluginManager.executeMojo (DefaultBuildPluginManager.java:137)
    at org.apache.maven.lifecycle.internal.MojoExecutor.execute (MojoExecutor.java:210)
    at org.apache.maven.lifecycle.internal.MojoExecutor.execute (MojoExecutor.java:156)
    at org.apache.maven.lifecycle.internal.MojoExecutor.execute (MojoExecutor.java:148)
    at org.apache.maven.lifecycle.internal.LifecycleModuleBuilder.buildProject (LifecycleModuleBuilder.java:117)
    at org.apache.maven.lifecycle.internal.LifecycleModuleBuilder.buildProject (LifecycleModuleBuilder.java:81)
    at org.apache.maven.lifecycle.internal.builder.singlethreaded.SingleThreadedBuilder.build (SingleThreadedBuilder.java:56)
    at org.apache.maven.lifecycle.internal.LifecycleStarter.execute (LifecycleStarter.java:128)
    at org.apache.maven.DefaultMaven.doExecute (DefaultMaven.java:305)
    at org.apache.maven.DefaultMaven.doExecute (DefaultMaven.java:192)
    at org.apache.maven.DefaultMaven.execute (DefaultMaven.java:105)
    at org.apache.maven.cli.MavenCli.execute (MavenCli.java:956)
    at org.apache.maven.cli.MavenCli.doMain (MavenCli.java:288)
    at org.apache.maven.cli.MavenCli.main (MavenCli.java:192)
    at sun.reflect.NativeMethodAccessorImpl.invoke0 (Native Method)
    at sun.reflect.NativeMethodAccessorImpl.invoke (NativeMethodAccessorImpl.java:62)
    at sun.reflect.DelegatingMethodAccessorImpl.invoke (DelegatingMethodAccessorImpl.java:43)
    at java.lang.reflect.Method.invoke (Method.java:498)
    at org.codehaus.plexus.classworlds.launcher.Launcher.launchEnhanced (Launcher.java:282)
    at org.codehaus.plexus.classworlds.launcher.Launcher.launch (Launcher.java:225)
    at org.codehaus.plexus.classworlds.launcher.Launcher.mainWithExitCode (Launcher.java:406)
    at org.codehaus.plexus.classworlds.launcher.Launcher.main (Launcher.java:347)
[INFO] 
[INFO] --- frontend-maven-plugin:1.6:install-node-and-yarn (Install node and yarn locally to the project) @ hadoop-ozone-recon ---
[INFO] Installing node version v12.14.1
[INFO] Downloading https://nodejs.org/dist/v12.14.1/node-v12.14.1-linux-x64.tar.gz to /home/user/.m2/repository/com/github/eirslett/node/12.14.1/node-12.14.1-linux-x64.tar.gz
[INFO] No proxies configured
[INFO] No proxy was configured, downloading directly
[INFO] Unpacking /home/user/.m2/repository/com/github/eirslett/node/12.14.1/node-12.14.1-linux-x64.tar.gz into /github/workspace/hadoop-ozone/recon/target/node/tmp
[INFO] Copying node binary from /github/workspace/hadoop-ozone/recon/target/node/tmp/node-v12.14.1-linux-x64/bin/node to /github/workspace/hadoop-ozone/recon/target/node/node
[INFO] Installed node locally.
[INFO] Installing Yarn version v1.22.4
[INFO] Downloading https://github.com/yarnpkg/yarn/releases/download/v1.22.4/yarn-v1.22.4.tar.gz to /home/user/.m2/repository/com/github/eirslett/yarn/1.22.4/yarn-1.22.4.tar.gz
[INFO] No proxies configured
[INFO] No proxy was configured, downloading directly
[INFO] Unpacking /home/user/.m2/repository/com/github/eirslett/yarn/1.22.4/yarn-1.22.4.tar.gz into /github/workspace/hadoop-ozone/recon/target/node/yarn
[INFO] Installed Yarn locally.
[INFO] 
[INFO] --- frontend-maven-plugin:1.6:yarn (yarn install) @ hadoop-ozone-recon ---
[INFO] Skipping execution.
[INFO] 
[INFO] --- frontend-maven-plugin:1.6:yarn (Build frontend) @ hadoop-ozone-recon ---
[INFO] Skipping execution.
[INFO] 
[INFO] --- maven-resources-plugin:3.1.0:resources (default-resources) @ hadoop-ozone-recon ---
[INFO] Using 'UTF-8' encoding to copy filtered resources.
[INFO] Copying 48 resources
[INFO] Copying 2 resources
[INFO] 
[INFO] --- maven-resources-plugin:3.1.0:copy-resources (Copy frontend build to target) @ hadoop-ozone-recon ---
[INFO] Using 'UTF-8' encoding to copy filtered resources.
[INFO] skip non existing resourceDirectory /github/workspace/hadoop-ozone/recon/src/main/resources/webapps/recon/ozone-recon-web/build
[INFO] 
[INFO] --- maven-resources-plugin:3.1.0:copy-resources (Copy frontend static files to target) @ hadoop-ozone-recon ---
[INFO] Using 'UTF-8' encoding to copy filtered resources.
[INFO] skip non existing resourceDirectory /github/workspace/hadoop-ozone/recon/src/main/resources/webapps/recon/ozone-recon-web/build/static
[INFO] 
[INFO] --- maven-compiler-plugin:3.1:compile (default-compile) @ hadoop-ozone-recon ---
[INFO] Compiling 116 source files to /github/workspace/hadoop-ozone/recon/target/classes
[WARNING] /github/workspace/hadoop-ozone/recon/src/main/java/org/apache/hadoop/ozone/recon/tasks/OMDBUpdatesHandler.java: Some input files use unchecked or unsafe operations.
[WARNING] /github/workspace/hadoop-ozone/recon/src/main/java/org/apache/hadoop/ozone/recon/tasks/OMDBUpdatesHandler.java: Recompile with -Xlint:unchecked for details.
[INFO] 
[INFO] --- maven-resources-plugin:3.1.0:testResources (default-testResources) @ hadoop-ozone-recon ---
[INFO] Using 'UTF-8' encoding to copy filtered resources.
[INFO] Copying 1 resource
[INFO] Copying 2 resources
[INFO] 
[INFO] --- maven-compiler-plugin:3.1:testCompile (default-testCompile) @ hadoop-ozone-recon ---
[INFO] Compiling 36 source files to /github/workspace/hadoop-ozone/recon/target/test-classes
[WARNING] /github/workspace/hadoop-ozone/recon/src/test/java/org/apache/hadoop/ozone/recon/api/TestTaskStatusService.java: Some input files use unchecked or unsafe operations.
[WARNING] /github/workspace/hadoop-ozone/recon/src/test/java/org/apache/hadoop/ozone/recon/api/TestTaskStatusService.java: Recompile with -Xlint:unchecked for details.
[INFO] 
[INFO] --- maven-surefire-plugin:3.0.0-M1:test (default-test) @ hadoop-ozone-recon ---
[INFO] 
[INFO] -------------------------------------------------------
[INFO]  T E S T S
[INFO] -------------------------------------------------------
[INFO] Running org.apache.hadoop.ozone.recon.fsck.TestMissingContainerTask
[INFO] Tests run: 1, Failures: 0, Errors: 0, Skipped: 0, Time elapsed: 9.383 s - in org.apache.hadoop.ozone.recon.fsck.TestMissingContainerTask
[INFO] Running org.apache.hadoop.ozone.recon.persistence.TestSqlSchemaSetup
[INFO] Tests run: 1, Failures: 0, Errors: 0, Skipped: 0, Time elapsed: 5.228 s - in org.apache.hadoop.ozone.recon.persistence.TestSqlSchemaSetup
[INFO] Running org.apache.hadoop.ozone.recon.persistence.TestReconInternalSchemaDefinition
[INFO] Tests run: 2, Failures: 0, Errors: 0, Skipped: 0, Time elapsed: 6.214 s - in org.apache.hadoop.ozone.recon.persistence.TestReconInternalSchemaDefinition
[INFO] Running org.apache.hadoop.ozone.recon.persistence.TestStatsSchemaDefinition
[INFO] Tests run: 2, Failures: 0, Errors: 0, Skipped: 0, Time elapsed: 6.362 s - in org.apache.hadoop.ozone.recon.persistence.TestStatsSchemaDefinition
[INFO] Running org.apache.hadoop.ozone.recon.persistence.TestReconWithDifferentSqlDBs
[INFO] Tests run: 2, Failures: 0, Errors: 0, Skipped: 0, Time elapsed: 5.429 s - in org.apache.hadoop.ozone.recon.persistence.TestReconWithDifferentSqlDBs
[INFO] Running org.apache.hadoop.ozone.recon.persistence.TestUtilizationSchemaDefinition
[INFO] Tests run: 3, Failures: 0, Errors: 0, Skipped: 0, Time elapsed: 6.618 s - in org.apache.hadoop.ozone.recon.persistence.TestUtilizationSchemaDefinition
[INFO] Running org.apache.hadoop.ozone.recon.spi.impl.TestContainerDBServiceProviderImpl
[INFO] Tests run: 13, Failures: 0, Errors: 0, Skipped: 0, Time elapsed: 6.437 s - in org.apache.hadoop.ozone.recon.spi.impl.TestContainerDBServiceProviderImpl
[INFO] Running org.apache.hadoop.ozone.recon.spi.impl.TestStorageContainerServiceProviderImpl
[INFO] Tests run: 2, Failures: 0, Errors: 0, Skipped: 0, Time elapsed: 3.965 s - in org.apache.hadoop.ozone.recon.spi.impl.TestStorageContainerServiceProviderImpl
[INFO] Running org.apache.hadoop.ozone.recon.spi.impl.TestReconContainerDBProvider
[INFO] Tests run: 1, Failures: 0, Errors: 0, Skipped: 0, Time elapsed: 1.54 s - in org.apache.hadoop.ozone.recon.spi.impl.TestReconContainerDBProvider
[INFO] Running org.apache.hadoop.ozone.recon.spi.impl.TestOzoneManagerServiceProviderImpl
[INFO] Tests run: 5, Failures: 0, Errors: 0, Skipped: 0, Time elapsed: 6.472 s - in org.apache.hadoop.ozone.recon.spi.impl.TestOzoneManagerServiceProviderImpl
[INFO] Running org.apache.hadoop.ozone.recon.api.TestTaskStatusService
[INFO] Tests run: 1, Failures: 0, Errors: 0, Skipped: 0, Time elapsed: 5.331 s - in org.apache.hadoop.ozone.recon.api.TestTaskStatusService
[INFO] Running org.apache.hadoop.ozone.recon.api.TestContainerEndpoint
[INFO] Tests run: 6, Failures: 0, Errors: 0, Skipped: 0, Time elapsed: 13.329 s - in org.apache.hadoop.ozone.recon.api.TestContainerEndpoint
[INFO] Running org.apache.hadoop.ozone.recon.api.TestEndpoints
[ERROR] Tests run: 3, Failures: 1, Errors: 0, Skipped: 0, Time elapsed: 16.235 s <<< FAILURE! - in org.apache.hadoop.ozone.recon.api.TestEndpoints
[ERROR] testGetPipelines(org.apache.hadoop.ozone.recon.api.TestEndpoints)  Time elapsed: 11.712 s  <<< FAILURE!
java.lang.AssertionError: Messages are not processed in the given timeframe. Queued: 6 Processed: 0
	at org.apache.hadoop.hdds.server.events.EventQueue.processAll(EventQueue.java:241)
	at org.apache.hadoop.ozone.recon.api.TestEndpoints.setUp(TestEndpoints.java:239)
	at sun.reflect.NativeMethodAccessorImpl.invoke0(Native Method)
	at sun.reflect.NativeMethodAccessorImpl.invoke(NativeMethodAccessorImpl.java:62)
	at sun.reflect.DelegatingMethodAccessorImpl.invoke(DelegatingMethodAccessorImpl.java:43)
	at java.lang.reflect.Method.invoke(Method.java:498)
	at org.junit.runners.model.FrameworkMethod$1.runReflectiveCall(FrameworkMethod.java:47)
	at org.junit.internal.runners.model.ReflectiveCallable.run(ReflectiveCallable.java:12)
	at org.junit.runners.model.FrameworkMethod.invokeExplosively(FrameworkMethod.java:44)
	at org.junit.internal.runners.statements.RunBefores.evaluate(RunBefores.java:24)
	at org.junit.rules.ExternalResource$1.evaluate(ExternalResource.java:48)
	at org.junit.rules.RunRules.evaluate(RunRules.java:20)
	at org.junit.runners.ParentRunner.runLeaf(ParentRunner.java:271)
	at org.junit.runners.BlockJUnit4ClassRunner.runChild(BlockJUnit4ClassRunner.java:70)
	at org.junit.runners.BlockJUnit4ClassRunner.runChild(BlockJUnit4ClassRunner.java:50)
	at org.junit.runners.ParentRunner$3.run(ParentRunner.java:238)
	at org.junit.runners.ParentRunner$1.schedule(ParentRunner.java:63)
	at org.junit.runners.ParentRunner.runChildren(ParentRunner.java:236)
	at org.junit.runners.ParentRunner.access$000(ParentRunner.java:53)
	at org.junit.runners.ParentRunner$2.evaluate(ParentRunner.java:229)
	at org.junit.runners.ParentRunner.run(ParentRunner.java:309)
	at org.apache.maven.surefire.junit4.JUnit4Provider.execute(JUnit4Provider.java:365)
	at org.apache.maven.surefire.junit4.JUnit4Provider.executeWithRerun(JUnit4Provider.java:273)
	at org.apache.maven.surefire.junit4.JUnit4Provider.executeTestSet(JUnit4Provider.java:238)
	at org.apache.maven.surefire.junit4.JUnit4Provider.invoke(JUnit4Provider.java:159)
	at org.apache.maven.surefire.booter.ForkedBooter.invokeProviderInSameClassLoader(ForkedBooter.java:384)
	at org.apache.maven.surefire.booter.ForkedBooter.runSuitesInProcess(ForkedBooter.java:345)
	at org.apache.maven.surefire.booter.ForkedBooter.execute(ForkedBooter.java:126)
	at org.apache.maven.surefire.booter.ForkedBooter.main(ForkedBooter.java:418)

[INFO] Running org.apache.hadoop.ozone.recon.TestReconCodecs
[INFO] Tests run: 2, Failures: 0, Errors: 0, Skipped: 0, Time elapsed: 0.237 s - in org.apache.hadoop.ozone.recon.TestReconCodecs
[INFO] Running org.apache.hadoop.ozone.recon.tasks.TestReconTaskControllerImpl
[INFO] Tests run: 5, Failures: 0, Errors: 0, Skipped: 0, Time elapsed: 12.352 s - in org.apache.hadoop.ozone.recon.tasks.TestReconTaskControllerImpl
[INFO] Running org.apache.hadoop.ozone.recon.tasks.TestContainerKeyMapperTask
[INFO] Tests run: 2, Failures: 0, Errors: 0, Skipped: 0, Time elapsed: 9.87 s - in org.apache.hadoop.ozone.recon.tasks.TestContainerKeyMapperTask
[INFO] Running org.apache.hadoop.ozone.recon.tasks.TestFileSizeCountTask
[INFO] Tests run: 3, Failures: 0, Errors: 0, Skipped: 0, Time elapsed: 10.68 s - in org.apache.hadoop.ozone.recon.tasks.TestFileSizeCountTask
[INFO] Running org.apache.hadoop.ozone.recon.tasks.TestOMDBUpdatesHandler
[INFO] Tests run: 3, Failures: 0, Errors: 0, Skipped: 0, Time elapsed: 1.69 s - in org.apache.hadoop.ozone.recon.tasks.TestOMDBUpdatesHandler
[INFO] Running org.apache.hadoop.ozone.recon.recovery.TestReconOmMetadataManagerImpl
[INFO] Tests run: 2, Failures: 0, Errors: 0, Skipped: 0, Time elapsed: 1.789 s - in org.apache.hadoop.ozone.recon.recovery.TestReconOmMetadataManagerImpl
[INFO] Running org.apache.hadoop.ozone.recon.TestReconUtils
[INFO] Tests run: 5, Failures: 0, Errors: 0, Skipped: 0, Time elapsed: 2.96 s - in org.apache.hadoop.ozone.recon.TestReconUtils
[INFO] Running org.apache.hadoop.ozone.recon.scm.TestReconNodeManager
[INFO] Tests run: 1, Failures: 0, Errors: 0, Skipped: 0, Time elapsed: 4.128 s - in org.apache.hadoop.ozone.recon.scm.TestReconNodeManager
[INFO] Running org.apache.hadoop.ozone.recon.scm.TestReconPipelineReportHandler
[INFO] Tests run: 1, Failures: 0, Errors: 0, Skipped: 0, Time elapsed: 3.999 s - in org.apache.hadoop.ozone.recon.scm.TestReconPipelineReportHandler
[INFO] Running org.apache.hadoop.ozone.recon.scm.TestReconContainerManager
[INFO] Tests run: 2, Failures: 0, Errors: 0, Skipped: 0, Time elapsed: 4.07 s - in org.apache.hadoop.ozone.recon.scm.TestReconContainerManager
[INFO] Running org.apache.hadoop.ozone.recon.scm.TestReconIncrementalContainerReportHandler
[INFO] Tests run: 1, Failures: 0, Errors: 0, Skipped: 0, Time elapsed: 4.631 s - in org.apache.hadoop.ozone.recon.scm.TestReconIncrementalContainerReportHandler
[INFO] Running org.apache.hadoop.ozone.recon.scm.TestReconPipelineManager
[INFO] Tests run: 3, Failures: 0, Errors: 0, Skipped: 0, Time elapsed: 3.91 s - in org.apache.hadoop.ozone.recon.scm.TestReconPipelineManager
[INFO] 
[INFO] Results:
[INFO] 
[ERROR] Failures: 
[ERROR]   TestEndpoints.setUp:239 Messages are not processed in the given timeframe. Queued: 6 Processed: 0
[INFO] 
[ERROR] Tests run: 72, Failures: 1, Errors: 0, Skipped: 0
[INFO] 
[INFO] 
[INFO] --------------< org.apache.hadoop:hadoop-ozone-datanode >---------------
[INFO] Building Apache Hadoop Ozone Datanode 0.6.0-SNAPSHOT             [25/30]
[INFO] --------------------------------[ jar ]---------------------------------
[INFO] 
[INFO] --- maven-antrun-plugin:1.3:run (create-testdirs) @ hadoop-ozone-datanode ---
[INFO] Executing tasks
[INFO] Executed tasks
[INFO] 
[INFO] --- jacoco-maven-plugin:0.8.3:prepare-agent (default-prepare-agent) @ hadoop-ozone-datanode ---
[INFO] argLine set to -javaagent:/home/user/.m2/repository/org/jacoco/org.jacoco.agent/0.8.3/org.jacoco.agent-0.8.3-runtime.jar=destfile=/github/workspace/hadoop-ozone/datanode/target/jacoco.exec
[INFO] 
[INFO] --- maven-remote-resources-plugin:1.5:process (default) @ hadoop-ozone-datanode ---
[INFO] 
[INFO] --- maven-resources-plugin:3.1.0:resources (default-resources) @ hadoop-ozone-datanode ---
[INFO] Using 'UTF-8' encoding to copy filtered resources.
[INFO] skip non existing resourceDirectory /github/workspace/hadoop-ozone/datanode/src/main/resources
[INFO] Copying 2 resources
[INFO] 
[INFO] --- maven-compiler-plugin:3.1:compile (default-compile) @ hadoop-ozone-datanode ---
[INFO] No sources to compile
[INFO] 
[INFO] --- maven-resources-plugin:3.1.0:testResources (default-testResources) @ hadoop-ozone-datanode ---
[INFO] Using 'UTF-8' encoding to copy filtered resources.
[INFO] skip non existing resourceDirectory /github/workspace/hadoop-ozone/datanode/src/test/resources
[INFO] Copying 2 resources
[INFO] 
[INFO] --- maven-compiler-plugin:3.1:testCompile (default-testCompile) @ hadoop-ozone-datanode ---
[INFO] No sources to compile
[INFO] 
[INFO] --- maven-surefire-plugin:3.0.0-M1:test (default-test) @ hadoop-ozone-datanode ---
[INFO] 
[INFO] ---------------< org.apache.hadoop:hadoop-ozone-upgrade >---------------
[INFO] Building Apache Hadoop Ozone In-Place Upgrade 0.6.0-SNAPSHOT     [26/30]
[INFO] --------------------------------[ jar ]---------------------------------
[INFO] 
[INFO] --- maven-antrun-plugin:1.3:run (create-testdirs) @ hadoop-ozone-upgrade ---
[INFO] Executing tasks
[INFO] Executed tasks
[INFO] 
[INFO] --- jacoco-maven-plugin:0.8.3:prepare-agent (default-prepare-agent) @ hadoop-ozone-upgrade ---
[INFO] argLine set to -javaagent:/home/user/.m2/repository/org/jacoco/org.jacoco.agent/0.8.3/org.jacoco.agent-0.8.3-runtime.jar=destfile=/github/workspace/hadoop-ozone/upgrade/target/jacoco.exec
[INFO] 
[INFO] --- maven-remote-resources-plugin:1.5:process (default) @ hadoop-ozone-upgrade ---
[INFO] 
[INFO] --- maven-resources-plugin:3.1.0:resources (default-resources) @ hadoop-ozone-upgrade ---
[INFO] Using 'UTF-8' encoding to copy filtered resources.
[INFO] skip non existing resourceDirectory /github/workspace/hadoop-ozone/upgrade/src/main/resources
[INFO] Copying 2 resources
[INFO] 
[INFO] --- maven-compiler-plugin:3.1:compile (default-compile) @ hadoop-ozone-upgrade ---
[INFO] Compiling 5 source files to /github/workspace/hadoop-ozone/upgrade/target/classes
[INFO] 
[INFO] --- maven-resources-plugin:3.1.0:testResources (default-testResources) @ hadoop-ozone-upgrade ---
[INFO] Using 'UTF-8' encoding to copy filtered resources.
[INFO] skip non existing resourceDirectory /github/workspace/hadoop-ozone/upgrade/src/test/resources
[INFO] Copying 2 resources
[INFO] 
[INFO] --- maven-compiler-plugin:3.1:testCompile (default-testCompile) @ hadoop-ozone-upgrade ---
[INFO] No sources to compile
[INFO] 
[INFO] --- maven-surefire-plugin:3.0.0-M1:test (default-test) @ hadoop-ozone-upgrade ---
[INFO] 
[INFO] ---------------< org.apache.hadoop:hadoop-ozone-insight >---------------
[INFO] Building Apache Hadoop Ozone Insight Tool 0.6.0-SNAPSHOT         [27/30]
[INFO] --------------------------------[ jar ]---------------------------------
[INFO] 
[INFO] --- maven-antrun-plugin:1.3:run (create-testdirs) @ hadoop-ozone-insight ---
[INFO] Executing tasks
[INFO] Executed tasks
[INFO] 
[INFO] --- jacoco-maven-plugin:0.8.3:prepare-agent (default-prepare-agent) @ hadoop-ozone-insight ---
[INFO] argLine set to -javaagent:/home/user/.m2/repository/org/jacoco/org.jacoco.agent/0.8.3/org.jacoco.agent-0.8.3-runtime.jar=destfile=/github/workspace/hadoop-ozone/insight/target/jacoco.exec
[INFO] 
[INFO] --- maven-remote-resources-plugin:1.5:process (default) @ hadoop-ozone-insight ---
[INFO] 
[INFO] --- maven-resources-plugin:3.1.0:resources (default-resources) @ hadoop-ozone-insight ---
[INFO] Using 'UTF-8' encoding to copy filtered resources.
[INFO] skip non existing resourceDirectory /github/workspace/hadoop-ozone/insight/src/main/resources
[INFO] Copying 2 resources
[INFO] 
[INFO] --- maven-compiler-plugin:3.1:compile (default-compile) @ hadoop-ozone-insight ---
[INFO] Compiling 26 source files to /github/workspace/hadoop-ozone/insight/target/classes
[WARNING] /github/workspace/hadoop-ozone/insight/src/main/java/org/apache/hadoop/ozone/insight/ConfigurationSubCommand.java: /github/workspace/hadoop-ozone/insight/src/main/java/org/apache/hadoop/ozone/insight/ConfigurationSubCommand.java uses unchecked or unsafe operations.
[WARNING] /github/workspace/hadoop-ozone/insight/src/main/java/org/apache/hadoop/ozone/insight/ConfigurationSubCommand.java: Recompile with -Xlint:unchecked for details.
[INFO] 
[INFO] --- maven-resources-plugin:3.1.0:testResources (default-testResources) @ hadoop-ozone-insight ---
[INFO] Using 'UTF-8' encoding to copy filtered resources.
[INFO] skip non existing resourceDirectory /github/workspace/hadoop-ozone/insight/src/test/resources
[INFO] Copying 2 resources
[INFO] 
[INFO] --- maven-compiler-plugin:3.1:testCompile (default-testCompile) @ hadoop-ozone-insight ---
[INFO] Compiling 2 source files to /github/workspace/hadoop-ozone/insight/target/test-classes
[INFO] 
[INFO] --- maven-surefire-plugin:3.0.0-M1:test (default-test) @ hadoop-ozone-insight ---
[INFO] 
[INFO] -------------------------------------------------------
[INFO]  T E S T S
[INFO] -------------------------------------------------------
[INFO] Running org.apache.hadoop.ozone.insight.TestLogSubcommand
[INFO] Tests run: 1, Failures: 0, Errors: 0, Skipped: 0, Time elapsed: 0.178 s - in org.apache.hadoop.ozone.insight.TestLogSubcommand
[INFO] Running org.apache.hadoop.ozone.insight.TestBaseInsightPoint
[INFO] Tests run: 1, Failures: 0, Errors: 0, Skipped: 0, Time elapsed: 0.112 s - in org.apache.hadoop.ozone.insight.TestBaseInsightPoint
[INFO] 
[INFO] Results:
[INFO] 
[INFO] Tests run: 2, Failures: 0, Errors: 0, Skipped: 0
[INFO] 
[INFO] 
[INFO] ------------------------------------------------------------------------
[INFO] Skipping Apache Hadoop Ozone Distribution
[INFO] This project has been banned from the build due to previous failures.
[INFO] ------------------------------------------------------------------------
[INFO] 
[INFO] --------< org.apache.hadoop:hadoop-ozone-fault-injection-test >---------
[INFO] Building Apache Hadoop Ozone Fault Injection Tests 0.6.0-SNAPSHOT [28/30]
[INFO] --------------------------------[ pom ]---------------------------------
[INFO] 
[INFO] --- maven-antrun-plugin:1.3:run (create-testdirs) @ hadoop-ozone-fault-injection-test ---
[INFO] Executing tasks
[INFO] Executed tasks
[INFO] 
[INFO] --- jacoco-maven-plugin:0.8.3:prepare-agent (default-prepare-agent) @ hadoop-ozone-fault-injection-test ---
[INFO] argLine set to -javaagent:/home/user/.m2/repository/org/jacoco/org.jacoco.agent/0.8.3/org.jacoco.agent-0.8.3-runtime.jar=destfile=/github/workspace/hadoop-ozone/fault-injection-test/target/jacoco.exec
[INFO] 
[INFO] --- maven-remote-resources-plugin:1.5:process (default) @ hadoop-ozone-fault-injection-test ---
[INFO] 
[INFO] ------------< org.apache.hadoop:hadoop-ozone-network-tests >------------
[INFO] Building Apache Hadoop Ozone Network Tests 0.6.0-SNAPSHOT        [29/30]
[INFO] --------------------------------[ jar ]---------------------------------
[INFO] 
[INFO] --- maven-antrun-plugin:1.3:run (create-testdirs) @ hadoop-ozone-network-tests ---
[INFO] Executing tasks
[INFO] Executed tasks
[INFO] 
[INFO] --- jacoco-maven-plugin:0.8.3:prepare-agent (default-prepare-agent) @ hadoop-ozone-network-tests ---
[INFO] argLine set to -javaagent:/home/user/.m2/repository/org/jacoco/org.jacoco.agent/0.8.3/org.jacoco.agent-0.8.3-runtime.jar=destfile=/github/workspace/hadoop-ozone/fault-injection-test/network-tests/target/jacoco.exec
[INFO] 
[INFO] --- maven-remote-resources-plugin:1.5:process (default) @ hadoop-ozone-network-tests ---
[INFO] 
[INFO] --- maven-resources-plugin:3.1.0:resources (default-resources) @ hadoop-ozone-network-tests ---
[INFO] Using 'UTF-8' encoding to copy filtered resources.
[INFO] skip non existing resourceDirectory /github/workspace/hadoop-ozone/fault-injection-test/network-tests/src/main/resources
[INFO] Copying 2 resources
[INFO] 
[INFO] --- maven-resources-plugin:3.1.0:copy-resources (copy-resources) @ hadoop-ozone-network-tests ---
[INFO] Using 'UTF-8' encoding to copy filtered resources.
[INFO] Copying 2 resources
[INFO] 
[INFO] --- maven-compiler-plugin:3.1:compile (default-compile) @ hadoop-ozone-network-tests ---
[INFO] No sources to compile
[INFO] 
[INFO] --- maven-resources-plugin:3.1.0:testResources (default-testResources) @ hadoop-ozone-network-tests ---
[INFO] Using 'UTF-8' encoding to copy filtered resources.
[INFO] skip non existing resourceDirectory /github/workspace/hadoop-ozone/fault-injection-test/network-tests/src/test/resources
[INFO] Copying 2 resources
[INFO] 
[INFO] --- maven-compiler-plugin:3.1:testCompile (default-testCompile) @ hadoop-ozone-network-tests ---
[INFO] No sources to compile
[INFO] 
[INFO] --- maven-surefire-plugin:3.0.0-M1:test (default-test) @ hadoop-ozone-network-tests ---
[INFO] ------------------------------------------------------------------------
[INFO] Reactor Summary for Apache Hadoop Ozone Main 0.6.0-SNAPSHOT:
[INFO] 
[INFO] Apache Hadoop Ozone Main ........................... SUCCESS [  1.804 s]
[INFO] Apache Hadoop HDDS ................................. SUCCESS [  0.397 s]
[INFO] Apache Hadoop HDDS Hadoop Client dependencies ...... SUCCESS [  4.516 s]
[INFO] Apache Hadoop HDDS Hadoop Test dependencies ........ SUCCESS [  3.570 s]
[INFO] Apache Hadoop HDDS Hadoop Server dependencies ...... SUCCESS [  0.810 s]
[INFO] Apache Hadoop HDDS Test Utils ...................... SUCCESS [  1.155 s]
[INFO] Apache Hadoop HDDS Config .......................... SUCCESS [  3.874 s]
[INFO] Apache Hadoop HDDS Common .......................... SUCCESS [01:34 min]
[INFO] Apache Hadoop HDDS Client .......................... SUCCESS [  4.842 s]
[INFO] Apache Hadoop HDDS Server Framework ................ SUCCESS [02:05 min]
[INFO] Apache Hadoop HDDS Container Service ............... SUCCESS [03:00 min]
[INFO] Apache Hadoop HDDS/Ozone Documentation ............. SUCCESS [  0.770 s]
[INFO] Apache Hadoop HDDS SCM Server ...................... SUCCESS [04:51 min]
[INFO] Apache Hadoop HDDS Tools ........................... SUCCESS [  1.459 s]
[INFO] Apache Hadoop Ozone ................................ SUCCESS [  0.054 s]
[INFO] Apache Hadoop Ozone Common ......................... SUCCESS [ 34.050 s]
[INFO] Apache Hadoop Ozone Client ......................... SUCCESS [  5.037 s]
[INFO] Apache Hadoop Ozone Manager Server ................. SUCCESS [07:16 min]
[INFO] Apache Hadoop Ozone FileSystem ..................... SUCCESS [ 16.936 s]
[INFO] Apache Hadoop Ozone Tools .......................... SUCCESS [ 12.748 s]
[INFO] Apache Hadoop Ozone S3 Gateway ..................... SUCCESS [01:13 min]
[INFO] Apache Hadoop Ozone CSI service .................... SUCCESS [  5.956 s]
[INFO] Apache Hadoop Ozone Recon CodeGen .................. SUCCESS [  0.561 s]
[INFO] Apache Hadoop Ozone Recon .......................... FAILURE [03:33 min]
[INFO] Apache Hadoop Ozone Datanode ....................... SUCCESS [  0.751 s]
[INFO] Apache Hadoop Ozone In-Place Upgrade ............... SUCCESS [  0.455 s]
[INFO] Apache Hadoop Ozone Insight Tool ................... SUCCESS [  4.229 s]
[INFO] Apache Hadoop Ozone Distribution ................... SKIPPED
[INFO] Apache Hadoop Ozone Fault Injection Tests .......... SUCCESS [  0.020 s]
[INFO] Apache Hadoop Ozone Network Tests .................. SUCCESS [  0.069 s]
[INFO] ------------------------------------------------------------------------
[INFO] BUILD FAILURE
[INFO] ------------------------------------------------------------------------
[INFO] Total time:  25:21 min
[INFO] Finished at: 2020-05-14T21:44:24Z
[INFO] ------------------------------------------------------------------------
[ERROR] Failed to execute goal org.apache.maven.plugins:maven-surefire-plugin:3.0.0-M1:test (default-test) on project hadoop-ozone-recon: There are test failures.
[ERROR] 
[ERROR] Please refer to /github/workspace/hadoop-ozone/recon/target/surefire-reports for the individual test results.
[ERROR] Please refer to dump files (if any exist) [date].dump, [date]-jvmRun[N].dump and [date].dumpstream.
[ERROR] -> [Help 1]
[ERROR] 
[ERROR] To see the full stack trace of the errors, re-run Maven with the -e switch.
[ERROR] Re-run Maven using the -X switch to enable full debug logging.
[ERROR] 
[ERROR] For more information about the errors and possible solutions, please read the following articles:
[ERROR] [Help 1] http://cwiki.apache.org/confluence/display/MAVEN/MojoFailureException
[ERROR] 
[ERROR] After correcting the problems, you can resume the build with the command
[ERROR]   mvn <args> -rf :hadoop-ozone-recon
