[INFO] Scanning for projects...
[INFO] ------------------------------------------------------------------------
[INFO] Detecting the operating system and CPU architecture
[INFO] ------------------------------------------------------------------------
[INFO] os.detected.name: linux
[INFO] os.detected.arch: x86_64
[INFO] os.detected.version: 5.15
[INFO] os.detected.version.major: 5
[INFO] os.detected.version.minor: 15
[INFO] os.detected.release: ubuntu
[INFO] os.detected.release.version: 20.04
[INFO] os.detected.release.like.ubuntu: true
[INFO] os.detected.release.like.debian: true
[INFO] os.detected.classifier: linux-x86_64
[INFO] ------------------------------------------------------------------------
[INFO] Reactor Build Order:
[INFO] 
[INFO] Apache Ozone Main                                                  [pom]
[INFO] Apache Ozone HDDS                                                  [pom]
[INFO] Apache Ozone Annotation Processing                                 [jar]
[INFO] Apache Ozone HDDS Hadoop Client dependencies                       [jar]
[INFO] Apache Ozone HDDS Hadoop Test dependencies                         [jar]
[INFO] Apache Ozone HDDS Hadoop Server dependencies                       [jar]
[INFO] Apache Ozone HDDS Client Interface                                 [jar]
[INFO] Apache Ozone HDDS Admin Interface                                  [jar]
[INFO] Apache Ozone HDDS Server Interface                                 [jar]
[INFO] Apache Ozone HDDS Test Utils                                       [jar]
[INFO] Apache Ozone HDDS Config                                           [jar]
[INFO] Apache Ozone HDDS Common                                           [jar]
[INFO] Apache Ozone HDDS Erasurecode                                      [jar]
[INFO] Apache Ozone HDDS Client                                           [jar]
[INFO] Apache Ozone HDDS Managed RocksDB                                  [jar]
[INFO] Apache Ozone HDDS RocksDB Tools                                    [jar]
[INFO] RocksDB Checkpoint Differ                                          [jar]
[INFO] Apache Ozone HDDS Server Framework                                 [jar]
[INFO] Apache Ozone/HDDS Documentation                                    [jar]
[INFO] Apache Ozone HDDS Container Service                                [jar]
[INFO] Apache Ozone HDDS SCM Server                                       [jar]
[INFO] Apache Ozone HDDS Tools                                            [jar]
[INFO] Apache Ozone                                                       [pom]
[INFO] Apache Ozone Client Interface                                      [jar]
[INFO] Apache Ozone Common                                                [jar]
[INFO] Apache Ozone Storage Interface                                     [jar]
[INFO] Apache Ozone Client                                                [jar]
[INFO] Apache Ozone Manager Server                                        [jar]
[INFO] Apache Ozone FileSystem Common                                     [jar]
[INFO] Apache Ozone FileSystem                                            [jar]
[INFO] Apache Ozone Recon CodeGen                                         [jar]
[INFO] Apache Ozone Recon                                                 [jar]
[INFO] Apache Ozone Tools                                                 [jar]
[INFO] Apache Ozone S3 Gateway                                            [jar]
[INFO] Apache Ozone CSI service                                           [jar]
[INFO] Apache Ozone Datanode                                              [jar]
[INFO] Apache Ozone Insight Tool                                          [jar]
[INFO] Apache Ozone HttpFS                                                [jar]
[INFO] Apache Ozone S3 Secret Store                                       [jar]
[INFO] Apache Ozone FileSystem Shaded                                     [jar]
[INFO] Apache Ozone FS Hadoop 2.x compatibility                           [jar]
[INFO] Apache Ozone FS Hadoop 3.x compatibility                           [jar]
[INFO] Apache Ozone FS Hadoop shaded 3.x compatibility                    [jar]
[INFO] Apache Ozone Distribution                                          [jar]
[INFO] Apache Ozone Fault Injection Tests                                 [pom]
[INFO] Apache Ozone Network Tests                                         [jar]
[INFO] 
[INFO] --------------------< org.apache.ozone:ozone-main >---------------------
[INFO] Building Apache Ozone Main 1.4.0-SNAPSHOT                         [1/46]
[INFO]   from pom.xml
[INFO] --------------------------------[ pom ]---------------------------------
[INFO] 
[INFO] --- maven-antrun-plugin:3.1.0:run (create-testdirs) @ ozone-main ---
[INFO] Executing tasks
[INFO]     [mkdir] Created dir: /home/runner/work/ozone/ozone/target/test-dir
[INFO] Executed tasks
[INFO] 
[INFO] --- maven-enforcer-plugin:3.2.1:enforce (enforce-property) @ ozone-main ---
[INFO] Rule 0: org.apache.maven.enforcer.rules.property.RequireProperty passed
[INFO] Rule 1: org.apache.maven.enforcer.rules.version.RequireMavenVersion passed
[INFO] Rule 2: org.apache.maven.enforcer.rules.version.RequireJavaVersion passed
[INFO] 
[INFO] --- jacoco-maven-plugin:0.8.5:prepare-agent (default-prepare-agent) @ ozone-main ---
[INFO] argLine set to -javaagent:/home/runner/.m2/repository/org/jacoco/org.jacoco.agent/0.8.5/org.jacoco.agent-0.8.5-runtime.jar=destfile=/home/runner/work/ozone/ozone/target/jacoco.exec,includes=org.apache.hadoop.hdds.*:org.apache.hadoop.ozone.*:org.apache.hadoop.fs.ozone.*
[INFO] 
[INFO] --- maven-enforcer-plugin:3.2.1:enforce (banned-rocksdb-imports) @ ozone-main ---
[INFO] Rule 0: org.apache.maven.plugins.enforcer.RestrictImports passed
[INFO] Rule 1: org.apache.maven.plugins.enforcer.RestrictImports passed
[INFO] Rule 2: org.apache.maven.plugins.enforcer.RestrictImports passed
[INFO] 
[INFO] --- maven-remote-resources-plugin:1.5:process (default) @ ozone-main ---
[INFO] 
[INFO] -----------------------< org.apache.ozone:hdds >------------------------
[INFO] Building Apache Ozone HDDS 1.4.0-SNAPSHOT                         [2/46]
[INFO]   from hadoop-hdds/pom.xml
[INFO] --------------------------------[ pom ]---------------------------------
[INFO] 
[INFO] --- maven-antrun-plugin:3.1.0:run (create-testdirs) @ hdds ---
[INFO] Executing tasks
[INFO]     [mkdir] Created dir: /home/runner/work/ozone/ozone/hadoop-hdds/target/test-dir
[INFO] Executed tasks
[INFO] 
[INFO] --- jacoco-maven-plugin:0.8.5:prepare-agent (default-prepare-agent) @ hdds ---
[INFO] argLine set to -javaagent:/home/runner/.m2/repository/org/jacoco/org.jacoco.agent/0.8.5/org.jacoco.agent-0.8.5-runtime.jar=destfile=/home/runner/work/ozone/ozone/hadoop-hdds/target/jacoco.exec,includes=org.apache.hadoop.hdds.*:org.apache.hadoop.ozone.*:org.apache.hadoop.fs.ozone.*
[INFO] 
[INFO] --- maven-enforcer-plugin:3.2.1:enforce (banned-rocksdb-imports) @ hdds ---
[INFO] Rule 0: org.apache.maven.plugins.enforcer.RestrictImports passed
[INFO] Rule 1: org.apache.maven.plugins.enforcer.RestrictImports passed
[INFO] Rule 2: org.apache.maven.plugins.enforcer.RestrictImports passed
[INFO] Rule 3: org.apache.maven.enforcer.rules.version.RequireMavenVersion passed
[INFO] Rule 4: org.apache.maven.enforcer.rules.version.RequireJavaVersion passed
[INFO] 
[INFO] --- maven-remote-resources-plugin:1.5:process (default) @ hdds ---
[INFO] 
[INFO] ------------< org.apache.ozone:hdds-annotation-processing >-------------
[INFO] Building Apache Ozone Annotation Processing 1.4.0-SNAPSHOT        [3/46]
[INFO]   from hadoop-hdds/annotations/pom.xml
[INFO] --------------------------------[ jar ]---------------------------------
[INFO] 
[INFO] --- maven-antrun-plugin:3.1.0:run (create-testdirs) @ hdds-annotation-processing ---
[INFO] Executing tasks
[INFO]     [mkdir] Created dir: /home/runner/work/ozone/ozone/hadoop-hdds/annotations/target/test-dir
[INFO] Executed tasks
[INFO] 
[INFO] --- jacoco-maven-plugin:0.8.5:prepare-agent (default-prepare-agent) @ hdds-annotation-processing ---
[INFO] argLine set to -javaagent:/home/runner/.m2/repository/org/jacoco/org.jacoco.agent/0.8.5/org.jacoco.agent-0.8.5-runtime.jar=destfile=/home/runner/work/ozone/ozone/hadoop-hdds/annotations/target/jacoco.exec,includes=org.apache.hadoop.hdds.*:org.apache.hadoop.ozone.*:org.apache.hadoop.fs.ozone.*
[INFO] 
[INFO] --- maven-enforcer-plugin:3.2.1:enforce (banned-rocksdb-imports) @ hdds-annotation-processing ---
[INFO] Rule 0: org.apache.maven.plugins.enforcer.RestrictImports passed
[INFO] Rule 1: org.apache.maven.plugins.enforcer.RestrictImports passed
[INFO] Rule 2: org.apache.maven.plugins.enforcer.RestrictImports passed
[INFO] 
[INFO] --- maven-remote-resources-plugin:1.5:process (default) @ hdds-annotation-processing ---
[INFO] 
[INFO] --- maven-resources-plugin:3.1.0:resources (default-resources) @ hdds-annotation-processing ---
[INFO] Using 'UTF-8' encoding to copy filtered resources.
[INFO] skip non existing resourceDirectory /home/runner/work/ozone/ozone/hadoop-hdds/annotations/src/main/resources
[INFO] Copying 2 resources
[INFO] 
[INFO] --- maven-compiler-plugin:3.1:compile (default-compile) @ hdds-annotation-processing ---
[INFO] Compiling 3 source files to /home/runner/work/ozone/ozone/hadoop-hdds/annotations/target/classes
[INFO] 
[INFO] --- maven-resources-plugin:3.1.0:testResources (default-testResources) @ hdds-annotation-processing ---
[INFO] Using 'UTF-8' encoding to copy filtered resources.
[INFO] skip non existing resourceDirectory /home/runner/work/ozone/ozone/hadoop-hdds/annotations/src/test/resources
[INFO] Copying 2 resources
[INFO] 
[INFO] --- maven-compiler-plugin:3.1:testCompile (default-testCompile) @ hdds-annotation-processing ---
[INFO] No sources to compile
[INFO] 
[INFO] --- maven-surefire-plugin:3.0.0-M5:test (default-test) @ hdds-annotation-processing ---
[INFO] 
[INFO] -----------< org.apache.ozone:hdds-hadoop-dependency-client >-----------
[INFO] Building Apache Ozone HDDS Hadoop Client dependencies 1.4.0-SNAPSHOT [4/46]
[INFO]   from hadoop-hdds/hadoop-dependency-client/pom.xml
[INFO] --------------------------------[ jar ]---------------------------------
[INFO] 
[INFO] --- maven-antrun-plugin:3.1.0:run (create-testdirs) @ hdds-hadoop-dependency-client ---
[INFO] Executing tasks
[INFO]     [mkdir] Created dir: /home/runner/work/ozone/ozone/hadoop-hdds/hadoop-dependency-client/target/test-dir
[INFO] Executed tasks
[INFO] 
[INFO] --- jacoco-maven-plugin:0.8.5:prepare-agent (default-prepare-agent) @ hdds-hadoop-dependency-client ---
[INFO] argLine set to -javaagent:/home/runner/.m2/repository/org/jacoco/org.jacoco.agent/0.8.5/org.jacoco.agent-0.8.5-runtime.jar=destfile=/home/runner/work/ozone/ozone/hadoop-hdds/hadoop-dependency-client/target/jacoco.exec,includes=org.apache.hadoop.hdds.*:org.apache.hadoop.ozone.*:org.apache.hadoop.fs.ozone.*
[INFO] 
[INFO] --- maven-enforcer-plugin:3.2.1:enforce (banned-rocksdb-imports) @ hdds-hadoop-dependency-client ---
[INFO] Rule 0: org.apache.maven.plugins.enforcer.RestrictImports passed
[INFO] Rule 1: org.apache.maven.plugins.enforcer.RestrictImports passed
[INFO] Rule 2: org.apache.maven.plugins.enforcer.RestrictImports passed
[INFO] 
[INFO] --- maven-remote-resources-plugin:1.5:process (default) @ hdds-hadoop-dependency-client ---
[INFO] 
[INFO] --- maven-resources-plugin:3.1.0:resources (default-resources) @ hdds-hadoop-dependency-client ---
[INFO] Using 'UTF-8' encoding to copy filtered resources.
[INFO] skip non existing resourceDirectory /home/runner/work/ozone/ozone/hadoop-hdds/hadoop-dependency-client/src/main/resources
[INFO] Copying 2 resources
[INFO] 
[INFO] --- maven-compiler-plugin:3.1:compile (default-compile) @ hdds-hadoop-dependency-client ---
[INFO] No sources to compile
[INFO] 
[INFO] --- maven-resources-plugin:3.1.0:testResources (default-testResources) @ hdds-hadoop-dependency-client ---
[INFO] Using 'UTF-8' encoding to copy filtered resources.
[INFO] skip non existing resourceDirectory /home/runner/work/ozone/ozone/hadoop-hdds/hadoop-dependency-client/src/test/resources
[INFO] Copying 2 resources
[INFO] 
[INFO] --- maven-compiler-plugin:3.1:testCompile (default-testCompile) @ hdds-hadoop-dependency-client ---
[INFO] No sources to compile
[INFO] 
[INFO] --- maven-surefire-plugin:3.0.0-M5:test (default-test) @ hdds-hadoop-dependency-client ---
[INFO] 
[INFO] ------------< org.apache.ozone:hdds-hadoop-dependency-test >------------
[INFO] Building Apache Ozone HDDS Hadoop Test dependencies 1.4.0-SNAPSHOT [5/46]
[INFO]   from hadoop-hdds/hadoop-dependency-test/pom.xml
[INFO] --------------------------------[ jar ]---------------------------------
[INFO] 
[INFO] --- maven-antrun-plugin:3.1.0:run (create-testdirs) @ hdds-hadoop-dependency-test ---
[INFO] Executing tasks
[INFO]     [mkdir] Created dir: /home/runner/work/ozone/ozone/hadoop-hdds/hadoop-dependency-test/target/test-dir
[INFO] Executed tasks
[INFO] 
[INFO] --- jacoco-maven-plugin:0.8.5:prepare-agent (default-prepare-agent) @ hdds-hadoop-dependency-test ---
[INFO] argLine set to -javaagent:/home/runner/.m2/repository/org/jacoco/org.jacoco.agent/0.8.5/org.jacoco.agent-0.8.5-runtime.jar=destfile=/home/runner/work/ozone/ozone/hadoop-hdds/hadoop-dependency-test/target/jacoco.exec,includes=org.apache.hadoop.hdds.*:org.apache.hadoop.ozone.*:org.apache.hadoop.fs.ozone.*
[INFO] 
[INFO] --- maven-enforcer-plugin:3.2.1:enforce (banned-rocksdb-imports) @ hdds-hadoop-dependency-test ---
[INFO] Rule 0: org.apache.maven.plugins.enforcer.RestrictImports passed
[INFO] Rule 1: org.apache.maven.plugins.enforcer.RestrictImports passed
[INFO] Rule 2: org.apache.maven.plugins.enforcer.RestrictImports passed
[INFO] 
[INFO] --- maven-remote-resources-plugin:1.5:process (default) @ hdds-hadoop-dependency-test ---
[INFO] 
[INFO] --- maven-resources-plugin:3.1.0:resources (default-resources) @ hdds-hadoop-dependency-test ---
[INFO] Using 'UTF-8' encoding to copy filtered resources.
[INFO] skip non existing resourceDirectory /home/runner/work/ozone/ozone/hadoop-hdds/hadoop-dependency-test/src/main/resources
[INFO] Copying 2 resources
[INFO] 
[INFO] --- maven-compiler-plugin:3.1:compile (default-compile) @ hdds-hadoop-dependency-test ---
[INFO] No sources to compile
[INFO] 
[INFO] --- maven-resources-plugin:3.1.0:testResources (default-testResources) @ hdds-hadoop-dependency-test ---
[INFO] Using 'UTF-8' encoding to copy filtered resources.
[INFO] skip non existing resourceDirectory /home/runner/work/ozone/ozone/hadoop-hdds/hadoop-dependency-test/src/test/resources
[INFO] Copying 2 resources
[INFO] 
[INFO] --- maven-compiler-plugin:3.1:testCompile (default-testCompile) @ hdds-hadoop-dependency-test ---
[INFO] No sources to compile
[INFO] 
[INFO] --- maven-surefire-plugin:3.0.0-M5:test (default-test) @ hdds-hadoop-dependency-test ---
[INFO] 
[INFO] -----------< org.apache.ozone:hdds-hadoop-dependency-server >-----------
[INFO] Building Apache Ozone HDDS Hadoop Server dependencies 1.4.0-SNAPSHOT [6/46]
[INFO]   from hadoop-hdds/hadoop-dependency-server/pom.xml
[INFO] --------------------------------[ jar ]---------------------------------
[INFO] 
[INFO] --- maven-antrun-plugin:3.1.0:run (create-testdirs) @ hdds-hadoop-dependency-server ---
[INFO] Executing tasks
[INFO]     [mkdir] Created dir: /home/runner/work/ozone/ozone/hadoop-hdds/hadoop-dependency-server/target/test-dir
[INFO] Executed tasks
[INFO] 
[INFO] --- jacoco-maven-plugin:0.8.5:prepare-agent (default-prepare-agent) @ hdds-hadoop-dependency-server ---
[INFO] argLine set to -javaagent:/home/runner/.m2/repository/org/jacoco/org.jacoco.agent/0.8.5/org.jacoco.agent-0.8.5-runtime.jar=destfile=/home/runner/work/ozone/ozone/hadoop-hdds/hadoop-dependency-server/target/jacoco.exec,includes=org.apache.hadoop.hdds.*:org.apache.hadoop.ozone.*:org.apache.hadoop.fs.ozone.*
[INFO] 
[INFO] --- maven-enforcer-plugin:3.2.1:enforce (banned-rocksdb-imports) @ hdds-hadoop-dependency-server ---
[INFO] Rule 0: org.apache.maven.plugins.enforcer.RestrictImports passed
[INFO] Rule 1: org.apache.maven.plugins.enforcer.RestrictImports passed
[INFO] Rule 2: org.apache.maven.plugins.enforcer.RestrictImports passed
[INFO] 
[INFO] --- maven-remote-resources-plugin:1.5:process (default) @ hdds-hadoop-dependency-server ---
[INFO] 
[INFO] --- maven-resources-plugin:3.1.0:resources (default-resources) @ hdds-hadoop-dependency-server ---
[INFO] Using 'UTF-8' encoding to copy filtered resources.
[INFO] skip non existing resourceDirectory /home/runner/work/ozone/ozone/hadoop-hdds/hadoop-dependency-server/src/main/resources
[INFO] Copying 2 resources
[INFO] 
[INFO] --- maven-compiler-plugin:3.1:compile (default-compile) @ hdds-hadoop-dependency-server ---
[INFO] No sources to compile
[INFO] 
[INFO] --- maven-resources-plugin:3.1.0:testResources (default-testResources) @ hdds-hadoop-dependency-server ---
[INFO] Using 'UTF-8' encoding to copy filtered resources.
[INFO] skip non existing resourceDirectory /home/runner/work/ozone/ozone/hadoop-hdds/hadoop-dependency-server/src/test/resources
[INFO] Copying 2 resources
[INFO] 
[INFO] --- maven-compiler-plugin:3.1:testCompile (default-testCompile) @ hdds-hadoop-dependency-server ---
[INFO] No sources to compile
[INFO] 
[INFO] --- maven-surefire-plugin:3.0.0-M5:test (default-test) @ hdds-hadoop-dependency-server ---
[INFO] 
[INFO] ---------------< org.apache.ozone:hdds-interface-client >---------------
[INFO] Building Apache Ozone HDDS Client Interface 1.4.0-SNAPSHOT        [7/46]
[INFO]   from hadoop-hdds/interface-client/pom.xml
[INFO] --------------------------------[ jar ]---------------------------------
[INFO] 
[INFO] --- maven-antrun-plugin:3.1.0:run (create-testdirs) @ hdds-interface-client ---
[INFO] Executing tasks
[INFO]     [mkdir] Created dir: /home/runner/work/ozone/ozone/hadoop-hdds/interface-client/target/test-dir
[INFO] Executed tasks
[INFO] 
[INFO] --- jacoco-maven-plugin:0.8.5:prepare-agent (default-prepare-agent) @ hdds-interface-client ---
[INFO] argLine set to -javaagent:/home/runner/.m2/repository/org/jacoco/org.jacoco.agent/0.8.5/org.jacoco.agent-0.8.5-runtime.jar=destfile=/home/runner/work/ozone/ozone/hadoop-hdds/interface-client/target/jacoco.exec,includes=org.apache.hadoop.hdds.*:org.apache.hadoop.ozone.*:org.apache.hadoop.fs.ozone.*
[INFO] 
[INFO] --- protobuf-maven-plugin:0.5.1:compile (compile-protoc-grpc) @ hdds-interface-client ---
[INFO] Compiling 1 proto file(s) to /home/runner/work/ozone/ozone/hadoop-hdds/interface-client/target/generated-sources/java
[INFO] 
[INFO] --- protobuf-maven-plugin:0.5.1:compile-custom (compile-protoc-grpc) @ hdds-interface-client ---
[INFO] Compiling 1 proto file(s) to /home/runner/work/ozone/ozone/hadoop-hdds/interface-client/target/generated-sources/java
[INFO] 
[INFO] --- protobuf-maven-plugin:0.5.1:compile (compile-protoc-2) @ hdds-interface-client ---
[INFO] Compiling 2 proto file(s) to /home/runner/work/ozone/ozone/hadoop-hdds/interface-client/target/generated-sources/java
[INFO] 
[INFO] --- protobuf-maven-plugin:0.5.1:compile (compile-protoc-3) @ hdds-interface-client ---
[INFO] Compiling 2 proto file(s) to /home/runner/work/ozone/ozone/hadoop-hdds/interface-client/target/generated-sources/java/proto3
[INFO] 
[INFO] --- maven-antrun-plugin:3.1.0:run (default) @ hdds-interface-client ---
[INFO] Executing tasks
[INFO]      [move] Moving 2 files to /home/runner/work/ozone/ozone/hadoop-hdds/interface-client/target/generated-sources
[INFO] Executed tasks
[INFO] 
[INFO] --- maven-enforcer-plugin:3.2.1:enforce (banned-rocksdb-imports) @ hdds-interface-client ---
[INFO] Rule 0: org.apache.maven.plugins.enforcer.RestrictImports passed
[INFO] Rule 1: org.apache.maven.plugins.enforcer.RestrictImports passed
[INFO] Rule 2: org.apache.maven.plugins.enforcer.RestrictImports passed
[INFO] Rule 3: org.apache.maven.enforcer.rules.version.RequireMavenVersion passed
[INFO] Rule 4: org.apache.maven.enforcer.rules.version.RequireJavaVersion passed
[INFO] 
[INFO] --- maven-remote-resources-plugin:1.5:process (default) @ hdds-interface-client ---
[INFO] 
[INFO] --- maven-resources-plugin:3.1.0:resources (default-resources) @ hdds-interface-client ---
[INFO] Using 'UTF-8' encoding to copy filtered resources.
[INFO] Copying 1 resource
[INFO] Copying 1 resource
[INFO] Copying 1 resource
[INFO] Copying 2 resources
[INFO] Copying 2 resources
[INFO] Copying 2 resources
[INFO] 
[INFO] --- maven-compiler-plugin:3.1:compile (default-compile) @ hdds-interface-client ---
[INFO] Compiling 7 source files to /home/runner/work/ozone/ozone/hadoop-hdds/interface-client/target/classes
[INFO] 
[INFO] --- protobuf-maven-plugin:0.5.1:test-compile (compile-protoc-grpc) @ hdds-interface-client ---
[INFO] /home/runner/work/ozone/ozone/hadoop-hdds/interface-client/src/test/proto does not exist. Review the configuration or consider disabling the plugin.
[INFO] 
[INFO] --- protobuf-maven-plugin:0.5.1:test-compile-custom (compile-protoc-grpc) @ hdds-interface-client ---
[INFO] /home/runner/work/ozone/ozone/hadoop-hdds/interface-client/src/test/proto does not exist. Review the configuration or consider disabling the plugin.
[INFO] 
[INFO] --- protobuf-maven-plugin:0.5.1:test-compile (compile-protoc-2) @ hdds-interface-client ---
[INFO] /home/runner/work/ozone/ozone/hadoop-hdds/interface-client/src/test/proto does not exist. Review the configuration or consider disabling the plugin.
[INFO] 
[INFO] --- protobuf-maven-plugin:0.5.1:test-compile (compile-protoc-3) @ hdds-interface-client ---
[INFO] /home/runner/work/ozone/ozone/hadoop-hdds/interface-client/src/test/proto does not exist. Review the configuration or consider disabling the plugin.
[INFO] 
[INFO] --- maven-resources-plugin:3.1.0:testResources (default-testResources) @ hdds-interface-client ---
[INFO] Using 'UTF-8' encoding to copy filtered resources.
[INFO] skip non existing resourceDirectory /home/runner/work/ozone/ozone/hadoop-hdds/interface-client/src/test/resources
[INFO] Copying 2 resources
[INFO] 
[INFO] --- maven-compiler-plugin:3.1:testCompile (default-testCompile) @ hdds-interface-client ---
[INFO] No sources to compile
[INFO] 
[INFO] --- maven-surefire-plugin:3.0.0-M5:test (default-test) @ hdds-interface-client ---
[INFO] 
[INFO] ---------------< org.apache.ozone:hdds-interface-admin >----------------
[INFO] Building Apache Ozone HDDS Admin Interface 1.4.0-SNAPSHOT         [8/46]
[INFO]   from hadoop-hdds/interface-admin/pom.xml
[INFO] --------------------------------[ jar ]---------------------------------
[INFO] 
[INFO] --- maven-antrun-plugin:3.1.0:run (create-testdirs) @ hdds-interface-admin ---
[INFO] Executing tasks
[INFO]     [mkdir] Created dir: /home/runner/work/ozone/ozone/hadoop-hdds/interface-admin/target/test-dir
[INFO] Executed tasks
[INFO] 
[INFO] --- jacoco-maven-plugin:0.8.5:prepare-agent (default-prepare-agent) @ hdds-interface-admin ---
[INFO] argLine set to -javaagent:/home/runner/.m2/repository/org/jacoco/org.jacoco.agent/0.8.5/org.jacoco.agent-0.8.5-runtime.jar=destfile=/home/runner/work/ozone/ozone/hadoop-hdds/interface-admin/target/jacoco.exec,includes=org.apache.hadoop.hdds.*:org.apache.hadoop.ozone.*:org.apache.hadoop.fs.ozone.*
[INFO] 
[INFO] --- protobuf-maven-plugin:0.5.1:compile (compile-protoc-2) @ hdds-interface-admin ---
[INFO] Compiling 1 proto file(s) to /home/runner/work/ozone/ozone/hadoop-hdds/interface-admin/target/generated-sources/java
[INFO] 
[INFO] --- maven-enforcer-plugin:3.2.1:enforce (banned-rocksdb-imports) @ hdds-interface-admin ---
[INFO] Rule 0: org.apache.maven.plugins.enforcer.RestrictImports passed
[INFO] Rule 1: org.apache.maven.plugins.enforcer.RestrictImports passed
[INFO] Rule 2: org.apache.maven.plugins.enforcer.RestrictImports passed
[INFO] 
[INFO] --- maven-remote-resources-plugin:1.5:process (default) @ hdds-interface-admin ---
[INFO] 
[INFO] --- maven-resources-plugin:3.1.0:resources (default-resources) @ hdds-interface-admin ---
[INFO] Using 'UTF-8' encoding to copy filtered resources.
[INFO] Copying 1 resource
[INFO] Copying 1 resource
[INFO] Copying 2 resources
[INFO] 
[INFO] --- maven-compiler-plugin:3.1:compile (default-compile) @ hdds-interface-admin ---
[INFO] Compiling 1 source file to /home/runner/work/ozone/ozone/hadoop-hdds/interface-admin/target/classes
[INFO] 
[INFO] --- protobuf-maven-plugin:0.5.1:test-compile (compile-protoc-2) @ hdds-interface-admin ---
[INFO] /home/runner/work/ozone/ozone/hadoop-hdds/interface-admin/src/test/proto does not exist. Review the configuration or consider disabling the plugin.
[INFO] 
[INFO] --- maven-resources-plugin:3.1.0:testResources (default-testResources) @ hdds-interface-admin ---
[INFO] Using 'UTF-8' encoding to copy filtered resources.
[INFO] skip non existing resourceDirectory /home/runner/work/ozone/ozone/hadoop-hdds/interface-admin/src/test/resources
[INFO] Copying 2 resources
[INFO] 
[INFO] --- maven-compiler-plugin:3.1:testCompile (default-testCompile) @ hdds-interface-admin ---
[INFO] No sources to compile
[INFO] 
[INFO] --- maven-surefire-plugin:3.0.0-M5:test (default-test) @ hdds-interface-admin ---
[INFO] 
[INFO] ---------------< org.apache.ozone:hdds-interface-server >---------------
[INFO] Building Apache Ozone HDDS Server Interface 1.4.0-SNAPSHOT        [9/46]
[INFO]   from hadoop-hdds/interface-server/pom.xml
[INFO] --------------------------------[ jar ]---------------------------------
[INFO] 
[INFO] --- maven-antrun-plugin:3.1.0:run (create-testdirs) @ hdds-interface-server ---
[INFO] Executing tasks
[INFO]     [mkdir] Created dir: /home/runner/work/ozone/ozone/hadoop-hdds/interface-server/target/test-dir
[INFO] Executed tasks
[INFO] 
[INFO] --- jacoco-maven-plugin:0.8.5:prepare-agent (default-prepare-agent) @ hdds-interface-server ---
[INFO] argLine set to -javaagent:/home/runner/.m2/repository/org/jacoco/org.jacoco.agent/0.8.5/org.jacoco.agent-0.8.5-runtime.jar=destfile=/home/runner/work/ozone/ozone/hadoop-hdds/interface-server/target/jacoco.exec,includes=org.apache.hadoop.hdds.*:org.apache.hadoop.ozone.*:org.apache.hadoop.fs.ozone.*
[INFO] 
[INFO] --- protobuf-maven-plugin:0.5.1:compile (compile-protoc-3) @ hdds-interface-server ---
[INFO] Compiling 2 proto file(s) to /home/runner/work/ozone/ozone/hadoop-hdds/interface-server/target/generated-sources/java
[INFO] 
[INFO] --- protobuf-maven-plugin:0.5.1:compile-custom (compile-protoc-3) @ hdds-interface-server ---
[INFO] Compiling 2 proto file(s) to /home/runner/work/ozone/ozone/hadoop-hdds/interface-server/target/generated-sources/java
[INFO] 
[INFO] --- protobuf-maven-plugin:0.5.1:compile (compile-protoc-2) @ hdds-interface-server ---
[INFO] Compiling 5 proto file(s) to /home/runner/work/ozone/ozone/hadoop-hdds/interface-server/target/generated-sources/java
[INFO] 
[INFO] --- maven-antrun-plugin:3.1.0:run (default) @ hdds-interface-server ---
[INFO] Executing tasks
[INFO] Executed tasks
[INFO] 
[INFO] --- maven-enforcer-plugin:3.2.1:enforce (banned-rocksdb-imports) @ hdds-interface-server ---
[INFO] Rule 0: org.apache.maven.plugins.enforcer.RestrictImports passed
[INFO] Rule 1: org.apache.maven.plugins.enforcer.RestrictImports passed
[INFO] Rule 2: org.apache.maven.plugins.enforcer.RestrictImports passed
[INFO] 
[INFO] --- maven-remote-resources-plugin:1.5:process (default) @ hdds-interface-server ---
[INFO] 
[INFO] --- maven-resources-plugin:3.1.0:resources (default-resources) @ hdds-interface-server ---
[INFO] Using 'UTF-8' encoding to copy filtered resources.
[INFO] Copying 1 resource
[INFO] Copying 2 resources
[INFO] Copying 2 resources
[INFO] Copying 5 resources
[INFO] Copying 2 resources
[INFO] 
[INFO] --- maven-compiler-plugin:3.1:compile (default-compile) @ hdds-interface-server ---
[INFO] Compiling 9 source files to /home/runner/work/ozone/ozone/hadoop-hdds/interface-server/target/classes
[INFO] 
[INFO] --- protobuf-maven-plugin:0.5.1:test-compile (compile-protoc-3) @ hdds-interface-server ---
[INFO] /home/runner/work/ozone/ozone/hadoop-hdds/interface-server/src/test/proto does not exist. Review the configuration or consider disabling the plugin.
[INFO] 
[INFO] --- protobuf-maven-plugin:0.5.1:test-compile-custom (compile-protoc-3) @ hdds-interface-server ---
[INFO] /home/runner/work/ozone/ozone/hadoop-hdds/interface-server/src/test/proto does not exist. Review the configuration or consider disabling the plugin.
[INFO] 
[INFO] --- protobuf-maven-plugin:0.5.1:test-compile (compile-protoc-2) @ hdds-interface-server ---
[INFO] /home/runner/work/ozone/ozone/hadoop-hdds/interface-server/src/test/proto does not exist. Review the configuration or consider disabling the plugin.
[INFO] 
[INFO] --- maven-resources-plugin:3.1.0:testResources (default-testResources) @ hdds-interface-server ---
[INFO] Using 'UTF-8' encoding to copy filtered resources.
[INFO] skip non existing resourceDirectory /home/runner/work/ozone/ozone/hadoop-hdds/interface-server/src/test/resources
[INFO] Copying 2 resources
[INFO] 
[INFO] --- maven-compiler-plugin:3.1:testCompile (default-testCompile) @ hdds-interface-server ---
[INFO] No sources to compile
[INFO] 
[INFO] --- maven-surefire-plugin:3.0.0-M5:test (default-test) @ hdds-interface-server ---
[INFO] 
[INFO] ------------------< org.apache.ozone:hdds-test-utils >------------------
[INFO] Building Apache Ozone HDDS Test Utils 1.4.0-SNAPSHOT             [10/46]
[INFO]   from hadoop-hdds/test-utils/pom.xml
[INFO] --------------------------------[ jar ]---------------------------------
[INFO] 
[INFO] --- maven-antrun-plugin:3.1.0:run (create-testdirs) @ hdds-test-utils ---
[INFO] Executing tasks
[INFO]     [mkdir] Created dir: /home/runner/work/ozone/ozone/hadoop-hdds/test-utils/target/test-dir
[INFO] Executed tasks
[INFO] 
[INFO] --- jacoco-maven-plugin:0.8.5:prepare-agent (default-prepare-agent) @ hdds-test-utils ---
[INFO] argLine set to -javaagent:/home/runner/.m2/repository/org/jacoco/org.jacoco.agent/0.8.5/org.jacoco.agent-0.8.5-runtime.jar=destfile=/home/runner/work/ozone/ozone/hadoop-hdds/test-utils/target/jacoco.exec,includes=org.apache.hadoop.hdds.*:org.apache.hadoop.ozone.*:org.apache.hadoop.fs.ozone.*
[INFO] 
[INFO] --- maven-enforcer-plugin:3.2.1:enforce (banned-rocksdb-imports) @ hdds-test-utils ---
[INFO] Rule 0: org.apache.maven.plugins.enforcer.RestrictImports passed
[INFO] Rule 1: org.apache.maven.plugins.enforcer.RestrictImports passed
[INFO] Rule 2: org.apache.maven.plugins.enforcer.RestrictImports passed
[INFO] 
[INFO] --- maven-remote-resources-plugin:1.5:process (default) @ hdds-test-utils ---
[INFO] 
[INFO] --- maven-resources-plugin:3.1.0:resources (default-resources) @ hdds-test-utils ---
[INFO] Using 'UTF-8' encoding to copy filtered resources.
[INFO] skip non existing resourceDirectory /home/runner/work/ozone/ozone/hadoop-hdds/test-utils/src/main/resources
[INFO] Copying 2 resources
[INFO] 
[INFO] --- maven-compiler-plugin:3.1:compile (default-compile) @ hdds-test-utils ---
[INFO] Compiling 21 source files to /home/runner/work/ozone/ozone/hadoop-hdds/test-utils/target/classes
[WARNING] /home/runner/work/ozone/ozone/hadoop-hdds/test-utils/src/main/java/org/apache/ozone/test/GenericTestUtils.java: /home/runner/work/ozone/ozone/hadoop-hdds/test-utils/src/main/java/org/apache/ozone/test/GenericTestUtils.java uses unchecked or unsafe operations.
[WARNING] /home/runner/work/ozone/ozone/hadoop-hdds/test-utils/src/main/java/org/apache/ozone/test/GenericTestUtils.java: Recompile with -Xlint:unchecked for details.
[INFO] 
[INFO] --- maven-resources-plugin:3.1.0:testResources (default-testResources) @ hdds-test-utils ---
[INFO] Using 'UTF-8' encoding to copy filtered resources.
[INFO] skip non existing resourceDirectory /home/runner/work/ozone/ozone/hadoop-hdds/test-utils/src/test/resources
[INFO] Copying 2 resources
[INFO] 
[INFO] --- maven-compiler-plugin:3.1:testCompile (default-testCompile) @ hdds-test-utils ---
[INFO] No sources to compile
[INFO] 
[INFO] --- maven-surefire-plugin:3.0.0-M5:test (default-test) @ hdds-test-utils ---
[INFO] 
[INFO] --------------------< org.apache.ozone:hdds-config >--------------------
[INFO] Building Apache Ozone HDDS Config 1.4.0-SNAPSHOT                 [11/46]
[INFO]   from hadoop-hdds/config/pom.xml
[INFO] --------------------------------[ jar ]---------------------------------
[INFO] 
[INFO] --- maven-antrun-plugin:3.1.0:run (create-testdirs) @ hdds-config ---
[INFO] Executing tasks
[INFO]     [mkdir] Created dir: /home/runner/work/ozone/ozone/hadoop-hdds/config/target/test-dir
[INFO] Executed tasks
[INFO] 
[INFO] --- jacoco-maven-plugin:0.8.5:prepare-agent (default-prepare-agent) @ hdds-config ---
[INFO] argLine set to -javaagent:/home/runner/.m2/repository/org/jacoco/org.jacoco.agent/0.8.5/org.jacoco.agent-0.8.5-runtime.jar=destfile=/home/runner/work/ozone/ozone/hadoop-hdds/config/target/jacoco.exec,includes=org.apache.hadoop.hdds.*:org.apache.hadoop.ozone.*:org.apache.hadoop.fs.ozone.*
[INFO] 
[INFO] --- maven-enforcer-plugin:3.2.1:enforce (banned-rocksdb-imports) @ hdds-config ---
[INFO] Rule 0: org.apache.maven.plugins.enforcer.RestrictImports passed
[INFO] Rule 1: org.apache.maven.plugins.enforcer.RestrictImports passed
[INFO] Rule 2: org.apache.maven.plugins.enforcer.RestrictImports passed
[INFO] 
[INFO] --- maven-remote-resources-plugin:1.5:process (default) @ hdds-config ---
[INFO] 
[INFO] --- maven-resources-plugin:3.1.0:resources (default-resources) @ hdds-config ---
[INFO] Using 'UTF-8' encoding to copy filtered resources.
[INFO] skip non existing resourceDirectory /home/runner/work/ozone/ozone/hadoop-hdds/config/src/main/resources
[INFO] Copying 2 resources
[INFO] 
[INFO] --- maven-compiler-plugin:3.1:compile (default-compile) @ hdds-config ---
[INFO] Compiling 18 source files to /home/runner/work/ozone/ozone/hadoop-hdds/config/target/classes
[INFO] 
[INFO] --- maven-resources-plugin:3.1.0:testResources (default-testResources) @ hdds-config ---
[INFO] Using 'UTF-8' encoding to copy filtered resources.
[INFO] Copying 2 resources
[INFO] Copying 2 resources
[INFO] 
[INFO] --- maven-compiler-plugin:3.1:testCompile (default-testCompile) @ hdds-config ---
[INFO] Compiling 9 source files to /home/runner/work/ozone/ozone/hadoop-hdds/config/target/test-classes
[INFO] 
[INFO] --- maven-surefire-plugin:3.0.0-M5:test (default-test) @ hdds-config ---
[INFO] 
[INFO] -------------------------------------------------------
[INFO]  T E S T S
[INFO] -------------------------------------------------------
[INFO] Running org.apache.hadoop.hdds.conf.TestConfigurationSource
[INFO] Tests run: 4, Failures: 0, Errors: 0, Skipped: 0, Time elapsed: 0.36 s - in org.apache.hadoop.hdds.conf.TestConfigurationSource
[INFO] Running org.apache.hadoop.hdds.conf.TestReconfigurableConfig
[INFO] Tests run: 1, Failures: 0, Errors: 0, Skipped: 0, Time elapsed: 0.206 s - in org.apache.hadoop.hdds.conf.TestReconfigurableConfig
[INFO] Running org.apache.hadoop.hdds.conf.TestConfigFileAppender
[INFO] Tests run: 1, Failures: 0, Errors: 0, Skipped: 0, Time elapsed: 0.072 s - in org.apache.hadoop.hdds.conf.TestConfigFileAppender
[INFO] Running org.apache.hadoop.hdds.conf.TestConfigurationReflectionUtil
[INFO] Tests run: 7, Failures: 0, Errors: 0, Skipped: 0, Time elapsed: 0.278 s - in org.apache.hadoop.hdds.conf.TestConfigurationReflectionUtil
[INFO] Running org.apache.hadoop.hdds.conf.TestConfigFileGenerator
[INFO] Tests run: 1, Failures: 0, Errors: 0, Skipped: 0, Time elapsed: 0.026 s - in org.apache.hadoop.hdds.conf.TestConfigFileGenerator
[INFO] 
[INFO] Results:
[INFO] 
[INFO] Tests run: 14, Failures: 0, Errors: 0, Skipped: 0
[INFO] 
[INFO] 
[INFO] --------------------< org.apache.ozone:hdds-common >--------------------
[INFO] Building Apache Ozone HDDS Common 1.4.0-SNAPSHOT                 [12/46]
[INFO]   from hadoop-hdds/common/pom.xml
[INFO] --------------------------------[ jar ]---------------------------------
[INFO] 
[INFO] --- maven-antrun-plugin:3.1.0:run (create-testdirs) @ hdds-common ---
[INFO] Executing tasks
[INFO]     [mkdir] Created dir: /home/runner/work/ozone/ozone/hadoop-hdds/common/target/test-dir
[INFO] Executed tasks
[INFO] 
[INFO] --- jacoco-maven-plugin:0.8.5:prepare-agent (default-prepare-agent) @ hdds-common ---
[INFO] argLine set to -javaagent:/home/runner/.m2/repository/org/jacoco/org.jacoco.agent/0.8.5/org.jacoco.agent-0.8.5-runtime.jar=destfile=/home/runner/work/ozone/ozone/hadoop-hdds/common/target/jacoco.exec,includes=org.apache.hadoop.hdds.*:org.apache.hadoop.ozone.*:org.apache.hadoop.fs.ozone.*
[INFO] 
[INFO] --- maven-enforcer-plugin:3.2.1:enforce (banned-rocksdb-imports) @ hdds-common ---
[INFO] Rule 0: org.apache.maven.plugins.enforcer.RestrictImports passed
[INFO] Rule 1: org.apache.maven.plugins.enforcer.RestrictImports passed
[INFO] Rule 2: org.apache.maven.plugins.enforcer.RestrictImports passed
[INFO] 
[INFO] --- maven-remote-resources-plugin:1.5:process (default) @ hdds-common ---
[INFO] 
[INFO] --- hadoop-maven-plugins:3.3.6:version-info (version-info) @ hdds-common ---
[INFO] SCM: GIT
[INFO] Computed MD5: 218e49b85a0d076d39cb32f855481a4
[INFO] 
[INFO] --- maven-resources-plugin:3.1.0:resources (default-resources) @ hdds-common ---
[INFO] Using 'UTF-8' encoding to copy filtered resources.
[INFO] Copying 5 resources
[INFO] Copying 1 resource
[INFO] Copying 2 resources
[INFO] 
[INFO] --- maven-compiler-plugin:3.1:compile (default-compile) @ hdds-common ---
[INFO] Compiling 304 source files to /home/runner/work/ozone/ozone/hadoop-hdds/common/target/classes
[WARNING] /home/runner/work/ozone/ozone/hadoop-hdds/common/src/main/java/org/apache/hadoop/hdds/utils/SignalLogger.java:[44,51] sun.misc.SignalHandler is internal proprietary API and may be removed in a future release
[WARNING] /home/runner/work/ozone/ozone/hadoop-hdds/common/src/main/java/org/apache/hadoop/hdds/utils/SignalLogger.java:[46,27] sun.misc.SignalHandler is internal proprietary API and may be removed in a future release
[WARNING] /home/runner/work/ozone/ozone/hadoop-hdds/common/src/main/java/org/apache/hadoop/hdds/utils/SignalLogger.java:[50,56] sun.misc.Signal is internal proprietary API and may be removed in a future release
[WARNING] /home/runner/work/ozone/ozone/hadoop-hdds/common/src/main/java/org/apache/hadoop/hdds/utils/SignalLogger.java:[50,29] sun.misc.Signal is internal proprietary API and may be removed in a future release
[WARNING] /home/runner/work/ozone/ozone/hadoop-hdds/common/src/main/java/org/apache/hadoop/hdds/utils/SignalLogger.java:[59,32] sun.misc.Signal is internal proprietary API and may be removed in a future release
[WARNING] /home/runner/work/ozone/ozone/hadoop-hdds/common/src/main/java/org/apache/hadoop/hdds/HddsUtils.java: Some input files use or override a deprecated API.
[WARNING] /home/runner/work/ozone/ozone/hadoop-hdds/common/src/main/java/org/apache/hadoop/hdds/HddsUtils.java: Recompile with -Xlint:deprecation for details.
[WARNING] /home/runner/work/ozone/ozone/hadoop-hdds/common/src/main/java/org/apache/hadoop/hdds/conf/DefaultConfigManager.java: Some input files use unchecked or unsafe operations.
[WARNING] /home/runner/work/ozone/ozone/hadoop-hdds/common/src/main/java/org/apache/hadoop/hdds/conf/DefaultConfigManager.java: Recompile with -Xlint:unchecked for details.
[INFO] 
[INFO] --- maven-resources-plugin:3.1.0:testResources (default-testResources) @ hdds-common ---
[INFO] Using 'UTF-8' encoding to copy filtered resources.
[INFO] Copying 20 resources
[INFO] Copying 2 resources
[INFO] 
[INFO] --- maven-compiler-plugin:3.1:testCompile (default-testCompile) @ hdds-common ---
[INFO] Compiling 85 source files to /home/runner/work/ozone/ozone/hadoop-hdds/common/target/test-classes
[WARNING] /home/runner/work/ozone/ozone/hadoop-hdds/common/src/test/java/org/apache/hadoop/hdds/utils/db/Proto2CodecTestBase.java: Some input files use or override a deprecated API.
[WARNING] /home/runner/work/ozone/ozone/hadoop-hdds/common/src/test/java/org/apache/hadoop/hdds/utils/db/Proto2CodecTestBase.java: Recompile with -Xlint:deprecation for details.
[WARNING] /home/runner/work/ozone/ozone/hadoop-hdds/common/src/test/java/org/apache/hadoop/ozone/upgrade/TestDefaultUpgradeFinalizationExecutor.java: Some input files use unchecked or unsafe operations.
[WARNING] /home/runner/work/ozone/ozone/hadoop-hdds/common/src/test/java/org/apache/hadoop/ozone/upgrade/TestDefaultUpgradeFinalizationExecutor.java: Recompile with -Xlint:unchecked for details.
[INFO] 
[INFO] --- maven-surefire-plugin:3.0.0-M5:test (default-test) @ hdds-common ---
[INFO] 
[INFO] -------------------------------------------------------
[INFO]  T E S T S
[INFO] -------------------------------------------------------
[INFO] Running org.apache.hadoop.hdds.ratis.TestContainerCommandRequestMessage
[INFO] Tests run: 2, Failures: 0, Errors: 0, Skipped: 0, Time elapsed: 0.594 s - in org.apache.hadoop.hdds.ratis.TestContainerCommandRequestMessage
[INFO] Running org.apache.hadoop.hdds.ratis.TestRatisHelper
[INFO] Tests run: 4, Failures: 0, Errors: 0, Skipped: 0, Time elapsed: 0.571 s - in org.apache.hadoop.hdds.ratis.TestRatisHelper
[INFO] Running org.apache.hadoop.hdds.ratis.TestServerNotLeaderException
[INFO] Tests run: 1, Failures: 0, Errors: 0, Skipped: 0, Time elapsed: 0.051 s - in org.apache.hadoop.hdds.ratis.TestServerNotLeaderException
[INFO] Running org.apache.hadoop.hdds.ratis.conf.TestRaftClientConfig
[INFO] Tests run: 2, Failures: 0, Errors: 0, Skipped: 0, Time elapsed: 0.372 s - in org.apache.hadoop.hdds.ratis.conf.TestRaftClientConfig
[INFO] Running org.apache.hadoop.hdds.ratis.conf.TestRatisClientConfig
[INFO] Tests run: 2, Failures: 0, Errors: 0, Skipped: 0, Time elapsed: 0.438 s - in org.apache.hadoop.hdds.ratis.conf.TestRatisClientConfig
[INFO] Running org.apache.hadoop.hdds.tracing.TestTraceAllMethod
[INFO] Tests run: 2, Failures: 0, Errors: 0, Skipped: 0, Time elapsed: 0.084 s - in org.apache.hadoop.hdds.tracing.TestTraceAllMethod
[INFO] Running org.apache.hadoop.hdds.tracing.TestStringCodec
[INFO] Tests run: 1, Failures: 0, Errors: 0, Skipped: 0, Time elapsed: 0.095 s - in org.apache.hadoop.hdds.tracing.TestStringCodec
[INFO] Running org.apache.hadoop.hdds.tracing.TestTracingUtil
[INFO] Tests run: 2, Failures: 0, Errors: 0, Skipped: 0, Time elapsed: 0.301 s - in org.apache.hadoop.hdds.tracing.TestTracingUtil
[INFO] Running org.apache.hadoop.hdds.TestComponentVersionInvariants
[INFO] Tests run: 12, Failures: 0, Errors: 0, Skipped: 0, Time elapsed: 0.245 s - in org.apache.hadoop.hdds.TestComponentVersionInvariants
[INFO] Running org.apache.hadoop.hdds.scm.container.TestReplicationManagerReport
[INFO] Tests run: 8, Failures: 0, Errors: 0, Skipped: 0, Time elapsed: 0.532 s - in org.apache.hadoop.hdds.scm.container.TestReplicationManagerReport
[INFO] Running org.apache.hadoop.hdds.scm.container.TestContainerInfo
[INFO] Tests run: 3, Failures: 0, Errors: 0, Skipped: 0, Time elapsed: 0.251 s - in org.apache.hadoop.hdds.scm.container.TestContainerInfo
[INFO] Running org.apache.hadoop.hdds.scm.container.common.helpers.TestExcludeList
[INFO] Tests run: 2, Failures: 0, Errors: 0, Skipped: 0, Time elapsed: 0.313 s - in org.apache.hadoop.hdds.scm.container.common.helpers.TestExcludeList
[INFO] Running org.apache.hadoop.hdds.scm.container.TestContainerReplicaInfo
[INFO] Tests run: 2, Failures: 0, Errors: 0, Skipped: 0, Time elapsed: 0.369 s - in org.apache.hadoop.hdds.scm.container.TestContainerReplicaInfo
[INFO] Running org.apache.hadoop.hdds.scm.ha.TestSCMNodeInfo
[INFO] Tests run: 4, Failures: 0, Errors: 0, Skipped: 0, Time elapsed: 0.557 s - in org.apache.hadoop.hdds.scm.ha.TestSCMNodeInfo
[INFO] Running org.apache.hadoop.hdds.scm.pipeline.TestPipeline
[INFO] Tests run: 5, Failures: 0, Errors: 0, Skipped: 0, Time elapsed: 0.406 s - in org.apache.hadoop.hdds.scm.pipeline.TestPipeline
[INFO] Running org.apache.hadoop.hdds.scm.net.TestNodeSchemaLoader
[INFO] Tests run: 17, Failures: 0, Errors: 0, Skipped: 0, Time elapsed: 0.566 s - in org.apache.hadoop.hdds.scm.net.TestNodeSchemaLoader
[INFO] Running org.apache.hadoop.hdds.scm.net.TestYamlSchemaLoader
[INFO] Tests run: 5, Failures: 0, Errors: 0, Skipped: 0, Time elapsed: 0.335 s - in org.apache.hadoop.hdds.scm.net.TestYamlSchemaLoader
[INFO] Running org.apache.hadoop.hdds.scm.net.TestNetUtils
[INFO] Tests run: 1, Failures: 0, Errors: 0, Skipped: 0, Time elapsed: 0.134 s - in org.apache.hadoop.hdds.scm.net.TestNetUtils
[INFO] Running org.apache.hadoop.hdds.scm.net.TestNetworkTopologyImpl
[WARNING] Tests run: 71, Failures: 0, Errors: 0, Skipped: 1, Time elapsed: 11.038 s - in org.apache.hadoop.hdds.scm.net.TestNetworkTopologyImpl
[INFO] Running org.apache.hadoop.hdds.scm.net.TestNodeSchemaManager
[INFO] Tests run: 5, Failures: 0, Errors: 0, Skipped: 0, Time elapsed: 0.463 s - in org.apache.hadoop.hdds.scm.net.TestNodeSchemaManager
[INFO] Running org.apache.hadoop.hdds.scm.TestSCMHAUtils
[INFO] Tests run: 1, Failures: 0, Errors: 0, Skipped: 0, Time elapsed: 0.332 s - in org.apache.hadoop.hdds.scm.TestSCMHAUtils
[INFO] Running org.apache.hadoop.hdds.client.TestECReplicationConfig
[INFO] Tests run: 8, Failures: 0, Errors: 0, Skipped: 0, Time elapsed: 0.164 s - in org.apache.hadoop.hdds.client.TestECReplicationConfig
[INFO] Running org.apache.hadoop.hdds.client.TestReplicationConfig
[INFO] Tests run: 63, Failures: 0, Errors: 0, Skipped: 0, Time elapsed: 1.155 s - in org.apache.hadoop.hdds.client.TestReplicationConfig
[INFO] Running org.apache.hadoop.hdds.client.TestReplicationConfigValidator
[INFO] Tests run: 35, Failures: 0, Errors: 0, Skipped: 0, Time elapsed: 0.297 s - in org.apache.hadoop.hdds.client.TestReplicationConfigValidator
[INFO] Running org.apache.hadoop.hdds.TestHddsUtils
[INFO] Tests run: 6, Failures: 0, Errors: 0, Skipped: 0, Time elapsed: 0.954 s - in org.apache.hadoop.hdds.TestHddsUtils
[INFO] Running org.apache.hadoop.hdds.utils.TestSimpleStriped
[INFO] Tests run: 2, Failures: 0, Errors: 0, Skipped: 0, Time elapsed: 0.089 s - in org.apache.hadoop.hdds.utils.TestSimpleStriped
[INFO] Running org.apache.hadoop.hdds.utils.TestResourceLimitCache
[INFO] Tests run: 4, Failures: 0, Errors: 0, Skipped: 0, Time elapsed: 0.29 s - in org.apache.hadoop.hdds.utils.TestResourceLimitCache
[INFO] Running org.apache.hadoop.hdds.utils.TestHddsIdFactory
[INFO] Tests run: 1, Failures: 0, Errors: 0, Skipped: 0, Time elapsed: 0.131 s - in org.apache.hadoop.hdds.utils.TestHddsIdFactory
[INFO] Running org.apache.hadoop.hdds.utils.TestRetriableTask
[INFO] Tests run: 3, Failures: 0, Errors: 0, Skipped: 0, Time elapsed: 0.138 s - in org.apache.hadoop.hdds.utils.TestRetriableTask
[INFO] Running org.apache.hadoop.hdds.utils.TestProtobufUtils
[INFO] Tests run: 2, Failures: 0, Errors: 0, Skipped: 0, Time elapsed: 0.157 s - in org.apache.hadoop.hdds.utils.TestProtobufUtils
[INFO] Running org.apache.hadoop.hdds.utils.TestResourceSemaphore
[INFO] Tests run: 1, Failures: 0, Errors: 0, Skipped: 0, Time elapsed: 0.062 s - in org.apache.hadoop.hdds.utils.TestResourceSemaphore
[INFO] Running org.apache.hadoop.hdds.utils.db.TestLeakDetector
[INFO] Tests run: 1, Failures: 0, Errors: 0, Skipped: 0, Time elapsed: 0.539 s - in org.apache.hadoop.hdds.utils.db.TestLeakDetector
[INFO] Running org.apache.hadoop.hdds.utils.TestIOUtils
[INFO] Tests run: 1, Failures: 0, Errors: 0, Skipped: 0, Time elapsed: 0.047 s - in org.apache.hadoop.hdds.utils.TestIOUtils
[INFO] Running org.apache.hadoop.hdds.upgrade.TestHDDSLayoutVersionManager
[INFO] Tests run: 2, Failures: 0, Errors: 0, Skipped: 0, Time elapsed: 1.23 s - in org.apache.hadoop.hdds.upgrade.TestHDDSLayoutVersionManager
[INFO] Running org.apache.hadoop.hdds.conf.TestGeneratedConfigurationOverwrite
[INFO] Tests run: 1, Failures: 0, Errors: 0, Skipped: 0, Time elapsed: 0.388 s - in org.apache.hadoop.hdds.conf.TestGeneratedConfigurationOverwrite
[INFO] Running org.apache.hadoop.hdds.conf.TestOzoneConfiguration
[INFO] Tests run: 40, Failures: 0, Errors: 0, Skipped: 0, Time elapsed: 0.777 s - in org.apache.hadoop.hdds.conf.TestOzoneConfiguration
[INFO] Running org.apache.hadoop.hdds.fs.TestSpaceUsageFactory
[INFO] Tests run: 6, Failures: 0, Errors: 0, Skipped: 0, Time elapsed: 0.54 s - in org.apache.hadoop.hdds.fs.TestSpaceUsageFactory
[INFO] Running org.apache.hadoop.hdds.fs.TestDedicatedDiskSpaceUsageFactory
[INFO] Tests run: 2, Failures: 0, Errors: 0, Skipped: 0, Time elapsed: 0.476 s - in org.apache.hadoop.hdds.fs.TestDedicatedDiskSpaceUsageFactory
[INFO] Running org.apache.hadoop.hdds.fs.TestSaveSpaceUsageToFile
[INFO] Tests run: 7, Failures: 0, Errors: 0, Skipped: 0, Time elapsed: 0.183 s - in org.apache.hadoop.hdds.fs.TestSaveSpaceUsageToFile
[INFO] Running org.apache.hadoop.hdds.fs.TestDU
[INFO] Tests run: 2, Failures: 0, Errors: 0, Skipped: 0, Time elapsed: 0.166 s - in org.apache.hadoop.hdds.fs.TestDU
[INFO] Running org.apache.hadoop.hdds.fs.TestDUFactory
[INFO] Tests run: 2, Failures: 0, Errors: 0, Skipped: 0, Time elapsed: 0.481 s - in org.apache.hadoop.hdds.fs.TestDUFactory
[INFO] Running org.apache.hadoop.hdds.fs.TestDedicatedDiskSpaceUsage
[INFO] Tests run: 1, Failures: 0, Errors: 0, Skipped: 0, Time elapsed: 0.134 s - in org.apache.hadoop.hdds.fs.TestDedicatedDiskSpaceUsage
[INFO] Running org.apache.hadoop.hdds.fs.TestCachingSpaceUsageSource
[INFO] Tests run: 6, Failures: 0, Errors: 0, Skipped: 0, Time elapsed: 0.695 s - in org.apache.hadoop.hdds.fs.TestCachingSpaceUsageSource
[INFO] Running org.apache.hadoop.hdds.protocol.TestDatanodeDetails
[INFO] Tests run: 1, Failures: 0, Errors: 0, Skipped: 0, Time elapsed: 0.339 s - in org.apache.hadoop.hdds.protocol.TestDatanodeDetails
[INFO] Running org.apache.hadoop.ozone.ha.TestOzoneNetUtils
[INFO] Tests run: 1, Failures: 0, Errors: 0, Skipped: 0, Time elapsed: 0.54 s - in org.apache.hadoop.ozone.ha.TestOzoneNetUtils
[INFO] Running org.apache.hadoop.ozone.common.TestChecksumImplsComputeSameValues
[INFO] Tests run: 2, Failures: 0, Errors: 0, Skipped: 0, Time elapsed: 3.456 s - in org.apache.hadoop.ozone.common.TestChecksumImplsComputeSameValues
[INFO] Running org.apache.hadoop.ozone.common.TestChecksum
[INFO] Tests run: 3, Failures: 0, Errors: 0, Skipped: 0, Time elapsed: 0.256 s - in org.apache.hadoop.ozone.common.TestChecksum
[INFO] Running org.apache.hadoop.ozone.common.TestChecksumByteBuffer
[INFO] Tests run: 2, Failures: 0, Errors: 0, Skipped: 0, Time elapsed: 0.824 s - in org.apache.hadoop.ozone.common.TestChecksumByteBuffer
[INFO] Running org.apache.hadoop.ozone.common.TestStateMachine
[INFO] Tests run: 1, Failures: 0, Errors: 0, Skipped: 0, Time elapsed: 0.103 s - in org.apache.hadoop.ozone.common.TestStateMachine
[INFO] Running org.apache.hadoop.ozone.common.TestChunkBuffer
[INFO] Tests run: 3, Failures: 0, Errors: 0, Skipped: 0, Time elapsed: 0.135 s - in org.apache.hadoop.ozone.common.TestChunkBuffer
[INFO] Running org.apache.hadoop.ozone.common.TestChunkBufferImplWithByteBufferList
[INFO] Tests run: 3, Failures: 0, Errors: 0, Skipped: 0, Time elapsed: 0.083 s - in org.apache.hadoop.ozone.common.TestChunkBufferImplWithByteBufferList
[INFO] Running org.apache.hadoop.ozone.lease.TestLeaseManager
[INFO] Tests run: 10, Failures: 0, Errors: 0, Skipped: 0, Time elapsed: 29.178 s - in org.apache.hadoop.ozone.lease.TestLeaseManager
[INFO] Running org.apache.hadoop.ozone.lock.TestLockManager
[INFO] Tests run: 8, Failures: 0, Errors: 0, Skipped: 0, Time elapsed: 1.415 s - in org.apache.hadoop.ozone.lock.TestLockManager
[INFO] Running org.apache.hadoop.ozone.TestOzoneConsts
[INFO] Tests run: 1, Failures: 0, Errors: 0, Skipped: 0, Time elapsed: 0.045 s - in org.apache.hadoop.ozone.TestOzoneConsts
[INFO] Running org.apache.hadoop.ozone.upgrade.TestDefaultUpgradeFinalizationExecutor
[INFO] Tests run: 2, Failures: 0, Errors: 0, Skipped: 0, Time elapsed: 0.625 s - in org.apache.hadoop.ozone.upgrade.TestDefaultUpgradeFinalizationExecutor
[INFO] Running org.apache.hadoop.ozone.upgrade.TestUpgradeFinalizerActions
[INFO] Tests run: 2, Failures: 0, Errors: 0, Skipped: 0, Time elapsed: 0.698 s - in org.apache.hadoop.ozone.upgrade.TestUpgradeFinalizerActions
[INFO] Running org.apache.hadoop.ozone.upgrade.TestBasicUpgradeFinalizer
[INFO] Tests run: 3, Failures: 0, Errors: 0, Skipped: 0, Time elapsed: 1.183 s - in org.apache.hadoop.ozone.upgrade.TestBasicUpgradeFinalizer
[INFO] Running org.apache.hadoop.ozone.upgrade.TestLayoutVersionInstanceFactory
[INFO] Tests run: 4, Failures: 0, Errors: 0, Skipped: 0, Time elapsed: 0.644 s - in org.apache.hadoop.ozone.upgrade.TestLayoutVersionInstanceFactory
[INFO] Running org.apache.hadoop.ozone.upgrade.TestAbstractLayoutVersionManager
[INFO] Tests run: 8, Failures: 0, Errors: 0, Skipped: 0, Time elapsed: 0.732 s - in org.apache.hadoop.ozone.upgrade.TestAbstractLayoutVersionManager
[INFO] 
[INFO] Results:
[INFO] 
[WARNING] Tests run: 402, Failures: 0, Errors: 0, Skipped: 1
[INFO] 
[INFO] 
[INFO] -----------------< org.apache.ozone:hdds-erasurecode >------------------
[INFO] Building Apache Ozone HDDS Erasurecode 1.4.0-SNAPSHOT            [13/46]
[INFO]   from hadoop-hdds/erasurecode/pom.xml
[INFO] --------------------------------[ jar ]---------------------------------
[INFO] 
[INFO] --- maven-antrun-plugin:3.1.0:run (create-testdirs) @ hdds-erasurecode ---
[INFO] Executing tasks
[INFO]     [mkdir] Created dir: /home/runner/work/ozone/ozone/hadoop-hdds/erasurecode/target/test-dir
[INFO] Executed tasks
[INFO] 
[INFO] --- jacoco-maven-plugin:0.8.5:prepare-agent (default-prepare-agent) @ hdds-erasurecode ---
[INFO] argLine set to -javaagent:/home/runner/.m2/repository/org/jacoco/org.jacoco.agent/0.8.5/org.jacoco.agent-0.8.5-runtime.jar=destfile=/home/runner/work/ozone/ozone/hadoop-hdds/erasurecode/target/jacoco.exec,includes=org.apache.hadoop.hdds.*:org.apache.hadoop.ozone.*:org.apache.hadoop.fs.ozone.*
[INFO] 
[INFO] --- maven-enforcer-plugin:3.2.1:enforce (banned-rocksdb-imports) @ hdds-erasurecode ---
[INFO] Rule 0: org.apache.maven.plugins.enforcer.RestrictImports passed
[INFO] Rule 1: org.apache.maven.plugins.enforcer.RestrictImports passed
[INFO] Rule 2: org.apache.maven.plugins.enforcer.RestrictImports passed
[INFO] 
[INFO] --- maven-remote-resources-plugin:1.5:process (default) @ hdds-erasurecode ---
[INFO] 
[INFO] --- maven-resources-plugin:3.1.0:resources (default-resources) @ hdds-erasurecode ---
[INFO] Using 'UTF-8' encoding to copy filtered resources.
[INFO] Copying 1 resource
[INFO] Copying 2 resources
[INFO] 
[INFO] --- maven-compiler-plugin:3.1:compile (default-compile) @ hdds-erasurecode ---
[INFO] Compiling 40 source files to /home/runner/work/ozone/ozone/hadoop-hdds/erasurecode/target/classes
[INFO] 
[INFO] --- maven-resources-plugin:3.1.0:testResources (default-testResources) @ hdds-erasurecode ---
[INFO] Using 'UTF-8' encoding to copy filtered resources.
[INFO] skip non existing resourceDirectory /home/runner/work/ozone/ozone/hadoop-hdds/erasurecode/src/test/resources
[INFO] Copying 2 resources
[INFO] 
[INFO] --- maven-compiler-plugin:3.1:testCompile (default-testCompile) @ hdds-erasurecode ---
[INFO] Compiling 16 source files to /home/runner/work/ozone/ozone/hadoop-hdds/erasurecode/target/test-classes
[INFO] 
[INFO] --- maven-surefire-plugin:3.0.0-M5:test (default-test) @ hdds-erasurecode ---
[INFO] 
[INFO] -------------------------------------------------------
[INFO]  T E S T S
[INFO] -------------------------------------------------------
[INFO] Running org.apache.ozone.erasurecode.TestCodecRegistry
[INFO] Tests run: 7, Failures: 0, Errors: 0, Skipped: 0, Time elapsed: 0.101 s - in org.apache.ozone.erasurecode.TestCodecRegistry
[INFO] Running org.apache.ozone.erasurecode.rawcoder.TestNativeXORRawCoder
[WARNING] Tests run: 8, Failures: 0, Errors: 0, Skipped: 8, Time elapsed: 0.129 s - in org.apache.ozone.erasurecode.rawcoder.TestNativeXORRawCoder
[INFO] Running org.apache.ozone.erasurecode.rawcoder.TestDummyRawCoder
[INFO] Tests run: 4, Failures: 0, Errors: 0, Skipped: 0, Time elapsed: 0.229 s - in org.apache.ozone.erasurecode.rawcoder.TestDummyRawCoder
[INFO] Running org.apache.ozone.erasurecode.rawcoder.TestRawErasureCoderBenchmark
[INFO] Tests run: 2, Failures: 0, Errors: 0, Skipped: 0, Time elapsed: 6.532 s - in org.apache.ozone.erasurecode.rawcoder.TestRawErasureCoderBenchmark
[INFO] Running org.apache.ozone.erasurecode.rawcoder.TestRSRawCoder
[INFO] Tests run: 17, Failures: 0, Errors: 0, Skipped: 0, Time elapsed: 0.513 s - in org.apache.ozone.erasurecode.rawcoder.TestRSRawCoder
[INFO] Running org.apache.ozone.erasurecode.rawcoder.TestNativeRSRawCoder
[WARNING] Tests run: 31, Failures: 0, Errors: 0, Skipped: 31, Time elapsed: 0.261 s - in org.apache.ozone.erasurecode.rawcoder.TestNativeRSRawCoder
[INFO] Running org.apache.ozone.erasurecode.rawcoder.TestCodecRawCoderMapping
[INFO] Tests run: 2, Failures: 0, Errors: 0, Skipped: 0, Time elapsed: 0.252 s - in org.apache.ozone.erasurecode.rawcoder.TestCodecRawCoderMapping
[INFO] Running org.apache.ozone.erasurecode.rawcoder.TestXORRawCoder
[INFO] Tests run: 7, Failures: 0, Errors: 0, Skipped: 0, Time elapsed: 0.268 s - in org.apache.ozone.erasurecode.rawcoder.TestXORRawCoder
[INFO] 
[INFO] Results:
[INFO] 
[WARNING] Tests run: 78, Failures: 0, Errors: 0, Skipped: 39
[INFO] 
[INFO] 
[INFO] --------------------< org.apache.ozone:hdds-client >--------------------
[INFO] Building Apache Ozone HDDS Client 1.4.0-SNAPSHOT                 [14/46]
[INFO]   from hadoop-hdds/client/pom.xml
[INFO] --------------------------------[ jar ]---------------------------------
[INFO] 
[INFO] --- maven-antrun-plugin:3.1.0:run (create-testdirs) @ hdds-client ---
[INFO] Executing tasks
[INFO]     [mkdir] Created dir: /home/runner/work/ozone/ozone/hadoop-hdds/client/target/test-dir
[INFO] Executed tasks
[INFO] 
[INFO] --- jacoco-maven-plugin:0.8.5:prepare-agent (default-prepare-agent) @ hdds-client ---
[INFO] argLine set to -javaagent:/home/runner/.m2/repository/org/jacoco/org.jacoco.agent/0.8.5/org.jacoco.agent-0.8.5-runtime.jar=destfile=/home/runner/work/ozone/ozone/hadoop-hdds/client/target/jacoco.exec,includes=org.apache.hadoop.hdds.*:org.apache.hadoop.ozone.*:org.apache.hadoop.fs.ozone.*
[INFO] 
[INFO] --- maven-enforcer-plugin:3.2.1:enforce (banned-rocksdb-imports) @ hdds-client ---
[INFO] Rule 0: org.apache.maven.plugins.enforcer.RestrictImports passed
[INFO] Rule 1: org.apache.maven.plugins.enforcer.RestrictImports passed
[INFO] Rule 2: org.apache.maven.plugins.enforcer.RestrictImports passed
[INFO] 
[INFO] --- maven-remote-resources-plugin:1.5:process (default) @ hdds-client ---
[INFO] 
[INFO] --- maven-resources-plugin:3.1.0:resources (default-resources) @ hdds-client ---
[INFO] Using 'UTF-8' encoding to copy filtered resources.
[INFO] skip non existing resourceDirectory /home/runner/work/ozone/ozone/hadoop-hdds/client/src/main/resources
[INFO] Copying 2 resources
[INFO] 
[INFO] --- maven-compiler-plugin:3.1:compile (default-compile) @ hdds-client ---
[INFO] Compiling 46 source files to /home/runner/work/ozone/ozone/hadoop-hdds/client/target/classes
[WARNING] /home/runner/work/ozone/ozone/hadoop-hdds/client/src/main/java/org/apache/hadoop/hdds/scm/client/HddsClientUtils.java: /home/runner/work/ozone/ozone/hadoop-hdds/client/src/main/java/org/apache/hadoop/hdds/scm/client/HddsClientUtils.java uses unchecked or unsafe operations.
[WARNING] /home/runner/work/ozone/ozone/hadoop-hdds/client/src/main/java/org/apache/hadoop/hdds/scm/client/HddsClientUtils.java: Recompile with -Xlint:unchecked for details.
[INFO] 
[INFO] --- maven-resources-plugin:3.1.0:testResources (default-testResources) @ hdds-client ---
[INFO] Using 'UTF-8' encoding to copy filtered resources.
[INFO] Copying 1 resource
[INFO] Copying 2 resources
[INFO] 
[INFO] --- maven-compiler-plugin:3.1:testCompile (default-testCompile) @ hdds-client ---
[INFO] Compiling 15 source files to /home/runner/work/ozone/ozone/hadoop-hdds/client/target/test-classes
[WARNING] /home/runner/work/ozone/ozone/hadoop-hdds/client/src/test/java/org/apache/hadoop/hdds/scm/storage/TestBlockInputStream.java: /home/runner/work/ozone/ozone/hadoop-hdds/client/src/test/java/org/apache/hadoop/hdds/scm/storage/TestBlockInputStream.java uses unchecked or unsafe operations.
[WARNING] /home/runner/work/ozone/ozone/hadoop-hdds/client/src/test/java/org/apache/hadoop/hdds/scm/storage/TestBlockInputStream.java: Recompile with -Xlint:unchecked for details.
[INFO] 
[INFO] --- maven-surefire-plugin:3.0.0-M5:test (default-test) @ hdds-client ---
[INFO] 
[INFO] -------------------------------------------------------
[INFO]  T E S T S
[INFO] -------------------------------------------------------
[INFO] Running org.apache.hadoop.hdds.scm.storage.TestBlockOutputStreamCorrectness
[INFO] Tests run: 1, Failures: 0, Errors: 0, Skipped: 0, Time elapsed: 106.142 s - in org.apache.hadoop.hdds.scm.storage.TestBlockOutputStreamCorrectness
[INFO] Running org.apache.hadoop.hdds.scm.storage.TestBufferPool
[INFO] Tests run: 1, Failures: 0, Errors: 0, Skipped: 0, Time elapsed: 0.133 s - in org.apache.hadoop.hdds.scm.storage.TestBufferPool
[INFO] Running org.apache.hadoop.hdds.scm.storage.TestChunkInputStream
[INFO] Tests run: 6, Failures: 0, Errors: 0, Skipped: 0, Time elapsed: 1.244 s - in org.apache.hadoop.hdds.scm.storage.TestChunkInputStream
[INFO] Running org.apache.hadoop.hdds.scm.storage.TestBlockInputStream
[INFO] Tests run: 13, Failures: 0, Errors: 0, Skipped: 0, Time elapsed: 1.557 s - in org.apache.hadoop.hdds.scm.storage.TestBlockInputStream
[INFO] Running org.apache.hadoop.hdds.scm.TestContainerClientMetrics
[INFO] Tests run: 3, Failures: 0, Errors: 0, Skipped: 0, Time elapsed: 0.844 s - in org.apache.hadoop.hdds.scm.TestContainerClientMetrics
[INFO] Running org.apache.hadoop.ozone.client.io.TestBlockInputStreamFactoryImpl
[INFO] Tests run: 2, Failures: 0, Errors: 0, Skipped: 0, Time elapsed: 0.405 s - in org.apache.hadoop.ozone.client.io.TestBlockInputStreamFactoryImpl
[INFO] Running org.apache.hadoop.ozone.client.io.TestECBlockInputStreamProxy
[INFO] Tests run: 10, Failures: 0, Errors: 0, Skipped: 0, Time elapsed: 1.507 s - in org.apache.hadoop.ozone.client.io.TestECBlockInputStreamProxy
[INFO] Running org.apache.hadoop.ozone.client.io.TestECBlockInputStream
[INFO] Tests run: 18, Failures: 0, Errors: 0, Skipped: 0, Time elapsed: 0.575 s - in org.apache.hadoop.ozone.client.io.TestECBlockInputStream
[INFO] Running org.apache.hadoop.ozone.client.io.TestECBlockReconstructedStripeInputStream
[INFO] Tests run: 23, Failures: 0, Errors: 0, Skipped: 0, Time elapsed: 9.723 s - in org.apache.hadoop.ozone.client.io.TestECBlockReconstructedStripeInputStream
[INFO] Running org.apache.hadoop.ozone.client.io.TestECBlockReconstructedInputStream
[INFO] Tests run: 8, Failures: 0, Errors: 0, Skipped: 0, Time elapsed: 32.478 s - in org.apache.hadoop.ozone.client.io.TestECBlockReconstructedInputStream
[INFO] 
[INFO] Results:
[INFO] 
[INFO] Tests run: 85, Failures: 0, Errors: 0, Skipped: 0
[INFO] 
[INFO] 
[INFO] ---------------< org.apache.ozone:hdds-managed-rocksdb >----------------
[INFO] Building Apache Ozone HDDS Managed RocksDB 1.4.0-SNAPSHOT        [15/46]
[INFO]   from hadoop-hdds/managed-rocksdb/pom.xml
[INFO] --------------------------------[ jar ]---------------------------------
[INFO] 
[INFO] --- maven-antrun-plugin:3.1.0:run (create-testdirs) @ hdds-managed-rocksdb ---
[INFO] Executing tasks
[INFO]     [mkdir] Created dir: /home/runner/work/ozone/ozone/hadoop-hdds/managed-rocksdb/target/test-dir
[INFO] Executed tasks
[INFO] 
[INFO] --- jacoco-maven-plugin:0.8.5:prepare-agent (default-prepare-agent) @ hdds-managed-rocksdb ---
[INFO] argLine set to -javaagent:/home/runner/.m2/repository/org/jacoco/org.jacoco.agent/0.8.5/org.jacoco.agent-0.8.5-runtime.jar=destfile=/home/runner/work/ozone/ozone/hadoop-hdds/managed-rocksdb/target/jacoco.exec,includes=org.apache.hadoop.hdds.*:org.apache.hadoop.ozone.*:org.apache.hadoop.fs.ozone.*
[INFO] 
[INFO] --- maven-enforcer-plugin:3.2.1:enforce (banned-rocksdb-imports) @ hdds-managed-rocksdb ---
[INFO] Rule 0: org.apache.maven.plugins.enforcer.RestrictImports passed
[INFO] Rule 1: org.apache.maven.plugins.enforcer.RestrictImports passed
[INFO] Rule 2: org.apache.maven.plugins.enforcer.RestrictImports passed
[INFO] 
[INFO] --- maven-remote-resources-plugin:1.5:process (default) @ hdds-managed-rocksdb ---
[INFO] 
[INFO] --- maven-resources-plugin:3.1.0:resources (default-resources) @ hdds-managed-rocksdb ---
[INFO] Using 'UTF-8' encoding to copy filtered resources.
[INFO] skip non existing resourceDirectory /home/runner/work/ozone/ozone/hadoop-hdds/managed-rocksdb/src/main/resources
[INFO] Copying 2 resources
[INFO] 
[INFO] --- maven-compiler-plugin:3.1:compile (default-compile) @ hdds-managed-rocksdb ---
[INFO] Compiling 26 source files to /home/runner/work/ozone/ozone/hadoop-hdds/managed-rocksdb/target/classes
[INFO] 
[INFO] --- maven-resources-plugin:3.1.0:testResources (default-testResources) @ hdds-managed-rocksdb ---
[INFO] Using 'UTF-8' encoding to copy filtered resources.
[INFO] skip non existing resourceDirectory /home/runner/work/ozone/ozone/hadoop-hdds/managed-rocksdb/src/test/resources
[INFO] Copying 2 resources
[INFO] 
[INFO] --- maven-compiler-plugin:3.1:testCompile (default-testCompile) @ hdds-managed-rocksdb ---
[INFO] No sources to compile
[INFO] 
[INFO] --- maven-surefire-plugin:3.0.0-M5:test (default-test) @ hdds-managed-rocksdb ---
[INFO] 
[INFO] -----------------< org.apache.ozone:hdds-rocks-native >-----------------
[INFO] Building Apache Ozone HDDS RocksDB Tools 1.4.0-SNAPSHOT          [16/46]
[INFO]   from hadoop-hdds/rocks-native/pom.xml
[INFO] --------------------------------[ jar ]---------------------------------
[INFO] 
[INFO] --- maven-antrun-plugin:3.1.0:run (create-testdirs) @ hdds-rocks-native ---
[INFO] Executing tasks
[INFO]     [mkdir] Created dir: /home/runner/work/ozone/ozone/hadoop-hdds/rocks-native/target/test-dir
[INFO] Executed tasks
[INFO] 
[INFO] --- jacoco-maven-plugin:0.8.5:prepare-agent (default-prepare-agent) @ hdds-rocks-native ---
[INFO] argLine set to -javaagent:/home/runner/.m2/repository/org/jacoco/org.jacoco.agent/0.8.5/org.jacoco.agent-0.8.5-runtime.jar=destfile=/home/runner/work/ozone/ozone/hadoop-hdds/rocks-native/target/jacoco.exec,includes=org.apache.hadoop.hdds.*:org.apache.hadoop.ozone.*:org.apache.hadoop.fs.ozone.*
[INFO] 
[INFO] --- maven-enforcer-plugin:3.2.1:enforce (banned-rocksdb-imports) @ hdds-rocks-native ---
[INFO] Rule 0: org.apache.maven.plugins.enforcer.RestrictImports passed
[INFO] Rule 1: org.apache.maven.plugins.enforcer.RestrictImports passed
[INFO] Rule 2: org.apache.maven.plugins.enforcer.RestrictImports passed
[INFO] 
[INFO] --- maven-remote-resources-plugin:1.5:process (default) @ hdds-rocks-native ---
[INFO] 
[INFO] --- maven-resources-plugin:3.1.0:resources (default-resources) @ hdds-rocks-native ---
[INFO] Using 'UTF-8' encoding to copy filtered resources.
[INFO] skip non existing resourceDirectory /home/runner/work/ozone/ozone/hadoop-hdds/rocks-native/src/main/resources
[INFO] Copying 2 resources
[INFO] 
[INFO] --- maven-compiler-plugin:3.1:compile (default-compile) @ hdds-rocks-native ---
[INFO] Compiling 8 source files to /home/runner/work/ozone/ozone/hadoop-hdds/rocks-native/target/classes
[INFO] 
[INFO] --- maven-resources-plugin:3.1.0:testResources (default-testResources) @ hdds-rocks-native ---
[INFO] Using 'UTF-8' encoding to copy filtered resources.
[INFO] skip non existing resourceDirectory /home/runner/work/ozone/ozone/hadoop-hdds/rocks-native/src/test/resources
[INFO] Copying 2 resources
[INFO] 
[INFO] --- maven-compiler-plugin:3.1:testCompile (default-testCompile) @ hdds-rocks-native ---
[INFO] Compiling 3 source files to /home/runner/work/ozone/ozone/hadoop-hdds/rocks-native/target/test-classes
[WARNING] /home/runner/work/ozone/ozone/hadoop-hdds/rocks-native/src/test/java/org/apache/hadoop/hdds/utils/db/managed/TestManagedSSTDumpIterator.java: /home/runner/work/ozone/ozone/hadoop-hdds/rocks-native/src/test/java/org/apache/hadoop/hdds/utils/db/managed/TestManagedSSTDumpIterator.java uses or overrides a deprecated API.
[WARNING] /home/runner/work/ozone/ozone/hadoop-hdds/rocks-native/src/test/java/org/apache/hadoop/hdds/utils/db/managed/TestManagedSSTDumpIterator.java: Recompile with -Xlint:deprecation for details.
[WARNING] /home/runner/work/ozone/ozone/hadoop-hdds/rocks-native/src/test/java/org/apache/hadoop/hdds/utils/db/managed/TestManagedSSTDumpIterator.java: /home/runner/work/ozone/ozone/hadoop-hdds/rocks-native/src/test/java/org/apache/hadoop/hdds/utils/db/managed/TestManagedSSTDumpIterator.java uses unchecked or unsafe operations.
[WARNING] /home/runner/work/ozone/ozone/hadoop-hdds/rocks-native/src/test/java/org/apache/hadoop/hdds/utils/db/managed/TestManagedSSTDumpIterator.java: Recompile with -Xlint:unchecked for details.
[INFO] 
[INFO] --- maven-surefire-plugin:3.0.0-M5:test (default-test) @ hdds-rocks-native ---
[INFO] 
[INFO] -------------------------------------------------------
[INFO]  T E S T S
[INFO] -------------------------------------------------------
[INFO] Running org.apache.hadoop.hdds.utils.db.managed.TestManagedSSTDumpIterator
[INFO] Tests run: 9, Failures: 0, Errors: 0, Skipped: 0, Time elapsed: 1.561 s - in org.apache.hadoop.hdds.utils.db.managed.TestManagedSSTDumpIterator
[INFO] 
[INFO] Results:
[INFO] 
[INFO] Tests run: 9, Failures: 0, Errors: 0, Skipped: 0
[INFO] 
[INFO] 
[INFO] -------------< org.apache.ozone:rocksdb-checkpoint-differ >-------------
[INFO] Building RocksDB Checkpoint Differ 1.4.0-SNAPSHOT                [17/46]
[INFO]   from hadoop-hdds/rocksdb-checkpoint-differ/pom.xml
[INFO] --------------------------------[ jar ]---------------------------------
[INFO] 
[INFO] --- maven-antrun-plugin:3.1.0:run (create-testdirs) @ rocksdb-checkpoint-differ ---
[INFO] Executing tasks
[INFO]     [mkdir] Created dir: /home/runner/work/ozone/ozone/hadoop-hdds/rocksdb-checkpoint-differ/target/test-dir
[INFO] Executed tasks
[INFO] 
[INFO] --- jacoco-maven-plugin:0.8.5:prepare-agent (default-prepare-agent) @ rocksdb-checkpoint-differ ---
[INFO] argLine set to -javaagent:/home/runner/.m2/repository/org/jacoco/org.jacoco.agent/0.8.5/org.jacoco.agent-0.8.5-runtime.jar=destfile=/home/runner/work/ozone/ozone/hadoop-hdds/rocksdb-checkpoint-differ/target/jacoco.exec,includes=org.apache.hadoop.hdds.*:org.apache.hadoop.ozone.*:org.apache.hadoop.fs.ozone.*
[INFO] 
[INFO] --- maven-enforcer-plugin:3.2.1:enforce (banned-rocksdb-imports) @ rocksdb-checkpoint-differ ---
[INFO] Rule 0: org.apache.maven.plugins.enforcer.RestrictImports passed
[INFO] Rule 1: org.apache.maven.plugins.enforcer.RestrictImports passed
[INFO] Rule 2: org.apache.maven.plugins.enforcer.RestrictImports passed
[INFO] 
[INFO] --- maven-remote-resources-plugin:1.5:process (default) @ rocksdb-checkpoint-differ ---
[INFO] 
[INFO] --- hadoop-maven-plugins:3.3.6:version-info (version-info) @ rocksdb-checkpoint-differ ---
[INFO] SCM: GIT
[INFO] Computed MD5: 218e49b85a0d076d39cb32f855481a4
[INFO] 
[INFO] --- maven-resources-plugin:3.1.0:resources (default-resources) @ rocksdb-checkpoint-differ ---
[INFO] Using 'UTF-8' encoding to copy filtered resources.
[INFO] skip non existing resourceDirectory /home/runner/work/ozone/ozone/hadoop-hdds/rocksdb-checkpoint-differ/src/main/resources
[INFO] skip non existing resourceDirectory /home/runner/work/ozone/ozone/hadoop-hdds/rocksdb-checkpoint-differ/src/main/resources
[INFO] Copying 2 resources
[INFO] 
[INFO] --- maven-compiler-plugin:3.1:compile (default-compile) @ rocksdb-checkpoint-differ ---
[INFO] Compiling 14 source files to /home/runner/work/ozone/ozone/hadoop-hdds/rocksdb-checkpoint-differ/target/classes
[INFO] 
[INFO] --- maven-resources-plugin:3.1.0:testResources (default-testResources) @ rocksdb-checkpoint-differ ---
[INFO] Using 'UTF-8' encoding to copy filtered resources.
[INFO] Copying 1 resource
[INFO] Copying 2 resources
[INFO] 
[INFO] --- maven-compiler-plugin:3.1:testCompile (default-testCompile) @ rocksdb-checkpoint-differ ---
[INFO] Compiling 4 source files to /home/runner/work/ozone/ozone/hadoop-hdds/rocksdb-checkpoint-differ/target/test-classes
[INFO] 
[INFO] --- maven-surefire-plugin:3.0.0-M5:test (default-test) @ rocksdb-checkpoint-differ ---
[INFO] 
[INFO] -------------------------------------------------------
[INFO]  T E S T S
[INFO] -------------------------------------------------------
[INFO] Running org.apache.ozone.rocksdiff.TestRocksDBCheckpointDiffer
[INFO] Tests run: 33, Failures: 0, Errors: 0, Skipped: 0, Time elapsed: 76.024 s - in org.apache.ozone.rocksdiff.TestRocksDBCheckpointDiffer
[INFO] Running org.apache.ozone.compaction.log.TestCompactionFileInfo
[INFO] Tests run: 14, Failures: 0, Errors: 0, Skipped: 0, Time elapsed: 0.349 s - in org.apache.ozone.compaction.log.TestCompactionFileInfo
[INFO] Running org.apache.ozone.compaction.log.TestCompactionLogEntry
[INFO] Tests run: 4, Failures: 0, Errors: 0, Skipped: 0, Time elapsed: 0.241 s - in org.apache.ozone.compaction.log.TestCompactionLogEntry
[INFO] Running org.apache.ozone.rocksdb.util.TestManagedSstFileReader
[INFO] Tests run: 6, Failures: 0, Errors: 0, Skipped: 0, Time elapsed: 3.591 s - in org.apache.ozone.rocksdb.util.TestManagedSstFileReader
[INFO] 
[INFO] Results:
[INFO] 
[INFO] Tests run: 57, Failures: 0, Errors: 0, Skipped: 0
[INFO] 
[INFO] 
[INFO] ---------------< org.apache.ozone:hdds-server-framework >---------------
[INFO] Building Apache Ozone HDDS Server Framework 1.4.0-SNAPSHOT       [18/46]
[INFO]   from hadoop-hdds/framework/pom.xml
[INFO] --------------------------------[ jar ]---------------------------------
[INFO] 
[INFO] --- maven-antrun-plugin:3.1.0:run (create-testdirs) @ hdds-server-framework ---
[INFO] Executing tasks
[INFO]     [mkdir] Created dir: /home/runner/work/ozone/ozone/hadoop-hdds/framework/target/test-dir
[INFO] Executed tasks
[INFO] 
[INFO] --- jacoco-maven-plugin:0.8.5:prepare-agent (default-prepare-agent) @ hdds-server-framework ---
[INFO] argLine set to -javaagent:/home/runner/.m2/repository/org/jacoco/org.jacoco.agent/0.8.5/org.jacoco.agent-0.8.5-runtime.jar=destfile=/home/runner/work/ozone/ozone/hadoop-hdds/framework/target/jacoco.exec,includes=org.apache.hadoop.hdds.*:org.apache.hadoop.ozone.*:org.apache.hadoop.fs.ozone.*
[INFO] 
[INFO] --- maven-enforcer-plugin:3.2.1:enforce (banned-rocksdb-imports) @ hdds-server-framework ---
[INFO] Rule 0: org.apache.maven.plugins.enforcer.RestrictImports passed
[INFO] Rule 1: org.apache.maven.plugins.enforcer.RestrictImports passed
[INFO] Rule 2: org.apache.maven.plugins.enforcer.RestrictImports passed
[INFO] 
[INFO] --- maven-remote-resources-plugin:1.5:process (default) @ hdds-server-framework ---
[INFO] 
[INFO] --- maven-resources-plugin:3.1.0:resources (default-resources) @ hdds-server-framework ---
[INFO] Using 'UTF-8' encoding to copy filtered resources.
[INFO] Copying 35 resources
[INFO] Copying 2 resources
[INFO] 
[INFO] --- maven-compiler-plugin:3.1:compile (default-compile) @ hdds-server-framework ---
[INFO] Compiling 235 source files to /home/runner/work/ozone/ozone/hadoop-hdds/framework/target/classes
[WARNING] /home/runner/work/ozone/ozone/hadoop-hdds/framework/src/main/java/org/apache/hadoop/hdds/scm/proxy/SCMSecurityProtocolFailoverProxyProvider.java: Some input files use or override a deprecated API.
[WARNING] /home/runner/work/ozone/ozone/hadoop-hdds/framework/src/main/java/org/apache/hadoop/hdds/scm/proxy/SCMSecurityProtocolFailoverProxyProvider.java: Recompile with -Xlint:deprecation for details.
[WARNING] /home/runner/work/ozone/ozone/hadoop-hdds/framework/src/main/java/org/apache/hadoop/hdds/utils/HAUtils.java: Some input files use unchecked or unsafe operations.
[WARNING] /home/runner/work/ozone/ozone/hadoop-hdds/framework/src/main/java/org/apache/hadoop/hdds/utils/HAUtils.java: Recompile with -Xlint:unchecked for details.
[INFO] 
[INFO] --- maven-resources-plugin:3.1.0:testResources (default-testResources) @ hdds-server-framework ---
[INFO] Using 'UTF-8' encoding to copy filtered resources.
[INFO] Copying 5 resources
[INFO] Copying 2 resources
[INFO] 
[INFO] --- maven-compiler-plugin:3.1:testCompile (default-testCompile) @ hdds-server-framework ---
[INFO] Compiling 76 source files to /home/runner/work/ozone/ozone/hadoop-hdds/framework/target/test-classes
[WARNING] /home/runner/work/ozone/ozone/hadoop-hdds/framework/src/test/java/org/apache/hadoop/hdds/security/symmetric/SecretKeyManagerTest.java: Some input files use unchecked or unsafe operations.
[WARNING] /home/runner/work/ozone/ozone/hadoop-hdds/framework/src/test/java/org/apache/hadoop/hdds/security/symmetric/SecretKeyManagerTest.java: Recompile with -Xlint:unchecked for details.
[INFO] 
[INFO] --- maven-surefire-plugin:3.0.0-M5:test (default-test) @ hdds-server-framework ---
[INFO] 
[INFO] -------------------------------------------------------
[INFO]  T E S T S
[INFO] -------------------------------------------------------
[INFO] Running org.apache.hadoop.hdds.server.http.TestHttpRequestLog
[INFO] Tests run: 2, Failures: 0, Errors: 0, Skipped: 0, Time elapsed: 0.243 s - in org.apache.hadoop.hdds.server.http.TestHttpRequestLog
[INFO] Running org.apache.hadoop.hdds.server.http.TestHttpServer2MetricsTest
[INFO] Tests run: 1, Failures: 0, Errors: 0, Skipped: 0, Time elapsed: 1.589 s - in org.apache.hadoop.hdds.server.http.TestHttpServer2MetricsTest
[INFO] Running org.apache.hadoop.hdds.server.http.TestHttpRequestLogAppender
[INFO] Tests run: 1, Failures: 0, Errors: 0, Skipped: 0, Time elapsed: 0.072 s - in org.apache.hadoop.hdds.server.http.TestHttpRequestLogAppender
[INFO] Running org.apache.hadoop.hdds.server.http.TestProfileServlet
[INFO] Tests run: 3, Failures: 0, Errors: 0, Skipped: 0, Time elapsed: 0.164 s - in org.apache.hadoop.hdds.server.http.TestProfileServlet
[INFO] Running org.apache.hadoop.hdds.server.http.TestRatisDropwizardExports
[INFO] Tests run: 1, Failures: 0, Errors: 0, Skipped: 0, Time elapsed: 0.208 s - in org.apache.hadoop.hdds.server.http.TestRatisDropwizardExports
[INFO] Running org.apache.hadoop.hdds.server.http.TestPrometheusMetricsIntegration
[INFO] Tests run: 4, Failures: 0, Errors: 0, Skipped: 0, Time elapsed: 0.406 s - in org.apache.hadoop.hdds.server.http.TestPrometheusMetricsIntegration
[INFO] Running org.apache.hadoop.hdds.server.http.TestBaseHttpServer
[INFO] Tests run: 1, Failures: 0, Errors: 0, Skipped: 0, Time elapsed: 0.425 s - in org.apache.hadoop.hdds.server.http.TestBaseHttpServer
[INFO] Running org.apache.hadoop.hdds.server.http.TestHtmlQuoting
[INFO] Tests run: 4, Failures: 0, Errors: 0, Skipped: 0, Time elapsed: 1.288 s - in org.apache.hadoop.hdds.server.http.TestHtmlQuoting
[INFO] Running org.apache.hadoop.hdds.server.http.TestHttpServer2
[INFO] Tests run: 1, Failures: 0, Errors: 0, Skipped: 0, Time elapsed: 0.672 s - in org.apache.hadoop.hdds.server.http.TestHttpServer2
[INFO] Running org.apache.hadoop.hdds.server.http.TestRatisNameRewrite
[INFO] Tests run: 5, Failures: 0, Errors: 0, Skipped: 0, Time elapsed: 0.288 s - in org.apache.hadoop.hdds.server.http.TestRatisNameRewrite
[INFO] Running org.apache.hadoop.hdds.server.TestServerUtils
[INFO] Tests run: 11, Failures: 0, Errors: 0, Skipped: 0, Time elapsed: 0.617 s - in org.apache.hadoop.hdds.server.TestServerUtils
[INFO] Running org.apache.hadoop.hdds.server.events.TestEventQueue
[INFO] Tests run: 3, Failures: 0, Errors: 0, Skipped: 0, Time elapsed: 22.654 s - in org.apache.hadoop.hdds.server.events.TestEventQueue
[INFO] Running org.apache.hadoop.hdds.server.events.TestEventWatcher
[INFO] Tests run: 3, Failures: 0, Errors: 0, Skipped: 0, Time elapsed: 11.507 s - in org.apache.hadoop.hdds.server.events.TestEventWatcher
[INFO] Running org.apache.hadoop.hdds.server.events.TestEventQueueChain
[INFO] Tests run: 1, Failures: 0, Errors: 0, Skipped: 0, Time elapsed: 0.231 s - in org.apache.hadoop.hdds.server.events.TestEventQueueChain
[INFO] Running org.apache.hadoop.hdds.server.TestJsonUtils
[INFO] Tests run: 1, Failures: 0, Errors: 0, Skipped: 0, Time elapsed: 0.383 s - in org.apache.hadoop.hdds.server.TestJsonUtils
[INFO] Running org.apache.hadoop.hdds.scm.exceptions.TestSCMExceptionResultCodes
[INFO] Tests run: 1, Failures: 0, Errors: 0, Skipped: 0, Time elapsed: 0.066 s - in org.apache.hadoop.hdds.scm.exceptions.TestSCMExceptionResultCodes
[INFO] Running org.apache.hadoop.hdds.utils.TestCollectionUtils
[INFO] Tests run: 7, Failures: 0, Errors: 0, Skipped: 0, Time elapsed: 0.108 s - in org.apache.hadoop.hdds.utils.TestCollectionUtils
[INFO] Running org.apache.hadoop.hdds.utils.TestDecayRpcSchedulerUtil
[INFO] Tests run: 4, Failures: 0, Errors: 0, Skipped: 0, Time elapsed: 0.093 s - in org.apache.hadoop.hdds.utils.TestDecayRpcSchedulerUtil
[INFO] Running org.apache.hadoop.hdds.utils.db.TestTypedRDBTableStore
[INFO] Tests run: 12, Failures: 0, Errors: 0, Skipped: 0, Time elapsed: 2.146 s - in org.apache.hadoop.hdds.utils.db.TestTypedRDBTableStore
[INFO] Running org.apache.hadoop.hdds.utils.db.TestRDBTableStore
[INFO] Tests run: 18, Failures: 0, Errors: 0, Skipped: 0, Time elapsed: 5.708 s - in org.apache.hadoop.hdds.utils.db.TestRDBTableStore
[INFO] Running org.apache.hadoop.hdds.utils.db.TestDBConfigFromFile
[INFO] Tests run: 2, Failures: 0, Errors: 0, Skipped: 0, Time elapsed: 0.306 s - in org.apache.hadoop.hdds.utils.db.TestDBConfigFromFile
[INFO] Running org.apache.hadoop.hdds.utils.db.TestRDBStoreByteArrayIterator
[INFO] Tests run: 15, Failures: 0, Errors: 0, Skipped: 0, Time elapsed: 1.816 s - in org.apache.hadoop.hdds.utils.db.TestRDBStoreByteArrayIterator
[INFO] Running org.apache.hadoop.hdds.utils.db.cache.TestTableCache
[INFO] Tests run: 18, Failures: 0, Errors: 0, Skipped: 0, Time elapsed: 2.353 s - in org.apache.hadoop.hdds.utils.db.cache.TestTableCache
[INFO] Running org.apache.hadoop.hdds.utils.db.TestCodecRegistry
[INFO] Tests run: 2, Failures: 0, Errors: 0, Skipped: 0, Time elapsed: 0.13 s - in org.apache.hadoop.hdds.utils.db.TestCodecRegistry
[INFO] Running org.apache.hadoop.hdds.utils.db.TestRDBStore
[INFO] Tests run: 14, Failures: 0, Errors: 0, Skipped: 0, Time elapsed: 1.866 s - in org.apache.hadoop.hdds.utils.db.TestRDBStore
[INFO] Running org.apache.hadoop.hdds.utils.db.TestFixedLengthStringCodec
[INFO] Tests run: 1, Failures: 0, Errors: 0, Skipped: 0, Time elapsed: 0.088 s - in org.apache.hadoop.hdds.utils.db.TestFixedLengthStringCodec
[INFO] Running org.apache.hadoop.hdds.utils.db.TestDBStoreBuilder
[INFO] Tests run: 10, Failures: 0, Errors: 0, Skipped: 0, Time elapsed: 1.057 s - in org.apache.hadoop.hdds.utils.db.TestDBStoreBuilder
[INFO] Running org.apache.hadoop.hdds.utils.db.TestRDBStoreCodecBufferIterator
[INFO] Tests run: 14, Failures: 0, Errors: 0, Skipped: 0, Time elapsed: 3.661 s - in org.apache.hadoop.hdds.utils.db.TestRDBStoreCodecBufferIterator
[INFO] Running org.apache.hadoop.hdds.utils.db.TestCodec
[INFO] Tests run: 7, Failures: 0, Errors: 0, Skipped: 0, Time elapsed: 1.286 s - in org.apache.hadoop.hdds.utils.db.TestCodec
[INFO] Running org.apache.hadoop.hdds.utils.TestUgiMetricsUtil
[INFO] Tests run: 2, Failures: 0, Errors: 0, Skipped: 0, Time elapsed: 0.06 s - in org.apache.hadoop.hdds.utils.TestUgiMetricsUtil
[INFO] Running org.apache.hadoop.hdds.utils.TestRDBSnapshotProvider
[INFO] Tests run: 2, Failures: 0, Errors: 0, Skipped: 0, Time elapsed: 1.196 s - in org.apache.hadoop.hdds.utils.TestRDBSnapshotProvider
[INFO] Running org.apache.hadoop.hdds.utils.TestPrometheusMetricsSinkUtil
[INFO] Tests run: 12, Failures: 0, Errors: 0, Skipped: 0, Time elapsed: 0.088 s - in org.apache.hadoop.hdds.utils.TestPrometheusMetricsSinkUtil
[INFO] Running org.apache.hadoop.hdds.security.token.TestOzoneBlockTokenIdentifier
[INFO] Tests run: 2, Failures: 0, Errors: 0, Skipped: 0, Time elapsed: 0.472 s - in org.apache.hadoop.hdds.security.token.TestOzoneBlockTokenIdentifier
[INFO] Running org.apache.hadoop.hdds.security.token.TestOzoneBlockTokenSecretManager
[INFO] Tests run: 7, Failures: 0, Errors: 0, Skipped: 0, Time elapsed: 2.868 s - in org.apache.hadoop.hdds.security.token.TestOzoneBlockTokenSecretManager
[INFO] Running org.apache.hadoop.hdds.security.token.TestBlockTokenVerifier
[INFO] Tests run: 7, Failures: 0, Errors: 0, Skipped: 0, Time elapsed: 2.816 s - in org.apache.hadoop.hdds.security.token.TestBlockTokenVerifier
[INFO] Running org.apache.hadoop.hdds.security.token.TestContainerTokenVerifier
[INFO] Tests run: 7, Failures: 0, Errors: 0, Skipped: 0, Time elapsed: 2.863 s - in org.apache.hadoop.hdds.security.token.TestContainerTokenVerifier
[INFO] Running org.apache.hadoop.hdds.security.x509.keys.TestHDDSKeyGenerator
[INFO] Tests run: 2, Failures: 0, Errors: 0, Skipped: 0, Time elapsed: 2.64 s - in org.apache.hadoop.hdds.security.x509.keys.TestHDDSKeyGenerator
[INFO] Running org.apache.hadoop.hdds.security.x509.keys.TestKeyCodec
[INFO] Tests run: 4, Failures: 0, Errors: 0, Skipped: 0, Time elapsed: 2.901 s - in org.apache.hadoop.hdds.security.x509.keys.TestKeyCodec
[INFO] Running org.apache.hadoop.hdds.security.x509.certificate.authority.TestDefaultCAServer
[INFO] Tests run: 11, Failures: 0, Errors: 0, Skipped: 0, Time elapsed: 4.862 s - in org.apache.hadoop.hdds.security.x509.certificate.authority.TestDefaultCAServer
[INFO] Running org.apache.hadoop.hdds.security.x509.certificate.authority.TestDefaultProfile
[INFO] Tests run: 10, Failures: 0, Errors: 0, Skipped: 0, Time elapsed: 3.535 s - in org.apache.hadoop.hdds.security.x509.certificate.authority.TestDefaultProfile
[INFO] Running org.apache.hadoop.hdds.security.x509.certificate.client.TestDefaultCertificateClient
[INFO] Tests run: 12, Failures: 0, Errors: 0, Skipped: 0, Time elapsed: 10.945 s - in org.apache.hadoop.hdds.security.x509.certificate.client.TestDefaultCertificateClient
[INFO] Running org.apache.hadoop.hdds.security.x509.certificate.client.TestDnCertificateClientInit
[INFO] Tests run: 8, Failures: 0, Errors: 0, Skipped: 0, Time elapsed: 4.65 s - in org.apache.hadoop.hdds.security.x509.certificate.client.TestDnCertificateClientInit
[INFO] Running org.apache.hadoop.hdds.security.x509.certificate.utils.TestCertificateSignRequest
[INFO] Tests run: 4, Failures: 0, Errors: 0, Skipped: 0, Time elapsed: 1.675 s - in org.apache.hadoop.hdds.security.x509.certificate.utils.TestCertificateSignRequest
[INFO] Running org.apache.hadoop.hdds.security.x509.certificate.utils.TestCertificateCodec
[INFO] Tests run: 7, Failures: 0, Errors: 0, Skipped: 0, Time elapsed: 3.306 s - in org.apache.hadoop.hdds.security.x509.certificate.utils.TestCertificateCodec
[INFO] Running org.apache.hadoop.hdds.security.x509.certificate.utils.TestCRLCodec
[INFO] Tests run: 4, Failures: 0, Errors: 0, Skipped: 0, Time elapsed: 1.673 s - in org.apache.hadoop.hdds.security.x509.certificate.utils.TestCRLCodec
[INFO] Running org.apache.hadoop.hdds.security.x509.certificate.utils.TestRootCertificate
[INFO] Tests run: 3, Failures: 0, Errors: 0, Skipped: 0, Time elapsed: 2.26 s - in org.apache.hadoop.hdds.security.x509.certificate.utils.TestRootCertificate
[INFO] Running org.apache.hadoop.hdds.security.x509.certificate.utils.TestRootCaRotationPoller
[ERROR] Tests run: 3, Failures: 0, Errors: 1, Skipped: 0, Time elapsed: 13.855 s <<< FAILURE! - in org.apache.hadoop.hdds.security.x509.certificate.utils.TestRootCaRotationPoller
[ERROR] org.apache.hadoop.hdds.security.x509.certificate.utils.TestRootCaRotationPoller.testPollerRetriesAfterFailure  Time elapsed: 5.118 s  <<< ERROR!
java.util.concurrent.TimeoutException: 
Timed out waiting for condition. Thread diagnostics:
Timestamp: 2023-10-25 10:05:49,247

"main"  prio=5 tid=1 runnable
java.lang.Thread.State: RUNNABLE
        at java.lang.Thread.dumpThreads(Native Method)
        at java.lang.Thread.getAllStackTraces(Thread.java:1615)
        at org.apache.ozone.test.TimedOutTestsListener.buildThreadDump(TimedOutTestsListener.java:93)
        at org.apache.ozone.test.TimedOutTestsListener.buildThreadDiagnosticString(TimedOutTestsListener.java:79)
        at org.apache.ozone.test.GenericTestUtils.waitFor(GenericTestUtils.java:231)
        at org.apache.hadoop.hdds.security.x509.certificate.utils.TestRootCaRotationPoller.testPollerRetriesAfterFailure(TestRootCaRotationPoller.java:153)
        at sun.reflect.NativeMethodAccessorImpl.invoke0(Native Method)
        at sun.reflect.NativeMethodAccessorImpl.invoke(NativeMethodAccessorImpl.java:62)
        at sun.reflect.DelegatingMethodAccessorImpl.invoke(DelegatingMethodAccessorImpl.java:43)
        at java.lang.reflect.Method.invoke(Method.java:498)
        at org.junit.platform.commons.util.ReflectionUtils.invokeMethod(ReflectionUtils.java:725)
        at org.junit.jupiter.engine.execution.MethodInvocation.proceed(MethodInvocation.java:60)
        at org.junit.jupiter.engine.execution.InvocationInterceptorChain$ValidatingInvocation.proceed(InvocationInterceptorChain.java:131)
        at org.junit.jupiter.engine.extension.TimeoutExtension.intercept(TimeoutExtension.java:149)
        at org.junit.jupiter.engine.extension.TimeoutExtension.interceptTestableMethod(TimeoutExtension.java:140)
        at org.junit.jupiter.engine.extension.TimeoutExtension.interceptTestMethod(TimeoutExtension.java:84)
        at org.junit.jupiter.engine.descriptor.TestMethodTestDescriptor$$Lambda$158/1790421142.apply(Unknown Source)
        at org.junit.jupiter.engine.execution.ExecutableInvoker$ReflectiveInterceptorCall.lambda$ofVoidMethod$0(ExecutableInvoker.java:115)
        at org.junit.jupiter.engine.execution.ExecutableInvoker$ReflectiveInterceptorCall$$Lambda$159/1582071873.apply(Unknown Source)
        at org.junit.jupiter.engine.execution.ExecutableInvoker.lambda$invoke$0(ExecutableInvoker.java:105)
        at org.junit.jupiter.engine.execution.ExecutableInvoker$$Lambda$316/1840903588.apply(Unknown Source)
        at org.junit.jupiter.engine.execution.InvocationInterceptorChain$InterceptedInvocation.proceed(InvocationInterceptorChain.java:106)
        at org.junit.jupiter.engine.execution.InvocationInterceptorChain.proceed(InvocationInterceptorChain.java:64)
        at org.junit.jupiter.engine.execution.InvocationInterceptorChain.chainAndInvoke(InvocationInterceptorChain.java:45)
        at org.junit.jupiter.engine.execution.InvocationInterceptorChain.invoke(InvocationInterceptorChain.java:37)
        at org.junit.jupiter.engine.execution.ExecutableInvoker.invoke(ExecutableInvoker.java:104)
        at org.junit.jupiter.engine.execution.ExecutableInvoker.invoke(ExecutableInvoker.java:98)
        at org.junit.jupiter.engine.descriptor.TestMethodTestDescriptor.lambda$invokeTestMethod$7(TestMethodTestDescriptor.java:214)
        at org.junit.jupiter.engine.descriptor.TestMethodTestDescriptor$$Lambda$370/295700833.execute(Unknown Source)
        at org.junit.platform.engine.support.hierarchical.ThrowableCollector.execute(ThrowableCollector.java:73)
        at org.junit.jupiter.engine.descriptor.TestMethodTestDescriptor.invokeTestMethod(TestMethodTestDescriptor.java:210)
        at org.junit.jupiter.engine.descriptor.TestMethodTestDescriptor.execute(TestMethodTestDescriptor.java:135)
        at org.junit.jupiter.engine.descriptor.TestMethodTestDescriptor.execute(TestMethodTestDescriptor.java:66)
        at org.junit.platform.engine.support.hierarchical.NodeTestTask.lambda$executeRecursively$6(NodeTestTask.java:151)
        at org.junit.platform.engine.support.hierarchical.NodeTestTask$$Lambda$258/915416632.execute(Unknown Source)
        at org.junit.platform.engine.support.hierarchical.ThrowableCollector.execute(ThrowableCollector.java:73)
        at org.junit.platform.engine.support.hierarchical.NodeTestTask.lambda$executeRecursively$8(NodeTestTask.java:141)
        at org.junit.platform.engine.support.hierarchical.NodeTestTask$$Lambda$257/489349054.invoke(Unknown Source)
        at org.junit.platform.engine.support.hierarchical.Node.around(Node.java:137)
        at org.junit.platform.engine.support.hierarchical.NodeTestTask.lambda$executeRecursively$9(NodeTestTask.java:139)
        at org.junit.platform.engine.support.hierarchical.NodeTestTask$$Lambda$256/294247762.execute(Unknown Source)
        at org.junit.platform.engine.support.hierarchical.ThrowableCollector.execute(ThrowableCollector.java:73)
        at org.junit.platform.engine.support.hierarchical.NodeTestTask.executeRecursively(NodeTestTask.java:138)
        at org.junit.platform.engine.support.hierarchical.NodeTestTask.execute(NodeTestTask.java:95)
        at org.junit.platform.engine.support.hierarchical.SameThreadHierarchicalTestExecutorService$$Lambda$262/320304382.accept(Unknown Source)
        at java.util.ArrayList.forEach(ArrayList.java:1259)
        at org.junit.platform.engine.support.hierarchical.SameThreadHierarchicalTestExecutorService.invokeAll(SameThreadHierarchicalTestExecutorService.java:41)
        at org.junit.platform.engine.support.hierarchical.NodeTestTask.lambda$executeRecursively$6(NodeTestTask.java:155)
        at org.junit.platform.engine.support.hierarchical.NodeTestTask$$Lambda$258/915416632.execute(Unknown Source)
        at org.junit.platform.engine.support.hierarchical.ThrowableCollector.execute(ThrowableCollector.java:73)
        at org.junit.platform.engine.support.hierarchical.NodeTestTask.lambda$executeRecursively$8(NodeTestTask.java:141)
        at org.junit.platform.engine.support.hierarchical.NodeTestTask$$Lambda$257/489349054.invoke(Unknown Source)
        at org.junit.platform.engine.support.hierarchical.Node.around(Node.java:137)
        at org.junit.platform.engine.support.hierarchical.NodeTestTask.lambda$executeRecursively$9(NodeTestTask.java:139)
        at org.junit.platform.engine.support.hierarchical.NodeTestTask$$Lambda$256/294247762.execute(Unknown Source)
        at org.junit.platform.engine.support.hierarchical.ThrowableCollector.execute(ThrowableCollector.java:73)
        at org.junit.platform.engine.support.hierarchical.NodeTestTask.executeRecursively(NodeTestTask.java:138)
        at org.junit.platform.engine.support.hierarchical.NodeTestTask.execute(NodeTestTask.java:95)
        at org.junit.platform.engine.support.hierarchical.SameThreadHierarchicalTestExecutorService$$Lambda$262/320304382.accept(Unknown Source)
        at java.util.ArrayList.forEach(ArrayList.java:1259)
        at org.junit.platform.engine.support.hierarchical.SameThreadHierarchicalTestExecutorService.invokeAll(SameThreadHierarchicalTestExecutorService.java:41)
        at org.junit.platform.engine.support.hierarchical.NodeTestTask.lambda$executeRecursively$6(NodeTestTask.java:155)
        at org.junit.platform.engine.support.hierarchical.NodeTestTask$$Lambda$258/915416632.execute(Unknown Source)
        at org.junit.platform.engine.support.hierarchical.ThrowableCollector.execute(ThrowableCollector.java:73)
        at org.junit.platform.engine.support.hierarchical.NodeTestTask.lambda$executeRecursively$8(NodeTestTask.java:141)
        at org.junit.platform.engine.support.hierarchical.NodeTestTask$$Lambda$257/489349054.invoke(Unknown Source)
        at org.junit.platform.engine.support.hierarchical.Node.around(Node.java:137)
        at org.junit.platform.engine.support.hierarchical.NodeTestTask.lambda$executeRecursively$9(NodeTestTask.java:139)
        at org.junit.platform.engine.support.hierarchical.NodeTestTask$$Lambda$256/294247762.execute(Unknown Source)
        at org.junit.platform.engine.support.hierarchical.ThrowableCollector.execute(ThrowableCollector.java:73)
        at org.junit.platform.engine.support.hierarchical.NodeTestTask.executeRecursively(NodeTestTask.java:138)
        at org.junit.platform.engine.support.hierarchical.NodeTestTask.execute(NodeTestTask.java:95)
        at org.junit.platform.engine.support.hierarchical.SameThreadHierarchicalTestExecutorService.submit(SameThreadHierarchicalTestExecutorService.java:35)
        at org.junit.platform.engine.support.hierarchical.HierarchicalTestExecutor.execute(HierarchicalTestExecutor.java:57)
        at org.junit.platform.engine.support.hierarchical.HierarchicalTestEngine.execute(HierarchicalTestEngine.java:54)
        at org.junit.platform.launcher.core.EngineExecutionOrchestrator.execute(EngineExecutionOrchestrator.java:107)
        at org.junit.platform.launcher.core.EngineExecutionOrchestrator.execute(EngineExecutionOrchestrator.java:88)
        at org.junit.platform.launcher.core.EngineExecutionOrchestrator.lambda$execute$0(EngineExecutionOrchestrator.java:54)
        at org.junit.platform.launcher.core.EngineExecutionOrchestrator$$Lambda$214/1099855928.accept(Unknown Source)
        at org.junit.platform.launcher.core.EngineExecutionOrchestrator.withInterceptedStreams(EngineExecutionOrchestrator.java:67)
        at org.junit.platform.launcher.core.EngineExecutionOrchestrator.execute(EngineExecutionOrchestrator.java:52)
        at org.junit.platform.launcher.core.DefaultLauncher.execute(DefaultLauncher.java:114)
        at org.junit.platform.launcher.core.DefaultLauncher.execute(DefaultLauncher.java:86)
        at org.junit.platform.launcher.core.DefaultLauncherSession$DelegatingLauncher.execute(DefaultLauncherSession.java:86)
        at org.junit.platform.launcher.core.SessionPerRequestLauncher.execute(SessionPerRequestLauncher.java:53)
        at org.apache.maven.surefire.junitplatform.JUnitPlatformProvider.execute(JUnitPlatformProvider.java:188)
        at org.apache.maven.surefire.junitplatform.JUnitPlatformProvider.invokeAllTests(JUnitPlatformProvider.java:154)
        at org.apache.maven.surefire.junitplatform.JUnitPlatformProvider.invoke(JUnitPlatformProvider.java:124)
        at org.apache.maven.surefire.booter.ForkedBooter.runSuitesInProcess(ForkedBooter.java:428)
        at org.apache.maven.surefire.booter.ForkedBooter.execute(ForkedBooter.java:162)
        at org.apache.maven.surefire.booter.ForkedBooter.run(ForkedBooter.java:562)
        at org.apache.maven.surefire.booter.ForkedBooter.main(ForkedBooter.java:548)
"Signal Dispatcher" daemon prio=9 tid=4 runnable
java.lang.Thread.State: RUNNABLE
"Reference Handler" daemon prio=10 tid=2 in Object.wait()
java.lang.Thread.State: WAITING (on object monitor)
        at java.lang.Object.wait(Native Method)
        at java.lang.Object.wait(Object.java:502)
        at java.lang.ref.Reference.tryHandlePending(Reference.java:191)
        at java.lang.ref.Reference$ReferenceHandler.run(Reference.java:153)
"RootCaRotationPoller" daemon prio=5 tid=17 timed_waiting
java.lang.Thread.State: TIMED_WAITING
        at sun.misc.Unsafe.park(Native Method)
        at java.util.concurrent.locks.LockSupport.parkNanos(LockSupport.java:215)
        at java.util.concurrent.locks.AbstractQueuedSynchronizer$ConditionObject.awaitNanos(AbstractQueuedSynchronizer.java:2078)
        at java.util.concurrent.ScheduledThreadPoolExecutor$DelayedWorkQueue.take(ScheduledThreadPoolExecutor.java:1093)
        at java.util.concurrent.ScheduledThreadPoolExecutor$DelayedWorkQueue.take(ScheduledThreadPoolExecutor.java:809)
        at java.util.concurrent.ThreadPoolExecutor.getTask(ThreadPoolExecutor.java:1074)
        at java.util.concurrent.ThreadPoolExecutor.runWorker(ThreadPoolExecutor.java:1134)
        at java.util.concurrent.ThreadPoolExecutor$Worker.run(ThreadPoolExecutor.java:624)
        at java.lang.Thread.run(Thread.java:750)
"surefire-forkedjvm-command-thread" daemon prio=5 tid=10 runnable
java.lang.Thread.State: RUNNABLE
        at java.io.FileInputStream.readBytes(Native Method)
        at java.io.FileInputStream.read(FileInputStream.java:255)
        at java.io.BufferedInputStream.read1(BufferedInputStream.java:284)
        at java.io.BufferedInputStream.read(BufferedInputStream.java:345)
        at java.io.BufferedInputStream.fill(BufferedInputStream.java:246)
        at java.io.BufferedInputStream.read1(BufferedInputStream.java:286)
        at java.io.BufferedInputStream.read(BufferedInputStream.java:345)
        at org.apache.maven.surefire.api.util.internal.Channels$3.readImpl(Channels.java:214)
        at org.apache.maven.surefire.api.util.internal.AbstractNoninterruptibleReadableChannel.read(AbstractNoninterruptibleReadableChannel.java:54)
        at org.apache.maven.surefire.booter.spi.LegacyMasterProcessChannelDecoder.decode(LegacyMasterProcessChannelDecoder.java:80)
        at org.apache.maven.surefire.booter.CommandReader$CommandRunnable.run(CommandReader.java:343)
        at java.lang.Thread.run(Thread.java:750)
"Attach Listener" daemon prio=9 tid=12 runnable
java.lang.Thread.State: RUNNABLE
"RootCaRotationPoller" daemon prio=5 tid=15 timed_waiting
java.lang.Thread.State: TIMED_WAITING
        at sun.misc.Unsafe.park(Native Method)
        at java.util.concurrent.locks.LockSupport.parkNanos(LockSupport.java:215)
        at java.util.concurrent.locks.AbstractQueuedSynchronizer$ConditionObject.awaitNanos(AbstractQueuedSynchronizer.java:2078)
        at java.util.concurrent.ScheduledThreadPoolExecutor$DelayedWorkQueue.take(ScheduledThreadPoolExecutor.java:1093)
        at java.util.concurrent.ScheduledThreadPoolExecutor$DelayedWorkQueue.take(ScheduledThreadPoolExecutor.java:809)
        at java.util.concurrent.ThreadPoolExecutor.getTask(ThreadPoolExecutor.java:1074)
        at java.util.concurrent.ThreadPoolExecutor.runWorker(ThreadPoolExecutor.java:1134)
        at java.util.concurrent.ThreadPoolExecutor$Worker.run(ThreadPoolExecutor.java:624)
        at java.lang.Thread.run(Thread.java:750)
"process reaper" daemon prio=10 tid=13 timed_waiting
java.lang.Thread.State: TIMED_WAITING
        at sun.misc.Unsafe.park(Native Method)
        at java.util.concurrent.locks.LockSupport.parkNanos(LockSupport.java:215)
        at java.util.concurrent.SynchronousQueue$TransferStack.awaitFulfill(SynchronousQueue.java:460)
        at java.util.concurrent.SynchronousQueue$TransferStack.transfer(SynchronousQueue.java:362)
        at java.util.concurrent.SynchronousQueue.poll(SynchronousQueue.java:941)
        at java.util.concurrent.ThreadPoolExecutor.getTask(ThreadPoolExecutor.java:1073)
        at java.util.concurrent.ThreadPoolExecutor.runWorker(ThreadPoolExecutor.java:1134)
        at java.util.concurrent.ThreadPoolExecutor$Worker.run(ThreadPoolExecutor.java:624)
        at java.lang.Thread.run(Thread.java:750)
"Finalizer" daemon prio=8 tid=3 in Object.wait()
java.lang.Thread.State: WAITING (on object monitor)
        at java.lang.Object.wait(Native Method)
        at java.lang.ref.ReferenceQueue.remove(ReferenceQueue.java:144)
        at java.lang.ref.ReferenceQueue.remove(ReferenceQueue.java:165)
        at java.lang.ref.Finalizer$FinalizerThread.run(Finalizer.java:188)
"RootCaRotationPoller" daemon prio=5 tid=18 timed_waiting
java.lang.Thread.State: TIMED_WAITING
        at sun.misc.Unsafe.park(Native Method)
        at java.util.concurrent.locks.LockSupport.parkNanos(LockSupport.java:215)
        at java.util.concurrent.locks.AbstractQueuedSynchronizer$ConditionObject.awaitNanos(AbstractQueuedSynchronizer.java:2078)
        at java.util.concurrent.ScheduledThreadPoolExecutor$DelayedWorkQueue.take(ScheduledThreadPoolExecutor.java:1093)
        at java.util.concurrent.ScheduledThreadPoolExecutor$DelayedWorkQueue.take(ScheduledThreadPoolExecutor.java:809)
        at java.util.concurrent.ThreadPoolExecutor.getTask(ThreadPoolExecutor.java:1074)
        at java.util.concurrent.ThreadPoolExecutor.runWorker(ThreadPoolExecutor.java:1134)
        at java.util.concurrent.ThreadPoolExecutor$Worker.run(ThreadPoolExecutor.java:624)
        at java.lang.Thread.run(Thread.java:750)


	at org.apache.ozone.test.GenericTestUtils.waitFor(GenericTestUtils.java:231)
	at org.apache.hadoop.hdds.security.x509.certificate.utils.TestRootCaRotationPoller.testPollerRetriesAfterFailure(TestRootCaRotationPoller.java:153)
	at sun.reflect.NativeMethodAccessorImpl.invoke0(Native Method)
	at sun.reflect.NativeMethodAccessorImpl.invoke(NativeMethodAccessorImpl.java:62)
	at sun.reflect.DelegatingMethodAccessorImpl.invoke(DelegatingMethodAccessorImpl.java:43)
	at java.lang.reflect.Method.invoke(Method.java:498)
	at org.junit.platform.commons.util.ReflectionUtils.invokeMethod(ReflectionUtils.java:725)
	at org.junit.jupiter.engine.execution.MethodInvocation.proceed(MethodInvocation.java:60)
	at org.junit.jupiter.engine.execution.InvocationInterceptorChain$ValidatingInvocation.proceed(InvocationInterceptorChain.java:131)
	at org.junit.jupiter.engine.extension.TimeoutExtension.intercept(TimeoutExtension.java:149)
	at org.junit.jupiter.engine.extension.TimeoutExtension.interceptTestableMethod(TimeoutExtension.java:140)
	at org.junit.jupiter.engine.extension.TimeoutExtension.interceptTestMethod(TimeoutExtension.java:84)
	at org.junit.jupiter.engine.execution.ExecutableInvoker$ReflectiveInterceptorCall.lambda$ofVoidMethod$0(ExecutableInvoker.java:115)
	at org.junit.jupiter.engine.execution.ExecutableInvoker.lambda$invoke$0(ExecutableInvoker.java:105)
	at org.junit.jupiter.engine.execution.InvocationInterceptorChain$InterceptedInvocation.proceed(InvocationInterceptorChain.java:106)
	at org.junit.jupiter.engine.execution.InvocationInterceptorChain.proceed(InvocationInterceptorChain.java:64)
	at org.junit.jupiter.engine.execution.InvocationInterceptorChain.chainAndInvoke(InvocationInterceptorChain.java:45)
	at org.junit.jupiter.engine.execution.InvocationInterceptorChain.invoke(InvocationInterceptorChain.java:37)
	at org.junit.jupiter.engine.execution.ExecutableInvoker.invoke(ExecutableInvoker.java:104)
	at org.junit.jupiter.engine.execution.ExecutableInvoker.invoke(ExecutableInvoker.java:98)
	at org.junit.jupiter.engine.descriptor.TestMethodTestDescriptor.lambda$invokeTestMethod$7(TestMethodTestDescriptor.java:214)
	at org.junit.platform.engine.support.hierarchical.ThrowableCollector.execute(ThrowableCollector.java:73)
	at org.junit.jupiter.engine.descriptor.TestMethodTestDescriptor.invokeTestMethod(TestMethodTestDescriptor.java:210)
	at org.junit.jupiter.engine.descriptor.TestMethodTestDescriptor.execute(TestMethodTestDescriptor.java:135)
	at org.junit.jupiter.engine.descriptor.TestMethodTestDescriptor.execute(TestMethodTestDescriptor.java:66)
	at org.junit.platform.engine.support.hierarchical.NodeTestTask.lambda$executeRecursively$6(NodeTestTask.java:151)
	at org.junit.platform.engine.support.hierarchical.ThrowableCollector.execute(ThrowableCollector.java:73)
	at org.junit.platform.engine.support.hierarchical.NodeTestTask.lambda$executeRecursively$8(NodeTestTask.java:141)
	at org.junit.platform.engine.support.hierarchical.Node.around(Node.java:137)
	at org.junit.platform.engine.support.hierarchical.NodeTestTask.lambda$executeRecursively$9(NodeTestTask.java:139)
	at org.junit.platform.engine.support.hierarchical.ThrowableCollector.execute(ThrowableCollector.java:73)
	at org.junit.platform.engine.support.hierarchical.NodeTestTask.executeRecursively(NodeTestTask.java:138)
	at org.junit.platform.engine.support.hierarchical.NodeTestTask.execute(NodeTestTask.java:95)
	at java.util.ArrayList.forEach(ArrayList.java:1259)
	at org.junit.platform.engine.support.hierarchical.SameThreadHierarchicalTestExecutorService.invokeAll(SameThreadHierarchicalTestExecutorService.java:41)
	at org.junit.platform.engine.support.hierarchical.NodeTestTask.lambda$executeRecursively$6(NodeTestTask.java:155)
	at org.junit.platform.engine.support.hierarchical.ThrowableCollector.execute(ThrowableCollector.java:73)
	at org.junit.platform.engine.support.hierarchical.NodeTestTask.lambda$executeRecursively$8(NodeTestTask.java:141)
	at org.junit.platform.engine.support.hierarchical.Node.around(Node.java:137)
	at org.junit.platform.engine.support.hierarchical.NodeTestTask.lambda$executeRecursively$9(NodeTestTask.java:139)
	at org.junit.platform.engine.support.hierarchical.ThrowableCollector.execute(ThrowableCollector.java:73)
	at org.junit.platform.engine.support.hierarchical.NodeTestTask.executeRecursively(NodeTestTask.java:138)
	at org.junit.platform.engine.support.hierarchical.NodeTestTask.execute(NodeTestTask.java:95)
	at java.util.ArrayList.forEach(ArrayList.java:1259)
	at org.junit.platform.engine.support.hierarchical.SameThreadHierarchicalTestExecutorService.invokeAll(SameThreadHierarchicalTestExecutorService.java:41)
	at org.junit.platform.engine.support.hierarchical.NodeTestTask.lambda$executeRecursively$6(NodeTestTask.java:155)
	at org.junit.platform.engine.support.hierarchical.ThrowableCollector.execute(ThrowableCollector.java:73)
	at org.junit.platform.engine.support.hierarchical.NodeTestTask.lambda$executeRecursively$8(NodeTestTask.java:141)
	at org.junit.platform.engine.support.hierarchical.Node.around(Node.java:137)
	at org.junit.platform.engine.support.hierarchical.NodeTestTask.lambda$executeRecursively$9(NodeTestTask.java:139)
	at org.junit.platform.engine.support.hierarchical.ThrowableCollector.execute(ThrowableCollector.java:73)
	at org.junit.platform.engine.support.hierarchical.NodeTestTask.executeRecursively(NodeTestTask.java:138)
	at org.junit.platform.engine.support.hierarchical.NodeTestTask.execute(NodeTestTask.java:95)
	at org.junit.platform.engine.support.hierarchical.SameThreadHierarchicalTestExecutorService.submit(SameThreadHierarchicalTestExecutorService.java:35)
	at org.junit.platform.engine.support.hierarchical.HierarchicalTestExecutor.execute(HierarchicalTestExecutor.java:57)
	at org.junit.platform.engine.support.hierarchical.HierarchicalTestEngine.execute(HierarchicalTestEngine.java:54)
	at org.junit.platform.launcher.core.EngineExecutionOrchestrator.execute(EngineExecutionOrchestrator.java:107)
	at org.junit.platform.launcher.core.EngineExecutionOrchestrator.execute(EngineExecutionOrchestrator.java:88)
	at org.junit.platform.launcher.core.EngineExecutionOrchestrator.lambda$execute$0(EngineExecutionOrchestrator.java:54)
	at org.junit.platform.launcher.core.EngineExecutionOrchestrator.withInterceptedStreams(EngineExecutionOrchestrator.java:67)
	at org.junit.platform.launcher.core.EngineExecutionOrchestrator.execute(EngineExecutionOrchestrator.java:52)
	at org.junit.platform.launcher.core.DefaultLauncher.execute(DefaultLauncher.java:114)
	at org.junit.platform.launcher.core.DefaultLauncher.execute(DefaultLauncher.java:86)
	at org.junit.platform.launcher.core.DefaultLauncherSession$DelegatingLauncher.execute(DefaultLauncherSession.java:86)
	at org.junit.platform.launcher.core.SessionPerRequestLauncher.execute(SessionPerRequestLauncher.java:53)
	at org.apache.maven.surefire.junitplatform.JUnitPlatformProvider.execute(JUnitPlatformProvider.java:188)
	at org.apache.maven.surefire.junitplatform.JUnitPlatformProvider.invokeAllTests(JUnitPlatformProvider.java:154)
	at org.apache.maven.surefire.junitplatform.JUnitPlatformProvider.invoke(JUnitPlatformProvider.java:124)
	at org.apache.maven.surefire.booter.ForkedBooter.runSuitesInProcess(ForkedBooter.java:428)
	at org.apache.maven.surefire.booter.ForkedBooter.execute(ForkedBooter.java:162)
	at org.apache.maven.surefire.booter.ForkedBooter.run(ForkedBooter.java:562)
	at org.apache.maven.surefire.booter.ForkedBooter.main(ForkedBooter.java:548)

[INFO] Running org.apache.hadoop.hdds.security.ssl.TestReloadingX509KeyManager
[INFO] Tests run: 1, Failures: 0, Errors: 0, Skipped: 0, Time elapsed: 1.713 s - in org.apache.hadoop.hdds.security.ssl.TestReloadingX509KeyManager
[INFO] Running org.apache.hadoop.hdds.security.ssl.TestPemFileBasedKeyStoresFactory
[INFO] Tests run: 2, Failures: 0, Errors: 0, Skipped: 0, Time elapsed: 6.049 s - in org.apache.hadoop.hdds.security.ssl.TestPemFileBasedKeyStoresFactory
[INFO] Running org.apache.hadoop.hdds.security.ssl.TestReloadingX509TrustManager
[INFO] Tests run: 1, Failures: 0, Errors: 0, Skipped: 0, Time elapsed: 2.663 s - in org.apache.hadoop.hdds.security.ssl.TestReloadingX509TrustManager
[INFO] Running org.apache.hadoop.hdds.conf.TestReconfigurationHandler
[INFO] Tests run: 6, Failures: 0, Errors: 0, Skipped: 0, Time elapsed: 0.5 s - in org.apache.hadoop.hdds.conf.TestReconfigurationHandler
[INFO] Running org.apache.hadoop.ozone.audit.TestOzoneAuditLogger
[INFO] Tests run: 8, Failures: 0, Errors: 0, Skipped: 0, Time elapsed: 6.041 s - in org.apache.hadoop.ozone.audit.TestOzoneAuditLogger
[INFO] 
[INFO] Results:
[INFO] 
[ERROR] Errors: 
[ERROR]   TestRootCaRotationPoller.testPollerRetriesAfterFailure:153 » Timeout Timed out...
[INFO] 
[ERROR] Tests run: 292, Failures: 0, Errors: 1, Skipped: 0
[INFO] 
[INFO] 
[INFO] ---------------------< org.apache.ozone:hdds-docs >---------------------
[INFO] Building Apache Ozone/HDDS Documentation 1.4.0-SNAPSHOT          [19/46]
[INFO]   from hadoop-hdds/docs/pom.xml
[INFO] --------------------------------[ jar ]---------------------------------
[INFO] 
[INFO] --- maven-antrun-plugin:3.1.0:run (create-testdirs) @ hdds-docs ---
[INFO] Executing tasks
[INFO]     [mkdir] Created dir: /home/runner/work/ozone/ozone/hadoop-hdds/docs/target/test-dir
[INFO] Executed tasks
[INFO] 
[INFO] --- jacoco-maven-plugin:0.8.5:prepare-agent (default-prepare-agent) @ hdds-docs ---
[INFO] argLine set to -javaagent:/home/runner/.m2/repository/org/jacoco/org.jacoco.agent/0.8.5/org.jacoco.agent-0.8.5-runtime.jar=destfile=/home/runner/work/ozone/ozone/hadoop-hdds/docs/target/jacoco.exec,includes=org.apache.hadoop.hdds.*:org.apache.hadoop.ozone.*:org.apache.hadoop.fs.ozone.*
[INFO] 
[INFO] --- maven-enforcer-plugin:3.2.1:enforce (banned-rocksdb-imports) @ hdds-docs ---
[INFO] Rule 0: org.apache.maven.plugins.enforcer.RestrictImports passed
[INFO] Rule 1: org.apache.maven.plugins.enforcer.RestrictImports passed
[INFO] Rule 2: org.apache.maven.plugins.enforcer.RestrictImports passed
[INFO] 
[INFO] --- maven-remote-resources-plugin:1.5:process (default) @ hdds-docs ---
[INFO] 
[INFO] --- maven-resources-plugin:3.1.0:resources (default-resources) @ hdds-docs ---
[INFO] Using 'UTF-8' encoding to copy filtered resources.
[INFO] skip non existing resourceDirectory /home/runner/work/ozone/ozone/hadoop-hdds/docs/src/main/resources
[INFO] Copying 2 resources
[INFO] 
[INFO] --- maven-compiler-plugin:3.1:compile (default-compile) @ hdds-docs ---
[INFO] No sources to compile
[INFO] 
[INFO] --- exec-maven-plugin:1.3.1:exec (default) @ hdds-docs ---
mkdir: created directory '/home/runner/work/ozone/ozone/.dev-tools'
mkdir: created directory '/home/runner/work/ozone/ozone/.dev-tools/hugo'
~/work/ozone/ozone/.dev-tools/hugo ~/work/ozone/ozone
Installed hugo in /home/runner/work/ozone/ozone/.dev-tools/hugo
~/work/ozone/ozone
Start building sites … 

                   | EN  | ZH  
-------------------+-----+-----
  Pages            | 103 | 53  
  Paginator pages  |   0 |  0  
  Non-page files   |  33 | 33  
  Static files     |  26 | 26  
  Processed images |   0 |  0  
  Aliases          |   1 |  0  
  Sitemaps         |   2 |  1  
  Cleaned          |   0 |  0  

Total in 318 ms
/home/runner/work/ozone/ozone
[INFO] 
[INFO] --- maven-resources-plugin:3.1.0:testResources (default-testResources) @ hdds-docs ---
[INFO] Using 'UTF-8' encoding to copy filtered resources.
[INFO] skip non existing resourceDirectory /home/runner/work/ozone/ozone/hadoop-hdds/docs/src/test/resources
[INFO] Copying 2 resources
[INFO] 
[INFO] --- maven-compiler-plugin:3.1:testCompile (default-testCompile) @ hdds-docs ---
[INFO] No sources to compile
[INFO] 
[INFO] --- maven-surefire-plugin:3.0.0-M5:test (default-test) @ hdds-docs ---
[INFO] 
[INFO] ------------------------------------------------------------------------
[INFO] Skipping Apache Ozone HDDS Container Service
[INFO] This project has been banned from the build due to previous failures.
[INFO] ------------------------------------------------------------------------
[INFO] 
[INFO] ------------------------------------------------------------------------
[INFO] Skipping Apache Ozone HDDS SCM Server
[INFO] This project has been banned from the build due to previous failures.
[INFO] ------------------------------------------------------------------------
[INFO] 
[INFO] ------------------------------------------------------------------------
[INFO] Skipping Apache Ozone HDDS Tools
[INFO] This project has been banned from the build due to previous failures.
[INFO] ------------------------------------------------------------------------
[INFO] 
[INFO] -----------------------< org.apache.ozone:ozone >-----------------------
[INFO] Building Apache Ozone 1.4.0-SNAPSHOT                             [20/46]
[INFO]   from hadoop-ozone/pom.xml
[INFO] --------------------------------[ pom ]---------------------------------
[INFO] 
[INFO] --- maven-antrun-plugin:3.1.0:run (create-testdirs) @ ozone ---
[INFO] Executing tasks
[INFO]     [mkdir] Created dir: /home/runner/work/ozone/ozone/hadoop-ozone/target/test-dir
[INFO] Executed tasks
[INFO] 
[INFO] --- maven-enforcer-plugin:3.2.1:enforce (depcheck) @ ozone ---
[INFO] Rule 0: org.apache.maven.enforcer.rules.dependency.DependencyConvergence passed
[INFO] 
[INFO] --- jacoco-maven-plugin:0.8.5:prepare-agent (default-prepare-agent) @ ozone ---
[INFO] argLine set to -javaagent:/home/runner/.m2/repository/org/jacoco/org.jacoco.agent/0.8.5/org.jacoco.agent-0.8.5-runtime.jar=destfile=/home/runner/work/ozone/ozone/hadoop-ozone/target/jacoco.exec,includes=org.apache.hadoop.hdds.*:org.apache.hadoop.ozone.*:org.apache.hadoop.fs.ozone.*
[INFO] 
[INFO] --- maven-enforcer-plugin:3.2.1:enforce (banned-rocksdb-imports) @ ozone ---
[INFO] Rule 0: org.apache.maven.plugins.enforcer.RestrictImports passed
[INFO] Rule 1: org.apache.maven.plugins.enforcer.RestrictImports passed
[INFO] Rule 2: org.apache.maven.plugins.enforcer.RestrictImports passed
[INFO] 
[INFO] --- maven-remote-resources-plugin:1.5:process (default) @ ozone ---
[INFO] 
[INFO] --------------< org.apache.ozone:ozone-interface-client >---------------
[INFO] Building Apache Ozone Client Interface 1.4.0-SNAPSHOT            [21/46]
[INFO]   from hadoop-ozone/interface-client/pom.xml
[INFO] --------------------------------[ jar ]---------------------------------
[INFO] 
[INFO] --- maven-antrun-plugin:3.1.0:run (create-testdirs) @ ozone-interface-client ---
[INFO] Executing tasks
[INFO]     [mkdir] Created dir: /home/runner/work/ozone/ozone/hadoop-ozone/interface-client/target/test-dir
[INFO] Executed tasks
[INFO] 
[INFO] --- maven-enforcer-plugin:3.2.1:enforce (depcheck) @ ozone-interface-client ---
[INFO] Rule 0: org.apache.maven.enforcer.rules.dependency.DependencyConvergence passed
[INFO] Rule 1: org.apache.maven.enforcer.rules.version.RequireMavenVersion passed
[INFO] Rule 2: org.apache.maven.enforcer.rules.version.RequireJavaVersion passed
[INFO] 
[INFO] --- jacoco-maven-plugin:0.8.5:prepare-agent (default-prepare-agent) @ ozone-interface-client ---
[INFO] argLine set to -javaagent:/home/runner/.m2/repository/org/jacoco/org.jacoco.agent/0.8.5/org.jacoco.agent-0.8.5-runtime.jar=destfile=/home/runner/work/ozone/ozone/hadoop-ozone/interface-client/target/jacoco.exec,includes=org.apache.hadoop.hdds.*:org.apache.hadoop.ozone.*:org.apache.hadoop.fs.ozone.*
[INFO] 
[INFO] --- protobuf-maven-plugin:0.5.1:compile (compile-protoc-OmGrpc) @ ozone-interface-client ---
[INFO] Compiling 4 proto file(s) to /home/runner/work/ozone/ozone/hadoop-ozone/interface-client/target/generated-sources/protobuf/java
[INFO] 
[INFO] --- protobuf-maven-plugin:0.5.1:compile-custom (compile-protoc-OmGrpc) @ ozone-interface-client ---
[INFO] Compiling 4 proto file(s) to /home/runner/work/ozone/ozone/hadoop-ozone/interface-client/target/generated-sources/protobuf/java
[INFO] 
[INFO] --- protobuf-maven-plugin:0.5.1:compile (compile-protoc3) @ ozone-interface-client ---
[INFO] Compiling 4 proto file(s) to /home/runner/work/ozone/ozone/hadoop-ozone/interface-client/target/generated-sources/protobuf/java/proto3
[INFO] 
[INFO] --- maven-antrun-plugin:3.1.0:run (default) @ ozone-interface-client ---
[INFO] Executing tasks
[INFO]      [move] Moving 4 files to /home/runner/work/ozone/ozone/hadoop-ozone/interface-client/target/generated-sources/protobuf
[INFO] Executed tasks
[INFO] 
[INFO] --- maven-enforcer-plugin:3.2.1:enforce (banned-rocksdb-imports) @ ozone-interface-client ---
[INFO] Rule 0: org.apache.maven.plugins.enforcer.RestrictImports passed
[INFO] Rule 1: org.apache.maven.plugins.enforcer.RestrictImports passed
[INFO] Rule 2: org.apache.maven.plugins.enforcer.RestrictImports passed
[INFO] 
[INFO] --- maven-remote-resources-plugin:1.5:process (default) @ ozone-interface-client ---
[INFO] 
[INFO] --- maven-resources-plugin:3.1.0:resources (default-resources) @ ozone-interface-client ---
[INFO] Using 'UTF-8' encoding to copy filtered resources.
[INFO] Copying 1 resource
[INFO] Copying 4 resources
[INFO] Copying 4 resources
[INFO] Copying 4 resources
[INFO] Copying 2 resources
[INFO] 
[INFO] --- maven-compiler-plugin:3.1:compile (default-compile) @ ozone-interface-client ---
[INFO] Compiling 11 source files to /home/runner/work/ozone/ozone/hadoop-ozone/interface-client/target/classes
[WARNING] /home/runner/work/ozone/ozone/hadoop-ozone/interface-client/target/generated-sources/protobuf/java/org/apache/hadoop/ozone/protocol/proto3/OzoneManagerProtocolProtos.java: /home/runner/work/ozone/ozone/hadoop-ozone/interface-client/target/generated-sources/protobuf/java/org/apache/hadoop/ozone/protocol/proto3/OzoneManagerProtocolProtos.java uses or overrides a deprecated API.
[WARNING] /home/runner/work/ozone/ozone/hadoop-ozone/interface-client/target/generated-sources/protobuf/java/org/apache/hadoop/ozone/protocol/proto3/OzoneManagerProtocolProtos.java: Recompile with -Xlint:deprecation for details.
[INFO] 
[INFO] --- protobuf-maven-plugin:0.5.1:test-compile (compile-protoc-OmGrpc) @ ozone-interface-client ---
[INFO] /home/runner/work/ozone/ozone/hadoop-ozone/interface-client/src/test/proto does not exist. Review the configuration or consider disabling the plugin.
[INFO] 
[INFO] --- protobuf-maven-plugin:0.5.1:test-compile-custom (compile-protoc-OmGrpc) @ ozone-interface-client ---
[INFO] /home/runner/work/ozone/ozone/hadoop-ozone/interface-client/src/test/proto does not exist. Review the configuration or consider disabling the plugin.
[INFO] 
[INFO] --- protobuf-maven-plugin:0.5.1:test-compile (compile-protoc3) @ ozone-interface-client ---
[INFO] /home/runner/work/ozone/ozone/hadoop-ozone/interface-client/src/test/proto does not exist. Review the configuration or consider disabling the plugin.
[INFO] 
[INFO] --- maven-resources-plugin:3.1.0:testResources (default-testResources) @ ozone-interface-client ---
[INFO] Not copying test resources
[INFO] 
[INFO] --- maven-compiler-plugin:3.1:testCompile (default-testCompile) @ ozone-interface-client ---
[INFO] Not compiling test sources
[INFO] 
[INFO] --- maven-surefire-plugin:3.0.0-M5:test (default-test) @ ozone-interface-client ---
[INFO] Tests are skipped.
[INFO] 
[INFO] -------------------< org.apache.ozone:ozone-common >--------------------
[INFO] Building Apache Ozone Common 1.4.0-SNAPSHOT                      [22/46]
[INFO]   from hadoop-ozone/common/pom.xml
[INFO] --------------------------------[ jar ]---------------------------------
[INFO] 
[INFO] --- maven-antrun-plugin:3.1.0:run (create-testdirs) @ ozone-common ---
[INFO] Executing tasks
[INFO]     [mkdir] Created dir: /home/runner/work/ozone/ozone/hadoop-ozone/common/target/test-dir
[INFO] Executed tasks
[INFO] 
[INFO] --- maven-enforcer-plugin:3.2.1:enforce (depcheck) @ ozone-common ---
[INFO] Rule 0: org.apache.maven.enforcer.rules.dependency.DependencyConvergence passed
[INFO] 
[INFO] --- jacoco-maven-plugin:0.8.5:prepare-agent (default-prepare-agent) @ ozone-common ---
[INFO] argLine set to -javaagent:/home/runner/.m2/repository/org/jacoco/org.jacoco.agent/0.8.5/org.jacoco.agent-0.8.5-runtime.jar=destfile=/home/runner/work/ozone/ozone/hadoop-ozone/common/target/jacoco.exec,includes=org.apache.hadoop.hdds.*:org.apache.hadoop.ozone.*:org.apache.hadoop.fs.ozone.*
[INFO] 
[INFO] --- maven-enforcer-plugin:3.2.1:enforce (banned-rocksdb-imports) @ ozone-common ---
[INFO] Rule 0: org.apache.maven.plugins.enforcer.RestrictImports passed
[INFO] Rule 1: org.apache.maven.plugins.enforcer.RestrictImports passed
[INFO] Rule 2: org.apache.maven.plugins.enforcer.RestrictImports passed
[INFO] 
[INFO] --- maven-remote-resources-plugin:1.5:process (default) @ ozone-common ---
[INFO] 
[INFO] --- hadoop-maven-plugins:3.3.6:version-info (version-info) @ ozone-common ---
[INFO] SCM: GIT
[INFO] Computed MD5: b021546397a8a13028486e2d973be9e5
[INFO] 
[INFO] --- maven-resources-plugin:3.1.0:resources (default-resources) @ ozone-common ---
[INFO] Using 'UTF-8' encoding to copy filtered resources.
[INFO] Copying 0 resource
[INFO] Copying 1 resource
[INFO] Copying 2 resources
[INFO] 
[INFO] --- maven-compiler-plugin:3.1:compile (default-compile) @ ozone-common ---
[INFO] Compiling 159 source files to /home/runner/work/ozone/ozone/hadoop-ozone/common/target/classes
[WARNING] /home/runner/work/ozone/ozone/hadoop-ozone/common/src/main/java/org/apache/hadoop/ozone/security/acl/RequestContext.java: Some input files use or override a deprecated API.
[WARNING] /home/runner/work/ozone/ozone/hadoop-ozone/common/src/main/java/org/apache/hadoop/ozone/security/acl/RequestContext.java: Recompile with -Xlint:deprecation for details.
[WARNING] /home/runner/work/ozone/ozone/hadoop-ozone/common/src/main/java/org/apache/hadoop/ozone/om/helpers/OmKeyLocationInfo.java: Some input files use unchecked or unsafe operations.
[WARNING] /home/runner/work/ozone/ozone/hadoop-ozone/common/src/main/java/org/apache/hadoop/ozone/om/helpers/OmKeyLocationInfo.java: Recompile with -Xlint:unchecked for details.
[INFO] 
[INFO] --- maven-resources-plugin:3.1.0:testResources (default-testResources) @ ozone-common ---
[INFO] Using 'UTF-8' encoding to copy filtered resources.
[INFO] Copying 1 resource
[INFO] Copying 2 resources
[INFO] 
[INFO] --- maven-compiler-plugin:3.1:testCompile (default-testCompile) @ ozone-common ---
[INFO] Compiling 28 source files to /home/runner/work/ozone/ozone/hadoop-ozone/common/target/test-classes
[WARNING] /home/runner/work/ozone/ozone/hadoop-ozone/common/src/test/java/org/apache/hadoop/ozone/om/helpers/TestOmKeyLocationInfoGroup.java: /home/runner/work/ozone/ozone/hadoop-ozone/common/src/test/java/org/apache/hadoop/ozone/om/helpers/TestOmKeyLocationInfoGroup.java uses or overrides a deprecated API.
[WARNING] /home/runner/work/ozone/ozone/hadoop-ozone/common/src/test/java/org/apache/hadoop/ozone/om/helpers/TestOmKeyLocationInfoGroup.java: Recompile with -Xlint:deprecation for details.
[WARNING] /home/runner/work/ozone/ozone/hadoop-ozone/common/src/test/java/org/apache/hadoop/ozone/om/helpers/TestOmKeyInfo.java: Some input files use unchecked or unsafe operations.
[WARNING] /home/runner/work/ozone/ozone/hadoop-ozone/common/src/test/java/org/apache/hadoop/ozone/om/helpers/TestOmKeyInfo.java: Recompile with -Xlint:unchecked for details.
[INFO] 
[INFO] --- maven-surefire-plugin:3.0.0-M5:test (default-test) @ ozone-common ---
[INFO] 
[INFO] -------------------------------------------------------
[INFO]  T E S T S
[INFO] -------------------------------------------------------
[INFO] Running org.apache.hadoop.ozone.TestOzoneAcls
[INFO] Tests run: 3, Failures: 0, Errors: 0, Skipped: 0, Time elapsed: 0.093 s - in org.apache.hadoop.ozone.TestOzoneAcls
[INFO] Running org.apache.hadoop.ozone.client.io.TestSelectorOutputStream
[INFO] Tests run: 6, Failures: 0, Errors: 0, Skipped: 0, Time elapsed: 0.165 s - in org.apache.hadoop.ozone.client.io.TestSelectorOutputStream
[INFO] Running org.apache.hadoop.ozone.util.TestRadixTree
[INFO] Tests run: 4, Failures: 0, Errors: 0, Skipped: 0, Time elapsed: 0.026 s - in org.apache.hadoop.ozone.util.TestRadixTree
[INFO] Running org.apache.hadoop.ozone.security.TestOzoneDelegationTokenSelector
[INFO] Tests run: 1, Failures: 0, Errors: 0, Skipped: 0, Time elapsed: 0.106 s - in org.apache.hadoop.ozone.security.TestOzoneDelegationTokenSelector
[INFO] Running org.apache.hadoop.ozone.security.acl.TestOzoneObjInfo
[INFO] Tests run: 4, Failures: 0, Errors: 0, Skipped: 0, Time elapsed: 0.088 s - in org.apache.hadoop.ozone.security.acl.TestOzoneObjInfo
[INFO] Running org.apache.hadoop.ozone.security.TestGDPRSymmetricKey
[INFO] Tests run: 3, Failures: 0, Errors: 0, Skipped: 0, Time elapsed: 0.108 s - in org.apache.hadoop.ozone.security.TestGDPRSymmetricKey
[INFO] Running org.apache.hadoop.ozone.om.ha.TestOMFailoverProxyProvider
[INFO] Tests run: 6, Failures: 0, Errors: 0, Skipped: 0, Time elapsed: 0.499 s - in org.apache.hadoop.ozone.om.ha.TestOMFailoverProxyProvider
[INFO] Running org.apache.hadoop.ozone.om.helpers.TestOmKeyInfo
[INFO] Tests run: 4, Failures: 0, Errors: 0, Skipped: 0, Time elapsed: 0.305 s - in org.apache.hadoop.ozone.om.helpers.TestOmKeyInfo
[INFO] Running org.apache.hadoop.ozone.om.helpers.TestOmVolumeArgs
[INFO] Tests run: 1, Failures: 0, Errors: 0, Skipped: 0, Time elapsed: 0.399 s - in org.apache.hadoop.ozone.om.helpers.TestOmVolumeArgs
[INFO] Running org.apache.hadoop.ozone.om.helpers.TestOmSnapshotInfo
[INFO] Tests run: 4, Failures: 0, Errors: 0, Skipped: 0, Time elapsed: 0.211 s - in org.apache.hadoop.ozone.om.helpers.TestOmSnapshotInfo
[INFO] Running org.apache.hadoop.ozone.om.helpers.TestOzoneAclUtil
[INFO] Tests run: 3, Failures: 0, Errors: 0, Skipped: 0, Time elapsed: 0.531 s - in org.apache.hadoop.ozone.om.helpers.TestOzoneAclUtil
[INFO] Running org.apache.hadoop.ozone.om.helpers.TestOmKeyArgs
[INFO] Tests run: 2, Failures: 0, Errors: 0, Skipped: 0, Time elapsed: 0.13 s - in org.apache.hadoop.ozone.om.helpers.TestOmKeyArgs
[INFO] Running org.apache.hadoop.ozone.om.helpers.TestOzoneFsUtils
[INFO] Tests run: 1, Failures: 0, Errors: 0, Skipped: 0, Time elapsed: 0.111 s - in org.apache.hadoop.ozone.om.helpers.TestOzoneFsUtils
[INFO] Running org.apache.hadoop.ozone.om.helpers.TestQuotaUtil
[INFO] Tests run: 7, Failures: 0, Errors: 0, Skipped: 0, Time elapsed: 0.088 s - in org.apache.hadoop.ozone.om.helpers.TestQuotaUtil
[INFO] Running org.apache.hadoop.ozone.om.helpers.TestOmBucketInfo
[INFO] Tests run: 4, Failures: 0, Errors: 0, Skipped: 0, Time elapsed: 0.25 s - in org.apache.hadoop.ozone.om.helpers.TestOmBucketInfo
[INFO] Running org.apache.hadoop.ozone.om.helpers.TestOmMultipartKeyInfo
[INFO] Tests run: 3, Failures: 0, Errors: 0, Skipped: 0, Time elapsed: 0.216 s - in org.apache.hadoop.ozone.om.helpers.TestOmMultipartKeyInfo
[INFO] Running org.apache.hadoop.ozone.om.helpers.TestOzoneIdentityProvider
[INFO] Tests run: 3, Failures: 0, Errors: 0, Skipped: 0, Time elapsed: 0.193 s - in org.apache.hadoop.ozone.om.helpers.TestOzoneIdentityProvider
[INFO] Running org.apache.hadoop.ozone.om.helpers.TestOmMultipartUpload
[INFO] Tests run: 1, Failures: 0, Errors: 0, Skipped: 0, Time elapsed: 0.029 s - in org.apache.hadoop.ozone.om.helpers.TestOmMultipartUpload
[INFO] Running org.apache.hadoop.ozone.om.helpers.TestOmBucketArgs
[INFO] Tests run: 2, Failures: 0, Errors: 0, Skipped: 0, Time elapsed: 0.182 s - in org.apache.hadoop.ozone.om.helpers.TestOmBucketArgs
[INFO] Running org.apache.hadoop.ozone.om.helpers.TestOmKeyLocationInfoGroup
[INFO] Tests run: 3, Failures: 0, Errors: 0, Skipped: 0, Time elapsed: 0.035 s - in org.apache.hadoop.ozone.om.helpers.TestOmKeyLocationInfoGroup
[INFO] Running org.apache.hadoop.ozone.om.exceptions.TestResultCodes
[INFO] Tests run: 1, Failures: 0, Errors: 0, Skipped: 0, Time elapsed: 0.07 s - in org.apache.hadoop.ozone.om.exceptions.TestResultCodes
[INFO] Running org.apache.hadoop.ozone.om.lock.TestOzoneManagerLock
[INFO] Tests run: 15, Failures: 0, Errors: 0, Skipped: 0, Time elapsed: 18.047 s - in org.apache.hadoop.ozone.om.lock.TestOzoneManagerLock
[INFO] Running org.apache.hadoop.ozone.om.lock.TestKeyPathLock
[INFO] Tests run: 20, Failures: 0, Errors: 0, Skipped: 0, Time elapsed: 22.523 s - in org.apache.hadoop.ozone.om.lock.TestKeyPathLock
[INFO] Running org.apache.hadoop.ozone.om.protocolPB.TestS3GrpcOmTransport
[INFO] Tests run: 4, Failures: 0, Errors: 0, Skipped: 0, Time elapsed: 4.624 s - in org.apache.hadoop.ozone.om.protocolPB.TestS3GrpcOmTransport
[INFO] Running org.apache.hadoop.ozone.TestOmUtils
[INFO] Tests run: 7, Failures: 0, Errors: 0, Skipped: 0, Time elapsed: 0.592 s - in org.apache.hadoop.ozone.TestOmUtils
[INFO] 
[INFO] Results:
[INFO] 
[INFO] Tests run: 112, Failures: 0, Errors: 0, Skipped: 0
[INFO] 
[INFO] 
[INFO] ------------------------------------------------------------------------
[INFO] Skipping Apache Ozone Storage Interface
[INFO] This project has been banned from the build due to previous failures.
[INFO] ------------------------------------------------------------------------
[INFO] 
[INFO] -------------------< org.apache.ozone:ozone-client >--------------------
[INFO] Building Apache Ozone Client 1.4.0-SNAPSHOT                      [23/46]
[INFO]   from hadoop-ozone/client/pom.xml
[INFO] --------------------------------[ jar ]---------------------------------
[INFO] 
[INFO] --- maven-antrun-plugin:3.1.0:run (create-testdirs) @ ozone-client ---
[INFO] Executing tasks
[INFO]     [mkdir] Created dir: /home/runner/work/ozone/ozone/hadoop-ozone/client/target/test-dir
[INFO] Executed tasks
[INFO] 
[INFO] --- maven-enforcer-plugin:3.2.1:enforce (depcheck) @ ozone-client ---
[INFO] Rule 0: org.apache.maven.enforcer.rules.dependency.DependencyConvergence passed
[INFO] 
[INFO] --- jacoco-maven-plugin:0.8.5:prepare-agent (default-prepare-agent) @ ozone-client ---
[INFO] argLine set to -javaagent:/home/runner/.m2/repository/org/jacoco/org.jacoco.agent/0.8.5/org.jacoco.agent-0.8.5-runtime.jar=destfile=/home/runner/work/ozone/ozone/hadoop-ozone/client/target/jacoco.exec,includes=org.apache.hadoop.hdds.*:org.apache.hadoop.ozone.*:org.apache.hadoop.fs.ozone.*
[INFO] 
[INFO] --- maven-enforcer-plugin:3.2.1:enforce (banned-rocksdb-imports) @ ozone-client ---
[INFO] Rule 0: org.apache.maven.plugins.enforcer.RestrictImports passed
[INFO] Rule 1: org.apache.maven.plugins.enforcer.RestrictImports passed
[INFO] Rule 2: org.apache.maven.plugins.enforcer.RestrictImports passed
[INFO] 
[INFO] --- maven-remote-resources-plugin:1.5:process (default) @ ozone-client ---
[INFO] 
[INFO] --- maven-resources-plugin:3.1.0:resources (default-resources) @ ozone-client ---
[INFO] Using 'UTF-8' encoding to copy filtered resources.
[INFO] skip non existing resourceDirectory /home/runner/work/ozone/ozone/hadoop-ozone/client/src/main/resources
[INFO] Copying 2 resources
[INFO] 
[INFO] --- maven-compiler-plugin:3.1:compile (default-compile) @ ozone-client ---
[INFO] Compiling 46 source files to /home/runner/work/ozone/ozone/hadoop-ozone/client/target/classes
[WARNING] /home/runner/work/ozone/ozone/hadoop-ozone/client/src/main/java/org/apache/hadoop/ozone/client/io/BlockDataStreamOutputEntryPool.java: Some input files use or override a deprecated API.
[WARNING] /home/runner/work/ozone/ozone/hadoop-ozone/client/src/main/java/org/apache/hadoop/ozone/client/io/BlockDataStreamOutputEntryPool.java: Recompile with -Xlint:deprecation for details.
[WARNING] /home/runner/work/ozone/ozone/hadoop-ozone/client/src/main/java/org/apache/hadoop/ozone/client/OzoneBucket.java: Some input files use unchecked or unsafe operations.
[WARNING] /home/runner/work/ozone/ozone/hadoop-ozone/client/src/main/java/org/apache/hadoop/ozone/client/OzoneBucket.java: Recompile with -Xlint:unchecked for details.
[INFO] 
[INFO] --- maven-resources-plugin:3.1.0:testResources (default-testResources) @ ozone-client ---
[INFO] Using 'UTF-8' encoding to copy filtered resources.
[INFO] skip non existing resourceDirectory /home/runner/work/ozone/ozone/hadoop-ozone/client/src/test/resources
[INFO] Copying 2 resources
[INFO] 
[INFO] --- maven-compiler-plugin:3.1:testCompile (default-testCompile) @ ozone-client ---
[INFO] Compiling 19 source files to /home/runner/work/ozone/ozone/hadoop-ozone/client/target/test-classes
[WARNING] /home/runner/work/ozone/ozone/hadoop-ozone/client/src/test/java/org/apache/hadoop/ozone/client/TestOzoneClient.java: Some input files use or override a deprecated API.
[WARNING] /home/runner/work/ozone/ozone/hadoop-ozone/client/src/test/java/org/apache/hadoop/ozone/client/TestOzoneClient.java: Recompile with -Xlint:deprecation for details.
[WARNING] /home/runner/work/ozone/ozone/hadoop-ozone/client/src/test/java/org/apache/hadoop/ozone/client/MockDatanodeStorage.java: /home/runner/work/ozone/ozone/hadoop-ozone/client/src/test/java/org/apache/hadoop/ozone/client/MockDatanodeStorage.java uses unchecked or unsafe operations.
[WARNING] /home/runner/work/ozone/ozone/hadoop-ozone/client/src/test/java/org/apache/hadoop/ozone/client/MockDatanodeStorage.java: Recompile with -Xlint:unchecked for details.
[INFO] 
[INFO] --- maven-surefire-plugin:3.0.0-M5:test (default-test) @ ozone-client ---
[INFO] 
[INFO] -------------------------------------------------------
[INFO]  T E S T S
[INFO] -------------------------------------------------------
[INFO] Running org.apache.hadoop.ozone.client.checksum.TestReplicatedBlockChecksumComputer
[INFO] Tests run: 2, Failures: 0, Errors: 0, Skipped: 0, Time elapsed: 0.211 s - in org.apache.hadoop.ozone.client.checksum.TestReplicatedBlockChecksumComputer
[INFO] Running org.apache.hadoop.ozone.client.checksum.TestReplicatedFileChecksumHelper
[INFO] Tests run: 3, Failures: 0, Errors: 0, Skipped: 0, Time elapsed: 3.72 s - in org.apache.hadoop.ozone.client.checksum.TestReplicatedFileChecksumHelper
[INFO] Running org.apache.hadoop.ozone.client.rpc.TestRpcClient
[INFO] Tests run: 52, Failures: 0, Errors: 0, Skipped: 0, Time elapsed: 0.336 s - in org.apache.hadoop.ozone.client.rpc.TestRpcClient
[INFO] Running org.apache.hadoop.ozone.client.rpc.TestOzoneKMSUtil
[INFO] Tests run: 1, Failures: 0, Errors: 0, Skipped: 0, Time elapsed: 0.298 s - in org.apache.hadoop.ozone.client.rpc.TestOzoneKMSUtil
[INFO] Running org.apache.hadoop.ozone.client.TestOzoneECClient
[INFO] Tests run: 34, Failures: 0, Errors: 0, Skipped: 0, Time elapsed: 5.779 s - in org.apache.hadoop.ozone.client.TestOzoneECClient
[INFO] Running org.apache.hadoop.ozone.client.TestOzoneClient
[INFO] Tests run: 6, Failures: 0, Errors: 0, Skipped: 0, Time elapsed: 2.844 s - in org.apache.hadoop.ozone.client.TestOzoneClient
[INFO] Running org.apache.hadoop.ozone.client.io.TestKeyInputStreamEC
[INFO] Tests run: 1, Failures: 0, Errors: 0, Skipped: 0, Time elapsed: 0.932 s - in org.apache.hadoop.ozone.client.io.TestKeyInputStreamEC
[INFO] Running org.apache.hadoop.ozone.client.io.TestECBlockOutputStreamEntry
[INFO] Tests run: 2, Failures: 0, Errors: 0, Skipped: 0, Time elapsed: 1.597 s - in org.apache.hadoop.ozone.client.io.TestECBlockOutputStreamEntry
[INFO] Running org.apache.hadoop.ozone.client.TestHddsClientUtils
[INFO] Tests run: 10, Failures: 0, Errors: 0, Skipped: 0, Time elapsed: 0.687 s - in org.apache.hadoop.ozone.client.TestHddsClientUtils
[INFO] 
[INFO] Results:
[INFO] 
[INFO] Tests run: 111, Failures: 0, Errors: 0, Skipped: 0
[INFO] 
[INFO] 
[INFO] ------------------------------------------------------------------------
[INFO] Skipping Apache Ozone Manager Server
[INFO] This project has been banned from the build due to previous failures.
[INFO] ------------------------------------------------------------------------
[INFO] 
[INFO] ------------------------------------------------------------------------
[INFO] Skipping Apache Ozone FileSystem Common
[INFO] This project has been banned from the build due to previous failures.
[INFO] ------------------------------------------------------------------------
[INFO] 
[INFO] ------------------------------------------------------------------------
[INFO] Skipping Apache Ozone FileSystem
[INFO] This project has been banned from the build due to previous failures.
[INFO] ------------------------------------------------------------------------
[INFO] 
[INFO] ----------------< org.apache.ozone:ozone-reconcodegen >-----------------
[INFO] Building Apache Ozone Recon CodeGen 1.4.0-SNAPSHOT               [24/46]
[INFO]   from hadoop-ozone/recon-codegen/pom.xml
[INFO] --------------------------------[ jar ]---------------------------------
[INFO] 
[INFO] --- maven-antrun-plugin:3.1.0:run (create-testdirs) @ ozone-reconcodegen ---
[INFO] Executing tasks
[INFO]     [mkdir] Created dir: /home/runner/work/ozone/ozone/hadoop-ozone/recon-codegen/target/test-dir
[INFO] Executed tasks
[INFO] 
[INFO] --- maven-enforcer-plugin:3.2.1:enforce (depcheck) @ ozone-reconcodegen ---
[INFO] Rule 0: org.apache.maven.enforcer.rules.dependency.DependencyConvergence passed
[INFO] 
[INFO] --- jacoco-maven-plugin:0.8.5:prepare-agent (default-prepare-agent) @ ozone-reconcodegen ---
[INFO] argLine set to -javaagent:/home/runner/.m2/repository/org/jacoco/org.jacoco.agent/0.8.5/org.jacoco.agent-0.8.5-runtime.jar=destfile=/home/runner/work/ozone/ozone/hadoop-ozone/recon-codegen/target/jacoco.exec,includes=org.apache.hadoop.hdds.*:org.apache.hadoop.ozone.*:org.apache.hadoop.fs.ozone.*
[INFO] 
[INFO] --- maven-enforcer-plugin:3.2.1:enforce (banned-rocksdb-imports) @ ozone-reconcodegen ---
[INFO] Rule 0: org.apache.maven.plugins.enforcer.RestrictImports passed
[INFO] Rule 1: org.apache.maven.plugins.enforcer.RestrictImports passed
[INFO] Rule 2: org.apache.maven.plugins.enforcer.RestrictImports passed
[INFO] 
[INFO] --- maven-remote-resources-plugin:1.5:process (default) @ ozone-reconcodegen ---
[INFO] 
[INFO] --- maven-resources-plugin:3.1.0:resources (default-resources) @ ozone-reconcodegen ---
[INFO] Using 'UTF-8' encoding to copy filtered resources.
[INFO] skip non existing resourceDirectory /home/runner/work/ozone/ozone/hadoop-ozone/recon-codegen/src/main/resources
[INFO] Copying 2 resources
[INFO] 
[INFO] --- maven-compiler-plugin:3.1:compile (default-compile) @ ozone-reconcodegen ---
[INFO] Compiling 12 source files to /home/runner/work/ozone/ozone/hadoop-ozone/recon-codegen/target/classes
[INFO] 
[INFO] --- maven-resources-plugin:3.1.0:testResources (default-testResources) @ ozone-reconcodegen ---
[INFO] Not copying test resources
[INFO] 
[INFO] --- maven-compiler-plugin:3.1:testCompile (default-testCompile) @ ozone-reconcodegen ---
[INFO] Not compiling test sources
[INFO] 
[INFO] --- maven-surefire-plugin:3.0.0-M5:test (default-test) @ ozone-reconcodegen ---
[INFO] Tests are skipped.
[INFO] 
[INFO] ------------------------------------------------------------------------
[INFO] Skipping Apache Ozone Recon
[INFO] This project has been banned from the build due to previous failures.
[INFO] ------------------------------------------------------------------------
[INFO] 
[INFO] ------------------------------------------------------------------------
[INFO] Skipping Apache Ozone Tools
[INFO] This project has been banned from the build due to previous failures.
[INFO] ------------------------------------------------------------------------
[INFO] 
[INFO] ------------------------------------------------------------------------
[INFO] Skipping Apache Ozone S3 Gateway
[INFO] This project has been banned from the build due to previous failures.
[INFO] ------------------------------------------------------------------------
[INFO] 
[INFO] ---------------------< org.apache.ozone:ozone-csi >---------------------
[INFO] Building Apache Ozone CSI service 1.4.0-SNAPSHOT                 [25/46]
[INFO]   from hadoop-ozone/csi/pom.xml
[INFO] --------------------------------[ jar ]---------------------------------
[INFO] 
[INFO] --- maven-antrun-plugin:3.1.0:run (create-testdirs) @ ozone-csi ---
[INFO] Executing tasks
[INFO]     [mkdir] Created dir: /home/runner/work/ozone/ozone/hadoop-ozone/csi/target/test-dir
[INFO] Executed tasks
[INFO] 
[INFO] --- jacoco-maven-plugin:0.8.5:prepare-agent (default-prepare-agent) @ ozone-csi ---
[INFO] argLine set to -javaagent:/home/runner/.m2/repository/org/jacoco/org.jacoco.agent/0.8.5/org.jacoco.agent-0.8.5-runtime.jar=destfile=/home/runner/work/ozone/ozone/hadoop-ozone/csi/target/jacoco.exec,includes=org.apache.hadoop.hdds.*:org.apache.hadoop.ozone.*:org.apache.hadoop.fs.ozone.*
[INFO] 
[INFO] --- protobuf-maven-plugin:0.5.1:compile (compile-protoc) @ ozone-csi ---
[INFO] Compiling 1 proto file(s) to /home/runner/work/ozone/ozone/hadoop-ozone/csi/target/generated-sources/java
[INFO] 
[INFO] --- protobuf-maven-plugin:0.5.1:compile-custom (compile-protoc) @ ozone-csi ---
[INFO] Compiling 1 proto file(s) to /home/runner/work/ozone/ozone/hadoop-ozone/csi/target/generated-sources/java
[INFO] 
[INFO] --- maven-enforcer-plugin:3.2.1:enforce (banned-rocksdb-imports) @ ozone-csi ---
[INFO] Rule 0: org.apache.maven.plugins.enforcer.RestrictImports passed
[INFO] Rule 1: org.apache.maven.plugins.enforcer.RestrictImports passed
[INFO] Rule 2: org.apache.maven.plugins.enforcer.RestrictImports passed
[INFO] 
[INFO] --- maven-remote-resources-plugin:1.5:process (default) @ ozone-csi ---
[INFO] 
[INFO] --- maven-resources-plugin:3.1.0:resources (default-resources) @ ozone-csi ---
[INFO] Using 'UTF-8' encoding to copy filtered resources.
[INFO] Copying 1 resource
[INFO] Copying 1 resource
[INFO] Copying 1 resource
[INFO] Copying 2 resources
[INFO] 
[INFO] --- maven-compiler-plugin:3.1:compile (default-compile) @ ozone-csi ---
[INFO] Compiling 9 source files to /home/runner/work/ozone/ozone/hadoop-ozone/csi/target/classes
[INFO] 
[INFO] --- protobuf-maven-plugin:0.5.1:test-compile (compile-protoc) @ ozone-csi ---
[INFO] /home/runner/work/ozone/ozone/hadoop-ozone/csi/src/test/proto does not exist. Review the configuration or consider disabling the plugin.
[INFO] 
[INFO] --- protobuf-maven-plugin:0.5.1:test-compile-custom (compile-protoc) @ ozone-csi ---
[INFO] /home/runner/work/ozone/ozone/hadoop-ozone/csi/src/test/proto does not exist. Review the configuration or consider disabling the plugin.
[INFO] 
[INFO] --- maven-resources-plugin:3.1.0:testResources (default-testResources) @ ozone-csi ---
[INFO] Not copying test resources
[INFO] 
[INFO] --- maven-compiler-plugin:3.1:testCompile (default-testCompile) @ ozone-csi ---
[INFO] Not compiling test sources
[INFO] 
[INFO] --- maven-surefire-plugin:3.0.0-M5:test (default-test) @ ozone-csi ---
[INFO] Tests are skipped.
[INFO] 
[INFO] ------------------------------------------------------------------------
[INFO] Skipping Apache Ozone Datanode
[INFO] This project has been banned from the build due to previous failures.
[INFO] ------------------------------------------------------------------------
[INFO] 
[INFO] ------------------------------------------------------------------------
[INFO] Skipping Apache Ozone Insight Tool
[INFO] This project has been banned from the build due to previous failures.
[INFO] ------------------------------------------------------------------------
[INFO] 
[INFO] ------------------------------------------------------------------------
[INFO] Skipping Apache Ozone HttpFS
[INFO] This project has been banned from the build due to previous failures.
[INFO] ------------------------------------------------------------------------
[INFO] 
[INFO] ------------------------------------------------------------------------
[INFO] Skipping Apache Ozone S3 Secret Store
[INFO] This project has been banned from the build due to previous failures.
[INFO] ------------------------------------------------------------------------
[INFO] 
[INFO] ------------------------------------------------------------------------
[INFO] Skipping Apache Ozone FileSystem Shaded
[INFO] This project has been banned from the build due to previous failures.
[INFO] ------------------------------------------------------------------------
[INFO] 
[INFO] ------------------------------------------------------------------------
[INFO] Skipping Apache Ozone FS Hadoop 2.x compatibility
[INFO] This project has been banned from the build due to previous failures.
[INFO] ------------------------------------------------------------------------
[INFO] 
[INFO] ------------------------------------------------------------------------
[INFO] Skipping Apache Ozone FS Hadoop 3.x compatibility
[INFO] This project has been banned from the build due to previous failures.
[INFO] ------------------------------------------------------------------------
[INFO] 
[INFO] ------------------------------------------------------------------------
[INFO] Skipping Apache Ozone FS Hadoop shaded 3.x compatibility
[INFO] This project has been banned from the build due to previous failures.
[INFO] ------------------------------------------------------------------------
[INFO] 
[INFO] ------------------------------------------------------------------------
[INFO] Skipping Apache Ozone Distribution
[INFO] This project has been banned from the build due to previous failures.
[INFO] ------------------------------------------------------------------------
[INFO] 
[INFO] ------------< org.apache.ozone:ozone-fault-injection-test >-------------
[INFO] Building Apache Ozone Fault Injection Tests 1.4.0-SNAPSHOT       [26/46]
[INFO]   from hadoop-ozone/fault-injection-test/pom.xml
[INFO] --------------------------------[ pom ]---------------------------------
[INFO] 
[INFO] --- maven-antrun-plugin:3.1.0:run (create-testdirs) @ ozone-fault-injection-test ---
[INFO] Executing tasks
[INFO]     [mkdir] Created dir: /home/runner/work/ozone/ozone/hadoop-ozone/fault-injection-test/target/test-dir
[INFO] Executed tasks
[INFO] 
[INFO] --- maven-enforcer-plugin:3.2.1:enforce (depcheck) @ ozone-fault-injection-test ---
[INFO] Rule 0: org.apache.maven.enforcer.rules.dependency.DependencyConvergence passed
[INFO] 
[INFO] --- jacoco-maven-plugin:0.8.5:prepare-agent (default-prepare-agent) @ ozone-fault-injection-test ---
[INFO] argLine set to -javaagent:/home/runner/.m2/repository/org/jacoco/org.jacoco.agent/0.8.5/org.jacoco.agent-0.8.5-runtime.jar=destfile=/home/runner/work/ozone/ozone/hadoop-ozone/fault-injection-test/target/jacoco.exec,includes=org.apache.hadoop.hdds.*:org.apache.hadoop.ozone.*:org.apache.hadoop.fs.ozone.*
[INFO] 
[INFO] --- maven-enforcer-plugin:3.2.1:enforce (banned-rocksdb-imports) @ ozone-fault-injection-test ---
[INFO] Rule 0: org.apache.maven.plugins.enforcer.RestrictImports passed
[INFO] Rule 1: org.apache.maven.plugins.enforcer.RestrictImports passed
[INFO] Rule 2: org.apache.maven.plugins.enforcer.RestrictImports passed
[INFO] 
[INFO] --- maven-remote-resources-plugin:1.5:process (default) @ ozone-fault-injection-test ---
[INFO] 
[INFO] ----------------< org.apache.ozone:ozone-network-tests >----------------
[INFO] Building Apache Ozone Network Tests 1.4.0-SNAPSHOT               [27/46]
[INFO]   from hadoop-ozone/fault-injection-test/network-tests/pom.xml
[INFO] --------------------------------[ jar ]---------------------------------
[INFO] 
[INFO] --- maven-antrun-plugin:3.1.0:run (create-testdirs) @ ozone-network-tests ---
[INFO] Executing tasks
[INFO]     [mkdir] Created dir: /home/runner/work/ozone/ozone/hadoop-ozone/fault-injection-test/network-tests/target/test-dir
[INFO] Executed tasks
[INFO] 
[INFO] --- maven-enforcer-plugin:3.2.1:enforce (depcheck) @ ozone-network-tests ---
[INFO] Rule 0: org.apache.maven.enforcer.rules.dependency.DependencyConvergence passed
[INFO] 
[INFO] --- jacoco-maven-plugin:0.8.5:prepare-agent (default-prepare-agent) @ ozone-network-tests ---
[INFO] argLine set to -javaagent:/home/runner/.m2/repository/org/jacoco/org.jacoco.agent/0.8.5/org.jacoco.agent-0.8.5-runtime.jar=destfile=/home/runner/work/ozone/ozone/hadoop-ozone/fault-injection-test/network-tests/target/jacoco.exec,includes=org.apache.hadoop.hdds.*:org.apache.hadoop.ozone.*:org.apache.hadoop.fs.ozone.*
[INFO] 
[INFO] --- maven-enforcer-plugin:3.2.1:enforce (banned-rocksdb-imports) @ ozone-network-tests ---
[INFO] Rule 0: org.apache.maven.plugins.enforcer.RestrictImports passed
[INFO] Rule 1: org.apache.maven.plugins.enforcer.RestrictImports passed
[INFO] Rule 2: org.apache.maven.plugins.enforcer.RestrictImports passed
[INFO] 
[INFO] --- maven-remote-resources-plugin:1.5:process (default) @ ozone-network-tests ---
[INFO] 
[INFO] --- maven-resources-plugin:3.1.0:resources (default-resources) @ ozone-network-tests ---
[INFO] Using 'UTF-8' encoding to copy filtered resources.
[INFO] skip non existing resourceDirectory /home/runner/work/ozone/ozone/hadoop-ozone/fault-injection-test/network-tests/src/main/resources
[INFO] Copying 2 resources
[INFO] 
[INFO] --- maven-resources-plugin:3.1.0:copy-resources (copy-resources) @ ozone-network-tests ---
[INFO] Using 'UTF-8' encoding to copy filtered resources.
[INFO] Copying 2 resources
[INFO] 
[INFO] --- maven-compiler-plugin:3.1:compile (default-compile) @ ozone-network-tests ---
[INFO] No sources to compile
[INFO] 
[INFO] --- maven-resources-plugin:3.1.0:testResources (default-testResources) @ ozone-network-tests ---
[INFO] Not copying test resources
[INFO] 
[INFO] --- maven-compiler-plugin:3.1:testCompile (default-testCompile) @ ozone-network-tests ---
[INFO] Not compiling test sources
[INFO] 
[INFO] --- maven-surefire-plugin:3.0.0-M5:test (default-test) @ ozone-network-tests ---
[INFO] Tests are skipped.
[INFO] ------------------------------------------------------------------------
[INFO] Reactor Summary for Apache Ozone Main 1.4.0-SNAPSHOT:
[INFO] 
[INFO] Apache Ozone Main .................................. SUCCESS [  2.347 s]
[INFO] Apache Ozone HDDS .................................. SUCCESS [  0.502 s]
[INFO] Apache Ozone Annotation Processing ................. SUCCESS [  2.688 s]
[INFO] Apache Ozone HDDS Hadoop Client dependencies ....... SUCCESS [  0.392 s]
[INFO] Apache Ozone HDDS Hadoop Test dependencies ......... SUCCESS [  0.257 s]
[INFO] Apache Ozone HDDS Hadoop Server dependencies ....... SUCCESS [  0.766 s]
[INFO] Apache Ozone HDDS Client Interface ................. SUCCESS [  8.750 s]
[INFO] Apache Ozone HDDS Admin Interface .................. SUCCESS [  2.273 s]
[INFO] Apache Ozone HDDS Server Interface ................. SUCCESS [  2.957 s]
[INFO] Apache Ozone HDDS Test Utils ....................... SUCCESS [  0.940 s]
[INFO] Apache Ozone HDDS Config ........................... SUCCESS [  6.467 s]
[INFO] Apache Ozone HDDS Common ........................... SUCCESS [02:08 min]
[INFO] Apache Ozone HDDS Erasurecode ...................... SUCCESS [ 16.364 s]
[INFO] Apache Ozone HDDS Client ........................... SUCCESS [02:46 min]
[INFO] Apache Ozone HDDS Managed RocksDB .................. SUCCESS [  0.427 s]
[INFO] Apache Ozone HDDS RocksDB Tools .................... SUCCESS [  3.705 s]
[INFO] RocksDB Checkpoint Differ .......................... SUCCESS [01:25 min]
[INFO] Apache Ozone HDDS Server Framework ................. FAILURE [03:22 min]
[INFO] Apache Ozone/HDDS Documentation .................... SUCCESS [  4.278 s]
[INFO] Apache Ozone HDDS Container Service ................ SKIPPED
[INFO] Apache Ozone HDDS SCM Server ....................... SKIPPED
[INFO] Apache Ozone HDDS Tools ............................ SKIPPED
[INFO] Apache Ozone ....................................... SUCCESS [  0.087 s]
[INFO] Apache Ozone Client Interface ...................... SUCCESS [ 15.509 s]
[INFO] Apache Ozone Common ................................ SUCCESS [01:18 min]
[INFO] Apache Ozone Storage Interface ..................... SKIPPED
[INFO] Apache Ozone Client ................................ SUCCESS [ 27.738 s]
[INFO] Apache Ozone Manager Server ........................ SKIPPED
[INFO] Apache Ozone FileSystem Common ..................... SKIPPED
[INFO] Apache Ozone FileSystem ............................ SKIPPED
[INFO] Apache Ozone Recon CodeGen ......................... SUCCESS [  0.733 s]
[INFO] Apache Ozone Recon ................................. SKIPPED
[INFO] Apache Ozone Tools ................................. SKIPPED
[INFO] Apache Ozone S3 Gateway ............................ SKIPPED
[INFO] Apache Ozone CSI service ........................... SUCCESS [  3.250 s]
[INFO] Apache Ozone Datanode .............................. SKIPPED
[INFO] Apache Ozone Insight Tool .......................... SKIPPED
[INFO] Apache Ozone HttpFS ................................ SKIPPED
[INFO] Apache Ozone S3 Secret Store ....................... SKIPPED
[INFO] Apache Ozone FileSystem Shaded ..................... SKIPPED
[INFO] Apache Ozone FS Hadoop 2.x compatibility ........... SKIPPED
[INFO] Apache Ozone FS Hadoop 3.x compatibility ........... SKIPPED
[INFO] Apache Ozone FS Hadoop shaded 3.x compatibility .... SKIPPED
[INFO] Apache Ozone Distribution .......................... SKIPPED
[INFO] Apache Ozone Fault Injection Tests ................. SUCCESS [  0.051 s]
[INFO] Apache Ozone Network Tests ......................... SUCCESS [  0.318 s]
[INFO] ------------------------------------------------------------------------
[INFO] BUILD FAILURE
[INFO] ------------------------------------------------------------------------
[INFO] Total time:  12:43 min
[INFO] Finished at: 2023-10-25T10:08:22Z
[INFO] ------------------------------------------------------------------------
[ERROR] Failed to execute goal org.apache.maven.plugins:maven-surefire-plugin:3.0.0-M5:test (default-test) on project hdds-server-framework: There are test failures.
[ERROR] 
[ERROR] Please refer to /home/runner/work/ozone/ozone/hadoop-hdds/framework/target/surefire-reports for the individual test results.
[ERROR] Please refer to dump files (if any exist) [date].dump, [date]-jvmRun[N].dump and [date].dumpstream.
[ERROR] -> [Help 1]
[ERROR] 
[ERROR] To see the full stack trace of the errors, re-run Maven with the -e switch.
[ERROR] Re-run Maven using the -X switch to enable full debug logging.
[ERROR] 
[ERROR] For more information about the errors and possible solutions, please read the following articles:
[ERROR] [Help 1] http://cwiki.apache.org/confluence/display/MAVEN/MojoFailureException
[ERROR] 
[ERROR] After correcting the problems, you can resume the build with the command
[ERROR]   mvn <args> -rf :hdds-server-framework
