[INFO] Scanning for projects...
[INFO] ------------------------------------------------------------------------
[INFO] Reactor Build Order:
[INFO] 
[INFO] Apache Hadoop Ozone Integration Tests                              [jar]
[INFO] Apache Hadoop Ozone Mini Ozone Chaos Tests                         [jar]
[INFO] 
[INFO] ----------< org.apache.hadoop:hadoop-ozone-integration-test >-----------
[INFO] Building Apache Hadoop Ozone Integration Tests 0.5.0-SNAPSHOT      [1/2]
[INFO] --------------------------------[ jar ]---------------------------------
[INFO] 
[INFO] --- maven-antrun-plugin:1.3:run (create-testdirs) @ hadoop-ozone-integration-test ---
[INFO] Executing tasks
[INFO] Executed tasks
[INFO] 
[INFO] --- jacoco-maven-plugin:0.8.3:prepare-agent (default-prepare-agent) @ hadoop-ozone-integration-test ---
[INFO] argLine set to -javaagent:/home/user/.m2/repository/org/jacoco/org.jacoco.agent/0.8.3/org.jacoco.agent-0.8.3-runtime.jar=destfile=/github/workspace/hadoop-ozone/integration-test/target/jacoco.exec
[INFO] 
[INFO] --- maven-remote-resources-plugin:1.5:process (default) @ hadoop-ozone-integration-test ---
[INFO] 
[INFO] --- maven-resources-plugin:2.6:resources (default-resources) @ hadoop-ozone-integration-test ---
[INFO] Using 'UTF-8' encoding to copy filtered resources.
[INFO] skip non existing resourceDirectory /github/workspace/hadoop-ozone/integration-test/src/main/resources
[INFO] Copying 2 resources
[INFO] 
[INFO] --- maven-compiler-plugin:3.1:compile (default-compile) @ hadoop-ozone-integration-test ---
[INFO] No sources to compile
[INFO] 
[INFO] --- maven-resources-plugin:2.6:testResources (default-testResources) @ hadoop-ozone-integration-test ---
[INFO] Using 'UTF-8' encoding to copy filtered resources.
[INFO] Copying 21 resources
[INFO] Copying 2 resources
[INFO] 
[INFO] --- maven-compiler-plugin:3.1:testCompile (default-testCompile) @ hadoop-ozone-integration-test ---
[INFO] Compiling 10 source files to /github/workspace/hadoop-ozone/integration-test/target/test-classes
[INFO] 
[INFO] --- maven-surefire-plugin:3.0.0-M1:test (default-test) @ hadoop-ozone-integration-test ---
[INFO] Downloading from central: https://repo.maven.apache.org/maven2/org/apache/maven/surefire/surefire-junit4/3.0.0-M1/surefire-junit4-3.0.0-M1.jar
[INFO] Downloaded from central: https://repo.maven.apache.org/maven2/org/apache/maven/surefire/surefire-junit4/3.0.0-M1/surefire-junit4-3.0.0-M1.jar (17 kB at 44 kB/s)
[INFO] Downloading from central: https://repo.maven.apache.org/maven2/org/apache/maven/surefire/surefire-junit4/3.0.0-M1/surefire-junit4-3.0.0-M1.pom
[INFO] Downloaded from central: https://repo.maven.apache.org/maven2/org/apache/maven/surefire/surefire-junit4/3.0.0-M1/surefire-junit4-3.0.0-M1.pom (1.7 kB at 67 kB/s)
[INFO] Downloading from central: https://repo.maven.apache.org/maven2/org/apache/maven/surefire/surefire-providers/3.0.0-M1/surefire-providers-3.0.0-M1.pom
[INFO] Downloaded from central: https://repo.maven.apache.org/maven2/org/apache/maven/surefire/surefire-providers/3.0.0-M1/surefire-providers-3.0.0-M1.pom (2.5 kB at 97 kB/s)
[INFO] Downloading from central: https://repo.maven.apache.org/maven2/org/apache/maven/surefire/common-junit4/3.0.0-M1/common-junit4-3.0.0-M1.pom
[INFO] Downloaded from central: https://repo.maven.apache.org/maven2/org/apache/maven/surefire/common-junit4/3.0.0-M1/common-junit4-3.0.0-M1.pom (2.1 kB at 66 kB/s)
[INFO] Downloading from central: https://repo.maven.apache.org/maven2/org/apache/maven/surefire/common-junit3/3.0.0-M1/common-junit3-3.0.0-M1.pom
[INFO] Downloaded from central: https://repo.maven.apache.org/maven2/org/apache/maven/surefire/common-junit3/3.0.0-M1/common-junit3-3.0.0-M1.pom (1.6 kB at 61 kB/s)
[INFO] Downloading from central: https://repo.maven.apache.org/maven2/org/apache/maven/surefire/common-java5/3.0.0-M1/common-java5-3.0.0-M1.pom
[INFO] Downloaded from central: https://repo.maven.apache.org/maven2/org/apache/maven/surefire/common-java5/3.0.0-M1/common-java5-3.0.0-M1.pom (3.1 kB at 128 kB/s)
[INFO] Downloading from central: https://repo.maven.apache.org/maven2/org/apache/maven/surefire/common-java5/3.0.0-M1/common-java5-3.0.0-M1.jar
[INFO] Downloading from central: https://repo.maven.apache.org/maven2/org/apache/maven/surefire/common-junit3/3.0.0-M1/common-junit3-3.0.0-M1.jar
[INFO] Downloading from central: https://repo.maven.apache.org/maven2/org/apache/maven/surefire/common-junit4/3.0.0-M1/common-junit4-3.0.0-M1.jar
[INFO] Downloaded from central: https://repo.maven.apache.org/maven2/org/apache/maven/surefire/common-junit3/3.0.0-M1/common-junit3-3.0.0-M1.jar (12 kB at 352 kB/s)
[INFO] Downloaded from central: https://repo.maven.apache.org/maven2/org/apache/maven/surefire/common-java5/3.0.0-M1/common-java5-3.0.0-M1.jar (32 kB at 501 kB/s)
[INFO] Downloaded from central: https://repo.maven.apache.org/maven2/org/apache/maven/surefire/common-junit4/3.0.0-M1/common-junit4-3.0.0-M1.jar (28 kB at 418 kB/s)
[INFO] 
[INFO] -------------------------------------------------------
[INFO]  T E S T S
[INFO] -------------------------------------------------------
[INFO] Running org.apache.hadoop.ozone.client.rpc.TestOzoneClientRetriesOnException
[INFO] Tests run: 2, Failures: 0, Errors: 0, Skipped: 0, Time elapsed: 123.443 s - in org.apache.hadoop.ozone.client.rpc.TestOzoneClientRetriesOnException
[INFO] Running org.apache.hadoop.ozone.client.rpc.TestOzoneAtRestEncryption
[WARNING] Tests run: 1, Failures: 0, Errors: 0, Skipped: 1, Time elapsed: 0.041 s - in org.apache.hadoop.ozone.client.rpc.TestOzoneAtRestEncryption
[INFO] Running org.apache.hadoop.ozone.client.rpc.TestCloseContainerHandlingByClient
[WARNING] Tests run: 8, Failures: 0, Errors: 0, Skipped: 1, Time elapsed: 89.78 s - in org.apache.hadoop.ozone.client.rpc.TestCloseContainerHandlingByClient
[INFO] Running org.apache.hadoop.ozone.client.rpc.TestFailureHandlingByClient
[INFO] Tests run: 5, Failures: 0, Errors: 0, Skipped: 0, Time elapsed: 273.678 s - in org.apache.hadoop.ozone.client.rpc.TestFailureHandlingByClient
[INFO] Running org.apache.hadoop.ozone.client.rpc.Test2WayCommitInRatis
[INFO] Tests run: 1, Failures: 0, Errors: 0, Skipped: 0, Time elapsed: 41.484 s - in org.apache.hadoop.ozone.client.rpc.Test2WayCommitInRatis
[INFO] Running org.apache.hadoop.ozone.client.rpc.TestKeyInputStream
[INFO] Tests run: 2, Failures: 0, Errors: 0, Skipped: 0, Time elapsed: 33.772 s - in org.apache.hadoop.ozone.client.rpc.TestKeyInputStream
[INFO] Running org.apache.hadoop.ozone.client.rpc.TestWatchForCommit
[WARNING] Tests run: 1, Failures: 0, Errors: 0, Skipped: 1, Time elapsed: 0.053 s - in org.apache.hadoop.ozone.client.rpc.TestWatchForCommit
[INFO] Running org.apache.hadoop.ozone.client.rpc.TestContainerStateMachineFailureOnRead
[INFO] Tests run: 1, Failures: 0, Errors: 0, Skipped: 0, Time elapsed: 49.629 s - in org.apache.hadoop.ozone.client.rpc.TestContainerStateMachineFailureOnRead
[INFO] Running org.apache.hadoop.ozone.client.rpc.TestReadRetries
[INFO] Tests run: 1, Failures: 0, Errors: 0, Skipped: 0, Time elapsed: 55.817 s - in org.apache.hadoop.ozone.client.rpc.TestReadRetries
[INFO] Running org.apache.hadoop.ozone.client.rpc.TestBlockOutputStreamWithFailures
[ERROR] Tests run: 8, Failures: 1, Errors: 0, Skipped: 0, Time elapsed: 798.56 s <<< FAILURE! - in org.apache.hadoop.ozone.client.rpc.TestBlockOutputStreamWithFailures
[ERROR] testWatchForCommitDatanodeFailure(org.apache.hadoop.ozone.client.rpc.TestBlockOutputStreamWithFailures)  Time elapsed: 52.69 s  <<< FAILURE!
java.lang.AssertionError: expected:<2> but was:<3>
	at org.junit.Assert.fail(Assert.java:88)
	at org.junit.Assert.failNotEquals(Assert.java:743)
	at org.junit.Assert.assertEquals(Assert.java:118)
	at org.junit.Assert.assertEquals(Assert.java:555)
	at org.junit.Assert.assertEquals(Assert.java:542)
	at org.apache.hadoop.ozone.client.rpc.TestBlockOutputStreamWithFailures.testWatchForCommitDatanodeFailure(TestBlockOutputStreamWithFailures.java:305)
	at sun.reflect.NativeMethodAccessorImpl.invoke0(Native Method)
	at sun.reflect.NativeMethodAccessorImpl.invoke(NativeMethodAccessorImpl.java:62)
	at sun.reflect.DelegatingMethodAccessorImpl.invoke(DelegatingMethodAccessorImpl.java:43)
	at java.lang.reflect.Method.invoke(Method.java:498)
	at org.junit.runners.model.FrameworkMethod$1.runReflectiveCall(FrameworkMethod.java:47)
	at org.junit.internal.runners.model.ReflectiveCallable.run(ReflectiveCallable.java:12)
	at org.junit.runners.model.FrameworkMethod.invokeExplosively(FrameworkMethod.java:44)
	at org.junit.internal.runners.statements.InvokeMethod.evaluate(InvokeMethod.java:17)
	at org.junit.internal.runners.statements.RunBefores.evaluate(RunBefores.java:26)
	at org.junit.internal.runners.statements.RunAfters.evaluate(RunAfters.java:27)
	at org.junit.runners.ParentRunner.runLeaf(ParentRunner.java:271)
	at org.junit.runners.BlockJUnit4ClassRunner.runChild(BlockJUnit4ClassRunner.java:70)
	at org.junit.runners.BlockJUnit4ClassRunner.runChild(BlockJUnit4ClassRunner.java:50)
	at org.junit.runners.ParentRunner$3.run(ParentRunner.java:238)
	at org.junit.runners.ParentRunner$1.schedule(ParentRunner.java:63)
	at org.junit.runners.ParentRunner.runChildren(ParentRunner.java:236)
	at org.junit.runners.ParentRunner.access$000(ParentRunner.java:53)
	at org.junit.runners.ParentRunner$2.evaluate(ParentRunner.java:229)
	at org.junit.runners.ParentRunner.run(ParentRunner.java:309)
	at org.apache.maven.surefire.junit4.JUnit4Provider.execute(JUnit4Provider.java:365)
	at org.apache.maven.surefire.junit4.JUnit4Provider.executeWithRerun(JUnit4Provider.java:273)
	at org.apache.maven.surefire.junit4.JUnit4Provider.executeTestSet(JUnit4Provider.java:238)
	at org.apache.maven.surefire.junit4.JUnit4Provider.invoke(JUnit4Provider.java:159)
	at org.apache.maven.surefire.booter.ForkedBooter.invokeProviderInSameClassLoader(ForkedBooter.java:384)
	at org.apache.maven.surefire.booter.ForkedBooter.runSuitesInProcess(ForkedBooter.java:345)
	at org.apache.maven.surefire.booter.ForkedBooter.execute(ForkedBooter.java:126)
	at org.apache.maven.surefire.booter.ForkedBooter.main(ForkedBooter.java:418)

[INFO] Running org.apache.hadoop.ozone.client.rpc.TestBlockOutputStream
[INFO] Tests run: 6, Failures: 0, Errors: 0, Skipped: 0, Time elapsed: 56.736 s - in org.apache.hadoop.ozone.client.rpc.TestBlockOutputStream
[INFO] Running org.apache.hadoop.ozone.client.rpc.TestContainerStateMachine
[INFO] Tests run: 2, Failures: 0, Errors: 0, Skipped: 0, Time elapsed: 186.563 s - in org.apache.hadoop.ozone.client.rpc.TestContainerStateMachine
[INFO] Running org.apache.hadoop.ozone.client.rpc.TestOzoneRpcClient
[WARNING] Tests run: 69, Failures: 0, Errors: 0, Skipped: 2, Time elapsed: 41.09 s - in org.apache.hadoop.ozone.client.rpc.TestOzoneRpcClient
[INFO] Running org.apache.hadoop.ozone.client.rpc.TestOzoneRpcClientWithRatis
[WARNING] Tests run: 1, Failures: 0, Errors: 0, Skipped: 1, Time elapsed: 0.054 s - in org.apache.hadoop.ozone.client.rpc.TestOzoneRpcClientWithRatis
[INFO] Running org.apache.hadoop.ozone.client.rpc.TestOzoneRpcClientForAclAuditLog
[WARNING] Tests run: 1, Failures: 0, Errors: 0, Skipped: 1, Time elapsed: 0.068 s - in org.apache.hadoop.ozone.client.rpc.TestOzoneRpcClientForAclAuditLog
[INFO] Running org.apache.hadoop.ozone.client.rpc.TestMultiBlockWritesWithDnFailures
[INFO] Tests run: 2, Failures: 0, Errors: 0, Skipped: 0, Time elapsed: 93.635 s - in org.apache.hadoop.ozone.client.rpc.TestMultiBlockWritesWithDnFailures
[INFO] Running org.apache.hadoop.ozone.client.rpc.TestBCSID
[INFO] Tests run: 1, Failures: 0, Errors: 0, Skipped: 0, Time elapsed: 62.886 s - in org.apache.hadoop.ozone.client.rpc.TestBCSID
[INFO] Running org.apache.hadoop.ozone.client.rpc.TestHybridPipelineOnDatanode
[INFO] Tests run: 1, Failures: 0, Errors: 0, Skipped: 0, Time elapsed: 30.549 s - in org.apache.hadoop.ozone.client.rpc.TestHybridPipelineOnDatanode
[INFO] Running org.apache.hadoop.ozone.client.rpc.TestDeleteWithSlowFollower
[INFO] Tests run: 1, Failures: 0, Errors: 0, Skipped: 0, Time elapsed: 151.12 s - in org.apache.hadoop.ozone.client.rpc.TestDeleteWithSlowFollower
[INFO] Running org.apache.hadoop.ozone.client.rpc.TestContainerStateMachineFailures
[WARNING] Tests run: 1, Failures: 0, Errors: 0, Skipped: 1, Time elapsed: 0.049 s - in org.apache.hadoop.ozone.client.rpc.TestContainerStateMachineFailures
[INFO] Running org.apache.hadoop.ozone.client.rpc.TestSecureOzoneRpcClient
[WARNING] Tests run: 71, Failures: 0, Errors: 0, Skipped: 3, Time elapsed: 58.187 s - in org.apache.hadoop.ozone.client.rpc.TestSecureOzoneRpcClient
[INFO] Running org.apache.hadoop.ozone.client.rpc.TestContainerReplicationEndToEnd
[WARNING] Tests run: 1, Failures: 0, Errors: 0, Skipped: 1, Time elapsed: 0.05 s - in org.apache.hadoop.ozone.client.rpc.TestContainerReplicationEndToEnd
[INFO] Running org.apache.hadoop.ozone.client.rpc.TestCommitWatcher
[INFO] Tests run: 2, Failures: 0, Errors: 0, Skipped: 0, Time elapsed: 85.994 s - in org.apache.hadoop.ozone.client.rpc.TestCommitWatcher
[INFO] 
[INFO] Results:
[INFO] 
[ERROR] Failures: 
[ERROR]   TestBlockOutputStreamWithFailures.testWatchForCommitDatanodeFailure:305 expected:<2> but was:<3>
[INFO] 
[ERROR] Tests run: 189, Failures: 1, Errors: 0, Skipped: 12
[INFO] 
[INFO] 
[INFO] ------------------------------------------------------------------------
[INFO] Skipping Apache Hadoop Ozone Mini Ozone Chaos Tests
[INFO] This project has been banned from the build due to previous failures.
[INFO] ------------------------------------------------------------------------
[INFO] ------------------------------------------------------------------------
[INFO] Reactor Summary for Apache Hadoop Ozone Integration Tests 0.5.0-SNAPSHOT:
[INFO] 
[INFO] Apache Hadoop Ozone Integration Tests .............. FAILURE [37:49 min]
[INFO] Apache Hadoop Ozone Mini Ozone Chaos Tests ......... SKIPPED
[INFO] ------------------------------------------------------------------------
[INFO] BUILD FAILURE
[INFO] ------------------------------------------------------------------------
[INFO] Total time:  37:50 min
[INFO] Finished at: 2020-03-27T08:31:00Z
[INFO] ------------------------------------------------------------------------
[ERROR] Failed to execute goal org.apache.maven.plugins:maven-surefire-plugin:3.0.0-M1:test (default-test) on project hadoop-ozone-integration-test: There are test failures.
[ERROR] 
[ERROR] Please refer to /github/workspace/hadoop-ozone/integration-test/target/surefire-reports for the individual test results.
[ERROR] Please refer to dump files (if any exist) [date].dump, [date]-jvmRun[N].dump and [date].dumpstream.
[ERROR] -> [Help 1]
[ERROR] 
[ERROR] To see the full stack trace of the errors, re-run Maven with the -e switch.
[ERROR] Re-run Maven using the -X switch to enable full debug logging.
[ERROR] 
[ERROR] For more information about the errors and possible solutions, please read the following articles:
[ERROR] [Help 1] http://cwiki.apache.org/confluence/display/MAVEN/MojoFailureException
