rm: cannot remove '/home/runner/work/ozone/ozone/hadoop-ozone/dist/target/ozone-2.0.0-SNAPSHOT/compose/result/*': No such file or directory
Using Docker Compose v2
Executing test ozone/test-s3a.sh
Using Docker Compose v2
Port 9860 is not available on scm yet
Port 9860 is not available on scm yet
Port 9860 is not available on scm yet
Port 9860 is not available on scm yet
Port 9860 is not available on scm yet
Port 9860 is not available on scm yet
Port 9860 is not available on scm yet
Port 9860 is not available on scm yet
Port 9860 is not available on scm yet
Port 9860 is not available on scm yet
Port 9860 is not available on scm yet
Port 9860 is not available on scm yet
Port 9860 is not available on scm yet
Port 9860 is not available on scm yet
Port 9860 is not available on scm yet
Port 9860 is not available on scm yet
Port 9860 is not available on scm yet
Port 9860 is not available on scm yet
Port 9860 is not available on scm yet
Port 9860 is available on scm
SCM is in safe mode. Will retry in 1 sec. Remaining time (sec): 237
SCM is in safe mode. Will retry in 1 sec. Remaining time (sec): 236
SCM is in safe mode. Will retry in 1 sec. Remaining time (sec): 235
SCM is in safe mode. Will retry in 1 sec. Remaining time (sec): 234
SCM is in safe mode. Will retry in 1 sec. Remaining time (sec): 233
SCM is in safe mode. Will retry in 1 sec. Remaining time (sec): 232
SCM is in safe mode. Will retry in 1 sec. Remaining time (sec): 231
SCM is in safe mode. Will retry in 1 sec. Remaining time (sec): 230
SCM is in safe mode. Will retry in 1 sec. Remaining time (sec): 229
SCM is out of safe mode.
No OM HA service, no need to wait
~/work/ozone/ozone/target/hadoop-src ~/work/ozone/ozone/hadoop-ozone/dist/target/ozone-2.0.0-SNAPSHOT/compose/ozone
Apache Maven 3.8.8 (4c87b05d9aedce574290d1acc98575ed5eb6cd39)
Maven home: /usr/share/apache-maven-3.8.8
Java version: 11.0.25, vendor: Eclipse Adoptium, runtime: /usr/lib/jvm/temurin-11-jdk-amd64
Default locale: en, platform encoding: UTF-8
OS name: "linux", version: "5.15.0-1074-azure", arch: "amd64", family: "unix"
[INFO] Scanning for projects...
[INFO] ------------------------------------------------------------------------
[INFO] Detecting the operating system and CPU architecture
[INFO] ------------------------------------------------------------------------
[INFO] os.detected.name: linux
[INFO] os.detected.arch: x86_64
[INFO] os.detected.bitness: 64
[INFO] os.detected.version: 5.15
[INFO] os.detected.version.major: 5
[INFO] os.detected.version.minor: 15
[INFO] os.detected.release: ubuntu
[INFO] os.detected.release.version: 20.04
[INFO] os.detected.release.like.ubuntu: true
[INFO] os.detected.release.like.debian: true
[INFO] os.detected.classifier: linux-x86_64
[INFO] 
[INFO] --------------------< org.apache.hadoop:hadoop-aws >--------------------
[INFO] Building Apache Hadoop Amazon Web Services support 3.3.6
[INFO]   from pom.xml
[INFO] --------------------------------[ jar ]---------------------------------
[INFO] 
[INFO] --- maven-clean-plugin:3.1.0:clean (default-clean) @ hadoop-aws ---
[INFO] Deleting /home/runner/work/ozone/ozone/target/hadoop-src (includes = [dependency-reduced-pom.xml], excludes = [])
[INFO] 
[INFO] --- maven-antrun-plugin:1.7:run (create-testdirs) @ hadoop-aws ---
[INFO] Executing tasks

main:
    [mkdir] Created dir: /home/runner/work/ozone/ozone/target/hadoop-src/target/test-dir
[INFO] Executed tasks
[INFO] 
[INFO] --- maven-enforcer-plugin:3.0.0-M1:enforce (banned-illegal-imports) @ hadoop-aws ---
[INFO] 
[INFO] --- replacer:1.5.3:replace (replace-generated-sources) @ hadoop-aws ---
[INFO] Skipping
[INFO] 
[INFO] --- replacer:1.5.3:replace (replace-sources) @ hadoop-aws ---
[INFO] Skipping
[INFO] 
[INFO] --- replacer:1.5.3:replace (replace-guava) @ hadoop-aws ---
[INFO] Replacement run on 468 files.
[INFO] 
[INFO] --- maven-resources-plugin:2.6:resources (default-resources) @ hadoop-aws ---
[INFO] Using 'UTF-8' encoding to copy filtered resources.
[INFO] Copying 4 resources
[INFO] 
[INFO] --- maven-compiler-plugin:3.1:compile (default-compile) @ hadoop-aws ---
[INFO] Compiling 234 source files to /home/runner/work/ozone/ozone/target/hadoop-src/target/classes
[WARNING] /home/runner/work/ozone/ozone/target/hadoop-src/src/main/java/org/apache/hadoop/fs/s3a/S3AUtils.java: Some input files use or override a deprecated API.
[WARNING] /home/runner/work/ozone/ozone/target/hadoop-src/src/main/java/org/apache/hadoop/fs/s3a/S3AUtils.java: Recompile with -Xlint:deprecation for details.
[WARNING] /home/runner/work/ozone/ozone/target/hadoop-src/src/main/java/org/apache/hadoop/fs/s3a/auth/delegation/S3ADelegationTokens.java: Some input files use unchecked or unsafe operations.
[WARNING] /home/runner/work/ozone/ozone/target/hadoop-src/src/main/java/org/apache/hadoop/fs/s3a/auth/delegation/S3ADelegationTokens.java: Recompile with -Xlint:unchecked for details.
[INFO] 
[INFO] --- maven-dependency-plugin:3.0.2:list (deplist1) @ hadoop-aws ---
[INFO] Can't extract module name from hadoop-shaded-protobuf_3_7-1.1.1.jar: hadoop.shaded.protobuf.3.7: Invalid module name: '3' is not a Java identifier
[INFO] Can't extract module name from dnsjava-2.1.7.jar: lookup.class found in top-level directory (unnamed package not allowed in module)
[INFO] Can't extract module name from aws-java-sdk-bundle-1.12.367.jar: Provider class com.fasterxml.jackson.core.JsonFactory not in module
[INFO] Can't extract module name from geronimo-jcache_1.0_spec-1.0-alpha-1.jar: geronimo.jcache.1.0.spec: Invalid module name: '1' is not a Java identifier
[INFO] 
[INFO] --- maven-dependency-plugin:3.0.2:list (deplist2) @ hadoop-aws ---
[INFO] Can't extract module name from hadoop-shaded-protobuf_3_7-1.1.1.jar: hadoop.shaded.protobuf.3.7: Invalid module name: '3' is not a Java identifier
[INFO] Can't extract module name from dnsjava-2.1.7.jar: lookup.class found in top-level directory (unnamed package not allowed in module)
[INFO] Can't extract module name from aws-java-sdk-bundle-1.12.367.jar: Provider class com.fasterxml.jackson.core.JsonFactory not in module
[INFO] Can't extract module name from geronimo-jcache_1.0_spec-1.0-alpha-1.jar: geronimo.jcache.1.0.spec: Invalid module name: '1' is not a Java identifier
[INFO] 
[INFO] --- replacer:1.5.3:replace (replace-test-sources) @ hadoop-aws ---
[INFO] Skipping
[INFO] 
[INFO] --- maven-resources-plugin:2.6:testResources (default-testResources) @ hadoop-aws ---
[INFO] Using 'UTF-8' encoding to copy filtered resources.
[INFO] Copying 4 resources
[INFO] 
[INFO] --- replacer:1.5.3:replace (replace-generated-test-sources) @ hadoop-aws ---
[INFO] Skipping
[INFO] 
[INFO] --- maven-compiler-plugin:3.1:testCompile (default-testCompile) @ hadoop-aws ---
[INFO] Compiling 234 source files to /home/runner/work/ozone/ozone/target/hadoop-src/target/test-classes
[WARNING] /home/runner/work/ozone/ozone/target/hadoop-src/src/test/java/org/apache/hadoop/fs/s3a/auth/ITestAssumeRole.java: Some input files use or override a deprecated API.
[WARNING] /home/runner/work/ozone/ozone/target/hadoop-src/src/test/java/org/apache/hadoop/fs/s3a/auth/ITestAssumeRole.java: Recompile with -Xlint:deprecation for details.
[WARNING] /home/runner/work/ozone/ozone/target/hadoop-src/src/test/java/org/apache/hadoop/fs/s3a/S3ATestUtils.java: Some input files use unchecked or unsafe operations.
[WARNING] /home/runner/work/ozone/ozone/target/hadoop-src/src/test/java/org/apache/hadoop/fs/s3a/S3ATestUtils.java: Recompile with -Xlint:unchecked for details.
[INFO] 
[INFO] --- maven-dependency-plugin:3.0.2:copy-dependencies (copy) @ hadoop-aws ---
[INFO] 
[INFO] --- maven-surefire-plugin:3.0.0-M1:test (default-test) @ hadoop-aws ---
[INFO] 
[INFO] -------------------------------------------------------
[INFO]  T E S T S
[INFO] -------------------------------------------------------
[INFO] Running org.apache.hadoop.fs.contract.s3a.ITestS3AContractRootDir
[INFO] Tests run: 9, Failures: 0, Errors: 0, Skipped: 0, Time elapsed: 7.462 s - in org.apache.hadoop.fs.contract.s3a.ITestS3AContractRootDir
[INFO] Running org.apache.hadoop.fs.contract.s3a.ITestS3AContractSeek
[WARNING] Tests run: 72, Failures: 0, Errors: 0, Skipped: 24, Time elapsed: 25.014 s - in org.apache.hadoop.fs.contract.s3a.ITestS3AContractSeek
[INFO] Running org.apache.hadoop.fs.contract.s3a.ITestS3AContractMultipartUploader
[WARNING] Tests run: 17, Failures: 0, Errors: 0, Skipped: 17, Time elapsed: 4.159 s - in org.apache.hadoop.fs.contract.s3a.ITestS3AContractMultipartUploader
[INFO] Running org.apache.hadoop.fs.contract.s3a.ITestS3AContractGetFileStatus
[INFO] Tests run: 20, Failures: 0, Errors: 0, Skipped: 0, Time elapsed: 10.408 s - in org.apache.hadoop.fs.contract.s3a.ITestS3AContractGetFileStatus
[INFO] Running org.apache.hadoop.fs.contract.s3a.ITestS3AContractVectoredRead
[INFO] Tests run: 46, Failures: 0, Errors: 0, Skipped: 0, Time elapsed: 11.501 s - in org.apache.hadoop.fs.contract.s3a.ITestS3AContractVectoredRead
[INFO] Running org.apache.hadoop.fs.contract.s3a.ITestS3AContractCreate
[WARNING] Tests run: 16, Failures: 0, Errors: 0, Skipped: 4, Time elapsed: 5.916 s - in org.apache.hadoop.fs.contract.s3a.ITestS3AContractCreate
[INFO] Running org.apache.hadoop.fs.contract.s3a.ITestS3AContractUnbuffer
[INFO] Tests run: 6, Failures: 0, Errors: 0, Skipped: 0, Time elapsed: 3.405 s - in org.apache.hadoop.fs.contract.s3a.ITestS3AContractUnbuffer
[INFO] Running org.apache.hadoop.fs.contract.s3a.ITestS3AContractDelete
[INFO] Tests run: 8, Failures: 0, Errors: 0, Skipped: 0, Time elapsed: 3.988 s - in org.apache.hadoop.fs.contract.s3a.ITestS3AContractDelete
[INFO] Running org.apache.hadoop.fs.contract.s3a.ITestS3AContractContentSummary
[INFO] Tests run: 3, Failures: 0, Errors: 0, Skipped: 0, Time elapsed: 2.943 s - in org.apache.hadoop.fs.contract.s3a.ITestS3AContractContentSummary
[INFO] Running org.apache.hadoop.fs.contract.s3a.ITestS3AContractEtag
[WARNING] Tests run: 4, Failures: 0, Errors: 0, Skipped: 1, Time elapsed: 2.9 s - in org.apache.hadoop.fs.contract.s3a.ITestS3AContractEtag
[INFO] Running org.apache.hadoop.fs.contract.s3a.ITestS3AContractOpen
[INFO] Tests run: 21, Failures: 0, Errors: 0, Skipped: 0, Time elapsed: 8.959 s - in org.apache.hadoop.fs.contract.s3a.ITestS3AContractOpen
[INFO] Running org.apache.hadoop.fs.contract.s3a.ITestS3AContractMkdir
[INFO] Tests run: 8, Failures: 0, Errors: 0, Skipped: 0, Time elapsed: 5.267 s - in org.apache.hadoop.fs.contract.s3a.ITestS3AContractMkdir
[INFO] Running org.apache.hadoop.fs.s3a.ITestS3AContractGetFileStatusV1List
[INFO] Tests run: 20, Failures: 0, Errors: 0, Skipped: 0, Time elapsed: 8.63 s - in org.apache.hadoop.fs.s3a.ITestS3AContractGetFileStatusV1List
[INFO] Running org.apache.hadoop.fs.s3a.commit.integration.ITestS3ACommitterMRJob
[INFO] Tests run: 12, Failures: 0, Errors: 0, Skipped: 0, Time elapsed: 90.657 s - in org.apache.hadoop.fs.s3a.commit.integration.ITestS3ACommitterMRJob
[INFO] Running org.apache.hadoop.fs.s3a.statistics.ITestS3AContractStreamIOStatistics
[INFO] Tests run: 5, Failures: 0, Errors: 0, Skipped: 0, Time elapsed: 3.014 s - in org.apache.hadoop.fs.s3a.statistics.ITestS3AContractStreamIOStatistics
[INFO] 
[INFO] Results:
[INFO] 
[WARNING] Tests run: 267, Failures: 0, Errors: 0, Skipped: 46
[INFO] 
[INFO] ------------------------------------------------------------------------
[INFO] BUILD SUCCESS
[INFO] ------------------------------------------------------------------------
[INFO] Total time:  08:58 min
[INFO] Finished at: 2024-11-16T17:22:48Z
[INFO] ------------------------------------------------------------------------
[INFO] 16 goals, 16 executed
renamed 'target/surefire-reports' -> '/home/runner/work/ozone/ozone/hadoop-ozone/dist/target/ozone-2.0.0-SNAPSHOT/compose/ozone/result/junit/obs-bucket/target/surefire-reports'
~/work/ozone/ozone/hadoop-ozone/dist/target/ozone-2.0.0-SNAPSHOT/compose/ozone
~/work/ozone/ozone/target/hadoop-src ~/work/ozone/ozone/hadoop-ozone/dist/target/ozone-2.0.0-SNAPSHOT/compose/ozone
Apache Maven 3.8.8 (4c87b05d9aedce574290d1acc98575ed5eb6cd39)
Maven home: /usr/share/apache-maven-3.8.8
Java version: 11.0.25, vendor: Eclipse Adoptium, runtime: /usr/lib/jvm/temurin-11-jdk-amd64
Default locale: en, platform encoding: UTF-8
OS name: "linux", version: "5.15.0-1074-azure", arch: "amd64", family: "unix"
[INFO] Scanning for projects...
[INFO] ------------------------------------------------------------------------
[INFO] Detecting the operating system and CPU architecture
[INFO] ------------------------------------------------------------------------
[INFO] os.detected.name: linux
[INFO] os.detected.arch: x86_64
[INFO] os.detected.bitness: 64
[INFO] os.detected.version: 5.15
[INFO] os.detected.version.major: 5
[INFO] os.detected.version.minor: 15
[INFO] os.detected.release: ubuntu
[INFO] os.detected.release.version: 20.04
[INFO] os.detected.release.like.ubuntu: true
[INFO] os.detected.release.like.debian: true
[INFO] os.detected.classifier: linux-x86_64
[INFO] 
[INFO] --------------------< org.apache.hadoop:hadoop-aws >--------------------
[INFO] Building Apache Hadoop Amazon Web Services support 3.3.6
[INFO]   from pom.xml
[INFO] --------------------------------[ jar ]---------------------------------
[INFO] 
[INFO] --- maven-clean-plugin:3.1.0:clean (default-clean) @ hadoop-aws ---
[INFO] Deleting /home/runner/work/ozone/ozone/target/hadoop-src/target
[INFO] Deleting /home/runner/work/ozone/ozone/target/hadoop-src (includes = [dependency-reduced-pom.xml], excludes = [])
[INFO] 
[INFO] --- maven-antrun-plugin:1.7:run (create-testdirs) @ hadoop-aws ---
[INFO] Executing tasks

main:
    [mkdir] Created dir: /home/runner/work/ozone/ozone/target/hadoop-src/target/test-dir
[INFO] Executed tasks
[INFO] 
[INFO] --- maven-enforcer-plugin:3.0.0-M1:enforce (banned-illegal-imports) @ hadoop-aws ---
[INFO] 
[INFO] --- replacer:1.5.3:replace (replace-generated-sources) @ hadoop-aws ---
[INFO] Skipping
[INFO] 
[INFO] --- replacer:1.5.3:replace (replace-sources) @ hadoop-aws ---
[INFO] Skipping
[INFO] 
[INFO] --- replacer:1.5.3:replace (replace-guava) @ hadoop-aws ---
[INFO] Replacement run on 468 files.
[INFO] 
[INFO] --- maven-resources-plugin:2.6:resources (default-resources) @ hadoop-aws ---
[INFO] Using 'UTF-8' encoding to copy filtered resources.
[INFO] Copying 4 resources
[INFO] 
[INFO] --- maven-compiler-plugin:3.1:compile (default-compile) @ hadoop-aws ---
[INFO] Compiling 234 source files to /home/runner/work/ozone/ozone/target/hadoop-src/target/classes
[WARNING] /home/runner/work/ozone/ozone/target/hadoop-src/src/main/java/org/apache/hadoop/fs/s3a/S3AUtils.java: Some input files use or override a deprecated API.
[WARNING] /home/runner/work/ozone/ozone/target/hadoop-src/src/main/java/org/apache/hadoop/fs/s3a/S3AUtils.java: Recompile with -Xlint:deprecation for details.
[WARNING] /home/runner/work/ozone/ozone/target/hadoop-src/src/main/java/org/apache/hadoop/fs/s3a/auth/delegation/S3ADelegationTokens.java: Some input files use unchecked or unsafe operations.
[WARNING] /home/runner/work/ozone/ozone/target/hadoop-src/src/main/java/org/apache/hadoop/fs/s3a/auth/delegation/S3ADelegationTokens.java: Recompile with -Xlint:unchecked for details.
[INFO] 
[INFO] --- maven-dependency-plugin:3.0.2:list (deplist1) @ hadoop-aws ---
[INFO] Can't extract module name from hadoop-shaded-protobuf_3_7-1.1.1.jar: hadoop.shaded.protobuf.3.7: Invalid module name: '3' is not a Java identifier
[INFO] Can't extract module name from dnsjava-2.1.7.jar: lookup.class found in top-level directory (unnamed package not allowed in module)
[INFO] Can't extract module name from aws-java-sdk-bundle-1.12.367.jar: Provider class com.fasterxml.jackson.core.JsonFactory not in module
[INFO] Can't extract module name from geronimo-jcache_1.0_spec-1.0-alpha-1.jar: geronimo.jcache.1.0.spec: Invalid module name: '1' is not a Java identifier
[INFO] 
[INFO] --- maven-dependency-plugin:3.0.2:list (deplist2) @ hadoop-aws ---
[INFO] Can't extract module name from hadoop-shaded-protobuf_3_7-1.1.1.jar: hadoop.shaded.protobuf.3.7: Invalid module name: '3' is not a Java identifier
[INFO] Can't extract module name from dnsjava-2.1.7.jar: lookup.class found in top-level directory (unnamed package not allowed in module)
[INFO] Can't extract module name from aws-java-sdk-bundle-1.12.367.jar: Provider class com.fasterxml.jackson.core.JsonFactory not in module
[INFO] Can't extract module name from geronimo-jcache_1.0_spec-1.0-alpha-1.jar: geronimo.jcache.1.0.spec: Invalid module name: '1' is not a Java identifier
[INFO] 
[INFO] --- replacer:1.5.3:replace (replace-test-sources) @ hadoop-aws ---
[INFO] Skipping
[INFO] 
[INFO] --- maven-resources-plugin:2.6:testResources (default-testResources) @ hadoop-aws ---
[INFO] Using 'UTF-8' encoding to copy filtered resources.
[INFO] Copying 4 resources
[INFO] 
[INFO] --- replacer:1.5.3:replace (replace-generated-test-sources) @ hadoop-aws ---
[INFO] Skipping
[INFO] 
[INFO] --- maven-compiler-plugin:3.1:testCompile (default-testCompile) @ hadoop-aws ---
[INFO] Compiling 234 source files to /home/runner/work/ozone/ozone/target/hadoop-src/target/test-classes
[WARNING] /home/runner/work/ozone/ozone/target/hadoop-src/src/test/java/org/apache/hadoop/fs/s3a/auth/ITestAssumeRole.java: Some input files use or override a deprecated API.
[WARNING] /home/runner/work/ozone/ozone/target/hadoop-src/src/test/java/org/apache/hadoop/fs/s3a/auth/ITestAssumeRole.java: Recompile with -Xlint:deprecation for details.
[WARNING] /home/runner/work/ozone/ozone/target/hadoop-src/src/test/java/org/apache/hadoop/fs/s3a/S3ATestUtils.java: Some input files use unchecked or unsafe operations.
[WARNING] /home/runner/work/ozone/ozone/target/hadoop-src/src/test/java/org/apache/hadoop/fs/s3a/S3ATestUtils.java: Recompile with -Xlint:unchecked for details.
[INFO] 
[INFO] --- maven-dependency-plugin:3.0.2:copy-dependencies (copy) @ hadoop-aws ---
[INFO] 
[INFO] --- maven-surefire-plugin:3.0.0-M1:test (default-test) @ hadoop-aws ---
[INFO] 
[INFO] -------------------------------------------------------
[INFO]  T E S T S
[INFO] -------------------------------------------------------
[INFO] Running org.apache.hadoop.fs.contract.s3a.ITestS3AContractRootDir
[INFO] Tests run: 9, Failures: 0, Errors: 0, Skipped: 0, Time elapsed: 3.86 s - in org.apache.hadoop.fs.contract.s3a.ITestS3AContractRootDir
[INFO] Running org.apache.hadoop.fs.contract.s3a.ITestS3AContractSeek
[WARNING] Tests run: 72, Failures: 0, Errors: 0, Skipped: 24, Time elapsed: 17.013 s - in org.apache.hadoop.fs.contract.s3a.ITestS3AContractSeek
[INFO] Running org.apache.hadoop.fs.contract.s3a.ITestS3AContractMultipartUploader
[WARNING] Tests run: 17, Failures: 0, Errors: 0, Skipped: 17, Time elapsed: 3.721 s - in org.apache.hadoop.fs.contract.s3a.ITestS3AContractMultipartUploader
[INFO] Running org.apache.hadoop.fs.contract.s3a.ITestS3AContractGetFileStatus
[INFO] Tests run: 20, Failures: 0, Errors: 0, Skipped: 0, Time elapsed: 8.486 s - in org.apache.hadoop.fs.contract.s3a.ITestS3AContractGetFileStatus
[INFO] Running org.apache.hadoop.fs.contract.s3a.ITestS3AContractVectoredRead
[INFO] Tests run: 46, Failures: 0, Errors: 0, Skipped: 0, Time elapsed: 9.223 s - in org.apache.hadoop.fs.contract.s3a.ITestS3AContractVectoredRead
[INFO] Running org.apache.hadoop.fs.contract.s3a.ITestS3AContractCreate
[WARNING] Tests run: 16, Failures: 0, Errors: 0, Skipped: 4, Time elapsed: 5.257 s - in org.apache.hadoop.fs.contract.s3a.ITestS3AContractCreate
[INFO] Running org.apache.hadoop.fs.contract.s3a.ITestS3AContractUnbuffer
[INFO] Tests run: 6, Failures: 0, Errors: 0, Skipped: 0, Time elapsed: 3.286 s - in org.apache.hadoop.fs.contract.s3a.ITestS3AContractUnbuffer
[INFO] Running org.apache.hadoop.fs.contract.s3a.ITestS3AContractDelete
[INFO] Tests run: 8, Failures: 0, Errors: 0, Skipped: 0, Time elapsed: 3.777 s - in org.apache.hadoop.fs.contract.s3a.ITestS3AContractDelete
[INFO] Running org.apache.hadoop.fs.contract.s3a.ITestS3AContractContentSummary
[INFO] Tests run: 3, Failures: 0, Errors: 0, Skipped: 0, Time elapsed: 2.721 s - in org.apache.hadoop.fs.contract.s3a.ITestS3AContractContentSummary
[INFO] Running org.apache.hadoop.fs.contract.s3a.ITestS3AContractEtag
[WARNING] Tests run: 4, Failures: 0, Errors: 0, Skipped: 1, Time elapsed: 2.702 s - in org.apache.hadoop.fs.contract.s3a.ITestS3AContractEtag
[INFO] Running org.apache.hadoop.fs.contract.s3a.ITestS3AContractOpen
[INFO] Tests run: 21, Failures: 0, Errors: 0, Skipped: 0, Time elapsed: 8.604 s - in org.apache.hadoop.fs.contract.s3a.ITestS3AContractOpen
[INFO] Running org.apache.hadoop.fs.contract.s3a.ITestS3AContractMkdir
[INFO] Tests run: 8, Failures: 0, Errors: 0, Skipped: 0, Time elapsed: 4.836 s - in org.apache.hadoop.fs.contract.s3a.ITestS3AContractMkdir
[INFO] Running org.apache.hadoop.fs.s3a.ITestS3AContractGetFileStatusV1List
[INFO] Tests run: 20, Failures: 0, Errors: 0, Skipped: 0, Time elapsed: 8.444 s - in org.apache.hadoop.fs.s3a.ITestS3AContractGetFileStatusV1List
[INFO] Running org.apache.hadoop.fs.s3a.commit.integration.ITestS3ACommitterMRJob
[INFO] Tests run: 12, Failures: 0, Errors: 0, Skipped: 0, Time elapsed: 90.04 s - in org.apache.hadoop.fs.s3a.commit.integration.ITestS3ACommitterMRJob
[INFO] Running org.apache.hadoop.fs.s3a.statistics.ITestS3AContractStreamIOStatistics
[INFO] Tests run: 5, Failures: 0, Errors: 0, Skipped: 0, Time elapsed: 2.859 s - in org.apache.hadoop.fs.s3a.statistics.ITestS3AContractStreamIOStatistics
[INFO] 
[INFO] Results:
[INFO] 
[WARNING] Tests run: 267, Failures: 0, Errors: 0, Skipped: 46
[INFO] 
[INFO] ------------------------------------------------------------------------
[INFO] BUILD SUCCESS
[INFO] ------------------------------------------------------------------------
[INFO] Total time:  03:23 min
[INFO] Finished at: 2024-11-16T17:26:15Z
[INFO] ------------------------------------------------------------------------
[INFO] 16 goals, 16 executed
renamed 'target/surefire-reports' -> '/home/runner/work/ozone/ozone/hadoop-ozone/dist/target/ozone-2.0.0-SNAPSHOT/compose/ozone/result/junit/leg-bucket/target/surefire-reports'
~/work/ozone/ozone/hadoop-ozone/dist/target/ozone-2.0.0-SNAPSHOT/compose/ozone
~/work/ozone/ozone/target/hadoop-src ~/work/ozone/ozone/hadoop-ozone/dist/target/ozone-2.0.0-SNAPSHOT/compose/ozone
Apache Maven 3.8.8 (4c87b05d9aedce574290d1acc98575ed5eb6cd39)
Maven home: /usr/share/apache-maven-3.8.8
Java version: 11.0.25, vendor: Eclipse Adoptium, runtime: /usr/lib/jvm/temurin-11-jdk-amd64
Default locale: en, platform encoding: UTF-8
OS name: "linux", version: "5.15.0-1074-azure", arch: "amd64", family: "unix"
[INFO] Scanning for projects...
[INFO] ------------------------------------------------------------------------
[INFO] Detecting the operating system and CPU architecture
[INFO] ------------------------------------------------------------------------
[INFO] os.detected.name: linux
[INFO] os.detected.arch: x86_64
[INFO] os.detected.bitness: 64
[INFO] os.detected.version: 5.15
[INFO] os.detected.version.major: 5
[INFO] os.detected.version.minor: 15
[INFO] os.detected.release: ubuntu
[INFO] os.detected.release.version: 20.04
[INFO] os.detected.release.like.ubuntu: true
[INFO] os.detected.release.like.debian: true
[INFO] os.detected.classifier: linux-x86_64
[INFO] 
[INFO] --------------------< org.apache.hadoop:hadoop-aws >--------------------
[INFO] Building Apache Hadoop Amazon Web Services support 3.3.6
[INFO]   from pom.xml
[INFO] --------------------------------[ jar ]---------------------------------
[INFO] 
[INFO] --- maven-clean-plugin:3.1.0:clean (default-clean) @ hadoop-aws ---
[INFO] Deleting /home/runner/work/ozone/ozone/target/hadoop-src/target
[INFO] Deleting /home/runner/work/ozone/ozone/target/hadoop-src (includes = [dependency-reduced-pom.xml], excludes = [])
[INFO] 
[INFO] --- maven-antrun-plugin:1.7:run (create-testdirs) @ hadoop-aws ---
[INFO] Executing tasks

main:
    [mkdir] Created dir: /home/runner/work/ozone/ozone/target/hadoop-src/target/test-dir
[INFO] Executed tasks
[INFO] 
[INFO] --- maven-enforcer-plugin:3.0.0-M1:enforce (banned-illegal-imports) @ hadoop-aws ---
[INFO] 
[INFO] --- replacer:1.5.3:replace (replace-generated-sources) @ hadoop-aws ---
[INFO] Skipping
[INFO] 
[INFO] --- replacer:1.5.3:replace (replace-sources) @ hadoop-aws ---
[INFO] Skipping
[INFO] 
[INFO] --- replacer:1.5.3:replace (replace-guava) @ hadoop-aws ---
[INFO] Replacement run on 468 files.
[INFO] 
[INFO] --- maven-resources-plugin:2.6:resources (default-resources) @ hadoop-aws ---
[INFO] Using 'UTF-8' encoding to copy filtered resources.
[INFO] Copying 4 resources
[INFO] 
[INFO] --- maven-compiler-plugin:3.1:compile (default-compile) @ hadoop-aws ---
[INFO] Compiling 234 source files to /home/runner/work/ozone/ozone/target/hadoop-src/target/classes
[WARNING] /home/runner/work/ozone/ozone/target/hadoop-src/src/main/java/org/apache/hadoop/fs/s3a/S3AUtils.java: Some input files use or override a deprecated API.
[WARNING] /home/runner/work/ozone/ozone/target/hadoop-src/src/main/java/org/apache/hadoop/fs/s3a/S3AUtils.java: Recompile with -Xlint:deprecation for details.
[WARNING] /home/runner/work/ozone/ozone/target/hadoop-src/src/main/java/org/apache/hadoop/fs/s3a/auth/delegation/S3ADelegationTokens.java: Some input files use unchecked or unsafe operations.
[WARNING] /home/runner/work/ozone/ozone/target/hadoop-src/src/main/java/org/apache/hadoop/fs/s3a/auth/delegation/S3ADelegationTokens.java: Recompile with -Xlint:unchecked for details.
[INFO] 
[INFO] --- maven-dependency-plugin:3.0.2:list (deplist1) @ hadoop-aws ---
[INFO] Can't extract module name from hadoop-shaded-protobuf_3_7-1.1.1.jar: hadoop.shaded.protobuf.3.7: Invalid module name: '3' is not a Java identifier
[INFO] Can't extract module name from dnsjava-2.1.7.jar: lookup.class found in top-level directory (unnamed package not allowed in module)
[INFO] Can't extract module name from aws-java-sdk-bundle-1.12.367.jar: Provider class com.fasterxml.jackson.core.JsonFactory not in module
[INFO] Can't extract module name from geronimo-jcache_1.0_spec-1.0-alpha-1.jar: geronimo.jcache.1.0.spec: Invalid module name: '1' is not a Java identifier
[INFO] 
[INFO] --- maven-dependency-plugin:3.0.2:list (deplist2) @ hadoop-aws ---
[INFO] Can't extract module name from hadoop-shaded-protobuf_3_7-1.1.1.jar: hadoop.shaded.protobuf.3.7: Invalid module name: '3' is not a Java identifier
[INFO] Can't extract module name from dnsjava-2.1.7.jar: lookup.class found in top-level directory (unnamed package not allowed in module)
[INFO] Can't extract module name from aws-java-sdk-bundle-1.12.367.jar: Provider class com.fasterxml.jackson.core.JsonFactory not in module
[INFO] Can't extract module name from geronimo-jcache_1.0_spec-1.0-alpha-1.jar: geronimo.jcache.1.0.spec: Invalid module name: '1' is not a Java identifier
[INFO] 
[INFO] --- replacer:1.5.3:replace (replace-test-sources) @ hadoop-aws ---
[INFO] Skipping
[INFO] 
[INFO] --- maven-resources-plugin:2.6:testResources (default-testResources) @ hadoop-aws ---
[INFO] Using 'UTF-8' encoding to copy filtered resources.
[INFO] Copying 4 resources
[INFO] 
[INFO] --- replacer:1.5.3:replace (replace-generated-test-sources) @ hadoop-aws ---
[INFO] Skipping
[INFO] 
[INFO] --- maven-compiler-plugin:3.1:testCompile (default-testCompile) @ hadoop-aws ---
[INFO] Compiling 234 source files to /home/runner/work/ozone/ozone/target/hadoop-src/target/test-classes
[WARNING] /home/runner/work/ozone/ozone/target/hadoop-src/src/test/java/org/apache/hadoop/fs/s3a/auth/ITestAssumeRole.java: Some input files use or override a deprecated API.
[WARNING] /home/runner/work/ozone/ozone/target/hadoop-src/src/test/java/org/apache/hadoop/fs/s3a/auth/ITestAssumeRole.java: Recompile with -Xlint:deprecation for details.
[WARNING] /home/runner/work/ozone/ozone/target/hadoop-src/src/test/java/org/apache/hadoop/fs/s3a/S3ATestUtils.java: Some input files use unchecked or unsafe operations.
[WARNING] /home/runner/work/ozone/ozone/target/hadoop-src/src/test/java/org/apache/hadoop/fs/s3a/S3ATestUtils.java: Recompile with -Xlint:unchecked for details.
[INFO] 
[INFO] --- maven-dependency-plugin:3.0.2:copy-dependencies (copy) @ hadoop-aws ---
[INFO] 
[INFO] --- maven-surefire-plugin:3.0.0-M1:test (default-test) @ hadoop-aws ---
[INFO] 
[INFO] -------------------------------------------------------
[INFO]  T E S T S
[INFO] -------------------------------------------------------
[INFO] Running org.apache.hadoop.fs.contract.s3a.ITestS3AContractRootDir
[INFO] Tests run: 9, Failures: 0, Errors: 0, Skipped: 0, Time elapsed: 3.83 s - in org.apache.hadoop.fs.contract.s3a.ITestS3AContractRootDir
[INFO] Running org.apache.hadoop.fs.contract.s3a.ITestS3AContractSeek
[WARNING] Tests run: 72, Failures: 0, Errors: 0, Skipped: 24, Time elapsed: 15.625 s - in org.apache.hadoop.fs.contract.s3a.ITestS3AContractSeek
[INFO] Running org.apache.hadoop.fs.contract.s3a.ITestS3AContractMultipartUploader
[WARNING] Tests run: 17, Failures: 0, Errors: 0, Skipped: 17, Time elapsed: 3.61 s - in org.apache.hadoop.fs.contract.s3a.ITestS3AContractMultipartUploader
[INFO] Running org.apache.hadoop.fs.contract.s3a.ITestS3AContractGetFileStatus
[INFO] Tests run: 20, Failures: 0, Errors: 0, Skipped: 0, Time elapsed: 8.526 s - in org.apache.hadoop.fs.contract.s3a.ITestS3AContractGetFileStatus
[INFO] Running org.apache.hadoop.fs.contract.s3a.ITestS3AContractVectoredRead
[ERROR] Tests run: 46, Failures: 1, Errors: 0, Skipped: 0, Time elapsed: 8.544 s <<< FAILURE! - in org.apache.hadoop.fs.contract.s3a.ITestS3AContractVectoredRead
[ERROR] testStopVectoredIoOperationsCloseStream[Buffer type : array](org.apache.hadoop.fs.contract.s3a.ITestS3AContractVectoredRead)  Time elapsed: 0.151 s  <<< FAILURE!
java.lang.AssertionError: Expected an exception of type class java.io.InterruptedIOException
	at org.apache.hadoop.test.LambdaTestUtils.intercept(LambdaTestUtils.java:409)
	at org.apache.hadoop.fs.contract.s3a.ITestS3AContractVectoredRead.testStopVectoredIoOperationsCloseStream(ITestS3AContractVectoredRead.java:126)
	at java.base/jdk.internal.reflect.NativeMethodAccessorImpl.invoke0(Native Method)
	at java.base/jdk.internal.reflect.NativeMethodAccessorImpl.invoke(NativeMethodAccessorImpl.java:62)
	at java.base/jdk.internal.reflect.DelegatingMethodAccessorImpl.invoke(DelegatingMethodAccessorImpl.java:43)
	at java.base/java.lang.reflect.Method.invoke(Method.java:566)
	at org.junit.runners.model.FrameworkMethod$1.runReflectiveCall(FrameworkMethod.java:59)
	at org.junit.internal.runners.model.ReflectiveCallable.run(ReflectiveCallable.java:12)
	at org.junit.runners.model.FrameworkMethod.invokeExplosively(FrameworkMethod.java:56)
	at org.junit.internal.runners.statements.InvokeMethod.evaluate(InvokeMethod.java:17)
	at org.junit.internal.runners.statements.RunBefores.evaluate(RunBefores.java:26)
	at org.junit.internal.runners.statements.RunAfters.evaluate(RunAfters.java:27)
	at org.junit.rules.TestWatcher$1.evaluate(TestWatcher.java:61)
	at org.junit.internal.runners.statements.FailOnTimeout$CallableStatement.call(FailOnTimeout.java:299)
	at org.junit.internal.runners.statements.FailOnTimeout$CallableStatement.call(FailOnTimeout.java:293)
	at java.base/java.util.concurrent.FutureTask.run(FutureTask.java:264)
	at java.base/java.lang.Thread.run(Thread.java:829)

[INFO] Running org.apache.hadoop.fs.contract.s3a.ITestS3AContractCreate
[WARNING] Tests run: 16, Failures: 0, Errors: 0, Skipped: 4, Time elapsed: 5.12 s - in org.apache.hadoop.fs.contract.s3a.ITestS3AContractCreate
[INFO] Running org.apache.hadoop.fs.contract.s3a.ITestS3AContractUnbuffer
[INFO] Tests run: 6, Failures: 0, Errors: 0, Skipped: 0, Time elapsed: 3.2 s - in org.apache.hadoop.fs.contract.s3a.ITestS3AContractUnbuffer
[INFO] Running org.apache.hadoop.fs.contract.s3a.ITestS3AContractDelete
[INFO] Tests run: 8, Failures: 0, Errors: 0, Skipped: 0, Time elapsed: 3.581 s - in org.apache.hadoop.fs.contract.s3a.ITestS3AContractDelete
[INFO] Running org.apache.hadoop.fs.contract.s3a.ITestS3AContractContentSummary
[INFO] Tests run: 3, Failures: 0, Errors: 0, Skipped: 0, Time elapsed: 2.648 s - in org.apache.hadoop.fs.contract.s3a.ITestS3AContractContentSummary
[INFO] Running org.apache.hadoop.fs.contract.s3a.ITestS3AContractEtag
[WARNING] Tests run: 4, Failures: 0, Errors: 0, Skipped: 1, Time elapsed: 2.511 s - in org.apache.hadoop.fs.contract.s3a.ITestS3AContractEtag
[INFO] Running org.apache.hadoop.fs.contract.s3a.ITestS3AContractOpen
[INFO] Tests run: 21, Failures: 0, Errors: 0, Skipped: 0, Time elapsed: 8.334 s - in org.apache.hadoop.fs.contract.s3a.ITestS3AContractOpen
[INFO] Running org.apache.hadoop.fs.contract.s3a.ITestS3AContractMkdir
[INFO] Tests run: 8, Failures: 0, Errors: 0, Skipped: 0, Time elapsed: 4.731 s - in org.apache.hadoop.fs.contract.s3a.ITestS3AContractMkdir
[INFO] Running org.apache.hadoop.fs.s3a.ITestS3AContractGetFileStatusV1List
[INFO] Tests run: 20, Failures: 0, Errors: 0, Skipped: 0, Time elapsed: 8.341 s - in org.apache.hadoop.fs.s3a.ITestS3AContractGetFileStatusV1List
[INFO] Running org.apache.hadoop.fs.s3a.commit.integration.ITestS3ACommitterMRJob
[INFO] Tests run: 12, Failures: 0, Errors: 0, Skipped: 0, Time elapsed: 89.925 s - in org.apache.hadoop.fs.s3a.commit.integration.ITestS3ACommitterMRJob
[INFO] Running org.apache.hadoop.fs.s3a.statistics.ITestS3AContractStreamIOStatistics
[INFO] Tests run: 5, Failures: 0, Errors: 0, Skipped: 0, Time elapsed: 2.725 s - in org.apache.hadoop.fs.s3a.statistics.ITestS3AContractStreamIOStatistics
[INFO] 
[INFO] Results:
[INFO] 
[ERROR] Failures: 
[ERROR]   ITestS3AContractVectoredRead.testStopVectoredIoOperationsCloseStream:126 Expected an exception of type class java.io.InterruptedIOException
[INFO] 
[ERROR] Tests run: 267, Failures: 1, Errors: 0, Skipped: 46
[INFO] 
[ERROR] There are test failures.

Please refer to /home/runner/work/ozone/ozone/target/hadoop-src/target/surefire-reports for the individual test results.
Please refer to dump files (if any exist) [date].dump, [date]-jvmRun[N].dump and [date].dumpstream.
[INFO] ------------------------------------------------------------------------
[INFO] BUILD SUCCESS
[INFO] ------------------------------------------------------------------------
[INFO] Total time:  03:20 min
[INFO] Finished at: 2024-11-16T17:29:38Z
[INFO] ------------------------------------------------------------------------
[INFO] 16 goals, 16 executed
renamed 'target/surefire-reports' -> '/home/runner/work/ozone/ozone/hadoop-ozone/dist/target/ozone-2.0.0-SNAPSHOT/compose/ozone/result/junit/fso-bucket/target/surefire-reports'
~/work/ozone/ozone/hadoop-ozone/dist/target/ozone-2.0.0-SNAPSHOT/compose/ozone
mkdir: created directory '/home/runner/work/ozone/ozone/hadoop-ozone/dist/target/ozone-2.0.0-SNAPSHOT/compose/result/ozone'
mkdir: created directory '/home/runner/work/ozone/ozone/hadoop-ozone/dist/target/ozone-2.0.0-SNAPSHOT/compose/result/ozone/s3a'
renamed 'ozone/result/dn-audit-37c70beb28b4.log' -> '/home/runner/work/ozone/ozone/hadoop-ozone/dist/target/ozone-2.0.0-SNAPSHOT/compose/result/ozone/s3a/dn-audit-37c70beb28b4.log'
renamed 'ozone/result/dn-audit-51e709ea24de.log' -> '/home/runner/work/ozone/ozone/hadoop-ozone/dist/target/ozone-2.0.0-SNAPSHOT/compose/result/ozone/s3a/dn-audit-51e709ea24de.log'
renamed 'ozone/result/dn-audit-a34bdba4ac89.log' -> '/home/runner/work/ozone/ozone/hadoop-ozone/dist/target/ozone-2.0.0-SNAPSHOT/compose/result/ozone/s3a/dn-audit-a34bdba4ac89.log'
renamed 'ozone/result/docker-ozone-datanode-1.log' -> '/home/runner/work/ozone/ozone/hadoop-ozone/dist/target/ozone-2.0.0-SNAPSHOT/compose/result/ozone/s3a/docker-ozone-datanode-1.log'
renamed 'ozone/result/docker-ozone-datanode-2.log' -> '/home/runner/work/ozone/ozone/hadoop-ozone/dist/target/ozone-2.0.0-SNAPSHOT/compose/result/ozone/s3a/docker-ozone-datanode-2.log'
renamed 'ozone/result/docker-ozone-datanode-3.log' -> '/home/runner/work/ozone/ozone/hadoop-ozone/dist/target/ozone-2.0.0-SNAPSHOT/compose/result/ozone/s3a/docker-ozone-datanode-3.log'
renamed 'ozone/result/docker-ozone-httpfs-1.log' -> '/home/runner/work/ozone/ozone/hadoop-ozone/dist/target/ozone-2.0.0-SNAPSHOT/compose/result/ozone/s3a/docker-ozone-httpfs-1.log'
renamed 'ozone/result/docker-ozone-om-1.log' -> '/home/runner/work/ozone/ozone/hadoop-ozone/dist/target/ozone-2.0.0-SNAPSHOT/compose/result/ozone/s3a/docker-ozone-om-1.log'
renamed 'ozone/result/docker-ozone-recon-1.log' -> '/home/runner/work/ozone/ozone/hadoop-ozone/dist/target/ozone-2.0.0-SNAPSHOT/compose/result/ozone/s3a/docker-ozone-recon-1.log'
renamed 'ozone/result/docker-ozone-s3g-1.log' -> '/home/runner/work/ozone/ozone/hadoop-ozone/dist/target/ozone-2.0.0-SNAPSHOT/compose/result/ozone/s3a/docker-ozone-s3g-1.log'
renamed 'ozone/result/docker-ozone-scm-1.log' -> '/home/runner/work/ozone/ozone/hadoop-ozone/dist/target/ozone-2.0.0-SNAPSHOT/compose/result/ozone/s3a/docker-ozone-scm-1.log'
renamed 'ozone/result/junit' -> '/home/runner/work/ozone/ozone/hadoop-ozone/dist/target/ozone-2.0.0-SNAPSHOT/compose/result/ozone/s3a/junit'
renamed 'ozone/result/om-audit-1edd7be3912f.log' -> '/home/runner/work/ozone/ozone/hadoop-ozone/dist/target/ozone-2.0.0-SNAPSHOT/compose/result/ozone/s3a/om-audit-1edd7be3912f.log'
renamed 'ozone/result/om-sys-audit-1edd7be3912f.log' -> '/home/runner/work/ozone/ozone/hadoop-ozone/dist/target/ozone-2.0.0-SNAPSHOT/compose/result/ozone/s3a/om-sys-audit-1edd7be3912f.log'
renamed 'ozone/result/s3g-audit-de294ecd3f5a.log' -> '/home/runner/work/ozone/ozone/hadoop-ozone/dist/target/ozone-2.0.0-SNAPSHOT/compose/result/ozone/s3a/s3g-audit-de294ecd3f5a.log'
renamed 'ozone/result/scm-audit-ae37c8b08e00.log' -> '/home/runner/work/ozone/ozone/hadoop-ozone/dist/target/ozone-2.0.0-SNAPSHOT/compose/result/ozone/s3a/scm-audit-ae37c8b08e00.log'
Executing test ozonesecure-ha/test-s3a.sh
Using Docker Compose v2
Port 88 is available on kdc
Port 9860 is not available on scm1.org yet
Port 9860 is not available on scm1.org yet
Port 9860 is not available on scm1.org yet
Port 9860 is not available on scm1.org yet
Port 9860 is not available on scm1.org yet
Port 9860 is not available on scm1.org yet
Port 9860 is not available on scm1.org yet
Port 9860 is not available on scm1.org yet
Port 9860 is not available on scm1.org yet
Port 9860 is not available on scm1.org yet
Port 9860 is not available on scm1.org yet
Port 9860 is not available on scm1.org yet
Port 9860 is not available on scm1.org yet
Port 9860 is not available on scm1.org yet
Port 9860 is not available on scm1.org yet
Port 9860 is not available on scm1.org yet
Port 9860 is not available on scm1.org yet
Port 9860 is not available on scm1.org yet
Port 9860 is available on scm1.org
SCM is in safe mode. Will retry in 1 sec. Remaining time (sec): 233
SCM is in safe mode. Will retry in 1 sec. Remaining time (sec): 232
SCM is in safe mode. Will retry in 1 sec. Remaining time (sec): 231
SCM is in safe mode. Will retry in 1 sec. Remaining time (sec): 230
SCM is in safe mode. Will retry in 1 sec. Remaining time (sec): 229
SCM is in safe mode. Will retry in 1 sec. Remaining time (sec): 228
SCM is in safe mode. Will retry in 1 sec. Remaining time (sec): 227
SCM is in safe mode. Will retry in 1 sec. Remaining time (sec): 226
SCM is in safe mode. Will retry in 1 sec. Remaining time (sec): 225
SCM is in safe mode. Will retry in 1 sec. Remaining time (sec): 224
SCM is in safe mode. Will retry in 1 sec. Remaining time (sec): 223
SCM is in safe mode. Will retry in 1 sec. Remaining time (sec): 222
SCM is in safe mode. Will retry in 1 sec. Remaining time (sec): 221
SCM is in safe mode. Will retry in 1 sec. Remaining time (sec): 220
SCM is in safe mode. Will retry in 1 sec. Remaining time (sec): 219
SCM is in safe mode. Will retry in 1 sec. Remaining time (sec): 218
SCM is in safe mode. Will retry in 1 sec. Remaining time (sec): 217
SCM is in safe mode. Will retry in 1 sec. Remaining time (sec): 216
SCM is in safe mode. Will retry in 1 sec. Remaining time (sec): 215
SCM is in safe mode. Will retry in 1 sec. Remaining time (sec): 214
SCM is in safe mode. Will retry in 1 sec. Remaining time (sec): 213
SCM is in safe mode. Will retry in 1 sec. Remaining time (sec): 212
SCM is in safe mode. Will retry in 1 sec. Remaining time (sec): 211
SCM is in safe mode. Will retry in 1 sec. Remaining time (sec): 210
SCM is in safe mode. Will retry in 1 sec. Remaining time (sec): 209
SCM is in safe mode. Will retry in 1 sec. Remaining time (sec): 208
SCM is in safe mode. Will retry in 1 sec. Remaining time (sec): 207
SCM is in safe mode. Will retry in 1 sec. Remaining time (sec): 206
SCM is in safe mode. Will retry in 1 sec. Remaining time (sec): 205
SCM is in safe mode. Will retry in 1 sec. Remaining time (sec): 204
SCM is in safe mode. Will retry in 1 sec. Remaining time (sec): 203
SCM is in safe mode. Will retry in 1 sec. Remaining time (sec): 202
SCM is in safe mode. Will retry in 1 sec. Remaining time (sec): 201
SCM is in safe mode. Will retry in 1 sec. Remaining time (sec): 200
SCM is in safe mode. Will retry in 1 sec. Remaining time (sec): 199
SCM is in safe mode. Will retry in 1 sec. Remaining time (sec): 198
SCM is in safe mode. Will retry in 1 sec. Remaining time (sec): 197
SCM is in safe mode. Will retry in 1 sec. Remaining time (sec): 196
SCM is in safe mode. Will retry in 1 sec. Remaining time (sec): 195
SCM is in safe mode. Will retry in 1 sec. Remaining time (sec): 194
SCM is in safe mode. Will retry in 1 sec. Remaining time (sec): 193
SCM is in safe mode. Will retry in 1 sec. Remaining time (sec): 192
SCM is in safe mode. Will retry in 1 sec. Remaining time (sec): 191
SCM is in safe mode. Will retry in 1 sec. Remaining time (sec): 190
SCM is in safe mode. Will retry in 1 sec. Remaining time (sec): 189
SCM is in safe mode. Will retry in 1 sec. Remaining time (sec): 188
SCM is in safe mode. Will retry in 1 sec. Remaining time (sec): 187
SCM is in safe mode. Will retry in 1 sec. Remaining time (sec): 186
SCM is in safe mode. Will retry in 1 sec. Remaining time (sec): 185
SCM is in safe mode. Will retry in 1 sec. Remaining time (sec): 184
SCM is in safe mode. Will retry in 1 sec. Remaining time (sec): 183
SCM is in safe mode. Will retry in 1 sec. Remaining time (sec): 182
SCM is in safe mode. Will retry in 1 sec. Remaining time (sec): 181
SCM is in safe mode. Will retry in 1 sec. Remaining time (sec): 180
SCM is in safe mode. Will retry in 1 sec. Remaining time (sec): 179
SCM is in safe mode. Will retry in 1 sec. Remaining time (sec): 178
SCM is in safe mode. Will retry in 1 sec. Remaining time (sec): 177
SCM is in safe mode. Will retry in 1 sec. Remaining time (sec): 176
SCM is in safe mode. Will retry in 1 sec. Remaining time (sec): 175
SCM is in safe mode. Will retry in 1 sec. Remaining time (sec): 174
SCM is in safe mode. Will retry in 1 sec. Remaining time (sec): 173
SCM is in safe mode. Will retry in 1 sec. Remaining time (sec): 172
SCM is in safe mode. Will retry in 1 sec. Remaining time (sec): 171
SCM is in safe mode. Will retry in 1 sec. Remaining time (sec): 170
SCM is in safe mode. Will retry in 1 sec. Remaining time (sec): 169
SCM is in safe mode. Will retry in 1 sec. Remaining time (sec): 168
SCM is in safe mode. Will retry in 1 sec. Remaining time (sec): 167
SCM is in safe mode. Will retry in 1 sec. Remaining time (sec): 166
SCM is in safe mode. Will retry in 1 sec. Remaining time (sec): 165
SCM is out of safe mode.
Found OM leader for service omservice: om2 : LEADER (om2)
Replaced OM order with om2,om3,om1 in ozonesecure-ha-datanode1-1
Replaced OM order with om2,om3,om1 in ozonesecure-ha-datanode2-1
Replaced OM order with om2,om3,om1 in ozonesecure-ha-datanode3-1
Replaced OM order with om2,om3,om1 in ozonesecure-ha-recon-1
Replaced OM order with om2,om3,om1 in ozonesecure-ha-s3g-1
Replaced OM order with om2,om3,om1 in ozonesecure-ha-scm1.org-1
Replaced OM order with om2,om3,om1 in ozonesecure-ha-scm2.org-1
Replaced OM order with om2,om3,om1 in ozonesecure-ha-scm3.org-1
~/work/ozone/ozone/target/hadoop-src ~/work/ozone/ozone/hadoop-ozone/dist/target/ozone-2.0.0-SNAPSHOT/compose/ozonesecure-ha
Apache Maven 3.8.8 (4c87b05d9aedce574290d1acc98575ed5eb6cd39)
Maven home: /usr/share/apache-maven-3.8.8
Java version: 11.0.25, vendor: Eclipse Adoptium, runtime: /usr/lib/jvm/temurin-11-jdk-amd64
Default locale: en, platform encoding: UTF-8
OS name: "linux", version: "5.15.0-1074-azure", arch: "amd64", family: "unix"
[INFO] Scanning for projects...
[INFO] ------------------------------------------------------------------------
[INFO] Detecting the operating system and CPU architecture
[INFO] ------------------------------------------------------------------------
[INFO] os.detected.name: linux
[INFO] os.detected.arch: x86_64
[INFO] os.detected.bitness: 64
[INFO] os.detected.version: 5.15
[INFO] os.detected.version.major: 5
[INFO] os.detected.version.minor: 15
[INFO] os.detected.release: ubuntu
[INFO] os.detected.release.version: 20.04
[INFO] os.detected.release.like.ubuntu: true
[INFO] os.detected.release.like.debian: true
[INFO] os.detected.classifier: linux-x86_64
[INFO] 
[INFO] --------------------< org.apache.hadoop:hadoop-aws >--------------------
[INFO] Building Apache Hadoop Amazon Web Services support 3.3.6
[INFO]   from pom.xml
[INFO] --------------------------------[ jar ]---------------------------------
[INFO] 
[INFO] --- maven-clean-plugin:3.1.0:clean (default-clean) @ hadoop-aws ---
[INFO] Deleting /home/runner/work/ozone/ozone/target/hadoop-src/target
[INFO] Deleting /home/runner/work/ozone/ozone/target/hadoop-src (includes = [dependency-reduced-pom.xml], excludes = [])
[INFO] 
[INFO] --- maven-antrun-plugin:1.7:run (create-testdirs) @ hadoop-aws ---
[INFO] Executing tasks

main:
    [mkdir] Created dir: /home/runner/work/ozone/ozone/target/hadoop-src/target/test-dir
[INFO] Executed tasks
[INFO] 
[INFO] --- maven-enforcer-plugin:3.0.0-M1:enforce (banned-illegal-imports) @ hadoop-aws ---
[INFO] 
[INFO] --- replacer:1.5.3:replace (replace-generated-sources) @ hadoop-aws ---
[INFO] Skipping
[INFO] 
[INFO] --- replacer:1.5.3:replace (replace-sources) @ hadoop-aws ---
[INFO] Skipping
[INFO] 
[INFO] --- replacer:1.5.3:replace (replace-guava) @ hadoop-aws ---
[INFO] Replacement run on 468 files.
[INFO] 
[INFO] --- maven-resources-plugin:2.6:resources (default-resources) @ hadoop-aws ---
[INFO] Using 'UTF-8' encoding to copy filtered resources.
[INFO] Copying 4 resources
[INFO] 
[INFO] --- maven-compiler-plugin:3.1:compile (default-compile) @ hadoop-aws ---
[INFO] Compiling 234 source files to /home/runner/work/ozone/ozone/target/hadoop-src/target/classes
[WARNING] /home/runner/work/ozone/ozone/target/hadoop-src/src/main/java/org/apache/hadoop/fs/s3a/S3AUtils.java: Some input files use or override a deprecated API.
[WARNING] /home/runner/work/ozone/ozone/target/hadoop-src/src/main/java/org/apache/hadoop/fs/s3a/S3AUtils.java: Recompile with -Xlint:deprecation for details.
[WARNING] /home/runner/work/ozone/ozone/target/hadoop-src/src/main/java/org/apache/hadoop/fs/s3a/auth/delegation/S3ADelegationTokens.java: Some input files use unchecked or unsafe operations.
[WARNING] /home/runner/work/ozone/ozone/target/hadoop-src/src/main/java/org/apache/hadoop/fs/s3a/auth/delegation/S3ADelegationTokens.java: Recompile with -Xlint:unchecked for details.
[INFO] 
[INFO] --- maven-dependency-plugin:3.0.2:list (deplist1) @ hadoop-aws ---
[INFO] Can't extract module name from hadoop-shaded-protobuf_3_7-1.1.1.jar: hadoop.shaded.protobuf.3.7: Invalid module name: '3' is not a Java identifier
[INFO] Can't extract module name from dnsjava-2.1.7.jar: lookup.class found in top-level directory (unnamed package not allowed in module)
[INFO] Can't extract module name from aws-java-sdk-bundle-1.12.367.jar: Provider class com.fasterxml.jackson.core.JsonFactory not in module
[INFO] Can't extract module name from geronimo-jcache_1.0_spec-1.0-alpha-1.jar: geronimo.jcache.1.0.spec: Invalid module name: '1' is not a Java identifier
[INFO] 
[INFO] --- maven-dependency-plugin:3.0.2:list (deplist2) @ hadoop-aws ---
[INFO] Can't extract module name from hadoop-shaded-protobuf_3_7-1.1.1.jar: hadoop.shaded.protobuf.3.7: Invalid module name: '3' is not a Java identifier
[INFO] Can't extract module name from dnsjava-2.1.7.jar: lookup.class found in top-level directory (unnamed package not allowed in module)
[INFO] Can't extract module name from aws-java-sdk-bundle-1.12.367.jar: Provider class com.fasterxml.jackson.core.JsonFactory not in module
[INFO] Can't extract module name from geronimo-jcache_1.0_spec-1.0-alpha-1.jar: geronimo.jcache.1.0.spec: Invalid module name: '1' is not a Java identifier
[INFO] 
[INFO] --- replacer:1.5.3:replace (replace-test-sources) @ hadoop-aws ---
[INFO] Skipping
[INFO] 
[INFO] --- maven-resources-plugin:2.6:testResources (default-testResources) @ hadoop-aws ---
[INFO] Using 'UTF-8' encoding to copy filtered resources.
[INFO] Copying 4 resources
[INFO] 
[INFO] --- replacer:1.5.3:replace (replace-generated-test-sources) @ hadoop-aws ---
[INFO] Skipping
[INFO] 
[INFO] --- maven-compiler-plugin:3.1:testCompile (default-testCompile) @ hadoop-aws ---
[INFO] Compiling 234 source files to /home/runner/work/ozone/ozone/target/hadoop-src/target/test-classes
[WARNING] /home/runner/work/ozone/ozone/target/hadoop-src/src/test/java/org/apache/hadoop/fs/s3a/auth/ITestAssumeRole.java: Some input files use or override a deprecated API.
[WARNING] /home/runner/work/ozone/ozone/target/hadoop-src/src/test/java/org/apache/hadoop/fs/s3a/auth/ITestAssumeRole.java: Recompile with -Xlint:deprecation for details.
[WARNING] /home/runner/work/ozone/ozone/target/hadoop-src/src/test/java/org/apache/hadoop/fs/s3a/S3ATestUtils.java: Some input files use unchecked or unsafe operations.
[WARNING] /home/runner/work/ozone/ozone/target/hadoop-src/src/test/java/org/apache/hadoop/fs/s3a/S3ATestUtils.java: Recompile with -Xlint:unchecked for details.
[INFO] 
[INFO] --- maven-dependency-plugin:3.0.2:copy-dependencies (copy) @ hadoop-aws ---
[INFO] 
[INFO] --- maven-surefire-plugin:3.0.0-M1:test (default-test) @ hadoop-aws ---
[INFO] 
[INFO] -------------------------------------------------------
[INFO]  T E S T S
[INFO] -------------------------------------------------------
[INFO] Running org.apache.hadoop.fs.contract.s3a.ITestS3AContractRootDir
[INFO] Tests run: 9, Failures: 0, Errors: 0, Skipped: 0, Time elapsed: 8.603 s - in org.apache.hadoop.fs.contract.s3a.ITestS3AContractRootDir
[INFO] Running org.apache.hadoop.fs.contract.s3a.ITestS3AContractSeek
[WARNING] Tests run: 72, Failures: 0, Errors: 0, Skipped: 24, Time elapsed: 38.408 s - in org.apache.hadoop.fs.contract.s3a.ITestS3AContractSeek
[INFO] Running org.apache.hadoop.fs.contract.s3a.ITestS3AContractMultipartUploader
[WARNING] Tests run: 17, Failures: 0, Errors: 0, Skipped: 17, Time elapsed: 5.238 s - in org.apache.hadoop.fs.contract.s3a.ITestS3AContractMultipartUploader
[INFO] Running org.apache.hadoop.fs.contract.s3a.ITestS3AContractGetFileStatus
[INFO] Tests run: 20, Failures: 0, Errors: 0, Skipped: 0, Time elapsed: 13.734 s - in org.apache.hadoop.fs.contract.s3a.ITestS3AContractGetFileStatus
[INFO] Running org.apache.hadoop.fs.contract.s3a.ITestS3AContractVectoredRead
[INFO] Tests run: 46, Failures: 0, Errors: 0, Skipped: 0, Time elapsed: 15.876 s - in org.apache.hadoop.fs.contract.s3a.ITestS3AContractVectoredRead
[INFO] Running org.apache.hadoop.fs.contract.s3a.ITestS3AContractCreate
[WARNING] Tests run: 16, Failures: 0, Errors: 0, Skipped: 4, Time elapsed: 7.389 s - in org.apache.hadoop.fs.contract.s3a.ITestS3AContractCreate
[INFO] Running org.apache.hadoop.fs.contract.s3a.ITestS3AContractUnbuffer
[INFO] Tests run: 6, Failures: 0, Errors: 0, Skipped: 0, Time elapsed: 4.166 s - in org.apache.hadoop.fs.contract.s3a.ITestS3AContractUnbuffer
[INFO] Running org.apache.hadoop.fs.contract.s3a.ITestS3AContractDelete
[INFO] Tests run: 8, Failures: 0, Errors: 0, Skipped: 0, Time elapsed: 4.946 s - in org.apache.hadoop.fs.contract.s3a.ITestS3AContractDelete
[INFO] Running org.apache.hadoop.fs.contract.s3a.ITestS3AContractContentSummary
[INFO] Tests run: 3, Failures: 0, Errors: 0, Skipped: 0, Time elapsed: 3.757 s - in org.apache.hadoop.fs.contract.s3a.ITestS3AContractContentSummary
[INFO] Running org.apache.hadoop.fs.contract.s3a.ITestS3AContractEtag
[WARNING] Tests run: 4, Failures: 0, Errors: 0, Skipped: 1, Time elapsed: 3.673 s - in org.apache.hadoop.fs.contract.s3a.ITestS3AContractEtag
[INFO] Running org.apache.hadoop.fs.contract.s3a.ITestS3AContractOpen
[INFO] Tests run: 21, Failures: 0, Errors: 0, Skipped: 0, Time elapsed: 11.306 s - in org.apache.hadoop.fs.contract.s3a.ITestS3AContractOpen
[INFO] Running org.apache.hadoop.fs.contract.s3a.ITestS3AContractMkdir
[INFO] Tests run: 8, Failures: 0, Errors: 0, Skipped: 0, Time elapsed: 6.137 s - in org.apache.hadoop.fs.contract.s3a.ITestS3AContractMkdir
[INFO] Running org.apache.hadoop.fs.s3a.ITestS3AContractGetFileStatusV1List
[INFO] Tests run: 20, Failures: 0, Errors: 0, Skipped: 0, Time elapsed: 11.618 s - in org.apache.hadoop.fs.s3a.ITestS3AContractGetFileStatusV1List
[INFO] Running org.apache.hadoop.fs.s3a.commit.integration.ITestS3ACommitterMRJob
[INFO] Tests run: 12, Failures: 0, Errors: 0, Skipped: 0, Time elapsed: 96.422 s - in org.apache.hadoop.fs.s3a.commit.integration.ITestS3ACommitterMRJob
[INFO] Running org.apache.hadoop.fs.s3a.statistics.ITestS3AContractStreamIOStatistics
[INFO] Tests run: 5, Failures: 0, Errors: 0, Skipped: 0, Time elapsed: 3.7 s - in org.apache.hadoop.fs.s3a.statistics.ITestS3AContractStreamIOStatistics
[INFO] 
[INFO] Results:
[INFO] 
[WARNING] Tests run: 267, Failures: 0, Errors: 0, Skipped: 46
[INFO] 
[INFO] ------------------------------------------------------------------------
[INFO] BUILD SUCCESS
[INFO] ------------------------------------------------------------------------
[INFO] Total time:  04:27 min
[INFO] Finished at: 2024-11-16T17:36:53Z
[INFO] ------------------------------------------------------------------------
[INFO] 16 goals, 16 executed
renamed 'target/surefire-reports' -> '/home/runner/work/ozone/ozone/hadoop-ozone/dist/target/ozone-2.0.0-SNAPSHOT/compose/ozonesecure-ha/result/junit/obs-bucket/target/surefire-reports'
~/work/ozone/ozone/hadoop-ozone/dist/target/ozone-2.0.0-SNAPSHOT/compose/ozonesecure-ha
~/work/ozone/ozone/target/hadoop-src ~/work/ozone/ozone/hadoop-ozone/dist/target/ozone-2.0.0-SNAPSHOT/compose/ozonesecure-ha
Apache Maven 3.8.8 (4c87b05d9aedce574290d1acc98575ed5eb6cd39)
Maven home: /usr/share/apache-maven-3.8.8
Java version: 11.0.25, vendor: Eclipse Adoptium, runtime: /usr/lib/jvm/temurin-11-jdk-amd64
Default locale: en, platform encoding: UTF-8
OS name: "linux", version: "5.15.0-1074-azure", arch: "amd64", family: "unix"
[INFO] Scanning for projects...
[INFO] ------------------------------------------------------------------------
[INFO] Detecting the operating system and CPU architecture
[INFO] ------------------------------------------------------------------------
[INFO] os.detected.name: linux
[INFO] os.detected.arch: x86_64
[INFO] os.detected.bitness: 64
[INFO] os.detected.version: 5.15
[INFO] os.detected.version.major: 5
[INFO] os.detected.version.minor: 15
[INFO] os.detected.release: ubuntu
[INFO] os.detected.release.version: 20.04
[INFO] os.detected.release.like.ubuntu: true
[INFO] os.detected.release.like.debian: true
[INFO] os.detected.classifier: linux-x86_64
[INFO] 
[INFO] --------------------< org.apache.hadoop:hadoop-aws >--------------------
[INFO] Building Apache Hadoop Amazon Web Services support 3.3.6
[INFO]   from pom.xml
[INFO] --------------------------------[ jar ]---------------------------------
[INFO] 
[INFO] --- maven-clean-plugin:3.1.0:clean (default-clean) @ hadoop-aws ---
[INFO] Deleting /home/runner/work/ozone/ozone/target/hadoop-src/target
[INFO] Deleting /home/runner/work/ozone/ozone/target/hadoop-src (includes = [dependency-reduced-pom.xml], excludes = [])
[INFO] 
[INFO] --- maven-antrun-plugin:1.7:run (create-testdirs) @ hadoop-aws ---
[INFO] Executing tasks

main:
    [mkdir] Created dir: /home/runner/work/ozone/ozone/target/hadoop-src/target/test-dir
[INFO] Executed tasks
[INFO] 
[INFO] --- maven-enforcer-plugin:3.0.0-M1:enforce (banned-illegal-imports) @ hadoop-aws ---
[INFO] 
[INFO] --- replacer:1.5.3:replace (replace-generated-sources) @ hadoop-aws ---
[INFO] Skipping
[INFO] 
[INFO] --- replacer:1.5.3:replace (replace-sources) @ hadoop-aws ---
[INFO] Skipping
[INFO] 
[INFO] --- replacer:1.5.3:replace (replace-guava) @ hadoop-aws ---
[INFO] Replacement run on 468 files.
[INFO] 
[INFO] --- maven-resources-plugin:2.6:resources (default-resources) @ hadoop-aws ---
[INFO] Using 'UTF-8' encoding to copy filtered resources.
[INFO] Copying 4 resources
[INFO] 
[INFO] --- maven-compiler-plugin:3.1:compile (default-compile) @ hadoop-aws ---
[INFO] Compiling 234 source files to /home/runner/work/ozone/ozone/target/hadoop-src/target/classes
[WARNING] /home/runner/work/ozone/ozone/target/hadoop-src/src/main/java/org/apache/hadoop/fs/s3a/S3AUtils.java: Some input files use or override a deprecated API.
[WARNING] /home/runner/work/ozone/ozone/target/hadoop-src/src/main/java/org/apache/hadoop/fs/s3a/S3AUtils.java: Recompile with -Xlint:deprecation for details.
[WARNING] /home/runner/work/ozone/ozone/target/hadoop-src/src/main/java/org/apache/hadoop/fs/s3a/auth/delegation/S3ADelegationTokens.java: Some input files use unchecked or unsafe operations.
[WARNING] /home/runner/work/ozone/ozone/target/hadoop-src/src/main/java/org/apache/hadoop/fs/s3a/auth/delegation/S3ADelegationTokens.java: Recompile with -Xlint:unchecked for details.
[INFO] 
[INFO] --- maven-dependency-plugin:3.0.2:list (deplist1) @ hadoop-aws ---
[INFO] Can't extract module name from hadoop-shaded-protobuf_3_7-1.1.1.jar: hadoop.shaded.protobuf.3.7: Invalid module name: '3' is not a Java identifier
[INFO] Can't extract module name from dnsjava-2.1.7.jar: lookup.class found in top-level directory (unnamed package not allowed in module)
[INFO] Can't extract module name from aws-java-sdk-bundle-1.12.367.jar: Provider class com.fasterxml.jackson.core.JsonFactory not in module
[INFO] Can't extract module name from geronimo-jcache_1.0_spec-1.0-alpha-1.jar: geronimo.jcache.1.0.spec: Invalid module name: '1' is not a Java identifier
[INFO] 
[INFO] --- maven-dependency-plugin:3.0.2:list (deplist2) @ hadoop-aws ---
[INFO] Can't extract module name from hadoop-shaded-protobuf_3_7-1.1.1.jar: hadoop.shaded.protobuf.3.7: Invalid module name: '3' is not a Java identifier
[INFO] Can't extract module name from dnsjava-2.1.7.jar: lookup.class found in top-level directory (unnamed package not allowed in module)
[INFO] Can't extract module name from aws-java-sdk-bundle-1.12.367.jar: Provider class com.fasterxml.jackson.core.JsonFactory not in module
[INFO] Can't extract module name from geronimo-jcache_1.0_spec-1.0-alpha-1.jar: geronimo.jcache.1.0.spec: Invalid module name: '1' is not a Java identifier
[INFO] 
[INFO] --- replacer:1.5.3:replace (replace-test-sources) @ hadoop-aws ---
[INFO] Skipping
[INFO] 
[INFO] --- maven-resources-plugin:2.6:testResources (default-testResources) @ hadoop-aws ---
[INFO] Using 'UTF-8' encoding to copy filtered resources.
[INFO] Copying 4 resources
[INFO] 
[INFO] --- replacer:1.5.3:replace (replace-generated-test-sources) @ hadoop-aws ---
[INFO] Skipping
[INFO] 
[INFO] --- maven-compiler-plugin:3.1:testCompile (default-testCompile) @ hadoop-aws ---
[INFO] Compiling 234 source files to /home/runner/work/ozone/ozone/target/hadoop-src/target/test-classes
[WARNING] /home/runner/work/ozone/ozone/target/hadoop-src/src/test/java/org/apache/hadoop/fs/s3a/auth/ITestAssumeRole.java: Some input files use or override a deprecated API.
[WARNING] /home/runner/work/ozone/ozone/target/hadoop-src/src/test/java/org/apache/hadoop/fs/s3a/auth/ITestAssumeRole.java: Recompile with -Xlint:deprecation for details.
[WARNING] /home/runner/work/ozone/ozone/target/hadoop-src/src/test/java/org/apache/hadoop/fs/s3a/S3ATestUtils.java: Some input files use unchecked or unsafe operations.
[WARNING] /home/runner/work/ozone/ozone/target/hadoop-src/src/test/java/org/apache/hadoop/fs/s3a/S3ATestUtils.java: Recompile with -Xlint:unchecked for details.
[INFO] 
[INFO] --- maven-dependency-plugin:3.0.2:copy-dependencies (copy) @ hadoop-aws ---
[INFO] 
[INFO] --- maven-surefire-plugin:3.0.0-M1:test (default-test) @ hadoop-aws ---
[INFO] 
[INFO] -------------------------------------------------------
[INFO]  T E S T S
[INFO] -------------------------------------------------------
[INFO] Running org.apache.hadoop.fs.contract.s3a.ITestS3AContractRootDir
[INFO] Tests run: 9, Failures: 0, Errors: 0, Skipped: 0, Time elapsed: 4.492 s - in org.apache.hadoop.fs.contract.s3a.ITestS3AContractRootDir
[INFO] Running org.apache.hadoop.fs.contract.s3a.ITestS3AContractSeek
[WARNING] Tests run: 72, Failures: 0, Errors: 0, Skipped: 24, Time elapsed: 23.484 s - in org.apache.hadoop.fs.contract.s3a.ITestS3AContractSeek
[INFO] Running org.apache.hadoop.fs.contract.s3a.ITestS3AContractMultipartUploader
[WARNING] Tests run: 17, Failures: 0, Errors: 0, Skipped: 17, Time elapsed: 4.517 s - in org.apache.hadoop.fs.contract.s3a.ITestS3AContractMultipartUploader
[INFO] Running org.apache.hadoop.fs.contract.s3a.ITestS3AContractGetFileStatus
[INFO] Tests run: 20, Failures: 0, Errors: 0, Skipped: 0, Time elapsed: 11.08 s - in org.apache.hadoop.fs.contract.s3a.ITestS3AContractGetFileStatus
[INFO] Running org.apache.hadoop.fs.contract.s3a.ITestS3AContractVectoredRead
[INFO] Tests run: 46, Failures: 0, Errors: 0, Skipped: 0, Time elapsed: 12.58 s - in org.apache.hadoop.fs.contract.s3a.ITestS3AContractVectoredRead
[INFO] Running org.apache.hadoop.fs.contract.s3a.ITestS3AContractCreate
[WARNING] Tests run: 16, Failures: 0, Errors: 0, Skipped: 4, Time elapsed: 6.664 s - in org.apache.hadoop.fs.contract.s3a.ITestS3AContractCreate
[INFO] Running org.apache.hadoop.fs.contract.s3a.ITestS3AContractUnbuffer
[INFO] Tests run: 6, Failures: 0, Errors: 0, Skipped: 0, Time elapsed: 3.98 s - in org.apache.hadoop.fs.contract.s3a.ITestS3AContractUnbuffer
[INFO] Running org.apache.hadoop.fs.contract.s3a.ITestS3AContractDelete
[INFO] Tests run: 8, Failures: 0, Errors: 0, Skipped: 0, Time elapsed: 4.514 s - in org.apache.hadoop.fs.contract.s3a.ITestS3AContractDelete
[INFO] Running org.apache.hadoop.fs.contract.s3a.ITestS3AContractContentSummary
[INFO] Tests run: 3, Failures: 0, Errors: 0, Skipped: 0, Time elapsed: 3.204 s - in org.apache.hadoop.fs.contract.s3a.ITestS3AContractContentSummary
[INFO] Running org.apache.hadoop.fs.contract.s3a.ITestS3AContractEtag
[WARNING] Tests run: 4, Failures: 0, Errors: 0, Skipped: 1, Time elapsed: 3.168 s - in org.apache.hadoop.fs.contract.s3a.ITestS3AContractEtag
[INFO] Running org.apache.hadoop.fs.contract.s3a.ITestS3AContractOpen
[INFO] Tests run: 21, Failures: 0, Errors: 0, Skipped: 0, Time elapsed: 9.89 s - in org.apache.hadoop.fs.contract.s3a.ITestS3AContractOpen
[INFO] Running org.apache.hadoop.fs.contract.s3a.ITestS3AContractMkdir
[INFO] Tests run: 8, Failures: 0, Errors: 0, Skipped: 0, Time elapsed: 5.92 s - in org.apache.hadoop.fs.contract.s3a.ITestS3AContractMkdir
[INFO] Running org.apache.hadoop.fs.s3a.ITestS3AContractGetFileStatusV1List
[INFO] Tests run: 20, Failures: 0, Errors: 0, Skipped: 0, Time elapsed: 10.908 s - in org.apache.hadoop.fs.s3a.ITestS3AContractGetFileStatusV1List
[INFO] Running org.apache.hadoop.fs.s3a.commit.integration.ITestS3ACommitterMRJob
[INFO] Tests run: 12, Failures: 0, Errors: 0, Skipped: 0, Time elapsed: 92.464 s - in org.apache.hadoop.fs.s3a.commit.integration.ITestS3ACommitterMRJob
[INFO] Running org.apache.hadoop.fs.s3a.statistics.ITestS3AContractStreamIOStatistics
[INFO] Tests run: 5, Failures: 0, Errors: 0, Skipped: 0, Time elapsed: 3.694 s - in org.apache.hadoop.fs.s3a.statistics.ITestS3AContractStreamIOStatistics
[INFO] 
[INFO] Results:
[INFO] 
[WARNING] Tests run: 267, Failures: 0, Errors: 0, Skipped: 46
[INFO] 
[INFO] ------------------------------------------------------------------------
[INFO] BUILD SUCCESS
[INFO] ------------------------------------------------------------------------
[INFO] Total time:  03:53 min
[INFO] Finished at: 2024-11-16T17:40:49Z
[INFO] ------------------------------------------------------------------------
[INFO] 16 goals, 16 executed
renamed 'target/surefire-reports' -> '/home/runner/work/ozone/ozone/hadoop-ozone/dist/target/ozone-2.0.0-SNAPSHOT/compose/ozonesecure-ha/result/junit/leg-bucket/target/surefire-reports'
~/work/ozone/ozone/hadoop-ozone/dist/target/ozone-2.0.0-SNAPSHOT/compose/ozonesecure-ha
~/work/ozone/ozone/target/hadoop-src ~/work/ozone/ozone/hadoop-ozone/dist/target/ozone-2.0.0-SNAPSHOT/compose/ozonesecure-ha
Apache Maven 3.8.8 (4c87b05d9aedce574290d1acc98575ed5eb6cd39)
Maven home: /usr/share/apache-maven-3.8.8
Java version: 11.0.25, vendor: Eclipse Adoptium, runtime: /usr/lib/jvm/temurin-11-jdk-amd64
Default locale: en, platform encoding: UTF-8
OS name: "linux", version: "5.15.0-1074-azure", arch: "amd64", family: "unix"
[INFO] Scanning for projects...
[INFO] ------------------------------------------------------------------------
[INFO] Detecting the operating system and CPU architecture
[INFO] ------------------------------------------------------------------------
[INFO] os.detected.name: linux
[INFO] os.detected.arch: x86_64
[INFO] os.detected.bitness: 64
[INFO] os.detected.version: 5.15
[INFO] os.detected.version.major: 5
[INFO] os.detected.version.minor: 15
[INFO] os.detected.release: ubuntu
[INFO] os.detected.release.version: 20.04
[INFO] os.detected.release.like.ubuntu: true
[INFO] os.detected.release.like.debian: true
[INFO] os.detected.classifier: linux-x86_64
[INFO] 
[INFO] --------------------< org.apache.hadoop:hadoop-aws >--------------------
[INFO] Building Apache Hadoop Amazon Web Services support 3.3.6
[INFO]   from pom.xml
[INFO] --------------------------------[ jar ]---------------------------------
[INFO] 
[INFO] --- maven-clean-plugin:3.1.0:clean (default-clean) @ hadoop-aws ---
[INFO] Deleting /home/runner/work/ozone/ozone/target/hadoop-src/target
[INFO] Deleting /home/runner/work/ozone/ozone/target/hadoop-src (includes = [dependency-reduced-pom.xml], excludes = [])
[INFO] 
[INFO] --- maven-antrun-plugin:1.7:run (create-testdirs) @ hadoop-aws ---
[INFO] Executing tasks

main:
    [mkdir] Created dir: /home/runner/work/ozone/ozone/target/hadoop-src/target/test-dir
[INFO] Executed tasks
[INFO] 
[INFO] --- maven-enforcer-plugin:3.0.0-M1:enforce (banned-illegal-imports) @ hadoop-aws ---
[INFO] 
[INFO] --- replacer:1.5.3:replace (replace-generated-sources) @ hadoop-aws ---
[INFO] Skipping
[INFO] 
[INFO] --- replacer:1.5.3:replace (replace-sources) @ hadoop-aws ---
[INFO] Skipping
[INFO] 
[INFO] --- replacer:1.5.3:replace (replace-guava) @ hadoop-aws ---
[INFO] Replacement run on 468 files.
[INFO] 
[INFO] --- maven-resources-plugin:2.6:resources (default-resources) @ hadoop-aws ---
[INFO] Using 'UTF-8' encoding to copy filtered resources.
[INFO] Copying 4 resources
[INFO] 
[INFO] --- maven-compiler-plugin:3.1:compile (default-compile) @ hadoop-aws ---
[INFO] Compiling 234 source files to /home/runner/work/ozone/ozone/target/hadoop-src/target/classes
[WARNING] /home/runner/work/ozone/ozone/target/hadoop-src/src/main/java/org/apache/hadoop/fs/s3a/S3AUtils.java: Some input files use or override a deprecated API.
[WARNING] /home/runner/work/ozone/ozone/target/hadoop-src/src/main/java/org/apache/hadoop/fs/s3a/S3AUtils.java: Recompile with -Xlint:deprecation for details.
[WARNING] /home/runner/work/ozone/ozone/target/hadoop-src/src/main/java/org/apache/hadoop/fs/s3a/auth/delegation/S3ADelegationTokens.java: Some input files use unchecked or unsafe operations.
[WARNING] /home/runner/work/ozone/ozone/target/hadoop-src/src/main/java/org/apache/hadoop/fs/s3a/auth/delegation/S3ADelegationTokens.java: Recompile with -Xlint:unchecked for details.
[INFO] 
[INFO] --- maven-dependency-plugin:3.0.2:list (deplist1) @ hadoop-aws ---
[INFO] Can't extract module name from hadoop-shaded-protobuf_3_7-1.1.1.jar: hadoop.shaded.protobuf.3.7: Invalid module name: '3' is not a Java identifier
[INFO] Can't extract module name from dnsjava-2.1.7.jar: lookup.class found in top-level directory (unnamed package not allowed in module)
[INFO] Can't extract module name from aws-java-sdk-bundle-1.12.367.jar: Provider class com.fasterxml.jackson.core.JsonFactory not in module
[INFO] Can't extract module name from geronimo-jcache_1.0_spec-1.0-alpha-1.jar: geronimo.jcache.1.0.spec: Invalid module name: '1' is not a Java identifier
[INFO] 
[INFO] --- maven-dependency-plugin:3.0.2:list (deplist2) @ hadoop-aws ---
[INFO] Can't extract module name from hadoop-shaded-protobuf_3_7-1.1.1.jar: hadoop.shaded.protobuf.3.7: Invalid module name: '3' is not a Java identifier
[INFO] Can't extract module name from dnsjava-2.1.7.jar: lookup.class found in top-level directory (unnamed package not allowed in module)
[INFO] Can't extract module name from aws-java-sdk-bundle-1.12.367.jar: Provider class com.fasterxml.jackson.core.JsonFactory not in module
[INFO] Can't extract module name from geronimo-jcache_1.0_spec-1.0-alpha-1.jar: geronimo.jcache.1.0.spec: Invalid module name: '1' is not a Java identifier
[INFO] 
[INFO] --- replacer:1.5.3:replace (replace-test-sources) @ hadoop-aws ---
[INFO] Skipping
[INFO] 
[INFO] --- maven-resources-plugin:2.6:testResources (default-testResources) @ hadoop-aws ---
[INFO] Using 'UTF-8' encoding to copy filtered resources.
[INFO] Copying 4 resources
[INFO] 
[INFO] --- replacer:1.5.3:replace (replace-generated-test-sources) @ hadoop-aws ---
[INFO] Skipping
[INFO] 
[INFO] --- maven-compiler-plugin:3.1:testCompile (default-testCompile) @ hadoop-aws ---
[INFO] Compiling 234 source files to /home/runner/work/ozone/ozone/target/hadoop-src/target/test-classes
[WARNING] /home/runner/work/ozone/ozone/target/hadoop-src/src/test/java/org/apache/hadoop/fs/s3a/auth/ITestAssumeRole.java: Some input files use or override a deprecated API.
[WARNING] /home/runner/work/ozone/ozone/target/hadoop-src/src/test/java/org/apache/hadoop/fs/s3a/auth/ITestAssumeRole.java: Recompile with -Xlint:deprecation for details.
[WARNING] /home/runner/work/ozone/ozone/target/hadoop-src/src/test/java/org/apache/hadoop/fs/s3a/S3ATestUtils.java: Some input files use unchecked or unsafe operations.
[WARNING] /home/runner/work/ozone/ozone/target/hadoop-src/src/test/java/org/apache/hadoop/fs/s3a/S3ATestUtils.java: Recompile with -Xlint:unchecked for details.
[INFO] 
[INFO] --- maven-dependency-plugin:3.0.2:copy-dependencies (copy) @ hadoop-aws ---
[INFO] 
[INFO] --- maven-surefire-plugin:3.0.0-M1:test (default-test) @ hadoop-aws ---
[INFO] 
[INFO] -------------------------------------------------------
[INFO]  T E S T S
[INFO] -------------------------------------------------------
[INFO] Running org.apache.hadoop.fs.contract.s3a.ITestS3AContractRootDir
[INFO] Tests run: 9, Failures: 0, Errors: 0, Skipped: 0, Time elapsed: 4.551 s - in org.apache.hadoop.fs.contract.s3a.ITestS3AContractRootDir
[INFO] Running org.apache.hadoop.fs.contract.s3a.ITestS3AContractSeek
[WARNING] Tests run: 72, Failures: 0, Errors: 0, Skipped: 24, Time elapsed: 21.402 s - in org.apache.hadoop.fs.contract.s3a.ITestS3AContractSeek
[INFO] Running org.apache.hadoop.fs.contract.s3a.ITestS3AContractMultipartUploader
[WARNING] Tests run: 17, Failures: 0, Errors: 0, Skipped: 17, Time elapsed: 4.293 s - in org.apache.hadoop.fs.contract.s3a.ITestS3AContractMultipartUploader
[INFO] Running org.apache.hadoop.fs.contract.s3a.ITestS3AContractGetFileStatus
[INFO] Tests run: 20, Failures: 0, Errors: 0, Skipped: 0, Time elapsed: 10.374 s - in org.apache.hadoop.fs.contract.s3a.ITestS3AContractGetFileStatus
[INFO] Running org.apache.hadoop.fs.contract.s3a.ITestS3AContractVectoredRead
[INFO] Tests run: 46, Failures: 0, Errors: 0, Skipped: 0, Time elapsed: 11.096 s - in org.apache.hadoop.fs.contract.s3a.ITestS3AContractVectoredRead
[INFO] Running org.apache.hadoop.fs.contract.s3a.ITestS3AContractCreate
[WARNING] Tests run: 16, Failures: 0, Errors: 0, Skipped: 4, Time elapsed: 5.98 s - in org.apache.hadoop.fs.contract.s3a.ITestS3AContractCreate
[INFO] Running org.apache.hadoop.fs.contract.s3a.ITestS3AContractUnbuffer
[INFO] Tests run: 6, Failures: 0, Errors: 0, Skipped: 0, Time elapsed: 3.874 s - in org.apache.hadoop.fs.contract.s3a.ITestS3AContractUnbuffer
[INFO] Running org.apache.hadoop.fs.contract.s3a.ITestS3AContractDelete
[INFO] Tests run: 8, Failures: 0, Errors: 0, Skipped: 0, Time elapsed: 4.152 s - in org.apache.hadoop.fs.contract.s3a.ITestS3AContractDelete
[INFO] Running org.apache.hadoop.fs.contract.s3a.ITestS3AContractContentSummary
[INFO] Tests run: 3, Failures: 0, Errors: 0, Skipped: 0, Time elapsed: 3.28 s - in org.apache.hadoop.fs.contract.s3a.ITestS3AContractContentSummary
[INFO] Running org.apache.hadoop.fs.contract.s3a.ITestS3AContractEtag
[WARNING] Tests run: 4, Failures: 0, Errors: 0, Skipped: 1, Time elapsed: 3.143 s - in org.apache.hadoop.fs.contract.s3a.ITestS3AContractEtag
[INFO] Running org.apache.hadoop.fs.contract.s3a.ITestS3AContractOpen
[INFO] Tests run: 21, Failures: 0, Errors: 0, Skipped: 0, Time elapsed: 9.759 s - in org.apache.hadoop.fs.contract.s3a.ITestS3AContractOpen
[INFO] Running org.apache.hadoop.fs.contract.s3a.ITestS3AContractMkdir
[INFO] Tests run: 8, Failures: 0, Errors: 0, Skipped: 0, Time elapsed: 5.694 s - in org.apache.hadoop.fs.contract.s3a.ITestS3AContractMkdir
[INFO] Running org.apache.hadoop.fs.s3a.ITestS3AContractGetFileStatusV1List
[INFO] Tests run: 20, Failures: 0, Errors: 0, Skipped: 0, Time elapsed: 10.359 s - in org.apache.hadoop.fs.s3a.ITestS3AContractGetFileStatusV1List
[INFO] Running org.apache.hadoop.fs.s3a.commit.integration.ITestS3ACommitterMRJob
[INFO] Tests run: 12, Failures: 0, Errors: 0, Skipped: 0, Time elapsed: 92.95 s - in org.apache.hadoop.fs.s3a.commit.integration.ITestS3ACommitterMRJob
[INFO] Running org.apache.hadoop.fs.s3a.statistics.ITestS3AContractStreamIOStatistics
[INFO] Tests run: 5, Failures: 0, Errors: 0, Skipped: 0, Time elapsed: 3.458 s - in org.apache.hadoop.fs.s3a.statistics.ITestS3AContractStreamIOStatistics
[INFO] 
[INFO] Results:
[INFO] 
[WARNING] Tests run: 267, Failures: 0, Errors: 0, Skipped: 46
[INFO] 
[INFO] ------------------------------------------------------------------------
[INFO] BUILD SUCCESS
[INFO] ------------------------------------------------------------------------
[INFO] Total time:  03:46 min
[INFO] Finished at: 2024-11-16T17:44:38Z
[INFO] ------------------------------------------------------------------------
[INFO] 16 goals, 16 executed
renamed 'target/surefire-reports' -> '/home/runner/work/ozone/ozone/hadoop-ozone/dist/target/ozone-2.0.0-SNAPSHOT/compose/ozonesecure-ha/result/junit/fso-bucket/target/surefire-reports'
~/work/ozone/ozone/hadoop-ozone/dist/target/ozone-2.0.0-SNAPSHOT/compose/ozonesecure-ha
mkdir: created directory '/home/runner/work/ozone/ozone/hadoop-ozone/dist/target/ozone-2.0.0-SNAPSHOT/compose/result/ozonesecure-ha'
mkdir: created directory '/home/runner/work/ozone/ozone/hadoop-ozone/dist/target/ozone-2.0.0-SNAPSHOT/compose/result/ozonesecure-ha/s3a'
renamed 'ozonesecure-ha/result/dn-audit-03cfbd189a49.log' -> '/home/runner/work/ozone/ozone/hadoop-ozone/dist/target/ozone-2.0.0-SNAPSHOT/compose/result/ozonesecure-ha/s3a/dn-audit-03cfbd189a49.log'
renamed 'ozonesecure-ha/result/dn-audit-2048afe26aae.log' -> '/home/runner/work/ozone/ozone/hadoop-ozone/dist/target/ozone-2.0.0-SNAPSHOT/compose/result/ozonesecure-ha/s3a/dn-audit-2048afe26aae.log'
renamed 'ozonesecure-ha/result/dn-audit-7995f543b4ef.log' -> '/home/runner/work/ozone/ozone/hadoop-ozone/dist/target/ozone-2.0.0-SNAPSHOT/compose/result/ozonesecure-ha/s3a/dn-audit-7995f543b4ef.log'
renamed 'ozonesecure-ha/result/docker-ozonesecure-ha-datanode1-1.log' -> '/home/runner/work/ozone/ozone/hadoop-ozone/dist/target/ozone-2.0.0-SNAPSHOT/compose/result/ozonesecure-ha/s3a/docker-ozonesecure-ha-datanode1-1.log'
renamed 'ozonesecure-ha/result/docker-ozonesecure-ha-datanode2-1.log' -> '/home/runner/work/ozone/ozone/hadoop-ozone/dist/target/ozone-2.0.0-SNAPSHOT/compose/result/ozonesecure-ha/s3a/docker-ozonesecure-ha-datanode2-1.log'
renamed 'ozonesecure-ha/result/docker-ozonesecure-ha-datanode3-1.log' -> '/home/runner/work/ozone/ozone/hadoop-ozone/dist/target/ozone-2.0.0-SNAPSHOT/compose/result/ozonesecure-ha/s3a/docker-ozonesecure-ha-datanode3-1.log'
renamed 'ozonesecure-ha/result/docker-ozonesecure-ha-httpfs-1.log' -> '/home/runner/work/ozone/ozone/hadoop-ozone/dist/target/ozone-2.0.0-SNAPSHOT/compose/result/ozonesecure-ha/s3a/docker-ozonesecure-ha-httpfs-1.log'
renamed 'ozonesecure-ha/result/docker-ozonesecure-ha-kdc-1.log' -> '/home/runner/work/ozone/ozone/hadoop-ozone/dist/target/ozone-2.0.0-SNAPSHOT/compose/result/ozonesecure-ha/s3a/docker-ozonesecure-ha-kdc-1.log'
renamed 'ozonesecure-ha/result/docker-ozonesecure-ha-kms-1.log' -> '/home/runner/work/ozone/ozone/hadoop-ozone/dist/target/ozone-2.0.0-SNAPSHOT/compose/result/ozonesecure-ha/s3a/docker-ozonesecure-ha-kms-1.log'
renamed 'ozonesecure-ha/result/docker-ozonesecure-ha-om1-1.log' -> '/home/runner/work/ozone/ozone/hadoop-ozone/dist/target/ozone-2.0.0-SNAPSHOT/compose/result/ozonesecure-ha/s3a/docker-ozonesecure-ha-om1-1.log'
renamed 'ozonesecure-ha/result/docker-ozonesecure-ha-om2-1.log' -> '/home/runner/work/ozone/ozone/hadoop-ozone/dist/target/ozone-2.0.0-SNAPSHOT/compose/result/ozonesecure-ha/s3a/docker-ozonesecure-ha-om2-1.log'
renamed 'ozonesecure-ha/result/docker-ozonesecure-ha-om3-1.log' -> '/home/runner/work/ozone/ozone/hadoop-ozone/dist/target/ozone-2.0.0-SNAPSHOT/compose/result/ozonesecure-ha/s3a/docker-ozonesecure-ha-om3-1.log'
renamed 'ozonesecure-ha/result/docker-ozonesecure-ha-recon-1.log' -> '/home/runner/work/ozone/ozone/hadoop-ozone/dist/target/ozone-2.0.0-SNAPSHOT/compose/result/ozonesecure-ha/s3a/docker-ozonesecure-ha-recon-1.log'
renamed 'ozonesecure-ha/result/docker-ozonesecure-ha-s3g-1.log' -> '/home/runner/work/ozone/ozone/hadoop-ozone/dist/target/ozone-2.0.0-SNAPSHOT/compose/result/ozonesecure-ha/s3a/docker-ozonesecure-ha-s3g-1.log'
renamed 'ozonesecure-ha/result/docker-ozonesecure-ha-scm1.org-1.log' -> '/home/runner/work/ozone/ozone/hadoop-ozone/dist/target/ozone-2.0.0-SNAPSHOT/compose/result/ozonesecure-ha/s3a/docker-ozonesecure-ha-scm1.org-1.log'
renamed 'ozonesecure-ha/result/docker-ozonesecure-ha-scm2.org-1.log' -> '/home/runner/work/ozone/ozone/hadoop-ozone/dist/target/ozone-2.0.0-SNAPSHOT/compose/result/ozonesecure-ha/s3a/docker-ozonesecure-ha-scm2.org-1.log'
renamed 'ozonesecure-ha/result/docker-ozonesecure-ha-scm3.org-1.log' -> '/home/runner/work/ozone/ozone/hadoop-ozone/dist/target/ozone-2.0.0-SNAPSHOT/compose/result/ozonesecure-ha/s3a/docker-ozonesecure-ha-scm3.org-1.log'
renamed 'ozonesecure-ha/result/junit' -> '/home/runner/work/ozone/ozone/hadoop-ozone/dist/target/ozone-2.0.0-SNAPSHOT/compose/result/ozonesecure-ha/s3a/junit'
renamed 'ozonesecure-ha/result/kms-audit.log' -> '/home/runner/work/ozone/ozone/hadoop-ozone/dist/target/ozone-2.0.0-SNAPSHOT/compose/result/ozonesecure-ha/s3a/kms-audit.log'
renamed 'ozonesecure-ha/result/om-audit-om1.log' -> '/home/runner/work/ozone/ozone/hadoop-ozone/dist/target/ozone-2.0.0-SNAPSHOT/compose/result/ozonesecure-ha/s3a/om-audit-om1.log'
renamed 'ozonesecure-ha/result/om-audit-om2.log' -> '/home/runner/work/ozone/ozone/hadoop-ozone/dist/target/ozone-2.0.0-SNAPSHOT/compose/result/ozonesecure-ha/s3a/om-audit-om2.log'
renamed 'ozonesecure-ha/result/om-audit-om3.log' -> '/home/runner/work/ozone/ozone/hadoop-ozone/dist/target/ozone-2.0.0-SNAPSHOT/compose/result/ozonesecure-ha/s3a/om-audit-om3.log'
renamed 'ozonesecure-ha/result/om-sys-audit-om1.log' -> '/home/runner/work/ozone/ozone/hadoop-ozone/dist/target/ozone-2.0.0-SNAPSHOT/compose/result/ozonesecure-ha/s3a/om-sys-audit-om1.log'
renamed 'ozonesecure-ha/result/om-sys-audit-om2.log' -> '/home/runner/work/ozone/ozone/hadoop-ozone/dist/target/ozone-2.0.0-SNAPSHOT/compose/result/ozonesecure-ha/s3a/om-sys-audit-om2.log'
renamed 'ozonesecure-ha/result/om-sys-audit-om3.log' -> '/home/runner/work/ozone/ozone/hadoop-ozone/dist/target/ozone-2.0.0-SNAPSHOT/compose/result/ozonesecure-ha/s3a/om-sys-audit-om3.log'
renamed 'ozonesecure-ha/result/s3g-audit-s3g.log' -> '/home/runner/work/ozone/ozone/hadoop-ozone/dist/target/ozone-2.0.0-SNAPSHOT/compose/result/ozonesecure-ha/s3a/s3g-audit-s3g.log'
renamed 'ozonesecure-ha/result/scm-audit-scm1.org.log' -> '/home/runner/work/ozone/ozone/hadoop-ozone/dist/target/ozone-2.0.0-SNAPSHOT/compose/result/ozonesecure-ha/s3a/scm-audit-scm1.org.log'
renamed 'ozonesecure-ha/result/scm-audit-scm2.org.log' -> '/home/runner/work/ozone/ozone/hadoop-ozone/dist/target/ozone-2.0.0-SNAPSHOT/compose/result/ozonesecure-ha/s3a/scm-audit-scm2.org.log'
renamed 'ozonesecure-ha/result/scm-audit-scm3.org.log' -> '/home/runner/work/ozone/ozone/hadoop-ozone/dist/target/ozone-2.0.0-SNAPSHOT/compose/result/ozonesecure-ha/s3a/scm-audit-scm3.org.log'
