[INFO] Scanning for projects...
[INFO] ------------------------------------------------------------------------
[INFO] Detecting the operating system and CPU architecture
[INFO] ------------------------------------------------------------------------
[INFO] os.detected.name: linux
[INFO] os.detected.arch: x86_64
[INFO] os.detected.version: 5.4
[INFO] os.detected.version.major: 5
[INFO] os.detected.version.minor: 4
[INFO] os.detected.release: centos
[INFO] os.detected.release.version: 7
[INFO] os.detected.release.like.centos: true
[INFO] os.detected.release.like.rhel: true
[INFO] os.detected.release.like.fedora: true
[INFO] os.detected.classifier: linux-x86_64
[INFO] ------------------------------------------------------------------------
[INFO] Reactor Build Order:
[INFO] 
[INFO] Apache Hadoop Ozone Integration Tests                              [jar]
[INFO] Apache Hadoop Ozone Mini Ozone Chaos Tests                         [jar]
[INFO] 
[INFO] ----------< org.apache.hadoop:hadoop-ozone-integration-test >-----------
[INFO] Building Apache Hadoop Ozone Integration Tests 1.1.0-SNAPSHOT      [1/2]
[INFO] --------------------------------[ jar ]---------------------------------
[INFO] 
[INFO] --- maven-antrun-plugin:1.3:run (create-testdirs) @ hadoop-ozone-integration-test ---
[INFO] Executing tasks
[INFO] Executed tasks
[INFO] 
[INFO] --- jacoco-maven-plugin:0.8.5:prepare-agent (default-prepare-agent) @ hadoop-ozone-integration-test ---
[INFO] argLine set to -javaagent:/home/user/.m2/repository/org/jacoco/org.jacoco.agent/0.8.5/org.jacoco.agent-0.8.5-runtime.jar=destfile=/github/workspace/mnt/ozone/hadoop-ozone/integration-test/target/jacoco.exec,includes=org.apache.hadoop.hdds.*:org.apache.hadoop.ozone.*:org.apache.hadoop.fs.ozone.*
[INFO] 
[INFO] --- maven-remote-resources-plugin:1.5:process (default) @ hadoop-ozone-integration-test ---
[INFO] 
[INFO] --- maven-resources-plugin:3.1.0:resources (default-resources) @ hadoop-ozone-integration-test ---
[INFO] Using 'UTF-8' encoding to copy filtered resources.
[INFO] skip non existing resourceDirectory /github/workspace/mnt/ozone/hadoop-ozone/integration-test/src/main/resources
[INFO] Copying 2 resources
[INFO] 
[INFO] --- maven-compiler-plugin:3.1:compile (default-compile) @ hadoop-ozone-integration-test ---
[INFO] No sources to compile
[INFO] 
[INFO] --- maven-resources-plugin:3.1.0:testResources (default-testResources) @ hadoop-ozone-integration-test ---
[INFO] Using 'UTF-8' encoding to copy filtered resources.
[INFO] Copying 21 resources
[INFO] Copying 2 resources
[INFO] 
[INFO] --- maven-compiler-plugin:3.1:testCompile (default-testCompile) @ hadoop-ozone-integration-test ---
[INFO] Compiling 10 source files to /github/workspace/mnt/ozone/hadoop-ozone/integration-test/target/test-classes
[INFO] 
[INFO] --- maven-surefire-plugin:3.0.0-M1:test (default-test) @ hadoop-ozone-integration-test ---
[INFO] Downloading from central: https://repo.maven.apache.org/maven2/org/apache/maven/surefire/surefire-junit4/3.0.0-M1/surefire-junit4-3.0.0-M1.jar
[INFO] Downloaded from central: https://repo.maven.apache.org/maven2/org/apache/maven/surefire/surefire-junit4/3.0.0-M1/surefire-junit4-3.0.0-M1.jar (17 kB at 57 kB/s)
[INFO] Downloading from central: https://repo.maven.apache.org/maven2/org/apache/maven/surefire/surefire-junit4/3.0.0-M1/surefire-junit4-3.0.0-M1.pom
[INFO] Downloaded from central: https://repo.maven.apache.org/maven2/org/apache/maven/surefire/surefire-junit4/3.0.0-M1/surefire-junit4-3.0.0-M1.pom (1.7 kB at 125 kB/s)
[INFO] Downloading from central: https://repo.maven.apache.org/maven2/org/apache/maven/surefire/surefire-providers/3.0.0-M1/surefire-providers-3.0.0-M1.pom
[INFO] Downloaded from central: https://repo.maven.apache.org/maven2/org/apache/maven/surefire/surefire-providers/3.0.0-M1/surefire-providers-3.0.0-M1.pom (2.5 kB at 211 kB/s)
[INFO] Downloading from central: https://repo.maven.apache.org/maven2/org/apache/maven/surefire/common-junit4/3.0.0-M1/common-junit4-3.0.0-M1.pom
[INFO] Downloaded from central: https://repo.maven.apache.org/maven2/org/apache/maven/surefire/common-junit4/3.0.0-M1/common-junit4-3.0.0-M1.pom (2.1 kB at 76 kB/s)
[INFO] Downloading from central: https://repo.maven.apache.org/maven2/org/apache/maven/surefire/common-junit3/3.0.0-M1/common-junit3-3.0.0-M1.pom
[INFO] Downloaded from central: https://repo.maven.apache.org/maven2/org/apache/maven/surefire/common-junit3/3.0.0-M1/common-junit3-3.0.0-M1.pom (1.6 kB at 144 kB/s)
[INFO] Downloading from central: https://repo.maven.apache.org/maven2/org/apache/maven/surefire/common-java5/3.0.0-M1/common-java5-3.0.0-M1.pom
[INFO] Downloaded from central: https://repo.maven.apache.org/maven2/org/apache/maven/surefire/common-java5/3.0.0-M1/common-java5-3.0.0-M1.pom (3.1 kB at 219 kB/s)
[INFO] Downloading from central: https://repo.maven.apache.org/maven2/org/apache/maven/surefire/common-junit3/3.0.0-M1/common-junit3-3.0.0-M1.jar
[INFO] Downloading from central: https://repo.maven.apache.org/maven2/org/apache/maven/surefire/common-java5/3.0.0-M1/common-java5-3.0.0-M1.jar
[INFO] Downloading from central: https://repo.maven.apache.org/maven2/org/apache/maven/surefire/common-junit4/3.0.0-M1/common-junit4-3.0.0-M1.jar
[INFO] Downloaded from central: https://repo.maven.apache.org/maven2/org/apache/maven/surefire/common-java5/3.0.0-M1/common-java5-3.0.0-M1.jar (32 kB at 1.0 MB/s)
[INFO] Downloaded from central: https://repo.maven.apache.org/maven2/org/apache/maven/surefire/common-junit4/3.0.0-M1/common-junit4-3.0.0-M1.jar (28 kB at 673 kB/s)
[INFO] Downloaded from central: https://repo.maven.apache.org/maven2/org/apache/maven/surefire/common-junit3/3.0.0-M1/common-junit3-3.0.0-M1.jar (12 kB at 306 kB/s)
[INFO] 
[INFO] -------------------------------------------------------
[INFO]  T E S T S
[INFO] -------------------------------------------------------
[INFO] Running org.apache.hadoop.ozone.client.rpc.TestOzoneAtRestEncryption
[WARNING] Tests run: 1, Failures: 0, Errors: 0, Skipped: 1, Time elapsed: 0.042 s - in org.apache.hadoop.ozone.client.rpc.TestOzoneAtRestEncryption
[INFO] Running org.apache.hadoop.ozone.client.rpc.TestFailureHandlingByClient
[WARNING] Tests run: 5, Failures: 0, Errors: 0, Skipped: 1, Time elapsed: 269.954 s - in org.apache.hadoop.ozone.client.rpc.TestFailureHandlingByClient
[INFO] Running org.apache.hadoop.ozone.client.rpc.TestContainerReplicationEndToEnd
[INFO] Tests run: 1, Failures: 0, Errors: 0, Skipped: 0, Time elapsed: 75.889 s - in org.apache.hadoop.ozone.client.rpc.TestContainerReplicationEndToEnd
[INFO] Running org.apache.hadoop.ozone.client.rpc.TestDeleteWithSlowFollower
[INFO] Tests run: 1, Failures: 0, Errors: 0, Skipped: 0, Time elapsed: 149.872 s - in org.apache.hadoop.ozone.client.rpc.TestDeleteWithSlowFollower
[INFO] Running org.apache.hadoop.ozone.client.rpc.TestOzoneClientRetriesOnExceptionFlushDelay
[INFO] Tests run: 1, Failures: 0, Errors: 0, Skipped: 0, Time elapsed: 48.514 s - in org.apache.hadoop.ozone.client.rpc.TestOzoneClientRetriesOnExceptionFlushDelay
[INFO] Running org.apache.hadoop.ozone.client.rpc.TestContainerStateMachine
[INFO] Tests run: 2, Failures: 0, Errors: 0, Skipped: 0, Time elapsed: 139.621 s - in org.apache.hadoop.ozone.client.rpc.TestContainerStateMachine
[INFO] Running org.apache.hadoop.ozone.client.rpc.TestBlockOutputStreamWithFailuresFlushDelay
[INFO] Tests run: 8, Failures: 0, Errors: 0, Skipped: 0, Time elapsed: 443.681 s - in org.apache.hadoop.ozone.client.rpc.TestBlockOutputStreamWithFailuresFlushDelay
[INFO] Running org.apache.hadoop.ozone.client.rpc.TestContainerStateMachineFailureOnRead
[WARNING] Tests run: 1, Failures: 0, Errors: 0, Skipped: 1, Time elapsed: 0.029 s - in org.apache.hadoop.ozone.client.rpc.TestContainerStateMachineFailureOnRead
[INFO] Running org.apache.hadoop.ozone.client.rpc.TestFailureHandlingByClientFlushDelay
[INFO] Tests run: 1, Failures: 0, Errors: 0, Skipped: 0, Time elapsed: 110.54 s - in org.apache.hadoop.ozone.client.rpc.TestFailureHandlingByClientFlushDelay
[INFO] Running org.apache.hadoop.ozone.client.rpc.TestCommitWatcher
[INFO] Tests run: 2, Failures: 0, Errors: 0, Skipped: 0, Time elapsed: 107.601 s - in org.apache.hadoop.ozone.client.rpc.TestCommitWatcher
[INFO] Running org.apache.hadoop.ozone.client.rpc.TestWatchForCommit
[INFO] Tests run: 4, Failures: 0, Errors: 0, Skipped: 0, Time elapsed: 208.876 s - in org.apache.hadoop.ozone.client.rpc.TestWatchForCommit
[INFO] Running org.apache.hadoop.ozone.client.rpc.TestMultiBlockWritesWithDnFailures
[INFO] Tests run: 2, Failures: 0, Errors: 0, Skipped: 0, Time elapsed: 117.433 s - in org.apache.hadoop.ozone.client.rpc.TestMultiBlockWritesWithDnFailures
[INFO] Running org.apache.hadoop.ozone.client.rpc.TestDiscardPreallocatedBlocks
[INFO] Tests run: 1, Failures: 0, Errors: 0, Skipped: 0, Time elapsed: 33.098 s - in org.apache.hadoop.ozone.client.rpc.TestDiscardPreallocatedBlocks
[INFO] Running org.apache.hadoop.ozone.client.rpc.TestBlockOutputStreamFlushDelay
[INFO] Tests run: 6, Failures: 0, Errors: 0, Skipped: 0, Time elapsed: 42.198 s - in org.apache.hadoop.ozone.client.rpc.TestBlockOutputStreamFlushDelay
[INFO] Running org.apache.hadoop.ozone.client.rpc.TestOzoneRpcClientWithRatis
[INFO] Tests run: 80, Failures: 0, Errors: 0, Skipped: 0, Time elapsed: 58.838 s - in org.apache.hadoop.ozone.client.rpc.TestOzoneRpcClientWithRatis
[INFO] Running org.apache.hadoop.ozone.client.rpc.TestBCSID
[INFO] Tests run: 1, Failures: 0, Errors: 0, Skipped: 0, Time elapsed: 40.919 s - in org.apache.hadoop.ozone.client.rpc.TestBCSID
[INFO] Running org.apache.hadoop.ozone.client.rpc.TestBlockOutputStreamWithFailures
[INFO] Tests run: 8, Failures: 0, Errors: 0, Skipped: 0, Time elapsed: 453.492 s - in org.apache.hadoop.ozone.client.rpc.TestBlockOutputStreamWithFailures
[INFO] Running org.apache.hadoop.ozone.client.rpc.TestOzoneRpcClientForAclAuditLog
[WARNING] Tests run: 1, Failures: 0, Errors: 0, Skipped: 1, Time elapsed: 0.045 s - in org.apache.hadoop.ozone.client.rpc.TestOzoneRpcClientForAclAuditLog
[INFO] Running org.apache.hadoop.ozone.client.rpc.Test2WayCommitInRatis
[INFO] Tests run: 1, Failures: 0, Errors: 0, Skipped: 0, Time elapsed: 40.47 s - in org.apache.hadoop.ozone.client.rpc.Test2WayCommitInRatis
[INFO] Running org.apache.hadoop.ozone.client.rpc.TestReadRetries
[INFO] Tests run: 1, Failures: 0, Errors: 0, Skipped: 0, Time elapsed: 35.821 s - in org.apache.hadoop.ozone.client.rpc.TestReadRetries
[INFO] Running org.apache.hadoop.ozone.client.rpc.TestOzoneClientRetriesOnException
[INFO] Tests run: 2, Failures: 0, Errors: 0, Skipped: 0, Time elapsed: 92.474 s - in org.apache.hadoop.ozone.client.rpc.TestOzoneClientRetriesOnException
[INFO] Running org.apache.hadoop.ozone.client.rpc.TestOzoneRpcClient
[INFO] Tests run: 79, Failures: 0, Errors: 0, Skipped: 0, Time elapsed: 45.718 s - in org.apache.hadoop.ozone.client.rpc.TestOzoneRpcClient
[INFO] Running org.apache.hadoop.ozone.client.rpc.TestSecureOzoneRpcClient
[WARNING] Tests run: 81, Failures: 0, Errors: 0, Skipped: 1, Time elapsed: 59.586 s - in org.apache.hadoop.ozone.client.rpc.TestSecureOzoneRpcClient
[INFO] Running org.apache.hadoop.ozone.client.rpc.TestValidateBCSIDOnRestart
[INFO] Tests run: 1, Failures: 0, Errors: 0, Skipped: 0, Time elapsed: 33.58 s - in org.apache.hadoop.ozone.client.rpc.TestValidateBCSIDOnRestart
[INFO] Running org.apache.hadoop.ozone.client.rpc.TestKeyInputStream
[INFO] Tests run: 12, Failures: 0, Errors: 0, Skipped: 0, Time elapsed: 477.102 s - in org.apache.hadoop.ozone.client.rpc.TestKeyInputStream
[INFO] Running org.apache.hadoop.ozone.client.rpc.TestContainerStateMachineFlushDelay
[INFO] Tests run: 1, Failures: 0, Errors: 0, Skipped: 0, Time elapsed: 114.113 s - in org.apache.hadoop.ozone.client.rpc.TestContainerStateMachineFlushDelay
[INFO] Running org.apache.hadoop.ozone.client.rpc.TestHybridPipelineOnDatanode
[INFO] Tests run: 1, Failures: 0, Errors: 0, Skipped: 0, Time elapsed: 30.562 s - in org.apache.hadoop.ozone.client.rpc.TestHybridPipelineOnDatanode
[INFO] Running org.apache.hadoop.ozone.client.rpc.TestCloseContainerHandlingByClient
[ERROR] Tests run: 7, Failures: 0, Errors: 1, Skipped: 0, Time elapsed: 204.949 s <<< FAILURE! - in org.apache.hadoop.ozone.client.rpc.TestCloseContainerHandlingByClient
[ERROR] testMultiBlockWrites3(org.apache.hadoop.ozone.client.rpc.TestCloseContainerHandlingByClient)  Time elapsed: 148.475 s  <<< ERROR!
java.io.IOException: java.io.IOException: java.io.IOException: INTERNAL_ERROR org.apache.hadoop.ozone.om.exceptions.OMException: Allocated 0 blocks. Requested 1 blocks
	at org.apache.hadoop.ozone.client.io.KeyOutputStream.handleWrite(KeyOutputStream.java:244)
	at org.apache.hadoop.ozone.client.io.KeyOutputStream.write(KeyOutputStream.java:214)
	at org.apache.hadoop.ozone.client.io.OzoneOutputStream.write(OzoneOutputStream.java:49)
	at java.io.OutputStream.write(OutputStream.java:75)
	at org.apache.hadoop.ozone.client.rpc.TestCloseContainerHandlingByClient.testMultiBlockWrites3(TestCloseContainerHandlingByClient.java:309)
	at sun.reflect.NativeMethodAccessorImpl.invoke0(Native Method)
	at sun.reflect.NativeMethodAccessorImpl.invoke(NativeMethodAccessorImpl.java:62)
	at sun.reflect.DelegatingMethodAccessorImpl.invoke(DelegatingMethodAccessorImpl.java:43)
	at java.lang.reflect.Method.invoke(Method.java:498)
	at org.junit.runners.model.FrameworkMethod$1.runReflectiveCall(FrameworkMethod.java:47)
	at org.junit.internal.runners.model.ReflectiveCallable.run(ReflectiveCallable.java:12)
	at org.junit.runners.model.FrameworkMethod.invokeExplosively(FrameworkMethod.java:44)
	at org.junit.internal.runners.statements.InvokeMethod.evaluate(InvokeMethod.java:17)
	at org.junit.internal.runners.statements.FailOnTimeout$StatementThread.run(FailOnTimeout.java:74)
Caused by: java.io.IOException: java.io.IOException: INTERNAL_ERROR org.apache.hadoop.ozone.om.exceptions.OMException: Allocated 0 blocks. Requested 1 blocks
	at org.apache.hadoop.ozone.client.io.KeyOutputStream.handleWrite(KeyOutputStream.java:244)
	at org.apache.hadoop.ozone.client.io.KeyOutputStream.handleRetry(KeyOutputStream.java:417)
	at org.apache.hadoop.ozone.client.io.KeyOutputStream.handleException(KeyOutputStream.java:362)
	at org.apache.hadoop.ozone.client.io.KeyOutputStream.writeToOutputStream(KeyOutputStream.java:276)
	at org.apache.hadoop.ozone.client.io.KeyOutputStream.handleWrite(KeyOutputStream.java:234)
	... 13 more
Caused by: java.io.IOException: INTERNAL_ERROR org.apache.hadoop.ozone.om.exceptions.OMException: Allocated 0 blocks. Requested 1 blocks
	at org.apache.hadoop.ozone.client.io.KeyOutputStream.handleWrite(KeyOutputStream.java:244)
	at org.apache.hadoop.ozone.client.io.KeyOutputStream.handleRetry(KeyOutputStream.java:417)
	at org.apache.hadoop.ozone.client.io.KeyOutputStream.handleException(KeyOutputStream.java:362)
	at org.apache.hadoop.ozone.client.io.KeyOutputStream.writeToOutputStream(KeyOutputStream.java:276)
	at org.apache.hadoop.ozone.client.io.KeyOutputStream.handleWrite(KeyOutputStream.java:234)
	... 17 more
Caused by: INTERNAL_ERROR org.apache.hadoop.ozone.om.exceptions.OMException: Allocated 0 blocks. Requested 1 blocks
	at org.apache.hadoop.ozone.om.protocolPB.OzoneManagerProtocolClientSideTranslatorPB.handleError(OzoneManagerProtocolClientSideTranslatorPB.java:602)
	at org.apache.hadoop.ozone.om.protocolPB.OzoneManagerProtocolClientSideTranslatorPB.allocateBlock(OzoneManagerProtocolClientSideTranslatorPB.java:634)
	at org.apache.hadoop.ozone.client.io.BlockOutputStreamEntryPool.allocateNewBlock(BlockOutputStreamEntryPool.java:244)
	at org.apache.hadoop.ozone.client.io.BlockOutputStreamEntryPool.allocateBlockIfNeeded(BlockOutputStreamEntryPool.java:290)
	at org.apache.hadoop.ozone.client.io.KeyOutputStream.handleWrite(KeyOutputStream.java:223)
	... 21 more

[WARNING] ForkStarter IOException: java.io.IOException: No space left on device
java.io.IOException: No space left on device
java.io.IOException: No space left on device
java.io.IOException: No space left on device
java.io.IOException: No space left on device
java.io.IOException: No space left on device
java.io.IOException: No space left on device
java.io.IOException: No space left on device
java.io.IOException: No space left on device
java.io.IOException: No space left on device
java.io.IOException: No space left on device
java.io.IOException: No space left on device
java.io.IOException: No space left on device
java.io.IOException: No space left on device
java.io.IOException: No space left on device
java.io.IOException: No space left on device
java.io.IOException: No space left on device
java.io.IOException: No space left on device
java.io.IOException: No space left on device
java.io.IOException: No space left on device
java.io.IOException: No space left on device
java.io.IOException: No space left on device
java.io.IOException: No space left on device
java.io.IOException: No space left on device
java.io.IOException: No space left on device
java.io.IOException: No space left on device
java.io.IOException: No space left on device
java.io.IOException: No space left on device
java.io.IOException: No space left on device
java.io.IOException: No space left on device
java.io.IOException: No space left on device
java.io.IOException: No space left on device
java.io.IOException: No space left on device
java.io.IOException: No space left on device
java.io.IOException: No space left on device
java.io.IOException: No space left on device
java.io.IOException: No space left on device
java.io.IOException: No space left on device
java.io.IOException: No space left on device
java.io.IOException: No space left on device
java.io.IOException: No space left on device
java.io.IOException: No space left on device
java.io.IOException: No space left on device
java.io.IOException: No space left on device
java.io.IOException: No space left on device
java.io.IOException: No space left on device
java.io.IOException: No space left on device
java.io.IOException: No space left on device
java.io.IOException: No space left on device
java.io.IOException: No space left on device
java.io.IOException: No space left on device
java.io.IOException: No space left on device
java.io.IOException: No space left on device
java.io.IOException: No space left on device
java.io.IOException: No space left on device
java.io.IOException: No space left on device
java.io.IOException: No space left on device
java.io.IOException: No space left on device
java.io.IOException: No space left on device
java.io.IOException: No space left on device
java.io.IOException: No space left on device
java.io.IOException: No space left on device
java.io.IOException: No space left on device
java.io.IOException: No space left on device
java.io.IOException: No space left on device
java.io.IOException: No space left on device
java.io.IOException: No space left on device
java.io.IOException: No space left on device
java.io.IOException: No space left on device
java.io.IOException: No space left on device
java.io.IOException: No space left on device
java.io.IOException: No space left on device
java.io.IOException: No space left on device
java.io.IOException: No space left on device
java.io.IOException: No space left on device
java.io.IOException: No space left on device
java.io.IOException: No space left on device
java.io.IOException: No space left on device
java.io.IOException: No space left on device
java.io.IOException: No space left on device
java.io.IOException: No space left on device
java.io.IOException: No space left on device
java.io.IOException: No space left on device
java.io.IOException: No space left on device
java.io.IOException: No space left on device
java.io.IOException: No space left on device
java.io.IOException: No space left on device
java.io.IOException: No space left on device
java.io.IOException: No space left on device
java.io.IOException: No space left on device
java.io.IOException: No space left on device
java.io.IOException: No space left on device
java.io.IOException: No space left on device
java.io.IOException: No space left on device
java.io.IOException: No space left on device
java.io.IOException: No space left on device
java.io.IOException: No space left on device
java.io.IOException: No space left on device
java.io.IOException: No space left on device
java.io.IOException: No space left on device
java.io.IOException: No space left on device
java.io.IOException: No space left on device
java.io.IOException: No space left on device
java.io.IOException: No space left on device
java.io.IOException: No space left on device
java.io.IOException: No space left on device
java.io.IOException: No space left on device
java.io.IOException: No space left on device
java.io.IOException: No space left on device
java.io.IOException: No space left on device
java.io.IOException: No space left on device
java.io.IOException: No space left on device
java.io.IOException: No space left on device
java.io.IOException: No space left on device
java.io.IOException: No space left on device
java.io.IOException: No space left on device
java.io.IOException: No space left on device
java.io.IOException: No space left on device
java.io.IOException: No space left on device
java.io.IOException: No space left on device
java.io.IOException: No space left on device
java.io.IOException: No space left on device
java.io.IOException: No space left on device
java.io.IOException: No space left on device
java.io.IOException: No space left on device
java.io.IOException: No space left on device
java.io.IOException: No space left on device
java.io.IOException: No space left on device
java.io.IOException: No space left on device
java.io.IOException: No space left on device
java.io.IOException: No space left on device
java.io.IOException: No space left on device
java.io.IOException: No space left on device
java.io.IOException: No space left on device
java.io.IOException: No space left on device
java.io.IOException: No space left on device
java.io.IOException: No space left on device
java.io.IOException: No space left on device
java.io.IOException: No space left on device
java.io.IOException: No space left on device
java.io.IOException: No space left on device
java.io.IOException: No space left on device
java.io.IOException: No space left on device
java.io.IOException: No space left on device
java.io.IOException: No space left on device
java.io.IOException: No space left on device
java.io.IOException: No space left on device
java.io.IOException: No space left on device
java.io.IOException: No space left on device
java.io.IOException: No space left on device
java.io.IOException: No space left on device
java.io.IOException: No space left on device
java.io.IOException: No space left on device
java.io.IOException: No space left on device
java.io.IOException: No space left on device
java.io.IOException: No space left on device
java.io.IOException: No space left on device
java.io.IOException: No space left on device
java.io.IOException: No space left on device
java.io.IOException: No space left on device
java.io.IOException: No space left on device
java.io.IOException: No space left on device
java.io.IOException: No space left on device
java.io.IOException: No space left on device
java.io.IOException: No space left on device
java.io.IOException: No space left on device
java.io.IOException: No space left on device
java.io.IOException: No space left on device
java.io.IOException: No space left on device
java.io.IOException: No space left on device
java.io.IOException: No space left on device
java.io.IOException: No space left on device
java.io.IOException: No space left on device
java.io.IOException: No space left on device
java.io.IOException: No space left on device
java.io.IOException: No space left on device
java.io.IOException: No space left on device
java.io.IOException: No space left on device
java.io.IOException: No space left on device
java.io.IOException: No space left on device
java.io.IOException: No space left on device
java.io.IOException: No space left on device
java.io.IOException: No space left on device
java.io.IOException: No space left on device
java.io.IOException: No space left on device
java.io.IOException: No space left on device
java.io.IOException: No space left on device
java.io.IOException: No space left on device
java.io.IOException: No space left on device
java.io.IOException: No space left on device
java.io.IOException: No space left on device
java.io.IOException: No space left on device
java.io.IOException: No space left on device
java.io.IOException: No space left on device
java.io.IOException: No space left on device
java.io.IOException: No space left on device
java.io.IOException: No space left on device
java.io.IOException: No space left on device
java.io.IOException: No space left on device
java.io.IOException: No space left on device
java.io.IOException: No space left on device
java.io.IOException: No space left on device
java.io.IOException: No space left on device
java.io.IOException: No space left on device
java.io.IOException: No space left on device
java.io.IOException: No space left on device
java.io.IOException: No space left on device
java.io.IOException: No space left on device
java.io.IOException: No space left on device
java.io.IOException: No space left on device
java.io.IOException: No space left on device
java.io.IOException: No space left on device
java.io.IOException: No space left on device
java.io.IOException: No space left on device
java.io.IOException: No space left on device
java.io.IOException: No space left on device
java.io.IOException: No space left on device
java.io.IOException: No space left on device
java.io.IOException: No space left on device
java.io.IOException: No space left on device
java.io.IOException: No space left on device
java.io.IOException: No space left on device
java.io.IOException: No space left on device
java.io.IOException: No space left on device
java.io.IOException: No space left on device
java.io.IOException: No space left on device
java.io.IOException: No space left on device
java.io.IOException: No space left on device
java.io.IOException: No space left on device
java.io.IOException: No space left on device
java.io.IOException: No space left on device
java.io.IOException: No space left on device
java.io.IOException: No space left on device
java.io.IOException: No space left on device
java.io.IOException: No space left on device
java.io.IOException: No space left on device
java.io.IOException: No space left on device
java.io.IOException: No space left on device
java.io.IOException: No space left on device
java.io.IOException: No space left on device
java.io.IOException: No space left on device
java.io.IOException: No space left on device
java.io.IOException: No space left on device
java.io.IOException: No space left on device
java.io.IOException: No space left on device
java.io.IOException: No space left on device
java.io.IOException: No space left on device
java.io.IOException: No space left on device
java.io.IOException: No space left on device
java.io.IOException: No space left on device
java.io.IOException: No space left on device
java.io.IOException: No space left on device
java.io.IOException: No space left on device
java.io.IOException: No space left on device
java.io.IOException: No space left on device
java.io.IOException: No space left on device
java.io.IOException: No space left on device
java.io.IOException: No space left on device
java.io.IOException: No space left on device
java.io.IOException: No space left on device
java.io.IOException: No space left on device
java.io.IOException: No space left on device
java.io.IOException: No space left on device
java.io.IOException: No space left on device
java.io.IOException: No space left on device
java.io.IOException: No space left on device
java.io.IOException: No space left on device
java.io.IOException: No space left on device
java.io.IOException: No space left on device
java.io.IOException: No space left on device
java.io.IOException: No space left on device
java.io.IOException: No space left on device
java.io.IOException: No space left on device
java.io.IOException: No space left on device
java.io.IOException: No space left on device
java.io.IOException: No space left on device
java.io.IOException: No space left on device
java.io.IOException: No space left on device
java.io.IOException: No space left on device
java.io.IOException: No space left on device
java.io.IOException: No space left on device
java.io.IOException: No space left on device
java.io.IOException: No space left on device
java.io.IOException: No space left on device
java.io.IOException: No space left on device
java.io.IOException: No space left on device
java.io.IOException: No space left on device
java.io.IOException: No space left on device
java.io.IOException: No space left on device
java.io.IOException: No space left on device
java.io.IOException: No space left on device
java.io.IOException: No space left on device
java.io.IOException: No space left on device
java.io.IOException: No space left on device
java.io.IOException: No space left on device
java.io.IOException: No space left on device
java.io.IOException: No space left on device
java.io.IOException: No space left on device
java.io.IOException: No space left on device
java.io.IOException: No space left on device
java.io.IOException: No space left on device
java.io.IOException: No space left on device
java.io.IOException: No space left on device
java.io.IOException: No space left on device
java.io.IOException: No space left on device
java.io.IOException: No space left on device
java.io.IOException: No space left on device
java.io.IOException: No space left on device
java.io.IOException: No space left on device
java.io.IOException: No space left on device
java.io.IOException: No space left on device
java.io.IOException: No space left on device
java.io.IOException: No space left on device
java.io.IOException: No space left on device
java.io.IOException: No space left on device
java.io.IOException: No space left on device
java.io.IOException: No space left on device
java.io.IOException: No space left on device
java.io.IOException: No space left on device
java.io.IOException: No space left on device
java.io.IOException: No space left on device
java.io.IOException: No space left on device
java.io.IOException: No space left on device
java.io.IOException: No space left on device
java.io.IOException: No space left on device
java.io.IOException: No space left on device
java.io.IOException: No space left on device
java.io.IOException: No space left on device
java.io.IOException: No space left on device
java.io.IOException: No space left on device
java.io.IOException: No space left on device
java.io.IOException: No space left on device
java.io.IOException: No space left on device
java.io.IOException: No space left on device
java.io.IOException: No space left on device
java.io.IOException: No space left on device
java.io.IOException: No space left on device
java.io.IOException: No space left on device
java.io.IOException: No space left on device
java.io.IOException: No space left on device
java.io.IOException: No space left on device
java.io.IOException: No space left on device
java.io.IOException: No space left on device
java.io.IOException: No space left on device
java.io.IOException: No space left on device
java.io.IOException: No space left on device
java.io.IOException: No space left on device
java.io.IOException: No space left on device
java.io.IOException: No space left on device
java.io.IOException: No space left on device
java.io.IOException: No space left on device
java.io.IOException: No space left on device
java.io.IOException: No space left on device
java.io.IOException: No space left on device
java.io.IOException: No space left on device
java.io.IOException: No space left on device
java.io.IOException: No space left on device
java.io.IOException: No space left on device
java.io.IOException: No space left on device
java.io.IOException: No space left on device
java.io.IOException: No space left on device
java.io.IOException: No space left on device
java.io.IOException: No space left on device
java.io.IOException: No space left on device
java.io.IOException: No space left on device
java.io.IOException: No space left on device
java.io.IOException: No space left on device
java.io.IOException: No space left on device
java.io.IOException: No space left on device
java.io.IOException: No space left on device
java.io.IOException: No space left on device
java.io.IOException: No space left on device
java.io.IOException: No space left on device
java.io.IOException: No space left on device
java.io.IOException: No space left on device
java.io.IOException: No space left on device
java.io.IOException: No space left on device
java.io.IOException: No space left on device
java.io.IOException: No space left on device
java.io.IOException: No space left on device
java.io.IOException: No space left on device
java.io.IOException: No space left on device
java.io.IOException: No space left on device
java.io.IOException: No space left on device
java.io.IOException: No space left on device
java.io.IOException: No space left on device
java.io.IOException: No space left on device
java.io.IOException: No space left on device
java.io.IOException: No space left on device
java.io.IOException: No space left on device
java.io.IOException: No space left on device
java.io.IOException: No space left on device
java.io.IOException: No space left on device
java.io.IOException: No space left on device
java.io.IOException: No space left on device
java.io.IOException: No space left on device
java.io.IOException: No space left on device
java.io.IOException: No space left on device
java.io.IOException: No space left on device
java.io.IOException: No space left on device
java.io.IOException: No space left on device
java.io.IOException: No space left on device
java.io.IOException: No space left on device
java.io.IOException: No space left on device
java.io.IOException: No space left on device
java.io.IOException: No space left on device
java.io.IOException: No space left on device
java.io.IOException: No space left on device
java.io.IOException: No space left on device
java.io.IOException: No space left on device
java.io.IOException: No space left on device
java.io.IOException: No space left on device
java.io.IOException: No space left on device
java.io.IOException: No space left on device
java.io.IOException: No space left on device
java.io.IOException: No space left on device
java.io.IOException: No space left on device
java.io.IOException: No space left on device
java.io.IOException: No space left on device
java.io.IOException: No space left on device
java.io.IOException: No space left on device
java.io.IOException: No space left on device
java.io.IOException: No space left on device
java.io.IOException: No space left on device
java.io.IOException: No space left on device
java.io.IOException: No space left on device
java.io.IOException: No space left on device
java.io.IOException: No space left on device
java.io.IOException: No space left on device
java.io.IOException: No space left on device
java.io.IOException: No space left on device
java.io.IOException: No space left on device
java.io.IOException: No space left on device
java.io.IOException: No space left on device
java.io.IOException: No space left on device
java.io.IOException: No space left on device
java.io.IOException: No space left on device
java.io.IOException: No space left on device
java.io.IOException: No space left on device
java.io.IOException: No space left on device
java.io.IOException: No space left on device
java.io.IOException: No space left on device
java.io.IOException: No space left on device
java.io.IOException: No space left on device
java.io.IOException: No space left on device
java.io.IOException: No space left on device
java.io.IOException: No space left on device
java.io.IOException: No space left on device
java.io.IOException: No space left on device
java.io.IOException: No space left on device
java.io.IOException: No space left on device
java.io.IOException: No space left on device
java.io.IOException: No space left on device
java.io.IOException: No space left on device
java.io.IOException: No space left on device
java.io.IOException: No space left on device
java.io.IOException: No space left on device
java.io.IOException: No space left on device
java.io.IOException: No space left on device
java.io.IOException: No space left on device
java.io.IOException: No space left on device
java.io.IOException: No space left on device
java.io.IOException: No space left on device
java.io.IOException: No space left on device
java.io.IOException: No space left on device
java.io.IOException: No space left on device
java.io.IOException: No space left on device
java.io.IOException: No space left on device
java.io.IOException: No space left on device
java.io.IOException: No space left on device
java.io.IOException: No space left on device
java.io.IOException: No space left on device
java.io.IOException: No space left on device
java.io.IOException: No space left on device
java.io.IOException: No space left on device
java.io.IOException: No space left on device
java.io.IOException: No space left on device
java.io.IOException: No space left on device
java.io.IOException: No space left on device
java.io.IOException: No space left on device
java.io.IOException: No space left on device
java.io.IOException: No space left on device
java.io.IOException: No space left on device
java.io.IOException: No space left on device
java.io.IOException: No space left on device
java.io.IOException: No space left on device
java.io.IOException: No space left on device
java.io.IOException: No space left on device
java.io.IOException: No space left on device
java.io.IOException: No space left on device
java.io.IOException: No space left on device
java.io.IOException: No space left on device
java.io.IOException: No space left on device
java.io.IOException: No space left on device
java.io.IOException: No space left on device
java.io.IOException: No space left on device
java.io.IOException: No space left on device
java.io.IOException: No space left on device
java.io.IOException: No space left on device
java.io.IOException: No space left on device
java.io.IOException: No space left on device
java.io.IOException: No space left on device
java.io.IOException: No space left on device
java.io.IOException: No space left on device
java.io.IOException: No space left on device
java.io.IOException: No space left on device
java.io.IOException: No space left on device
java.io.IOException: No space left on device
java.io.IOException: No space left on device
java.io.IOException: No space left on device
java.io.IOException: No space left on device
java.io.IOException: No space left on device
java.io.IOException: No space left on device
java.io.IOException: No space left on device
java.io.IOException: No space left on device
java.io.IOException: No space left on device
java.io.IOException: No space left on device
java.io.IOException: No space left on device
java.io.IOException: No space left on device
java.io.IOException: No space left on device
java.io.IOException: No space left on device
java.io.IOException: No space left on device
java.io.IOException: No space left on device
java.io.IOException: No space left on device
java.io.IOException: No space left on device
java.io.IOException: No space left on device
java.io.IOException: No space left on device
java.io.IOException: No space left on device
java.io.IOException: No space left on device
java.io.IOException: No space left on device
java.io.IOException: No space left on device
java.io.IOException: No space left on device
java.io.IOException: No space left on device
java.io.IOException: No space left on device
java.io.IOException: No space left on device
java.io.IOException: No space left on device
java.io.IOException: No space left on device
java.io.IOException: No space left on device
java.io.IOException: No space left on device
java.io.IOException: No space left on device
java.io.IOException: No space left on device
java.io.IOException: No space left on device
java.io.IOException: No space left on device
java.io.IOException: No space left on device
java.io.IOException: No space left on device
java.io.IOException: No space left on device
java.io.IOException: No space left on device
java.io.IOException: No space left on device
java.io.IOException: No space left on device
java.io.IOException: No space left on device
java.io.IOException: No space left on device
java.io.IOException: No space left on device
java.io.IOException: No space left on device
java.io.IOException: No space left on device
java.io.IOException: No space left on device
java.io.IOException: No space left on device
java.io.IOException: No space left on device
java.io.IOException: No space left on device
java.io.IOException: No space left on device
java.io.IOException: No space left on device
java.io.IOException: No space left on device
java.io.IOException: No space left on device
java.io.IOException: No space left on device
java.io.IOException: No space left on device
java.io.IOException: No space left on device
java.io.IOException: No space left on device
java.io.IOException: No space left on device
java.io.IOException: No space left on device
java.io.IOException: No space left on device
java.io.IOException: No space left on device
java.io.IOException: No space left on device
java.io.IOException: No space left on device
java.io.IOException: No space left on device
java.io.IOException: No space left on device
java.io.IOException: No space left on device
java.io.IOException: No space left on device
java.io.IOException: No space left on device
java.io.IOException: No space left on device
java.io.IOException: No space left on device
java.io.IOException: No space left on device
java.io.IOException: No space left on device
java.io.IOException: No space left on device
java.io.IOException: No space left on device
java.io.IOException: No space left on device
java.io.IOException: No space left on device
java.io.IOException: No space left on device
java.io.IOException: No space left on device
java.io.IOException: No space left on device
java.io.IOException: No space left on device
java.io.IOException: No space left on device
java.io.IOException: No space left on device
java.io.IOException: No space left on device
java.io.IOException: No space left on device
java.io.IOException: No space left on device
java.io.IOException: No space left on device
java.io.IOException: No space left on device
java.io.IOException: No space left on device
java.io.IOException: No space left on device
java.io.IOException: No space left on device
java.io.IOException: No space left on device
java.io.IOException: No space left on device
java.io.IOException: No space left on device
java.io.IOException: No space left on device
java.io.IOException: No space left on device
java.io.IOException: No space left on device
java.io.IOException: No space left on device
java.io.IOException: No space left on device
java.io.IOException: No space left on device
java.io.IOException: No space left on device
java.io.IOException: No space left on device
java.io.IOException: No space left on device
java.io.IOException: No space left on device
java.io.IOException: No space left on device
java.io.IOException: No space left on device
java.io.IOException: No space left on device
java.io.IOException: No space left on device
java.io.IOException: No space left on device
java.io.IOException: No space left on device
java.io.IOException: No space left on device
java.io.IOException: No space left on device
java.io.IOException: No space left on device
java.io.IOException: No space left on device
java.io.IOException: No space left on device
java.io.IOException: No space left on device
java.io.IOException: No space left on device
java.io.IOException: No space left on device
java.io.IOException: No space left on device
java.io.IOException: No space left on device
java.io.IOException: No space left on device
java.io.IOException: No space left on device
java.io.IOException: No space left on device
java.io.IOException: No space left on device
java.io.IOException: No space left on device
java.io.IOException: No space left on device
java.io.IOException: No space left on device
java.io.IOException: No space left on device
java.io.IOException: No space left on device
java.io.IOException: No space left on device
java.io.IOException: No space left on device
java.io.IOException: No space left on device
java.io.IOException: No space left on device
java.io.IOException: No space left on device
java.io.IOException: No space left on device
java.io.IOException: No space left on device
java.io.IOException: No space left on device
java.io.IOException: No space left on device
java.io.IOException: No space left on device
java.io.IOException: No space left on device
java.io.IOException: No space left on device
java.io.IOException: No space left on device
java.io.IOException: No space left on device
java.io.IOException: No space left on device
java.io.IOException: No space left on device
java.io.IOException: No space left on device
java.io.IOException: No space left on device
java.io.IOException: No space left on device
java.io.IOException: No space left on device
java.io.IOException: No space left on device
java.io.IOException: No space left on device
java.io.IOException: No space left on device
java.io.IOException: No space left on device
java.io.IOException: No space left on device
java.io.IOException: No space left on device
java.io.IOException: No space left on device
java.io.IOException: No space left on device
java.io.IOException: No space left on device
java.io.IOException: No space left on device
java.io.IOException: No space left on device
java.io.IOException: No space left on device
java.io.IOException: No space left on device
java.io.IOException: No space left on device
java.io.IOException: No space left on device
java.io.IOException: No space left on device
java.io.IOException: No space left on device
java.io.IOException: No space left on device
java.io.IOException: No space left on device
java.io.IOException: No space left on device
java.io.IOException: No space left on device
java.io.IOException: No space left on device
java.io.IOException: No space left on device
java.io.IOException: No space left on device
java.io.IOException: No space left on device
java.io.IOException: No space left on device
java.io.IOException: No space left on device
java.io.IOException: No space left on device
java.io.IOException: No space left on device
java.io.IOException: No space left on device
java.io.IOException: No space left on device
java.io.IOException: No space left on device
java.io.IOException: No space left on device
java.io.IOException: No space left on device
java.io.IOException: No space left on device
java.io.IOException: No space left on device
java.io.IOException: No space left on device
java.io.IOException: No space left on device
java.io.IOException: No space left on device
java.io.IOException: No space left on device
java.io.IOException: No space left on device
java.io.IOException: No space left on device
java.io.IOException: No space left on device
java.io.IOException: No space left on device
java.io.IOException: No space left on device
java.io.IOException: No space left on device
java.io.IOException: No space left on device
java.io.IOException: No space left on device
java.io.IOException: No space left on device
java.io.IOException: No space left on device
java.io.IOException: No space left on device
java.io.IOException: No space left on device
java.io.IOException: No space left on device
java.io.IOException: No space left on device
java.io.IOException: No space left on device
java.io.IOException: No space left on device
java.io.IOException: No space left on device
java.io.IOException: No space left on device
java.io.IOException: No space left on device
java.io.IOException: No space left on device
java.io.IOException: No space left on device
java.io.IOException: No space left on device
java.io.IOException: No space left on device
java.io.IOException: No space left on device
java.io.IOException: No space left on device
java.io.IOException: No space left on device
java.io.IOException: No space left on device
java.io.IOException: No space left on device
java.io.IOException: No space left on device
java.io.IOException: No space left on device
java.io.IOException: No space left on device
java.io.IOException: No space left on device
java.io.IOException: No space left on device
java.io.IOException: No space left on device
java.io.IOException: No space left on device
java.io.IOException: No space left on device
java.io.IOException: No space left on device
java.io.IOException: No space left on device
java.io.IOException: No space left on device
java.io.IOException: No space left on device
java.io.IOException: No space left on device
java.io.IOException: No space left on device
java.io.IOException: No space left on device
java.io.IOException: No space left on device
java.io.IOException: No space left on device
java.io.IOException: No space left on device
java.io.IOException: No space left on device
java.io.IOException: No space left on device
java.io.IOException: No space left on device
java.io.IOException: No space left on device
java.io.IOException: No space left on device
java.io.IOException: No space left on device
java.io.IOException: No space left on device
java.io.IOException: No space left on device
java.io.IOException: No space left on device
java.io.IOException: No space left on device
java.io.IOException: No space left on device
java.io.IOException: No space left on device
java.io.IOException: No space left on device
java.io.IOException: No space left on device
java.io.IOException: No space left on device
java.io.IOException: No space left on device
java.io.IOException: No space left on device
java.io.IOException: No space left on device
java.io.IOException: No space left on device
java.io.IOException: No space left on device
java.io.IOException: No space left on device
java.io.IOException: No space left on device
java.io.IOException: No space left on device
java.io.IOException: No space left on device
java.io.IOException: No space left on device
java.io.IOException: No space left on device
java.io.IOException: No space left on device
java.io.IOException: No space left on device
java.io.IOException: No space left on device
java.io.IOException: No space left on device
java.io.IOException: No space left on device
java.io.IOException: No space left on device
java.io.IOException: No space left on device
java.io.IOException: No space left on device
java.io.IOException: No space left on device
java.io.IOException: No space left on device
java.io.IOException: No space left on device
java.io.IOException: No space left on device
java.io.IOException: No space left on device
java.io.IOException: No space left on device
java.io.IOException: No space left on device
java.io.IOException: No space left on device
java.io.IOException: No space left on device
java.io.IOException: No space left on device
java.io.IOException: No space left on device
java.io.IOException: No space left on device
java.io.IOException: No space left on device
java.io.IOException: No space left on device
java.io.IOException: No space left on device
java.io.IOException: No space left on device
java.io.IOException: No space left on device
java.io.IOException: No space left on device
java.io.IOException: No space left on device
java.io.IOException: No space left on device
java.io.IOException: No space left on device
java.io.IOException: No space left on device
java.io.IOException: No space left on device
java.io.IOException: No space left on device
java.io.IOException: No space left on device
java.io.IOException: No space left on device
java.io.IOException: No space left on device
java.io.IOException: No space left on device
java.io.IOException: No space left on device
java.io.IOException: No space left on device
java.io.IOException: No space left on device
java.io.IOException: No space left on device
java.io.IOException: No space left on device
java.io.IOException: No space left on device
java.io.IOException: No space left on device
java.io.IOException: No space left on device
java.io.IOException: No space left on device
java.io.IOException: No space left on device
java.io.IOException: No space left on device
java.io.IOException: No space left on device
java.io.IOException: No space left on device
java.io.IOException: No space left on device
java.io.IOException: No space left on device
java.io.IOException: No space left on device
java.io.IOException: No space left on device
java.io.IOException: No space left on device
java.io.IOException: No space left on device
java.io.IOException: No space left on device
java.io.IOException: No space left on device
java.io.IOException: No space left on device
java.io.IOException: No space left on device
java.io.IOException: No space left on device
java.io.IOException: No space left on device
java.io.IOException: No space left on device
java.io.IOException: No space left on device
java.io.IOException: No space left on device
java.io.IOException: No space left on device
java.io.IOException: No space left on device
java.io.IOException: No space left on device
java.io.IOException: No space left on device
java.io.IOException: No space left on device
java.io.IOException: No space left on device
java.io.IOException: No space left on device
java.io.IOException: No space left on device
java.io.IOException: No space left on device
java.io.IOException: No space left on device
java.io.IOException: No space left on device
java.io.IOException: No space left on device
java.io.IOException: No space left on device
java.io.IOException: No space left on device
java.io.IOException: No space left on device
java.io.IOException: No space left on device
java.io.IOException: No space left on device
java.io.IOException: No space left on device
java.io.IOException: No space left on device
java.io.IOException: No space left on device
java.io.IOException: No space left on device
java.io.IOException: No space left on device
java.io.IOException: No space left on device
java.io.IOException: No space left on device
java.io.IOException: No space left on device
java.io.IOException: No space left on device
java.io.IOException: No space left on device
java.io.IOException: No space left on device
java.io.IOException: No space left on device
java.io.IOException: No space left on device
java.io.IOException: No space left on device
java.io.IOException: No space left on device
java.io.IOException: No space left on device
java.io.IOException: No space left on device
java.io.IOException: No space left on device
java.io.IOException: No space left on device
java.io.IOException: No space left on device
java.io.IOException: No space left on device
java.io.IOException: No space left on device
java.io.IOException: No space left on device
java.io.IOException: No space left on device
java.io.IOException: No space left on device
java.io.IOException: No space left on device
java.io.IOException: No space left on device
java.io.IOException: No space left on device
java.io.IOException: No space left on device
java.io.IOException: No space left on device
java.io.IOException: No space left on device
java.io.IOException: No space left on device
java.io.IOException: No space left on device
java.io.IOException: No space left on device
java.io.IOException: No space left on device
java.io.IOException: No space left on device
java.io.IOException: No space left on device
java.io.IOException: No space left on device
java.io.IOException: No space left on device
java.io.IOException: No space left on device
java.io.IOException: No space left on device
java.io.IOException: No space left on device
java.io.IOException: No space left on device
java.io.IOException: No space left on device
java.io.IOException: No space left on device
java.io.IOException: No space left on device
java.io.IOException: No space left on device
java.io.IOException: No space left on device
java.io.IOException: No space left on device
java.io.IOException: No space left on device
java.io.IOException: No space left on device
java.io.IOException: No space left on device
java.io.IOException: No space left on device
java.io.IOException: No space left on device
java.io.IOException: No space left on device
java.io.IOException: No space left on device
java.io.IOException: No space left on device
java.io.IOException: No space left on device
java.io.IOException: No space left on device
java.io.IOException: No space left on device
java.io.IOException: No space left on device
java.io.IOException: No space left on device
java.io.IOException: No space left on device
java.io.IOException: No space left on device
java.io.IOException: No space left on device
java.io.IOException: No space left on device
java.io.IOException: No space left on device
java.io.IOException: No space left on device
java.io.IOException: No space left on device
java.io.IOException: No space left on device
java.io.IOException: No space left on device
java.io.IOException: No space left on device
java.io.IOException: No space left on device
java.io.IOException: No space left on device
java.io.IOException: No space left on device
java.io.IOException: No space left on device
java.io.IOException: No space left on device
java.io.IOException: No space left on device
java.io.IOException: No space left on device
java.io.IOException: No space left on device
java.io.IOException: No space left on device
java.io.IOException: No space left on device
java.io.IOException: No space left on device
java.io.IOException: No space left on device
java.io.IOException: No space left on device
java.io.IOException: No space left on device
java.io.IOException: No space left on device
java.io.IOException: No space left on device
java.io.IOException: No space left on device
java.io.IOException: No space left on device
java.io.IOException: No space left on device
java.io.IOException: No space left on device
java.io.IOException: No space left on device
java.io.IOException: No space left on device
java.io.IOException: No space left on device
java.io.IOException: No space left on device
java.io.IOException: No space left on device
java.io.IOException: No space left on device
java.io.IOException: No space left on device
java.io.IOException: No space left on device
java.io.IOException: No space left on device
java.io.IOException: No space left on device
java.io.IOException: No space left on device
java.io.IOException: No space left on device
java.io.IOException: No space left on device
java.io.IOException: No space left on device
java.io.IOException: No space left on device
java.io.IOException: No space left on device
java.io.IOException: No space left on device
java.io.IOException: No space left on device
java.io.IOException: No space left on device
java.io.IOException: No space left on device
java.io.IOException: No space left on device
java.io.IOException: No space left on device
java.io.IOException: No space left on device
java.io.IOException: No space left on device
java.io.IOException: No space left on device
java.io.IOException: No space left on device
java.io.IOException: No space left on device
java.io.IOException: No space left on device
java.io.IOException: No space left on device
java.io.IOException: No space left on device
java.io.IOException: No space left on device
java.io.IOException: No space left on device
java.io.IOException: No space left on device
java.io.IOException: No space left on device
java.io.IOException: No space left on device
java.io.IOException: No space left on device
java.io.IOException: No space left on device
java.io.IOException: No space left on device
java.io.IOException: No space left on device
java.io.IOException: No space left on device
java.io.IOException: No space left on device
java.io.IOException: No space left on device
java.io.IOException: No space left on device
java.io.IOException: No space left on device
java.io.IOException: No space left on device
java.io.IOException: No space left on device
java.io.IOException: No space left on device
java.io.IOException: No space left on device
java.io.IOException: No space left on device
java.io.IOException: No space left on device
java.io.IOException: No space left on device
java.io.IOException: No space left on device
java.io.IOException: No space left on device
java.io.IOException: No space left on device
java.io.IOException: No space left on device
java.io.IOException: No space left on device
java.io.IOException: No space left on device
java.io.IOException: No space left on device
java.io.IOException: No space left on device
java.io.IOException: No space left on device
java.io.IOException: No space left on device
java.io.IOException: No space left on device
java.io.IOException: No space left on device
java.io.IOException: No space left on device
java.io.IOException: No space left on device
java.io.IOException: No space left on device
java.io.IOException: No space left on device
java.io.IOException: No space left on device
java.io.IOException: No space left on device
java.io.IOException: No space left on device
java.io.IOException: No space left on device
java.io.IOException: No space left on device
java.io.IOException: No space left on device
java.io.IOException: No space left on device
java.io.IOException: No space left on device
java.io.IOException: No space left on device
java.io.IOException: No space left on device
java.io.IOException: No space left on device
java.io.IOException: No space left on device
java.io.IOException: No space left on device
java.io.IOException: No space left on device
java.io.IOException: No space left on device
java.io.IOException: No space left on device
java.io.IOException: No space left on device
java.io.IOException: No space left on device
java.io.IOException: No space left on device
java.io.IOException: No space left on device
java.io.IOException: No space left on device
java.io.IOException: No space left on device
java.io.IOException: No space left on device
java.io.IOException: No space left on device
java.io.IOException: No space left on device
java.io.IOException: No space left on device
java.io.IOException: No space left on device
java.io.IOException: No space left on device
java.io.IOException: No space left on device
java.io.IOException: No space left on device
java.io.IOException: No space left on device
java.io.IOException: No space left on device
java.io.IOException: No space left on device
java.io.IOException: No space left on device
java.io.IOException: No space left on device
java.io.IOException: No space left on device
java.io.IOException: No space left on device
java.io.IOException: No space left on device
java.io.IOException: No space left on device
java.io.IOException: No space left on device
java.io.IOException: No space left on device
java.io.IOException: No space left on device
java.io.IOException: No space left on device
java.io.IOException: No space left on device
java.io.IOException: No space left on device
java.io.IOException: No space left on device
java.io.IOException: No space left on device
java.io.IOException: No space left on device
java.io.IOException: No space left on device
java.io.IOException: No space left on device
java.io.IOException: No space left on device
java.io.IOException: No space left on device
java.io.IOException: No space left on device
java.io.IOException: No space left on device
java.io.IOException: No space left on device
java.io.IOException: No space left on device. See the dump file /github/workspace/mnt/ozone/hadoop-ozone/integration-test/target/surefire-reports/2021-01-29T14-31-34_871-jvmRun1.dumpstream
[INFO] Running org.apache.hadoop.ozone.client.rpc.TestBlockOutputStream
[INFO] Tests run: 6, Failures: 0, Errors: 0, Skipped: 0, Time elapsed: 44.168 s - in org.apache.hadoop.ozone.client.rpc.TestBlockOutputStream
[INFO] Running org.apache.hadoop.ozone.client.rpc.TestContainerStateMachineFailures
[INFO] Tests run: 5, Failures: 0, Errors: 0, Skipped: 0, Time elapsed: 78.916 s - in org.apache.hadoop.ozone.client.rpc.TestContainerStateMachineFailures
[INFO] 
[INFO] Results:
[INFO] 
[ERROR] Errors: 
[ERROR]   TestCloseContainerHandlingByClient.testMultiBlockWrites3:309 ? IO java.io.IOEx...
[INFO] 
[ERROR] Tests run: 323, Failures: 0, Errors: 1, Skipped: 5
[INFO] 
[INFO] 
[INFO] ------------------------------------------------------------------------
[INFO] Skipping Apache Hadoop Ozone Mini Ozone Chaos Tests
[INFO] This project has been banned from the build due to previous failures.
[INFO] ------------------------------------------------------------------------
[INFO] ------------------------------------------------------------------------
[INFO] Reactor Summary for Apache Hadoop Ozone Integration Tests 1.1.0-SNAPSHOT:
[INFO] 
[INFO] Apache Hadoop Ozone Integration Tests .............. FAILURE [  01:00 h]
[INFO] Apache Hadoop Ozone Mini Ozone Chaos Tests ......... SKIPPED
[INFO] ------------------------------------------------------------------------
[INFO] BUILD FAILURE
[INFO] ------------------------------------------------------------------------
[INFO] Total time:  01:00 h
[INFO] Finished at: 2021-01-29T15:31:29Z
[INFO] ------------------------------------------------------------------------
[ERROR] Failed to execute goal org.apache.maven.plugins:maven-surefire-plugin:3.0.0-M1:test (default-test) on project hadoop-ozone-integration-test: There are test failures.
[ERROR] 
[ERROR] Please refer to /github/workspace/mnt/ozone/hadoop-ozone/integration-test/target/surefire-reports for the individual test results.
[ERROR] Please refer to dump files (if any exist) [date].dump, [date]-jvmRun[N].dump and [date].dumpstream.
[ERROR] -> [Help 1]
[ERROR] 
[ERROR] To see the full stack trace of the errors, re-run Maven with the -e switch.
[ERROR] Re-run Maven using the -X switch to enable full debug logging.
[ERROR] 
[ERROR] For more information about the errors and possible solutions, please read the following articles:
[ERROR] [Help 1] http://cwiki.apache.org/confluence/display/MAVEN/MojoFailureException
