[INFO] Scanning for projects...
[INFO] ------------------------------------------------------------------------
[INFO] Detecting the operating system and CPU architecture
[INFO] ------------------------------------------------------------------------
[INFO] os.detected.name: linux
[INFO] os.detected.arch: x86_64
[INFO] os.detected.version: 5.4
[INFO] os.detected.version.major: 5
[INFO] os.detected.version.minor: 4
[INFO] os.detected.release: centos
[INFO] os.detected.release.version: 7
[INFO] os.detected.release.like.centos: true
[INFO] os.detected.release.like.rhel: true
[INFO] os.detected.release.like.fedora: true
[INFO] os.detected.classifier: linux-x86_64
[INFO] ------------------------------------------------------------------------
[INFO] Reactor Build Order:
[INFO] 
[INFO] Apache Hadoop Ozone Integration Tests                              [jar]
[INFO] Apache Hadoop Ozone Mini Ozone Chaos Tests                         [jar]
[INFO] 
[INFO] ----------< org.apache.hadoop:hadoop-ozone-integration-test >-----------
[INFO] Building Apache Hadoop Ozone Integration Tests 1.1.0-SNAPSHOT      [1/2]
[INFO] --------------------------------[ jar ]---------------------------------
[INFO] 
[INFO] --- maven-antrun-plugin:1.3:run (create-testdirs) @ hadoop-ozone-integration-test ---
[INFO] Executing tasks
[INFO] Executed tasks
[INFO] 
[INFO] --- jacoco-maven-plugin:0.8.5:prepare-agent (default-prepare-agent) @ hadoop-ozone-integration-test ---
[INFO] argLine set to -javaagent:/home/user/.m2/repository/org/jacoco/org.jacoco.agent/0.8.5/org.jacoco.agent-0.8.5-runtime.jar=destfile=/github/workspace/mnt/ozone/hadoop-ozone/integration-test/target/jacoco.exec,includes=org.apache.hadoop.hdds.*:org.apache.hadoop.ozone.*:org.apache.hadoop.fs.ozone.*
[INFO] 
[INFO] --- maven-remote-resources-plugin:1.5:process (default) @ hadoop-ozone-integration-test ---
[INFO] 
[INFO] --- maven-resources-plugin:3.1.0:resources (default-resources) @ hadoop-ozone-integration-test ---
[INFO] Using 'UTF-8' encoding to copy filtered resources.
[INFO] skip non existing resourceDirectory /github/workspace/mnt/ozone/hadoop-ozone/integration-test/src/main/resources
[INFO] Copying 2 resources
[INFO] 
[INFO] --- maven-compiler-plugin:3.1:compile (default-compile) @ hadoop-ozone-integration-test ---
[INFO] No sources to compile
[INFO] 
[INFO] --- maven-resources-plugin:3.1.0:testResources (default-testResources) @ hadoop-ozone-integration-test ---
[INFO] Using 'UTF-8' encoding to copy filtered resources.
[INFO] Copying 21 resources
[INFO] Copying 2 resources
[INFO] 
[INFO] --- maven-compiler-plugin:3.1:testCompile (default-testCompile) @ hadoop-ozone-integration-test ---
[INFO] Compiling 10 source files to /github/workspace/mnt/ozone/hadoop-ozone/integration-test/target/test-classes
[INFO] 
[INFO] --- maven-surefire-plugin:3.0.0-M1:test (default-test) @ hadoop-ozone-integration-test ---
[INFO] Downloading from central: https://repo.maven.apache.org/maven2/org/apache/maven/surefire/surefire-junit4/3.0.0-M1/surefire-junit4-3.0.0-M1.jar
[INFO] Downloaded from central: https://repo.maven.apache.org/maven2/org/apache/maven/surefire/surefire-junit4/3.0.0-M1/surefire-junit4-3.0.0-M1.jar (17 kB at 40 kB/s)
[INFO] Downloading from central: https://repo.maven.apache.org/maven2/org/apache/maven/surefire/surefire-junit4/3.0.0-M1/surefire-junit4-3.0.0-M1.pom
[INFO] Downloaded from central: https://repo.maven.apache.org/maven2/org/apache/maven/surefire/surefire-junit4/3.0.0-M1/surefire-junit4-3.0.0-M1.pom (1.7 kB at 62 kB/s)
[INFO] Downloading from central: https://repo.maven.apache.org/maven2/org/apache/maven/surefire/surefire-providers/3.0.0-M1/surefire-providers-3.0.0-M1.pom
[INFO] Downloaded from central: https://repo.maven.apache.org/maven2/org/apache/maven/surefire/surefire-providers/3.0.0-M1/surefire-providers-3.0.0-M1.pom (2.5 kB at 55 kB/s)
[INFO] Downloading from central: https://repo.maven.apache.org/maven2/org/apache/maven/surefire/common-junit4/3.0.0-M1/common-junit4-3.0.0-M1.pom
[INFO] Downloaded from central: https://repo.maven.apache.org/maven2/org/apache/maven/surefire/common-junit4/3.0.0-M1/common-junit4-3.0.0-M1.pom (2.1 kB at 61 kB/s)
[INFO] Downloading from central: https://repo.maven.apache.org/maven2/org/apache/maven/surefire/common-junit3/3.0.0-M1/common-junit3-3.0.0-M1.pom
[INFO] Downloaded from central: https://repo.maven.apache.org/maven2/org/apache/maven/surefire/common-junit3/3.0.0-M1/common-junit3-3.0.0-M1.pom (1.6 kB at 32 kB/s)
[INFO] Downloading from central: https://repo.maven.apache.org/maven2/org/apache/maven/surefire/common-java5/3.0.0-M1/common-java5-3.0.0-M1.pom
[INFO] Downloaded from central: https://repo.maven.apache.org/maven2/org/apache/maven/surefire/common-java5/3.0.0-M1/common-java5-3.0.0-M1.pom (3.1 kB at 73 kB/s)
[INFO] Downloading from central: https://repo.maven.apache.org/maven2/org/apache/maven/surefire/common-junit4/3.0.0-M1/common-junit4-3.0.0-M1.jar
[INFO] Downloading from central: https://repo.maven.apache.org/maven2/org/apache/maven/surefire/common-junit3/3.0.0-M1/common-junit3-3.0.0-M1.jar
[INFO] Downloading from central: https://repo.maven.apache.org/maven2/org/apache/maven/surefire/common-java5/3.0.0-M1/common-java5-3.0.0-M1.jar
[INFO] Downloaded from central: https://repo.maven.apache.org/maven2/org/apache/maven/surefire/common-junit4/3.0.0-M1/common-junit4-3.0.0-M1.jar (28 kB at 511 kB/s)
[INFO] Downloaded from central: https://repo.maven.apache.org/maven2/org/apache/maven/surefire/common-junit3/3.0.0-M1/common-junit3-3.0.0-M1.jar (12 kB at 176 kB/s)
[INFO] Downloaded from central: https://repo.maven.apache.org/maven2/org/apache/maven/surefire/common-java5/3.0.0-M1/common-java5-3.0.0-M1.jar (32 kB at 422 kB/s)
[INFO] 
[INFO] -------------------------------------------------------
[INFO]  T E S T S
[INFO] -------------------------------------------------------
[INFO] Running org.apache.hadoop.fs.ozone.TestOzoneFsHAURLs
[INFO] Tests run: 2, Failures: 0, Errors: 0, Skipped: 0, Time elapsed: 92.825 s - in org.apache.hadoop.fs.ozone.TestOzoneFsHAURLs
[INFO] Running org.apache.hadoop.fs.ozone.TestOzoneFileInterfaces
[WARNING] Tests run: 18, Failures: 0, Errors: 0, Skipped: 2, Time elapsed: 446.05 s - in org.apache.hadoop.fs.ozone.TestOzoneFileInterfaces
[INFO] Running org.apache.hadoop.fs.ozone.contract.ITestOzoneContractOpen
[INFO] Tests run: 6, Failures: 0, Errors: 0, Skipped: 0, Time elapsed: 44.93 s - in org.apache.hadoop.fs.ozone.contract.ITestOzoneContractOpen
[INFO] Running org.apache.hadoop.fs.ozone.contract.ITestOzoneContractUnbuffer
[INFO] Tests run: 6, Failures: 0, Errors: 0, Skipped: 0, Time elapsed: 47.923 s - in org.apache.hadoop.fs.ozone.contract.ITestOzoneContractUnbuffer
[INFO] Running org.apache.hadoop.fs.ozone.contract.ITestOzoneContractRootDir
[INFO] Tests run: 9, Failures: 0, Errors: 0, Skipped: 0, Time elapsed: 49.982 s - in org.apache.hadoop.fs.ozone.contract.ITestOzoneContractRootDir
[INFO] Running org.apache.hadoop.fs.ozone.contract.ITestOzoneContractCreate
[WARNING] Tests run: 11, Failures: 0, Errors: 0, Skipped: 2, Time elapsed: 47.173 s - in org.apache.hadoop.fs.ozone.contract.ITestOzoneContractCreate
[INFO] Running org.apache.hadoop.fs.ozone.contract.rooted.ITestRootedOzoneContractGetFileStatus
[INFO] Tests run: 18, Failures: 0, Errors: 0, Skipped: 0, Time elapsed: 38.766 s - in org.apache.hadoop.fs.ozone.contract.rooted.ITestRootedOzoneContractGetFileStatus
[INFO] Running org.apache.hadoop.fs.ozone.contract.rooted.ITestRootedOzoneContractOpen
[INFO] Tests run: 6, Failures: 0, Errors: 0, Skipped: 0, Time elapsed: 39.083 s - in org.apache.hadoop.fs.ozone.contract.rooted.ITestRootedOzoneContractOpen
[INFO] Running org.apache.hadoop.fs.ozone.contract.rooted.ITestRootedOzoneContractUnbuffer
[INFO] Tests run: 6, Failures: 0, Errors: 0, Skipped: 0, Time elapsed: 39.314 s - in org.apache.hadoop.fs.ozone.contract.rooted.ITestRootedOzoneContractUnbuffer
[INFO] Running org.apache.hadoop.fs.ozone.contract.rooted.ITestRootedOzoneContractDelete
[INFO] Tests run: 8, Failures: 0, Errors: 0, Skipped: 0, Time elapsed: 40.207 s - in org.apache.hadoop.fs.ozone.contract.rooted.ITestRootedOzoneContractDelete
[INFO] Running org.apache.hadoop.fs.ozone.contract.rooted.ITestRootedOzoneContractDistCp
[INFO] Tests run: 8, Failures: 0, Errors: 0, Skipped: 0, Time elapsed: 66.267 s - in org.apache.hadoop.fs.ozone.contract.rooted.ITestRootedOzoneContractDistCp
[INFO] Running org.apache.hadoop.fs.ozone.contract.rooted.ITestRootedOzoneContractRootDir
[INFO] Tests run: 9, Failures: 0, Errors: 0, Skipped: 0, Time elapsed: 34.125 s - in org.apache.hadoop.fs.ozone.contract.rooted.ITestRootedOzoneContractRootDir
[INFO] Running org.apache.hadoop.fs.ozone.contract.rooted.ITestRootedOzoneContractCreate
[WARNING] Tests run: 11, Failures: 0, Errors: 0, Skipped: 2, Time elapsed: 39.518 s - in org.apache.hadoop.fs.ozone.contract.rooted.ITestRootedOzoneContractCreate
[INFO] Running org.apache.hadoop.fs.ozone.contract.rooted.ITestRootedOzoneContractSeek
[INFO] Tests run: 18, Failures: 0, Errors: 0, Skipped: 0, Time elapsed: 45.776 s - in org.apache.hadoop.fs.ozone.contract.rooted.ITestRootedOzoneContractSeek
[INFO] Running org.apache.hadoop.fs.ozone.contract.rooted.ITestRootedOzoneContractRename
[INFO] Tests run: 8, Failures: 0, Errors: 0, Skipped: 0, Time elapsed: 40.506 s - in org.apache.hadoop.fs.ozone.contract.rooted.ITestRootedOzoneContractRename
[INFO] Running org.apache.hadoop.fs.ozone.contract.rooted.ITestRootedOzoneContractMkdir
[INFO] Tests run: 8, Failures: 0, Errors: 0, Skipped: 0, Time elapsed: 44.944 s - in org.apache.hadoop.fs.ozone.contract.rooted.ITestRootedOzoneContractMkdir
[INFO] Running org.apache.hadoop.fs.ozone.contract.ITestOzoneContractGetFileStatus
[INFO] Tests run: 18, Failures: 0, Errors: 0, Skipped: 0, Time elapsed: 52.55 s - in org.apache.hadoop.fs.ozone.contract.ITestOzoneContractGetFileStatus
[INFO] Running org.apache.hadoop.fs.ozone.contract.ITestOzoneContractDistCp
[INFO] Tests run: 8, Failures: 0, Errors: 0, Skipped: 0, Time elapsed: 61.285 s - in org.apache.hadoop.fs.ozone.contract.ITestOzoneContractDistCp
[INFO] Running org.apache.hadoop.fs.ozone.contract.ITestOzoneContractSeek
[INFO] Tests run: 18, Failures: 0, Errors: 0, Skipped: 0, Time elapsed: 59.459 s - in org.apache.hadoop.fs.ozone.contract.ITestOzoneContractSeek
[INFO] Running org.apache.hadoop.fs.ozone.contract.ITestOzoneContractMkdir
[INFO] Tests run: 8, Failures: 0, Errors: 0, Skipped: 0, Time elapsed: 45.535 s - in org.apache.hadoop.fs.ozone.contract.ITestOzoneContractMkdir
[INFO] Running org.apache.hadoop.fs.ozone.contract.ITestOzoneContractDelete
[INFO] Tests run: 8, Failures: 0, Errors: 0, Skipped: 0, Time elapsed: 51.1 s - in org.apache.hadoop.fs.ozone.contract.ITestOzoneContractDelete
[INFO] Running org.apache.hadoop.fs.ozone.contract.ITestOzoneContractRename
[INFO] Tests run: 8, Failures: 0, Errors: 0, Skipped: 0, Time elapsed: 44.986 s - in org.apache.hadoop.fs.ozone.contract.ITestOzoneContractRename
[INFO] Running org.apache.hadoop.fs.ozone.TestOzoneFSWithObjectStoreCreate
[INFO] Tests run: 6, Failures: 0, Errors: 0, Skipped: 0, Time elapsed: 177.323 s - in org.apache.hadoop.fs.ozone.TestOzoneFSWithObjectStoreCreate
[INFO] Running org.apache.hadoop.fs.ozone.TestOzoneFileSystemMissingParent
[INFO] Tests run: 2, Failures: 0, Errors: 0, Skipped: 0, Time elapsed: 34.461 s - in org.apache.hadoop.fs.ozone.TestOzoneFileSystemMissingParent
[INFO] Running org.apache.hadoop.fs.ozone.TestOzoneFileSystem
[INFO] Tests run: 2, Failures: 0, Errors: 0, Skipped: 0, Time elapsed: 235.286 s - in org.apache.hadoop.fs.ozone.TestOzoneFileSystem
[INFO] Running org.apache.hadoop.fs.ozone.TestOzoneFSInputStream
[INFO] Tests run: 3, Failures: 0, Errors: 0, Skipped: 0, Time elapsed: 56.448 s - in org.apache.hadoop.fs.ozone.TestOzoneFSInputStream
[INFO] Running org.apache.hadoop.fs.ozone.TestOzoneFileSystemMetrics
[INFO] Tests run: 3, Failures: 0, Errors: 0, Skipped: 0, Time elapsed: 43.528 s - in org.apache.hadoop.fs.ozone.TestOzoneFileSystemMetrics
[INFO] Running org.apache.hadoop.fs.ozone.TestRootedOzoneFileSystem
[INFO] Tests run: 52, Failures: 0, Errors: 0, Skipped: 0, Time elapsed: 145.338 s - in org.apache.hadoop.fs.ozone.TestRootedOzoneFileSystem
[INFO] Running org.apache.hadoop.hdds.scm.pipeline.TestNode2PipelineMap
[INFO] Tests run: 1, Failures: 0, Errors: 0, Skipped: 0, Time elapsed: 38.317 s - in org.apache.hadoop.hdds.scm.pipeline.TestNode2PipelineMap
[INFO] Running org.apache.hadoop.hdds.scm.pipeline.TestSCMRestart
[ERROR] Tests run: 1, Failures: 1, Errors: 0, Skipped: 0, Time elapsed: 31.976 s <<< FAILURE! - in org.apache.hadoop.hdds.scm.pipeline.TestSCMRestart
[ERROR] testPipelineWithScmRestart(org.apache.hadoop.hdds.scm.pipeline.TestSCMRestart)  Time elapsed: 0.01 s  <<< FAILURE!
java.lang.AssertionError: expected:<PipelineID=84d01728-7484-4ac8-9900-94ffbef8c967> but was:<PipelineID=c057a116-1d16-4def-985c-1c39482078eb>
	at org.junit.Assert.fail(Assert.java:88)
	at org.junit.Assert.failNotEquals(Assert.java:743)
	at org.junit.Assert.assertEquals(Assert.java:118)
	at org.junit.Assert.assertEquals(Assert.java:144)
	at org.apache.hadoop.hdds.scm.pipeline.TestSCMRestart.testPipelineWithScmRestart(TestSCMRestart.java:127)
	at sun.reflect.NativeMethodAccessorImpl.invoke0(Native Method)
	at sun.reflect.NativeMethodAccessorImpl.invoke(NativeMethodAccessorImpl.java:62)
	at sun.reflect.DelegatingMethodAccessorImpl.invoke(DelegatingMethodAccessorImpl.java:43)
	at java.lang.reflect.Method.invoke(Method.java:498)
	at org.junit.runners.model.FrameworkMethod$1.runReflectiveCall(FrameworkMethod.java:47)
	at org.junit.internal.runners.model.ReflectiveCallable.run(ReflectiveCallable.java:12)
	at org.junit.runners.model.FrameworkMethod.invokeExplosively(FrameworkMethod.java:44)
	at org.junit.internal.runners.statements.InvokeMethod.evaluate(InvokeMethod.java:17)
	at org.junit.internal.runners.statements.FailOnTimeout$StatementThread.run(FailOnTimeout.java:74)

[INFO] Running org.apache.hadoop.hdds.scm.pipeline.TestLeaderChoosePolicy
[WARNING] Tests run: 1, Failures: 0, Errors: 0, Skipped: 1, Time elapsed: 0.048 s - in org.apache.hadoop.hdds.scm.pipeline.TestLeaderChoosePolicy
[INFO] Running org.apache.hadoop.hdds.scm.pipeline.TestRatisPipelineCreateAndDestroy
[WARNING] Tests run: 1, Failures: 0, Errors: 0, Skipped: 1, Time elapsed: 0.04 s - in org.apache.hadoop.hdds.scm.pipeline.TestRatisPipelineCreateAndDestroy
[INFO] Running org.apache.hadoop.hdds.scm.pipeline.TestPipelineClose
[INFO] Tests run: 4, Failures: 0, Errors: 0, Skipped: 0, Time elapsed: 116.126 s - in org.apache.hadoop.hdds.scm.pipeline.TestPipelineClose
[INFO] Running org.apache.hadoop.hdds.scm.pipeline.TestNodeFailure
[INFO] Tests run: 1, Failures: 0, Errors: 0, Skipped: 0, Time elapsed: 65.051 s - in org.apache.hadoop.hdds.scm.pipeline.TestNodeFailure
[INFO] Running org.apache.hadoop.hdds.scm.TestRatisPipelineLeader
[WARNING] Tests run: 1, Failures: 0, Errors: 0, Skipped: 1, Time elapsed: 0.039 s - in org.apache.hadoop.hdds.scm.TestRatisPipelineLeader
[INFO] Running org.apache.hadoop.hdds.scm.safemode.TestSCMSafeModeWithPipelineRules
[WARNING] Tests run: 1, Failures: 0, Errors: 0, Skipped: 1, Time elapsed: 0.034 s - in org.apache.hadoop.hdds.scm.safemode.TestSCMSafeModeWithPipelineRules
[INFO] Running org.apache.hadoop.hdds.scm.container.TestContainerStateManagerIntegration
[WARNING] Tests run: 1, Failures: 0, Errors: 0, Skipped: 1, Time elapsed: 0.022 s - in org.apache.hadoop.hdds.scm.container.TestContainerStateManagerIntegration
[INFO] Running org.apache.hadoop.hdds.scm.container.metrics.TestSCMContainerManagerMetrics
[INFO] Tests run: 2, Failures: 0, Errors: 0, Skipped: 0, Time elapsed: 43.305 s - in org.apache.hadoop.hdds.scm.container.metrics.TestSCMContainerManagerMetrics
[INFO] 
[INFO] Results:
[INFO] 
[ERROR] Failures: 
[ERROR]   TestSCMRestart.testPipelineWithScmRestart:127 expected:<PipelineID=84d01728-7484-4ac8-9900-94ffbef8c967> but was:<PipelineID=c057a116-1d16-4def-985c-1c39482078eb>
[INFO] 
[ERROR] Tests run: 302, Failures: 1, Errors: 0, Skipped: 11
[INFO] 
[INFO] 
[INFO] ------------------------------------------------------------------------
[INFO] Skipping Apache Hadoop Ozone Mini Ozone Chaos Tests
[INFO] This project has been banned from the build due to previous failures.
[INFO] ------------------------------------------------------------------------
[INFO] ------------------------------------------------------------------------
[INFO] Reactor Summary for Apache Hadoop Ozone Integration Tests 1.1.0-SNAPSHOT:
[INFO] 
[INFO] Apache Hadoop Ozone Integration Tests .............. FAILURE [41:47 min]
[INFO] Apache Hadoop Ozone Mini Ozone Chaos Tests ......... SKIPPED
[INFO] ------------------------------------------------------------------------
[INFO] BUILD FAILURE
[INFO] ------------------------------------------------------------------------
[INFO] Total time:  41:48 min
[INFO] Finished at: 2021-01-12T14:11:26Z
[INFO] ------------------------------------------------------------------------
[ERROR] Failed to execute goal org.apache.maven.plugins:maven-surefire-plugin:3.0.0-M1:test (default-test) on project hadoop-ozone-integration-test: There are test failures.
[ERROR] 
[ERROR] Please refer to /github/workspace/mnt/ozone/hadoop-ozone/integration-test/target/surefire-reports for the individual test results.
[ERROR] Please refer to dump files (if any exist) [date].dump, [date]-jvmRun[N].dump and [date].dumpstream.
[ERROR] -> [Help 1]
[ERROR] 
[ERROR] To see the full stack trace of the errors, re-run Maven with the -e switch.
[ERROR] Re-run Maven using the -X switch to enable full debug logging.
[ERROR] 
[ERROR] For more information about the errors and possible solutions, please read the following articles:
[ERROR] [Help 1] http://cwiki.apache.org/confluence/display/MAVEN/MojoFailureException
