[INFO] Scanning for projects...
[INFO] ------------------------------------------------------------------------
[INFO] Detecting the operating system and CPU architecture
[INFO] ------------------------------------------------------------------------
[INFO] os.detected.name: linux
[INFO] os.detected.arch: x86_64
[INFO] os.detected.version: 5.4
[INFO] os.detected.version.major: 5
[INFO] os.detected.version.minor: 4
[INFO] os.detected.release: centos
[INFO] os.detected.release.version: 7
[INFO] os.detected.release.like.centos: true
[INFO] os.detected.release.like.rhel: true
[INFO] os.detected.release.like.fedora: true
[INFO] os.detected.classifier: linux-x86_64
[INFO] ------------------------------------------------------------------------
[INFO] Reactor Build Order:
[INFO] 
[INFO] Apache Ozone Integration Tests                                     [jar]
[INFO] Apache Ozone Mini Ozone Chaos Tests                                [jar]
[INFO] 
[INFO] ----------< org.apache.hadoop:hadoop-ozone-integration-test >-----------
[INFO] Building Apache Ozone Integration Tests 1.1.0-SNAPSHOT             [1/2]
[INFO] --------------------------------[ jar ]---------------------------------
[INFO] 
[INFO] --- maven-antrun-plugin:1.3:run (create-testdirs) @ hadoop-ozone-integration-test ---
[INFO] Executing tasks
[INFO] Executed tasks
[INFO] 
[INFO] --- jacoco-maven-plugin:0.8.5:prepare-agent (default-prepare-agent) @ hadoop-ozone-integration-test ---
[INFO] argLine set to -javaagent:/home/user/.m2/repository/org/jacoco/org.jacoco.agent/0.8.5/org.jacoco.agent-0.8.5-runtime.jar=destfile=/github/workspace/mnt/ozone/hadoop-ozone/integration-test/target/jacoco.exec,includes=org.apache.hadoop.hdds.*:org.apache.hadoop.ozone.*:org.apache.hadoop.fs.ozone.*
[INFO] 
[INFO] --- maven-remote-resources-plugin:1.5:process (default) @ hadoop-ozone-integration-test ---
[INFO] 
[INFO] --- maven-resources-plugin:3.1.0:resources (default-resources) @ hadoop-ozone-integration-test ---
[INFO] Using 'UTF-8' encoding to copy filtered resources.
[INFO] skip non existing resourceDirectory /github/workspace/mnt/ozone/hadoop-ozone/integration-test/src/main/resources
[INFO] Copying 2 resources
[INFO] 
[INFO] --- maven-compiler-plugin:3.1:compile (default-compile) @ hadoop-ozone-integration-test ---
[INFO] No sources to compile
[INFO] 
[INFO] --- maven-resources-plugin:3.1.0:testResources (default-testResources) @ hadoop-ozone-integration-test ---
[INFO] Using 'UTF-8' encoding to copy filtered resources.
[INFO] Copying 21 resources
[INFO] Copying 2 resources
[INFO] 
[INFO] --- maven-compiler-plugin:3.1:testCompile (default-testCompile) @ hadoop-ozone-integration-test ---
[INFO] Compiling 10 source files to /github/workspace/mnt/ozone/hadoop-ozone/integration-test/target/test-classes
[INFO] 
[INFO] --- maven-surefire-plugin:3.0.0-M1:test (default-test) @ hadoop-ozone-integration-test ---
[INFO] Downloading from central: https://repo.maven.apache.org/maven2/org/apache/maven/surefire/surefire-junit-platform/3.0.0-M1/surefire-junit-platform-3.0.0-M1.jar
[INFO] Downloaded from central: https://repo.maven.apache.org/maven2/org/apache/maven/surefire/surefire-junit-platform/3.0.0-M1/surefire-junit-platform-3.0.0-M1.jar (20 kB at 50 kB/s)
[INFO] Downloading from central: https://repo.maven.apache.org/maven2/org/apache/maven/surefire/surefire-junit-platform/3.0.0-M1/surefire-junit-platform-3.0.0-M1.pom
[INFO] Downloaded from central: https://repo.maven.apache.org/maven2/org/apache/maven/surefire/surefire-junit-platform/3.0.0-M1/surefire-junit-platform-3.0.0-M1.pom (5.5 kB at 112 kB/s)
[INFO] Downloading from central: https://repo.maven.apache.org/maven2/org/apache/maven/surefire/surefire-providers/3.0.0-M1/surefire-providers-3.0.0-M1.pom
[INFO] Downloaded from central: https://repo.maven.apache.org/maven2/org/apache/maven/surefire/surefire-providers/3.0.0-M1/surefire-providers-3.0.0-M1.pom (2.5 kB at 70 kB/s)
[INFO] Downloading from central: https://repo.maven.apache.org/maven2/org/apache/maven/surefire/common-java5/3.0.0-M1/common-java5-3.0.0-M1.pom
[INFO] Downloaded from central: https://repo.maven.apache.org/maven2/org/apache/maven/surefire/common-java5/3.0.0-M1/common-java5-3.0.0-M1.pom (3.1 kB at 77 kB/s)
[INFO] Downloading from central: https://repo.maven.apache.org/maven2/org/junit/platform/junit-platform-launcher/1.3.1/junit-platform-launcher-1.3.1.pom
[INFO] Downloaded from central: https://repo.maven.apache.org/maven2/org/junit/platform/junit-platform-launcher/1.3.1/junit-platform-launcher-1.3.1.pom (2.2 kB at 52 kB/s)
[INFO] Downloading from central: https://repo.maven.apache.org/maven2/org/junit/platform/junit-platform-engine/1.3.1/junit-platform-engine-1.3.1.pom
[INFO] Downloaded from central: https://repo.maven.apache.org/maven2/org/junit/platform/junit-platform-engine/1.3.1/junit-platform-engine-1.3.1.pom (2.4 kB at 66 kB/s)
[INFO] Downloading from central: https://repo.maven.apache.org/maven2/org/apache/maven/surefire/common-java5/3.0.0-M1/common-java5-3.0.0-M1.jar
[INFO] Downloading from central: https://repo.maven.apache.org/maven2/org/junit/platform/junit-platform-launcher/1.3.1/junit-platform-launcher-1.3.1.jar
[INFO] Downloading from central: https://repo.maven.apache.org/maven2/org/junit/platform/junit-platform-engine/1.3.1/junit-platform-engine-1.3.1.jar
[INFO] Downloaded from central: https://repo.maven.apache.org/maven2/org/apache/maven/surefire/common-java5/3.0.0-M1/common-java5-3.0.0-M1.jar (32 kB at 494 kB/s)
[INFO] Downloaded from central: https://repo.maven.apache.org/maven2/org/junit/platform/junit-platform-launcher/1.3.1/junit-platform-launcher-1.3.1.jar (95 kB at 1.1 MB/s)
[INFO] Downloaded from central: https://repo.maven.apache.org/maven2/org/junit/platform/junit-platform-engine/1.3.1/junit-platform-engine-1.3.1.jar (135 kB at 1.6 MB/s)
[INFO] 
[INFO] -------------------------------------------------------
[INFO]  T E S T S
[INFO] -------------------------------------------------------
[INFO] Running org.apache.hadoop.ozone.client.rpc.TestKeyInputStream
[INFO] Tests run: 12, Failures: 0, Errors: 0, Skipped: 0, Time elapsed: 454.272 s - in org.apache.hadoop.ozone.client.rpc.TestKeyInputStream
[INFO] Running org.apache.hadoop.ozone.client.rpc.TestHybridPipelineOnDatanode
[INFO] Tests run: 1, Failures: 0, Errors: 0, Skipped: 0, Time elapsed: 35.826 s - in org.apache.hadoop.ozone.client.rpc.TestHybridPipelineOnDatanode
[INFO] Running org.apache.hadoop.ozone.client.rpc.TestBlockOutputStreamWithFailuresFlushDelay
[ERROR] Tests run: 8, Failures: 1, Errors: 0, Skipped: 0, Time elapsed: 448.1 s <<< FAILURE! - in org.apache.hadoop.ozone.client.rpc.TestBlockOutputStreamWithFailuresFlushDelay
[ERROR] test2DatanodesFailure  Time elapsed: 71.653 s  <<< FAILURE!
java.lang.AssertionError: expected:<500> but was:<400>
	at org.junit.Assert.fail(Assert.java:89)
	at org.junit.Assert.failNotEquals(Assert.java:835)
	at org.junit.Assert.assertEquals(Assert.java:647)
	at org.junit.Assert.assertEquals(Assert.java:633)
	at org.apache.hadoop.ozone.client.rpc.TestBlockOutputStreamWithFailuresFlushDelay.test2DatanodesFailure(TestBlockOutputStreamWithFailuresFlushDelay.java:365)
	at sun.reflect.NativeMethodAccessorImpl.invoke0(Native Method)
	at sun.reflect.NativeMethodAccessorImpl.invoke(NativeMethodAccessorImpl.java:62)
	at sun.reflect.DelegatingMethodAccessorImpl.invoke(DelegatingMethodAccessorImpl.java:43)
	at java.lang.reflect.Method.invoke(Method.java:498)
	at org.junit.runners.model.FrameworkMethod$1.runReflectiveCall(FrameworkMethod.java:59)
	at org.junit.internal.runners.model.ReflectiveCallable.run(ReflectiveCallable.java:12)
	at org.junit.runners.model.FrameworkMethod.invokeExplosively(FrameworkMethod.java:56)
	at org.junit.internal.runners.statements.InvokeMethod.evaluate(InvokeMethod.java:17)
	at org.junit.internal.runners.statements.RunBefores.evaluate(RunBefores.java:26)
	at org.junit.internal.runners.statements.RunAfters.evaluate(RunAfters.java:27)
	at org.junit.internal.runners.statements.FailOnTimeout$CallableStatement.call(FailOnTimeout.java:288)
	at org.junit.internal.runners.statements.FailOnTimeout$CallableStatement.call(FailOnTimeout.java:282)
	at java.util.concurrent.FutureTask.run(FutureTask.java:266)
	at java.lang.Thread.run(Thread.java:748)

[INFO] Running org.apache.hadoop.ozone.client.rpc.TestBCSID
[INFO] Tests run: 1, Failures: 0, Errors: 0, Skipped: 0, Time elapsed: 44.467 s - in org.apache.hadoop.ozone.client.rpc.TestBCSID
[INFO] Running org.apache.hadoop.ozone.client.rpc.TestMultiBlockWritesWithDnFailures
[INFO] Tests run: 2, Failures: 0, Errors: 0, Skipped: 0, Time elapsed: 152.719 s - in org.apache.hadoop.ozone.client.rpc.TestMultiBlockWritesWithDnFailures
[INFO] Running org.apache.hadoop.ozone.client.rpc.TestCommitWatcher
[INFO] Tests run: 2, Failures: 0, Errors: 0, Skipped: 0, Time elapsed: 112.791 s - in org.apache.hadoop.ozone.client.rpc.TestCommitWatcher
[INFO] Running org.apache.hadoop.ozone.client.rpc.TestSecureOzoneRpcClient
[WARNING] Tests run: 81, Failures: 0, Errors: 0, Skipped: 1, Time elapsed: 83.329 s - in org.apache.hadoop.ozone.client.rpc.TestSecureOzoneRpcClient
[INFO] Running org.apache.hadoop.ozone.client.rpc.TestContainerStateMachineFailures
[ERROR] Tests run: 5, Failures: 1, Errors: 0, Skipped: 0, Time elapsed: 82.344 s <<< FAILURE! - in org.apache.hadoop.ozone.client.rpc.TestContainerStateMachineFailures
[ERROR] testApplyTransactionIdempotencyWithClosedContainer  Time elapsed: 0.955 s  <<< FAILURE!
java.lang.AssertionError
	at org.junit.Assert.fail(Assert.java:87)
	at org.junit.Assert.assertTrue(Assert.java:42)
	at org.junit.Assert.assertFalse(Assert.java:65)
	at org.junit.Assert.assertFalse(Assert.java:75)
	at org.apache.hadoop.ozone.client.rpc.TestContainerStateMachineFailures.testApplyTransactionIdempotencyWithClosedContainer(TestContainerStateMachineFailures.java:462)
	at sun.reflect.NativeMethodAccessorImpl.invoke0(Native Method)
	at sun.reflect.NativeMethodAccessorImpl.invoke(NativeMethodAccessorImpl.java:62)
	at sun.reflect.DelegatingMethodAccessorImpl.invoke(DelegatingMethodAccessorImpl.java:43)
	at java.lang.reflect.Method.invoke(Method.java:498)
	at org.junit.runners.model.FrameworkMethod$1.runReflectiveCall(FrameworkMethod.java:59)
	at org.junit.internal.runners.model.ReflectiveCallable.run(ReflectiveCallable.java:12)
	at org.junit.runners.model.FrameworkMethod.invokeExplosively(FrameworkMethod.java:56)
	at org.junit.internal.runners.statements.InvokeMethod.evaluate(InvokeMethod.java:17)
	at org.junit.runners.ParentRunner$3.evaluate(ParentRunner.java:306)
	at org.junit.runners.BlockJUnit4ClassRunner$1.evaluate(BlockJUnit4ClassRunner.java:100)
	at org.junit.runners.ParentRunner.runLeaf(ParentRunner.java:366)
	at org.junit.runners.BlockJUnit4ClassRunner.runChild(BlockJUnit4ClassRunner.java:103)
	at org.junit.runners.BlockJUnit4ClassRunner.runChild(BlockJUnit4ClassRunner.java:63)
	at org.junit.runners.ParentRunner$4.run(ParentRunner.java:331)
	at org.junit.runners.ParentRunner$1.schedule(ParentRunner.java:79)
	at org.junit.runners.ParentRunner.runChildren(ParentRunner.java:329)
	at org.junit.runners.ParentRunner.access$100(ParentRunner.java:66)
	at org.junit.runners.ParentRunner$2.evaluate(ParentRunner.java:293)
	at org.junit.internal.runners.statements.RunBefores.evaluate(RunBefores.java:26)
	at org.junit.internal.runners.statements.RunAfters.evaluate(RunAfters.java:27)
	at org.junit.runners.ParentRunner$3.evaluate(ParentRunner.java:306)
	at org.junit.runners.ParentRunner.run(ParentRunner.java:413)
	at org.junit.runner.JUnitCore.run(JUnitCore.java:137)
	at org.junit.runner.JUnitCore.run(JUnitCore.java:115)
	at org.junit.vintage.engine.execution.RunnerExecutor.execute(RunnerExecutor.java:43)
	at java.util.stream.ForEachOps$ForEachOp$OfRef.accept(ForEachOps.java:183)
	at java.util.stream.ReferencePipeline$3$1.accept(ReferencePipeline.java:193)
	at java.util.Iterator.forEachRemaining(Iterator.java:116)
	at java.util.Spliterators$IteratorSpliterator.forEachRemaining(Spliterators.java:1801)
	at java.util.stream.AbstractPipeline.copyInto(AbstractPipeline.java:482)
	at java.util.stream.AbstractPipeline.wrapAndCopyInto(AbstractPipeline.java:472)
	at java.util.stream.ForEachOps$ForEachOp.evaluateSequential(ForEachOps.java:150)
	at java.util.stream.ForEachOps$ForEachOp$OfRef.evaluateSequential(ForEachOps.java:173)
	at java.util.stream.AbstractPipeline.evaluate(AbstractPipeline.java:234)
	at java.util.stream.ReferencePipeline.forEach(ReferencePipeline.java:485)
	at org.junit.vintage.engine.VintageTestEngine.executeAllChildren(VintageTestEngine.java:82)
	at org.junit.vintage.engine.VintageTestEngine.execute(VintageTestEngine.java:73)
	at org.junit.platform.launcher.core.EngineExecutionOrchestrator.execute(EngineExecutionOrchestrator.java:108)
	at org.junit.platform.launcher.core.EngineExecutionOrchestrator.execute(EngineExecutionOrchestrator.java:88)
	at org.junit.platform.launcher.core.EngineExecutionOrchestrator.lambda$execute$0(EngineExecutionOrchestrator.java:54)
	at org.junit.platform.launcher.core.EngineExecutionOrchestrator.withInterceptedStreams(EngineExecutionOrchestrator.java:67)
	at org.junit.platform.launcher.core.EngineExecutionOrchestrator.execute(EngineExecutionOrchestrator.java:52)
	at org.junit.platform.launcher.core.DefaultLauncher.execute(DefaultLauncher.java:96)
	at org.junit.platform.launcher.core.DefaultLauncher.execute(DefaultLauncher.java:75)
	at org.apache.maven.surefire.junitplatform.JUnitPlatformProvider.invokeAllTests(JUnitPlatformProvider.java:142)
	at org.apache.maven.surefire.junitplatform.JUnitPlatformProvider.invoke(JUnitPlatformProvider.java:113)
	at org.apache.maven.surefire.booter.ForkedBooter.invokeProviderInSameClassLoader(ForkedBooter.java:384)
	at org.apache.maven.surefire.booter.ForkedBooter.runSuitesInProcess(ForkedBooter.java:345)
	at org.apache.maven.surefire.booter.ForkedBooter.execute(ForkedBooter.java:126)
	at org.apache.maven.surefire.booter.ForkedBooter.main(ForkedBooter.java:418)

[INFO] Running org.apache.hadoop.ozone.client.rpc.TestContainerStateMachine
[INFO] Tests run: 2, Failures: 0, Errors: 0, Skipped: 0, Time elapsed: 139.793 s - in org.apache.hadoop.ozone.client.rpc.TestContainerStateMachine
[INFO] Running org.apache.hadoop.ozone.client.rpc.TestBlockOutputStream
[INFO] Tests run: 6, Failures: 0, Errors: 0, Skipped: 0, Time elapsed: 44.837 s - in org.apache.hadoop.ozone.client.rpc.TestBlockOutputStream
[INFO] Running org.apache.hadoop.ozone.client.rpc.TestDiscardPreallocatedBlocks
[INFO] Tests run: 1, Failures: 0, Errors: 0, Skipped: 0, Time elapsed: 52.234 s - in org.apache.hadoop.ozone.client.rpc.TestDiscardPreallocatedBlocks
[INFO] Running org.apache.hadoop.ozone.client.rpc.TestOzoneRpcClientWithRatis
[INFO] Tests run: 80, Failures: 0, Errors: 0, Skipped: 0, Time elapsed: 66.16 s - in org.apache.hadoop.ozone.client.rpc.TestOzoneRpcClientWithRatis
[INFO] Running org.apache.hadoop.ozone.client.rpc.TestOzoneRpcClient
[INFO] Tests run: 79, Failures: 0, Errors: 0, Skipped: 0, Time elapsed: 61.809 s - in org.apache.hadoop.ozone.client.rpc.TestOzoneRpcClient
[INFO] Running org.apache.hadoop.ozone.client.rpc.TestContainerReplicationEndToEnd
[INFO] Tests run: 1, Failures: 0, Errors: 0, Skipped: 0, Time elapsed: 75.515 s - in org.apache.hadoop.ozone.client.rpc.TestContainerReplicationEndToEnd
[INFO] Running org.apache.hadoop.ozone.client.rpc.TestOzoneAtRestEncryption
[INFO] Tests run: 4, Failures: 0, Errors: 0, Skipped: 0, Time elapsed: 53.118 s - in org.apache.hadoop.ozone.client.rpc.TestOzoneAtRestEncryption
[INFO] Running org.apache.hadoop.ozone.client.rpc.TestBlockOutputStreamWithFailures
[INFO] Tests run: 8, Failures: 0, Errors: 0, Skipped: 0, Time elapsed: 428.497 s - in org.apache.hadoop.ozone.client.rpc.TestBlockOutputStreamWithFailures
[INFO] Running org.apache.hadoop.ozone.client.rpc.TestFailureHandlingByClient
[WARNING] Tests run: 5, Failures: 0, Errors: 0, Skipped: 1, Time elapsed: 270.149 s - in org.apache.hadoop.ozone.client.rpc.TestFailureHandlingByClient
[INFO] Running org.apache.hadoop.ozone.client.rpc.TestContainerStateMachineFlushDelay
[INFO] Tests run: 1, Failures: 0, Errors: 0, Skipped: 0, Time elapsed: 34.57 s - in org.apache.hadoop.ozone.client.rpc.TestContainerStateMachineFlushDelay
[INFO] Running org.apache.hadoop.ozone.client.rpc.TestWatchForCommit
[INFO] Tests run: 4, Failures: 0, Errors: 0, Skipped: 0, Time elapsed: 231.049 s - in org.apache.hadoop.ozone.client.rpc.TestWatchForCommit
[INFO] Running org.apache.hadoop.ozone.client.rpc.TestBlockOutputStreamFlushDelay
[INFO] Tests run: 6, Failures: 0, Errors: 0, Skipped: 0, Time elapsed: 43.763 s - in org.apache.hadoop.ozone.client.rpc.TestBlockOutputStreamFlushDelay
[INFO] Running org.apache.hadoop.ozone.client.rpc.TestOzoneRpcClientForAclAuditLog
[WARNING] Tests run: 1, Failures: 0, Errors: 0, Skipped: 1, Time elapsed: 0.003 s - in org.apache.hadoop.ozone.client.rpc.TestOzoneRpcClientForAclAuditLog
[INFO] Running org.apache.hadoop.ozone.client.rpc.TestOzoneClientRetriesOnExceptionFlushDelay
[INFO] Tests run: 1, Failures: 0, Errors: 0, Skipped: 0, Time elapsed: 46.915 s - in org.apache.hadoop.ozone.client.rpc.TestOzoneClientRetriesOnExceptionFlushDelay
[INFO] Running org.apache.hadoop.ozone.client.rpc.TestValidateBCSIDOnRestart
[INFO] Tests run: 1, Failures: 0, Errors: 0, Skipped: 0, Time elapsed: 36.176 s - in org.apache.hadoop.ozone.client.rpc.TestValidateBCSIDOnRestart
[INFO] Running org.apache.hadoop.ozone.client.rpc.Test2WayCommitInRatis
[INFO] Tests run: 1, Failures: 0, Errors: 0, Skipped: 0, Time elapsed: 51.527 s - in org.apache.hadoop.ozone.client.rpc.Test2WayCommitInRatis
[INFO] Running org.apache.hadoop.ozone.client.rpc.TestOzoneClientRetriesOnExceptions
[INFO] Tests run: 2, Failures: 0, Errors: 0, Skipped: 0, Time elapsed: 101.791 s - in org.apache.hadoop.ozone.client.rpc.TestOzoneClientRetriesOnExceptions
[INFO] Running org.apache.hadoop.ozone.client.rpc.TestCloseContainerHandlingByClient
[INFO] Tests run: 7, Failures: 0, Errors: 0, Skipped: 0, Time elapsed: 67.06 s - in org.apache.hadoop.ozone.client.rpc.TestCloseContainerHandlingByClient
[INFO] Running org.apache.hadoop.ozone.client.rpc.TestDeleteWithSlowFollower
[INFO] Tests run: 1, Failures: 0, Errors: 0, Skipped: 0, Time elapsed: 156.704 s - in org.apache.hadoop.ozone.client.rpc.TestDeleteWithSlowFollower
[INFO] Running org.apache.hadoop.ozone.client.rpc.TestReadRetries
[INFO] Tests run: 1, Failures: 0, Errors: 0, Skipped: 0, Time elapsed: 40.797 s - in org.apache.hadoop.ozone.client.rpc.TestReadRetries
[INFO] Running org.apache.hadoop.ozone.client.rpc.TestFailureHandlingByClientFlushDelay
[INFO] Tests run: 1, Failures: 0, Errors: 0, Skipped: 0, Time elapsed: 117.952 s - in org.apache.hadoop.ozone.client.rpc.TestFailureHandlingByClientFlushDelay
[INFO] Running org.apache.hadoop.ozone.client.rpc.TestContainerStateMachineFailureOnRead
[WARNING] Tests run: 1, Failures: 0, Errors: 0, Skipped: 1, Time elapsed: 0.01 s - in org.apache.hadoop.ozone.client.rpc.TestContainerStateMachineFailureOnRead
[INFO] 
[INFO] Results:
[INFO] 
[ERROR] Failures: 
[ERROR]   TestBlockOutputStreamWithFailuresFlushDelay.test2DatanodesFailure:365 expected:<500> but was:<400>
[ERROR]   TestContainerStateMachineFailures.testApplyTransactionIdempotencyWithClosedContainer:462
[INFO] 
[ERROR] Tests run: 326, Failures: 2, Errors: 0, Skipped: 4
[INFO] 
[INFO] 
[INFO] ------------------------------------------------------------------------
[INFO] Skipping Apache Ozone Mini Ozone Chaos Tests
[INFO] This project has been banned from the build due to previous failures.
[INFO] ------------------------------------------------------------------------
[INFO] ------------------------------------------------------------------------
[INFO] Reactor Summary for Apache Ozone Integration Tests 1.1.0-SNAPSHOT:
[INFO] 
[INFO] Apache Ozone Integration Tests ..................... FAILURE [59:52 min]
[INFO] Apache Ozone Mini Ozone Chaos Tests ................ SKIPPED
[INFO] ------------------------------------------------------------------------
[INFO] BUILD FAILURE
[INFO] ------------------------------------------------------------------------
[INFO] Total time:  59:53 min
[INFO] Finished at: 2021-03-15T14:12:47Z
[INFO] ------------------------------------------------------------------------
[ERROR] Failed to execute goal org.apache.maven.plugins:maven-surefire-plugin:3.0.0-M1:test (default-test) on project hadoop-ozone-integration-test: There are test failures.
[ERROR] 
[ERROR] Please refer to /github/workspace/mnt/ozone/hadoop-ozone/integration-test/target/surefire-reports for the individual test results.
[ERROR] Please refer to dump files (if any exist) [date].dump, [date]-jvmRun[N].dump and [date].dumpstream.
[ERROR] -> [Help 1]
[ERROR] 
[ERROR] To see the full stack trace of the errors, re-run Maven with the -e switch.
[ERROR] Re-run Maven using the -X switch to enable full debug logging.
[ERROR] 
[ERROR] For more information about the errors and possible solutions, please read the following articles:
[ERROR] [Help 1] http://cwiki.apache.org/confluence/display/MAVEN/MojoFailureException
