[INFO] Scanning for projects...
[INFO] ------------------------------------------------------------------------
[INFO] Detecting the operating system and CPU architecture
[INFO] ------------------------------------------------------------------------
[INFO] os.detected.name: linux
[INFO] os.detected.arch: x86_64
[INFO] os.detected.version: 5.15
[INFO] os.detected.version.major: 5
[INFO] os.detected.version.minor: 15
[INFO] os.detected.release: ubuntu
[INFO] os.detected.release.version: 20.04
[INFO] os.detected.release.like.ubuntu: true
[INFO] os.detected.release.like.debian: true
[INFO] os.detected.classifier: linux-x86_64
[INFO] ------------------------------------------------------------------------
[INFO] Reactor Build Order:
[INFO] 
[INFO] Apache Ozone Integration Tests                                     [jar]
[INFO] Apache Ozone Mini Ozone Chaos Tests                                [jar]
[INFO] 
[INFO] --------------< org.apache.ozone:ozone-integration-test >---------------
[INFO] Building Apache Ozone Integration Tests 1.5.0-SNAPSHOT             [1/2]
[INFO]   from pom.xml
[INFO] --------------------------------[ jar ]---------------------------------
[INFO] 
[INFO] --- maven-antrun-plugin:3.1.0:run (create-testdirs) @ ozone-integration-test ---
[INFO] Executing tasks
[INFO]     [mkdir] Created dir: /home/runner/work/ozone/ozone/hadoop-ozone/integration-test/target/test-dir
[INFO] Executed tasks
[INFO] 
[INFO] --- maven-enforcer-plugin:3.4.1:enforce (depcheck) @ ozone-integration-test ---
[INFO] Rule 0: org.apache.maven.enforcer.rules.dependency.DependencyConvergence passed
[INFO] Rule 1: org.apache.maven.enforcer.rules.version.RequireMavenVersion passed
[INFO] Rule 2: org.apache.maven.enforcer.rules.version.RequireJavaVersion passed
[INFO] 
[INFO] --- jacoco-maven-plugin:0.8.5:prepare-agent (default-prepare-agent) @ ozone-integration-test ---
[INFO] argLine set to -javaagent:/home/runner/.m2/repository/org/jacoco/org.jacoco.agent/0.8.5/org.jacoco.agent-0.8.5-runtime.jar=destfile=/home/runner/work/ozone/ozone/hadoop-ozone/integration-test/target/jacoco.exec,includes=org.apache.hadoop.hdds.*:org.apache.hadoop.ozone.*:org.apache.hadoop.fs.ozone.*
[INFO] 
[INFO] --- maven-enforcer-plugin:3.4.1:enforce (banned-rocksdb-imports) @ ozone-integration-test ---
[INFO] Rule 0: org.apache.maven.plugins.enforcer.RestrictImports passed
[INFO] Rule 1: org.apache.maven.plugins.enforcer.RestrictImports passed
[INFO] Rule 2: org.apache.maven.plugins.enforcer.RestrictImports passed
[INFO] 
[INFO] --- maven-enforcer-plugin:3.4.1:enforce (ban-junit4-imports) @ ozone-integration-test ---
[INFO] Skipping Rule Enforcement.
[INFO] 
[INFO] --- maven-remote-resources-plugin:1.5:process (default) @ ozone-integration-test ---
[INFO] 
[INFO] --- maven-resources-plugin:3.1.0:resources (default-resources) @ ozone-integration-test ---
[INFO] Using 'UTF-8' encoding to copy filtered resources.
[INFO] skip non existing resourceDirectory /home/runner/work/ozone/ozone/hadoop-ozone/integration-test/src/main/resources
[INFO] Copying 2 resources
[INFO] 
[INFO] --- maven-compiler-plugin:3.1:compile (default-compile) @ ozone-integration-test ---
[INFO] No sources to compile
[INFO] 
[INFO] --- maven-resources-plugin:3.1.0:testResources (default-testResources) @ ozone-integration-test ---
[INFO] Using 'UTF-8' encoding to copy filtered resources.
[INFO] Copying 22 resources
[INFO] Copying 2 resources
[INFO] 
[INFO] --- maven-compiler-plugin:3.1:testCompile (default-testCompile) @ ozone-integration-test ---
[INFO] Compiling 296 source files to /home/runner/work/ozone/ozone/hadoop-ozone/integration-test/target/test-classes
[WARNING] /home/runner/work/ozone/ozone/hadoop-ozone/integration-test/src/test/java/org/apache/hadoop/ozone/TestBlockTokens.java: Some input files use or override a deprecated API.
[WARNING] /home/runner/work/ozone/ozone/hadoop-ozone/integration-test/src/test/java/org/apache/hadoop/ozone/TestBlockTokens.java: Recompile with -Xlint:deprecation for details.
[WARNING] /home/runner/work/ozone/ozone/hadoop-ozone/integration-test/src/test/java/org/apache/hadoop/ozone/om/ratis/TestOzoneManagerRatisRequest.java: Some input files use unchecked or unsafe operations.
[WARNING] /home/runner/work/ozone/ozone/hadoop-ozone/integration-test/src/test/java/org/apache/hadoop/ozone/om/ratis/TestOzoneManagerRatisRequest.java: Recompile with -Xlint:unchecked for details.
[INFO] 
[INFO] --- maven-surefire-plugin:3.2.2:test (default-test) @ ozone-integration-test ---
[INFO] Using auto detected provider org.apache.maven.surefire.junitplatform.JUnitPlatformProvider
[INFO] Using auto detected provider org.apache.maven.surefire.junitplatform.JUnitPlatformProvider
[INFO] 
[INFO] -------------------------------------------------------
[INFO]  T E S T S
[INFO] -------------------------------------------------------
[INFO] Running org.apache.hadoop.ozone.client.rpc.TestContainerStateMachineFailures
[INFO] Tests run: 6, Failures: 0, Errors: 0, Skipped: 0, Time elapsed: 88.69 s -- in org.apache.hadoop.ozone.client.rpc.TestContainerStateMachineFailures
[INFO] Running org.apache.hadoop.ozone.client.rpc.Test2WayCommitInRatis
[INFO] Tests run: 1, Failures: 0, Errors: 0, Skipped: 0, Time elapsed: 35.90 s -- in org.apache.hadoop.ozone.client.rpc.Test2WayCommitInRatis
[INFO] Running org.apache.hadoop.ozone.client.rpc.TestContainerStateMachineFailureOnRead
[INFO] Tests run: 1, Failures: 0, Errors: 0, Skipped: 0, Time elapsed: 39.88 s -- in org.apache.hadoop.ozone.client.rpc.TestContainerStateMachineFailureOnRead
[INFO] Running org.apache.hadoop.ozone.client.rpc.TestFailureHandlingByClient
[INFO] Tests run: 5, Failures: 0, Errors: 0, Skipped: 0, Time elapsed: 206.0 s -- in org.apache.hadoop.ozone.client.rpc.TestFailureHandlingByClient
[INFO] Running org.apache.hadoop.ozone.client.rpc.TestContainerReplicationEndToEnd
[INFO] Tests run: 1, Failures: 0, Errors: 0, Skipped: 0, Time elapsed: 81.43 s -- in org.apache.hadoop.ozone.client.rpc.TestContainerReplicationEndToEnd
[INFO] Running org.apache.hadoop.ozone.client.rpc.TestOzoneRpcClient
[INFO] Tests run: 120, Failures: 0, Errors: 0, Skipped: 0, Time elapsed: 48.57 s -- in org.apache.hadoop.ozone.client.rpc.TestOzoneRpcClient
[INFO] Running org.apache.hadoop.ozone.client.rpc.TestOzoneRpcClientWithRatis
[INFO] Tests run: 123, Failures: 0, Errors: 0, Skipped: 0, Time elapsed: 59.05 s -- in org.apache.hadoop.ozone.client.rpc.TestOzoneRpcClientWithRatis
[INFO] Running org.apache.hadoop.ozone.client.rpc.TestHybridPipelineOnDatanode
[INFO] Tests run: 1, Failures: 0, Errors: 0, Skipped: 0, Time elapsed: 23.79 s -- in org.apache.hadoop.ozone.client.rpc.TestHybridPipelineOnDatanode
[INFO] Running org.apache.hadoop.ozone.client.rpc.TestContainerStateMachineStream
[INFO] Tests run: 2, Failures: 0, Errors: 0, Skipped: 0, Time elapsed: 41.97 s -- in org.apache.hadoop.ozone.client.rpc.TestContainerStateMachineStream
[INFO] Running org.apache.hadoop.ozone.client.rpc.TestOzoneAtRestEncryption
[INFO] Tests run: 22, Failures: 0, Errors: 0, Skipped: 0, Time elapsed: 44.35 s -- in org.apache.hadoop.ozone.client.rpc.TestOzoneAtRestEncryption
[INFO] Running org.apache.hadoop.ozone.client.rpc.TestBCSID
[INFO] Tests run: 1, Failures: 0, Errors: 0, Skipped: 0, Time elapsed: 35.44 s -- in org.apache.hadoop.ozone.client.rpc.TestBCSID
[INFO] Running org.apache.hadoop.ozone.client.rpc.TestECKeyOutputStream
[INFO] Tests run: 13, Failures: 0, Errors: 0, Skipped: 0, Time elapsed: 66.62 s -- in org.apache.hadoop.ozone.client.rpc.TestECKeyOutputStream
[INFO] Running org.apache.hadoop.ozone.client.rpc.TestSecureOzoneRpcClient
[ERROR] Tests run: 123, Failures: 1, Errors: 0, Skipped: 0, Time elapsed: 44.99 s <<< FAILURE! -- in org.apache.hadoop.ozone.client.rpc.TestSecureOzoneRpcClient
[ERROR] org.apache.hadoop.ozone.client.rpc.TestSecureOzoneRpcClient.testListSnapshot -- Time elapsed: 1.489 s <<< FAILURE!
org.opentest4j.AssertionFailedError: expected: <20> but was: <21>
	at org.apache.hadoop.ozone.client.rpc.TestOzoneRpcClientAbstract.testListSnapshot(TestOzoneRpcClientAbstract.java:4288)
	at java.lang.reflect.Method.invoke(Method.java:498)
	at java.util.ArrayList.forEach(ArrayList.java:1259)
	at java.util.ArrayList.forEach(ArrayList.java:1259)

[INFO] Running org.apache.hadoop.ozone.client.rpc.TestMultiBlockWritesWithDnFailures
[INFO] Tests run: 2, Failures: 0, Errors: 0, Skipped: 0, Time elapsed: 109.2 s -- in org.apache.hadoop.ozone.client.rpc.TestMultiBlockWritesWithDnFailures
[INFO] Running org.apache.hadoop.ozone.client.rpc.TestContainerStateMachineFlushDelay
[INFO] Tests run: 1, Failures: 0, Errors: 0, Skipped: 0, Time elapsed: 57.03 s -- in org.apache.hadoop.ozone.client.rpc.TestContainerStateMachineFlushDelay
[INFO] Running org.apache.hadoop.ozone.client.rpc.TestOzoneRpcClientWithKeyLatestVersion
[INFO] Tests run: 2, Failures: 0, Errors: 0, Skipped: 0, Time elapsed: 24.90 s -- in org.apache.hadoop.ozone.client.rpc.TestOzoneRpcClientWithKeyLatestVersion
[INFO] Running org.apache.hadoop.ozone.client.rpc.TestOzoneClientRetriesOnExceptions
[INFO] Tests run: 2, Failures: 0, Errors: 0, Skipped: 0, Time elapsed: 71.97 s -- in org.apache.hadoop.ozone.client.rpc.TestOzoneClientRetriesOnExceptions
[INFO] Running org.apache.hadoop.ozone.client.rpc.TestBlockOutputStreamWithFailures
[INFO] Tests run: 6, Failures: 0, Errors: 0, Skipped: 0, Time elapsed: 298.0 s -- in org.apache.hadoop.ozone.client.rpc.TestBlockOutputStreamWithFailures
[INFO] Running org.apache.hadoop.ozone.client.rpc.TestBlockOutputStream
[INFO] Tests run: 12, Failures: 0, Errors: 0, Skipped: 0, Time elapsed: 27.80 s -- in org.apache.hadoop.ozone.client.rpc.TestBlockOutputStream
[INFO] Running org.apache.hadoop.ozone.client.rpc.TestDeleteWithInAdequateDN
[INFO] Tests run: 1, Failures: 0, Errors: 0, Skipped: 0, Time elapsed: 50.22 s -- in org.apache.hadoop.ozone.client.rpc.TestDeleteWithInAdequateDN
[INFO] Running org.apache.hadoop.ozone.client.rpc.TestValidateBCSIDOnRestart
[INFO] Tests run: 1, Failures: 0, Errors: 0, Skipped: 0, Time elapsed: 44.08 s -- in org.apache.hadoop.ozone.client.rpc.TestValidateBCSIDOnRestart
[INFO] Running org.apache.hadoop.ozone.client.rpc.read.TestChunkInputStream
[INFO] Tests run: 2, Failures: 0, Errors: 0, Skipped: 0, Time elapsed: 43.17 s -- in org.apache.hadoop.ozone.client.rpc.read.TestChunkInputStream
[INFO] Running org.apache.hadoop.ozone.client.rpc.read.TestKeyInputStream
[INFO] Tests run: 6, Failures: 0, Errors: 0, Skipped: 0, Time elapsed: 157.7 s -- in org.apache.hadoop.ozone.client.rpc.read.TestKeyInputStream
[INFO] Running org.apache.hadoop.ozone.client.rpc.TestDiscardPreallocatedBlocks
[INFO] Tests run: 1, Failures: 0, Errors: 0, Skipped: 0, Time elapsed: 28.88 s -- in org.apache.hadoop.ozone.client.rpc.TestDiscardPreallocatedBlocks
[INFO] Running org.apache.hadoop.ozone.client.rpc.TestCloseContainerHandlingByClient
[INFO] Tests run: 7, Failures: 0, Errors: 0, Skipped: 0, Time elapsed: 54.31 s -- in org.apache.hadoop.ozone.client.rpc.TestCloseContainerHandlingByClient
[INFO] Running org.apache.hadoop.ozone.client.rpc.TestOzoneClientMultipartUploadWithFSO
[INFO] Tests run: 24, Failures: 0, Errors: 0, Skipped: 0, Time elapsed: 26.60 s -- in org.apache.hadoop.ozone.client.rpc.TestOzoneClientMultipartUploadWithFSO
[INFO] Running org.apache.hadoop.ozone.client.rpc.TestECKeyOutputStreamWithZeroCopy
[INFO] Tests run: 13, Failures: 0, Errors: 0, Skipped: 0, Time elapsed: 65.08 s -- in org.apache.hadoop.ozone.client.rpc.TestECKeyOutputStreamWithZeroCopy
[INFO] Running org.apache.hadoop.ozone.client.rpc.TestContainerStateMachine
[INFO] Tests run: 2, Failures: 0, Errors: 0, Skipped: 0, Time elapsed: 81.47 s -- in org.apache.hadoop.ozone.client.rpc.TestContainerStateMachine
[INFO] Running org.apache.hadoop.ozone.client.rpc.TestFailureHandlingByClientFlushDelay
[INFO] Tests run: 1, Failures: 0, Errors: 0, Skipped: 0, Time elapsed: 87.55 s -- in org.apache.hadoop.ozone.client.rpc.TestFailureHandlingByClientFlushDelay
[INFO] Running org.apache.hadoop.ozone.client.rpc.TestBlockDataStreamOutput
[INFO] Tests run: 7, Failures: 0, Errors: 0, Skipped: 0, Time elapsed: 40.82 s -- in org.apache.hadoop.ozone.client.rpc.TestBlockDataStreamOutput
[INFO] Running org.apache.hadoop.ozone.client.rpc.TestReadRetries
[INFO] Tests run: 1, Failures: 0, Errors: 0, Skipped: 0, Time elapsed: 29.20 s -- in org.apache.hadoop.ozone.client.rpc.TestReadRetries
[INFO] Running org.apache.hadoop.ozone.client.rpc.TestOzoneClientRetriesOnExceptionFlushDelay
[INFO] Tests run: 1, Failures: 0, Errors: 0, Skipped: 0, Time elapsed: 40.26 s -- in org.apache.hadoop.ozone.client.rpc.TestOzoneClientRetriesOnExceptionFlushDelay
[INFO] Running org.apache.hadoop.ozone.client.TestOzoneClientFactory
[INFO] Tests run: 1, Failures: 0, Errors: 0, Skipped: 0, Time elapsed: 6.328 s -- in org.apache.hadoop.ozone.client.TestOzoneClientFactory
[INFO] 
[INFO] Results:
[INFO] 
[ERROR] Failures: 
[ERROR]   TestSecureOzoneRpcClient>TestOzoneRpcClientAbstract.testListSnapshot:4288 expected: <20> but was: <21>
[INFO] 
[ERROR] Tests run: 512, Failures: 1, Errors: 0, Skipped: 0
[INFO] 
[INFO] 
[INFO] ------------------------------------------------------------------------
[INFO] Skipping Apache Ozone Mini Ozone Chaos Tests
[INFO] This project has been banned from the build due to previous failures.
[INFO] ------------------------------------------------------------------------
[INFO] ------------------------------------------------------------------------
[INFO] Reactor Summary for Apache Ozone Integration Tests 1.5.0-SNAPSHOT:
[INFO] 
[INFO] Apache Ozone Integration Tests ..................... FAILURE [37:08 min]
[INFO] Apache Ozone Mini Ozone Chaos Tests ................ SKIPPED
[INFO] ------------------------------------------------------------------------
[INFO] BUILD FAILURE
[INFO] ------------------------------------------------------------------------
[INFO] Total time:  37:09 min
[INFO] Finished at: 2023-12-19T18:41:18Z
[INFO] ------------------------------------------------------------------------
[INFO] 11 goals, 11 executed
[INFO] 
[INFO] Publishing build scan...
[INFO] https://ge.apache.org/s/fs6yfeqyidtzq
[INFO] 
[ERROR] Failed to execute goal org.apache.maven.plugins:maven-surefire-plugin:3.2.2:test (default-test) on project ozone-integration-test: There are test failures.
[ERROR] 
[ERROR] Please refer to /home/runner/work/ozone/ozone/hadoop-ozone/integration-test/target/surefire-reports for the individual test results.
[ERROR] Please refer to dump files (if any exist) [date].dump, [date]-jvmRun[N].dump and [date].dumpstream.
[ERROR] -> [Help 1]
[ERROR] 
[ERROR] To see the full stack trace of the errors, re-run Maven with the -e switch.
[ERROR] Re-run Maven using the -X switch to enable full debug logging.
[ERROR] 
[ERROR] For more information about the errors and possible solutions, please read the following articles:
[ERROR] [Help 1] http://cwiki.apache.org/confluence/display/MAVEN/MojoFailureException
