[INFO] Scanning for projects...
[INFO] ------------------------------------------------------------------------
[INFO] Detecting the operating system and CPU architecture
[INFO] ------------------------------------------------------------------------
[INFO] os.detected.name: linux
[INFO] os.detected.arch: x86_64
[INFO] os.detected.version: 5.4
[INFO] os.detected.version.major: 5
[INFO] os.detected.version.minor: 4
[INFO] os.detected.release: ubuntu
[INFO] os.detected.release.version: 18.04
[INFO] os.detected.release.like.ubuntu: true
[INFO] os.detected.release.like.debian: true
[INFO] os.detected.classifier: linux-x86_64
[INFO] ------------------------------------------------------------------------
[INFO] Reactor Build Order:
[INFO] 
[INFO] Apache Ozone Integration Tests                                     [jar]
[INFO] Apache Ozone Mini Ozone Chaos Tests                                [jar]
[INFO] 
[INFO] --------------< org.apache.ozone:ozone-integration-test >---------------
[INFO] Building Apache Ozone Integration Tests 1.2.0-SNAPSHOT             [1/2]
[INFO] --------------------------------[ jar ]---------------------------------
[INFO] 
[INFO] --- maven-antrun-plugin:1.3:run (create-testdirs) @ ozone-integration-test ---
[INFO] Executing tasks
[INFO] Executed tasks
[INFO] 
[INFO] --- jacoco-maven-plugin:0.8.5:prepare-agent (default-prepare-agent) @ ozone-integration-test ---
[INFO] argLine set to -javaagent:/home/runner/.m2/repository/org/jacoco/org.jacoco.agent/0.8.5/org.jacoco.agent-0.8.5-runtime.jar=destfile=/home/runner/work/ozone/ozone/mnt/ozone/hadoop-ozone/integration-test/target/jacoco.exec,includes=org.apache.hadoop.hdds.*:org.apache.hadoop.ozone.*:org.apache.hadoop.fs.ozone.*
[INFO] 
[INFO] --- maven-remote-resources-plugin:1.5:process (default) @ ozone-integration-test ---
[INFO] 
[INFO] --- maven-resources-plugin:3.1.0:resources (default-resources) @ ozone-integration-test ---
[INFO] Using 'UTF-8' encoding to copy filtered resources.
[INFO] skip non existing resourceDirectory /home/runner/work/ozone/ozone/mnt/ozone/hadoop-ozone/integration-test/src/main/resources
[INFO] Copying 2 resources
[INFO] 
[INFO] --- maven-compiler-plugin:3.1:compile (default-compile) @ ozone-integration-test ---
[INFO] No sources to compile
[INFO] 
[INFO] --- maven-resources-plugin:3.1.0:testResources (default-testResources) @ ozone-integration-test ---
[INFO] Using 'UTF-8' encoding to copy filtered resources.
[INFO] Copying 21 resources
[INFO] Copying 2 resources
[INFO] 
[INFO] --- maven-compiler-plugin:3.1:testCompile (default-testCompile) @ ozone-integration-test ---
[INFO] Compiling 11 source files to /home/runner/work/ozone/ozone/mnt/ozone/hadoop-ozone/integration-test/target/test-classes
[INFO] 
[INFO] --- maven-surefire-plugin:3.0.0-M1:test (default-test) @ ozone-integration-test ---
[INFO] 
[INFO] -------------------------------------------------------
[INFO]  T E S T S
[INFO] -------------------------------------------------------
[INFO] Running org.apache.hadoop.ozone.client.rpc.TestMultiBlockWritesWithDnFailures
[INFO] Tests run: 2, Failures: 0, Errors: 0, Skipped: 0, Time elapsed: 119.122 s - in org.apache.hadoop.ozone.client.rpc.TestMultiBlockWritesWithDnFailures
[INFO] Running org.apache.hadoop.ozone.client.rpc.TestDiscardPreallocatedBlocks
[INFO] Tests run: 1, Failures: 0, Errors: 0, Skipped: 0, Time elapsed: 36.039 s - in org.apache.hadoop.ozone.client.rpc.TestDiscardPreallocatedBlocks
[INFO] Running org.apache.hadoop.ozone.client.rpc.TestReadRetries
[INFO] Tests run: 2, Failures: 0, Errors: 0, Skipped: 0, Time elapsed: 62.02 s - in org.apache.hadoop.ozone.client.rpc.TestReadRetries
[INFO] Running org.apache.hadoop.ozone.client.rpc.TestContainerStateMachineFlushDelay
[INFO] Tests run: 1, Failures: 0, Errors: 0, Skipped: 0, Time elapsed: 40.099 s - in org.apache.hadoop.ozone.client.rpc.TestContainerStateMachineFlushDelay
[INFO] Running org.apache.hadoop.ozone.client.rpc.TestContainerReplicationEndToEnd
[INFO] Tests run: 1, Failures: 0, Errors: 0, Skipped: 0, Time elapsed: 73.798 s - in org.apache.hadoop.ozone.client.rpc.TestContainerReplicationEndToEnd
[INFO] Running org.apache.hadoop.ozone.client.rpc.TestFailureHandlingByClientFlushDelay
[INFO] Tests run: 1, Failures: 0, Errors: 0, Skipped: 0, Time elapsed: 77.006 s - in org.apache.hadoop.ozone.client.rpc.TestFailureHandlingByClientFlushDelay
[INFO] Running org.apache.hadoop.ozone.client.rpc.TestOzoneClientRetriesOnExceptions
[INFO] Tests run: 2, Failures: 0, Errors: 0, Skipped: 0, Time elapsed: 81.487 s - in org.apache.hadoop.ozone.client.rpc.TestOzoneClientRetriesOnExceptions
[INFO] Running org.apache.hadoop.ozone.client.rpc.TestValidateBCSIDOnRestart
[INFO] Tests run: 1, Failures: 0, Errors: 0, Skipped: 0, Time elapsed: 36.945 s - in org.apache.hadoop.ozone.client.rpc.TestValidateBCSIDOnRestart
[INFO] Running org.apache.hadoop.ozone.client.rpc.TestSecureOzoneRpcClient
[WARNING] Tests run: 83, Failures: 0, Errors: 0, Skipped: 1, Time elapsed: 72.731 s - in org.apache.hadoop.ozone.client.rpc.TestSecureOzoneRpcClient
[INFO] Running org.apache.hadoop.ozone.client.rpc.TestBCSID
[INFO] Tests run: 1, Failures: 0, Errors: 0, Skipped: 0, Time elapsed: 44.19 s - in org.apache.hadoop.ozone.client.rpc.TestBCSID
[INFO] Running org.apache.hadoop.ozone.client.rpc.TestOzoneRpcClientWithRatis
[INFO] Tests run: 82, Failures: 0, Errors: 0, Skipped: 0, Time elapsed: 193.785 s - in org.apache.hadoop.ozone.client.rpc.TestOzoneRpcClientWithRatis
[INFO] Running org.apache.hadoop.ozone.client.rpc.TestBlockOutputStream
[INFO] Tests run: 6, Failures: 0, Errors: 0, Skipped: 0, Time elapsed: 45.732 s - in org.apache.hadoop.ozone.client.rpc.TestBlockOutputStream
[INFO] Running org.apache.hadoop.ozone.client.rpc.TestOzoneRpcClientForAclAuditLog
[WARNING] Tests run: 1, Failures: 0, Errors: 0, Skipped: 1, Time elapsed: 0.002 s - in org.apache.hadoop.ozone.client.rpc.TestOzoneRpcClientForAclAuditLog
[INFO] Running org.apache.hadoop.ozone.client.rpc.TestOzoneRpcClient
[INFO] Tests run: 81, Failures: 0, Errors: 0, Skipped: 0, Time elapsed: 166.302 s - in org.apache.hadoop.ozone.client.rpc.TestOzoneRpcClient
[INFO] Running org.apache.hadoop.ozone.client.rpc.TestCloseContainerHandlingByClient
[ERROR] Tests run: 7, Failures: 0, Errors: 1, Skipped: 0, Time elapsed: 133.814 s <<< FAILURE! - in org.apache.hadoop.ozone.client.rpc.TestCloseContainerHandlingByClient
[ERROR] testMultiBlockWrites3  Time elapsed: 79.167 s  <<< ERROR!
java.io.IOException: java.io.IOException: java.io.IOException: INTERNAL_ERROR org.apache.hadoop.ozone.om.exceptions.OMException: Allocated 0 blocks. Requested 1 blocks
	at org.apache.hadoop.ozone.client.io.KeyOutputStream.handleWrite(KeyOutputStream.java:250)
	at org.apache.hadoop.ozone.client.io.KeyOutputStream.write(KeyOutputStream.java:220)
	at org.apache.hadoop.ozone.client.io.OzoneOutputStream.write(OzoneOutputStream.java:50)
	at java.io.OutputStream.write(OutputStream.java:75)
	at org.apache.hadoop.ozone.client.rpc.TestCloseContainerHandlingByClient.testMultiBlockWrites3(TestCloseContainerHandlingByClient.java:330)
	at sun.reflect.NativeMethodAccessorImpl.invoke0(Native Method)
	at sun.reflect.NativeMethodAccessorImpl.invoke(NativeMethodAccessorImpl.java:62)
	at sun.reflect.DelegatingMethodAccessorImpl.invoke(DelegatingMethodAccessorImpl.java:43)
	at java.lang.reflect.Method.invoke(Method.java:498)
	at org.junit.runners.model.FrameworkMethod$1.runReflectiveCall(FrameworkMethod.java:59)
	at org.junit.internal.runners.model.ReflectiveCallable.run(ReflectiveCallable.java:12)
	at org.junit.runners.model.FrameworkMethod.invokeExplosively(FrameworkMethod.java:56)
	at org.junit.internal.runners.statements.InvokeMethod.evaluate(InvokeMethod.java:17)
	at org.junit.internal.runners.statements.FailOnTimeout$CallableStatement.call(FailOnTimeout.java:288)
	at org.junit.internal.runners.statements.FailOnTimeout$CallableStatement.call(FailOnTimeout.java:282)
	at java.util.concurrent.FutureTask.run(FutureTask.java:266)
	at java.lang.Thread.run(Thread.java:748)
Caused by: java.io.IOException: java.io.IOException: INTERNAL_ERROR org.apache.hadoop.ozone.om.exceptions.OMException: Allocated 0 blocks. Requested 1 blocks
	at org.apache.hadoop.ozone.client.io.KeyOutputStream.handleWrite(KeyOutputStream.java:250)
	at org.apache.hadoop.ozone.client.io.KeyOutputStream.handleRetry(KeyOutputStream.java:423)
	at org.apache.hadoop.ozone.client.io.KeyOutputStream.handleException(KeyOutputStream.java:368)
	at org.apache.hadoop.ozone.client.io.KeyOutputStream.writeToOutputStream(KeyOutputStream.java:282)
	at org.apache.hadoop.ozone.client.io.KeyOutputStream.handleWrite(KeyOutputStream.java:240)
	... 16 more
Caused by: java.io.IOException: INTERNAL_ERROR org.apache.hadoop.ozone.om.exceptions.OMException: Allocated 0 blocks. Requested 1 blocks
	at org.apache.hadoop.ozone.client.io.KeyOutputStream.handleWrite(KeyOutputStream.java:250)
	at org.apache.hadoop.ozone.client.io.KeyOutputStream.handleRetry(KeyOutputStream.java:423)
	at org.apache.hadoop.ozone.client.io.KeyOutputStream.handleException(KeyOutputStream.java:368)
	at org.apache.hadoop.ozone.client.io.KeyOutputStream.writeToOutputStream(KeyOutputStream.java:282)
	at org.apache.hadoop.ozone.client.io.KeyOutputStream.handleWrite(KeyOutputStream.java:240)
	... 20 more
Caused by: INTERNAL_ERROR org.apache.hadoop.ozone.om.exceptions.OMException: Allocated 0 blocks. Requested 1 blocks
	at org.apache.hadoop.ozone.om.protocolPB.OzoneManagerProtocolClientSideTranslatorPB.handleError(OzoneManagerProtocolClientSideTranslatorPB.java:613)
	at org.apache.hadoop.ozone.om.protocolPB.OzoneManagerProtocolClientSideTranslatorPB.allocateBlock(OzoneManagerProtocolClientSideTranslatorPB.java:643)
	at org.apache.hadoop.ozone.client.io.BlockOutputStreamEntryPool.allocateNewBlock(BlockOutputStreamEntryPool.java:243)
	at org.apache.hadoop.ozone.client.io.BlockOutputStreamEntryPool.allocateBlockIfNeeded(BlockOutputStreamEntryPool.java:289)
	at org.apache.hadoop.ozone.client.io.KeyOutputStream.handleWrite(KeyOutputStream.java:229)
	... 24 more

[WARNING] ForkStarter IOException: java.io.IOException: No space left on device
java.io.IOException: No space left on device
java.io.IOException: No space left on device
java.io.IOException: No space left on device
java.io.IOException: No space left on device
java.io.IOException: No space left on device
java.io.IOException: No space left on device
java.io.IOException: No space left on device
java.io.IOException: No space left on device
java.io.IOException: No space left on device
java.io.IOException: No space left on device
java.io.IOException: No space left on device
java.io.IOException: No space left on device
java.io.IOException: No space left on device
java.io.IOException: No space left on device
java.io.IOException: No space left on device
java.io.IOException: No space left on device
java.io.IOException: No space left on device
java.io.IOException: No space left on device
java.io.IOException: No space left on device
java.io.IOException: No space left on device
java.io.IOException: No space left on device
java.io.IOException: No space left on device
java.io.IOException: No space left on device
java.io.IOException: No space left on device
java.io.IOException: No space left on device
java.io.IOException: No space left on device
java.io.IOException: No space left on device
java.io.IOException: No space left on device
java.io.IOException: No space left on device
java.io.IOException: No space left on device
java.io.IOException: No space left on device
java.io.IOException: No space left on device
java.io.IOException: No space left on device
java.io.IOException: No space left on device
java.io.IOException: No space left on device
java.io.IOException: No space left on device
java.io.IOException: No space left on device
java.io.IOException: No space left on device
java.io.IOException: No space left on device
java.io.IOException: No space left on device
java.io.IOException: No space left on device
java.io.IOException: No space left on device
java.io.IOException: No space left on device
java.io.IOException: No space left on device
java.io.IOException: No space left on device
java.io.IOException: No space left on device
java.io.IOException: No space left on device
java.io.IOException: No space left on device
java.io.IOException: No space left on device
java.io.IOException: No space left on device
java.io.IOException: No space left on device
java.io.IOException: No space left on device
java.io.IOException: No space left on device
java.io.IOException: No space left on device
java.io.IOException: No space left on device
java.io.IOException: No space left on device
java.io.IOException: No space left on device
java.io.IOException: No space left on device
java.io.IOException: No space left on device
java.io.IOException: No space left on device
java.io.IOException: No space left on device
java.io.IOException: No space left on device
java.io.IOException: No space left on device
java.io.IOException: No space left on device
java.io.IOException: No space left on device
java.io.IOException: No space left on device
java.io.IOException: No space left on device
java.io.IOException: No space left on device
java.io.IOException: No space left on device
java.io.IOException: No space left on device
java.io.IOException: No space left on device
java.io.IOException: No space left on device
java.io.IOException: No space left on device
java.io.IOException: No space left on device
java.io.IOException: No space left on device
java.io.IOException: No space left on device
java.io.IOException: No space left on device
java.io.IOException: No space left on device
java.io.IOException: No space left on device
java.io.IOException: No space left on device
java.io.IOException: No space left on device
java.io.IOException: No space left on device
java.io.IOException: No space left on device
java.io.IOException: No space left on device
java.io.IOException: No space left on device
java.io.IOException: No space left on device
java.io.IOException: No space left on device
java.io.IOException: No space left on device
java.io.IOException: No space left on device
java.io.IOException: No space left on device
java.io.IOException: No space left on device
java.io.IOException: No space left on device
java.io.IOException: No space left on device
java.io.IOException: No space left on device
java.io.IOException: No space left on device
java.io.IOException: No space left on device
java.io.IOException: No space left on device
java.io.IOException: No space left on device
java.io.IOException: No space left on device
java.io.IOException: No space left on device
java.io.IOException: No space left on device
java.io.IOException: No space left on device
java.io.IOException: No space left on device
java.io.IOException: No space left on device
java.io.IOException: No space left on device
java.io.IOException: No space left on device
java.io.IOException: No space left on device
java.io.IOException: No space left on device
java.io.IOException: No space left on device
java.io.IOException: No space left on device
java.io.IOException: No space left on device
java.io.IOException: No space left on device
java.io.IOException: No space left on device
java.io.IOException: No space left on device
java.io.IOException: No space left on device
java.io.IOException: No space left on device
java.io.IOException: No space left on device
java.io.IOException: No space left on device
java.io.IOException: No space left on device
java.io.IOException: No space left on device
java.io.IOException: No space left on device
java.io.IOException: No space left on device
java.io.IOException: No space left on device
java.io.IOException: No space left on device
java.io.IOException: No space left on device
java.io.IOException: No space left on device
java.io.IOException: No space left on device
java.io.IOException: No space left on device
java.io.IOException: No space left on device
java.io.IOException: No space left on device
java.io.IOException: No space left on device
java.io.IOException: No space left on device
java.io.IOException: No space left on device
java.io.IOException: No space left on device
java.io.IOException: No space left on device
java.io.IOException: No space left on device
java.io.IOException: No space left on device
java.io.IOException: No space left on device
java.io.IOException: No space left on device
java.io.IOException: No space left on device
java.io.IOException: No space left on device
java.io.IOException: No space left on device
java.io.IOException: No space left on device
java.io.IOException: No space left on device
java.io.IOException: No space left on device
java.io.IOException: No space left on device
java.io.IOException: No space left on device
java.io.IOException: No space left on device
java.io.IOException: No space left on device
java.io.IOException: No space left on device
java.io.IOException: No space left on device
java.io.IOException: No space left on device
java.io.IOException: No space left on device
java.io.IOException: No space left on device
java.io.IOException: No space left on device
java.io.IOException: No space left on device
java.io.IOException: No space left on device
java.io.IOException: No space left on device
java.io.IOException: No space left on device
java.io.IOException: No space left on device
java.io.IOException: No space left on device
java.io.IOException: No space left on device
java.io.IOException: No space left on device
java.io.IOException: No space left on device
java.io.IOException: No space left on device
java.io.IOException: No space left on device
java.io.IOException: No space left on device
java.io.IOException: No space left on device
java.io.IOException: No space left on device
java.io.IOException: No space left on device
java.io.IOException: No space left on device
java.io.IOException: No space left on device
java.io.IOException: No space left on device
java.io.IOException: No space left on device
java.io.IOException: No space left on device
java.io.IOException: No space left on device
java.io.IOException: No space left on device
java.io.IOException: No space left on device
java.io.IOException: No space left on device
java.io.IOException: No space left on device
java.io.IOException: No space left on device
java.io.IOException: No space left on device
java.io.IOException: No space left on device
java.io.IOException: No space left on device
java.io.IOException: No space left on device
java.io.IOException: No space left on device
java.io.IOException: No space left on device
java.io.IOException: No space left on device
java.io.IOException: No space left on device
java.io.IOException: No space left on device
java.io.IOException: No space left on device
java.io.IOException: No space left on device
java.io.IOException: No space left on device
java.io.IOException: No space left on device
java.io.IOException: No space left on device
java.io.IOException: No space left on device
java.io.IOException: No space left on device
java.io.IOException: No space left on device
java.io.IOException: No space left on device
java.io.IOException: No space left on device
java.io.IOException: No space left on device
java.io.IOException: No space left on device
java.io.IOException: No space left on device
java.io.IOException: No space left on device
java.io.IOException: No space left on device
java.io.IOException: No space left on device
java.io.IOException: No space left on device
java.io.IOException: No space left on device
java.io.IOException: No space left on device
java.io.IOException: No space left on device
java.io.IOException: No space left on device
java.io.IOException: No space left on device
java.io.IOException: No space left on device
java.io.IOException: No space left on device
java.io.IOException: No space left on device
java.io.IOException: No space left on device
java.io.IOException: No space left on device
java.io.IOException: No space left on device
java.io.IOException: No space left on device
java.io.IOException: No space left on device
java.io.IOException: No space left on device
java.io.IOException: No space left on device
java.io.IOException: No space left on device
java.io.IOException: No space left on device
java.io.IOException: No space left on device
java.io.IOException: No space left on device
java.io.IOException: No space left on device
java.io.IOException: No space left on device
java.io.IOException: No space left on device
java.io.IOException: No space left on device
java.io.IOException: No space left on device
java.io.IOException: No space left on device
java.io.IOException: No space left on device
java.io.IOException: No space left on device
java.io.IOException: No space left on device
java.io.IOException: No space left on device
java.io.IOException: No space left on device
java.io.IOException: No space left on device
java.io.IOException: No space left on device
java.io.IOException: No space left on device
java.io.IOException: No space left on device
java.io.IOException: No space left on device
java.io.IOException: No space left on device
java.io.IOException: No space left on device
java.io.IOException: No space left on device
java.io.IOException: No space left on device
java.io.IOException: No space left on device
java.io.IOException: No space left on device
java.io.IOException: No space left on device
java.io.IOException: No space left on device
java.io.IOException: No space left on device
java.io.IOException: No space left on device
java.io.IOException: No space left on device
java.io.IOException: No space left on device
java.io.IOException: No space left on device
java.io.IOException: No space left on device
java.io.IOException: No space left on device
java.io.IOException: No space left on device
java.io.IOException: No space left on device
java.io.IOException: No space left on device
java.io.IOException: No space left on device
java.io.IOException: No space left on device
java.io.IOException: No space left on device
java.io.IOException: No space left on device
java.io.IOException: No space left on device
java.io.IOException: No space left on device
java.io.IOException: No space left on device
java.io.IOException: No space left on device
java.io.IOException: No space left on device
java.io.IOException: No space left on device
java.io.IOException: No space left on device
java.io.IOException: No space left on device
java.io.IOException: No space left on device
java.io.IOException: No space left on device
java.io.IOException: No space left on device
java.io.IOException: No space left on device
java.io.IOException: No space left on device
java.io.IOException: No space left on device
java.io.IOException: No space left on device
java.io.IOException: No space left on device
java.io.IOException: No space left on device
java.io.IOException: No space left on device
java.io.IOException: No space left on device
java.io.IOException: No space left on device
java.io.IOException: No space left on device
java.io.IOException: No space left on device
java.io.IOException: No space left on device
java.io.IOException: No space left on device
java.io.IOException: No space left on device
java.io.IOException: No space left on device
java.io.IOException: No space left on device
java.io.IOException: No space left on device
java.io.IOException: No space left on device
java.io.IOException: No space left on device
java.io.IOException: No space left on device
java.io.IOException: No space left on device
java.io.IOException: No space left on device
java.io.IOException: No space left on device
java.io.IOException: No space left on device
java.io.IOException: No space left on device
java.io.IOException: No space left on device
java.io.IOException: No space left on device
java.io.IOException: No space left on device
java.io.IOException: No space left on device
java.io.IOException: No space left on device
java.io.IOException: No space left on device
java.io.IOException: No space left on device
java.io.IOException: No space left on device
java.io.IOException: No space left on device
java.io.IOException: No space left on device
java.io.IOException: No space left on device
java.io.IOException: No space left on device
java.io.IOException: No space left on device
java.io.IOException: No space left on device
java.io.IOException: No space left on device
java.io.IOException: No space left on device
java.io.IOException: No space left on device
java.io.IOException: No space left on device
java.io.IOException: No space left on device
java.io.IOException: No space left on device
java.io.IOException: No space left on device
java.io.IOException: No space left on device
java.io.IOException: No space left on device
java.io.IOException: No space left on device
java.io.IOException: No space left on device
java.io.IOException: No space left on device
java.io.IOException: No space left on device
java.io.IOException: No space left on device
java.io.IOException: No space left on device
java.io.IOException: No space left on device
java.io.IOException: No space left on device
java.io.IOException: No space left on device
java.io.IOException: No space left on device
java.io.IOException: No space left on device
java.io.IOException: No space left on device
java.io.IOException: No space left on device
java.io.IOException: No space left on device
java.io.IOException: No space left on device
java.io.IOException: No space left on device
java.io.IOException: No space left on device
java.io.IOException: No space left on device
java.io.IOException: No space left on device
java.io.IOException: No space left on device
java.io.IOException: No space left on device
java.io.IOException: No space left on device
java.io.IOException: No space left on device
java.io.IOException: No space left on device
java.io.IOException: No space left on device
java.io.IOException: No space left on device
java.io.IOException: No space left on device
java.io.IOException: No space left on device
java.io.IOException: No space left on device
java.io.IOException: No space left on device
java.io.IOException: No space left on device
java.io.IOException: No space left on device
java.io.IOException: No space left on device
java.io.IOException: No space left on device
java.io.IOException: No space left on device
java.io.IOException: No space left on device
java.io.IOException: No space left on device
java.io.IOException: No space left on device
java.io.IOException: No space left on device
java.io.IOException: No space left on device
java.io.IOException: No space left on device
java.io.IOException: No space left on device
java.io.IOException: No space left on device
java.io.IOException: No space left on device
java.io.IOException: No space left on device
java.io.IOException: No space left on device
java.io.IOException: No space left on device
java.io.IOException: No space left on device
java.io.IOException: No space left on device
java.io.IOException: No space left on device
java.io.IOException: No space left on device
java.io.IOException: No space left on device
java.io.IOException: No space left on device
java.io.IOException: No space left on device
java.io.IOException: No space left on device
java.io.IOException: No space left on device
java.io.IOException: No space left on device
java.io.IOException: No space left on device
java.io.IOException: No space left on device
java.io.IOException: No space left on device
java.io.IOException: No space left on device
java.io.IOException: No space left on device
java.io.IOException: No space left on device
java.io.IOException: No space left on device
java.io.IOException: No space left on device
java.io.IOException: No space left on device
java.io.IOException: No space left on device
java.io.IOException: No space left on device
java.io.IOException: No space left on device
java.io.IOException: No space left on device
java.io.IOException: No space left on device
java.io.IOException: No space left on device
java.io.IOException: No space left on device
java.io.IOException: No space left on device
java.io.IOException: No space left on device
java.io.IOException: No space left on device
java.io.IOException: No space left on device
java.io.IOException: No space left on device
java.io.IOException: No space left on device
java.io.IOException: No space left on device
java.io.IOException: No space left on device. See the dump file /home/runner/work/ozone/ozone/mnt/ozone/hadoop-ozone/integration-test/target/surefire-reports/2021-08-04T08-04-43_092-jvmRun1.dumpstream
[INFO] Running org.apache.hadoop.ozone.client.rpc.TestWatchForCommit
[INFO] Tests run: 4, Failures: 0, Errors: 0, Skipped: 0, Time elapsed: 234.539 s - in org.apache.hadoop.ozone.client.rpc.TestWatchForCommit
[INFO] Running org.apache.hadoop.ozone.client.rpc.TestContainerStateMachine
[INFO] Tests run: 2, Failures: 0, Errors: 0, Skipped: 0, Time elapsed: 74.34 s - in org.apache.hadoop.ozone.client.rpc.TestContainerStateMachine
[INFO] Running org.apache.hadoop.ozone.client.rpc.TestContainerStateMachineFailures
[INFO] Tests run: 5, Failures: 0, Errors: 0, Skipped: 0, Time elapsed: 63 s - in org.apache.hadoop.ozone.client.rpc.TestContainerStateMachineFailures
[INFO] Running org.apache.hadoop.ozone.client.rpc.Test2WayCommitInRatis
[INFO] Tests run: 1, Failures: 0, Errors: 0, Skipped: 0, Time elapsed: 43.589 s - in org.apache.hadoop.ozone.client.rpc.Test2WayCommitInRatis
[INFO] Running org.apache.hadoop.ozone.client.rpc.TestBlockOutputStreamWithFailures
[INFO] Tests run: 8, Failures: 0, Errors: 0, Skipped: 0, Time elapsed: 424.722 s - in org.apache.hadoop.ozone.client.rpc.TestBlockOutputStreamWithFailures
[INFO] Running org.apache.hadoop.ozone.client.rpc.TestOzoneClientRetriesOnExceptionFlushDelay
[INFO] Tests run: 1, Failures: 0, Errors: 0, Skipped: 0, Time elapsed: 44.787 s - in org.apache.hadoop.ozone.client.rpc.TestOzoneClientRetriesOnExceptionFlushDelay
[INFO] Running org.apache.hadoop.ozone.client.rpc.TestContainerStateMachineFailureOnRead
[WARNING] Tests run: 1, Failures: 0, Errors: 0, Skipped: 1, Time elapsed: 0.002 s - in org.apache.hadoop.ozone.client.rpc.TestContainerStateMachineFailureOnRead
[INFO] Running org.apache.hadoop.ozone.client.rpc.TestCommitWatcher
[INFO] Tests run: 2, Failures: 0, Errors: 0, Skipped: 0, Time elapsed: 104.177 s - in org.apache.hadoop.ozone.client.rpc.TestCommitWatcher
[INFO] Running org.apache.hadoop.ozone.client.rpc.TestFailureHandlingByClient
[WARNING] Tests run: 5, Failures: 0, Errors: 0, Skipped: 1, Time elapsed: 259.622 s - in org.apache.hadoop.ozone.client.rpc.TestFailureHandlingByClient
[INFO] Running org.apache.hadoop.ozone.client.rpc.TestBlockOutputStreamWithFailuresFlushDelay
[INFO] Tests run: 8, Failures: 0, Errors: 0, Skipped: 0, Time elapsed: 437.385 s - in org.apache.hadoop.ozone.client.rpc.TestBlockOutputStreamWithFailuresFlushDelay
[INFO] Running org.apache.hadoop.ozone.client.rpc.TestOzoneClientMultipartUploadWithFSO
[INFO] Tests run: 20, Failures: 0, Errors: 0, Skipped: 0, Time elapsed: 30.752 s - in org.apache.hadoop.ozone.client.rpc.TestOzoneClientMultipartUploadWithFSO
[INFO] Running org.apache.hadoop.ozone.client.rpc.read.TestKeyInputStream
[INFO] Tests run: 16, Failures: 0, Errors: 0, Skipped: 0, Time elapsed: 604.429 s - in org.apache.hadoop.ozone.client.rpc.read.TestKeyInputStream
[INFO] Running org.apache.hadoop.ozone.client.rpc.read.TestChunkInputStream
[INFO] Tests run: 6, Failures: 0, Errors: 0, Skipped: 0, Time elapsed: 199.609 s - in org.apache.hadoop.ozone.client.rpc.read.TestChunkInputStream
[INFO] Running org.apache.hadoop.ozone.client.rpc.TestHybridPipelineOnDatanode
[INFO] Tests run: 1, Failures: 0, Errors: 0, Skipped: 0, Time elapsed: 28.657 s - in org.apache.hadoop.ozone.client.rpc.TestHybridPipelineOnDatanode
[INFO] Running org.apache.hadoop.ozone.client.rpc.TestDeleteWithSlowFollower
[INFO] Tests run: 1, Failures: 0, Errors: 0, Skipped: 0, Time elapsed: 155.092 s - in org.apache.hadoop.ozone.client.rpc.TestDeleteWithSlowFollower
[INFO] Running org.apache.hadoop.ozone.client.rpc.TestBlockOutputStreamFlushDelay
[INFO] Tests run: 6, Failures: 0, Errors: 0, Skipped: 0, Time elapsed: 50.349 s - in org.apache.hadoop.ozone.client.rpc.TestBlockOutputStreamFlushDelay
[INFO] Running org.apache.hadoop.ozone.client.rpc.TestOzoneAtRestEncryption
[INFO] Tests run: 7, Failures: 0, Errors: 0, Skipped: 0, Time elapsed: 53.114 s - in org.apache.hadoop.ozone.client.rpc.TestOzoneAtRestEncryption
[INFO] 
[INFO] Results:
[INFO] 
[ERROR] Errors: 
[ERROR]   TestCloseContainerHandlingByClient.testMultiBlockWrites3:330 » IO java.io.IOEx...
[INFO] 
[ERROR] Tests run: 366, Failures: 0, Errors: 1, Skipped: 4
[INFO] 
[INFO] 
[INFO] ------------------------------------------------------------------------
[INFO] Skipping Apache Ozone Mini Ozone Chaos Tests
[INFO] This project has been banned from the build due to previous failures.
[INFO] ------------------------------------------------------------------------
[INFO] ------------------------------------------------------------------------
[INFO] Reactor Summary for Apache Ozone Integration Tests 1.2.0-SNAPSHOT:
[INFO] 
[INFO] Apache Ozone Integration Tests ..................... FAILURE [  01:07 h]
[INFO] Apache Ozone Mini Ozone Chaos Tests ................ SKIPPED
[INFO] ------------------------------------------------------------------------
[INFO] BUILD FAILURE
[INFO] ------------------------------------------------------------------------
[INFO] Total time:  01:07 h
[INFO] Finished at: 2021-08-04T09:11:58Z
[INFO] ------------------------------------------------------------------------
[ERROR] Failed to execute goal org.apache.maven.plugins:maven-surefire-plugin:3.0.0-M1:test (default-test) on project ozone-integration-test: There are test failures.
[ERROR] 
[ERROR] Please refer to /home/runner/work/ozone/ozone/mnt/ozone/hadoop-ozone/integration-test/target/surefire-reports for the individual test results.
[ERROR] Please refer to dump files (if any exist) [date].dump, [date]-jvmRun[N].dump and [date].dumpstream.
[ERROR] -> [Help 1]
[ERROR] 
[ERROR] To see the full stack trace of the errors, re-run Maven with the -e switch.
[ERROR] Re-run Maven using the -X switch to enable full debug logging.
[ERROR] 
[ERROR] For more information about the errors and possible solutions, please read the following articles:
[ERROR] [Help 1] http://cwiki.apache.org/confluence/display/MAVEN/MojoFailureException
