[INFO] Scanning for projects...
[WARNING] 
[WARNING] Some problems were encountered while building the effective model for org.apache.ozone:rocksdb-checkpoint-differ:jar:1.4.0-SNAPSHOT
[WARNING] 'dependencies.dependency.(groupId:artifactId:type:classifier)' must be unique: org.mockito:mockito-core:jar -> duplicate declaration of version (?) @ line 85, column 17
[WARNING] 
[WARNING] It is highly recommended to fix these problems because they threaten the stability of your build.
[WARNING] 
[WARNING] For this reason, future Maven versions might no longer support building such malformed projects.
[WARNING] 
[INFO] ------------------------------------------------------------------------
[INFO] Detecting the operating system and CPU architecture
[INFO] ------------------------------------------------------------------------
[INFO] os.detected.name: linux
[INFO] os.detected.arch: x86_64
[INFO] os.detected.version: 5.15
[INFO] os.detected.version.major: 5
[INFO] os.detected.version.minor: 15
[INFO] os.detected.release: ubuntu
[INFO] os.detected.release.version: 20.04
[INFO] os.detected.release.like.ubuntu: true
[INFO] os.detected.release.like.debian: true
[INFO] os.detected.classifier: linux-x86_64
[INFO] ------------------------------------------------------------------------
[INFO] Reactor Build Order:
[INFO] 
[INFO] Apache Ozone Integration Tests                                     [jar]
[INFO] Apache Ozone Mini Ozone Chaos Tests                                [jar]
[INFO] 
[INFO] --------------< org.apache.ozone:ozone-integration-test >---------------
[INFO] Building Apache Ozone Integration Tests 1.4.0-SNAPSHOT             [1/2]
[INFO]   from pom.xml
[INFO] --------------------------------[ jar ]---------------------------------
[INFO] 
[INFO] --- maven-antrun-plugin:1.3:run (create-testdirs) @ ozone-integration-test ---
[INFO] Executing tasks
[INFO] Executed tasks
[INFO] 
[INFO] --- maven-enforcer-plugin:3.2.1:enforce (depcheck) @ ozone-integration-test ---
[INFO] Rule 0: org.apache.maven.enforcer.rules.dependency.DependencyConvergence passed
[INFO] Rule 1: org.apache.maven.enforcer.rules.version.RequireMavenVersion passed
[INFO] Rule 2: org.apache.maven.enforcer.rules.version.RequireJavaVersion passed
[INFO] 
[INFO] --- jacoco-maven-plugin:0.8.5:prepare-agent (default-prepare-agent) @ ozone-integration-test ---
[INFO] argLine set to -javaagent:/home/runner/.m2/repository/org/jacoco/org.jacoco.agent/0.8.5/org.jacoco.agent-0.8.5-runtime.jar=destfile=/home/runner/work/ozone/ozone/hadoop-ozone/integration-test/target/jacoco.exec,includes=org.apache.hadoop.hdds.*:org.apache.hadoop.ozone.*:org.apache.hadoop.fs.ozone.*
[INFO] 
[INFO] --- maven-enforcer-plugin:3.2.1:enforce (banned-rocksdb-imports) @ ozone-integration-test ---
[INFO] Rule 0: org.apache.maven.plugins.enforcer.RestrictImports passed
[INFO] Rule 1: org.apache.maven.plugins.enforcer.RestrictImports passed
[INFO] 
[INFO] --- maven-remote-resources-plugin:1.5:process (default) @ ozone-integration-test ---
[INFO] 
[INFO] --- maven-resources-plugin:3.1.0:resources (default-resources) @ ozone-integration-test ---
[INFO] Using 'UTF-8' encoding to copy filtered resources.
[INFO] skip non existing resourceDirectory /home/runner/work/ozone/ozone/hadoop-ozone/integration-test/src/main/resources
[INFO] Copying 2 resources
[INFO] 
[INFO] --- maven-compiler-plugin:3.1:compile (default-compile) @ ozone-integration-test ---
[INFO] No sources to compile
[INFO] 
[INFO] --- maven-resources-plugin:3.1.0:testResources (default-testResources) @ ozone-integration-test ---
[INFO] Using 'UTF-8' encoding to copy filtered resources.
[INFO] Copying 22 resources
[INFO] Copying 2 resources
[INFO] 
[INFO] --- maven-compiler-plugin:3.1:testCompile (default-testCompile) @ ozone-integration-test ---
[INFO] Compiling 16 source files to /home/runner/work/ozone/ozone/hadoop-ozone/integration-test/target/test-classes
[INFO] 
[INFO] --- maven-surefire-plugin:3.0.0-M5:test (default-test) @ ozone-integration-test ---
[WARNING] The system property native.lib.tmp.dir is configured twice! The property appears in <argLine/> and any of <systemPropertyVariables/>, <systemProperties/> or user property.
[INFO] 
[INFO] -------------------------------------------------------
[INFO]  T E S T S
[INFO] -------------------------------------------------------
[INFO] Running org.apache.hadoop.ozone.om.TestOzoneManagerHAWithFailover
[ERROR] Aborted (core dumped)
[INFO] Running org.apache.hadoop.ozone.om.TestListStatus
[ERROR] Aborted (core dumped)
[INFO] Running org.apache.hadoop.ozone.om.TestOzoneManagerHAWithACL
[ERROR] Aborted (core dumped)
[INFO] Running org.apache.hadoop.ozone.om.TestBucketLayoutWithOlderClient
[ERROR] Aborted (core dumped)
[INFO] Running org.apache.hadoop.ozone.om.TestOmMetrics
[ERROR] Aborted (core dumped)
[INFO] Running org.apache.hadoop.ozone.om.TestListKeysWithFSO
[ERROR] Aborted (core dumped)
[INFO] Running org.apache.hadoop.ozone.om.TestOzoneManagerHAMetadataOnly
[ERROR] Aborted (core dumped)
[INFO] Running org.apache.hadoop.ozone.om.TestKeyManagerImpl
[ERROR] Aborted (core dumped)
[INFO] Running org.apache.hadoop.ozone.om.TestOMStartupWithBucketLayout
[ERROR] Aborted (core dumped)
[INFO] Running org.apache.hadoop.ozone.om.multitenant.TestMultiTenantVolume
[ERROR] Aborted (core dumped)
[INFO] Running org.apache.hadoop.ozone.om.TestOzoneManagerConfiguration
[ERROR] Aborted (core dumped)
[INFO] Running org.apache.hadoop.ozone.om.TestContainerReportWithKeys
[ERROR] Aborted (core dumped)
[INFO] Running org.apache.hadoop.ozone.om.TestOmInit
[ERROR] Aborted (core dumped)
[INFO] Running org.apache.hadoop.ozone.om.ratis.TestOzoneManagerRatisRequest
[INFO] Tests run: 1, Failures: 0, Errors: 0, Skipped: 0, Time elapsed: 6.365 s - in org.apache.hadoop.ozone.om.ratis.TestOzoneManagerRatisRequest
[INFO] Running org.apache.hadoop.ozone.om.TestOmBlockVersioning
[ERROR] Aborted (core dumped)
[INFO] Running org.apache.hadoop.ozone.om.TestOzoneManagerHAWithData
[ERROR] Aborted (core dumped)
[INFO] Running org.apache.hadoop.ozone.om.TestOmSnapshotFileSystem
[ERROR] Aborted (core dumped)
[INFO] Running org.apache.hadoop.ozone.om.TestLDBCli
[INFO] Tests run: 11, Failures: 0, Errors: 0, Skipped: 0, Time elapsed: 3.915 s - in org.apache.hadoop.ozone.om.TestLDBCli
[INFO] Running org.apache.hadoop.ozone.om.TestKeyPurging
[ERROR] Aborted (core dumped)
[INFO] Running org.apache.hadoop.ozone.om.TestObjectStoreWithLegacyFS
[ERROR] Aborted (core dumped)
[INFO] Running org.apache.hadoop.ozone.om.TestOmAcls
[ERROR] Aborted (core dumped)
[INFO] Running org.apache.hadoop.ozone.om.TestOMBucketLayoutUpgrade
[ERROR] Aborted (core dumped)
[INFO] Running org.apache.hadoop.ozone.om.TestOzoneManagerHASnapshot
[ERROR] Aborted (core dumped)
[INFO] Running org.apache.hadoop.ozone.om.TestOzoneManagerRocksDBLogging
[ERROR] Aborted (core dumped)
[INFO] Running org.apache.hadoop.ozone.om.TestBucketOwner
[ERROR] Aborted (core dumped)
[INFO] Running org.apache.hadoop.ozone.om.TestOmContainerLocationCache
[ERROR] Aborted (core dumped)
[INFO] Running org.apache.hadoop.ozone.om.snapshot.TestOzoneManagerSnapshotAcl
[ERROR] Aborted (core dumped)
[INFO] Running org.apache.hadoop.ozone.om.snapshot.TestOzoneSnapshotRestore
[ERROR] Aborted (core dumped)
[INFO] Running org.apache.hadoop.ozone.om.snapshot.TestOzoneManagerSnapshotProvider
[ERROR] Aborted (core dumped)
[INFO] Running org.apache.hadoop.ozone.om.TestOMUpgradeFinalization
[ERROR] Aborted (core dumped)
[INFO] Running org.apache.hadoop.ozone.om.TestOmSnapshot
[ERROR] Aborted (core dumped)
[INFO] Running org.apache.hadoop.ozone.om.TestAddRemoveOzoneManager
[ERROR] Aborted (core dumped)
[INFO] Running org.apache.hadoop.ozone.om.TestOzoneManagerRestart
[ERROR] Aborted (core dumped)
[INFO] Running org.apache.hadoop.ozone.om.TestOmStartupSlvLessThanMlv
[INFO] Tests run: 1, Failures: 0, Errors: 0, Skipped: 0, Time elapsed: 5.52 s - in org.apache.hadoop.ozone.om.TestOmStartupSlvLessThanMlv
[INFO] Running org.apache.hadoop.ozone.om.TestOzoneManagerRestInterface
[ERROR] Aborted (core dumped)
[INFO] Running org.apache.hadoop.ozone.om.TestOzoneManagerHAKeyDeletion
[ERROR] Aborted (core dumped)
[INFO] Running org.apache.hadoop.ozone.om.TestOMRatisSnapshots
[ERROR] Aborted (core dumped)
[INFO] Running org.apache.hadoop.ozone.om.TestOMEpochForNonRatis
[ERROR] Aborted (core dumped)
[INFO] Running org.apache.hadoop.ozone.om.TestOzoneManagerListVolumes
[ERROR] Aborted (core dumped)
[INFO] Running org.apache.hadoop.ozone.om.TestObjectStoreWithFSO
[ERROR] Aborted (core dumped)
[INFO] Running org.apache.hadoop.ozone.om.TestOMDbCheckpointServlet
[ERROR] Aborted (core dumped)
[INFO] Running org.apache.hadoop.ozone.om.TestObjectStore
[ERROR] Aborted (core dumped)
[INFO] Running org.apache.hadoop.ozone.om.TestSecureOzoneManager
[INFO] Tests run: 2, Failures: 0, Errors: 0, Skipped: 0, Time elapsed: 4.013 s - in org.apache.hadoop.ozone.om.TestSecureOzoneManager
[INFO] Running org.apache.hadoop.ozone.om.TestOzoneManagerHAMetrics
[ERROR] Aborted (core dumped)
[INFO] Running org.apache.hadoop.ozone.om.TestOmSnapshotDisabled
[ERROR] Aborted (core dumped)
[INFO] Running org.apache.hadoop.ozone.om.TestOzoneManagerListVolumesSecure
[ERROR] Tests run: 6, Failures: 0, Errors: 6, Skipped: 0, Time elapsed: 17.66 s <<< FAILURE! - in org.apache.hadoop.ozone.om.TestOzoneManagerListVolumesSecure
[ERROR] org.apache.hadoop.ozone.om.TestOzoneManagerListVolumesSecure.testAclEnabledListAllDisallowed  Time elapsed: 10.68 s  <<< ERROR!
java.io.IOException: RocksDatabase[/tmp/junit6690911786854086556/junit6661299807442358910/om-meta/om.db]: Failed to batchWrite; status : IOError(NoSpace); message : While appending to file: /tmp/junit6690911786854086556/junit6661299807442358910/om-meta/om.db/000004.log: No space left on device
	at org.apache.hadoop.hdds.utils.HddsServerUtil.toIOException(HddsServerUtil.java:654)
	at org.apache.hadoop.hdds.utils.db.RocksDatabase.toIOException(RocksDatabase.java:89)
	at org.apache.hadoop.hdds.utils.db.RocksDatabase.batchWrite(RocksDatabase.java:867)
	at org.apache.hadoop.hdds.utils.db.RocksDatabase.batchWrite(RocksDatabase.java:874)
	at org.apache.hadoop.hdds.utils.db.RDBBatchOperation.commit(RDBBatchOperation.java:348)
	at org.apache.hadoop.hdds.utils.db.RDBStore.commitBatchOperation(RDBStore.java:267)
	at org.apache.hadoop.ozone.om.OzoneManager.addS3GVolumeToDB(OzoneManager.java:4227)
	at org.apache.hadoop.ozone.om.OzoneManager.<init>(OzoneManager.java:657)
	at org.apache.hadoop.ozone.om.OzoneManager.createOm(OzoneManager.java:736)
	at org.apache.hadoop.ozone.om.TestOzoneManagerListVolumesSecure.setupEnvironment(TestOzoneManagerListVolumesSecure.java:211)
	at org.apache.hadoop.ozone.om.TestOzoneManagerListVolumesSecure.testAclEnabledListAllDisallowed(TestOzoneManagerListVolumesSecure.java:449)
	at sun.reflect.NativeMethodAccessorImpl.invoke0(Native Method)
	at sun.reflect.NativeMethodAccessorImpl.invoke(NativeMethodAccessorImpl.java:62)
	at sun.reflect.DelegatingMethodAccessorImpl.invoke(DelegatingMethodAccessorImpl.java:43)
	at java.lang.reflect.Method.invoke(Method.java:498)
	at org.junit.runners.model.FrameworkMethod$1.runReflectiveCall(FrameworkMethod.java:59)
	at org.junit.internal.runners.model.ReflectiveCallable.run(ReflectiveCallable.java:12)
	at org.junit.runners.model.FrameworkMethod.invokeExplosively(FrameworkMethod.java:56)
	at org.junit.internal.runners.statements.InvokeMethod.evaluate(InvokeMethod.java:17)
	at org.junit.internal.runners.statements.RunBefores.evaluate(RunBefores.java:26)
	at org.junit.internal.runners.statements.RunAfters.evaluate(RunAfters.java:27)
	at org.junit.rules.ExternalResource$1.evaluate(ExternalResource.java:54)
	at org.junit.internal.runners.statements.FailOnTimeout$CallableStatement.call(FailOnTimeout.java:288)
	at org.junit.internal.runners.statements.FailOnTimeout$CallableStatement.call(FailOnTimeout.java:282)
	at java.util.concurrent.FutureTask.run(FutureTask.java:266)
	at java.lang.Thread.run(Thread.java:750)
Caused by: org.rocksdb.RocksDBException: While appending to file: /tmp/junit6690911786854086556/junit6661299807442358910/om-meta/om.db/000004.log: No space left on device
	at org.rocksdb.RocksDB.write0(Native Method)
	at org.rocksdb.RocksDB.write(RocksDB.java:1708)
	at org.apache.hadoop.hdds.utils.db.RocksDatabase.batchWrite(RocksDatabase.java:864)
	... 23 more

[ERROR] org.apache.hadoop.ozone.om.TestOzoneManagerListVolumesSecure.testListVolumeWithOtherUsersListAllDisallowed  Time elapsed: 1.644 s  <<< ERROR!
java.lang.RuntimeException: org.rocksdb.RocksDBException: While appending to file: /tmp/junit4859931872134316508/junit6404804827999397979/om-meta/db.snapdiff/000005.dbtmp: No space left on device
	at org.apache.hadoop.ozone.om.OmSnapshotManager.createRocksDbForSnapshotDiff(OmSnapshotManager.java:738)
	at org.apache.hadoop.ozone.om.OmSnapshotManager.<init>(OmSnapshotManager.java:197)
	at org.apache.hadoop.ozone.om.OzoneManager.instantiateServices(OzoneManager.java:817)
	at org.apache.hadoop.ozone.om.OzoneManager.<init>(OzoneManager.java:654)
	at org.apache.hadoop.ozone.om.OzoneManager.createOm(OzoneManager.java:736)
	at org.apache.hadoop.ozone.om.TestOzoneManagerListVolumesSecure.setupEnvironment(TestOzoneManagerListVolumesSecure.java:211)
	at org.apache.hadoop.ozone.om.TestOzoneManagerListVolumesSecure.testListVolumeWithOtherUsersListAllDisallowed(TestOzoneManagerListVolumesSecure.java:374)
	at sun.reflect.NativeMethodAccessorImpl.invoke0(Native Method)
	at sun.reflect.NativeMethodAccessorImpl.invoke(NativeMethodAccessorImpl.java:62)
	at sun.reflect.DelegatingMethodAccessorImpl.invoke(DelegatingMethodAccessorImpl.java:43)
	at java.lang.reflect.Method.invoke(Method.java:498)
	at org.junit.runners.model.FrameworkMethod$1.runReflectiveCall(FrameworkMethod.java:59)
	at org.junit.internal.runners.model.ReflectiveCallable.run(ReflectiveCallable.java:12)
	at org.junit.runners.model.FrameworkMethod.invokeExplosively(FrameworkMethod.java:56)
	at org.junit.internal.runners.statements.InvokeMethod.evaluate(InvokeMethod.java:17)
	at org.junit.internal.runners.statements.RunBefores.evaluate(RunBefores.java:26)
	at org.junit.internal.runners.statements.RunAfters.evaluate(RunAfters.java:27)
	at org.junit.rules.ExternalResource$1.evaluate(ExternalResource.java:54)
	at org.junit.internal.runners.statements.FailOnTimeout$CallableStatement.call(FailOnTimeout.java:288)
	at org.junit.internal.runners.statements.FailOnTimeout$CallableStatement.call(FailOnTimeout.java:282)
	at java.util.concurrent.FutureTask.run(FutureTask.java:266)
	at java.lang.Thread.run(Thread.java:750)
Caused by: org.rocksdb.RocksDBException: While appending to file: /tmp/junit4859931872134316508/junit6404804827999397979/om-meta/db.snapdiff/000005.dbtmp: No space left on device
	at org.rocksdb.RocksDB.open(Native Method)
	at org.rocksdb.RocksDB.open(RocksDB.java:307)
	at org.apache.hadoop.hdds.utils.db.managed.ManagedRocksDB.open(ManagedRocksDB.java:67)
	at org.apache.hadoop.ozone.om.OmSnapshotManager.createRocksDbForSnapshotDiff(OmSnapshotManager.java:732)
	... 21 more

[ERROR] org.apache.hadoop.ozone.om.TestOzoneManagerListVolumesSecure.testListVolumeWithOtherUsersListAllAllowed  Time elapsed: 1.273 s  <<< ERROR!
java.io.IOException: Failed init RocksDB, db path : /tmp/junit7318776960860615767/junit5735899474331105764/om-meta/om.db, exception :org.rocksdb.RocksDBException While appending to file: /tmp/junit7318776960860615767/junit5735899474331105764/om-meta/om.db/000005.dbtmp: No space left on device
	at org.apache.hadoop.hdds.utils.db.RDBStore.<init>(RDBStore.java:173)
	at org.apache.hadoop.hdds.utils.db.DBStoreBuilder.build(DBStoreBuilder.java:213)
	at org.apache.hadoop.ozone.om.OmMetadataManagerImpl.loadDB(OmMetadataManagerImpl.java:560)
	at org.apache.hadoop.ozone.om.OmMetadataManagerImpl.loadDB(OmMetadataManagerImpl.java:527)
	at org.apache.hadoop.ozone.om.OmMetadataManagerImpl.start(OmMetadataManagerImpl.java:517)
	at org.apache.hadoop.ozone.om.OmMetadataManagerImpl.<init>(OmMetadataManagerImpl.java:315)
	at org.apache.hadoop.ozone.om.OzoneManager.instantiateServices(OzoneManager.java:771)
	at org.apache.hadoop.ozone.om.OzoneManager.<init>(OzoneManager.java:654)
	at org.apache.hadoop.ozone.om.OzoneManager.createOm(OzoneManager.java:736)
	at org.apache.hadoop.ozone.om.TestOzoneManagerListVolumesSecure.setupEnvironment(TestOzoneManagerListVolumesSecure.java:211)
	at org.apache.hadoop.ozone.om.TestOzoneManagerListVolumesSecure.testListVolumeWithOtherUsersListAllAllowed(TestOzoneManagerListVolumesSecure.java:326)
	at sun.reflect.NativeMethodAccessorImpl.invoke0(Native Method)
	at sun.reflect.NativeMethodAccessorImpl.invoke(NativeMethodAccessorImpl.java:62)
	at sun.reflect.DelegatingMethodAccessorImpl.invoke(DelegatingMethodAccessorImpl.java:43)
	at java.lang.reflect.Method.invoke(Method.java:498)
	at org.junit.runners.model.FrameworkMethod$1.runReflectiveCall(FrameworkMethod.java:59)
	at org.junit.internal.runners.model.ReflectiveCallable.run(ReflectiveCallable.java:12)
	at org.junit.runners.model.FrameworkMethod.invokeExplosively(FrameworkMethod.java:56)
	at org.junit.internal.runners.statements.InvokeMethod.evaluate(InvokeMethod.java:17)
	at org.junit.internal.runners.statements.RunBefores.evaluate(RunBefores.java:26)
	at org.junit.internal.runners.statements.RunAfters.evaluate(RunAfters.java:27)
	at org.junit.rules.ExternalResource$1.evaluate(ExternalResource.java:54)
	at org.junit.internal.runners.statements.FailOnTimeout$CallableStatement.call(FailOnTimeout.java:288)
	at org.junit.internal.runners.statements.FailOnTimeout$CallableStatement.call(FailOnTimeout.java:282)
	at java.util.concurrent.FutureTask.run(FutureTask.java:266)
	at java.lang.Thread.run(Thread.java:750)
Caused by: java.io.IOException: class org.apache.hadoop.hdds.utils.db.RocksDatabase: Failed to open /tmp/junit7318776960860615767/junit5735899474331105764/om-meta/om.db; status : IOError(NoSpace); message : While appending to file: /tmp/junit7318776960860615767/junit5735899474331105764/om-meta/om.db/000005.dbtmp: No space left on device
	at org.apache.hadoop.hdds.utils.HddsServerUtil.toIOException(HddsServerUtil.java:654)
	at org.apache.hadoop.hdds.utils.db.RocksDatabase.toIOException(RocksDatabase.java:89)
	at org.apache.hadoop.hdds.utils.db.RocksDatabase.open(RocksDatabase.java:166)
	at org.apache.hadoop.hdds.utils.db.RDBStore.<init>(RDBStore.java:111)
	... 25 more
Caused by: org.rocksdb.RocksDBException: While appending to file: /tmp/junit7318776960860615767/junit5735899474331105764/om-meta/om.db/000005.dbtmp: No space left on device
	at org.rocksdb.RocksDB.open(Native Method)
	at org.rocksdb.RocksDB.open(RocksDB.java:307)
	at org.apache.hadoop.hdds.utils.db.managed.ManagedRocksDB.open(ManagedRocksDB.java:67)
	at org.apache.hadoop.hdds.utils.db.RocksDatabase.open(RocksDatabase.java:152)
	... 26 more

[ERROR] org.apache.hadoop.ozone.om.TestOzoneManagerListVolumesSecure.testAclDisabledListAllDisallowed  Time elapsed: 1.261 s  <<< ERROR!
java.io.IOException: Failed init RocksDB, db path : /tmp/junit8887611940473828536/junit1001804292509473199/om-meta/om.db, exception :org.rocksdb.RocksDBException While appending to file: /tmp/junit8887611940473828536/junit1001804292509473199/om-meta/om.db/000005.dbtmp: No space left on device
	at org.apache.hadoop.hdds.utils.db.RDBStore.<init>(RDBStore.java:173)
	at org.apache.hadoop.hdds.utils.db.DBStoreBuilder.build(DBStoreBuilder.java:213)
	at org.apache.hadoop.ozone.om.OmMetadataManagerImpl.loadDB(OmMetadataManagerImpl.java:560)
	at org.apache.hadoop.ozone.om.OmMetadataManagerImpl.loadDB(OmMetadataManagerImpl.java:527)
	at org.apache.hadoop.ozone.om.OmMetadataManagerImpl.start(OmMetadataManagerImpl.java:517)
	at org.apache.hadoop.ozone.om.OmMetadataManagerImpl.<init>(OmMetadataManagerImpl.java:315)
	at org.apache.hadoop.ozone.om.OzoneManager.instantiateServices(OzoneManager.java:771)
	at org.apache.hadoop.ozone.om.OzoneManager.<init>(OzoneManager.java:654)
	at org.apache.hadoop.ozone.om.OzoneManager.createOm(OzoneManager.java:736)
	at org.apache.hadoop.ozone.om.TestOzoneManagerListVolumesSecure.setupEnvironment(TestOzoneManagerListVolumesSecure.java:211)
	at org.apache.hadoop.ozone.om.TestOzoneManagerListVolumesSecure.testAclDisabledListAllDisallowed(TestOzoneManagerListVolumesSecure.java:515)
	at sun.reflect.NativeMethodAccessorImpl.invoke0(Native Method)
	at sun.reflect.NativeMethodAccessorImpl.invoke(NativeMethodAccessorImpl.java:62)
	at sun.reflect.DelegatingMethodAccessorImpl.invoke(DelegatingMethodAccessorImpl.java:43)
	at java.lang.reflect.Method.invoke(Method.java:498)
	at org.junit.runners.model.FrameworkMethod$1.runReflectiveCall(FrameworkMethod.java:59)
	at org.junit.internal.runners.model.ReflectiveCallable.run(ReflectiveCallable.java:12)
	at org.junit.runners.model.FrameworkMethod.invokeExplosively(FrameworkMethod.java:56)
	at org.junit.internal.runners.statements.InvokeMethod.evaluate(InvokeMethod.java:17)
	at org.junit.internal.runners.statements.RunBefores.evaluate(RunBefores.java:26)
	at org.junit.internal.runners.statements.RunAfters.evaluate(RunAfters.java:27)
	at org.junit.rules.ExternalResource$1.evaluate(ExternalResource.java:54)
	at org.junit.internal.runners.statements.FailOnTimeout$CallableStatement.call(FailOnTimeout.java:288)
	at org.junit.internal.runners.statements.FailOnTimeout$CallableStatement.call(FailOnTimeout.java:282)
	at java.util.concurrent.FutureTask.run(FutureTask.java:266)
	at java.lang.Thread.run(Thread.java:750)
Caused by: java.io.IOException: class org.apache.hadoop.hdds.utils.db.RocksDatabase: Failed to open /tmp/junit8887611940473828536/junit1001804292509473199/om-meta/om.db; status : IOError(NoSpace); message : While appending to file: /tmp/junit8887611940473828536/junit1001804292509473199/om-meta/om.db/000005.dbtmp: No space left on device
	at org.apache.hadoop.hdds.utils.HddsServerUtil.toIOException(HddsServerUtil.java:654)
	at org.apache.hadoop.hdds.utils.db.RocksDatabase.toIOException(RocksDatabase.java:89)
	at org.apache.hadoop.hdds.utils.db.RocksDatabase.open(RocksDatabase.java:166)
	at org.apache.hadoop.hdds.utils.db.RDBStore.<init>(RDBStore.java:111)
	... 25 more
Caused by: org.rocksdb.RocksDBException: While appending to file: /tmp/junit8887611940473828536/junit1001804292509473199/om-meta/om.db/000005.dbtmp: No space left on device
	at org.rocksdb.RocksDB.open(Native Method)
	at org.rocksdb.RocksDB.open(RocksDB.java:307)
	at org.apache.hadoop.hdds.utils.db.managed.ManagedRocksDB.open(ManagedRocksDB.java:67)
	at org.apache.hadoop.hdds.utils.db.RocksDatabase.open(RocksDatabase.java:152)
	... 26 more

[ERROR] org.apache.hadoop.ozone.om.TestOzoneManagerListVolumesSecure.testAclDisabledListAllAllowed  Time elapsed: 1.514 s  <<< ERROR!
java.io.IOException: Failed init RocksDB, db path : /tmp/junit837768907688955665/junit1070504792300436542/om-meta/om.db, exception :org.rocksdb.RocksDBException While appending to file: /tmp/junit837768907688955665/junit1070504792300436542/om-meta/om.db/000005.dbtmp: No space left on device
	at org.apache.hadoop.hdds.utils.db.RDBStore.<init>(RDBStore.java:173)
	at org.apache.hadoop.hdds.utils.db.DBStoreBuilder.build(DBStoreBuilder.java:213)
	at org.apache.hadoop.ozone.om.OmMetadataManagerImpl.loadDB(OmMetadataManagerImpl.java:560)
	at org.apache.hadoop.ozone.om.OmMetadataManagerImpl.loadDB(OmMetadataManagerImpl.java:527)
	at org.apache.hadoop.ozone.om.OmMetadataManagerImpl.start(OmMetadataManagerImpl.java:517)
	at org.apache.hadoop.ozone.om.OmMetadataManagerImpl.<init>(OmMetadataManagerImpl.java:315)
	at org.apache.hadoop.ozone.om.OzoneManager.instantiateServices(OzoneManager.java:771)
	at org.apache.hadoop.ozone.om.OzoneManager.<init>(OzoneManager.java:654)
	at org.apache.hadoop.ozone.om.OzoneManager.createOm(OzoneManager.java:736)
	at org.apache.hadoop.ozone.om.TestOzoneManagerListVolumesSecure.setupEnvironment(TestOzoneManagerListVolumesSecure.java:211)
	at org.apache.hadoop.ozone.om.TestOzoneManagerListVolumesSecure.testAclDisabledListAllAllowed(TestOzoneManagerListVolumesSecure.java:484)
	at sun.reflect.NativeMethodAccessorImpl.invoke0(Native Method)
	at sun.reflect.NativeMethodAccessorImpl.invoke(NativeMethodAccessorImpl.java:62)
	at sun.reflect.DelegatingMethodAccessorImpl.invoke(DelegatingMethodAccessorImpl.java:43)
	at java.lang.reflect.Method.invoke(Method.java:498)
	at org.junit.runners.model.FrameworkMethod$1.runReflectiveCall(FrameworkMethod.java:59)
	at org.junit.internal.runners.model.ReflectiveCallable.run(ReflectiveCallable.java:12)
	at org.junit.runners.model.FrameworkMethod.invokeExplosively(FrameworkMethod.java:56)
	at org.junit.internal.runners.statements.InvokeMethod.evaluate(InvokeMethod.java:17)
	at org.junit.internal.runners.statements.RunBefores.evaluate(RunBefores.java:26)
	at org.junit.internal.runners.statements.RunAfters.evaluate(RunAfters.java:27)
	at org.junit.rules.ExternalResource$1.evaluate(ExternalResource.java:54)
	at org.junit.internal.runners.statements.FailOnTimeout$CallableStatement.call(FailOnTimeout.java:288)
	at org.junit.internal.runners.statements.FailOnTimeout$CallableStatement.call(FailOnTimeout.java:282)
	at java.util.concurrent.FutureTask.run(FutureTask.java:266)
	at java.lang.Thread.run(Thread.java:750)
Caused by: java.io.IOException: class org.apache.hadoop.hdds.utils.db.RocksDatabase: Failed to open /tmp/junit837768907688955665/junit1070504792300436542/om-meta/om.db; status : IOError(NoSpace); message : While appending to file: /tmp/junit837768907688955665/junit1070504792300436542/om-meta/om.db/000005.dbtmp: No space left on device
	at org.apache.hadoop.hdds.utils.HddsServerUtil.toIOException(HddsServerUtil.java:654)
	at org.apache.hadoop.hdds.utils.db.RocksDatabase.toIOException(RocksDatabase.java:89)
	at org.apache.hadoop.hdds.utils.db.RocksDatabase.open(RocksDatabase.java:166)
	at org.apache.hadoop.hdds.utils.db.RDBStore.<init>(RDBStore.java:111)
	... 25 more
Caused by: org.rocksdb.RocksDBException: While appending to file: /tmp/junit837768907688955665/junit1070504792300436542/om-meta/om.db/000005.dbtmp: No space left on device
	at org.rocksdb.RocksDB.open(Native Method)
	at org.rocksdb.RocksDB.open(RocksDB.java:307)
	at org.apache.hadoop.hdds.utils.db.managed.ManagedRocksDB.open(ManagedRocksDB.java:67)
	at org.apache.hadoop.hdds.utils.db.RocksDatabase.open(RocksDatabase.java:152)
	... 26 more

[ERROR] org.apache.hadoop.ozone.om.TestOzoneManagerListVolumesSecure.testAclEnabledListAllAllowed  Time elapsed: 1.246 s  <<< ERROR!
java.io.IOException: Failed init RocksDB, db path : /tmp/junit9124185549654765079/junit7059775918065128578/om-meta/om.db, exception :org.rocksdb.RocksDBException While appending to file: /tmp/junit9124185549654765079/junit7059775918065128578/om-meta/om.db/000005.dbtmp: No space left on device
	at org.apache.hadoop.hdds.utils.db.RDBStore.<init>(RDBStore.java:173)
	at org.apache.hadoop.hdds.utils.db.DBStoreBuilder.build(DBStoreBuilder.java:213)
	at org.apache.hadoop.ozone.om.OmMetadataManagerImpl.loadDB(OmMetadataManagerImpl.java:560)
	at org.apache.hadoop.ozone.om.OmMetadataManagerImpl.loadDB(OmMetadataManagerImpl.java:527)
	at org.apache.hadoop.ozone.om.OmMetadataManagerImpl.start(OmMetadataManagerImpl.java:517)
	at org.apache.hadoop.ozone.om.OmMetadataManagerImpl.<init>(OmMetadataManagerImpl.java:315)
	at org.apache.hadoop.ozone.om.OzoneManager.instantiateServices(OzoneManager.java:771)
	at org.apache.hadoop.ozone.om.OzoneManager.<init>(OzoneManager.java:654)
	at org.apache.hadoop.ozone.om.OzoneManager.createOm(OzoneManager.java:736)
	at org.apache.hadoop.ozone.om.TestOzoneManagerListVolumesSecure.setupEnvironment(TestOzoneManagerListVolumesSecure.java:211)
	at org.apache.hadoop.ozone.om.TestOzoneManagerListVolumesSecure.testAclEnabledListAllAllowed(TestOzoneManagerListVolumesSecure.java:416)
	at sun.reflect.NativeMethodAccessorImpl.invoke0(Native Method)
	at sun.reflect.NativeMethodAccessorImpl.invoke(NativeMethodAccessorImpl.java:62)
	at sun.reflect.DelegatingMethodAccessorImpl.invoke(DelegatingMethodAccessorImpl.java:43)
	at java.lang.reflect.Method.invoke(Method.java:498)
	at org.junit.runners.model.FrameworkMethod$1.runReflectiveCall(FrameworkMethod.java:59)
	at org.junit.internal.runners.model.ReflectiveCallable.run(ReflectiveCallable.java:12)
	at org.junit.runners.model.FrameworkMethod.invokeExplosively(FrameworkMethod.java:56)
	at org.junit.internal.runners.statements.InvokeMethod.evaluate(InvokeMethod.java:17)
	at org.junit.internal.runners.statements.RunBefores.evaluate(RunBefores.java:26)
	at org.junit.internal.runners.statements.RunAfters.evaluate(RunAfters.java:27)
	at org.junit.rules.ExternalResource$1.evaluate(ExternalResource.java:54)
	at org.junit.internal.runners.statements.FailOnTimeout$CallableStatement.call(FailOnTimeout.java:288)
	at org.junit.internal.runners.statements.FailOnTimeout$CallableStatement.call(FailOnTimeout.java:282)
	at java.util.concurrent.FutureTask.run(FutureTask.java:266)
	at java.lang.Thread.run(Thread.java:750)
Caused by: java.io.IOException: class org.apache.hadoop.hdds.utils.db.RocksDatabase: Failed to open /tmp/junit9124185549654765079/junit7059775918065128578/om-meta/om.db; status : IOError(NoSpace); message : While appending to file: /tmp/junit9124185549654765079/junit7059775918065128578/om-meta/om.db/000005.dbtmp: No space left on device
	at org.apache.hadoop.hdds.utils.HddsServerUtil.toIOException(HddsServerUtil.java:654)
	at org.apache.hadoop.hdds.utils.db.RocksDatabase.toIOException(RocksDatabase.java:89)
	at org.apache.hadoop.hdds.utils.db.RocksDatabase.open(RocksDatabase.java:166)
	at org.apache.hadoop.hdds.utils.db.RDBStore.<init>(RDBStore.java:111)
	... 25 more
Caused by: org.rocksdb.RocksDBException: While appending to file: /tmp/junit9124185549654765079/junit7059775918065128578/om-meta/om.db/000005.dbtmp: No space left on device
	at org.rocksdb.RocksDB.open(Native Method)
	at org.rocksdb.RocksDB.open(RocksDB.java:307)
	at org.apache.hadoop.hdds.utils.db.managed.ManagedRocksDB.open(ManagedRocksDB.java:67)
	at org.apache.hadoop.hdds.utils.db.RocksDatabase.open(RocksDatabase.java:152)
	... 26 more

[INFO] 
[INFO] Results:
[INFO] 
[ERROR] Errors: 
[ERROR]   TestOzoneManagerListVolumesSecure.testAclDisabledListAllAllowed:484->setupEnvironment:211 » IO
[ERROR]   TestOzoneManagerListVolumesSecure.testAclDisabledListAllDisallowed:515->setupEnvironment:211 » IO
[ERROR]   TestOzoneManagerListVolumesSecure.testAclEnabledListAllAllowed:416->setupEnvironment:211 » IO
[ERROR]   TestOzoneManagerListVolumesSecure.testAclEnabledListAllDisallowed:449->setupEnvironment:211 » IO
[ERROR]   TestOzoneManagerListVolumesSecure.testListVolumeWithOtherUsersListAllAllowed:326->setupEnvironment:211 » IO
[ERROR]   TestOzoneManagerListVolumesSecure.testListVolumeWithOtherUsersListAllDisallowed:374->setupEnvironment:211 » Runtime
[INFO] 
[ERROR] Tests run: 21, Failures: 0, Errors: 6, Skipped: 0
[INFO] 
[WARNING] Corrupted STDOUT by directly writing to native stream in forked JVM 1. See FAQ web page and the dump file /home/runner/work/ozone/ozone/hadoop-ozone/integration-test/target/surefire-reports/2023-06-13T16-50-24_713-jvmRun1.dumpstream
[INFO] 
[INFO] ------------------------------------------------------------------------
[INFO] Skipping Apache Ozone Mini Ozone Chaos Tests
[INFO] This project has been banned from the build due to previous failures.
[INFO] ------------------------------------------------------------------------
[INFO] ------------------------------------------------------------------------
[INFO] Reactor Summary for Apache Ozone Integration Tests 1.4.0-SNAPSHOT:
[INFO] 
[INFO] Apache Ozone Integration Tests ..................... FAILURE [09:01 min]
[INFO] Apache Ozone Mini Ozone Chaos Tests ................ SKIPPED
[INFO] ------------------------------------------------------------------------
[INFO] BUILD FAILURE
[INFO] ------------------------------------------------------------------------
[INFO] Total time:  09:02 min
[INFO] Finished at: 2023-06-13T16:59:16Z
[INFO] ------------------------------------------------------------------------
[ERROR] Failed to execute goal org.apache.maven.plugins:maven-surefire-plugin:3.0.0-M5:test (default-test) on project ozone-integration-test: There are test failures.
[ERROR] 
[ERROR] Please refer to /home/runner/work/ozone/ozone/hadoop-ozone/integration-test/target/surefire-reports for the individual test results.
[ERROR] Please refer to dump files (if any exist) [date].dump, [date]-jvmRun[N].dump and [date].dumpstream.
[ERROR] ExecutionException The forked VM terminated without properly saying goodbye. VM crash or System.exit called?
[ERROR] Command was /bin/sh -c cd /home/runner/work/ozone/ozone/hadoop-ozone/integration-test && /usr/lib/jvm/temurin-8-jdk-amd64/jre/bin/java -Xmx4096m -XX:+HeapDumpOnOutOfMemoryError -Dnative.lib.tmp.dir=/tmp '-javaagent:/home/runner/.m2/repository/org/jacoco/org.jacoco.agent/0.8.5/org.jacoco.agent-0.8.5-runtime.jar=destfile=/home/runner/work/ozone/ozone/hadoop-ozone/integration-test/target/jacoco.exec,includes=org.apache.hadoop.hdds.*:org.apache.hadoop.ozone.*:org.apache.hadoop.fs.ozone.*' -jar /home/runner/work/ozone/ozone/hadoop-ozone/integration-test/target/surefire/surefirebooter8120283235512194562.jar /home/runner/work/ozone/ozone/hadoop-ozone/integration-test/target/surefire 2023-06-13T16-50-24_713-jvmRun1 surefire9050307937792028190tmp surefire_0430213881044221330tmp
[ERROR] Error occurred in starting fork, check output in log
[ERROR] Process Exit Code: 134
[ERROR] ExecutionException The forked VM terminated without properly saying goodbye. VM crash or System.exit called?
[ERROR] Command was /bin/sh -c cd /home/runner/work/ozone/ozone/hadoop-ozone/integration-test && /usr/lib/jvm/temurin-8-jdk-amd64/jre/bin/java -Xmx4096m -XX:+HeapDumpOnOutOfMemoryError -Dnative.lib.tmp.dir=/tmp '-javaagent:/home/runner/.m2/repository/org/jacoco/org.jacoco.agent/0.8.5/org.jacoco.agent-0.8.5-runtime.jar=destfile=/home/runner/work/ozone/ozone/hadoop-ozone/integration-test/target/jacoco.exec,includes=org.apache.hadoop.hdds.*:org.apache.hadoop.ozone.*:org.apache.hadoop.fs.ozone.*' -jar /home/runner/work/ozone/ozone/hadoop-ozone/integration-test/target/surefire/surefirebooter2304240737811618686.jar /home/runner/work/ozone/ozone/hadoop-ozone/integration-test/target/surefire 2023-06-13T16-50-24_713-jvmRun1 surefire6158574089260854549tmp surefire_18836763356833282800tmp
[ERROR] Error occurred in starting fork, check output in log
[ERROR] Process Exit Code: 134
[ERROR] ExecutionException The forked VM terminated without properly saying goodbye. VM crash or System.exit called?
[ERROR] Command was /bin/sh -c cd /home/runner/work/ozone/ozone/hadoop-ozone/integration-test && /usr/lib/jvm/temurin-8-jdk-amd64/jre/bin/java -Xmx4096m -XX:+HeapDumpOnOutOfMemoryError -Dnative.lib.tmp.dir=/tmp '-javaagent:/home/runner/.m2/repository/org/jacoco/org.jacoco.agent/0.8.5/org.jacoco.agent-0.8.5-runtime.jar=destfile=/home/runner/work/ozone/ozone/hadoop-ozone/integration-test/target/jacoco.exec,includes=org.apache.hadoop.hdds.*:org.apache.hadoop.ozone.*:org.apache.hadoop.fs.ozone.*' -jar /home/runner/work/ozone/ozone/hadoop-ozone/integration-test/target/surefire/surefirebooter2493766186499302964.jar /home/runner/work/ozone/ozone/hadoop-ozone/integration-test/target/surefire 2023-06-13T16-50-24_713-jvmRun1 surefire1991488954233976336tmp surefire_27998656889231906716tmp
[ERROR] Error occurred in starting fork, check output in log
[ERROR] Process Exit Code: 134
[ERROR] ExecutionException The forked VM terminated without properly saying goodbye. VM crash or System.exit called?
[ERROR] Command was /bin/sh -c cd /home/runner/work/ozone/ozone/hadoop-ozone/integration-test && /usr/lib/jvm/temurin-8-jdk-amd64/jre/bin/java -Xmx4096m -XX:+HeapDumpOnOutOfMemoryError -Dnative.lib.tmp.dir=/tmp '-javaagent:/home/runner/.m2/repository/org/jacoco/org.jacoco.agent/0.8.5/org.jacoco.agent-0.8.5-runtime.jar=destfile=/home/runner/work/ozone/ozone/hadoop-ozone/integration-test/target/jacoco.exec,includes=org.apache.hadoop.hdds.*:org.apache.hadoop.ozone.*:org.apache.hadoop.fs.ozone.*' -jar /home/runner/work/ozone/ozone/hadoop-ozone/integration-test/target/surefire/surefirebooter5863901738844032473.jar /home/runner/work/ozone/ozone/hadoop-ozone/integration-test/target/surefire 2023-06-13T16-50-24_713-jvmRun1 surefire3358720999590868405tmp surefire_38065413194253211993tmp
[ERROR] Error occurred in starting fork, check output in log
[ERROR] Process Exit Code: 134
[ERROR] ExecutionException The forked VM terminated without properly saying goodbye. VM crash or System.exit called?
[ERROR] Command was /bin/sh -c cd /home/runner/work/ozone/ozone/hadoop-ozone/integration-test && /usr/lib/jvm/temurin-8-jdk-amd64/jre/bin/java -Xmx4096m -XX:+HeapDumpOnOutOfMemoryError -Dnative.lib.tmp.dir=/tmp '-javaagent:/home/runner/.m2/repository/org/jacoco/org.jacoco.agent/0.8.5/org.jacoco.agent-0.8.5-runtime.jar=destfile=/home/runner/work/ozone/ozone/hadoop-ozone/integration-test/target/jacoco.exec,includes=org.apache.hadoop.hdds.*:org.apache.hadoop.ozone.*:org.apache.hadoop.fs.ozone.*' -jar /home/runner/work/ozone/ozone/hadoop-ozone/integration-test/target/surefire/surefirebooter321457396575161750.jar /home/runner/work/ozone/ozone/hadoop-ozone/integration-test/target/surefire 2023-06-13T16-50-24_713-jvmRun1 surefire6434207515063754048tmp surefire_46573073504165216652tmp
[ERROR] Error occurred in starting fork, check output in log
[ERROR] Process Exit Code: 134
[ERROR] Crashed tests:
[ERROR] org.apache.hadoop.ozone.om.TestOmMetrics
[ERROR] ExecutionException The forked VM terminated without properly saying goodbye. VM crash or System.exit called?
[ERROR] Command was /bin/sh -c cd /home/runner/work/ozone/ozone/hadoop-ozone/integration-test && /usr/lib/jvm/temurin-8-jdk-amd64/jre/bin/java -Xmx4096m -XX:+HeapDumpOnOutOfMemoryError -Dnative.lib.tmp.dir=/tmp '-javaagent:/home/runner/.m2/repository/org/jacoco/org.jacoco.agent/0.8.5/org.jacoco.agent-0.8.5-runtime.jar=destfile=/home/runner/work/ozone/ozone/hadoop-ozone/integration-test/target/jacoco.exec,includes=org.apache.hadoop.hdds.*:org.apache.hadoop.ozone.*:org.apache.hadoop.fs.ozone.*' -jar /home/runner/work/ozone/ozone/hadoop-ozone/integration-test/target/surefire/surefirebooter5724507922696029539.jar /home/runner/work/ozone/ozone/hadoop-ozone/integration-test/target/surefire 2023-06-13T16-50-24_713-jvmRun1 surefire240861203860681670tmp surefire_56713189333394013262tmp
[ERROR] Error occurred in starting fork, check output in log
[ERROR] Process Exit Code: 134
[ERROR] ExecutionException The forked VM terminated without properly saying goodbye. VM crash or System.exit called?
[ERROR] Command was /bin/sh -c cd /home/runner/work/ozone/ozone/hadoop-ozone/integration-test && /usr/lib/jvm/temurin-8-jdk-amd64/jre/bin/java -Xmx4096m -XX:+HeapDumpOnOutOfMemoryError -Dnative.lib.tmp.dir=/tmp '-javaagent:/home/runner/.m2/repository/org/jacoco/org.jacoco.agent/0.8.5/org.jacoco.agent-0.8.5-runtime.jar=destfile=/home/runner/work/ozone/ozone/hadoop-ozone/integration-test/target/jacoco.exec,includes=org.apache.hadoop.hdds.*:org.apache.hadoop.ozone.*:org.apache.hadoop.fs.ozone.*' -jar /home/runner/work/ozone/ozone/hadoop-ozone/integration-test/target/surefire/surefirebooter8042220518286920052.jar /home/runner/work/ozone/ozone/hadoop-ozone/integration-test/target/surefire 2023-06-13T16-50-24_713-jvmRun1 surefire7192020164654802684tmp surefire_66765072260950637308tmp
[ERROR] Error occurred in starting fork, check output in log
[ERROR] Process Exit Code: 134
[ERROR] ExecutionException The forked VM terminated without properly saying goodbye. VM crash or System.exit called?
[ERROR] Command was /bin/sh -c cd /home/runner/work/ozone/ozone/hadoop-ozone/integration-test && /usr/lib/jvm/temurin-8-jdk-amd64/jre/bin/java -Xmx4096m -XX:+HeapDumpOnOutOfMemoryError -Dnative.lib.tmp.dir=/tmp '-javaagent:/home/runner/.m2/repository/org/jacoco/org.jacoco.agent/0.8.5/org.jacoco.agent-0.8.5-runtime.jar=destfile=/home/runner/work/ozone/ozone/hadoop-ozone/integration-test/target/jacoco.exec,includes=org.apache.hadoop.hdds.*:org.apache.hadoop.ozone.*:org.apache.hadoop.fs.ozone.*' -jar /home/runner/work/ozone/ozone/hadoop-ozone/integration-test/target/surefire/surefirebooter4117502647658745433.jar /home/runner/work/ozone/ozone/hadoop-ozone/integration-test/target/surefire 2023-06-13T16-50-24_713-jvmRun1 surefire2430482488788697274tmp surefire_78489528428536924397tmp
[ERROR] Error occurred in starting fork, check output in log
[ERROR] Process Exit Code: 134
[ERROR] ExecutionException The forked VM terminated without properly saying goodbye. VM crash or System.exit called?
[ERROR] Command was /bin/sh -c cd /home/runner/work/ozone/ozone/hadoop-ozone/integration-test && /usr/lib/jvm/temurin-8-jdk-amd64/jre/bin/java -Xmx4096m -XX:+HeapDumpOnOutOfMemoryError -Dnative.lib.tmp.dir=/tmp '-javaagent:/home/runner/.m2/repository/org/jacoco/org.jacoco.agent/0.8.5/org.jacoco.agent-0.8.5-runtime.jar=destfile=/home/runner/work/ozone/ozone/hadoop-ozone/integration-test/target/jacoco.exec,includes=org.apache.hadoop.hdds.*:org.apache.hadoop.ozone.*:org.apache.hadoop.fs.ozone.*' -jar /home/runner/work/ozone/ozone/hadoop-ozone/integration-test/target/surefire/surefirebooter6814722129222108745.jar /home/runner/work/ozone/ozone/hadoop-ozone/integration-test/target/surefire 2023-06-13T16-50-24_713-jvmRun1 surefire7854062056025187116tmp surefire_87179435981741570380tmp
[ERROR] Error occurred in starting fork, check output in log
[ERROR] Process Exit Code: 134
[ERROR] Crashed tests:
[ERROR] org.apache.hadoop.ozone.om.TestOMStartupWithBucketLayout
[ERROR] ExecutionException The forked VM terminated without properly saying goodbye. VM crash or System.exit called?
[ERROR] Command was /bin/sh -c cd /home/runner/work/ozone/ozone/hadoop-ozone/integration-test && /usr/lib/jvm/temurin-8-jdk-amd64/jre/bin/java -Xmx4096m -XX:+HeapDumpOnOutOfMemoryError -Dnative.lib.tmp.dir=/tmp '-javaagent:/home/runner/.m2/repository/org/jacoco/org.jacoco.agent/0.8.5/org.jacoco.agent-0.8.5-runtime.jar=destfile=/home/runner/work/ozone/ozone/hadoop-ozone/integration-test/target/jacoco.exec,includes=org.apache.hadoop.hdds.*:org.apache.hadoop.ozone.*:org.apache.hadoop.fs.ozone.*' -jar /home/runner/work/ozone/ozone/hadoop-ozone/integration-test/target/surefire/surefirebooter2038244293407235132.jar /home/runner/work/ozone/ozone/hadoop-ozone/integration-test/target/surefire 2023-06-13T16-50-24_713-jvmRun1 surefire1195706863376704392tmp surefire_95523589176490378295tmp
[ERROR] Error occurred in starting fork, check output in log
[ERROR] Process Exit Code: 134
[ERROR] ExecutionException The forked VM terminated without properly saying goodbye. VM crash or System.exit called?
[ERROR] Command was /bin/sh -c cd /home/runner/work/ozone/ozone/hadoop-ozone/integration-test && /usr/lib/jvm/temurin-8-jdk-amd64/jre/bin/java -Xmx4096m -XX:+HeapDumpOnOutOfMemoryError -Dnative.lib.tmp.dir=/tmp '-javaagent:/home/runner/.m2/repository/org/jacoco/org.jacoco.agent/0.8.5/org.jacoco.agent-0.8.5-runtime.jar=destfile=/home/runner/work/ozone/ozone/hadoop-ozone/integration-test/target/jacoco.exec,includes=org.apache.hadoop.hdds.*:org.apache.hadoop.ozone.*:org.apache.hadoop.fs.ozone.*' -jar /home/runner/work/ozone/ozone/hadoop-ozone/integration-test/target/surefire/surefirebooter5362572110951946707.jar /home/runner/work/ozone/ozone/hadoop-ozone/integration-test/target/surefire 2023-06-13T16-50-24_713-jvmRun1 surefire7694124743475741432tmp surefire_104526508445493406698tmp
[ERROR] Error occurred in starting fork, check output in log
[ERROR] Process Exit Code: 134
[ERROR] Crashed tests:
[ERROR] org.apache.hadoop.ozone.om.TestOzoneManagerConfiguration
[ERROR] ExecutionException The forked VM terminated without properly saying goodbye. VM crash or System.exit called?
[ERROR] Command was /bin/sh -c cd /home/runner/work/ozone/ozone/hadoop-ozone/integration-test && /usr/lib/jvm/temurin-8-jdk-amd64/jre/bin/java -Xmx4096m -XX:+HeapDumpOnOutOfMemoryError -Dnative.lib.tmp.dir=/tmp '-javaagent:/home/runner/.m2/repository/org/jacoco/org.jacoco.agent/0.8.5/org.jacoco.agent-0.8.5-runtime.jar=destfile=/home/runner/work/ozone/ozone/hadoop-ozone/integration-test/target/jacoco.exec,includes=org.apache.hadoop.hdds.*:org.apache.hadoop.ozone.*:org.apache.hadoop.fs.ozone.*' -jar /home/runner/work/ozone/ozone/hadoop-ozone/integration-test/target/surefire/surefirebooter4294979866875153009.jar /home/runner/work/ozone/ozone/hadoop-ozone/integration-test/target/surefire 2023-06-13T16-50-24_713-jvmRun1 surefire718319103466636720tmp surefire_111141374853748517629tmp
[ERROR] Error occurred in starting fork, check output in log
[ERROR] Process Exit Code: 134
[ERROR] ExecutionException The forked VM terminated without properly saying goodbye. VM crash or System.exit called?
[ERROR] Command was /bin/sh -c cd /home/runner/work/ozone/ozone/hadoop-ozone/integration-test && /usr/lib/jvm/temurin-8-jdk-amd64/jre/bin/java -Xmx4096m -XX:+HeapDumpOnOutOfMemoryError -Dnative.lib.tmp.dir=/tmp '-javaagent:/home/runner/.m2/repository/org/jacoco/org.jacoco.agent/0.8.5/org.jacoco.agent-0.8.5-runtime.jar=destfile=/home/runner/work/ozone/ozone/hadoop-ozone/integration-test/target/jacoco.exec,includes=org.apache.hadoop.hdds.*:org.apache.hadoop.ozone.*:org.apache.hadoop.fs.ozone.*' -jar /home/runner/work/ozone/ozone/hadoop-ozone/integration-test/target/surefire/surefirebooter3122782531956835570.jar /home/runner/work/ozone/ozone/hadoop-ozone/integration-test/target/surefire 2023-06-13T16-50-24_713-jvmRun1 surefire3405738693217524434tmp surefire_126398394613998112312tmp
[ERROR] Error occurred in starting fork, check output in log
[ERROR] Process Exit Code: 134
[ERROR] ExecutionException The forked VM terminated without properly saying goodbye. VM crash or System.exit called?
[ERROR] Command was /bin/sh -c cd /home/runner/work/ozone/ozone/hadoop-ozone/integration-test && /usr/lib/jvm/temurin-8-jdk-amd64/jre/bin/java -Xmx4096m -XX:+HeapDumpOnOutOfMemoryError -Dnative.lib.tmp.dir=/tmp '-javaagent:/home/runner/.m2/repository/org/jacoco/org.jacoco.agent/0.8.5/org.jacoco.agent-0.8.5-runtime.jar=destfile=/home/runner/work/ozone/ozone/hadoop-ozone/integration-test/target/jacoco.exec,includes=org.apache.hadoop.hdds.*:org.apache.hadoop.ozone.*:org.apache.hadoop.fs.ozone.*' -jar /home/runner/work/ozone/ozone/hadoop-ozone/integration-test/target/surefire/surefirebooter3606897696071076812.jar /home/runner/work/ozone/ozone/hadoop-ozone/integration-test/target/surefire 2023-06-13T16-50-24_713-jvmRun1 surefire521130845851220266tmp surefire_152541808765377905673tmp
[ERROR] Error occurred in starting fork, check output in log
[ERROR] Process Exit Code: 134
[ERROR] ExecutionException The forked VM terminated without properly saying goodbye. VM crash or System.exit called?
[ERROR] Command was /bin/sh -c cd /home/runner/work/ozone/ozone/hadoop-ozone/integration-test && /usr/lib/jvm/temurin-8-jdk-amd64/jre/bin/java -Xmx4096m -XX:+HeapDumpOnOutOfMemoryError -Dnative.lib.tmp.dir=/tmp '-javaagent:/home/runner/.m2/repository/org/jacoco/org.jacoco.agent/0.8.5/org.jacoco.agent-0.8.5-runtime.jar=destfile=/home/runner/work/ozone/ozone/hadoop-ozone/integration-test/target/jacoco.exec,includes=org.apache.hadoop.hdds.*:org.apache.hadoop.ozone.*:org.apache.hadoop.fs.ozone.*' -jar /home/runner/work/ozone/ozone/hadoop-ozone/integration-test/target/surefire/surefirebooter7730546305823724479.jar /home/runner/work/ozone/ozone/hadoop-ozone/integration-test/target/surefire 2023-06-13T16-50-24_713-jvmRun1 surefire3817174603181430175tmp surefire_163451032316353672213tmp
[ERROR] Error occurred in starting fork, check output in log
[ERROR] Process Exit Code: 134
[ERROR] ExecutionException The forked VM terminated without properly saying goodbye. VM crash or System.exit called?
[ERROR] Command was /bin/sh -c cd /home/runner/work/ozone/ozone/hadoop-ozone/integration-test && /usr/lib/jvm/temurin-8-jdk-amd64/jre/bin/java -Xmx4096m -XX:+HeapDumpOnOutOfMemoryError -Dnative.lib.tmp.dir=/tmp '-javaagent:/home/runner/.m2/repository/org/jacoco/org.jacoco.agent/0.8.5/org.jacoco.agent-0.8.5-runtime.jar=destfile=/home/runner/work/ozone/ozone/hadoop-ozone/integration-test/target/jacoco.exec,includes=org.apache.hadoop.hdds.*:org.apache.hadoop.ozone.*:org.apache.hadoop.fs.ozone.*' -jar /home/runner/work/ozone/ozone/hadoop-ozone/integration-test/target/surefire/surefirebooter1942054521071108102.jar /home/runner/work/ozone/ozone/hadoop-ozone/integration-test/target/surefire 2023-06-13T16-50-24_713-jvmRun1 surefire4056309363967553106tmp surefire_175602519777223509064tmp
[ERROR] Error occurred in starting fork, check output in log
[ERROR] Process Exit Code: 134
[ERROR] Crashed tests:
[ERROR] TestOmSnapshotFileSystem
[ERROR] ExecutionException The forked VM terminated without properly saying goodbye. VM crash or System.exit called?
[ERROR] Command was /bin/sh -c cd /home/runner/work/ozone/ozone/hadoop-ozone/integration-test && /usr/lib/jvm/temurin-8-jdk-amd64/jre/bin/java -Xmx4096m -XX:+HeapDumpOnOutOfMemoryError -Dnative.lib.tmp.dir=/tmp '-javaagent:/home/runner/.m2/repository/org/jacoco/org.jacoco.agent/0.8.5/org.jacoco.agent-0.8.5-runtime.jar=destfile=/home/runner/work/ozone/ozone/hadoop-ozone/integration-test/target/jacoco.exec,includes=org.apache.hadoop.hdds.*:org.apache.hadoop.ozone.*:org.apache.hadoop.fs.ozone.*' -jar /home/runner/work/ozone/ozone/hadoop-ozone/integration-test/target/surefire/surefirebooter5676675872842637409.jar /home/runner/work/ozone/ozone/hadoop-ozone/integration-test/target/surefire 2023-06-13T16-50-24_713-jvmRun1 surefire6969908974216205709tmp surefire_194922693431351814114tmp
[ERROR] Error occurred in starting fork, check output in log
[ERROR] Process Exit Code: 134
[ERROR] Crashed tests:
[ERROR] org.apache.hadoop.ozone.om.TestKeyPurging
[ERROR] ExecutionException The forked VM terminated without properly saying goodbye. VM crash or System.exit called?
[ERROR] Command was /bin/sh -c cd /home/runner/work/ozone/ozone/hadoop-ozone/integration-test && /usr/lib/jvm/temurin-8-jdk-amd64/jre/bin/java -Xmx4096m -XX:+HeapDumpOnOutOfMemoryError -Dnative.lib.tmp.dir=/tmp '-javaagent:/home/runner/.m2/repository/org/jacoco/org.jacoco.agent/0.8.5/org.jacoco.agent-0.8.5-runtime.jar=destfile=/home/runner/work/ozone/ozone/hadoop-ozone/integration-test/target/jacoco.exec,includes=org.apache.hadoop.hdds.*:org.apache.hadoop.ozone.*:org.apache.hadoop.fs.ozone.*' -jar /home/runner/work/ozone/ozone/hadoop-ozone/integration-test/target/surefire/surefirebooter1235383958211656048.jar /home/runner/work/ozone/ozone/hadoop-ozone/integration-test/target/surefire 2023-06-13T16-50-24_713-jvmRun1 surefire929504736778182565tmp surefire_205888599024429952159tmp
[ERROR] Error occurred in starting fork, check output in log
[ERROR] Process Exit Code: 134
[ERROR] ExecutionException The forked VM terminated without properly saying goodbye. VM crash or System.exit called?
[ERROR] Command was /bin/sh -c cd /home/runner/work/ozone/ozone/hadoop-ozone/integration-test && /usr/lib/jvm/temurin-8-jdk-amd64/jre/bin/java -Xmx4096m -XX:+HeapDumpOnOutOfMemoryError -Dnative.lib.tmp.dir=/tmp '-javaagent:/home/runner/.m2/repository/org/jacoco/org.jacoco.agent/0.8.5/org.jacoco.agent-0.8.5-runtime.jar=destfile=/home/runner/work/ozone/ozone/hadoop-ozone/integration-test/target/jacoco.exec,includes=org.apache.hadoop.hdds.*:org.apache.hadoop.ozone.*:org.apache.hadoop.fs.ozone.*' -jar /home/runner/work/ozone/ozone/hadoop-ozone/integration-test/target/surefire/surefirebooter5598242195182372983.jar /home/runner/work/ozone/ozone/hadoop-ozone/integration-test/target/surefire 2023-06-13T16-50-24_713-jvmRun1 surefire773748940183118074tmp surefire_218977635320807648621tmp
[ERROR] Error occurred in starting fork, check output in log
[ERROR] Process Exit Code: 134
[ERROR] ExecutionException The forked VM terminated without properly saying goodbye. VM crash or System.exit called?
[ERROR] Command was /bin/sh -c cd /home/runner/work/ozone/ozone/hadoop-ozone/integration-test && /usr/lib/jvm/temurin-8-jdk-amd64/jre/bin/java -Xmx4096m -XX:+HeapDumpOnOutOfMemoryError -Dnative.lib.tmp.dir=/tmp '-javaagent:/home/runner/.m2/repository/org/jacoco/org.jacoco.agent/0.8.5/org.jacoco.agent-0.8.5-runtime.jar=destfile=/home/runner/work/ozone/ozone/hadoop-ozone/integration-test/target/jacoco.exec,includes=org.apache.hadoop.hdds.*:org.apache.hadoop.ozone.*:org.apache.hadoop.fs.ozone.*' -jar /home/runner/work/ozone/ozone/hadoop-ozone/integration-test/target/surefire/surefirebooter6381663250823764485.jar /home/runner/work/ozone/ozone/hadoop-ozone/integration-test/target/surefire 2023-06-13T16-50-24_713-jvmRun1 surefire7389401949252218855tmp surefire_2285703881172276956tmp
[ERROR] Error occurred in starting fork, check output in log
[ERROR] Process Exit Code: 134
[ERROR] Crashed tests:
[ERROR] TestOMBucketLayoutUpgrade
[ERROR] ExecutionException The forked VM terminated without properly saying goodbye. VM crash or System.exit called?
[ERROR] Command was /bin/sh -c cd /home/runner/work/ozone/ozone/hadoop-ozone/integration-test && /usr/lib/jvm/temurin-8-jdk-amd64/jre/bin/java -Xmx4096m -XX:+HeapDumpOnOutOfMemoryError -Dnative.lib.tmp.dir=/tmp '-javaagent:/home/runner/.m2/repository/org/jacoco/org.jacoco.agent/0.8.5/org.jacoco.agent-0.8.5-runtime.jar=destfile=/home/runner/work/ozone/ozone/hadoop-ozone/integration-test/target/jacoco.exec,includes=org.apache.hadoop.hdds.*:org.apache.hadoop.ozone.*:org.apache.hadoop.fs.ozone.*' -jar /home/runner/work/ozone/ozone/hadoop-ozone/integration-test/target/surefire/surefirebooter4686429054011089831.jar /home/runner/work/ozone/ozone/hadoop-ozone/integration-test/target/surefire 2023-06-13T16-50-24_713-jvmRun1 surefire1840620444636149020tmp surefire_237894075917911383336tmp
[ERROR] Error occurred in starting fork, check output in log
[ERROR] Process Exit Code: 134
[ERROR] ExecutionException The forked VM terminated without properly saying goodbye. VM crash or System.exit called?
[ERROR] Command was /bin/sh -c cd /home/runner/work/ozone/ozone/hadoop-ozone/integration-test && /usr/lib/jvm/temurin-8-jdk-amd64/jre/bin/java -Xmx4096m -XX:+HeapDumpOnOutOfMemoryError -Dnative.lib.tmp.dir=/tmp '-javaagent:/home/runner/.m2/repository/org/jacoco/org.jacoco.agent/0.8.5/org.jacoco.agent-0.8.5-runtime.jar=destfile=/home/runner/work/ozone/ozone/hadoop-ozone/integration-test/target/jacoco.exec,includes=org.apache.hadoop.hdds.*:org.apache.hadoop.ozone.*:org.apache.hadoop.fs.ozone.*' -jar /home/runner/work/ozone/ozone/hadoop-ozone/integration-test/target/surefire/surefirebooter4421978303057151590.jar /home/runner/work/ozone/ozone/hadoop-ozone/integration-test/target/surefire 2023-06-13T16-50-24_713-jvmRun1 surefire7182913696054889893tmp surefire_247304936164975949952tmp
[ERROR] Error occurred in starting fork, check output in log
[ERROR] Process Exit Code: 134
[ERROR] Crashed tests:
[ERROR] org.apache.hadoop.ozone.om.TestOzoneManagerRocksDBLogging
[ERROR] ExecutionException The forked VM terminated without properly saying goodbye. VM crash or System.exit called?
[ERROR] Command was /bin/sh -c cd /home/runner/work/ozone/ozone/hadoop-ozone/integration-test && /usr/lib/jvm/temurin-8-jdk-amd64/jre/bin/java -Xmx4096m -XX:+HeapDumpOnOutOfMemoryError -Dnative.lib.tmp.dir=/tmp '-javaagent:/home/runner/.m2/repository/org/jacoco/org.jacoco.agent/0.8.5/org.jacoco.agent-0.8.5-runtime.jar=destfile=/home/runner/work/ozone/ozone/hadoop-ozone/integration-test/target/jacoco.exec,includes=org.apache.hadoop.hdds.*:org.apache.hadoop.ozone.*:org.apache.hadoop.fs.ozone.*' -jar /home/runner/work/ozone/ozone/hadoop-ozone/integration-test/target/surefire/surefirebooter5615088632743105440.jar /home/runner/work/ozone/ozone/hadoop-ozone/integration-test/target/surefire 2023-06-13T16-50-24_713-jvmRun1 surefire8409085532579851274tmp surefire_256406781509029866436tmp
[ERROR] Error occurred in starting fork, check output in log
[ERROR] Process Exit Code: 134
[ERROR] ExecutionException The forked VM terminated without properly saying goodbye. VM crash or System.exit called?
[ERROR] Command was /bin/sh -c cd /home/runner/work/ozone/ozone/hadoop-ozone/integration-test && /usr/lib/jvm/temurin-8-jdk-amd64/jre/bin/java -Xmx4096m -XX:+HeapDumpOnOutOfMemoryError -Dnative.lib.tmp.dir=/tmp '-javaagent:/home/runner/.m2/repository/org/jacoco/org.jacoco.agent/0.8.5/org.jacoco.agent-0.8.5-runtime.jar=destfile=/home/runner/work/ozone/ozone/hadoop-ozone/integration-test/target/jacoco.exec,includes=org.apache.hadoop.hdds.*:org.apache.hadoop.ozone.*:org.apache.hadoop.fs.ozone.*' -jar /home/runner/work/ozone/ozone/hadoop-ozone/integration-test/target/surefire/surefirebooter4959480146208906484.jar /home/runner/work/ozone/ozone/hadoop-ozone/integration-test/target/surefire 2023-06-13T16-50-24_713-jvmRun1 surefire4086987664363842105tmp surefire_262772917754451756654tmp
[ERROR] Error occurred in starting fork, check output in log
[ERROR] Process Exit Code: 134
[ERROR] ExecutionException The forked VM terminated without properly saying goodbye. VM crash or System.exit called?
[ERROR] Command was /bin/sh -c cd /home/runner/work/ozone/ozone/hadoop-ozone/integration-test && /usr/lib/jvm/temurin-8-jdk-amd64/jre/bin/java -Xmx4096m -XX:+HeapDumpOnOutOfMemoryError -Dnative.lib.tmp.dir=/tmp '-javaagent:/home/runner/.m2/repository/org/jacoco/org.jacoco.agent/0.8.5/org.jacoco.agent-0.8.5-runtime.jar=destfile=/home/runner/work/ozone/ozone/hadoop-ozone/integration-test/target/jacoco.exec,includes=org.apache.hadoop.hdds.*:org.apache.hadoop.ozone.*:org.apache.hadoop.fs.ozone.*' -jar /home/runner/work/ozone/ozone/hadoop-ozone/integration-test/target/surefire/surefirebooter2824909940404202129.jar /home/runner/work/ozone/ozone/hadoop-ozone/integration-test/target/surefire 2023-06-13T16-50-24_713-jvmRun1 surefire6903321469294821070tmp surefire_272423783880622155200tmp
[ERROR] Error occurred in starting fork, check output in log
[ERROR] Process Exit Code: 134
[ERROR] ExecutionException The forked VM terminated without properly saying goodbye. VM crash or System.exit called?
[ERROR] Command was /bin/sh -c cd /home/runner/work/ozone/ozone/hadoop-ozone/integration-test && /usr/lib/jvm/temurin-8-jdk-amd64/jre/bin/java -Xmx4096m -XX:+HeapDumpOnOutOfMemoryError -Dnative.lib.tmp.dir=/tmp '-javaagent:/home/runner/.m2/repository/org/jacoco/org.jacoco.agent/0.8.5/org.jacoco.agent-0.8.5-runtime.jar=destfile=/home/runner/work/ozone/ozone/hadoop-ozone/integration-test/target/jacoco.exec,includes=org.apache.hadoop.hdds.*:org.apache.hadoop.ozone.*:org.apache.hadoop.fs.ozone.*' -jar /home/runner/work/ozone/ozone/hadoop-ozone/integration-test/target/surefire/surefirebooter1368161728738780928.jar /home/runner/work/ozone/ozone/hadoop-ozone/integration-test/target/surefire 2023-06-13T16-50-24_713-jvmRun1 surefire8728987418951605392tmp surefire_283720327955198125411tmp
[ERROR] Error occurred in starting fork, check output in log
[ERROR] Process Exit Code: 134
[ERROR] Crashed tests:
[ERROR] org.apache.hadoop.ozone.om.snapshot.TestOzoneSnapshotRestore
[ERROR] ExecutionException The forked VM terminated without properly saying goodbye. VM crash or System.exit called?
[ERROR] Command was /bin/sh -c cd /home/runner/work/ozone/ozone/hadoop-ozone/integration-test && /usr/lib/jvm/temurin-8-jdk-amd64/jre/bin/java -Xmx4096m -XX:+HeapDumpOnOutOfMemoryError -Dnative.lib.tmp.dir=/tmp '-javaagent:/home/runner/.m2/repository/org/jacoco/org.jacoco.agent/0.8.5/org.jacoco.agent-0.8.5-runtime.jar=destfile=/home/runner/work/ozone/ozone/hadoop-ozone/integration-test/target/jacoco.exec,includes=org.apache.hadoop.hdds.*:org.apache.hadoop.ozone.*:org.apache.hadoop.fs.ozone.*' -jar /home/runner/work/ozone/ozone/hadoop-ozone/integration-test/target/surefire/surefirebooter8718632669109084010.jar /home/runner/work/ozone/ozone/hadoop-ozone/integration-test/target/surefire 2023-06-13T16-50-24_713-jvmRun1 surefire476912942154431219tmp surefire_29276957952112754382tmp
[ERROR] Error occurred in starting fork, check output in log
[ERROR] Process Exit Code: 134
[ERROR] Crashed tests:
[ERROR] org.apache.hadoop.ozone.om.snapshot.TestOzoneManagerSnapshotProvider
[ERROR] ExecutionException The forked VM terminated without properly saying goodbye. VM crash or System.exit called?
[ERROR] Command was /bin/sh -c cd /home/runner/work/ozone/ozone/hadoop-ozone/integration-test && /usr/lib/jvm/temurin-8-jdk-amd64/jre/bin/java -Xmx4096m -XX:+HeapDumpOnOutOfMemoryError -Dnative.lib.tmp.dir=/tmp '-javaagent:/home/runner/.m2/repository/org/jacoco/org.jacoco.agent/0.8.5/org.jacoco.agent-0.8.5-runtime.jar=destfile=/home/runner/work/ozone/ozone/hadoop-ozone/integration-test/target/jacoco.exec,includes=org.apache.hadoop.hdds.*:org.apache.hadoop.ozone.*:org.apache.hadoop.fs.ozone.*' -jar /home/runner/work/ozone/ozone/hadoop-ozone/integration-test/target/surefire/surefirebooter563033665211538957.jar /home/runner/work/ozone/ozone/hadoop-ozone/integration-test/target/surefire 2023-06-13T16-50-24_713-jvmRun1 surefire3161218367884147346tmp surefire_30816293607042549311tmp
[ERROR] Error occurred in starting fork, check output in log
[ERROR] Process Exit Code: 134
[ERROR] Crashed tests:
[ERROR] TestOMUpgradeFinalization
[ERROR] ExecutionException The forked VM terminated without properly saying goodbye. VM crash or System.exit called?
[ERROR] Command was /bin/sh -c cd /home/runner/work/ozone/ozone/hadoop-ozone/integration-test && /usr/lib/jvm/temurin-8-jdk-amd64/jre/bin/java -Xmx4096m -XX:+HeapDumpOnOutOfMemoryError -Dnative.lib.tmp.dir=/tmp '-javaagent:/home/runner/.m2/repository/org/jacoco/org.jacoco.agent/0.8.5/org.jacoco.agent-0.8.5-runtime.jar=destfile=/home/runner/work/ozone/ozone/hadoop-ozone/integration-test/target/jacoco.exec,includes=org.apache.hadoop.hdds.*:org.apache.hadoop.ozone.*:org.apache.hadoop.fs.ozone.*' -jar /home/runner/work/ozone/ozone/hadoop-ozone/integration-test/target/surefire/surefirebooter7282161644111217397.jar /home/runner/work/ozone/ozone/hadoop-ozone/integration-test/target/surefire 2023-06-13T16-50-24_713-jvmRun1 surefire5453930073948899955tmp surefire_316348694549583678165tmp
[ERROR] Error occurred in starting fork, check output in log
[ERROR] Process Exit Code: 134
[ERROR] Crashed tests:
[ERROR] TestOmSnapshot
[ERROR] ExecutionException The forked VM terminated without properly saying goodbye. VM crash or System.exit called?
[ERROR] Command was /bin/sh -c cd /home/runner/work/ozone/ozone/hadoop-ozone/integration-test && /usr/lib/jvm/temurin-8-jdk-amd64/jre/bin/java -Xmx4096m -XX:+HeapDumpOnOutOfMemoryError -Dnative.lib.tmp.dir=/tmp '-javaagent:/home/runner/.m2/repository/org/jacoco/org.jacoco.agent/0.8.5/org.jacoco.agent-0.8.5-runtime.jar=destfile=/home/runner/work/ozone/ozone/hadoop-ozone/integration-test/target/jacoco.exec,includes=org.apache.hadoop.hdds.*:org.apache.hadoop.ozone.*:org.apache.hadoop.fs.ozone.*' -jar /home/runner/work/ozone/ozone/hadoop-ozone/integration-test/target/surefire/surefirebooter9062022881156679852.jar /home/runner/work/ozone/ozone/hadoop-ozone/integration-test/target/surefire 2023-06-13T16-50-24_713-jvmRun1 surefire9215461864387322099tmp surefire_328328513500202404186tmp
[ERROR] Error occurred in starting fork, check output in log
[ERROR] Process Exit Code: 134
[ERROR] Crashed tests:
[ERROR] org.apache.hadoop.ozone.om.TestAddRemoveOzoneManager
[ERROR] ExecutionException The forked VM terminated without properly saying goodbye. VM crash or System.exit called?
[ERROR] Command was /bin/sh -c cd /home/runner/work/ozone/ozone/hadoop-ozone/integration-test && /usr/lib/jvm/temurin-8-jdk-amd64/jre/bin/java -Xmx4096m -XX:+HeapDumpOnOutOfMemoryError -Dnative.lib.tmp.dir=/tmp '-javaagent:/home/runner/.m2/repository/org/jacoco/org.jacoco.agent/0.8.5/org.jacoco.agent-0.8.5-runtime.jar=destfile=/home/runner/work/ozone/ozone/hadoop-ozone/integration-test/target/jacoco.exec,includes=org.apache.hadoop.hdds.*:org.apache.hadoop.ozone.*:org.apache.hadoop.fs.ozone.*' -jar /home/runner/work/ozone/ozone/hadoop-ozone/integration-test/target/surefire/surefirebooter7351525547436452953.jar /home/runner/work/ozone/ozone/hadoop-ozone/integration-test/target/surefire 2023-06-13T16-50-24_713-jvmRun1 surefire5948530069736966234tmp surefire_332841411289743491209tmp
[ERROR] Error occurred in starting fork, check output in log
[ERROR] Process Exit Code: 134
[ERROR] ExecutionException The forked VM terminated without properly saying goodbye. VM crash or System.exit called?
[ERROR] Command was /bin/sh -c cd /home/runner/work/ozone/ozone/hadoop-ozone/integration-test && /usr/lib/jvm/temurin-8-jdk-amd64/jre/bin/java -Xmx4096m -XX:+HeapDumpOnOutOfMemoryError -Dnative.lib.tmp.dir=/tmp '-javaagent:/home/runner/.m2/repository/org/jacoco/org.jacoco.agent/0.8.5/org.jacoco.agent-0.8.5-runtime.jar=destfile=/home/runner/work/ozone/ozone/hadoop-ozone/integration-test/target/jacoco.exec,includes=org.apache.hadoop.hdds.*:org.apache.hadoop.ozone.*:org.apache.hadoop.fs.ozone.*' -jar /home/runner/work/ozone/ozone/hadoop-ozone/integration-test/target/surefire/surefirebooter5808847329798782686.jar /home/runner/work/ozone/ozone/hadoop-ozone/integration-test/target/surefire 2023-06-13T16-50-24_713-jvmRun1 surefire4237376522924198734tmp surefire_351337667099532037997tmp
[ERROR] Error occurred in starting fork, check output in log
[ERROR] Process Exit Code: 134
[ERROR] ExecutionException The forked VM terminated without properly saying goodbye. VM crash or System.exit called?
[ERROR] Command was /bin/sh -c cd /home/runner/work/ozone/ozone/hadoop-ozone/integration-test && /usr/lib/jvm/temurin-8-jdk-amd64/jre/bin/java -Xmx4096m -XX:+HeapDumpOnOutOfMemoryError -Dnative.lib.tmp.dir=/tmp '-javaagent:/home/runner/.m2/repository/org/jacoco/org.jacoco.agent/0.8.5/org.jacoco.agent-0.8.5-runtime.jar=destfile=/home/runner/work/ozone/ozone/hadoop-ozone/integration-test/target/jacoco.exec,includes=org.apache.hadoop.hdds.*:org.apache.hadoop.ozone.*:org.apache.hadoop.fs.ozone.*' -jar /home/runner/work/ozone/ozone/hadoop-ozone/integration-test/target/surefire/surefirebooter4700176346251244206.jar /home/runner/work/ozone/ozone/hadoop-ozone/integration-test/target/surefire 2023-06-13T16-50-24_713-jvmRun1 surefire3750778500889821808tmp surefire_363651642060086143652tmp
[ERROR] Error occurred in starting fork, check output in log
[ERROR] Process Exit Code: 134
[ERROR] ExecutionException The forked VM terminated without properly saying goodbye. VM crash or System.exit called?
[ERROR] Command was /bin/sh -c cd /home/runner/work/ozone/ozone/hadoop-ozone/integration-test && /usr/lib/jvm/temurin-8-jdk-amd64/jre/bin/java -Xmx4096m -XX:+HeapDumpOnOutOfMemoryError -Dnative.lib.tmp.dir=/tmp '-javaagent:/home/runner/.m2/repository/org/jacoco/org.jacoco.agent/0.8.5/org.jacoco.agent-0.8.5-runtime.jar=destfile=/home/runner/work/ozone/ozone/hadoop-ozone/integration-test/target/jacoco.exec,includes=org.apache.hadoop.hdds.*:org.apache.hadoop.ozone.*:org.apache.hadoop.fs.ozone.*' -jar /home/runner/work/ozone/ozone/hadoop-ozone/integration-test/target/surefire/surefirebooter7836854620910325278.jar /home/runner/work/ozone/ozone/hadoop-ozone/integration-test/target/surefire 2023-06-13T16-50-24_713-jvmRun1 surefire2474568673308368930tmp surefire_379016861962502723283tmp
[ERROR] Error occurred in starting fork, check output in log
[ERROR] Process Exit Code: 134
[ERROR] Crashed tests:
[ERROR] org.apache.hadoop.ozone.om.TestOMRatisSnapshots
[ERROR] ExecutionException The forked VM terminated without properly saying goodbye. VM crash or System.exit called?
[ERROR] Command was /bin/sh -c cd /home/runner/work/ozone/ozone/hadoop-ozone/integration-test && /usr/lib/jvm/temurin-8-jdk-amd64/jre/bin/java -Xmx4096m -XX:+HeapDumpOnOutOfMemoryError -Dnative.lib.tmp.dir=/tmp '-javaagent:/home/runner/.m2/repository/org/jacoco/org.jacoco.agent/0.8.5/org.jacoco.agent-0.8.5-runtime.jar=destfile=/home/runner/work/ozone/ozone/hadoop-ozone/integration-test/target/jacoco.exec,includes=org.apache.hadoop.hdds.*:org.apache.hadoop.ozone.*:org.apache.hadoop.fs.ozone.*' -jar /home/runner/work/ozone/ozone/hadoop-ozone/integration-test/target/surefire/surefirebooter8268644245116631091.jar /home/runner/work/ozone/ozone/hadoop-ozone/integration-test/target/surefire 2023-06-13T16-50-24_713-jvmRun1 surefire6157900447222695156tmp surefire_385084050289057606522tmp
[ERROR] Error occurred in starting fork, check output in log
[ERROR] Process Exit Code: 134
[ERROR] ExecutionException The forked VM terminated without properly saying goodbye. VM crash or System.exit called?
[ERROR] Command was /bin/sh -c cd /home/runner/work/ozone/ozone/hadoop-ozone/integration-test && /usr/lib/jvm/temurin-8-jdk-amd64/jre/bin/java -Xmx4096m -XX:+HeapDumpOnOutOfMemoryError -Dnative.lib.tmp.dir=/tmp '-javaagent:/home/runner/.m2/repository/org/jacoco/org.jacoco.agent/0.8.5/org.jacoco.agent-0.8.5-runtime.jar=destfile=/home/runner/work/ozone/ozone/hadoop-ozone/integration-test/target/jacoco.exec,includes=org.apache.hadoop.hdds.*:org.apache.hadoop.ozone.*:org.apache.hadoop.fs.ozone.*' -jar /home/runner/work/ozone/ozone/hadoop-ozone/integration-test/target/surefire/surefirebooter7855675490915939371.jar /home/runner/work/ozone/ozone/hadoop-ozone/integration-test/target/surefire 2023-06-13T16-50-24_713-jvmRun1 surefire3506718496660961835tmp surefire_39297478072073941432tmp
[ERROR] Error occurred in starting fork, check output in log
[ERROR] Process Exit Code: 134
[ERROR] ExecutionException The forked VM terminated without properly saying goodbye. VM crash or System.exit called?
[ERROR] Command was /bin/sh -c cd /home/runner/work/ozone/ozone/hadoop-ozone/integration-test && /usr/lib/jvm/temurin-8-jdk-amd64/jre/bin/java -Xmx4096m -XX:+HeapDumpOnOutOfMemoryError -Dnative.lib.tmp.dir=/tmp '-javaagent:/home/runner/.m2/repository/org/jacoco/org.jacoco.agent/0.8.5/org.jacoco.agent-0.8.5-runtime.jar=destfile=/home/runner/work/ozone/ozone/hadoop-ozone/integration-test/target/jacoco.exec,includes=org.apache.hadoop.hdds.*:org.apache.hadoop.ozone.*:org.apache.hadoop.fs.ozone.*' -jar /home/runner/work/ozone/ozone/hadoop-ozone/integration-test/target/surefire/surefirebooter3927677048786404858.jar /home/runner/work/ozone/ozone/hadoop-ozone/integration-test/target/surefire 2023-06-13T16-50-24_713-jvmRun1 surefire385147488089289636tmp surefire_40189709638933724158tmp
[ERROR] Error occurred in starting fork, check output in log
[ERROR] Process Exit Code: 134
[ERROR] ExecutionException The forked VM terminated without properly saying goodbye. VM crash or System.exit called?
[ERROR] Command was /bin/sh -c cd /home/runner/work/ozone/ozone/hadoop-ozone/integration-test && /usr/lib/jvm/temurin-8-jdk-amd64/jre/bin/java -Xmx4096m -XX:+HeapDumpOnOutOfMemoryError -Dnative.lib.tmp.dir=/tmp '-javaagent:/home/runner/.m2/repository/org/jacoco/org.jacoco.agent/0.8.5/org.jacoco.agent-0.8.5-runtime.jar=destfile=/home/runner/work/ozone/ozone/hadoop-ozone/integration-test/target/jacoco.exec,includes=org.apache.hadoop.hdds.*:org.apache.hadoop.ozone.*:org.apache.hadoop.fs.ozone.*' -jar /home/runner/work/ozone/ozone/hadoop-ozone/integration-test/target/surefire/surefirebooter8839207844368889050.jar /home/runner/work/ozone/ozone/hadoop-ozone/integration-test/target/surefire 2023-06-13T16-50-24_713-jvmRun1 surefire8300355121736176957tmp surefire_413073408250956371090tmp
[ERROR] Error occurred in starting fork, check output in log
[ERROR] Process Exit Code: 134
[ERROR] Crashed tests:
[ERROR] org.apache.hadoop.ozone.om.TestOMDbCheckpointServlet
[ERROR] ExecutionException The forked VM terminated without properly saying goodbye. VM crash or System.exit called?
[ERROR] Command was /bin/sh -c cd /home/runner/work/ozone/ozone/hadoop-ozone/integration-test && /usr/lib/jvm/temurin-8-jdk-amd64/jre/bin/java -Xmx4096m -XX:+HeapDumpOnOutOfMemoryError -Dnative.lib.tmp.dir=/tmp '-javaagent:/home/runner/.m2/repository/org/jacoco/org.jacoco.agent/0.8.5/org.jacoco.agent-0.8.5-runtime.jar=destfile=/home/runner/work/ozone/ozone/hadoop-ozone/integration-test/target/jacoco.exec,includes=org.apache.hadoop.hdds.*:org.apache.hadoop.ozone.*:org.apache.hadoop.fs.ozone.*' -jar /home/runner/work/ozone/ozone/hadoop-ozone/integration-test/target/surefire/surefirebooter7354704763019572924.jar /home/runner/work/ozone/ozone/hadoop-ozone/integration-test/target/surefire 2023-06-13T16-50-24_713-jvmRun1 surefire7237073256276207809tmp surefire_423435661893261494657tmp
[ERROR] Error occurred in starting fork, check output in log
[ERROR] Process Exit Code: 134
[ERROR] ExecutionException The forked VM terminated without properly saying goodbye. VM crash or System.exit called?
[ERROR] Command was /bin/sh -c cd /home/runner/work/ozone/ozone/hadoop-ozone/integration-test && /usr/lib/jvm/temurin-8-jdk-amd64/jre/bin/java -Xmx4096m -XX:+HeapDumpOnOutOfMemoryError -Dnative.lib.tmp.dir=/tmp '-javaagent:/home/runner/.m2/repository/org/jacoco/org.jacoco.agent/0.8.5/org.jacoco.agent-0.8.5-runtime.jar=destfile=/home/runner/work/ozone/ozone/hadoop-ozone/integration-test/target/jacoco.exec,includes=org.apache.hadoop.hdds.*:org.apache.hadoop.ozone.*:org.apache.hadoop.fs.ozone.*' -jar /home/runner/work/ozone/ozone/hadoop-ozone/integration-test/target/surefire/surefirebooter3143301310336449096.jar /home/runner/work/ozone/ozone/hadoop-ozone/integration-test/target/surefire 2023-06-13T16-50-24_713-jvmRun1 surefire1657719795846026688tmp surefire_453890402101684345488tmp
[ERROR] Error occurred in starting fork, check output in log
[ERROR] Process Exit Code: 134
[ERROR] ExecutionException The forked VM terminated without properly saying goodbye. VM crash or System.exit called?
[ERROR] Command was /bin/sh -c cd /home/runner/work/ozone/ozone/hadoop-ozone/integration-test && /usr/lib/jvm/temurin-8-jdk-amd64/jre/bin/java -Xmx4096m -XX:+HeapDumpOnOutOfMemoryError -Dnative.lib.tmp.dir=/tmp '-javaagent:/home/runner/.m2/repository/org/jacoco/org.jacoco.agent/0.8.5/org.jacoco.agent-0.8.5-runtime.jar=destfile=/home/runner/work/ozone/ozone/hadoop-ozone/integration-test/target/jacoco.exec,includes=org.apache.hadoop.hdds.*:org.apache.hadoop.ozone.*:org.apache.hadoop.fs.ozone.*' -jar /home/runner/work/ozone/ozone/hadoop-ozone/integration-test/target/surefire/surefirebooter8737323777592566322.jar /home/runner/work/ozone/ozone/hadoop-ozone/integration-test/target/surefire 2023-06-13T16-50-24_713-jvmRun1 surefire1393528436033891574tmp surefire_461551840492708255716tmp
[ERROR] Error occurred in starting fork, check output in log
[ERROR] Process Exit Code: 134
[ERROR] org.apache.maven.surefire.booter.SurefireBooterForkException: ExecutionException The forked VM terminated without properly saying goodbye. VM crash or System.exit called?
[ERROR] Command was /bin/sh -c cd /home/runner/work/ozone/ozone/hadoop-ozone/integration-test && /usr/lib/jvm/temurin-8-jdk-amd64/jre/bin/java -Xmx4096m -XX:+HeapDumpOnOutOfMemoryError -Dnative.lib.tmp.dir=/tmp '-javaagent:/home/runner/.m2/repository/org/jacoco/org.jacoco.agent/0.8.5/org.jacoco.agent-0.8.5-runtime.jar=destfile=/home/runner/work/ozone/ozone/hadoop-ozone/integration-test/target/jacoco.exec,includes=org.apache.hadoop.hdds.*:org.apache.hadoop.ozone.*:org.apache.hadoop.fs.ozone.*' -jar /home/runner/work/ozone/ozone/hadoop-ozone/integration-test/target/surefire/surefirebooter8120283235512194562.jar /home/runner/work/ozone/ozone/hadoop-ozone/integration-test/target/surefire 2023-06-13T16-50-24_713-jvmRun1 surefire9050307937792028190tmp surefire_0430213881044221330tmp
[ERROR] Error occurred in starting fork, check output in log
[ERROR] Process Exit Code: 134
[ERROR] ExecutionException The forked VM terminated without properly saying goodbye. VM crash or System.exit called?
[ERROR] Command was /bin/sh -c cd /home/runner/work/ozone/ozone/hadoop-ozone/integration-test && /usr/lib/jvm/temurin-8-jdk-amd64/jre/bin/java -Xmx4096m -XX:+HeapDumpOnOutOfMemoryError -Dnative.lib.tmp.dir=/tmp '-javaagent:/home/runner/.m2/repository/org/jacoco/org.jacoco.agent/0.8.5/org.jacoco.agent-0.8.5-runtime.jar=destfile=/home/runner/work/ozone/ozone/hadoop-ozone/integration-test/target/jacoco.exec,includes=org.apache.hadoop.hdds.*:org.apache.hadoop.ozone.*:org.apache.hadoop.fs.ozone.*' -jar /home/runner/work/ozone/ozone/hadoop-ozone/integration-test/target/surefire/surefirebooter2304240737811618686.jar /home/runner/work/ozone/ozone/hadoop-ozone/integration-test/target/surefire 2023-06-13T16-50-24_713-jvmRun1 surefire6158574089260854549tmp surefire_18836763356833282800tmp
[ERROR] Error occurred in starting fork, check output in log
[ERROR] Process Exit Code: 134
[ERROR] ExecutionException The forked VM terminated without properly saying goodbye. VM crash or System.exit called?
[ERROR] Command was /bin/sh -c cd /home/runner/work/ozone/ozone/hadoop-ozone/integration-test && /usr/lib/jvm/temurin-8-jdk-amd64/jre/bin/java -Xmx4096m -XX:+HeapDumpOnOutOfMemoryError -Dnative.lib.tmp.dir=/tmp '-javaagent:/home/runner/.m2/repository/org/jacoco/org.jacoco.agent/0.8.5/org.jacoco.agent-0.8.5-runtime.jar=destfile=/home/runner/work/ozone/ozone/hadoop-ozone/integration-test/target/jacoco.exec,includes=org.apache.hadoop.hdds.*:org.apache.hadoop.ozone.*:org.apache.hadoop.fs.ozone.*' -jar /home/runner/work/ozone/ozone/hadoop-ozone/integration-test/target/surefire/surefirebooter2493766186499302964.jar /home/runner/work/ozone/ozone/hadoop-ozone/integration-test/target/surefire 2023-06-13T16-50-24_713-jvmRun1 surefire1991488954233976336tmp surefire_27998656889231906716tmp
[ERROR] Error occurred in starting fork, check output in log
[ERROR] Process Exit Code: 134
[ERROR] ExecutionException The forked VM terminated without properly saying goodbye. VM crash or System.exit called?
[ERROR] Command was /bin/sh -c cd /home/runner/work/ozone/ozone/hadoop-ozone/integration-test && /usr/lib/jvm/temurin-8-jdk-amd64/jre/bin/java -Xmx4096m -XX:+HeapDumpOnOutOfMemoryError -Dnative.lib.tmp.dir=/tmp '-javaagent:/home/runner/.m2/repository/org/jacoco/org.jacoco.agent/0.8.5/org.jacoco.agent-0.8.5-runtime.jar=destfile=/home/runner/work/ozone/ozone/hadoop-ozone/integration-test/target/jacoco.exec,includes=org.apache.hadoop.hdds.*:org.apache.hadoop.ozone.*:org.apache.hadoop.fs.ozone.*' -jar /home/runner/work/ozone/ozone/hadoop-ozone/integration-test/target/surefire/surefirebooter5863901738844032473.jar /home/runner/work/ozone/ozone/hadoop-ozone/integration-test/target/surefire 2023-06-13T16-50-24_713-jvmRun1 surefire3358720999590868405tmp surefire_38065413194253211993tmp
[ERROR] Error occurred in starting fork, check output in log
[ERROR] Process Exit Code: 134
[ERROR] ExecutionException The forked VM terminated without properly saying goodbye. VM crash or System.exit called?
[ERROR] Command was /bin/sh -c cd /home/runner/work/ozone/ozone/hadoop-ozone/integration-test && /usr/lib/jvm/temurin-8-jdk-amd64/jre/bin/java -Xmx4096m -XX:+HeapDumpOnOutOfMemoryError -Dnative.lib.tmp.dir=/tmp '-javaagent:/home/runner/.m2/repository/org/jacoco/org.jacoco.agent/0.8.5/org.jacoco.agent-0.8.5-runtime.jar=destfile=/home/runner/work/ozone/ozone/hadoop-ozone/integration-test/target/jacoco.exec,includes=org.apache.hadoop.hdds.*:org.apache.hadoop.ozone.*:org.apache.hadoop.fs.ozone.*' -jar /home/runner/work/ozone/ozone/hadoop-ozone/integration-test/target/surefire/surefirebooter321457396575161750.jar /home/runner/work/ozone/ozone/hadoop-ozone/integration-test/target/surefire 2023-06-13T16-50-24_713-jvmRun1 surefire6434207515063754048tmp surefire_46573073504165216652tmp
[ERROR] Error occurred in starting fork, check output in log
[ERROR] Process Exit Code: 134
[ERROR] Crashed tests:
[ERROR] org.apache.hadoop.ozone.om.TestOmMetrics
[ERROR] ExecutionException The forked VM terminated without properly saying goodbye. VM crash or System.exit called?
[ERROR] Command was /bin/sh -c cd /home/runner/work/ozone/ozone/hadoop-ozone/integration-test && /usr/lib/jvm/temurin-8-jdk-amd64/jre/bin/java -Xmx4096m -XX:+HeapDumpOnOutOfMemoryError -Dnative.lib.tmp.dir=/tmp '-javaagent:/home/runner/.m2/repository/org/jacoco/org.jacoco.agent/0.8.5/org.jacoco.agent-0.8.5-runtime.jar=destfile=/home/runner/work/ozone/ozone/hadoop-ozone/integration-test/target/jacoco.exec,includes=org.apache.hadoop.hdds.*:org.apache.hadoop.ozone.*:org.apache.hadoop.fs.ozone.*' -jar /home/runner/work/ozone/ozone/hadoop-ozone/integration-test/target/surefire/surefirebooter5724507922696029539.jar /home/runner/work/ozone/ozone/hadoop-ozone/integration-test/target/surefire 2023-06-13T16-50-24_713-jvmRun1 surefire240861203860681670tmp surefire_56713189333394013262tmp
[ERROR] Error occurred in starting fork, check output in log
[ERROR] Process Exit Code: 134
[ERROR] ExecutionException The forked VM terminated without properly saying goodbye. VM crash or System.exit called?
[ERROR] Command was /bin/sh -c cd /home/runner/work/ozone/ozone/hadoop-ozone/integration-test && /usr/lib/jvm/temurin-8-jdk-amd64/jre/bin/java -Xmx4096m -XX:+HeapDumpOnOutOfMemoryError -Dnative.lib.tmp.dir=/tmp '-javaagent:/home/runner/.m2/repository/org/jacoco/org.jacoco.agent/0.8.5/org.jacoco.agent-0.8.5-runtime.jar=destfile=/home/runner/work/ozone/ozone/hadoop-ozone/integration-test/target/jacoco.exec,includes=org.apache.hadoop.hdds.*:org.apache.hadoop.ozone.*:org.apache.hadoop.fs.ozone.*' -jar /home/runner/work/ozone/ozone/hadoop-ozone/integration-test/target/surefire/surefirebooter8042220518286920052.jar /home/runner/work/ozone/ozone/hadoop-ozone/integration-test/target/surefire 2023-06-13T16-50-24_713-jvmRun1 surefire7192020164654802684tmp surefire_66765072260950637308tmp
[ERROR] Error occurred in starting fork, check output in log
[ERROR] Process Exit Code: 134
[ERROR] ExecutionException The forked VM terminated without properly saying goodbye. VM crash or System.exit called?
[ERROR] Command was /bin/sh -c cd /home/runner/work/ozone/ozone/hadoop-ozone/integration-test && /usr/lib/jvm/temurin-8-jdk-amd64/jre/bin/java -Xmx4096m -XX:+HeapDumpOnOutOfMemoryError -Dnative.lib.tmp.dir=/tmp '-javaagent:/home/runner/.m2/repository/org/jacoco/org.jacoco.agent/0.8.5/org.jacoco.agent-0.8.5-runtime.jar=destfile=/home/runner/work/ozone/ozone/hadoop-ozone/integration-test/target/jacoco.exec,includes=org.apache.hadoop.hdds.*:org.apache.hadoop.ozone.*:org.apache.hadoop.fs.ozone.*' -jar /home/runner/work/ozone/ozone/hadoop-ozone/integration-test/target/surefire/surefirebooter4117502647658745433.jar /home/runner/work/ozone/ozone/hadoop-ozone/integration-test/target/surefire 2023-06-13T16-50-24_713-jvmRun1 surefire2430482488788697274tmp surefire_78489528428536924397tmp
[ERROR] Error occurred in starting fork, check output in log
[ERROR] Process Exit Code: 134
[ERROR] ExecutionException The forked VM terminated without properly saying goodbye. VM crash or System.exit called?
[ERROR] Command was /bin/sh -c cd /home/runner/work/ozone/ozone/hadoop-ozone/integration-test && /usr/lib/jvm/temurin-8-jdk-amd64/jre/bin/java -Xmx4096m -XX:+HeapDumpOnOutOfMemoryError -Dnative.lib.tmp.dir=/tmp '-javaagent:/home/runner/.m2/repository/org/jacoco/org.jacoco.agent/0.8.5/org.jacoco.agent-0.8.5-runtime.jar=destfile=/home/runner/work/ozone/ozone/hadoop-ozone/integration-test/target/jacoco.exec,includes=org.apache.hadoop.hdds.*:org.apache.hadoop.ozone.*:org.apache.hadoop.fs.ozone.*' -jar /home/runner/work/ozone/ozone/hadoop-ozone/integration-test/target/surefire/surefirebooter6814722129222108745.jar /home/runner/work/ozone/ozone/hadoop-ozone/integration-test/target/surefire 2023-06-13T16-50-24_713-jvmRun1 surefire7854062056025187116tmp surefire_87179435981741570380tmp
[ERROR] Error occurred in starting fork, check output in log
[ERROR] Process Exit Code: 134
[ERROR] Crashed tests:
[ERROR] org.apache.hadoop.ozone.om.TestOMStartupWithBucketLayout
[ERROR] ExecutionException The forked VM terminated without properly saying goodbye. VM crash or System.exit called?
[ERROR] Command was /bin/sh -c cd /home/runner/work/ozone/ozone/hadoop-ozone/integration-test && /usr/lib/jvm/temurin-8-jdk-amd64/jre/bin/java -Xmx4096m -XX:+HeapDumpOnOutOfMemoryError -Dnative.lib.tmp.dir=/tmp '-javaagent:/home/runner/.m2/repository/org/jacoco/org.jacoco.agent/0.8.5/org.jacoco.agent-0.8.5-runtime.jar=destfile=/home/runner/work/ozone/ozone/hadoop-ozone/integration-test/target/jacoco.exec,includes=org.apache.hadoop.hdds.*:org.apache.hadoop.ozone.*:org.apache.hadoop.fs.ozone.*' -jar /home/runner/work/ozone/ozone/hadoop-ozone/integration-test/target/surefire/surefirebooter2038244293407235132.jar /home/runner/work/ozone/ozone/hadoop-ozone/integration-test/target/surefire 2023-06-13T16-50-24_713-jvmRun1 surefire1195706863376704392tmp surefire_95523589176490378295tmp
[ERROR] Error occurred in starting fork, check output in log
[ERROR] Process Exit Code: 134
[ERROR] ExecutionException The forked VM terminated without properly saying goodbye. VM crash or System.exit called?
[ERROR] Command was /bin/sh -c cd /home/runner/work/ozone/ozone/hadoop-ozone/integration-test && /usr/lib/jvm/temurin-8-jdk-amd64/jre/bin/java -Xmx4096m -XX:+HeapDumpOnOutOfMemoryError -Dnative.lib.tmp.dir=/tmp '-javaagent:/home/runner/.m2/repository/org/jacoco/org.jacoco.agent/0.8.5/org.jacoco.agent-0.8.5-runtime.jar=destfile=/home/runner/work/ozone/ozone/hadoop-ozone/integration-test/target/jacoco.exec,includes=org.apache.hadoop.hdds.*:org.apache.hadoop.ozone.*:org.apache.hadoop.fs.ozone.*' -jar /home/runner/work/ozone/ozone/hadoop-ozone/integration-test/target/surefire/surefirebooter5362572110951946707.jar /home/runner/work/ozone/ozone/hadoop-ozone/integration-test/target/surefire 2023-06-13T16-50-24_713-jvmRun1 surefire7694124743475741432tmp surefire_104526508445493406698tmp
[ERROR] Error occurred in starting fork, check output in log
[ERROR] Process Exit Code: 134
[ERROR] Crashed tests:
[ERROR] org.apache.hadoop.ozone.om.TestOzoneManagerConfiguration
[ERROR] ExecutionException The forked VM terminated without properly saying goodbye. VM crash or System.exit called?
[ERROR] Command was /bin/sh -c cd /home/runner/work/ozone/ozone/hadoop-ozone/integration-test && /usr/lib/jvm/temurin-8-jdk-amd64/jre/bin/java -Xmx4096m -XX:+HeapDumpOnOutOfMemoryError -Dnative.lib.tmp.dir=/tmp '-javaagent:/home/runner/.m2/repository/org/jacoco/org.jacoco.agent/0.8.5/org.jacoco.agent-0.8.5-runtime.jar=destfile=/home/runner/work/ozone/ozone/hadoop-ozone/integration-test/target/jacoco.exec,includes=org.apache.hadoop.hdds.*:org.apache.hadoop.ozone.*:org.apache.hadoop.fs.ozone.*' -jar /home/runner/work/ozone/ozone/hadoop-ozone/integration-test/target/surefire/surefirebooter4294979866875153009.jar /home/runner/work/ozone/ozone/hadoop-ozone/integration-test/target/surefire 2023-06-13T16-50-24_713-jvmRun1 surefire718319103466636720tmp surefire_111141374853748517629tmp
[ERROR] Error occurred in starting fork, check output in log
[ERROR] Process Exit Code: 134
[ERROR] ExecutionException The forked VM terminated without properly saying goodbye. VM crash or System.exit called?
[ERROR] Command was /bin/sh -c cd /home/runner/work/ozone/ozone/hadoop-ozone/integration-test && /usr/lib/jvm/temurin-8-jdk-amd64/jre/bin/java -Xmx4096m -XX:+HeapDumpOnOutOfMemoryError -Dnative.lib.tmp.dir=/tmp '-javaagent:/home/runner/.m2/repository/org/jacoco/org.jacoco.agent/0.8.5/org.jacoco.agent-0.8.5-runtime.jar=destfile=/home/runner/work/ozone/ozone/hadoop-ozone/integration-test/target/jacoco.exec,includes=org.apache.hadoop.hdds.*:org.apache.hadoop.ozone.*:org.apache.hadoop.fs.ozone.*' -jar /home/runner/work/ozone/ozone/hadoop-ozone/integration-test/target/surefire/surefirebooter3122782531956835570.jar /home/runner/work/ozone/ozone/hadoop-ozone/integration-test/target/surefire 2023-06-13T16-50-24_713-jvmRun1 surefire3405738693217524434tmp surefire_126398394613998112312tmp
[ERROR] Error occurred in starting fork, check output in log
[ERROR] Process Exit Code: 134
[ERROR] ExecutionException The forked VM terminated without properly saying goodbye. VM crash or System.exit called?
[ERROR] Command was /bin/sh -c cd /home/runner/work/ozone/ozone/hadoop-ozone/integration-test && /usr/lib/jvm/temurin-8-jdk-amd64/jre/bin/java -Xmx4096m -XX:+HeapDumpOnOutOfMemoryError -Dnative.lib.tmp.dir=/tmp '-javaagent:/home/runner/.m2/repository/org/jacoco/org.jacoco.agent/0.8.5/org.jacoco.agent-0.8.5-runtime.jar=destfile=/home/runner/work/ozone/ozone/hadoop-ozone/integration-test/target/jacoco.exec,includes=org.apache.hadoop.hdds.*:org.apache.hadoop.ozone.*:org.apache.hadoop.fs.ozone.*' -jar /home/runner/work/ozone/ozone/hadoop-ozone/integration-test/target/surefire/surefirebooter3606897696071076812.jar /home/runner/work/ozone/ozone/hadoop-ozone/integration-test/target/surefire 2023-06-13T16-50-24_713-jvmRun1 surefire521130845851220266tmp surefire_152541808765377905673tmp
[ERROR] Error occurred in starting fork, check output in log
[ERROR] Process Exit Code: 134
[ERROR] ExecutionException The forked VM terminated without properly saying goodbye. VM crash or System.exit called?
[ERROR] Command was /bin/sh -c cd /home/runner/work/ozone/ozone/hadoop-ozone/integration-test && /usr/lib/jvm/temurin-8-jdk-amd64/jre/bin/java -Xmx4096m -XX:+HeapDumpOnOutOfMemoryError -Dnative.lib.tmp.dir=/tmp '-javaagent:/home/runner/.m2/repository/org/jacoco/org.jacoco.agent/0.8.5/org.jacoco.agent-0.8.5-runtime.jar=destfile=/home/runner/work/ozone/ozone/hadoop-ozone/integration-test/target/jacoco.exec,includes=org.apache.hadoop.hdds.*:org.apache.hadoop.ozone.*:org.apache.hadoop.fs.ozone.*' -jar /home/runner/work/ozone/ozone/hadoop-ozone/integration-test/target/surefire/surefirebooter7730546305823724479.jar /home/runner/work/ozone/ozone/hadoop-ozone/integration-test/target/surefire 2023-06-13T16-50-24_713-jvmRun1 surefire3817174603181430175tmp surefire_163451032316353672213tmp
[ERROR] Error occurred in starting fork, check output in log
[ERROR] Process Exit Code: 134
[ERROR] ExecutionException The forked VM terminated without properly saying goodbye. VM crash or System.exit called?
[ERROR] Command was /bin/sh -c cd /home/runner/work/ozone/ozone/hadoop-ozone/integration-test && /usr/lib/jvm/temurin-8-jdk-amd64/jre/bin/java -Xmx4096m -XX:+HeapDumpOnOutOfMemoryError -Dnative.lib.tmp.dir=/tmp '-javaagent:/home/runner/.m2/repository/org/jacoco/org.jacoco.agent/0.8.5/org.jacoco.agent-0.8.5-runtime.jar=destfile=/home/runner/work/ozone/ozone/hadoop-ozone/integration-test/target/jacoco.exec,includes=org.apache.hadoop.hdds.*:org.apache.hadoop.ozone.*:org.apache.hadoop.fs.ozone.*' -jar /home/runner/work/ozone/ozone/hadoop-ozone/integration-test/target/surefire/surefirebooter1942054521071108102.jar /home/runner/work/ozone/ozone/hadoop-ozone/integration-test/target/surefire 2023-06-13T16-50-24_713-jvmRun1 surefire4056309363967553106tmp surefire_175602519777223509064tmp
[ERROR] Error occurred in starting fork, check output in log
[ERROR] Process Exit Code: 134
[ERROR] Crashed tests:
[ERROR] TestOmSnapshotFileSystem
[ERROR] ExecutionException The forked VM terminated without properly saying goodbye. VM crash or System.exit called?
[ERROR] Command was /bin/sh -c cd /home/runner/work/ozone/ozone/hadoop-ozone/integration-test && /usr/lib/jvm/temurin-8-jdk-amd64/jre/bin/java -Xmx4096m -XX:+HeapDumpOnOutOfMemoryError -Dnative.lib.tmp.dir=/tmp '-javaagent:/home/runner/.m2/repository/org/jacoco/org.jacoco.agent/0.8.5/org.jacoco.agent-0.8.5-runtime.jar=destfile=/home/runner/work/ozone/ozone/hadoop-ozone/integration-test/target/jacoco.exec,includes=org.apache.hadoop.hdds.*:org.apache.hadoop.ozone.*:org.apache.hadoop.fs.ozone.*' -jar /home/runner/work/ozone/ozone/hadoop-ozone/integration-test/target/surefire/surefirebooter5676675872842637409.jar /home/runner/work/ozone/ozone/hadoop-ozone/integration-test/target/surefire 2023-06-13T16-50-24_713-jvmRun1 surefire6969908974216205709tmp surefire_194922693431351814114tmp
[ERROR] Error occurred in starting fork, check output in log
[ERROR] Process Exit Code: 134
[ERROR] Crashed tests:
[ERROR] org.apache.hadoop.ozone.om.TestKeyPurging
[ERROR] ExecutionException The forked VM terminated without properly saying goodbye. VM crash or System.exit called?
[ERROR] Command was /bin/sh -c cd /home/runner/work/ozone/ozone/hadoop-ozone/integration-test && /usr/lib/jvm/temurin-8-jdk-amd64/jre/bin/java -Xmx4096m -XX:+HeapDumpOnOutOfMemoryError -Dnative.lib.tmp.dir=/tmp '-javaagent:/home/runner/.m2/repository/org/jacoco/org.jacoco.agent/0.8.5/org.jacoco.agent-0.8.5-runtime.jar=destfile=/home/runner/work/ozone/ozone/hadoop-ozone/integration-test/target/jacoco.exec,includes=org.apache.hadoop.hdds.*:org.apache.hadoop.ozone.*:org.apache.hadoop.fs.ozone.*' -jar /home/runner/work/ozone/ozone/hadoop-ozone/integration-test/target/surefire/surefirebooter1235383958211656048.jar /home/runner/work/ozone/ozone/hadoop-ozone/integration-test/target/surefire 2023-06-13T16-50-24_713-jvmRun1 surefire929504736778182565tmp surefire_205888599024429952159tmp
[ERROR] Error occurred in starting fork, check output in log
[ERROR] Process Exit Code: 134
[ERROR] ExecutionException The forked VM terminated without properly saying goodbye. VM crash or System.exit called?
[ERROR] Command was /bin/sh -c cd /home/runner/work/ozone/ozone/hadoop-ozone/integration-test && /usr/lib/jvm/temurin-8-jdk-amd64/jre/bin/java -Xmx4096m -XX:+HeapDumpOnOutOfMemoryError -Dnative.lib.tmp.dir=/tmp '-javaagent:/home/runner/.m2/repository/org/jacoco/org.jacoco.agent/0.8.5/org.jacoco.agent-0.8.5-runtime.jar=destfile=/home/runner/work/ozone/ozone/hadoop-ozone/integration-test/target/jacoco.exec,includes=org.apache.hadoop.hdds.*:org.apache.hadoop.ozone.*:org.apache.hadoop.fs.ozone.*' -jar /home/runner/work/ozone/ozone/hadoop-ozone/integration-test/target/surefire/surefirebooter5598242195182372983.jar /home/runner/work/ozone/ozone/hadoop-ozone/integration-test/target/surefire 2023-06-13T16-50-24_713-jvmRun1 surefire773748940183118074tmp surefire_218977635320807648621tmp
[ERROR] Error occurred in starting fork, check output in log
[ERROR] Process Exit Code: 134
[ERROR] ExecutionException The forked VM terminated without properly saying goodbye. VM crash or System.exit called?
[ERROR] Command was /bin/sh -c cd /home/runner/work/ozone/ozone/hadoop-ozone/integration-test && /usr/lib/jvm/temurin-8-jdk-amd64/jre/bin/java -Xmx4096m -XX:+HeapDumpOnOutOfMemoryError -Dnative.lib.tmp.dir=/tmp '-javaagent:/home/runner/.m2/repository/org/jacoco/org.jacoco.agent/0.8.5/org.jacoco.agent-0.8.5-runtime.jar=destfile=/home/runner/work/ozone/ozone/hadoop-ozone/integration-test/target/jacoco.exec,includes=org.apache.hadoop.hdds.*:org.apache.hadoop.ozone.*:org.apache.hadoop.fs.ozone.*' -jar /home/runner/work/ozone/ozone/hadoop-ozone/integration-test/target/surefire/surefirebooter6381663250823764485.jar /home/runner/work/ozone/ozone/hadoop-ozone/integration-test/target/surefire 2023-06-13T16-50-24_713-jvmRun1 surefire7389401949252218855tmp surefire_2285703881172276956tmp
[ERROR] Error occurred in starting fork, check output in log
[ERROR] Process Exit Code: 134
[ERROR] Crashed tests:
[ERROR] TestOMBucketLayoutUpgrade
[ERROR] ExecutionException The forked VM terminated without properly saying goodbye. VM crash or System.exit called?
[ERROR] Command was /bin/sh -c cd /home/runner/work/ozone/ozone/hadoop-ozone/integration-test && /usr/lib/jvm/temurin-8-jdk-amd64/jre/bin/java -Xmx4096m -XX:+HeapDumpOnOutOfMemoryError -Dnative.lib.tmp.dir=/tmp '-javaagent:/home/runner/.m2/repository/org/jacoco/org.jacoco.agent/0.8.5/org.jacoco.agent-0.8.5-runtime.jar=destfile=/home/runner/work/ozone/ozone/hadoop-ozone/integration-test/target/jacoco.exec,includes=org.apache.hadoop.hdds.*:org.apache.hadoop.ozone.*:org.apache.hadoop.fs.ozone.*' -jar /home/runner/work/ozone/ozone/hadoop-ozone/integration-test/target/surefire/surefirebooter4686429054011089831.jar /home/runner/work/ozone/ozone/hadoop-ozone/integration-test/target/surefire 2023-06-13T16-50-24_713-jvmRun1 surefire1840620444636149020tmp surefire_237894075917911383336tmp
[ERROR] Error occurred in starting fork, check output in log
[ERROR] Process Exit Code: 134
[ERROR] ExecutionException The forked VM terminated without properly saying goodbye. VM crash or System.exit called?
[ERROR] Command was /bin/sh -c cd /home/runner/work/ozone/ozone/hadoop-ozone/integration-test && /usr/lib/jvm/temurin-8-jdk-amd64/jre/bin/java -Xmx4096m -XX:+HeapDumpOnOutOfMemoryError -Dnative.lib.tmp.dir=/tmp '-javaagent:/home/runner/.m2/repository/org/jacoco/org.jacoco.agent/0.8.5/org.jacoco.agent-0.8.5-runtime.jar=destfile=/home/runner/work/ozone/ozone/hadoop-ozone/integration-test/target/jacoco.exec,includes=org.apache.hadoop.hdds.*:org.apache.hadoop.ozone.*:org.apache.hadoop.fs.ozone.*' -jar /home/runner/work/ozone/ozone/hadoop-ozone/integration-test/target/surefire/surefirebooter4421978303057151590.jar /home/runner/work/ozone/ozone/hadoop-ozone/integration-test/target/surefire 2023-06-13T16-50-24_713-jvmRun1 surefire7182913696054889893tmp surefire_247304936164975949952tmp
[ERROR] Error occurred in starting fork, check output in log
[ERROR] Process Exit Code: 134
[ERROR] Crashed tests:
[ERROR] org.apache.hadoop.ozone.om.TestOzoneManagerRocksDBLogging
[ERROR] ExecutionException The forked VM terminated without properly saying goodbye. VM crash or System.exit called?
[ERROR] Command was /bin/sh -c cd /home/runner/work/ozone/ozone/hadoop-ozone/integration-test && /usr/lib/jvm/temurin-8-jdk-amd64/jre/bin/java -Xmx4096m -XX:+HeapDumpOnOutOfMemoryError -Dnative.lib.tmp.dir=/tmp '-javaagent:/home/runner/.m2/repository/org/jacoco/org.jacoco.agent/0.8.5/org.jacoco.agent-0.8.5-runtime.jar=destfile=/home/runner/work/ozone/ozone/hadoop-ozone/integration-test/target/jacoco.exec,includes=org.apache.hadoop.hdds.*:org.apache.hadoop.ozone.*:org.apache.hadoop.fs.ozone.*' -jar /home/runner/work/ozone/ozone/hadoop-ozone/integration-test/target/surefire/surefirebooter5615088632743105440.jar /home/runner/work/ozone/ozone/hadoop-ozone/integration-test/target/surefire 2023-06-13T16-50-24_713-jvmRun1 surefire8409085532579851274tmp surefire_256406781509029866436tmp
[ERROR] Error occurred in starting fork, check output in log
[ERROR] Process Exit Code: 134
[ERROR] ExecutionException The forked VM terminated without properly saying goodbye. VM crash or System.exit called?
[ERROR] Command was /bin/sh -c cd /home/runner/work/ozone/ozone/hadoop-ozone/integration-test && /usr/lib/jvm/temurin-8-jdk-amd64/jre/bin/java -Xmx4096m -XX:+HeapDumpOnOutOfMemoryError -Dnative.lib.tmp.dir=/tmp '-javaagent:/home/runner/.m2/repository/org/jacoco/org.jacoco.agent/0.8.5/org.jacoco.agent-0.8.5-runtime.jar=destfile=/home/runner/work/ozone/ozone/hadoop-ozone/integration-test/target/jacoco.exec,includes=org.apache.hadoop.hdds.*:org.apache.hadoop.ozone.*:org.apache.hadoop.fs.ozone.*' -jar /home/runner/work/ozone/ozone/hadoop-ozone/integration-test/target/surefire/surefirebooter4959480146208906484.jar /home/runner/work/ozone/ozone/hadoop-ozone/integration-test/target/surefire 2023-06-13T16-50-24_713-jvmRun1 surefire4086987664363842105tmp surefire_262772917754451756654tmp
[ERROR] Error occurred in starting fork, check output in log
[ERROR] Process Exit Code: 134
[ERROR] ExecutionException The forked VM terminated without properly saying goodbye. VM crash or System.exit called?
[ERROR] Command was /bin/sh -c cd /home/runner/work/ozone/ozone/hadoop-ozone/integration-test && /usr/lib/jvm/temurin-8-jdk-amd64/jre/bin/java -Xmx4096m -XX:+HeapDumpOnOutOfMemoryError -Dnative.lib.tmp.dir=/tmp '-javaagent:/home/runner/.m2/repository/org/jacoco/org.jacoco.agent/0.8.5/org.jacoco.agent-0.8.5-runtime.jar=destfile=/home/runner/work/ozone/ozone/hadoop-ozone/integration-test/target/jacoco.exec,includes=org.apache.hadoop.hdds.*:org.apache.hadoop.ozone.*:org.apache.hadoop.fs.ozone.*' -jar /home/runner/work/ozone/ozone/hadoop-ozone/integration-test/target/surefire/surefirebooter2824909940404202129.jar /home/runner/work/ozone/ozone/hadoop-ozone/integration-test/target/surefire 2023-06-13T16-50-24_713-jvmRun1 surefire6903321469294821070tmp surefire_272423783880622155200tmp
[ERROR] Error occurred in starting fork, check output in log
[ERROR] Process Exit Code: 134
[ERROR] ExecutionException The forked VM terminated without properly saying goodbye. VM crash or System.exit called?
[ERROR] Command was /bin/sh -c cd /home/runner/work/ozone/ozone/hadoop-ozone/integration-test && /usr/lib/jvm/temurin-8-jdk-amd64/jre/bin/java -Xmx4096m -XX:+HeapDumpOnOutOfMemoryError -Dnative.lib.tmp.dir=/tmp '-javaagent:/home/runner/.m2/repository/org/jacoco/org.jacoco.agent/0.8.5/org.jacoco.agent-0.8.5-runtime.jar=destfile=/home/runner/work/ozone/ozone/hadoop-ozone/integration-test/target/jacoco.exec,includes=org.apache.hadoop.hdds.*:org.apache.hadoop.ozone.*:org.apache.hadoop.fs.ozone.*' -jar /home/runner/work/ozone/ozone/hadoop-ozone/integration-test/target/surefire/surefirebooter1368161728738780928.jar /home/runner/work/ozone/ozone/hadoop-ozone/integration-test/target/surefire 2023-06-13T16-50-24_713-jvmRun1 surefire8728987418951605392tmp surefire_283720327955198125411tmp
[ERROR] Error occurred in starting fork, check output in log
[ERROR] Process Exit Code: 134
[ERROR] Crashed tests:
[ERROR] org.apache.hadoop.ozone.om.snapshot.TestOzoneSnapshotRestore
[ERROR] ExecutionException The forked VM terminated without properly saying goodbye. VM crash or System.exit called?
[ERROR] Command was /bin/sh -c cd /home/runner/work/ozone/ozone/hadoop-ozone/integration-test && /usr/lib/jvm/temurin-8-jdk-amd64/jre/bin/java -Xmx4096m -XX:+HeapDumpOnOutOfMemoryError -Dnative.lib.tmp.dir=/tmp '-javaagent:/home/runner/.m2/repository/org/jacoco/org.jacoco.agent/0.8.5/org.jacoco.agent-0.8.5-runtime.jar=destfile=/home/runner/work/ozone/ozone/hadoop-ozone/integration-test/target/jacoco.exec,includes=org.apache.hadoop.hdds.*:org.apache.hadoop.ozone.*:org.apache.hadoop.fs.ozone.*' -jar /home/runner/work/ozone/ozone/hadoop-ozone/integration-test/target/surefire/surefirebooter8718632669109084010.jar /home/runner/work/ozone/ozone/hadoop-ozone/integration-test/target/surefire 2023-06-13T16-50-24_713-jvmRun1 surefire476912942154431219tmp surefire_29276957952112754382tmp
[ERROR] Error occurred in starting fork, check output in log
[ERROR] Process Exit Code: 134
[ERROR] Crashed tests:
[ERROR] org.apache.hadoop.ozone.om.snapshot.TestOzoneManagerSnapshotProvider
[ERROR] ExecutionException The forked VM terminated without properly saying goodbye. VM crash or System.exit called?
[ERROR] Command was /bin/sh -c cd /home/runner/work/ozone/ozone/hadoop-ozone/integration-test && /usr/lib/jvm/temurin-8-jdk-amd64/jre/bin/java -Xmx4096m -XX:+HeapDumpOnOutOfMemoryError -Dnative.lib.tmp.dir=/tmp '-javaagent:/home/runner/.m2/repository/org/jacoco/org.jacoco.agent/0.8.5/org.jacoco.agent-0.8.5-runtime.jar=destfile=/home/runner/work/ozone/ozone/hadoop-ozone/integration-test/target/jacoco.exec,includes=org.apache.hadoop.hdds.*:org.apache.hadoop.ozone.*:org.apache.hadoop.fs.ozone.*' -jar /home/runner/work/ozone/ozone/hadoop-ozone/integration-test/target/surefire/surefirebooter563033665211538957.jar /home/runner/work/ozone/ozone/hadoop-ozone/integration-test/target/surefire 2023-06-13T16-50-24_713-jvmRun1 surefire3161218367884147346tmp surefire_30816293607042549311tmp
[ERROR] Error occurred in starting fork, check output in log
[ERROR] Process Exit Code: 134
[ERROR] Crashed tests:
[ERROR] TestOMUpgradeFinalization
[ERROR] ExecutionException The forked VM terminated without properly saying goodbye. VM crash or System.exit called?
[ERROR] Command was /bin/sh -c cd /home/runner/work/ozone/ozone/hadoop-ozone/integration-test && /usr/lib/jvm/temurin-8-jdk-amd64/jre/bin/java -Xmx4096m -XX:+HeapDumpOnOutOfMemoryError -Dnative.lib.tmp.dir=/tmp '-javaagent:/home/runner/.m2/repository/org/jacoco/org.jacoco.agent/0.8.5/org.jacoco.agent-0.8.5-runtime.jar=destfile=/home/runner/work/ozone/ozone/hadoop-ozone/integration-test/target/jacoco.exec,includes=org.apache.hadoop.hdds.*:org.apache.hadoop.ozone.*:org.apache.hadoop.fs.ozone.*' -jar /home/runner/work/ozone/ozone/hadoop-ozone/integration-test/target/surefire/surefirebooter7282161644111217397.jar /home/runner/work/ozone/ozone/hadoop-ozone/integration-test/target/surefire 2023-06-13T16-50-24_713-jvmRun1 surefire5453930073948899955tmp surefire_316348694549583678165tmp
[ERROR] Error occurred in starting fork, check output in log
[ERROR] Process Exit Code: 134
[ERROR] Crashed tests:
[ERROR] TestOmSnapshot
[ERROR] ExecutionException The forked VM terminated without properly saying goodbye. VM crash or System.exit called?
[ERROR] Command was /bin/sh -c cd /home/runner/work/ozone/ozone/hadoop-ozone/integration-test && /usr/lib/jvm/temurin-8-jdk-amd64/jre/bin/java -Xmx4096m -XX:+HeapDumpOnOutOfMemoryError -Dnative.lib.tmp.dir=/tmp '-javaagent:/home/runner/.m2/repository/org/jacoco/org.jacoco.agent/0.8.5/org.jacoco.agent-0.8.5-runtime.jar=destfile=/home/runner/work/ozone/ozone/hadoop-ozone/integration-test/target/jacoco.exec,includes=org.apache.hadoop.hdds.*:org.apache.hadoop.ozone.*:org.apache.hadoop.fs.ozone.*' -jar /home/runner/work/ozone/ozone/hadoop-ozone/integration-test/target/surefire/surefirebooter9062022881156679852.jar /home/runner/work/ozone/ozone/hadoop-ozone/integration-test/target/surefire 2023-06-13T16-50-24_713-jvmRun1 surefire9215461864387322099tmp surefire_328328513500202404186tmp
[ERROR] Error occurred in starting fork, check output in log
[ERROR] Process Exit Code: 134
[ERROR] Crashed tests:
[ERROR] org.apache.hadoop.ozone.om.TestAddRemoveOzoneManager
[ERROR] ExecutionException The forked VM terminated without properly saying goodbye. VM crash or System.exit called?
[ERROR] Command was /bin/sh -c cd /home/runner/work/ozone/ozone/hadoop-ozone/integration-test && /usr/lib/jvm/temurin-8-jdk-amd64/jre/bin/java -Xmx4096m -XX:+HeapDumpOnOutOfMemoryError -Dnative.lib.tmp.dir=/tmp '-javaagent:/home/runner/.m2/repository/org/jacoco/org.jacoco.agent/0.8.5/org.jacoco.agent-0.8.5-runtime.jar=destfile=/home/runner/work/ozone/ozone/hadoop-ozone/integration-test/target/jacoco.exec,includes=org.apache.hadoop.hdds.*:org.apache.hadoop.ozone.*:org.apache.hadoop.fs.ozone.*' -jar /home/runner/work/ozone/ozone/hadoop-ozone/integration-test/target/surefire/surefirebooter7351525547436452953.jar /home/runner/work/ozone/ozone/hadoop-ozone/integration-test/target/surefire 2023-06-13T16-50-24_713-jvmRun1 surefire5948530069736966234tmp surefire_332841411289743491209tmp
[ERROR] Error occurred in starting fork, check output in log
[ERROR] Process Exit Code: 134
[ERROR] ExecutionException The forked VM terminated without properly saying goodbye. VM crash or System.exit called?
[ERROR] Command was /bin/sh -c cd /home/runner/work/ozone/ozone/hadoop-ozone/integration-test && /usr/lib/jvm/temurin-8-jdk-amd64/jre/bin/java -Xmx4096m -XX:+HeapDumpOnOutOfMemoryError -Dnative.lib.tmp.dir=/tmp '-javaagent:/home/runner/.m2/repository/org/jacoco/org.jacoco.agent/0.8.5/org.jacoco.agent-0.8.5-runtime.jar=destfile=/home/runner/work/ozone/ozone/hadoop-ozone/integration-test/target/jacoco.exec,includes=org.apache.hadoop.hdds.*:org.apache.hadoop.ozone.*:org.apache.hadoop.fs.ozone.*' -jar /home/runner/work/ozone/ozone/hadoop-ozone/integration-test/target/surefire/surefirebooter5808847329798782686.jar /home/runner/work/ozone/ozone/hadoop-ozone/integration-test/target/surefire 2023-06-13T16-50-24_713-jvmRun1 surefire4237376522924198734tmp surefire_351337667099532037997tmp
[ERROR] Error occurred in starting fork, check output in log
[ERROR] Process Exit Code: 134
[ERROR] ExecutionException The forked VM terminated without properly saying goodbye. VM crash or System.exit called?
[ERROR] Command was /bin/sh -c cd /home/runner/work/ozone/ozone/hadoop-ozone/integration-test && /usr/lib/jvm/temurin-8-jdk-amd64/jre/bin/java -Xmx4096m -XX:+HeapDumpOnOutOfMemoryError -Dnative.lib.tmp.dir=/tmp '-javaagent:/home/runner/.m2/repository/org/jacoco/org.jacoco.agent/0.8.5/org.jacoco.agent-0.8.5-runtime.jar=destfile=/home/runner/work/ozone/ozone/hadoop-ozone/integration-test/target/jacoco.exec,includes=org.apache.hadoop.hdds.*:org.apache.hadoop.ozone.*:org.apache.hadoop.fs.ozone.*' -jar /home/runner/work/ozone/ozone/hadoop-ozone/integration-test/target/surefire/surefirebooter4700176346251244206.jar /home/runner/work/ozone/ozone/hadoop-ozone/integration-test/target/surefire 2023-06-13T16-50-24_713-jvmRun1 surefire3750778500889821808tmp surefire_363651642060086143652tmp
[ERROR] Error occurred in starting fork, check output in log
[ERROR] Process Exit Code: 134
[ERROR] ExecutionException The forked VM terminated without properly saying goodbye. VM crash or System.exit called?
[ERROR] Command was /bin/sh -c cd /home/runner/work/ozone/ozone/hadoop-ozone/integration-test && /usr/lib/jvm/temurin-8-jdk-amd64/jre/bin/java -Xmx4096m -XX:+HeapDumpOnOutOfMemoryError -Dnative.lib.tmp.dir=/tmp '-javaagent:/home/runner/.m2/repository/org/jacoco/org.jacoco.agent/0.8.5/org.jacoco.agent-0.8.5-runtime.jar=destfile=/home/runner/work/ozone/ozone/hadoop-ozone/integration-test/target/jacoco.exec,includes=org.apache.hadoop.hdds.*:org.apache.hadoop.ozone.*:org.apache.hadoop.fs.ozone.*' -jar /home/runner/work/ozone/ozone/hadoop-ozone/integration-test/target/surefire/surefirebooter7836854620910325278.jar /home/runner/work/ozone/ozone/hadoop-ozone/integration-test/target/surefire 2023-06-13T16-50-24_713-jvmRun1 surefire2474568673308368930tmp surefire_379016861962502723283tmp
[ERROR] Error occurred in starting fork, check output in log
[ERROR] Process Exit Code: 134
[ERROR] Crashed tests:
[ERROR] org.apache.hadoop.ozone.om.TestOMRatisSnapshots
[ERROR] ExecutionException The forked VM terminated without properly saying goodbye. VM crash or System.exit called?
[ERROR] Command was /bin/sh -c cd /home/runner/work/ozone/ozone/hadoop-ozone/integration-test && /usr/lib/jvm/temurin-8-jdk-amd64/jre/bin/java -Xmx4096m -XX:+HeapDumpOnOutOfMemoryError -Dnative.lib.tmp.dir=/tmp '-javaagent:/home/runner/.m2/repository/org/jacoco/org.jacoco.agent/0.8.5/org.jacoco.agent-0.8.5-runtime.jar=destfile=/home/runner/work/ozone/ozone/hadoop-ozone/integration-test/target/jacoco.exec,includes=org.apache.hadoop.hdds.*:org.apache.hadoop.ozone.*:org.apache.hadoop.fs.ozone.*' -jar /home/runner/work/ozone/ozone/hadoop-ozone/integration-test/target/surefire/surefirebooter8268644245116631091.jar /home/runner/work/ozone/ozone/hadoop-ozone/integration-test/target/surefire 2023-06-13T16-50-24_713-jvmRun1 surefire6157900447222695156tmp surefire_385084050289057606522tmp
[ERROR] Error occurred in starting fork, check output in log
[ERROR] Process Exit Code: 134
[ERROR] ExecutionException The forked VM terminated without properly saying goodbye. VM crash or System.exit called?
[ERROR] Command was /bin/sh -c cd /home/runner/work/ozone/ozone/hadoop-ozone/integration-test && /usr/lib/jvm/temurin-8-jdk-amd64/jre/bin/java -Xmx4096m -XX:+HeapDumpOnOutOfMemoryError -Dnative.lib.tmp.dir=/tmp '-javaagent:/home/runner/.m2/repository/org/jacoco/org.jacoco.agent/0.8.5/org.jacoco.agent-0.8.5-runtime.jar=destfile=/home/runner/work/ozone/ozone/hadoop-ozone/integration-test/target/jacoco.exec,includes=org.apache.hadoop.hdds.*:org.apache.hadoop.ozone.*:org.apache.hadoop.fs.ozone.*' -jar /home/runner/work/ozone/ozone/hadoop-ozone/integration-test/target/surefire/surefirebooter7855675490915939371.jar /home/runner/work/ozone/ozone/hadoop-ozone/integration-test/target/surefire 2023-06-13T16-50-24_713-jvmRun1 surefire3506718496660961835tmp surefire_39297478072073941432tmp
[ERROR] Error occurred in starting fork, check output in log
[ERROR] Process Exit Code: 134
[ERROR] ExecutionException The forked VM terminated without properly saying goodbye. VM crash or System.exit called?
[ERROR] Command was /bin/sh -c cd /home/runner/work/ozone/ozone/hadoop-ozone/integration-test && /usr/lib/jvm/temurin-8-jdk-amd64/jre/bin/java -Xmx4096m -XX:+HeapDumpOnOutOfMemoryError -Dnative.lib.tmp.dir=/tmp '-javaagent:/home/runner/.m2/repository/org/jacoco/org.jacoco.agent/0.8.5/org.jacoco.agent-0.8.5-runtime.jar=destfile=/home/runner/work/ozone/ozone/hadoop-ozone/integration-test/target/jacoco.exec,includes=org.apache.hadoop.hdds.*:org.apache.hadoop.ozone.*:org.apache.hadoop.fs.ozone.*' -jar /home/runner/work/ozone/ozone/hadoop-ozone/integration-test/target/surefire/surefirebooter3927677048786404858.jar /home/runner/work/ozone/ozone/hadoop-ozone/integration-test/target/surefire 2023-06-13T16-50-24_713-jvmRun1 surefire385147488089289636tmp surefire_40189709638933724158tmp
[ERROR] Error occurred in starting fork, check output in log
[ERROR] Process Exit Code: 134
[ERROR] ExecutionException The forked VM terminated without properly saying goodbye. VM crash or System.exit called?
[ERROR] Command was /bin/sh -c cd /home/runner/work/ozone/ozone/hadoop-ozone/integration-test && /usr/lib/jvm/temurin-8-jdk-amd64/jre/bin/java -Xmx4096m -XX:+HeapDumpOnOutOfMemoryError -Dnative.lib.tmp.dir=/tmp '-javaagent:/home/runner/.m2/repository/org/jacoco/org.jacoco.agent/0.8.5/org.jacoco.agent-0.8.5-runtime.jar=destfile=/home/runner/work/ozone/ozone/hadoop-ozone/integration-test/target/jacoco.exec,includes=org.apache.hadoop.hdds.*:org.apache.hadoop.ozone.*:org.apache.hadoop.fs.ozone.*' -jar /home/runner/work/ozone/ozone/hadoop-ozone/integration-test/target/surefire/surefirebooter8839207844368889050.jar /home/runner/work/ozone/ozone/hadoop-ozone/integration-test/target/surefire 2023-06-13T16-50-24_713-jvmRun1 surefire8300355121736176957tmp surefire_413073408250956371090tmp
[ERROR] Error occurred in starting fork, check output in log
[ERROR] Process Exit Code: 134
[ERROR] Crashed tests:
[ERROR] org.apache.hadoop.ozone.om.TestOMDbCheckpointServlet
[ERROR] ExecutionException The forked VM terminated without properly saying goodbye. VM crash or System.exit called?
[ERROR] Command was /bin/sh -c cd /home/runner/work/ozone/ozone/hadoop-ozone/integration-test && /usr/lib/jvm/temurin-8-jdk-amd64/jre/bin/java -Xmx4096m -XX:+HeapDumpOnOutOfMemoryError -Dnative.lib.tmp.dir=/tmp '-javaagent:/home/runner/.m2/repository/org/jacoco/org.jacoco.agent/0.8.5/org.jacoco.agent-0.8.5-runtime.jar=destfile=/home/runner/work/ozone/ozone/hadoop-ozone/integration-test/target/jacoco.exec,includes=org.apache.hadoop.hdds.*:org.apache.hadoop.ozone.*:org.apache.hadoop.fs.ozone.*' -jar /home/runner/work/ozone/ozone/hadoop-ozone/integration-test/target/surefire/surefirebooter7354704763019572924.jar /home/runner/work/ozone/ozone/hadoop-ozone/integration-test/target/surefire 2023-06-13T16-50-24_713-jvmRun1 surefire7237073256276207809tmp surefire_423435661893261494657tmp
[ERROR] Error occurred in starting fork, check output in log
[ERROR] Process Exit Code: 134
[ERROR] ExecutionException The forked VM terminated without properly saying goodbye. VM crash or System.exit called?
[ERROR] Command was /bin/sh -c cd /home/runner/work/ozone/ozone/hadoop-ozone/integration-test && /usr/lib/jvm/temurin-8-jdk-amd64/jre/bin/java -Xmx4096m -XX:+HeapDumpOnOutOfMemoryError -Dnative.lib.tmp.dir=/tmp '-javaagent:/home/runner/.m2/repository/org/jacoco/org.jacoco.agent/0.8.5/org.jacoco.agent-0.8.5-runtime.jar=destfile=/home/runner/work/ozone/ozone/hadoop-ozone/integration-test/target/jacoco.exec,includes=org.apache.hadoop.hdds.*:org.apache.hadoop.ozone.*:org.apache.hadoop.fs.ozone.*' -jar /home/runner/work/ozone/ozone/hadoop-ozone/integration-test/target/surefire/surefirebooter3143301310336449096.jar /home/runner/work/ozone/ozone/hadoop-ozone/integration-test/target/surefire 2023-06-13T16-50-24_713-jvmRun1 surefire1657719795846026688tmp surefire_453890402101684345488tmp
[ERROR] Error occurred in starting fork, check output in log
[ERROR] Process Exit Code: 134
[ERROR] ExecutionException The forked VM terminated without properly saying goodbye. VM crash or System.exit called?
[ERROR] Command was /bin/sh -c cd /home/runner/work/ozone/ozone/hadoop-ozone/integration-test && /usr/lib/jvm/temurin-8-jdk-amd64/jre/bin/java -Xmx4096m -XX:+HeapDumpOnOutOfMemoryError -Dnative.lib.tmp.dir=/tmp '-javaagent:/home/runner/.m2/repository/org/jacoco/org.jacoco.agent/0.8.5/org.jacoco.agent-0.8.5-runtime.jar=destfile=/home/runner/work/ozone/ozone/hadoop-ozone/integration-test/target/jacoco.exec,includes=org.apache.hadoop.hdds.*:org.apache.hadoop.ozone.*:org.apache.hadoop.fs.ozone.*' -jar /home/runner/work/ozone/ozone/hadoop-ozone/integration-test/target/surefire/surefirebooter8737323777592566322.jar /home/runner/work/ozone/ozone/hadoop-ozone/integration-test/target/surefire 2023-06-13T16-50-24_713-jvmRun1 surefire1393528436033891574tmp surefire_461551840492708255716tmp
[ERROR] Error occurred in starting fork, check output in log
[ERROR] Process Exit Code: 134
[ERROR] 	at org.apache.maven.plugin.surefire.booterclient.ForkStarter.awaitResultsDone(ForkStarter.java:532)
[ERROR] 	at org.apache.maven.plugin.surefire.booterclient.ForkStarter.runSuitesForkPerTestSet(ForkStarter.java:479)
[ERROR] 	at org.apache.maven.plugin.surefire.booterclient.ForkStarter.run(ForkStarter.java:322)
[ERROR] 	at org.apache.maven.plugin.surefire.booterclient.ForkStarter.run(ForkStarter.java:266)
[ERROR] 	at org.apache.maven.plugin.surefire.AbstractSurefireMojo.executeProvider(AbstractSurefireMojo.java:1314)
[ERROR] 	at org.apache.maven.plugin.surefire.AbstractSurefireMojo.executeAfterPreconditionsChecked(AbstractSurefireMojo.java:1159)
[ERROR] 	at org.apache.maven.plugin.surefire.AbstractSurefireMojo.execute(AbstractSurefireMojo.java:932)
[ERROR] 	at org.apache.maven.plugin.DefaultBuildPluginManager.executeMojo(DefaultBuildPluginManager.java:137)
[ERROR] 	at org.apache.maven.lifecycle.internal.MojoExecutor.doExecute2(MojoExecutor.java:370)
[ERROR] 	at org.apache.maven.lifecycle.internal.MojoExecutor.doExecute(MojoExecutor.java:351)
[ERROR] 	at org.apache.maven.lifecycle.internal.MojoExecutor.execute(MojoExecutor.java:215)
[ERROR] 	at org.apache.maven.lifecycle.internal.MojoExecutor.execute(MojoExecutor.java:171)
[ERROR] 	at org.apache.maven.lifecycle.internal.MojoExecutor.execute(MojoExecutor.java:163)
[ERROR] 	at org.apache.maven.lifecycle.internal.LifecycleModuleBuilder.buildProject(LifecycleModuleBuilder.java:117)
[ERROR] 	at org.apache.maven.lifecycle.internal.LifecycleModuleBuilder.buildProject(LifecycleModuleBuilder.java:81)
[ERROR] 	at org.apache.maven.lifecycle.internal.builder.singlethreaded.SingleThreadedBuilder.build(SingleThreadedBuilder.java:56)
[ERROR] 	at org.apache.maven.lifecycle.internal.LifecycleStarter.execute(LifecycleStarter.java:128)
[ERROR] 	at org.apache.maven.DefaultMaven.doExecute(DefaultMaven.java:299)
[ERROR] 	at org.apache.maven.DefaultMaven.doExecute(DefaultMaven.java:193)
[ERROR] 	at org.apache.maven.DefaultMaven.execute(DefaultMaven.java:106)
[ERROR] 	at org.apache.maven.cli.MavenCli.execute(MavenCli.java:963)
[ERROR] 	at org.apache.maven.cli.MavenCli.doMain(MavenCli.java:296)
[ERROR] 	at org.apache.maven.cli.MavenCli.main(MavenCli.java:199)
[ERROR] 	at sun.reflect.NativeMethodAccessorImpl.invoke0(Native Method)
[ERROR] 	at sun.reflect.NativeMethodAccessorImpl.invoke(NativeMethodAccessorImpl.java:62)
[ERROR] 	at sun.reflect.DelegatingMethodAccessorImpl.invoke(DelegatingMethodAccessorImpl.java:43)
[ERROR] 	at java.lang.reflect.Method.invoke(Method.java:498)
[ERROR] 	at org.codehaus.plexus.classworlds.launcher.Launcher.launchEnhanced(Launcher.java:282)
[ERROR] 	at org.codehaus.plexus.classworlds.launcher.Launcher.launch(Launcher.java:225)
[ERROR] 	at org.codehaus.plexus.classworlds.launcher.Launcher.mainWithExitCode(Launcher.java:406)
[ERROR] 	at org.codehaus.plexus.classworlds.launcher.Launcher.main(Launcher.java:347)
[ERROR] Caused by: org.apache.maven.surefire.booter.SurefireBooterForkException: The forked VM terminated without properly saying goodbye. VM crash or System.exit called?
[ERROR] Command was /bin/sh -c cd /home/runner/work/ozone/ozone/hadoop-ozone/integration-test && /usr/lib/jvm/temurin-8-jdk-amd64/jre/bin/java -Xmx4096m -XX:+HeapDumpOnOutOfMemoryError -Dnative.lib.tmp.dir=/tmp '-javaagent:/home/runner/.m2/repository/org/jacoco/org.jacoco.agent/0.8.5/org.jacoco.agent-0.8.5-runtime.jar=destfile=/home/runner/work/ozone/ozone/hadoop-ozone/integration-test/target/jacoco.exec,includes=org.apache.hadoop.hdds.*:org.apache.hadoop.ozone.*:org.apache.hadoop.fs.ozone.*' -jar /home/runner/work/ozone/ozone/hadoop-ozone/integration-test/target/surefire/surefirebooter8737323777592566322.jar /home/runner/work/ozone/ozone/hadoop-ozone/integration-test/target/surefire 2023-06-13T16-50-24_713-jvmRun1 surefire1393528436033891574tmp surefire_461551840492708255716tmp
[ERROR] Error occurred in starting fork, check output in log
[ERROR] Process Exit Code: 134
[ERROR] 	at org.apache.maven.plugin.surefire.booterclient.ForkStarter.fork(ForkStarter.java:748)
[ERROR] 	at org.apache.maven.plugin.surefire.booterclient.ForkStarter.access$700(ForkStarter.java:121)
[ERROR] 	at org.apache.maven.plugin.surefire.booterclient.ForkStarter$2.call(ForkStarter.java:465)
[ERROR] 	at org.apache.maven.plugin.surefire.booterclient.ForkStarter$2.call(ForkStarter.java:442)
[ERROR] 	at java.util.concurrent.FutureTask.run(FutureTask.java:266)
[ERROR] 	at java.util.concurrent.ThreadPoolExecutor.runWorker(ThreadPoolExecutor.java:1149)
[ERROR] 	at java.util.concurrent.ThreadPoolExecutor$Worker.run(ThreadPoolExecutor.java:624)
[ERROR] 	at java.lang.Thread.run(Thread.java:750)
[ERROR] -> [Help 1]
[ERROR] 
[ERROR] To see the full stack trace of the errors, re-run Maven with the -e switch.
[ERROR] Re-run Maven using the -X switch to enable full debug logging.
[ERROR] 
[ERROR] For more information about the errors and possible solutions, please read the following articles:
[ERROR] [Help 1] http://cwiki.apache.org/confluence/display/MAVEN/MojoExecutionException
